[2024-04-25T05:58:01.858+0000] {processor.py:161} INFO - Started process (PID=69) to work on /opt/airflow/dags/traffic_static.py
[2024-04-25T05:58:01.867+0000] {processor.py:830} INFO - Processing file /opt/airflow/dags/traffic_static.py for tasks to queue
[2024-04-25T05:58:01.876+0000] {logging_mixin.py:188} INFO - [2024-04-25T05:58:01.874+0000] {dagbag.py:538} INFO - Filling up the DagBag from /opt/airflow/dags/traffic_static.py
[2024-04-25T05:58:31.337+0000] {logging_mixin.py:188} INFO - [2024-04-25T05:58:31.317+0000] {dagbag.py:348} ERROR - Failed to import: /opt/airflow/dags/traffic_static.py
Traceback (most recent call last):
  File "/home/airflow/.local/lib/python3.8/site-packages/airflow/models/dagbag.py", line 344, in parse
    loader.exec_module(new_module)
  File "<frozen importlib._bootstrap_external>", line 843, in exec_module
  File "<frozen importlib._bootstrap>", line 219, in _call_with_frames_removed
  File "/opt/airflow/dags/traffic_static.py", line 6, in <module>
    from sklearn.neighbors import NearestNeighbors
ModuleNotFoundError: No module named 'sklearn'
[2024-04-25T05:58:31.360+0000] {processor.py:842} WARNING - No viable dags retrieved from /opt/airflow/dags/traffic_static.py
[2024-04-25T05:58:31.840+0000] {processor.py:183} INFO - Processing /opt/airflow/dags/traffic_static.py took 29.966 seconds
[2024-04-25T05:59:24.325+0000] {processor.py:161} INFO - Started process (PID=133) to work on /opt/airflow/dags/traffic_static.py
[2024-04-25T05:59:24.333+0000] {processor.py:830} INFO - Processing file /opt/airflow/dags/traffic_static.py for tasks to queue
[2024-04-25T05:59:24.343+0000] {logging_mixin.py:188} INFO - [2024-04-25T05:59:24.341+0000] {dagbag.py:538} INFO - Filling up the DagBag from /opt/airflow/dags/traffic_static.py
[2024-04-25T05:59:27.001+0000] {logging_mixin.py:188} INFO - [2024-04-25T05:59:26.991+0000] {dagbag.py:348} ERROR - Failed to import: /opt/airflow/dags/traffic_static.py
Traceback (most recent call last):
  File "/home/airflow/.local/lib/python3.8/site-packages/airflow/models/dagbag.py", line 344, in parse
    loader.exec_module(new_module)
  File "<frozen importlib._bootstrap_external>", line 843, in exec_module
  File "<frozen importlib._bootstrap>", line 219, in _call_with_frames_removed
  File "/opt/airflow/dags/traffic_static.py", line 6, in <module>
    from sklearn.neighbors import NearestNeighbors
ModuleNotFoundError: No module named 'sklearn'
[2024-04-25T05:59:27.003+0000] {processor.py:842} WARNING - No viable dags retrieved from /opt/airflow/dags/traffic_static.py
[2024-04-25T05:59:27.069+0000] {processor.py:183} INFO - Processing /opt/airflow/dags/traffic_static.py took 2.761 seconds
[2024-04-25T06:00:12.830+0000] {processor.py:161} INFO - Started process (PID=186) to work on /opt/airflow/dags/traffic_static.py
[2024-04-25T06:00:12.862+0000] {processor.py:830} INFO - Processing file /opt/airflow/dags/traffic_static.py for tasks to queue
[2024-04-25T06:00:12.933+0000] {logging_mixin.py:188} INFO - [2024-04-25T06:00:12.930+0000] {dagbag.py:538} INFO - Filling up the DagBag from /opt/airflow/dags/traffic_static.py
[2024-04-25T06:00:21.328+0000] {logging_mixin.py:188} INFO - [2024-04-25T06:00:21.315+0000] {dagbag.py:348} ERROR - Failed to import: /opt/airflow/dags/traffic_static.py
Traceback (most recent call last):
  File "/home/airflow/.local/lib/python3.8/site-packages/airflow/models/dagbag.py", line 344, in parse
    loader.exec_module(new_module)
  File "<frozen importlib._bootstrap_external>", line 843, in exec_module
  File "<frozen importlib._bootstrap>", line 219, in _call_with_frames_removed
  File "/opt/airflow/dags/traffic_static.py", line 6, in <module>
    from sklearn.neighbors import NearestNeighbors
ModuleNotFoundError: No module named 'sklearn'
[2024-04-25T06:00:21.336+0000] {processor.py:842} WARNING - No viable dags retrieved from /opt/airflow/dags/traffic_static.py
[2024-04-25T06:00:21.521+0000] {processor.py:183} INFO - Processing /opt/airflow/dags/traffic_static.py took 9.056 seconds
[2024-04-25T06:00:52.251+0000] {processor.py:161} INFO - Started process (PID=245) to work on /opt/airflow/dags/traffic_static.py
[2024-04-25T06:00:52.278+0000] {processor.py:830} INFO - Processing file /opt/airflow/dags/traffic_static.py for tasks to queue
[2024-04-25T06:00:52.296+0000] {logging_mixin.py:188} INFO - [2024-04-25T06:00:52.295+0000] {dagbag.py:538} INFO - Filling up the DagBag from /opt/airflow/dags/traffic_static.py
[2024-04-25T06:01:01.582+0000] {logging_mixin.py:188} INFO - [2024-04-25T06:01:01.561+0000] {dagbag.py:348} ERROR - Failed to import: /opt/airflow/dags/traffic_static.py
Traceback (most recent call last):
  File "/home/airflow/.local/lib/python3.8/site-packages/airflow/models/dagbag.py", line 344, in parse
    loader.exec_module(new_module)
  File "<frozen importlib._bootstrap_external>", line 843, in exec_module
  File "<frozen importlib._bootstrap>", line 219, in _call_with_frames_removed
  File "/opt/airflow/dags/traffic_static.py", line 6, in <module>
    from sklearn.neighbors import NearestNeighbors
ModuleNotFoundError: No module named 'sklearn'
[2024-04-25T06:01:01.593+0000] {processor.py:842} WARNING - No viable dags retrieved from /opt/airflow/dags/traffic_static.py
[2024-04-25T06:01:01.860+0000] {processor.py:183} INFO - Processing /opt/airflow/dags/traffic_static.py took 9.632 seconds
[2024-04-25T06:01:32.407+0000] {processor.py:161} INFO - Started process (PID=304) to work on /opt/airflow/dags/traffic_static.py
[2024-04-25T06:01:32.420+0000] {processor.py:830} INFO - Processing file /opt/airflow/dags/traffic_static.py for tasks to queue
[2024-04-25T06:01:32.434+0000] {logging_mixin.py:188} INFO - [2024-04-25T06:01:32.433+0000] {dagbag.py:538} INFO - Filling up the DagBag from /opt/airflow/dags/traffic_static.py
[2024-04-25T06:01:46.243+0000] {logging_mixin.py:188} INFO - [2024-04-25T06:01:46.180+0000] {dagbag.py:348} ERROR - Failed to import: /opt/airflow/dags/traffic_static.py
Traceback (most recent call last):
  File "/home/airflow/.local/lib/python3.8/site-packages/airflow/models/dagbag.py", line 344, in parse
    loader.exec_module(new_module)
  File "<frozen importlib._bootstrap_external>", line 843, in exec_module
  File "<frozen importlib._bootstrap>", line 219, in _call_with_frames_removed
  File "/opt/airflow/dags/traffic_static.py", line 6, in <module>
    from sklearn.neighbors import NearestNeighbors
ModuleNotFoundError: No module named 'sklearn'
[2024-04-25T06:01:46.290+0000] {processor.py:842} WARNING - No viable dags retrieved from /opt/airflow/dags/traffic_static.py
[2024-04-25T06:01:46.412+0000] {processor.py:183} INFO - Processing /opt/airflow/dags/traffic_static.py took 14.035 seconds
[2024-04-25T06:02:17.349+0000] {processor.py:161} INFO - Started process (PID=370) to work on /opt/airflow/dags/traffic_static.py
[2024-04-25T06:02:17.356+0000] {processor.py:830} INFO - Processing file /opt/airflow/dags/traffic_static.py for tasks to queue
[2024-04-25T06:02:17.370+0000] {logging_mixin.py:188} INFO - [2024-04-25T06:02:17.368+0000] {dagbag.py:538} INFO - Filling up the DagBag from /opt/airflow/dags/traffic_static.py
[2024-04-25T06:02:19.342+0000] {logging_mixin.py:188} INFO - [2024-04-25T06:02:19.337+0000] {dagbag.py:348} ERROR - Failed to import: /opt/airflow/dags/traffic_static.py
Traceback (most recent call last):
  File "/home/airflow/.local/lib/python3.8/site-packages/airflow/models/dagbag.py", line 344, in parse
    loader.exec_module(new_module)
  File "<frozen importlib._bootstrap_external>", line 843, in exec_module
  File "<frozen importlib._bootstrap>", line 219, in _call_with_frames_removed
  File "/opt/airflow/dags/traffic_static.py", line 6, in <module>
    from sklearn.neighbors import NearestNeighbors
ModuleNotFoundError: No module named 'sklearn'
[2024-04-25T06:02:19.346+0000] {processor.py:842} WARNING - No viable dags retrieved from /opt/airflow/dags/traffic_static.py
[2024-04-25T06:02:19.485+0000] {processor.py:183} INFO - Processing /opt/airflow/dags/traffic_static.py took 2.162 seconds
[2024-04-25T06:02:50.345+0000] {processor.py:161} INFO - Started process (PID=429) to work on /opt/airflow/dags/traffic_static.py
[2024-04-25T06:02:50.354+0000] {processor.py:830} INFO - Processing file /opt/airflow/dags/traffic_static.py for tasks to queue
[2024-04-25T06:02:50.396+0000] {logging_mixin.py:188} INFO - [2024-04-25T06:02:50.394+0000] {dagbag.py:538} INFO - Filling up the DagBag from /opt/airflow/dags/traffic_static.py
[2024-04-25T06:02:54.903+0000] {logging_mixin.py:188} INFO - [2024-04-25T06:02:54.896+0000] {dagbag.py:348} ERROR - Failed to import: /opt/airflow/dags/traffic_static.py
Traceback (most recent call last):
  File "/home/airflow/.local/lib/python3.8/site-packages/airflow/models/dagbag.py", line 344, in parse
    loader.exec_module(new_module)
  File "<frozen importlib._bootstrap_external>", line 843, in exec_module
  File "<frozen importlib._bootstrap>", line 219, in _call_with_frames_removed
  File "/opt/airflow/dags/traffic_static.py", line 6, in <module>
    from sklearn.neighbors import NearestNeighbors
ModuleNotFoundError: No module named 'sklearn'
[2024-04-25T06:02:54.907+0000] {processor.py:842} WARNING - No viable dags retrieved from /opt/airflow/dags/traffic_static.py
[2024-04-25T06:02:54.993+0000] {processor.py:183} INFO - Processing /opt/airflow/dags/traffic_static.py took 4.681 seconds
[2024-04-25T06:03:25.331+0000] {processor.py:161} INFO - Started process (PID=488) to work on /opt/airflow/dags/traffic_static.py
[2024-04-25T06:03:25.336+0000] {processor.py:830} INFO - Processing file /opt/airflow/dags/traffic_static.py for tasks to queue
[2024-04-25T06:03:25.339+0000] {logging_mixin.py:188} INFO - [2024-04-25T06:03:25.339+0000] {dagbag.py:538} INFO - Filling up the DagBag from /opt/airflow/dags/traffic_static.py
[2024-04-25T06:03:26.001+0000] {logging_mixin.py:188} INFO - [2024-04-25T06:03:25.997+0000] {dagbag.py:348} ERROR - Failed to import: /opt/airflow/dags/traffic_static.py
Traceback (most recent call last):
  File "/home/airflow/.local/lib/python3.8/site-packages/airflow/models/dagbag.py", line 344, in parse
    loader.exec_module(new_module)
  File "<frozen importlib._bootstrap_external>", line 843, in exec_module
  File "<frozen importlib._bootstrap>", line 219, in _call_with_frames_removed
  File "/opt/airflow/dags/traffic_static.py", line 6, in <module>
    from sklearn.neighbors import NearestNeighbors
ModuleNotFoundError: No module named 'sklearn'
[2024-04-25T06:03:26.003+0000] {processor.py:842} WARNING - No viable dags retrieved from /opt/airflow/dags/traffic_static.py
[2024-04-25T06:03:26.050+0000] {processor.py:183} INFO - Processing /opt/airflow/dags/traffic_static.py took 0.725 seconds
[2024-04-25T06:03:56.567+0000] {processor.py:161} INFO - Started process (PID=547) to work on /opt/airflow/dags/traffic_static.py
[2024-04-25T06:03:56.571+0000] {processor.py:830} INFO - Processing file /opt/airflow/dags/traffic_static.py for tasks to queue
[2024-04-25T06:03:56.575+0000] {logging_mixin.py:188} INFO - [2024-04-25T06:03:56.574+0000] {dagbag.py:538} INFO - Filling up the DagBag from /opt/airflow/dags/traffic_static.py
[2024-04-25T06:03:57.053+0000] {logging_mixin.py:188} INFO - [2024-04-25T06:03:57.049+0000] {dagbag.py:348} ERROR - Failed to import: /opt/airflow/dags/traffic_static.py
Traceback (most recent call last):
  File "/home/airflow/.local/lib/python3.8/site-packages/airflow/models/dagbag.py", line 344, in parse
    loader.exec_module(new_module)
  File "<frozen importlib._bootstrap_external>", line 843, in exec_module
  File "<frozen importlib._bootstrap>", line 219, in _call_with_frames_removed
  File "/opt/airflow/dags/traffic_static.py", line 6, in <module>
    from sklearn.neighbors import NearestNeighbors
ModuleNotFoundError: No module named 'sklearn'
[2024-04-25T06:03:57.054+0000] {processor.py:842} WARNING - No viable dags retrieved from /opt/airflow/dags/traffic_static.py
[2024-04-25T06:03:57.096+0000] {processor.py:183} INFO - Processing /opt/airflow/dags/traffic_static.py took 0.536 seconds
[2024-04-25T06:04:27.532+0000] {processor.py:161} INFO - Started process (PID=606) to work on /opt/airflow/dags/traffic_static.py
[2024-04-25T06:04:27.534+0000] {processor.py:830} INFO - Processing file /opt/airflow/dags/traffic_static.py for tasks to queue
[2024-04-25T06:04:27.539+0000] {logging_mixin.py:188} INFO - [2024-04-25T06:04:27.538+0000] {dagbag.py:538} INFO - Filling up the DagBag from /opt/airflow/dags/traffic_static.py
[2024-04-25T06:04:27.850+0000] {logging_mixin.py:188} INFO - [2024-04-25T06:04:27.847+0000] {dagbag.py:348} ERROR - Failed to import: /opt/airflow/dags/traffic_static.py
Traceback (most recent call last):
  File "/home/airflow/.local/lib/python3.8/site-packages/airflow/models/dagbag.py", line 344, in parse
    loader.exec_module(new_module)
  File "<frozen importlib._bootstrap_external>", line 843, in exec_module
  File "<frozen importlib._bootstrap>", line 219, in _call_with_frames_removed
  File "/opt/airflow/dags/traffic_static.py", line 6, in <module>
    from sklearn.neighbors import NearestNeighbors
ModuleNotFoundError: No module named 'sklearn'
[2024-04-25T06:04:27.851+0000] {processor.py:842} WARNING - No viable dags retrieved from /opt/airflow/dags/traffic_static.py
[2024-04-25T06:04:27.881+0000] {processor.py:183} INFO - Processing /opt/airflow/dags/traffic_static.py took 0.356 seconds
[2024-04-25T06:04:58.358+0000] {processor.py:161} INFO - Started process (PID=665) to work on /opt/airflow/dags/traffic_static.py
[2024-04-25T06:04:58.361+0000] {processor.py:830} INFO - Processing file /opt/airflow/dags/traffic_static.py for tasks to queue
[2024-04-25T06:04:58.365+0000] {logging_mixin.py:188} INFO - [2024-04-25T06:04:58.364+0000] {dagbag.py:538} INFO - Filling up the DagBag from /opt/airflow/dags/traffic_static.py
[2024-04-25T06:04:58.663+0000] {logging_mixin.py:188} INFO - [2024-04-25T06:04:58.661+0000] {dagbag.py:348} ERROR - Failed to import: /opt/airflow/dags/traffic_static.py
Traceback (most recent call last):
  File "/home/airflow/.local/lib/python3.8/site-packages/airflow/models/dagbag.py", line 344, in parse
    loader.exec_module(new_module)
  File "<frozen importlib._bootstrap_external>", line 843, in exec_module
  File "<frozen importlib._bootstrap>", line 219, in _call_with_frames_removed
  File "/opt/airflow/dags/traffic_static.py", line 6, in <module>
    from sklearn.neighbors import NearestNeighbors
ModuleNotFoundError: No module named 'sklearn'
[2024-04-25T06:04:58.664+0000] {processor.py:842} WARNING - No viable dags retrieved from /opt/airflow/dags/traffic_static.py
[2024-04-25T06:04:58.688+0000] {processor.py:183} INFO - Processing /opt/airflow/dags/traffic_static.py took 0.337 seconds
[2024-04-25T06:05:28.977+0000] {processor.py:161} INFO - Started process (PID=724) to work on /opt/airflow/dags/traffic_static.py
[2024-04-25T06:05:28.982+0000] {processor.py:830} INFO - Processing file /opt/airflow/dags/traffic_static.py for tasks to queue
[2024-04-25T06:05:28.990+0000] {logging_mixin.py:188} INFO - [2024-04-25T06:05:28.989+0000] {dagbag.py:538} INFO - Filling up the DagBag from /opt/airflow/dags/traffic_static.py
[2024-04-25T06:05:31.459+0000] {logging_mixin.py:188} INFO - [2024-04-25T06:05:31.302+0000] {dagbag.py:348} ERROR - Failed to import: /opt/airflow/dags/traffic_static.py
Traceback (most recent call last):
  File "/home/airflow/.local/lib/python3.8/site-packages/airflow/models/dagbag.py", line 344, in parse
    loader.exec_module(new_module)
  File "<frozen importlib._bootstrap_external>", line 843, in exec_module
  File "<frozen importlib._bootstrap>", line 219, in _call_with_frames_removed
  File "/opt/airflow/dags/traffic_static.py", line 6, in <module>
    from sklearn.neighbors import NearestNeighbors
ModuleNotFoundError: No module named 'sklearn'
[2024-04-25T06:05:31.515+0000] {processor.py:842} WARNING - No viable dags retrieved from /opt/airflow/dags/traffic_static.py
[2024-04-25T06:05:31.762+0000] {processor.py:183} INFO - Processing /opt/airflow/dags/traffic_static.py took 2.799 seconds
[2024-04-25T06:06:02.144+0000] {processor.py:161} INFO - Started process (PID=783) to work on /opt/airflow/dags/traffic_static.py
[2024-04-25T06:06:02.147+0000] {processor.py:830} INFO - Processing file /opt/airflow/dags/traffic_static.py for tasks to queue
[2024-04-25T06:06:02.152+0000] {logging_mixin.py:188} INFO - [2024-04-25T06:06:02.151+0000] {dagbag.py:538} INFO - Filling up the DagBag from /opt/airflow/dags/traffic_static.py
[2024-04-25T06:06:02.625+0000] {logging_mixin.py:188} INFO - [2024-04-25T06:06:02.617+0000] {dagbag.py:348} ERROR - Failed to import: /opt/airflow/dags/traffic_static.py
Traceback (most recent call last):
  File "/home/airflow/.local/lib/python3.8/site-packages/airflow/models/dagbag.py", line 344, in parse
    loader.exec_module(new_module)
  File "<frozen importlib._bootstrap_external>", line 843, in exec_module
  File "<frozen importlib._bootstrap>", line 219, in _call_with_frames_removed
  File "/opt/airflow/dags/traffic_static.py", line 6, in <module>
    from sklearn.neighbors import NearestNeighbors
ModuleNotFoundError: No module named 'sklearn'
[2024-04-25T06:06:02.628+0000] {processor.py:842} WARNING - No viable dags retrieved from /opt/airflow/dags/traffic_static.py
[2024-04-25T06:06:02.696+0000] {processor.py:183} INFO - Processing /opt/airflow/dags/traffic_static.py took 0.559 seconds
[2024-04-25T06:06:32.918+0000] {processor.py:161} INFO - Started process (PID=842) to work on /opt/airflow/dags/traffic_static.py
[2024-04-25T06:06:32.920+0000] {processor.py:830} INFO - Processing file /opt/airflow/dags/traffic_static.py for tasks to queue
[2024-04-25T06:06:32.923+0000] {logging_mixin.py:188} INFO - [2024-04-25T06:06:32.923+0000] {dagbag.py:538} INFO - Filling up the DagBag from /opt/airflow/dags/traffic_static.py
[2024-04-25T06:06:33.366+0000] {logging_mixin.py:188} INFO - [2024-04-25T06:06:33.363+0000] {dagbag.py:348} ERROR - Failed to import: /opt/airflow/dags/traffic_static.py
Traceback (most recent call last):
  File "/home/airflow/.local/lib/python3.8/site-packages/airflow/models/dagbag.py", line 344, in parse
    loader.exec_module(new_module)
  File "<frozen importlib._bootstrap_external>", line 843, in exec_module
  File "<frozen importlib._bootstrap>", line 219, in _call_with_frames_removed
  File "/opt/airflow/dags/traffic_static.py", line 6, in <module>
    from sklearn.neighbors import NearestNeighbors
ModuleNotFoundError: No module named 'sklearn'
[2024-04-25T06:06:33.368+0000] {processor.py:842} WARNING - No viable dags retrieved from /opt/airflow/dags/traffic_static.py
[2024-04-25T06:06:33.408+0000] {processor.py:183} INFO - Processing /opt/airflow/dags/traffic_static.py took 0.495 seconds
[2024-04-25T06:07:03.637+0000] {processor.py:161} INFO - Started process (PID=901) to work on /opt/airflow/dags/traffic_static.py
[2024-04-25T06:07:03.639+0000] {processor.py:830} INFO - Processing file /opt/airflow/dags/traffic_static.py for tasks to queue
[2024-04-25T06:07:03.642+0000] {logging_mixin.py:188} INFO - [2024-04-25T06:07:03.641+0000] {dagbag.py:538} INFO - Filling up the DagBag from /opt/airflow/dags/traffic_static.py
[2024-04-25T06:07:04.342+0000] {logging_mixin.py:188} INFO - [2024-04-25T06:07:04.338+0000] {dagbag.py:348} ERROR - Failed to import: /opt/airflow/dags/traffic_static.py
Traceback (most recent call last):
  File "/home/airflow/.local/lib/python3.8/site-packages/airflow/models/dagbag.py", line 344, in parse
    loader.exec_module(new_module)
  File "<frozen importlib._bootstrap_external>", line 843, in exec_module
  File "<frozen importlib._bootstrap>", line 219, in _call_with_frames_removed
  File "/opt/airflow/dags/traffic_static.py", line 6, in <module>
    from sklearn.neighbors import NearestNeighbors
ModuleNotFoundError: No module named 'sklearn'
[2024-04-25T06:07:04.346+0000] {processor.py:842} WARNING - No viable dags retrieved from /opt/airflow/dags/traffic_static.py
[2024-04-25T06:07:04.394+0000] {processor.py:183} INFO - Processing /opt/airflow/dags/traffic_static.py took 0.762 seconds
[2024-04-25T06:07:34.857+0000] {processor.py:161} INFO - Started process (PID=960) to work on /opt/airflow/dags/traffic_static.py
[2024-04-25T06:07:34.860+0000] {processor.py:830} INFO - Processing file /opt/airflow/dags/traffic_static.py for tasks to queue
[2024-04-25T06:07:34.865+0000] {logging_mixin.py:188} INFO - [2024-04-25T06:07:34.864+0000] {dagbag.py:538} INFO - Filling up the DagBag from /opt/airflow/dags/traffic_static.py
[2024-04-25T06:07:35.421+0000] {logging_mixin.py:188} INFO - [2024-04-25T06:07:35.417+0000] {dagbag.py:348} ERROR - Failed to import: /opt/airflow/dags/traffic_static.py
Traceback (most recent call last):
  File "/home/airflow/.local/lib/python3.8/site-packages/airflow/models/dagbag.py", line 344, in parse
    loader.exec_module(new_module)
  File "<frozen importlib._bootstrap_external>", line 843, in exec_module
  File "<frozen importlib._bootstrap>", line 219, in _call_with_frames_removed
  File "/opt/airflow/dags/traffic_static.py", line 6, in <module>
    from sklearn.neighbors import NearestNeighbors
ModuleNotFoundError: No module named 'sklearn'
[2024-04-25T06:07:35.424+0000] {processor.py:842} WARNING - No viable dags retrieved from /opt/airflow/dags/traffic_static.py
[2024-04-25T06:07:35.474+0000] {processor.py:183} INFO - Processing /opt/airflow/dags/traffic_static.py took 0.623 seconds
[2024-04-25T06:08:05.608+0000] {processor.py:161} INFO - Started process (PID=1019) to work on /opt/airflow/dags/traffic_static.py
[2024-04-25T06:08:05.612+0000] {processor.py:830} INFO - Processing file /opt/airflow/dags/traffic_static.py for tasks to queue
[2024-04-25T06:08:05.621+0000] {logging_mixin.py:188} INFO - [2024-04-25T06:08:05.620+0000] {dagbag.py:538} INFO - Filling up the DagBag from /opt/airflow/dags/traffic_static.py
[2024-04-25T06:08:06.812+0000] {logging_mixin.py:188} INFO - [2024-04-25T06:08:06.808+0000] {dagbag.py:348} ERROR - Failed to import: /opt/airflow/dags/traffic_static.py
Traceback (most recent call last):
  File "/home/airflow/.local/lib/python3.8/site-packages/airflow/models/dagbag.py", line 344, in parse
    loader.exec_module(new_module)
  File "<frozen importlib._bootstrap_external>", line 843, in exec_module
  File "<frozen importlib._bootstrap>", line 219, in _call_with_frames_removed
  File "/opt/airflow/dags/traffic_static.py", line 6, in <module>
    from sklearn.neighbors import NearestNeighbors
ModuleNotFoundError: No module named 'sklearn'
[2024-04-25T06:08:06.815+0000] {processor.py:842} WARNING - No viable dags retrieved from /opt/airflow/dags/traffic_static.py
[2024-04-25T06:08:06.859+0000] {processor.py:183} INFO - Processing /opt/airflow/dags/traffic_static.py took 1.265 seconds
[2024-04-25T06:08:37.119+0000] {processor.py:161} INFO - Started process (PID=1078) to work on /opt/airflow/dags/traffic_static.py
[2024-04-25T06:08:37.122+0000] {processor.py:830} INFO - Processing file /opt/airflow/dags/traffic_static.py for tasks to queue
[2024-04-25T06:08:37.127+0000] {logging_mixin.py:188} INFO - [2024-04-25T06:08:37.126+0000] {dagbag.py:538} INFO - Filling up the DagBag from /opt/airflow/dags/traffic_static.py
[2024-04-25T06:08:38.343+0000] {logging_mixin.py:188} INFO - [2024-04-25T06:08:38.340+0000] {dagbag.py:348} ERROR - Failed to import: /opt/airflow/dags/traffic_static.py
Traceback (most recent call last):
  File "/home/airflow/.local/lib/python3.8/site-packages/airflow/models/dagbag.py", line 344, in parse
    loader.exec_module(new_module)
  File "<frozen importlib._bootstrap_external>", line 843, in exec_module
  File "<frozen importlib._bootstrap>", line 219, in _call_with_frames_removed
  File "/opt/airflow/dags/traffic_static.py", line 6, in <module>
    from sklearn.neighbors import NearestNeighbors
ModuleNotFoundError: No module named 'sklearn'
[2024-04-25T06:08:38.344+0000] {processor.py:842} WARNING - No viable dags retrieved from /opt/airflow/dags/traffic_static.py
[2024-04-25T06:08:38.374+0000] {processor.py:183} INFO - Processing /opt/airflow/dags/traffic_static.py took 1.261 seconds
[2024-04-25T06:09:08.895+0000] {processor.py:161} INFO - Started process (PID=1141) to work on /opt/airflow/dags/traffic_static.py
[2024-04-25T06:09:08.898+0000] {processor.py:830} INFO - Processing file /opt/airflow/dags/traffic_static.py for tasks to queue
[2024-04-25T06:09:08.904+0000] {logging_mixin.py:188} INFO - [2024-04-25T06:09:08.903+0000] {dagbag.py:538} INFO - Filling up the DagBag from /opt/airflow/dags/traffic_static.py
[2024-04-25T06:09:10.167+0000] {logging_mixin.py:188} INFO - [2024-04-25T06:09:10.150+0000] {dagbag.py:348} ERROR - Failed to import: /opt/airflow/dags/traffic_static.py
Traceback (most recent call last):
  File "/home/airflow/.local/lib/python3.8/site-packages/airflow/models/dagbag.py", line 344, in parse
    loader.exec_module(new_module)
  File "<frozen importlib._bootstrap_external>", line 843, in exec_module
  File "<frozen importlib._bootstrap>", line 219, in _call_with_frames_removed
  File "/opt/airflow/dags/traffic_static.py", line 6, in <module>
    from sklearn.neighbors import NearestNeighbors
ModuleNotFoundError: No module named 'sklearn'
[2024-04-25T06:09:10.179+0000] {processor.py:842} WARNING - No viable dags retrieved from /opt/airflow/dags/traffic_static.py
[2024-04-25T06:09:10.247+0000] {processor.py:183} INFO - Processing /opt/airflow/dags/traffic_static.py took 1.361 seconds
[2024-04-25T06:09:40.931+0000] {processor.py:161} INFO - Started process (PID=1202) to work on /opt/airflow/dags/traffic_static.py
[2024-04-25T06:09:40.935+0000] {processor.py:830} INFO - Processing file /opt/airflow/dags/traffic_static.py for tasks to queue
[2024-04-25T06:09:40.942+0000] {logging_mixin.py:188} INFO - [2024-04-25T06:09:40.941+0000] {dagbag.py:538} INFO - Filling up the DagBag from /opt/airflow/dags/traffic_static.py
[2024-04-25T06:09:42.041+0000] {logging_mixin.py:188} INFO - [2024-04-25T06:09:42.035+0000] {dagbag.py:348} ERROR - Failed to import: /opt/airflow/dags/traffic_static.py
Traceback (most recent call last):
  File "/home/airflow/.local/lib/python3.8/site-packages/airflow/models/dagbag.py", line 344, in parse
    loader.exec_module(new_module)
  File "<frozen importlib._bootstrap_external>", line 843, in exec_module
  File "<frozen importlib._bootstrap>", line 219, in _call_with_frames_removed
  File "/opt/airflow/dags/traffic_static.py", line 6, in <module>
    from sklearn.neighbors import NearestNeighbors
ModuleNotFoundError: No module named 'sklearn'
[2024-04-25T06:09:42.043+0000] {processor.py:842} WARNING - No viable dags retrieved from /opt/airflow/dags/traffic_static.py
[2024-04-25T06:09:42.094+0000] {processor.py:183} INFO - Processing /opt/airflow/dags/traffic_static.py took 1.176 seconds
[2024-04-25T06:10:12.708+0000] {processor.py:161} INFO - Started process (PID=1269) to work on /opt/airflow/dags/traffic_static.py
[2024-04-25T06:10:12.711+0000] {processor.py:830} INFO - Processing file /opt/airflow/dags/traffic_static.py for tasks to queue
[2024-04-25T06:10:12.717+0000] {logging_mixin.py:188} INFO - [2024-04-25T06:10:12.716+0000] {dagbag.py:538} INFO - Filling up the DagBag from /opt/airflow/dags/traffic_static.py
[2024-04-25T06:10:13.770+0000] {logging_mixin.py:188} INFO - [2024-04-25T06:10:13.765+0000] {dagbag.py:348} ERROR - Failed to import: /opt/airflow/dags/traffic_static.py
Traceback (most recent call last):
  File "/home/airflow/.local/lib/python3.8/site-packages/airflow/models/dagbag.py", line 344, in parse
    loader.exec_module(new_module)
  File "<frozen importlib._bootstrap_external>", line 843, in exec_module
  File "<frozen importlib._bootstrap>", line 219, in _call_with_frames_removed
  File "/opt/airflow/dags/traffic_static.py", line 6, in <module>
    from sklearn.neighbors import NearestNeighbors
ModuleNotFoundError: No module named 'sklearn'
[2024-04-25T06:10:13.772+0000] {processor.py:842} WARNING - No viable dags retrieved from /opt/airflow/dags/traffic_static.py
[2024-04-25T06:10:13.812+0000] {processor.py:183} INFO - Processing /opt/airflow/dags/traffic_static.py took 1.116 seconds
[2024-04-25T06:10:43.963+0000] {processor.py:161} INFO - Started process (PID=1328) to work on /opt/airflow/dags/traffic_static.py
[2024-04-25T06:10:43.970+0000] {processor.py:830} INFO - Processing file /opt/airflow/dags/traffic_static.py for tasks to queue
[2024-04-25T06:10:43.978+0000] {logging_mixin.py:188} INFO - [2024-04-25T06:10:43.978+0000] {dagbag.py:538} INFO - Filling up the DagBag from /opt/airflow/dags/traffic_static.py
[2024-04-25T06:10:45.659+0000] {logging_mixin.py:188} INFO - [2024-04-25T06:10:45.645+0000] {dagbag.py:348} ERROR - Failed to import: /opt/airflow/dags/traffic_static.py
Traceback (most recent call last):
  File "/home/airflow/.local/lib/python3.8/site-packages/airflow/models/dagbag.py", line 344, in parse
    loader.exec_module(new_module)
  File "<frozen importlib._bootstrap_external>", line 843, in exec_module
  File "<frozen importlib._bootstrap>", line 219, in _call_with_frames_removed
  File "/opt/airflow/dags/traffic_static.py", line 6, in <module>
    from sklearn.neighbors import NearestNeighbors
ModuleNotFoundError: No module named 'sklearn'
[2024-04-25T06:10:45.667+0000] {processor.py:842} WARNING - No viable dags retrieved from /opt/airflow/dags/traffic_static.py
[2024-04-25T06:10:45.793+0000] {processor.py:183} INFO - Processing /opt/airflow/dags/traffic_static.py took 1.846 seconds
[2024-04-25T06:51:27.663+0000] {processor.py:161} INFO - Started process (PID=70) to work on /opt/airflow/dags/traffic_static.py
[2024-04-25T06:51:27.926+0000] {processor.py:830} INFO - Processing file /opt/airflow/dags/traffic_static.py for tasks to queue
[2024-04-25T06:51:28.018+0000] {logging_mixin.py:188} INFO - [2024-04-25T06:51:28.013+0000] {dagbag.py:538} INFO - Filling up the DagBag from /opt/airflow/dags/traffic_static.py
[2024-04-25T06:51:58.173+0000] {logging_mixin.py:188} INFO - [2024-04-25T06:51:58.148+0000] {timeout.py:68} ERROR - Process timed out, PID: 70
[2024-04-25T06:51:58.310+0000] {logging_mixin.py:188} INFO - [2024-04-25T06:51:58.188+0000] {dagbag.py:348} ERROR - Failed to import: /opt/airflow/dags/traffic_static.py
Traceback (most recent call last):
  File "/home/airflow/.local/lib/python3.8/site-packages/airflow/models/dagbag.py", line 344, in parse
    loader.exec_module(new_module)
  File "<frozen importlib._bootstrap_external>", line 843, in exec_module
  File "<frozen importlib._bootstrap>", line 219, in _call_with_frames_removed
  File "/opt/airflow/dags/traffic_static.py", line 14, in <module>
    from googleapiclient.discovery import build
  File "/home/airflow/.local/lib/python3.8/site-packages/googleapiclient/discovery.py", line 51, in <module>
    from google.auth.transport import mtls
  File "<frozen importlib._bootstrap>", line 991, in _find_and_load
  File "<frozen importlib._bootstrap>", line 975, in _find_and_load_unlocked
  File "<frozen importlib._bootstrap>", line 671, in _load_unlocked
  File "<frozen importlib._bootstrap_external>", line 839, in exec_module
  File "<frozen importlib._bootstrap_external>", line 934, in get_code
  File "<frozen importlib._bootstrap_external>", line 1033, in get_data
  File "/home/airflow/.local/lib/python3.8/site-packages/airflow/utils/timeout.py", line 69, in handle_timeout
    raise AirflowTaskTimeout(self.error_message)
airflow.exceptions.AirflowTaskTimeout: DagBag import timeout for /opt/airflow/dags/traffic_static.py after 30.0s.
Please take a look at these docs to improve your DAG import time:
* https://airflow.apache.org/docs/apache-airflow/2.8.1/best-practices.html#top-level-python-code
* https://airflow.apache.org/docs/apache-airflow/2.8.1/best-practices.html#reducing-dag-complexity, PID: 70
[2024-04-25T06:51:58.330+0000] {processor.py:842} WARNING - No viable dags retrieved from /opt/airflow/dags/traffic_static.py
[2024-04-25T06:51:58.760+0000] {processor.py:183} INFO - Processing /opt/airflow/dags/traffic_static.py took 31.353 seconds
[2024-04-25T06:53:20.399+0000] {processor.py:161} INFO - Started process (PID=152) to work on /opt/airflow/dags/traffic_static.py
[2024-04-25T06:53:20.404+0000] {processor.py:830} INFO - Processing file /opt/airflow/dags/traffic_static.py for tasks to queue
[2024-04-25T06:53:20.446+0000] {logging_mixin.py:188} INFO - [2024-04-25T06:53:20.444+0000] {dagbag.py:538} INFO - Filling up the DagBag from /opt/airflow/dags/traffic_static.py
[2024-04-25T06:53:26.904+0000] {processor.py:840} INFO - DAG(s) 'etl_traffic_data_taskflow_static' retrieved from /opt/airflow/dags/traffic_static.py
[2024-04-25T06:53:27.573+0000] {logging_mixin.py:188} INFO - [2024-04-25T06:53:27.570+0000] {override.py:1769} INFO - Created Permission View: can edit on DAG:etl_traffic_data_taskflow_static
[2024-04-25T06:53:27.648+0000] {logging_mixin.py:188} INFO - [2024-04-25T06:53:27.643+0000] {override.py:1769} INFO - Created Permission View: can read on DAG:etl_traffic_data_taskflow_static
[2024-04-25T06:53:27.697+0000] {logging_mixin.py:188} INFO - [2024-04-25T06:53:27.696+0000] {override.py:1769} INFO - Created Permission View: can delete on DAG:etl_traffic_data_taskflow_static
[2024-04-25T06:53:27.707+0000] {logging_mixin.py:188} INFO - [2024-04-25T06:53:27.704+0000] {dag.py:3036} INFO - Sync 1 DAGs
[2024-04-25T06:53:27.773+0000] {logging_mixin.py:188} INFO - [2024-04-25T06:53:27.770+0000] {dag.py:3058} INFO - Creating ORM DAG for etl_traffic_data_taskflow_static
[2024-04-25T06:53:27.954+0000] {logging_mixin.py:188} INFO - [2024-04-25T06:53:27.948+0000] {dag.py:3823} INFO - Setting next_dagrun for etl_traffic_data_taskflow_static to 2024-03-01 00:00:00+00:00, run_after=2024-04-01 00:00:00+00:00
[2024-04-25T06:53:28.319+0000] {processor.py:183} INFO - Processing /opt/airflow/dags/traffic_static.py took 7.941 seconds
[2024-04-25T06:54:00.166+0000] {processor.py:161} INFO - Started process (PID=224) to work on /opt/airflow/dags/traffic_static.py
[2024-04-25T06:54:00.180+0000] {processor.py:830} INFO - Processing file /opt/airflow/dags/traffic_static.py for tasks to queue
[2024-04-25T06:54:00.190+0000] {logging_mixin.py:188} INFO - [2024-04-25T06:54:00.188+0000] {dagbag.py:538} INFO - Filling up the DagBag from /opt/airflow/dags/traffic_static.py
[2024-04-25T06:54:05.270+0000] {processor.py:840} INFO - DAG(s) 'etl_traffic_data_taskflow_static' retrieved from /opt/airflow/dags/traffic_static.py
[2024-04-25T06:54:05.469+0000] {logging_mixin.py:188} INFO - [2024-04-25T06:54:05.467+0000] {dag.py:3036} INFO - Sync 1 DAGs
[2024-04-25T06:54:05.580+0000] {logging_mixin.py:188} INFO - [2024-04-25T06:54:05.579+0000] {dag.py:3823} INFO - Setting next_dagrun for etl_traffic_data_taskflow_static to 2024-03-01 00:00:00+00:00, run_after=2024-04-01 00:00:00+00:00
[2024-04-25T06:54:05.694+0000] {processor.py:183} INFO - Processing /opt/airflow/dags/traffic_static.py took 5.547 seconds
[2024-04-25T06:54:36.055+0000] {processor.py:161} INFO - Started process (PID=295) to work on /opt/airflow/dags/traffic_static.py
[2024-04-25T06:54:36.060+0000] {processor.py:830} INFO - Processing file /opt/airflow/dags/traffic_static.py for tasks to queue
[2024-04-25T06:54:36.068+0000] {logging_mixin.py:188} INFO - [2024-04-25T06:54:36.066+0000] {dagbag.py:538} INFO - Filling up the DagBag from /opt/airflow/dags/traffic_static.py
[2024-04-25T06:54:41.368+0000] {processor.py:840} INFO - DAG(s) 'etl_traffic_data_taskflow_static' retrieved from /opt/airflow/dags/traffic_static.py
[2024-04-25T06:54:41.510+0000] {logging_mixin.py:188} INFO - [2024-04-25T06:54:41.504+0000] {dag.py:3036} INFO - Sync 1 DAGs
[2024-04-25T06:54:41.611+0000] {logging_mixin.py:188} INFO - [2024-04-25T06:54:41.609+0000] {dag.py:3823} INFO - Setting next_dagrun for etl_traffic_data_taskflow_static to 2024-03-01 00:00:00+00:00, run_after=2024-04-01 00:00:00+00:00
[2024-04-25T06:54:41.759+0000] {processor.py:183} INFO - Processing /opt/airflow/dags/traffic_static.py took 5.719 seconds
[2024-04-25T06:55:12.127+0000] {processor.py:161} INFO - Started process (PID=369) to work on /opt/airflow/dags/traffic_static.py
[2024-04-25T06:55:12.135+0000] {processor.py:830} INFO - Processing file /opt/airflow/dags/traffic_static.py for tasks to queue
[2024-04-25T06:55:12.164+0000] {logging_mixin.py:188} INFO - [2024-04-25T06:55:12.159+0000] {dagbag.py:538} INFO - Filling up the DagBag from /opt/airflow/dags/traffic_static.py
[2024-04-25T06:55:20.363+0000] {processor.py:840} INFO - DAG(s) 'etl_traffic_data_taskflow_static' retrieved from /opt/airflow/dags/traffic_static.py
[2024-04-25T06:55:20.459+0000] {logging_mixin.py:188} INFO - [2024-04-25T06:55:20.456+0000] {dag.py:3036} INFO - Sync 1 DAGs
[2024-04-25T06:55:20.612+0000] {logging_mixin.py:188} INFO - [2024-04-25T06:55:20.610+0000] {dag.py:3823} INFO - Setting next_dagrun for etl_traffic_data_taskflow_static to 2024-03-01 00:00:00+00:00, run_after=2024-04-01 00:00:00+00:00
[2024-04-25T06:55:20.697+0000] {processor.py:183} INFO - Processing /opt/airflow/dags/traffic_static.py took 8.603 seconds
[2024-04-25T06:55:51.726+0000] {processor.py:161} INFO - Started process (PID=439) to work on /opt/airflow/dags/traffic_static.py
[2024-04-25T06:55:51.745+0000] {processor.py:830} INFO - Processing file /opt/airflow/dags/traffic_static.py for tasks to queue
[2024-04-25T06:55:51.760+0000] {logging_mixin.py:188} INFO - [2024-04-25T06:55:51.758+0000] {dagbag.py:538} INFO - Filling up the DagBag from /opt/airflow/dags/traffic_static.py
[2024-04-25T06:55:55.297+0000] {processor.py:840} INFO - DAG(s) 'etl_traffic_data_taskflow_static' retrieved from /opt/airflow/dags/traffic_static.py
[2024-04-25T06:55:55.379+0000] {logging_mixin.py:188} INFO - [2024-04-25T06:55:55.378+0000] {dag.py:3036} INFO - Sync 1 DAGs
[2024-04-25T06:55:55.466+0000] {logging_mixin.py:188} INFO - [2024-04-25T06:55:55.465+0000] {dag.py:3823} INFO - Setting next_dagrun for etl_traffic_data_taskflow_static to 2024-03-01 00:00:00+00:00, run_after=2024-04-01 00:00:00+00:00
[2024-04-25T06:55:55.555+0000] {processor.py:183} INFO - Processing /opt/airflow/dags/traffic_static.py took 3.859 seconds
[2024-04-25T06:56:26.407+0000] {processor.py:161} INFO - Started process (PID=509) to work on /opt/airflow/dags/traffic_static.py
[2024-04-25T06:56:26.430+0000] {processor.py:830} INFO - Processing file /opt/airflow/dags/traffic_static.py for tasks to queue
[2024-04-25T06:56:26.534+0000] {logging_mixin.py:188} INFO - [2024-04-25T06:56:26.455+0000] {dagbag.py:538} INFO - Filling up the DagBag from /opt/airflow/dags/traffic_static.py
[2024-04-25T06:56:33.063+0000] {processor.py:840} INFO - DAG(s) 'etl_traffic_data_taskflow_static' retrieved from /opt/airflow/dags/traffic_static.py
[2024-04-25T06:56:33.177+0000] {logging_mixin.py:188} INFO - [2024-04-25T06:56:33.176+0000] {dag.py:3036} INFO - Sync 1 DAGs
[2024-04-25T06:56:33.299+0000] {logging_mixin.py:188} INFO - [2024-04-25T06:56:33.298+0000] {dag.py:3823} INFO - Setting next_dagrun for etl_traffic_data_taskflow_static to 2024-03-01 00:00:00+00:00, run_after=2024-04-01 00:00:00+00:00
[2024-04-25T06:56:33.414+0000] {processor.py:183} INFO - Processing /opt/airflow/dags/traffic_static.py took 7.048 seconds
[2024-04-25T06:57:04.411+0000] {processor.py:161} INFO - Started process (PID=579) to work on /opt/airflow/dags/traffic_static.py
[2024-04-25T06:57:04.418+0000] {processor.py:830} INFO - Processing file /opt/airflow/dags/traffic_static.py for tasks to queue
[2024-04-25T06:57:04.429+0000] {logging_mixin.py:188} INFO - [2024-04-25T06:57:04.428+0000] {dagbag.py:538} INFO - Filling up the DagBag from /opt/airflow/dags/traffic_static.py
[2024-04-25T06:57:08.868+0000] {processor.py:840} INFO - DAG(s) 'etl_traffic_data_taskflow_static' retrieved from /opt/airflow/dags/traffic_static.py
[2024-04-25T06:57:12.168+0000] {logging_mixin.py:188} INFO - [2024-04-25T06:57:12.160+0000] {dag.py:3036} INFO - Sync 1 DAGs
[2024-04-25T06:57:12.457+0000] {logging_mixin.py:188} INFO - [2024-04-25T06:57:12.454+0000] {dag.py:3823} INFO - Setting next_dagrun for etl_traffic_data_taskflow_static to 2024-03-01 00:00:00+00:00, run_after=2024-04-01 00:00:00+00:00
[2024-04-25T06:57:12.747+0000] {processor.py:183} INFO - Processing /opt/airflow/dags/traffic_static.py took 8.363 seconds
[2024-04-25T06:57:46.619+0000] {processor.py:161} INFO - Started process (PID=630) to work on /opt/airflow/dags/traffic_static.py
[2024-04-25T06:57:46.638+0000] {processor.py:830} INFO - Processing file /opt/airflow/dags/traffic_static.py for tasks to queue
[2024-04-25T06:57:46.651+0000] {logging_mixin.py:188} INFO - [2024-04-25T06:57:46.650+0000] {dagbag.py:538} INFO - Filling up the DagBag from /opt/airflow/dags/traffic_static.py
[2024-04-25T06:58:16.556+0000] {logging_mixin.py:188} INFO - [2024-04-25T06:58:16.549+0000] {timeout.py:68} ERROR - Process timed out, PID: 630
[2024-04-25T06:58:18.363+0000] {logging_mixin.py:188} INFO - [2024-04-25T06:58:16.981+0000] {dagbag.py:348} ERROR - Failed to import: /opt/airflow/dags/traffic_static.py
Traceback (most recent call last):
  File "/home/airflow/.local/lib/python3.8/site-packages/airflow/models/dagbag.py", line 344, in parse
    loader.exec_module(new_module)
  File "<frozen importlib._bootstrap_external>", line 843, in exec_module
  File "<frozen importlib._bootstrap>", line 219, in _call_with_frames_removed
  File "/opt/airflow/dags/traffic_static.py", line 6, in <module>
    from sklearn.neighbors import NearestNeighbors
  File "/home/airflow/.local/lib/python3.8/site-packages/sklearn/__init__.py", line 82, in <module>
    from .base import clone
  File "/home/airflow/.local/lib/python3.8/site-packages/sklearn/base.py", line 17, in <module>
    from .utils import _IS_32BIT
  File "/home/airflow/.local/lib/python3.8/site-packages/sklearn/utils/__init__.py", line 23, in <module>
    from .class_weight import compute_class_weight, compute_sample_weight
  File "/home/airflow/.local/lib/python3.8/site-packages/sklearn/utils/class_weight.py", line 7, in <module>
    from .validation import _deprecate_positional_args
  File "/home/airflow/.local/lib/python3.8/site-packages/sklearn/utils/validation.py", line 26, in <module>
    from .fixes import _object_dtype_isnan, parse_version
  File "/home/airflow/.local/lib/python3.8/site-packages/sklearn/utils/fixes.py", line 20, in <module>
    import scipy.stats
  File "/home/airflow/.local/lib/python3.8/site-packages/scipy/stats/__init__.py", line 485, in <module>
    from ._stats_py import *
  File "/home/airflow/.local/lib/python3.8/site-packages/scipy/stats/_stats_py.py", line 53, in <module>
    from ._hypotests import _all_partitions
  File "/home/airflow/.local/lib/python3.8/site-packages/scipy/stats/_hypotests.py", line 13, in <module>
    from scipy.fft import ifft
  File "<frozen importlib._bootstrap>", line 991, in _find_and_load
  File "<frozen importlib._bootstrap>", line 975, in _find_and_load_unlocked
  File "<frozen importlib._bootstrap>", line 671, in _load_unlocked
  File "<frozen importlib._bootstrap_external>", line 839, in exec_module
  File "<frozen importlib._bootstrap_external>", line 971, in get_code
  File "<frozen importlib._bootstrap_external>", line 640, in _compile_bytecode
  File "/home/airflow/.local/lib/python3.8/site-packages/airflow/utils/timeout.py", line 69, in handle_timeout
    raise AirflowTaskTimeout(self.error_message)
airflow.exceptions.AirflowTaskTimeout: DagBag import timeout for /opt/airflow/dags/traffic_static.py after 30.0s.
Please take a look at these docs to improve your DAG import time:
* https://airflow.apache.org/docs/apache-airflow/2.8.1/best-practices.html#top-level-python-code
* https://airflow.apache.org/docs/apache-airflow/2.8.1/best-practices.html#reducing-dag-complexity, PID: 630
[2024-04-25T06:58:19.192+0000] {processor.py:842} WARNING - No viable dags retrieved from /opt/airflow/dags/traffic_static.py
[2024-04-25T06:58:20.896+0000] {processor.py:183} INFO - Processing /opt/airflow/dags/traffic_static.py took 34.570 seconds
[2024-04-25T07:01:54.155+0000] {processor.py:161} INFO - Started process (PID=710) to work on /opt/airflow/dags/traffic_static.py
[2024-04-25T07:01:54.278+0000] {processor.py:830} INFO - Processing file /opt/airflow/dags/traffic_static.py for tasks to queue
[2024-04-25T07:01:54.378+0000] {logging_mixin.py:188} INFO - [2024-04-25T07:01:54.297+0000] {dagbag.py:538} INFO - Filling up the DagBag from /opt/airflow/dags/traffic_static.py
[2024-04-25T07:02:25.391+0000] {logging_mixin.py:188} INFO - [2024-04-25T07:02:24.955+0000] {timeout.py:68} ERROR - Process timed out, PID: 710
[2024-04-25T07:02:25.800+0000] {logging_mixin.py:188} INFO - [2024-04-25T07:02:25.406+0000] {dagbag.py:348} ERROR - Failed to import: /opt/airflow/dags/traffic_static.py
Traceback (most recent call last):
  File "/home/airflow/.local/lib/python3.8/site-packages/airflow/models/dagbag.py", line 344, in parse
    loader.exec_module(new_module)
  File "<frozen importlib._bootstrap_external>", line 843, in exec_module
  File "<frozen importlib._bootstrap>", line 219, in _call_with_frames_removed
  File "/opt/airflow/dags/traffic_static.py", line 2, in <module>
    import pandas as pd
  File "/home/airflow/.local/lib/python3.8/site-packages/pandas/__init__.py", line 51, in <module>
    from pandas.core.api import (
  File "/home/airflow/.local/lib/python3.8/site-packages/pandas/core/api.py", line 31, in <module>
    from pandas.core.groupby import Grouper, NamedAgg
  File "/home/airflow/.local/lib/python3.8/site-packages/pandas/core/groupby/__init__.py", line 1, in <module>
    from pandas.core.groupby.generic import DataFrameGroupBy, NamedAgg, SeriesGroupBy
  File "/home/airflow/.local/lib/python3.8/site-packages/pandas/core/groupby/generic.py", line 65, in <module>
    from pandas.core.frame import DataFrame
  File "<frozen importlib._bootstrap>", line 991, in _find_and_load
  File "<frozen importlib._bootstrap>", line 975, in _find_and_load_unlocked
  File "<frozen importlib._bootstrap>", line 671, in _load_unlocked
  File "<frozen importlib._bootstrap_external>", line 839, in exec_module
  File "<frozen importlib._bootstrap_external>", line 971, in get_code
  File "<frozen importlib._bootstrap_external>", line 640, in _compile_bytecode
  File "/home/airflow/.local/lib/python3.8/site-packages/airflow/utils/timeout.py", line 69, in handle_timeout
    raise AirflowTaskTimeout(self.error_message)
airflow.exceptions.AirflowTaskTimeout: DagBag import timeout for /opt/airflow/dags/traffic_static.py after 30.0s.
Please take a look at these docs to improve your DAG import time:
* https://airflow.apache.org/docs/apache-airflow/2.8.1/best-practices.html#top-level-python-code
* https://airflow.apache.org/docs/apache-airflow/2.8.1/best-practices.html#reducing-dag-complexity, PID: 710
[2024-04-25T07:02:26.088+0000] {processor.py:842} WARNING - No viable dags retrieved from /opt/airflow/dags/traffic_static.py
[2024-04-25T07:02:32.167+0000] {processor.py:183} INFO - Processing /opt/airflow/dags/traffic_static.py took 38.162 seconds
[2024-04-25T07:50:51.734+0000] {processor.py:161} INFO - Started process (PID=34) to work on /opt/airflow/dags/traffic_static.py
[2024-04-25T07:50:51.764+0000] {processor.py:830} INFO - Processing file /opt/airflow/dags/traffic_static.py for tasks to queue
[2024-04-25T07:50:51.787+0000] {logging_mixin.py:188} INFO - [2024-04-25T07:50:51.784+0000] {dagbag.py:538} INFO - Filling up the DagBag from /opt/airflow/dags/traffic_static.py
[2024-04-25T07:50:59.599+0000] {processor.py:840} INFO - DAG(s) 'etl_traffic_data_taskflow_static' retrieved from /opt/airflow/dags/traffic_static.py
[2024-04-25T07:51:00.392+0000] {logging_mixin.py:188} INFO - [2024-04-25T07:51:00.390+0000] {dag.py:3036} INFO - Sync 1 DAGs
[2024-04-25T07:51:00.494+0000] {logging_mixin.py:188} INFO - [2024-04-25T07:51:00.493+0000] {dag.py:3823} INFO - Setting next_dagrun for etl_traffic_data_taskflow_static to 2024-03-01 00:00:00+00:00, run_after=2024-04-01 00:00:00+00:00
[2024-04-25T07:51:00.578+0000] {processor.py:183} INFO - Processing /opt/airflow/dags/traffic_static.py took 8.867 seconds
[2024-04-25T07:51:30.677+0000] {processor.py:161} INFO - Started process (PID=111) to work on /opt/airflow/dags/traffic_static.py
[2024-04-25T07:51:30.686+0000] {processor.py:830} INFO - Processing file /opt/airflow/dags/traffic_static.py for tasks to queue
[2024-04-25T07:51:30.698+0000] {logging_mixin.py:188} INFO - [2024-04-25T07:51:30.696+0000] {dagbag.py:538} INFO - Filling up the DagBag from /opt/airflow/dags/traffic_static.py
[2024-04-25T07:51:35.265+0000] {processor.py:840} INFO - DAG(s) 'etl_traffic_data_taskflow_static' retrieved from /opt/airflow/dags/traffic_static.py
[2024-04-25T07:51:35.346+0000] {logging_mixin.py:188} INFO - [2024-04-25T07:51:35.344+0000] {dag.py:3036} INFO - Sync 1 DAGs
[2024-04-25T07:51:35.430+0000] {logging_mixin.py:188} INFO - [2024-04-25T07:51:35.429+0000] {dag.py:3823} INFO - Setting next_dagrun for etl_traffic_data_taskflow_static to 2024-03-01 00:00:00+00:00, run_after=2024-04-01 00:00:00+00:00
[2024-04-25T07:51:35.579+0000] {processor.py:183} INFO - Processing /opt/airflow/dags/traffic_static.py took 4.921 seconds
[2024-04-25T07:52:06.470+0000] {processor.py:161} INFO - Started process (PID=181) to work on /opt/airflow/dags/traffic_static.py
[2024-04-25T07:52:06.481+0000] {processor.py:830} INFO - Processing file /opt/airflow/dags/traffic_static.py for tasks to queue
[2024-04-25T07:52:06.502+0000] {logging_mixin.py:188} INFO - [2024-04-25T07:52:06.500+0000] {dagbag.py:538} INFO - Filling up the DagBag from /opt/airflow/dags/traffic_static.py
[2024-04-25T07:52:15.175+0000] {processor.py:840} INFO - DAG(s) 'etl_traffic_data_taskflow_static' retrieved from /opt/airflow/dags/traffic_static.py
[2024-04-25T07:52:15.494+0000] {logging_mixin.py:188} INFO - [2024-04-25T07:52:15.492+0000] {dag.py:3036} INFO - Sync 1 DAGs
[2024-04-25T07:52:15.856+0000] {logging_mixin.py:188} INFO - [2024-04-25T07:52:15.853+0000] {dag.py:3823} INFO - Setting next_dagrun for etl_traffic_data_taskflow_static to 2024-03-01 00:00:00+00:00, run_after=2024-04-01 00:00:00+00:00
[2024-04-25T07:52:16.303+0000] {processor.py:183} INFO - Processing /opt/airflow/dags/traffic_static.py took 9.726 seconds
[2024-04-25T07:52:47.257+0000] {processor.py:161} INFO - Started process (PID=251) to work on /opt/airflow/dags/traffic_static.py
[2024-04-25T07:52:47.271+0000] {processor.py:830} INFO - Processing file /opt/airflow/dags/traffic_static.py for tasks to queue
[2024-04-25T07:52:47.279+0000] {logging_mixin.py:188} INFO - [2024-04-25T07:52:47.278+0000] {dagbag.py:538} INFO - Filling up the DagBag from /opt/airflow/dags/traffic_static.py
[2024-04-25T07:52:50.235+0000] {processor.py:840} INFO - DAG(s) 'etl_traffic_data_taskflow_static' retrieved from /opt/airflow/dags/traffic_static.py
[2024-04-25T07:52:50.435+0000] {logging_mixin.py:188} INFO - [2024-04-25T07:52:50.433+0000] {dag.py:3036} INFO - Sync 1 DAGs
[2024-04-25T07:52:50.596+0000] {logging_mixin.py:188} INFO - [2024-04-25T07:52:50.596+0000] {dag.py:3823} INFO - Setting next_dagrun for etl_traffic_data_taskflow_static to 2024-03-01 00:00:00+00:00, run_after=2024-04-01 00:00:00+00:00
[2024-04-25T07:52:50.692+0000] {processor.py:183} INFO - Processing /opt/airflow/dags/traffic_static.py took 3.456 seconds
[2024-04-25T07:53:22.552+0000] {processor.py:161} INFO - Started process (PID=321) to work on /opt/airflow/dags/traffic_static.py
[2024-04-25T07:53:22.566+0000] {processor.py:830} INFO - Processing file /opt/airflow/dags/traffic_static.py for tasks to queue
[2024-04-25T07:53:22.594+0000] {logging_mixin.py:188} INFO - [2024-04-25T07:53:22.591+0000] {dagbag.py:538} INFO - Filling up the DagBag from /opt/airflow/dags/traffic_static.py
[2024-04-25T07:53:28.265+0000] {processor.py:840} INFO - DAG(s) 'etl_traffic_data_taskflow_static' retrieved from /opt/airflow/dags/traffic_static.py
[2024-04-25T07:53:28.343+0000] {logging_mixin.py:188} INFO - [2024-04-25T07:53:28.342+0000] {dag.py:3036} INFO - Sync 1 DAGs
[2024-04-25T07:53:28.413+0000] {logging_mixin.py:188} INFO - [2024-04-25T07:53:28.412+0000] {dag.py:3823} INFO - Setting next_dagrun for etl_traffic_data_taskflow_static to 2024-03-01 00:00:00+00:00, run_after=2024-04-01 00:00:00+00:00
[2024-04-25T07:53:28.479+0000] {processor.py:183} INFO - Processing /opt/airflow/dags/traffic_static.py took 6.186 seconds
[2024-04-25T07:55:29.536+0000] {processor.py:161} INFO - Started process (PID=41) to work on /opt/airflow/dags/traffic_static.py
[2024-04-25T07:55:29.560+0000] {processor.py:830} INFO - Processing file /opt/airflow/dags/traffic_static.py for tasks to queue
[2024-04-25T07:55:29.575+0000] {logging_mixin.py:188} INFO - [2024-04-25T07:55:29.573+0000] {dagbag.py:538} INFO - Filling up the DagBag from /opt/airflow/dags/traffic_static.py
[2024-04-25T07:55:33.747+0000] {processor.py:840} INFO - DAG(s) 'etl_traffic_data_taskflow_static' retrieved from /opt/airflow/dags/traffic_static.py
[2024-04-25T07:55:35.256+0000] {logging_mixin.py:188} INFO - [2024-04-25T07:55:35.254+0000] {dag.py:3036} INFO - Sync 1 DAGs
[2024-04-25T07:55:35.322+0000] {logging_mixin.py:188} INFO - [2024-04-25T07:55:35.321+0000] {dag.py:3823} INFO - Setting next_dagrun for etl_traffic_data_taskflow_static to 2024-03-01 00:00:00+00:00, run_after=2024-04-01 00:00:00+00:00
[2024-04-25T07:55:35.436+0000] {processor.py:183} INFO - Processing /opt/airflow/dags/traffic_static.py took 5.928 seconds
[2024-04-25T07:56:05.655+0000] {processor.py:161} INFO - Started process (PID=62) to work on /opt/airflow/dags/traffic_static.py
[2024-04-25T07:56:05.678+0000] {processor.py:830} INFO - Processing file /opt/airflow/dags/traffic_static.py for tasks to queue
[2024-04-25T07:56:05.903+0000] {logging_mixin.py:188} INFO - [2024-04-25T07:56:05.900+0000] {dagbag.py:538} INFO - Filling up the DagBag from /opt/airflow/dags/traffic_static.py
[2024-04-25T07:56:25.489+0000] {processor.py:840} INFO - DAG(s) 'etl_traffic_data_taskflow_static' retrieved from /opt/airflow/dags/traffic_static.py
[2024-04-25T07:56:25.665+0000] {logging_mixin.py:188} INFO - [2024-04-25T07:56:25.663+0000] {dag.py:3036} INFO - Sync 1 DAGs
[2024-04-25T07:56:25.805+0000] {logging_mixin.py:188} INFO - [2024-04-25T07:56:25.804+0000] {dag.py:3823} INFO - Setting next_dagrun for etl_traffic_data_taskflow_static to 2024-03-01 00:00:00+00:00, run_after=2024-04-01 00:00:00+00:00
[2024-04-25T07:56:25.891+0000] {processor.py:183} INFO - Processing /opt/airflow/dags/traffic_static.py took 20.272 seconds
[2024-04-25T07:58:05.274+0000] {processor.py:161} INFO - Started process (PID=40) to work on /opt/airflow/dags/traffic_static.py
[2024-04-25T07:58:05.294+0000] {processor.py:830} INFO - Processing file /opt/airflow/dags/traffic_static.py for tasks to queue
[2024-04-25T07:58:05.313+0000] {logging_mixin.py:188} INFO - [2024-04-25T07:58:05.311+0000] {dagbag.py:538} INFO - Filling up the DagBag from /opt/airflow/dags/traffic_static.py
[2024-04-25T07:58:12.709+0000] {processor.py:840} INFO - DAG(s) 'etl_traffic_data_taskflow_static' retrieved from /opt/airflow/dags/traffic_static.py
[2024-04-25T07:58:13.707+0000] {logging_mixin.py:188} INFO - [2024-04-25T07:58:13.703+0000] {dag.py:3036} INFO - Sync 1 DAGs
[2024-04-25T07:58:13.976+0000] {logging_mixin.py:188} INFO - [2024-04-25T07:58:13.975+0000] {dag.py:3823} INFO - Setting next_dagrun for etl_traffic_data_taskflow_static to 2024-03-01 00:00:00+00:00, run_after=2024-04-01 00:00:00+00:00
[2024-04-25T07:58:14.098+0000] {processor.py:183} INFO - Processing /opt/airflow/dags/traffic_static.py took 8.862 seconds
[2024-04-25T07:58:45.387+0000] {processor.py:161} INFO - Started process (PID=62) to work on /opt/airflow/dags/traffic_static.py
[2024-04-25T07:58:45.453+0000] {processor.py:830} INFO - Processing file /opt/airflow/dags/traffic_static.py for tasks to queue
[2024-04-25T07:58:45.544+0000] {logging_mixin.py:188} INFO - [2024-04-25T07:58:45.529+0000] {dagbag.py:538} INFO - Filling up the DagBag from /opt/airflow/dags/traffic_static.py
[2024-04-25T07:58:57.869+0000] {processor.py:840} INFO - DAG(s) 'etl_traffic_data_taskflow_static' retrieved from /opt/airflow/dags/traffic_static.py
[2024-04-25T07:58:58.474+0000] {logging_mixin.py:188} INFO - [2024-04-25T07:58:58.454+0000] {dag.py:3036} INFO - Sync 1 DAGs
[2024-04-25T07:58:59.087+0000] {logging_mixin.py:188} INFO - [2024-04-25T07:58:59.085+0000] {dag.py:3823} INFO - Setting next_dagrun for etl_traffic_data_taskflow_static to 2024-03-01 00:00:00+00:00, run_after=2024-04-01 00:00:00+00:00
[2024-04-25T07:58:59.560+0000] {processor.py:183} INFO - Processing /opt/airflow/dags/traffic_static.py took 14.398 seconds
[2024-04-25T07:59:30.205+0000] {processor.py:161} INFO - Started process (PID=91) to work on /opt/airflow/dags/traffic_static.py
[2024-04-25T07:59:30.218+0000] {processor.py:830} INFO - Processing file /opt/airflow/dags/traffic_static.py for tasks to queue
[2024-04-25T07:59:30.229+0000] {logging_mixin.py:188} INFO - [2024-04-25T07:59:30.228+0000] {dagbag.py:538} INFO - Filling up the DagBag from /opt/airflow/dags/traffic_static.py
[2024-04-25T07:59:31.893+0000] {processor.py:840} INFO - DAG(s) 'etl_traffic_data_taskflow_static' retrieved from /opt/airflow/dags/traffic_static.py
[2024-04-25T07:59:32.044+0000] {logging_mixin.py:188} INFO - [2024-04-25T07:59:32.043+0000] {dag.py:3036} INFO - Sync 1 DAGs
[2024-04-25T07:59:32.227+0000] {logging_mixin.py:188} INFO - [2024-04-25T07:59:32.226+0000] {dag.py:3823} INFO - Setting next_dagrun for etl_traffic_data_taskflow_static to 2024-03-01 00:00:00+00:00, run_after=2024-04-01 00:00:00+00:00
[2024-04-25T07:59:32.313+0000] {processor.py:183} INFO - Processing /opt/airflow/dags/traffic_static.py took 2.123 seconds
[2024-04-25T08:00:02.663+0000] {processor.py:161} INFO - Started process (PID=113) to work on /opt/airflow/dags/traffic_static.py
[2024-04-25T08:00:02.667+0000] {processor.py:830} INFO - Processing file /opt/airflow/dags/traffic_static.py for tasks to queue
[2024-04-25T08:00:02.671+0000] {logging_mixin.py:188} INFO - [2024-04-25T08:00:02.670+0000] {dagbag.py:538} INFO - Filling up the DagBag from /opt/airflow/dags/traffic_static.py
[2024-04-25T08:00:03.934+0000] {processor.py:840} INFO - DAG(s) 'etl_traffic_data_taskflow_static' retrieved from /opt/airflow/dags/traffic_static.py
[2024-04-25T08:00:03.972+0000] {logging_mixin.py:188} INFO - [2024-04-25T08:00:03.971+0000] {dag.py:3036} INFO - Sync 1 DAGs
[2024-04-25T08:00:04.010+0000] {logging_mixin.py:188} INFO - [2024-04-25T08:00:04.009+0000] {dag.py:3823} INFO - Setting next_dagrun for etl_traffic_data_taskflow_static to 2024-03-01 00:00:00+00:00, run_after=2024-04-01 00:00:00+00:00
[2024-04-25T08:00:04.037+0000] {processor.py:183} INFO - Processing /opt/airflow/dags/traffic_static.py took 1.380 seconds
[2024-04-25T08:00:34.341+0000] {processor.py:161} INFO - Started process (PID=135) to work on /opt/airflow/dags/traffic_static.py
[2024-04-25T08:00:34.347+0000] {processor.py:830} INFO - Processing file /opt/airflow/dags/traffic_static.py for tasks to queue
[2024-04-25T08:00:34.370+0000] {logging_mixin.py:188} INFO - [2024-04-25T08:00:34.370+0000] {dagbag.py:538} INFO - Filling up the DagBag from /opt/airflow/dags/traffic_static.py
[2024-04-25T08:00:36.049+0000] {processor.py:840} INFO - DAG(s) 'etl_traffic_data_taskflow_static' retrieved from /opt/airflow/dags/traffic_static.py
[2024-04-25T08:00:36.512+0000] {logging_mixin.py:188} INFO - [2024-04-25T08:00:36.508+0000] {dag.py:3036} INFO - Sync 1 DAGs
[2024-04-25T08:00:36.688+0000] {logging_mixin.py:188} INFO - [2024-04-25T08:00:36.688+0000] {dag.py:3823} INFO - Setting next_dagrun for etl_traffic_data_taskflow_static to 2024-03-01 00:00:00+00:00, run_after=2024-04-01 00:00:00+00:00
[2024-04-25T08:00:36.763+0000] {processor.py:183} INFO - Processing /opt/airflow/dags/traffic_static.py took 2.427 seconds
