[2024-04-25T05:59:03.029+0000] {processor.py:161} INFO - Started process (PID=101) to work on /home/airflow/.local/lib/python3.8/site-packages/airflow/example_dags/example_short_circuit_decorator.py
[2024-04-25T05:59:03.035+0000] {processor.py:830} INFO - Processing file /home/airflow/.local/lib/python3.8/site-packages/airflow/example_dags/example_short_circuit_decorator.py for tasks to queue
[2024-04-25T05:59:03.044+0000] {logging_mixin.py:188} INFO - [2024-04-25T05:59:03.043+0000] {dagbag.py:538} INFO - Filling up the DagBag from /home/airflow/.local/lib/python3.8/site-packages/airflow/example_dags/example_short_circuit_decorator.py
[2024-04-25T05:59:03.115+0000] {processor.py:840} INFO - DAG(s) 'example_short_circuit_decorator' retrieved from /home/airflow/.local/lib/python3.8/site-packages/airflow/example_dags/example_short_circuit_decorator.py
[2024-04-25T05:59:03.665+0000] {logging_mixin.py:188} INFO - [2024-04-25T05:59:03.665+0000] {dag.py:3036} INFO - Sync 1 DAGs
[2024-04-25T05:59:03.764+0000] {logging_mixin.py:188} INFO - [2024-04-25T05:59:03.763+0000] {dag.py:3823} INFO - Setting next_dagrun for example_short_circuit_decorator to 2024-04-24 00:00:00+00:00, run_after=2024-04-25 00:00:00+00:00
[2024-04-25T05:59:03.867+0000] {processor.py:183} INFO - Processing /home/airflow/.local/lib/python3.8/site-packages/airflow/example_dags/example_short_circuit_decorator.py took 0.857 seconds
[2024-04-25T05:59:36.587+0000] {processor.py:161} INFO - Started process (PID=160) to work on /home/airflow/.local/lib/python3.8/site-packages/airflow/example_dags/example_short_circuit_decorator.py
[2024-04-25T05:59:36.592+0000] {processor.py:830} INFO - Processing file /home/airflow/.local/lib/python3.8/site-packages/airflow/example_dags/example_short_circuit_decorator.py for tasks to queue
[2024-04-25T05:59:36.601+0000] {logging_mixin.py:188} INFO - [2024-04-25T05:59:36.600+0000] {dagbag.py:538} INFO - Filling up the DagBag from /home/airflow/.local/lib/python3.8/site-packages/airflow/example_dags/example_short_circuit_decorator.py
[2024-04-25T05:59:36.651+0000] {processor.py:840} INFO - DAG(s) 'example_short_circuit_decorator' retrieved from /home/airflow/.local/lib/python3.8/site-packages/airflow/example_dags/example_short_circuit_decorator.py
[2024-04-25T05:59:36.845+0000] {logging_mixin.py:188} INFO - [2024-04-25T05:59:36.841+0000] {dag.py:3036} INFO - Sync 1 DAGs
[2024-04-25T05:59:38.018+0000] {logging_mixin.py:188} INFO - [2024-04-25T05:59:38.009+0000] {dag.py:3823} INFO - Setting next_dagrun for example_short_circuit_decorator to 2024-04-24 00:00:00+00:00, run_after=2024-04-25 00:00:00+00:00
[2024-04-25T05:59:38.163+0000] {processor.py:183} INFO - Processing /home/airflow/.local/lib/python3.8/site-packages/airflow/example_dags/example_short_circuit_decorator.py took 1.593 seconds
[2024-04-25T06:00:33.992+0000] {processor.py:161} INFO - Started process (PID=206) to work on /home/airflow/.local/lib/python3.8/site-packages/airflow/example_dags/example_short_circuit_decorator.py
[2024-04-25T06:00:34.003+0000] {processor.py:830} INFO - Processing file /home/airflow/.local/lib/python3.8/site-packages/airflow/example_dags/example_short_circuit_decorator.py for tasks to queue
[2024-04-25T06:00:34.022+0000] {logging_mixin.py:188} INFO - [2024-04-25T06:00:34.018+0000] {dagbag.py:538} INFO - Filling up the DagBag from /home/airflow/.local/lib/python3.8/site-packages/airflow/example_dags/example_short_circuit_decorator.py
[2024-04-25T06:00:34.083+0000] {processor.py:840} INFO - DAG(s) 'example_short_circuit_decorator' retrieved from /home/airflow/.local/lib/python3.8/site-packages/airflow/example_dags/example_short_circuit_decorator.py
[2024-04-25T06:00:34.258+0000] {logging_mixin.py:188} INFO - [2024-04-25T06:00:34.256+0000] {dag.py:3036} INFO - Sync 1 DAGs
[2024-04-25T06:00:34.419+0000] {logging_mixin.py:188} INFO - [2024-04-25T06:00:34.418+0000] {dag.py:3823} INFO - Setting next_dagrun for example_short_circuit_decorator to 2024-04-24 00:00:00+00:00, run_after=2024-04-25 00:00:00+00:00
[2024-04-25T06:00:34.542+0000] {processor.py:183} INFO - Processing /home/airflow/.local/lib/python3.8/site-packages/airflow/example_dags/example_short_circuit_decorator.py took 0.566 seconds
[2024-04-25T06:01:11.732+0000] {processor.py:161} INFO - Started process (PID=271) to work on /home/airflow/.local/lib/python3.8/site-packages/airflow/example_dags/example_short_circuit_decorator.py
[2024-04-25T06:01:11.738+0000] {processor.py:830} INFO - Processing file /home/airflow/.local/lib/python3.8/site-packages/airflow/example_dags/example_short_circuit_decorator.py for tasks to queue
[2024-04-25T06:01:11.750+0000] {logging_mixin.py:188} INFO - [2024-04-25T06:01:11.748+0000] {dagbag.py:538} INFO - Filling up the DagBag from /home/airflow/.local/lib/python3.8/site-packages/airflow/example_dags/example_short_circuit_decorator.py
[2024-04-25T06:01:11.802+0000] {processor.py:840} INFO - DAG(s) 'example_short_circuit_decorator' retrieved from /home/airflow/.local/lib/python3.8/site-packages/airflow/example_dags/example_short_circuit_decorator.py
[2024-04-25T06:01:11.904+0000] {logging_mixin.py:188} INFO - [2024-04-25T06:01:11.902+0000] {dag.py:3036} INFO - Sync 1 DAGs
[2024-04-25T06:01:12.033+0000] {logging_mixin.py:188} INFO - [2024-04-25T06:01:12.032+0000] {dag.py:3823} INFO - Setting next_dagrun for example_short_circuit_decorator to 2024-04-24 00:00:00+00:00, run_after=2024-04-25 00:00:00+00:00
[2024-04-25T06:01:12.138+0000] {processor.py:183} INFO - Processing /home/airflow/.local/lib/python3.8/site-packages/airflow/example_dags/example_short_circuit_decorator.py took 0.423 seconds
[2024-04-25T06:01:54.349+0000] {processor.py:161} INFO - Started process (PID=331) to work on /home/airflow/.local/lib/python3.8/site-packages/airflow/example_dags/example_short_circuit_decorator.py
[2024-04-25T06:01:54.353+0000] {processor.py:830} INFO - Processing file /home/airflow/.local/lib/python3.8/site-packages/airflow/example_dags/example_short_circuit_decorator.py for tasks to queue
[2024-04-25T06:01:54.361+0000] {logging_mixin.py:188} INFO - [2024-04-25T06:01:54.360+0000] {dagbag.py:538} INFO - Filling up the DagBag from /home/airflow/.local/lib/python3.8/site-packages/airflow/example_dags/example_short_circuit_decorator.py
[2024-04-25T06:01:54.394+0000] {processor.py:840} INFO - DAG(s) 'example_short_circuit_decorator' retrieved from /home/airflow/.local/lib/python3.8/site-packages/airflow/example_dags/example_short_circuit_decorator.py
[2024-04-25T06:01:54.514+0000] {logging_mixin.py:188} INFO - [2024-04-25T06:01:54.513+0000] {dag.py:3036} INFO - Sync 1 DAGs
[2024-04-25T06:01:54.631+0000] {logging_mixin.py:188} INFO - [2024-04-25T06:01:54.630+0000] {dag.py:3823} INFO - Setting next_dagrun for example_short_circuit_decorator to 2024-04-24 00:00:00+00:00, run_after=2024-04-25 00:00:00+00:00
[2024-04-25T06:01:54.737+0000] {processor.py:183} INFO - Processing /home/airflow/.local/lib/python3.8/site-packages/airflow/example_dags/example_short_circuit_decorator.py took 0.400 seconds
[2024-04-25T06:02:26.150+0000] {processor.py:161} INFO - Started process (PID=390) to work on /home/airflow/.local/lib/python3.8/site-packages/airflow/example_dags/example_short_circuit_decorator.py
[2024-04-25T06:02:26.153+0000] {processor.py:830} INFO - Processing file /home/airflow/.local/lib/python3.8/site-packages/airflow/example_dags/example_short_circuit_decorator.py for tasks to queue
[2024-04-25T06:02:26.159+0000] {logging_mixin.py:188} INFO - [2024-04-25T06:02:26.158+0000] {dagbag.py:538} INFO - Filling up the DagBag from /home/airflow/.local/lib/python3.8/site-packages/airflow/example_dags/example_short_circuit_decorator.py
[2024-04-25T06:02:26.188+0000] {processor.py:840} INFO - DAG(s) 'example_short_circuit_decorator' retrieved from /home/airflow/.local/lib/python3.8/site-packages/airflow/example_dags/example_short_circuit_decorator.py
[2024-04-25T06:02:26.254+0000] {logging_mixin.py:188} INFO - [2024-04-25T06:02:26.254+0000] {dag.py:3036} INFO - Sync 1 DAGs
[2024-04-25T06:02:26.340+0000] {logging_mixin.py:188} INFO - [2024-04-25T06:02:26.339+0000] {dag.py:3823} INFO - Setting next_dagrun for example_short_circuit_decorator to 2024-04-24 00:00:00+00:00, run_after=2024-04-25 00:00:00+00:00
[2024-04-25T06:02:26.413+0000] {processor.py:183} INFO - Processing /home/airflow/.local/lib/python3.8/site-packages/airflow/example_dags/example_short_circuit_decorator.py took 0.271 seconds
[2024-04-25T06:03:04.625+0000] {processor.py:161} INFO - Started process (PID=449) to work on /home/airflow/.local/lib/python3.8/site-packages/airflow/example_dags/example_short_circuit_decorator.py
[2024-04-25T06:03:04.668+0000] {processor.py:830} INFO - Processing file /home/airflow/.local/lib/python3.8/site-packages/airflow/example_dags/example_short_circuit_decorator.py for tasks to queue
[2024-04-25T06:03:04.705+0000] {logging_mixin.py:188} INFO - [2024-04-25T06:03:04.702+0000] {dagbag.py:538} INFO - Filling up the DagBag from /home/airflow/.local/lib/python3.8/site-packages/airflow/example_dags/example_short_circuit_decorator.py
[2024-04-25T06:03:04.828+0000] {processor.py:840} INFO - DAG(s) 'example_short_circuit_decorator' retrieved from /home/airflow/.local/lib/python3.8/site-packages/airflow/example_dags/example_short_circuit_decorator.py
[2024-04-25T06:03:05.409+0000] {logging_mixin.py:188} INFO - [2024-04-25T06:03:05.408+0000] {dag.py:3036} INFO - Sync 1 DAGs
[2024-04-25T06:03:05.542+0000] {logging_mixin.py:188} INFO - [2024-04-25T06:03:05.541+0000] {dag.py:3823} INFO - Setting next_dagrun for example_short_circuit_decorator to 2024-04-24 00:00:00+00:00, run_after=2024-04-25 00:00:00+00:00
[2024-04-25T06:03:05.704+0000] {processor.py:183} INFO - Processing /home/airflow/.local/lib/python3.8/site-packages/airflow/example_dags/example_short_circuit_decorator.py took 1.143 seconds
[2024-04-25T06:03:36.011+0000] {processor.py:161} INFO - Started process (PID=508) to work on /home/airflow/.local/lib/python3.8/site-packages/airflow/example_dags/example_short_circuit_decorator.py
[2024-04-25T06:03:36.018+0000] {processor.py:830} INFO - Processing file /home/airflow/.local/lib/python3.8/site-packages/airflow/example_dags/example_short_circuit_decorator.py for tasks to queue
[2024-04-25T06:03:36.029+0000] {logging_mixin.py:188} INFO - [2024-04-25T06:03:36.028+0000] {dagbag.py:538} INFO - Filling up the DagBag from /home/airflow/.local/lib/python3.8/site-packages/airflow/example_dags/example_short_circuit_decorator.py
[2024-04-25T06:03:36.086+0000] {processor.py:840} INFO - DAG(s) 'example_short_circuit_decorator' retrieved from /home/airflow/.local/lib/python3.8/site-packages/airflow/example_dags/example_short_circuit_decorator.py
[2024-04-25T06:03:36.205+0000] {logging_mixin.py:188} INFO - [2024-04-25T06:03:36.204+0000] {dag.py:3036} INFO - Sync 1 DAGs
[2024-04-25T06:03:36.331+0000] {logging_mixin.py:188} INFO - [2024-04-25T06:03:36.330+0000] {dag.py:3823} INFO - Setting next_dagrun for example_short_circuit_decorator to 2024-04-24 00:00:00+00:00, run_after=2024-04-25 00:00:00+00:00
[2024-04-25T06:03:36.467+0000] {processor.py:183} INFO - Processing /home/airflow/.local/lib/python3.8/site-packages/airflow/example_dags/example_short_circuit_decorator.py took 0.472 seconds
[2024-04-25T06:04:06.601+0000] {processor.py:161} INFO - Started process (PID=566) to work on /home/airflow/.local/lib/python3.8/site-packages/airflow/example_dags/example_short_circuit_decorator.py
[2024-04-25T06:04:06.604+0000] {processor.py:830} INFO - Processing file /home/airflow/.local/lib/python3.8/site-packages/airflow/example_dags/example_short_circuit_decorator.py for tasks to queue
[2024-04-25T06:04:06.609+0000] {logging_mixin.py:188} INFO - [2024-04-25T06:04:06.608+0000] {dagbag.py:538} INFO - Filling up the DagBag from /home/airflow/.local/lib/python3.8/site-packages/airflow/example_dags/example_short_circuit_decorator.py
[2024-04-25T06:04:06.628+0000] {processor.py:840} INFO - DAG(s) 'example_short_circuit_decorator' retrieved from /home/airflow/.local/lib/python3.8/site-packages/airflow/example_dags/example_short_circuit_decorator.py
[2024-04-25T06:04:06.657+0000] {logging_mixin.py:188} INFO - [2024-04-25T06:04:06.656+0000] {dag.py:3036} INFO - Sync 1 DAGs
[2024-04-25T06:04:06.683+0000] {logging_mixin.py:188} INFO - [2024-04-25T06:04:06.682+0000] {dag.py:3823} INFO - Setting next_dagrun for example_short_circuit_decorator to 2024-04-24 00:00:00+00:00, run_after=2024-04-25 00:00:00+00:00
[2024-04-25T06:04:06.706+0000] {processor.py:183} INFO - Processing /home/airflow/.local/lib/python3.8/site-packages/airflow/example_dags/example_short_circuit_decorator.py took 0.111 seconds
[2024-04-25T06:04:36.832+0000] {processor.py:161} INFO - Started process (PID=625) to work on /home/airflow/.local/lib/python3.8/site-packages/airflow/example_dags/example_short_circuit_decorator.py
[2024-04-25T06:04:36.835+0000] {processor.py:830} INFO - Processing file /home/airflow/.local/lib/python3.8/site-packages/airflow/example_dags/example_short_circuit_decorator.py for tasks to queue
[2024-04-25T06:04:36.839+0000] {logging_mixin.py:188} INFO - [2024-04-25T06:04:36.838+0000] {dagbag.py:538} INFO - Filling up the DagBag from /home/airflow/.local/lib/python3.8/site-packages/airflow/example_dags/example_short_circuit_decorator.py
[2024-04-25T06:04:36.851+0000] {processor.py:840} INFO - DAG(s) 'example_short_circuit_decorator' retrieved from /home/airflow/.local/lib/python3.8/site-packages/airflow/example_dags/example_short_circuit_decorator.py
[2024-04-25T06:04:36.878+0000] {logging_mixin.py:188} INFO - [2024-04-25T06:04:36.877+0000] {dag.py:3036} INFO - Sync 1 DAGs
[2024-04-25T06:04:36.996+0000] {logging_mixin.py:188} INFO - [2024-04-25T06:04:36.996+0000] {dag.py:3823} INFO - Setting next_dagrun for example_short_circuit_decorator to 2024-04-24 00:00:00+00:00, run_after=2024-04-25 00:00:00+00:00
[2024-04-25T06:04:37.038+0000] {processor.py:183} INFO - Processing /home/airflow/.local/lib/python3.8/site-packages/airflow/example_dags/example_short_circuit_decorator.py took 0.212 seconds
[2024-04-25T06:05:07.693+0000] {processor.py:161} INFO - Started process (PID=684) to work on /home/airflow/.local/lib/python3.8/site-packages/airflow/example_dags/example_short_circuit_decorator.py
[2024-04-25T06:05:07.695+0000] {processor.py:830} INFO - Processing file /home/airflow/.local/lib/python3.8/site-packages/airflow/example_dags/example_short_circuit_decorator.py for tasks to queue
[2024-04-25T06:05:07.700+0000] {logging_mixin.py:188} INFO - [2024-04-25T06:05:07.699+0000] {dagbag.py:538} INFO - Filling up the DagBag from /home/airflow/.local/lib/python3.8/site-packages/airflow/example_dags/example_short_circuit_decorator.py
[2024-04-25T06:05:07.718+0000] {processor.py:840} INFO - DAG(s) 'example_short_circuit_decorator' retrieved from /home/airflow/.local/lib/python3.8/site-packages/airflow/example_dags/example_short_circuit_decorator.py
[2024-04-25T06:05:07.761+0000] {logging_mixin.py:188} INFO - [2024-04-25T06:05:07.761+0000] {dag.py:3036} INFO - Sync 1 DAGs
[2024-04-25T06:05:07.789+0000] {logging_mixin.py:188} INFO - [2024-04-25T06:05:07.789+0000] {dag.py:3823} INFO - Setting next_dagrun for example_short_circuit_decorator to 2024-04-24 00:00:00+00:00, run_after=2024-04-25 00:00:00+00:00
[2024-04-25T06:05:07.811+0000] {processor.py:183} INFO - Processing /home/airflow/.local/lib/python3.8/site-packages/airflow/example_dags/example_short_circuit_decorator.py took 0.125 seconds
[2024-04-25T06:05:38.751+0000] {processor.py:161} INFO - Started process (PID=743) to work on /home/airflow/.local/lib/python3.8/site-packages/airflow/example_dags/example_short_circuit_decorator.py
[2024-04-25T06:05:38.755+0000] {processor.py:830} INFO - Processing file /home/airflow/.local/lib/python3.8/site-packages/airflow/example_dags/example_short_circuit_decorator.py for tasks to queue
[2024-04-25T06:05:38.759+0000] {logging_mixin.py:188} INFO - [2024-04-25T06:05:38.758+0000] {dagbag.py:538} INFO - Filling up the DagBag from /home/airflow/.local/lib/python3.8/site-packages/airflow/example_dags/example_short_circuit_decorator.py
[2024-04-25T06:05:38.778+0000] {processor.py:840} INFO - DAG(s) 'example_short_circuit_decorator' retrieved from /home/airflow/.local/lib/python3.8/site-packages/airflow/example_dags/example_short_circuit_decorator.py
[2024-04-25T06:05:38.816+0000] {logging_mixin.py:188} INFO - [2024-04-25T06:05:38.816+0000] {dag.py:3036} INFO - Sync 1 DAGs
[2024-04-25T06:05:38.840+0000] {logging_mixin.py:188} INFO - [2024-04-25T06:05:38.840+0000] {dag.py:3823} INFO - Setting next_dagrun for example_short_circuit_decorator to 2024-04-24 00:00:00+00:00, run_after=2024-04-25 00:00:00+00:00
[2024-04-25T06:05:38.862+0000] {processor.py:183} INFO - Processing /home/airflow/.local/lib/python3.8/site-packages/airflow/example_dags/example_short_circuit_decorator.py took 0.118 seconds
[2024-04-25T06:06:09.098+0000] {processor.py:161} INFO - Started process (PID=802) to work on /home/airflow/.local/lib/python3.8/site-packages/airflow/example_dags/example_short_circuit_decorator.py
[2024-04-25T06:06:09.100+0000] {processor.py:830} INFO - Processing file /home/airflow/.local/lib/python3.8/site-packages/airflow/example_dags/example_short_circuit_decorator.py for tasks to queue
[2024-04-25T06:06:09.104+0000] {logging_mixin.py:188} INFO - [2024-04-25T06:06:09.104+0000] {dagbag.py:538} INFO - Filling up the DagBag from /home/airflow/.local/lib/python3.8/site-packages/airflow/example_dags/example_short_circuit_decorator.py
[2024-04-25T06:06:09.122+0000] {processor.py:840} INFO - DAG(s) 'example_short_circuit_decorator' retrieved from /home/airflow/.local/lib/python3.8/site-packages/airflow/example_dags/example_short_circuit_decorator.py
[2024-04-25T06:06:09.171+0000] {logging_mixin.py:188} INFO - [2024-04-25T06:06:09.171+0000] {dag.py:3036} INFO - Sync 1 DAGs
[2024-04-25T06:06:09.209+0000] {logging_mixin.py:188} INFO - [2024-04-25T06:06:09.208+0000] {dag.py:3823} INFO - Setting next_dagrun for example_short_circuit_decorator to 2024-04-24 00:00:00+00:00, run_after=2024-04-25 00:00:00+00:00
[2024-04-25T06:06:09.232+0000] {processor.py:183} INFO - Processing /home/airflow/.local/lib/python3.8/site-packages/airflow/example_dags/example_short_circuit_decorator.py took 0.140 seconds
[2024-04-25T06:06:39.570+0000] {processor.py:161} INFO - Started process (PID=861) to work on /home/airflow/.local/lib/python3.8/site-packages/airflow/example_dags/example_short_circuit_decorator.py
[2024-04-25T06:06:39.577+0000] {processor.py:830} INFO - Processing file /home/airflow/.local/lib/python3.8/site-packages/airflow/example_dags/example_short_circuit_decorator.py for tasks to queue
[2024-04-25T06:06:39.589+0000] {logging_mixin.py:188} INFO - [2024-04-25T06:06:39.587+0000] {dagbag.py:538} INFO - Filling up the DagBag from /home/airflow/.local/lib/python3.8/site-packages/airflow/example_dags/example_short_circuit_decorator.py
[2024-04-25T06:06:39.644+0000] {processor.py:840} INFO - DAG(s) 'example_short_circuit_decorator' retrieved from /home/airflow/.local/lib/python3.8/site-packages/airflow/example_dags/example_short_circuit_decorator.py
[2024-04-25T06:06:39.781+0000] {logging_mixin.py:188} INFO - [2024-04-25T06:06:39.780+0000] {dag.py:3036} INFO - Sync 1 DAGs
[2024-04-25T06:06:39.846+0000] {logging_mixin.py:188} INFO - [2024-04-25T06:06:39.845+0000] {dag.py:3823} INFO - Setting next_dagrun for example_short_circuit_decorator to 2024-04-24 00:00:00+00:00, run_after=2024-04-25 00:00:00+00:00
[2024-04-25T06:06:39.900+0000] {processor.py:183} INFO - Processing /home/airflow/.local/lib/python3.8/site-packages/airflow/example_dags/example_short_circuit_decorator.py took 0.369 seconds
[2024-04-25T06:07:10.328+0000] {processor.py:161} INFO - Started process (PID=920) to work on /home/airflow/.local/lib/python3.8/site-packages/airflow/example_dags/example_short_circuit_decorator.py
[2024-04-25T06:07:10.331+0000] {processor.py:830} INFO - Processing file /home/airflow/.local/lib/python3.8/site-packages/airflow/example_dags/example_short_circuit_decorator.py for tasks to queue
[2024-04-25T06:07:10.335+0000] {logging_mixin.py:188} INFO - [2024-04-25T06:07:10.334+0000] {dagbag.py:538} INFO - Filling up the DagBag from /home/airflow/.local/lib/python3.8/site-packages/airflow/example_dags/example_short_circuit_decorator.py
[2024-04-25T06:07:10.355+0000] {processor.py:840} INFO - DAG(s) 'example_short_circuit_decorator' retrieved from /home/airflow/.local/lib/python3.8/site-packages/airflow/example_dags/example_short_circuit_decorator.py
[2024-04-25T06:07:10.418+0000] {logging_mixin.py:188} INFO - [2024-04-25T06:07:10.418+0000] {dag.py:3036} INFO - Sync 1 DAGs
[2024-04-25T06:07:10.498+0000] {logging_mixin.py:188} INFO - [2024-04-25T06:07:10.497+0000] {dag.py:3823} INFO - Setting next_dagrun for example_short_circuit_decorator to 2024-04-24 00:00:00+00:00, run_after=2024-04-25 00:00:00+00:00
[2024-04-25T06:07:10.557+0000] {processor.py:183} INFO - Processing /home/airflow/.local/lib/python3.8/site-packages/airflow/example_dags/example_short_circuit_decorator.py took 0.235 seconds
[2024-04-25T06:07:40.958+0000] {processor.py:161} INFO - Started process (PID=985) to work on /home/airflow/.local/lib/python3.8/site-packages/airflow/example_dags/example_short_circuit_decorator.py
[2024-04-25T06:07:40.964+0000] {processor.py:830} INFO - Processing file /home/airflow/.local/lib/python3.8/site-packages/airflow/example_dags/example_short_circuit_decorator.py for tasks to queue
[2024-04-25T06:07:40.971+0000] {logging_mixin.py:188} INFO - [2024-04-25T06:07:40.970+0000] {dagbag.py:538} INFO - Filling up the DagBag from /home/airflow/.local/lib/python3.8/site-packages/airflow/example_dags/example_short_circuit_decorator.py
[2024-04-25T06:07:41.011+0000] {processor.py:840} INFO - DAG(s) 'example_short_circuit_decorator' retrieved from /home/airflow/.local/lib/python3.8/site-packages/airflow/example_dags/example_short_circuit_decorator.py
[2024-04-25T06:07:41.114+0000] {logging_mixin.py:188} INFO - [2024-04-25T06:07:41.112+0000] {dag.py:3036} INFO - Sync 1 DAGs
[2024-04-25T06:07:41.335+0000] {logging_mixin.py:188} INFO - [2024-04-25T06:07:41.334+0000] {dag.py:3823} INFO - Setting next_dagrun for example_short_circuit_decorator to 2024-04-24 00:00:00+00:00, run_after=2024-04-25 00:00:00+00:00
[2024-04-25T06:07:41.433+0000] {processor.py:183} INFO - Processing /home/airflow/.local/lib/python3.8/site-packages/airflow/example_dags/example_short_circuit_decorator.py took 0.486 seconds
[2024-04-25T06:08:11.559+0000] {processor.py:161} INFO - Started process (PID=1043) to work on /home/airflow/.local/lib/python3.8/site-packages/airflow/example_dags/example_short_circuit_decorator.py
[2024-04-25T06:08:11.564+0000] {processor.py:830} INFO - Processing file /home/airflow/.local/lib/python3.8/site-packages/airflow/example_dags/example_short_circuit_decorator.py for tasks to queue
[2024-04-25T06:08:11.570+0000] {logging_mixin.py:188} INFO - [2024-04-25T06:08:11.569+0000] {dagbag.py:538} INFO - Filling up the DagBag from /home/airflow/.local/lib/python3.8/site-packages/airflow/example_dags/example_short_circuit_decorator.py
[2024-04-25T06:08:11.589+0000] {processor.py:840} INFO - DAG(s) 'example_short_circuit_decorator' retrieved from /home/airflow/.local/lib/python3.8/site-packages/airflow/example_dags/example_short_circuit_decorator.py
[2024-04-25T06:08:11.628+0000] {logging_mixin.py:188} INFO - [2024-04-25T06:08:11.628+0000] {dag.py:3036} INFO - Sync 1 DAGs
[2024-04-25T06:08:11.686+0000] {logging_mixin.py:188} INFO - [2024-04-25T06:08:11.685+0000] {dag.py:3823} INFO - Setting next_dagrun for example_short_circuit_decorator to 2024-04-24 00:00:00+00:00, run_after=2024-04-25 00:00:00+00:00
[2024-04-25T06:08:11.744+0000] {processor.py:183} INFO - Processing /home/airflow/.local/lib/python3.8/site-packages/airflow/example_dags/example_short_circuit_decorator.py took 0.193 seconds
[2024-04-25T06:08:42.159+0000] {processor.py:161} INFO - Started process (PID=1103) to work on /home/airflow/.local/lib/python3.8/site-packages/airflow/example_dags/example_short_circuit_decorator.py
[2024-04-25T06:08:42.162+0000] {processor.py:830} INFO - Processing file /home/airflow/.local/lib/python3.8/site-packages/airflow/example_dags/example_short_circuit_decorator.py for tasks to queue
[2024-04-25T06:08:42.166+0000] {logging_mixin.py:188} INFO - [2024-04-25T06:08:42.166+0000] {dagbag.py:538} INFO - Filling up the DagBag from /home/airflow/.local/lib/python3.8/site-packages/airflow/example_dags/example_short_circuit_decorator.py
[2024-04-25T06:08:42.183+0000] {processor.py:840} INFO - DAG(s) 'example_short_circuit_decorator' retrieved from /home/airflow/.local/lib/python3.8/site-packages/airflow/example_dags/example_short_circuit_decorator.py
[2024-04-25T06:08:42.213+0000] {logging_mixin.py:188} INFO - [2024-04-25T06:08:42.213+0000] {dag.py:3036} INFO - Sync 1 DAGs
[2024-04-25T06:08:42.245+0000] {logging_mixin.py:188} INFO - [2024-04-25T06:08:42.245+0000] {dag.py:3823} INFO - Setting next_dagrun for example_short_circuit_decorator to 2024-04-24 00:00:00+00:00, run_after=2024-04-25 00:00:00+00:00
[2024-04-25T06:08:42.286+0000] {processor.py:183} INFO - Processing /home/airflow/.local/lib/python3.8/site-packages/airflow/example_dags/example_short_circuit_decorator.py took 0.137 seconds
[2024-04-25T06:09:12.784+0000] {processor.py:161} INFO - Started process (PID=1162) to work on /home/airflow/.local/lib/python3.8/site-packages/airflow/example_dags/example_short_circuit_decorator.py
[2024-04-25T06:09:12.788+0000] {processor.py:830} INFO - Processing file /home/airflow/.local/lib/python3.8/site-packages/airflow/example_dags/example_short_circuit_decorator.py for tasks to queue
[2024-04-25T06:09:12.795+0000] {logging_mixin.py:188} INFO - [2024-04-25T06:09:12.794+0000] {dagbag.py:538} INFO - Filling up the DagBag from /home/airflow/.local/lib/python3.8/site-packages/airflow/example_dags/example_short_circuit_decorator.py
[2024-04-25T06:09:12.835+0000] {processor.py:840} INFO - DAG(s) 'example_short_circuit_decorator' retrieved from /home/airflow/.local/lib/python3.8/site-packages/airflow/example_dags/example_short_circuit_decorator.py
[2024-04-25T06:09:13.004+0000] {logging_mixin.py:188} INFO - [2024-04-25T06:09:13.003+0000] {dag.py:3036} INFO - Sync 1 DAGs
[2024-04-25T06:09:13.206+0000] {logging_mixin.py:188} INFO - [2024-04-25T06:09:13.204+0000] {dag.py:3823} INFO - Setting next_dagrun for example_short_circuit_decorator to 2024-04-24 00:00:00+00:00, run_after=2024-04-25 00:00:00+00:00
[2024-04-25T06:09:13.300+0000] {processor.py:183} INFO - Processing /home/airflow/.local/lib/python3.8/site-packages/airflow/example_dags/example_short_circuit_decorator.py took 0.527 seconds
[2024-04-25T06:09:43.395+0000] {processor.py:161} INFO - Started process (PID=1220) to work on /home/airflow/.local/lib/python3.8/site-packages/airflow/example_dags/example_short_circuit_decorator.py
[2024-04-25T06:09:43.399+0000] {processor.py:830} INFO - Processing file /home/airflow/.local/lib/python3.8/site-packages/airflow/example_dags/example_short_circuit_decorator.py for tasks to queue
[2024-04-25T06:09:43.406+0000] {logging_mixin.py:188} INFO - [2024-04-25T06:09:43.405+0000] {dagbag.py:538} INFO - Filling up the DagBag from /home/airflow/.local/lib/python3.8/site-packages/airflow/example_dags/example_short_circuit_decorator.py
[2024-04-25T06:09:43.434+0000] {processor.py:840} INFO - DAG(s) 'example_short_circuit_decorator' retrieved from /home/airflow/.local/lib/python3.8/site-packages/airflow/example_dags/example_short_circuit_decorator.py
[2024-04-25T06:09:43.523+0000] {logging_mixin.py:188} INFO - [2024-04-25T06:09:43.522+0000] {dag.py:3036} INFO - Sync 1 DAGs
[2024-04-25T06:09:43.602+0000] {logging_mixin.py:188} INFO - [2024-04-25T06:09:43.601+0000] {dag.py:3823} INFO - Setting next_dagrun for example_short_circuit_decorator to 2024-04-24 00:00:00+00:00, run_after=2024-04-25 00:00:00+00:00
[2024-04-25T06:09:43.688+0000] {processor.py:183} INFO - Processing /home/airflow/.local/lib/python3.8/site-packages/airflow/example_dags/example_short_circuit_decorator.py took 0.303 seconds
[2024-04-25T06:10:15.272+0000] {processor.py:161} INFO - Started process (PID=1279) to work on /home/airflow/.local/lib/python3.8/site-packages/airflow/example_dags/example_short_circuit_decorator.py
[2024-04-25T06:10:15.278+0000] {processor.py:830} INFO - Processing file /home/airflow/.local/lib/python3.8/site-packages/airflow/example_dags/example_short_circuit_decorator.py for tasks to queue
[2024-04-25T06:10:15.285+0000] {logging_mixin.py:188} INFO - [2024-04-25T06:10:15.284+0000] {dagbag.py:538} INFO - Filling up the DagBag from /home/airflow/.local/lib/python3.8/site-packages/airflow/example_dags/example_short_circuit_decorator.py
[2024-04-25T06:10:15.359+0000] {processor.py:840} INFO - DAG(s) 'example_short_circuit_decorator' retrieved from /home/airflow/.local/lib/python3.8/site-packages/airflow/example_dags/example_short_circuit_decorator.py
[2024-04-25T06:10:15.497+0000] {logging_mixin.py:188} INFO - [2024-04-25T06:10:15.496+0000] {dag.py:3036} INFO - Sync 1 DAGs
[2024-04-25T06:10:15.589+0000] {logging_mixin.py:188} INFO - [2024-04-25T06:10:15.588+0000] {dag.py:3823} INFO - Setting next_dagrun for example_short_circuit_decorator to 2024-04-24 00:00:00+00:00, run_after=2024-04-25 00:00:00+00:00
[2024-04-25T06:10:15.651+0000] {processor.py:183} INFO - Processing /home/airflow/.local/lib/python3.8/site-packages/airflow/example_dags/example_short_circuit_decorator.py took 0.408 seconds
[2024-04-25T06:52:49.403+0000] {processor.py:161} INFO - Started process (PID=114) to work on /home/airflow/.local/lib/python3.8/site-packages/airflow/example_dags/example_short_circuit_decorator.py
[2024-04-25T06:52:49.418+0000] {processor.py:830} INFO - Processing file /home/airflow/.local/lib/python3.8/site-packages/airflow/example_dags/example_short_circuit_decorator.py for tasks to queue
[2024-04-25T06:52:49.452+0000] {logging_mixin.py:188} INFO - [2024-04-25T06:52:49.448+0000] {dagbag.py:538} INFO - Filling up the DagBag from /home/airflow/.local/lib/python3.8/site-packages/airflow/example_dags/example_short_circuit_decorator.py
[2024-04-25T06:52:49.580+0000] {processor.py:840} INFO - DAG(s) 'example_short_circuit_decorator' retrieved from /home/airflow/.local/lib/python3.8/site-packages/airflow/example_dags/example_short_circuit_decorator.py
[2024-04-25T06:52:50.956+0000] {logging_mixin.py:188} INFO - [2024-04-25T06:52:50.951+0000] {dag.py:3036} INFO - Sync 1 DAGs
[2024-04-25T06:52:51.610+0000] {logging_mixin.py:188} INFO - [2024-04-25T06:52:51.608+0000] {dag.py:3823} INFO - Setting next_dagrun for example_short_circuit_decorator to 2024-04-24 00:00:00+00:00, run_after=2024-04-25 00:00:00+00:00
[2024-04-25T06:52:52.131+0000] {processor.py:183} INFO - Processing /home/airflow/.local/lib/python3.8/site-packages/airflow/example_dags/example_short_circuit_decorator.py took 2.699 seconds
[2024-04-25T06:53:35.784+0000] {processor.py:161} INFO - Started process (PID=184) to work on /home/airflow/.local/lib/python3.8/site-packages/airflow/example_dags/example_short_circuit_decorator.py
[2024-04-25T06:53:35.795+0000] {processor.py:830} INFO - Processing file /home/airflow/.local/lib/python3.8/site-packages/airflow/example_dags/example_short_circuit_decorator.py for tasks to queue
[2024-04-25T06:53:35.806+0000] {logging_mixin.py:188} INFO - [2024-04-25T06:53:35.804+0000] {dagbag.py:538} INFO - Filling up the DagBag from /home/airflow/.local/lib/python3.8/site-packages/airflow/example_dags/example_short_circuit_decorator.py
[2024-04-25T06:53:35.868+0000] {processor.py:840} INFO - DAG(s) 'example_short_circuit_decorator' retrieved from /home/airflow/.local/lib/python3.8/site-packages/airflow/example_dags/example_short_circuit_decorator.py
[2024-04-25T06:53:36.006+0000] {logging_mixin.py:188} INFO - [2024-04-25T06:53:36.005+0000] {dag.py:3036} INFO - Sync 1 DAGs
[2024-04-25T06:53:36.155+0000] {logging_mixin.py:188} INFO - [2024-04-25T06:53:36.153+0000] {dag.py:3823} INFO - Setting next_dagrun for example_short_circuit_decorator to 2024-04-24 00:00:00+00:00, run_after=2024-04-25 00:00:00+00:00
[2024-04-25T06:53:36.454+0000] {processor.py:183} INFO - Processing /home/airflow/.local/lib/python3.8/site-packages/airflow/example_dags/example_short_circuit_decorator.py took 0.688 seconds
[2024-04-25T06:54:14.436+0000] {processor.py:161} INFO - Started process (PID=260) to work on /home/airflow/.local/lib/python3.8/site-packages/airflow/example_dags/example_short_circuit_decorator.py
[2024-04-25T06:54:14.493+0000] {processor.py:830} INFO - Processing file /home/airflow/.local/lib/python3.8/site-packages/airflow/example_dags/example_short_circuit_decorator.py for tasks to queue
[2024-04-25T06:54:14.552+0000] {logging_mixin.py:188} INFO - [2024-04-25T06:54:14.550+0000] {dagbag.py:538} INFO - Filling up the DagBag from /home/airflow/.local/lib/python3.8/site-packages/airflow/example_dags/example_short_circuit_decorator.py
[2024-04-25T06:54:14.741+0000] {processor.py:840} INFO - DAG(s) 'example_short_circuit_decorator' retrieved from /home/airflow/.local/lib/python3.8/site-packages/airflow/example_dags/example_short_circuit_decorator.py
[2024-04-25T06:54:15.003+0000] {logging_mixin.py:188} INFO - [2024-04-25T06:54:14.993+0000] {dag.py:3036} INFO - Sync 1 DAGs
[2024-04-25T06:54:15.264+0000] {logging_mixin.py:188} INFO - [2024-04-25T06:54:15.263+0000] {dag.py:3823} INFO - Setting next_dagrun for example_short_circuit_decorator to 2024-04-24 00:00:00+00:00, run_after=2024-04-25 00:00:00+00:00
[2024-04-25T06:54:15.399+0000] {processor.py:183} INFO - Processing /home/airflow/.local/lib/python3.8/site-packages/airflow/example_dags/example_short_circuit_decorator.py took 0.994 seconds
[2024-04-25T06:54:50.116+0000] {processor.py:161} INFO - Started process (PID=330) to work on /home/airflow/.local/lib/python3.8/site-packages/airflow/example_dags/example_short_circuit_decorator.py
[2024-04-25T06:54:50.123+0000] {processor.py:830} INFO - Processing file /home/airflow/.local/lib/python3.8/site-packages/airflow/example_dags/example_short_circuit_decorator.py for tasks to queue
[2024-04-25T06:54:50.133+0000] {logging_mixin.py:188} INFO - [2024-04-25T06:54:50.131+0000] {dagbag.py:538} INFO - Filling up the DagBag from /home/airflow/.local/lib/python3.8/site-packages/airflow/example_dags/example_short_circuit_decorator.py
[2024-04-25T06:54:50.181+0000] {processor.py:840} INFO - DAG(s) 'example_short_circuit_decorator' retrieved from /home/airflow/.local/lib/python3.8/site-packages/airflow/example_dags/example_short_circuit_decorator.py
[2024-04-25T06:54:50.302+0000] {logging_mixin.py:188} INFO - [2024-04-25T06:54:50.301+0000] {dag.py:3036} INFO - Sync 1 DAGs
[2024-04-25T06:54:50.408+0000] {logging_mixin.py:188} INFO - [2024-04-25T06:54:50.408+0000] {dag.py:3823} INFO - Setting next_dagrun for example_short_circuit_decorator to 2024-04-24 00:00:00+00:00, run_after=2024-04-25 00:00:00+00:00
[2024-04-25T06:54:50.497+0000] {processor.py:183} INFO - Processing /home/airflow/.local/lib/python3.8/site-packages/airflow/example_dags/example_short_circuit_decorator.py took 0.399 seconds
[2024-04-25T06:55:25.501+0000] {processor.py:161} INFO - Started process (PID=399) to work on /home/airflow/.local/lib/python3.8/site-packages/airflow/example_dags/example_short_circuit_decorator.py
[2024-04-25T06:55:25.507+0000] {processor.py:830} INFO - Processing file /home/airflow/.local/lib/python3.8/site-packages/airflow/example_dags/example_short_circuit_decorator.py for tasks to queue
[2024-04-25T06:55:25.515+0000] {logging_mixin.py:188} INFO - [2024-04-25T06:55:25.513+0000] {dagbag.py:538} INFO - Filling up the DagBag from /home/airflow/.local/lib/python3.8/site-packages/airflow/example_dags/example_short_circuit_decorator.py
[2024-04-25T06:55:25.554+0000] {processor.py:840} INFO - DAG(s) 'example_short_circuit_decorator' retrieved from /home/airflow/.local/lib/python3.8/site-packages/airflow/example_dags/example_short_circuit_decorator.py
[2024-04-25T06:55:25.674+0000] {logging_mixin.py:188} INFO - [2024-04-25T06:55:25.673+0000] {dag.py:3036} INFO - Sync 1 DAGs
[2024-04-25T06:55:25.779+0000] {logging_mixin.py:188} INFO - [2024-04-25T06:55:25.779+0000] {dag.py:3823} INFO - Setting next_dagrun for example_short_circuit_decorator to 2024-04-24 00:00:00+00:00, run_after=2024-04-25 00:00:00+00:00
[2024-04-25T06:55:25.861+0000] {processor.py:183} INFO - Processing /home/airflow/.local/lib/python3.8/site-packages/airflow/example_dags/example_short_circuit_decorator.py took 0.372 seconds
[2024-04-25T06:56:02.629+0000] {processor.py:161} INFO - Started process (PID=469) to work on /home/airflow/.local/lib/python3.8/site-packages/airflow/example_dags/example_short_circuit_decorator.py
[2024-04-25T06:56:02.636+0000] {processor.py:830} INFO - Processing file /home/airflow/.local/lib/python3.8/site-packages/airflow/example_dags/example_short_circuit_decorator.py for tasks to queue
[2024-04-25T06:56:02.643+0000] {logging_mixin.py:188} INFO - [2024-04-25T06:56:02.642+0000] {dagbag.py:538} INFO - Filling up the DagBag from /home/airflow/.local/lib/python3.8/site-packages/airflow/example_dags/example_short_circuit_decorator.py
[2024-04-25T06:56:02.680+0000] {processor.py:840} INFO - DAG(s) 'example_short_circuit_decorator' retrieved from /home/airflow/.local/lib/python3.8/site-packages/airflow/example_dags/example_short_circuit_decorator.py
[2024-04-25T06:56:02.791+0000] {logging_mixin.py:188} INFO - [2024-04-25T06:56:02.790+0000] {dag.py:3036} INFO - Sync 1 DAGs
[2024-04-25T06:56:02.892+0000] {logging_mixin.py:188} INFO - [2024-04-25T06:56:02.891+0000] {dag.py:3823} INFO - Setting next_dagrun for example_short_circuit_decorator to 2024-04-24 00:00:00+00:00, run_after=2024-04-25 00:00:00+00:00
[2024-04-25T06:56:02.977+0000] {processor.py:183} INFO - Processing /home/airflow/.local/lib/python3.8/site-packages/airflow/example_dags/example_short_circuit_decorator.py took 0.366 seconds
[2024-04-25T06:56:40.553+0000] {processor.py:161} INFO - Started process (PID=545) to work on /home/airflow/.local/lib/python3.8/site-packages/airflow/example_dags/example_short_circuit_decorator.py
[2024-04-25T06:56:40.561+0000] {processor.py:830} INFO - Processing file /home/airflow/.local/lib/python3.8/site-packages/airflow/example_dags/example_short_circuit_decorator.py for tasks to queue
[2024-04-25T06:56:40.569+0000] {logging_mixin.py:188} INFO - [2024-04-25T06:56:40.568+0000] {dagbag.py:538} INFO - Filling up the DagBag from /home/airflow/.local/lib/python3.8/site-packages/airflow/example_dags/example_short_circuit_decorator.py
[2024-04-25T06:56:40.630+0000] {processor.py:840} INFO - DAG(s) 'example_short_circuit_decorator' retrieved from /home/airflow/.local/lib/python3.8/site-packages/airflow/example_dags/example_short_circuit_decorator.py
[2024-04-25T06:56:40.735+0000] {logging_mixin.py:188} INFO - [2024-04-25T06:56:40.734+0000] {dag.py:3036} INFO - Sync 1 DAGs
[2024-04-25T06:56:40.881+0000] {logging_mixin.py:188} INFO - [2024-04-25T06:56:40.880+0000] {dag.py:3823} INFO - Setting next_dagrun for example_short_circuit_decorator to 2024-04-24 00:00:00+00:00, run_after=2024-04-25 00:00:00+00:00
[2024-04-25T06:56:40.980+0000] {processor.py:183} INFO - Processing /home/airflow/.local/lib/python3.8/site-packages/airflow/example_dags/example_short_circuit_decorator.py took 0.441 seconds
[2024-04-25T06:57:42.057+0000] {processor.py:161} INFO - Started process (PID=617) to work on /home/airflow/.local/lib/python3.8/site-packages/airflow/example_dags/example_short_circuit_decorator.py
[2024-04-25T06:57:42.065+0000] {processor.py:830} INFO - Processing file /home/airflow/.local/lib/python3.8/site-packages/airflow/example_dags/example_short_circuit_decorator.py for tasks to queue
[2024-04-25T06:57:42.074+0000] {logging_mixin.py:188} INFO - [2024-04-25T06:57:42.072+0000] {dagbag.py:538} INFO - Filling up the DagBag from /home/airflow/.local/lib/python3.8/site-packages/airflow/example_dags/example_short_circuit_decorator.py
[2024-04-25T06:57:42.174+0000] {processor.py:840} INFO - DAG(s) 'example_short_circuit_decorator' retrieved from /home/airflow/.local/lib/python3.8/site-packages/airflow/example_dags/example_short_circuit_decorator.py
[2024-04-25T06:57:42.476+0000] {logging_mixin.py:188} INFO - [2024-04-25T06:57:42.467+0000] {dag.py:3036} INFO - Sync 1 DAGs
[2024-04-25T06:57:42.745+0000] {logging_mixin.py:188} INFO - [2024-04-25T06:57:42.744+0000] {dag.py:3823} INFO - Setting next_dagrun for example_short_circuit_decorator to 2024-04-24 00:00:00+00:00, run_after=2024-04-25 00:00:00+00:00
[2024-04-25T06:57:42.944+0000] {processor.py:183} INFO - Processing /home/airflow/.local/lib/python3.8/site-packages/airflow/example_dags/example_short_circuit_decorator.py took 0.902 seconds
[2024-04-25T07:05:44.523+0000] {processor.py:161} INFO - Started process (PID=763) to work on /home/airflow/.local/lib/python3.8/site-packages/airflow/example_dags/example_short_circuit_decorator.py
[2024-04-25T07:05:44.667+0000] {processor.py:830} INFO - Processing file /home/airflow/.local/lib/python3.8/site-packages/airflow/example_dags/example_short_circuit_decorator.py for tasks to queue
[2024-04-25T07:05:44.792+0000] {logging_mixin.py:188} INFO - [2024-04-25T07:05:44.677+0000] {dagbag.py:538} INFO - Filling up the DagBag from /home/airflow/.local/lib/python3.8/site-packages/airflow/example_dags/example_short_circuit_decorator.py
[2024-04-25T07:05:46.715+0000] {processor.py:840} INFO - DAG(s) 'example_short_circuit_decorator' retrieved from /home/airflow/.local/lib/python3.8/site-packages/airflow/example_dags/example_short_circuit_decorator.py
[2024-04-25T07:05:55.558+0000] {logging_mixin.py:188} INFO - [2024-04-25T07:05:55.507+0000] {dag.py:3036} INFO - Sync 1 DAGs
[2024-04-25T07:05:59.344+0000] {logging_mixin.py:188} INFO - [2024-04-25T07:05:59.343+0000] {dag.py:3823} INFO - Setting next_dagrun for example_short_circuit_decorator to 2024-04-24 00:00:00+00:00, run_after=2024-04-25 00:00:00+00:00
[2024-04-25T07:06:26.715+0000] {processor.py:183} INFO - Processing /home/airflow/.local/lib/python3.8/site-packages/airflow/example_dags/example_short_circuit_decorator.py took 42.817 seconds
[2024-04-25T07:51:10.338+0000] {processor.py:161} INFO - Started process (PID=73) to work on /home/airflow/.local/lib/python3.8/site-packages/airflow/example_dags/example_short_circuit_decorator.py
[2024-04-25T07:51:10.345+0000] {processor.py:830} INFO - Processing file /home/airflow/.local/lib/python3.8/site-packages/airflow/example_dags/example_short_circuit_decorator.py for tasks to queue
[2024-04-25T07:51:10.352+0000] {logging_mixin.py:188} INFO - [2024-04-25T07:51:10.351+0000] {dagbag.py:538} INFO - Filling up the DagBag from /home/airflow/.local/lib/python3.8/site-packages/airflow/example_dags/example_short_circuit_decorator.py
[2024-04-25T07:51:10.395+0000] {processor.py:840} INFO - DAG(s) 'example_short_circuit_decorator' retrieved from /home/airflow/.local/lib/python3.8/site-packages/airflow/example_dags/example_short_circuit_decorator.py
[2024-04-25T07:51:10.823+0000] {logging_mixin.py:188} INFO - [2024-04-25T07:51:10.822+0000] {dag.py:3036} INFO - Sync 1 DAGs
[2024-04-25T07:51:10.900+0000] {logging_mixin.py:188} INFO - [2024-04-25T07:51:10.900+0000] {dag.py:3823} INFO - Setting next_dagrun for example_short_circuit_decorator to 2024-04-24 00:00:00+00:00, run_after=2024-04-25 00:00:00+00:00
[2024-04-25T07:51:10.975+0000] {processor.py:183} INFO - Processing /home/airflow/.local/lib/python3.8/site-packages/airflow/example_dags/example_short_circuit_decorator.py took 0.647 seconds
[2024-04-25T07:51:43.723+0000] {processor.py:161} INFO - Started process (PID=143) to work on /home/airflow/.local/lib/python3.8/site-packages/airflow/example_dags/example_short_circuit_decorator.py
[2024-04-25T07:51:43.734+0000] {processor.py:830} INFO - Processing file /home/airflow/.local/lib/python3.8/site-packages/airflow/example_dags/example_short_circuit_decorator.py for tasks to queue
[2024-04-25T07:51:43.745+0000] {logging_mixin.py:188} INFO - [2024-04-25T07:51:43.743+0000] {dagbag.py:538} INFO - Filling up the DagBag from /home/airflow/.local/lib/python3.8/site-packages/airflow/example_dags/example_short_circuit_decorator.py
[2024-04-25T07:51:43.820+0000] {processor.py:840} INFO - DAG(s) 'example_short_circuit_decorator' retrieved from /home/airflow/.local/lib/python3.8/site-packages/airflow/example_dags/example_short_circuit_decorator.py
[2024-04-25T07:51:44.041+0000] {logging_mixin.py:188} INFO - [2024-04-25T07:51:44.040+0000] {dag.py:3036} INFO - Sync 1 DAGs
[2024-04-25T07:51:44.214+0000] {logging_mixin.py:188} INFO - [2024-04-25T07:51:44.212+0000] {dag.py:3823} INFO - Setting next_dagrun for example_short_circuit_decorator to 2024-04-24 00:00:00+00:00, run_after=2024-04-25 00:00:00+00:00
[2024-04-25T07:51:44.487+0000] {processor.py:183} INFO - Processing /home/airflow/.local/lib/python3.8/site-packages/airflow/example_dags/example_short_circuit_decorator.py took 0.784 seconds
[2024-04-25T07:52:23.327+0000] {processor.py:161} INFO - Started process (PID=213) to work on /home/airflow/.local/lib/python3.8/site-packages/airflow/example_dags/example_short_circuit_decorator.py
[2024-04-25T07:52:23.340+0000] {processor.py:830} INFO - Processing file /home/airflow/.local/lib/python3.8/site-packages/airflow/example_dags/example_short_circuit_decorator.py for tasks to queue
[2024-04-25T07:52:23.351+0000] {logging_mixin.py:188} INFO - [2024-04-25T07:52:23.350+0000] {dagbag.py:538} INFO - Filling up the DagBag from /home/airflow/.local/lib/python3.8/site-packages/airflow/example_dags/example_short_circuit_decorator.py
[2024-04-25T07:52:23.734+0000] {processor.py:840} INFO - DAG(s) 'example_short_circuit_decorator' retrieved from /home/airflow/.local/lib/python3.8/site-packages/airflow/example_dags/example_short_circuit_decorator.py
[2024-04-25T07:52:24.043+0000] {logging_mixin.py:188} INFO - [2024-04-25T07:52:24.042+0000] {dag.py:3036} INFO - Sync 1 DAGs
[2024-04-25T07:52:24.200+0000] {logging_mixin.py:188} INFO - [2024-04-25T07:52:24.199+0000] {dag.py:3823} INFO - Setting next_dagrun for example_short_circuit_decorator to 2024-04-24 00:00:00+00:00, run_after=2024-04-25 00:00:00+00:00
[2024-04-25T07:52:24.325+0000] {processor.py:183} INFO - Processing /home/airflow/.local/lib/python3.8/site-packages/airflow/example_dags/example_short_circuit_decorator.py took 1.014 seconds
[2024-04-25T07:52:55.126+0000] {processor.py:161} INFO - Started process (PID=283) to work on /home/airflow/.local/lib/python3.8/site-packages/airflow/example_dags/example_short_circuit_decorator.py
[2024-04-25T07:52:55.132+0000] {processor.py:830} INFO - Processing file /home/airflow/.local/lib/python3.8/site-packages/airflow/example_dags/example_short_circuit_decorator.py for tasks to queue
[2024-04-25T07:52:55.139+0000] {logging_mixin.py:188} INFO - [2024-04-25T07:52:55.138+0000] {dagbag.py:538} INFO - Filling up the DagBag from /home/airflow/.local/lib/python3.8/site-packages/airflow/example_dags/example_short_circuit_decorator.py
[2024-04-25T07:52:55.179+0000] {processor.py:840} INFO - DAG(s) 'example_short_circuit_decorator' retrieved from /home/airflow/.local/lib/python3.8/site-packages/airflow/example_dags/example_short_circuit_decorator.py
[2024-04-25T07:52:55.263+0000] {logging_mixin.py:188} INFO - [2024-04-25T07:52:55.262+0000] {dag.py:3036} INFO - Sync 1 DAGs
[2024-04-25T07:52:55.338+0000] {logging_mixin.py:188} INFO - [2024-04-25T07:52:55.337+0000] {dag.py:3823} INFO - Setting next_dagrun for example_short_circuit_decorator to 2024-04-24 00:00:00+00:00, run_after=2024-04-25 00:00:00+00:00
[2024-04-25T07:52:55.424+0000] {processor.py:183} INFO - Processing /home/airflow/.local/lib/python3.8/site-packages/airflow/example_dags/example_short_circuit_decorator.py took 0.310 seconds
[2024-04-25T07:53:33.844+0000] {processor.py:161} INFO - Started process (PID=359) to work on /home/airflow/.local/lib/python3.8/site-packages/airflow/example_dags/example_short_circuit_decorator.py
[2024-04-25T07:53:33.870+0000] {processor.py:830} INFO - Processing file /home/airflow/.local/lib/python3.8/site-packages/airflow/example_dags/example_short_circuit_decorator.py for tasks to queue
[2024-04-25T07:53:33.887+0000] {logging_mixin.py:188} INFO - [2024-04-25T07:53:33.885+0000] {dagbag.py:538} INFO - Filling up the DagBag from /home/airflow/.local/lib/python3.8/site-packages/airflow/example_dags/example_short_circuit_decorator.py
[2024-04-25T07:53:33.958+0000] {processor.py:840} INFO - DAG(s) 'example_short_circuit_decorator' retrieved from /home/airflow/.local/lib/python3.8/site-packages/airflow/example_dags/example_short_circuit_decorator.py
[2024-04-25T07:53:34.231+0000] {logging_mixin.py:188} INFO - [2024-04-25T07:53:34.129+0000] {dag.py:3036} INFO - Sync 1 DAGs
[2024-04-25T07:53:34.452+0000] {logging_mixin.py:188} INFO - [2024-04-25T07:53:34.450+0000] {dag.py:3823} INFO - Setting next_dagrun for example_short_circuit_decorator to 2024-04-24 00:00:00+00:00, run_after=2024-04-25 00:00:00+00:00
[2024-04-25T07:53:34.549+0000] {processor.py:183} INFO - Processing /home/airflow/.local/lib/python3.8/site-packages/airflow/example_dags/example_short_circuit_decorator.py took 0.754 seconds
