[2024-04-25T05:59:07.318+0000] {processor.py:161} INFO - Started process (PID=107) to work on /home/airflow/.local/lib/python3.8/site-packages/airflow/example_dags/example_subdag_operator.py
[2024-04-25T05:59:07.400+0000] {processor.py:830} INFO - Processing file /home/airflow/.local/lib/python3.8/site-packages/airflow/example_dags/example_subdag_operator.py for tasks to queue
[2024-04-25T05:59:07.582+0000] {logging_mixin.py:188} INFO - [2024-04-25T05:59:07.519+0000] {dagbag.py:538} INFO - Filling up the DagBag from /home/airflow/.local/lib/python3.8/site-packages/airflow/example_dags/example_subdag_operator.py
[2024-04-25T05:59:09.042+0000] {processor.py:840} INFO - DAG(s) 'example_subdag_operator.section-1', 'example_subdag_operator.section-2', 'example_subdag_operator' retrieved from /home/airflow/.local/lib/python3.8/site-packages/airflow/example_dags/example_subdag_operator.py
[2024-04-25T05:59:09.869+0000] {logging_mixin.py:188} INFO - [2024-04-25T05:59:09.868+0000] {dag.py:3036} INFO - Sync 3 DAGs
[2024-04-25T05:59:09.980+0000] {logging_mixin.py:188} INFO - [2024-04-25T05:59:09.979+0000] {dag.py:3823} INFO - Setting next_dagrun for example_subdag_operator to 2022-01-01 00:00:00+00:00, run_after=2022-01-01 00:00:00+00:00
[2024-04-25T05:59:09.998+0000] {logging_mixin.py:188} INFO - [2024-04-25T05:59:09.997+0000] {dag.py:3823} INFO - Setting next_dagrun for example_subdag_operator.section-1 to None, run_after=None
[2024-04-25T05:59:10.010+0000] {logging_mixin.py:188} INFO - [2024-04-25T05:59:10.009+0000] {dag.py:3823} INFO - Setting next_dagrun for example_subdag_operator.section-2 to None, run_after=None
[2024-04-25T05:59:10.066+0000] {logging_mixin.py:188} INFO - [2024-04-25T05:59:10.065+0000] {dag.py:3036} INFO - Sync 2 DAGs
[2024-04-25T05:59:10.096+0000] {logging_mixin.py:188} INFO - [2024-04-25T05:59:10.095+0000] {dag.py:3823} INFO - Setting next_dagrun for example_subdag_operator.section-1 to None, run_after=None
[2024-04-25T05:59:10.100+0000] {logging_mixin.py:188} INFO - [2024-04-25T05:59:10.099+0000] {dag.py:3823} INFO - Setting next_dagrun for example_subdag_operator.section-2 to None, run_after=None
[2024-04-25T05:59:10.170+0000] {processor.py:183} INFO - Processing /home/airflow/.local/lib/python3.8/site-packages/airflow/example_dags/example_subdag_operator.py took 2.880 seconds
[2024-04-25T05:59:49.096+0000] {processor.py:161} INFO - Started process (PID=166) to work on /home/airflow/.local/lib/python3.8/site-packages/airflow/example_dags/example_subdag_operator.py
[2024-04-25T05:59:49.192+0000] {processor.py:830} INFO - Processing file /home/airflow/.local/lib/python3.8/site-packages/airflow/example_dags/example_subdag_operator.py for tasks to queue
[2024-04-25T05:59:49.241+0000] {logging_mixin.py:188} INFO - [2024-04-25T05:59:49.237+0000] {dagbag.py:538} INFO - Filling up the DagBag from /home/airflow/.local/lib/python3.8/site-packages/airflow/example_dags/example_subdag_operator.py
[2024-04-25T05:59:49.904+0000] {processor.py:840} INFO - DAG(s) 'example_subdag_operator.section-1', 'example_subdag_operator.section-2', 'example_subdag_operator' retrieved from /home/airflow/.local/lib/python3.8/site-packages/airflow/example_dags/example_subdag_operator.py
[2024-04-25T05:59:50.399+0000] {logging_mixin.py:188} INFO - [2024-04-25T05:59:50.398+0000] {dag.py:3036} INFO - Sync 3 DAGs
[2024-04-25T05:59:51.402+0000] {logging_mixin.py:188} INFO - [2024-04-25T05:59:51.367+0000] {dag.py:3823} INFO - Setting next_dagrun for example_subdag_operator to 2022-01-01 00:00:00+00:00, run_after=2022-01-01 00:00:00+00:00
[2024-04-25T05:59:51.505+0000] {logging_mixin.py:188} INFO - [2024-04-25T05:59:51.504+0000] {dag.py:3823} INFO - Setting next_dagrun for example_subdag_operator.section-1 to None, run_after=None
[2024-04-25T05:59:51.516+0000] {logging_mixin.py:188} INFO - [2024-04-25T05:59:51.515+0000] {dag.py:3823} INFO - Setting next_dagrun for example_subdag_operator.section-2 to None, run_after=None
[2024-04-25T05:59:51.679+0000] {logging_mixin.py:188} INFO - [2024-04-25T05:59:51.675+0000] {dag.py:3036} INFO - Sync 2 DAGs
[2024-04-25T05:59:51.761+0000] {logging_mixin.py:188} INFO - [2024-04-25T05:59:51.760+0000] {dag.py:3823} INFO - Setting next_dagrun for example_subdag_operator.section-1 to None, run_after=None
[2024-04-25T05:59:51.765+0000] {logging_mixin.py:188} INFO - [2024-04-25T05:59:51.764+0000] {dag.py:3823} INFO - Setting next_dagrun for example_subdag_operator.section-2 to None, run_after=None
[2024-04-25T05:59:51.832+0000] {processor.py:183} INFO - Processing /home/airflow/.local/lib/python3.8/site-packages/airflow/example_dags/example_subdag_operator.py took 2.796 seconds
[2024-04-25T06:00:40.406+0000] {processor.py:161} INFO - Started process (PID=231) to work on /home/airflow/.local/lib/python3.8/site-packages/airflow/example_dags/example_subdag_operator.py
[2024-04-25T06:00:40.411+0000] {processor.py:830} INFO - Processing file /home/airflow/.local/lib/python3.8/site-packages/airflow/example_dags/example_subdag_operator.py for tasks to queue
[2024-04-25T06:00:40.419+0000] {logging_mixin.py:188} INFO - [2024-04-25T06:00:40.418+0000] {dagbag.py:538} INFO - Filling up the DagBag from /home/airflow/.local/lib/python3.8/site-packages/airflow/example_dags/example_subdag_operator.py
[2024-04-25T06:00:40.512+0000] {processor.py:840} INFO - DAG(s) 'example_subdag_operator.section-1', 'example_subdag_operator.section-2', 'example_subdag_operator' retrieved from /home/airflow/.local/lib/python3.8/site-packages/airflow/example_dags/example_subdag_operator.py
[2024-04-25T06:00:40.577+0000] {logging_mixin.py:188} INFO - [2024-04-25T06:00:40.576+0000] {dag.py:3036} INFO - Sync 3 DAGs
[2024-04-25T06:00:40.680+0000] {logging_mixin.py:188} INFO - [2024-04-25T06:00:40.678+0000] {dag.py:3823} INFO - Setting next_dagrun for example_subdag_operator to 2022-01-01 00:00:00+00:00, run_after=2022-01-01 00:00:00+00:00
[2024-04-25T06:00:40.700+0000] {logging_mixin.py:188} INFO - [2024-04-25T06:00:40.699+0000] {dag.py:3823} INFO - Setting next_dagrun for example_subdag_operator.section-1 to None, run_after=None
[2024-04-25T06:00:40.707+0000] {logging_mixin.py:188} INFO - [2024-04-25T06:00:40.706+0000] {dag.py:3823} INFO - Setting next_dagrun for example_subdag_operator.section-2 to None, run_after=None
[2024-04-25T06:00:40.744+0000] {logging_mixin.py:188} INFO - [2024-04-25T06:00:40.743+0000] {dag.py:3036} INFO - Sync 2 DAGs
[2024-04-25T06:00:40.766+0000] {logging_mixin.py:188} INFO - [2024-04-25T06:00:40.765+0000] {dag.py:3823} INFO - Setting next_dagrun for example_subdag_operator.section-1 to None, run_after=None
[2024-04-25T06:00:40.769+0000] {logging_mixin.py:188} INFO - [2024-04-25T06:00:40.769+0000] {dag.py:3823} INFO - Setting next_dagrun for example_subdag_operator.section-2 to None, run_after=None
[2024-04-25T06:00:40.825+0000] {processor.py:183} INFO - Processing /home/airflow/.local/lib/python3.8/site-packages/airflow/example_dags/example_subdag_operator.py took 0.432 seconds
[2024-04-25T06:01:15.601+0000] {processor.py:161} INFO - Started process (PID=288) to work on /home/airflow/.local/lib/python3.8/site-packages/airflow/example_dags/example_subdag_operator.py
[2024-04-25T06:01:15.605+0000] {processor.py:830} INFO - Processing file /home/airflow/.local/lib/python3.8/site-packages/airflow/example_dags/example_subdag_operator.py for tasks to queue
[2024-04-25T06:01:15.611+0000] {logging_mixin.py:188} INFO - [2024-04-25T06:01:15.610+0000] {dagbag.py:538} INFO - Filling up the DagBag from /home/airflow/.local/lib/python3.8/site-packages/airflow/example_dags/example_subdag_operator.py
[2024-04-25T06:01:15.695+0000] {processor.py:840} INFO - DAG(s) 'example_subdag_operator.section-1', 'example_subdag_operator.section-2', 'example_subdag_operator' retrieved from /home/airflow/.local/lib/python3.8/site-packages/airflow/example_dags/example_subdag_operator.py
[2024-04-25T06:01:15.744+0000] {logging_mixin.py:188} INFO - [2024-04-25T06:01:15.744+0000] {dag.py:3036} INFO - Sync 3 DAGs
[2024-04-25T06:01:15.816+0000] {logging_mixin.py:188} INFO - [2024-04-25T06:01:15.816+0000] {dag.py:3823} INFO - Setting next_dagrun for example_subdag_operator to 2022-01-01 00:00:00+00:00, run_after=2022-01-01 00:00:00+00:00
[2024-04-25T06:01:15.831+0000] {logging_mixin.py:188} INFO - [2024-04-25T06:01:15.830+0000] {dag.py:3823} INFO - Setting next_dagrun for example_subdag_operator.section-1 to None, run_after=None
[2024-04-25T06:01:15.838+0000] {logging_mixin.py:188} INFO - [2024-04-25T06:01:15.837+0000] {dag.py:3823} INFO - Setting next_dagrun for example_subdag_operator.section-2 to None, run_after=None
[2024-04-25T06:01:15.860+0000] {logging_mixin.py:188} INFO - [2024-04-25T06:01:15.859+0000] {dag.py:3036} INFO - Sync 2 DAGs
[2024-04-25T06:01:15.883+0000] {logging_mixin.py:188} INFO - [2024-04-25T06:01:15.882+0000] {dag.py:3823} INFO - Setting next_dagrun for example_subdag_operator.section-1 to None, run_after=None
[2024-04-25T06:01:15.886+0000] {logging_mixin.py:188} INFO - [2024-04-25T06:01:15.886+0000] {dag.py:3823} INFO - Setting next_dagrun for example_subdag_operator.section-2 to None, run_after=None
[2024-04-25T06:01:15.933+0000] {processor.py:183} INFO - Processing /home/airflow/.local/lib/python3.8/site-packages/airflow/example_dags/example_subdag_operator.py took 0.342 seconds
[2024-04-25T06:01:55.722+0000] {processor.py:161} INFO - Started process (PID=337) to work on /home/airflow/.local/lib/python3.8/site-packages/airflow/example_dags/example_subdag_operator.py
[2024-04-25T06:01:55.730+0000] {processor.py:830} INFO - Processing file /home/airflow/.local/lib/python3.8/site-packages/airflow/example_dags/example_subdag_operator.py for tasks to queue
[2024-04-25T06:01:55.737+0000] {logging_mixin.py:188} INFO - [2024-04-25T06:01:55.736+0000] {dagbag.py:538} INFO - Filling up the DagBag from /home/airflow/.local/lib/python3.8/site-packages/airflow/example_dags/example_subdag_operator.py
[2024-04-25T06:01:55.814+0000] {processor.py:840} INFO - DAG(s) 'example_subdag_operator.section-1', 'example_subdag_operator.section-2', 'example_subdag_operator' retrieved from /home/airflow/.local/lib/python3.8/site-packages/airflow/example_dags/example_subdag_operator.py
[2024-04-25T06:01:55.872+0000] {logging_mixin.py:188} INFO - [2024-04-25T06:01:55.871+0000] {dag.py:3036} INFO - Sync 3 DAGs
[2024-04-25T06:01:55.950+0000] {logging_mixin.py:188} INFO - [2024-04-25T06:01:55.950+0000] {dag.py:3823} INFO - Setting next_dagrun for example_subdag_operator to 2022-01-01 00:00:00+00:00, run_after=2022-01-01 00:00:00+00:00
[2024-04-25T06:01:55.964+0000] {logging_mixin.py:188} INFO - [2024-04-25T06:01:55.963+0000] {dag.py:3823} INFO - Setting next_dagrun for example_subdag_operator.section-1 to None, run_after=None
[2024-04-25T06:01:55.970+0000] {logging_mixin.py:188} INFO - [2024-04-25T06:01:55.969+0000] {dag.py:3823} INFO - Setting next_dagrun for example_subdag_operator.section-2 to None, run_after=None
[2024-04-25T06:01:55.999+0000] {logging_mixin.py:188} INFO - [2024-04-25T06:01:55.998+0000] {dag.py:3036} INFO - Sync 2 DAGs
[2024-04-25T06:01:56.018+0000] {logging_mixin.py:188} INFO - [2024-04-25T06:01:56.017+0000] {dag.py:3823} INFO - Setting next_dagrun for example_subdag_operator.section-1 to None, run_after=None
[2024-04-25T06:01:56.022+0000] {logging_mixin.py:188} INFO - [2024-04-25T06:01:56.020+0000] {dag.py:3823} INFO - Setting next_dagrun for example_subdag_operator.section-2 to None, run_after=None
[2024-04-25T06:01:56.069+0000] {processor.py:183} INFO - Processing /home/airflow/.local/lib/python3.8/site-packages/airflow/example_dags/example_subdag_operator.py took 0.360 seconds
[2024-04-25T06:02:27.772+0000] {processor.py:161} INFO - Started process (PID=396) to work on /home/airflow/.local/lib/python3.8/site-packages/airflow/example_dags/example_subdag_operator.py
[2024-04-25T06:02:27.779+0000] {processor.py:830} INFO - Processing file /home/airflow/.local/lib/python3.8/site-packages/airflow/example_dags/example_subdag_operator.py for tasks to queue
[2024-04-25T06:02:27.786+0000] {logging_mixin.py:188} INFO - [2024-04-25T06:02:27.785+0000] {dagbag.py:538} INFO - Filling up the DagBag from /home/airflow/.local/lib/python3.8/site-packages/airflow/example_dags/example_subdag_operator.py
[2024-04-25T06:02:27.873+0000] {processor.py:840} INFO - DAG(s) 'example_subdag_operator.section-1', 'example_subdag_operator.section-2', 'example_subdag_operator' retrieved from /home/airflow/.local/lib/python3.8/site-packages/airflow/example_dags/example_subdag_operator.py
[2024-04-25T06:02:27.915+0000] {logging_mixin.py:188} INFO - [2024-04-25T06:02:27.915+0000] {dag.py:3036} INFO - Sync 3 DAGs
[2024-04-25T06:02:27.976+0000] {logging_mixin.py:188} INFO - [2024-04-25T06:02:27.975+0000] {dag.py:3823} INFO - Setting next_dagrun for example_subdag_operator to 2022-01-01 00:00:00+00:00, run_after=2022-01-01 00:00:00+00:00
[2024-04-25T06:02:27.987+0000] {logging_mixin.py:188} INFO - [2024-04-25T06:02:27.986+0000] {dag.py:3823} INFO - Setting next_dagrun for example_subdag_operator.section-1 to None, run_after=None
[2024-04-25T06:02:27.992+0000] {logging_mixin.py:188} INFO - [2024-04-25T06:02:27.991+0000] {dag.py:3823} INFO - Setting next_dagrun for example_subdag_operator.section-2 to None, run_after=None
[2024-04-25T06:02:28.013+0000] {logging_mixin.py:188} INFO - [2024-04-25T06:02:28.012+0000] {dag.py:3036} INFO - Sync 2 DAGs
[2024-04-25T06:02:28.033+0000] {logging_mixin.py:188} INFO - [2024-04-25T06:02:28.032+0000] {dag.py:3823} INFO - Setting next_dagrun for example_subdag_operator.section-1 to None, run_after=None
[2024-04-25T06:02:28.035+0000] {logging_mixin.py:188} INFO - [2024-04-25T06:02:28.035+0000] {dag.py:3823} INFO - Setting next_dagrun for example_subdag_operator.section-2 to None, run_after=None
[2024-04-25T06:02:28.077+0000] {processor.py:183} INFO - Processing /home/airflow/.local/lib/python3.8/site-packages/airflow/example_dags/example_subdag_operator.py took 0.315 seconds
[2024-04-25T06:03:08.161+0000] {processor.py:161} INFO - Started process (PID=455) to work on /home/airflow/.local/lib/python3.8/site-packages/airflow/example_dags/example_subdag_operator.py
[2024-04-25T06:03:08.174+0000] {processor.py:830} INFO - Processing file /home/airflow/.local/lib/python3.8/site-packages/airflow/example_dags/example_subdag_operator.py for tasks to queue
[2024-04-25T06:03:08.184+0000] {logging_mixin.py:188} INFO - [2024-04-25T06:03:08.183+0000] {dagbag.py:538} INFO - Filling up the DagBag from /home/airflow/.local/lib/python3.8/site-packages/airflow/example_dags/example_subdag_operator.py
[2024-04-25T06:03:08.378+0000] {processor.py:840} INFO - DAG(s) 'example_subdag_operator.section-1', 'example_subdag_operator.section-2', 'example_subdag_operator' retrieved from /home/airflow/.local/lib/python3.8/site-packages/airflow/example_dags/example_subdag_operator.py
[2024-04-25T06:03:08.542+0000] {logging_mixin.py:188} INFO - [2024-04-25T06:03:08.541+0000] {dag.py:3036} INFO - Sync 3 DAGs
[2024-04-25T06:03:08.690+0000] {logging_mixin.py:188} INFO - [2024-04-25T06:03:08.688+0000] {dag.py:3823} INFO - Setting next_dagrun for example_subdag_operator to 2022-01-01 00:00:00+00:00, run_after=2022-01-01 00:00:00+00:00
[2024-04-25T06:03:08.715+0000] {logging_mixin.py:188} INFO - [2024-04-25T06:03:08.714+0000] {dag.py:3823} INFO - Setting next_dagrun for example_subdag_operator.section-1 to None, run_after=None
[2024-04-25T06:03:08.724+0000] {logging_mixin.py:188} INFO - [2024-04-25T06:03:08.723+0000] {dag.py:3823} INFO - Setting next_dagrun for example_subdag_operator.section-2 to None, run_after=None
[2024-04-25T06:03:08.783+0000] {logging_mixin.py:188} INFO - [2024-04-25T06:03:08.782+0000] {dag.py:3036} INFO - Sync 2 DAGs
[2024-04-25T06:03:08.826+0000] {logging_mixin.py:188} INFO - [2024-04-25T06:03:08.825+0000] {dag.py:3823} INFO - Setting next_dagrun for example_subdag_operator.section-1 to None, run_after=None
[2024-04-25T06:03:08.830+0000] {logging_mixin.py:188} INFO - [2024-04-25T06:03:08.830+0000] {dag.py:3823} INFO - Setting next_dagrun for example_subdag_operator.section-2 to None, run_after=None
[2024-04-25T06:03:08.984+0000] {processor.py:183} INFO - Processing /home/airflow/.local/lib/python3.8/site-packages/airflow/example_dags/example_subdag_operator.py took 0.841 seconds
[2024-04-25T06:03:39.445+0000] {processor.py:161} INFO - Started process (PID=514) to work on /home/airflow/.local/lib/python3.8/site-packages/airflow/example_dags/example_subdag_operator.py
[2024-04-25T06:03:39.450+0000] {processor.py:830} INFO - Processing file /home/airflow/.local/lib/python3.8/site-packages/airflow/example_dags/example_subdag_operator.py for tasks to queue
[2024-04-25T06:03:39.461+0000] {logging_mixin.py:188} INFO - [2024-04-25T06:03:39.459+0000] {dagbag.py:538} INFO - Filling up the DagBag from /home/airflow/.local/lib/python3.8/site-packages/airflow/example_dags/example_subdag_operator.py
[2024-04-25T06:03:39.575+0000] {processor.py:840} INFO - DAG(s) 'example_subdag_operator.section-1', 'example_subdag_operator.section-2', 'example_subdag_operator' retrieved from /home/airflow/.local/lib/python3.8/site-packages/airflow/example_dags/example_subdag_operator.py
[2024-04-25T06:03:39.669+0000] {logging_mixin.py:188} INFO - [2024-04-25T06:03:39.668+0000] {dag.py:3036} INFO - Sync 3 DAGs
[2024-04-25T06:03:39.783+0000] {logging_mixin.py:188} INFO - [2024-04-25T06:03:39.782+0000] {dag.py:3823} INFO - Setting next_dagrun for example_subdag_operator to 2022-01-01 00:00:00+00:00, run_after=2022-01-01 00:00:00+00:00
[2024-04-25T06:03:39.804+0000] {logging_mixin.py:188} INFO - [2024-04-25T06:03:39.803+0000] {dag.py:3823} INFO - Setting next_dagrun for example_subdag_operator.section-1 to None, run_after=None
[2024-04-25T06:03:39.819+0000] {logging_mixin.py:188} INFO - [2024-04-25T06:03:39.818+0000] {dag.py:3823} INFO - Setting next_dagrun for example_subdag_operator.section-2 to None, run_after=None
[2024-04-25T06:03:39.857+0000] {logging_mixin.py:188} INFO - [2024-04-25T06:03:39.856+0000] {dag.py:3036} INFO - Sync 2 DAGs
[2024-04-25T06:03:39.883+0000] {logging_mixin.py:188} INFO - [2024-04-25T06:03:39.882+0000] {dag.py:3823} INFO - Setting next_dagrun for example_subdag_operator.section-1 to None, run_after=None
[2024-04-25T06:03:39.887+0000] {logging_mixin.py:188} INFO - [2024-04-25T06:03:39.886+0000] {dag.py:3823} INFO - Setting next_dagrun for example_subdag_operator.section-2 to None, run_after=None
[2024-04-25T06:03:39.943+0000] {processor.py:183} INFO - Processing /home/airflow/.local/lib/python3.8/site-packages/airflow/example_dags/example_subdag_operator.py took 0.510 seconds
[2024-04-25T06:04:10.143+0000] {processor.py:161} INFO - Started process (PID=579) to work on /home/airflow/.local/lib/python3.8/site-packages/airflow/example_dags/example_subdag_operator.py
[2024-04-25T06:04:10.147+0000] {processor.py:830} INFO - Processing file /home/airflow/.local/lib/python3.8/site-packages/airflow/example_dags/example_subdag_operator.py for tasks to queue
[2024-04-25T06:04:10.155+0000] {logging_mixin.py:188} INFO - [2024-04-25T06:04:10.154+0000] {dagbag.py:538} INFO - Filling up the DagBag from /home/airflow/.local/lib/python3.8/site-packages/airflow/example_dags/example_subdag_operator.py
[2024-04-25T06:04:10.241+0000] {processor.py:840} INFO - DAG(s) 'example_subdag_operator.section-1', 'example_subdag_operator.section-2', 'example_subdag_operator' retrieved from /home/airflow/.local/lib/python3.8/site-packages/airflow/example_dags/example_subdag_operator.py
[2024-04-25T06:04:10.290+0000] {logging_mixin.py:188} INFO - [2024-04-25T06:04:10.289+0000] {dag.py:3036} INFO - Sync 3 DAGs
[2024-04-25T06:04:10.371+0000] {logging_mixin.py:188} INFO - [2024-04-25T06:04:10.370+0000] {dag.py:3823} INFO - Setting next_dagrun for example_subdag_operator to 2022-01-01 00:00:00+00:00, run_after=2022-01-01 00:00:00+00:00
[2024-04-25T06:04:10.388+0000] {logging_mixin.py:188} INFO - [2024-04-25T06:04:10.388+0000] {dag.py:3823} INFO - Setting next_dagrun for example_subdag_operator.section-1 to None, run_after=None
[2024-04-25T06:04:10.393+0000] {logging_mixin.py:188} INFO - [2024-04-25T06:04:10.393+0000] {dag.py:3823} INFO - Setting next_dagrun for example_subdag_operator.section-2 to None, run_after=None
[2024-04-25T06:04:10.417+0000] {logging_mixin.py:188} INFO - [2024-04-25T06:04:10.416+0000] {dag.py:3036} INFO - Sync 2 DAGs
[2024-04-25T06:04:10.435+0000] {logging_mixin.py:188} INFO - [2024-04-25T06:04:10.434+0000] {dag.py:3823} INFO - Setting next_dagrun for example_subdag_operator.section-1 to None, run_after=None
[2024-04-25T06:04:10.438+0000] {logging_mixin.py:188} INFO - [2024-04-25T06:04:10.437+0000] {dag.py:3823} INFO - Setting next_dagrun for example_subdag_operator.section-2 to None, run_after=None
[2024-04-25T06:04:10.482+0000] {processor.py:183} INFO - Processing /home/airflow/.local/lib/python3.8/site-packages/airflow/example_dags/example_subdag_operator.py took 0.347 seconds
[2024-04-25T06:04:40.629+0000] {processor.py:161} INFO - Started process (PID=639) to work on /home/airflow/.local/lib/python3.8/site-packages/airflow/example_dags/example_subdag_operator.py
[2024-04-25T06:04:40.631+0000] {processor.py:830} INFO - Processing file /home/airflow/.local/lib/python3.8/site-packages/airflow/example_dags/example_subdag_operator.py for tasks to queue
[2024-04-25T06:04:40.633+0000] {logging_mixin.py:188} INFO - [2024-04-25T06:04:40.633+0000] {dagbag.py:538} INFO - Filling up the DagBag from /home/airflow/.local/lib/python3.8/site-packages/airflow/example_dags/example_subdag_operator.py
[2024-04-25T06:04:40.661+0000] {processor.py:840} INFO - DAG(s) 'example_subdag_operator.section-1', 'example_subdag_operator.section-2', 'example_subdag_operator' retrieved from /home/airflow/.local/lib/python3.8/site-packages/airflow/example_dags/example_subdag_operator.py
[2024-04-25T06:04:40.680+0000] {logging_mixin.py:188} INFO - [2024-04-25T06:04:40.679+0000] {dag.py:3036} INFO - Sync 3 DAGs
[2024-04-25T06:04:40.707+0000] {logging_mixin.py:188} INFO - [2024-04-25T06:04:40.707+0000] {dag.py:3823} INFO - Setting next_dagrun for example_subdag_operator to 2022-01-01 00:00:00+00:00, run_after=2022-01-01 00:00:00+00:00
[2024-04-25T06:04:40.712+0000] {logging_mixin.py:188} INFO - [2024-04-25T06:04:40.712+0000] {dag.py:3823} INFO - Setting next_dagrun for example_subdag_operator.section-1 to None, run_after=None
[2024-04-25T06:04:40.715+0000] {logging_mixin.py:188} INFO - [2024-04-25T06:04:40.714+0000] {dag.py:3823} INFO - Setting next_dagrun for example_subdag_operator.section-2 to None, run_after=None
[2024-04-25T06:04:40.726+0000] {logging_mixin.py:188} INFO - [2024-04-25T06:04:40.725+0000] {dag.py:3036} INFO - Sync 2 DAGs
[2024-04-25T06:04:40.733+0000] {logging_mixin.py:188} INFO - [2024-04-25T06:04:40.733+0000] {dag.py:3823} INFO - Setting next_dagrun for example_subdag_operator.section-1 to None, run_after=None
[2024-04-25T06:04:40.734+0000] {logging_mixin.py:188} INFO - [2024-04-25T06:04:40.734+0000] {dag.py:3823} INFO - Setting next_dagrun for example_subdag_operator.section-2 to None, run_after=None
[2024-04-25T06:04:40.750+0000] {processor.py:183} INFO - Processing /home/airflow/.local/lib/python3.8/site-packages/airflow/example_dags/example_subdag_operator.py took 0.125 seconds
[2024-04-25T06:05:11.093+0000] {processor.py:161} INFO - Started process (PID=697) to work on /home/airflow/.local/lib/python3.8/site-packages/airflow/example_dags/example_subdag_operator.py
[2024-04-25T06:05:11.095+0000] {processor.py:830} INFO - Processing file /home/airflow/.local/lib/python3.8/site-packages/airflow/example_dags/example_subdag_operator.py for tasks to queue
[2024-04-25T06:05:11.099+0000] {logging_mixin.py:188} INFO - [2024-04-25T06:05:11.098+0000] {dagbag.py:538} INFO - Filling up the DagBag from /home/airflow/.local/lib/python3.8/site-packages/airflow/example_dags/example_subdag_operator.py
[2024-04-25T06:05:11.146+0000] {processor.py:840} INFO - DAG(s) 'example_subdag_operator.section-1', 'example_subdag_operator.section-2', 'example_subdag_operator' retrieved from /home/airflow/.local/lib/python3.8/site-packages/airflow/example_dags/example_subdag_operator.py
[2024-04-25T06:05:11.180+0000] {logging_mixin.py:188} INFO - [2024-04-25T06:05:11.179+0000] {dag.py:3036} INFO - Sync 3 DAGs
[2024-04-25T06:05:11.236+0000] {logging_mixin.py:188} INFO - [2024-04-25T06:05:11.235+0000] {dag.py:3823} INFO - Setting next_dagrun for example_subdag_operator to 2022-01-01 00:00:00+00:00, run_after=2022-01-01 00:00:00+00:00
[2024-04-25T06:05:11.247+0000] {logging_mixin.py:188} INFO - [2024-04-25T06:05:11.247+0000] {dag.py:3823} INFO - Setting next_dagrun for example_subdag_operator.section-1 to None, run_after=None
[2024-04-25T06:05:11.254+0000] {logging_mixin.py:188} INFO - [2024-04-25T06:05:11.253+0000] {dag.py:3823} INFO - Setting next_dagrun for example_subdag_operator.section-2 to None, run_after=None
[2024-04-25T06:05:11.279+0000] {logging_mixin.py:188} INFO - [2024-04-25T06:05:11.278+0000] {dag.py:3036} INFO - Sync 2 DAGs
[2024-04-25T06:05:11.292+0000] {logging_mixin.py:188} INFO - [2024-04-25T06:05:11.291+0000] {dag.py:3823} INFO - Setting next_dagrun for example_subdag_operator.section-1 to None, run_after=None
[2024-04-25T06:05:11.293+0000] {logging_mixin.py:188} INFO - [2024-04-25T06:05:11.293+0000] {dag.py:3823} INFO - Setting next_dagrun for example_subdag_operator.section-2 to None, run_after=None
[2024-04-25T06:05:11.324+0000] {processor.py:183} INFO - Processing /home/airflow/.local/lib/python3.8/site-packages/airflow/example_dags/example_subdag_operator.py took 0.237 seconds
[2024-04-25T06:05:41.435+0000] {processor.py:161} INFO - Started process (PID=756) to work on /home/airflow/.local/lib/python3.8/site-packages/airflow/example_dags/example_subdag_operator.py
[2024-04-25T06:05:41.437+0000] {processor.py:830} INFO - Processing file /home/airflow/.local/lib/python3.8/site-packages/airflow/example_dags/example_subdag_operator.py for tasks to queue
[2024-04-25T06:05:41.440+0000] {logging_mixin.py:188} INFO - [2024-04-25T06:05:41.440+0000] {dagbag.py:538} INFO - Filling up the DagBag from /home/airflow/.local/lib/python3.8/site-packages/airflow/example_dags/example_subdag_operator.py
[2024-04-25T06:05:41.478+0000] {processor.py:840} INFO - DAG(s) 'example_subdag_operator.section-1', 'example_subdag_operator.section-2', 'example_subdag_operator' retrieved from /home/airflow/.local/lib/python3.8/site-packages/airflow/example_dags/example_subdag_operator.py
[2024-04-25T06:05:41.502+0000] {logging_mixin.py:188} INFO - [2024-04-25T06:05:41.502+0000] {dag.py:3036} INFO - Sync 3 DAGs
[2024-04-25T06:05:41.539+0000] {logging_mixin.py:188} INFO - [2024-04-25T06:05:41.539+0000] {dag.py:3823} INFO - Setting next_dagrun for example_subdag_operator to 2022-01-01 00:00:00+00:00, run_after=2022-01-01 00:00:00+00:00
[2024-04-25T06:05:41.546+0000] {logging_mixin.py:188} INFO - [2024-04-25T06:05:41.546+0000] {dag.py:3823} INFO - Setting next_dagrun for example_subdag_operator.section-1 to None, run_after=None
[2024-04-25T06:05:41.549+0000] {logging_mixin.py:188} INFO - [2024-04-25T06:05:41.549+0000] {dag.py:3823} INFO - Setting next_dagrun for example_subdag_operator.section-2 to None, run_after=None
[2024-04-25T06:05:41.566+0000] {logging_mixin.py:188} INFO - [2024-04-25T06:05:41.565+0000] {dag.py:3036} INFO - Sync 2 DAGs
[2024-04-25T06:05:41.579+0000] {logging_mixin.py:188} INFO - [2024-04-25T06:05:41.578+0000] {dag.py:3823} INFO - Setting next_dagrun for example_subdag_operator.section-1 to None, run_after=None
[2024-04-25T06:05:41.581+0000] {logging_mixin.py:188} INFO - [2024-04-25T06:05:41.580+0000] {dag.py:3823} INFO - Setting next_dagrun for example_subdag_operator.section-2 to None, run_after=None
[2024-04-25T06:05:41.609+0000] {processor.py:183} INFO - Processing /home/airflow/.local/lib/python3.8/site-packages/airflow/example_dags/example_subdag_operator.py took 0.178 seconds
[2024-04-25T06:06:11.735+0000] {processor.py:161} INFO - Started process (PID=815) to work on /home/airflow/.local/lib/python3.8/site-packages/airflow/example_dags/example_subdag_operator.py
[2024-04-25T06:06:11.737+0000] {processor.py:830} INFO - Processing file /home/airflow/.local/lib/python3.8/site-packages/airflow/example_dags/example_subdag_operator.py for tasks to queue
[2024-04-25T06:06:11.740+0000] {logging_mixin.py:188} INFO - [2024-04-25T06:06:11.739+0000] {dagbag.py:538} INFO - Filling up the DagBag from /home/airflow/.local/lib/python3.8/site-packages/airflow/example_dags/example_subdag_operator.py
[2024-04-25T06:06:11.793+0000] {processor.py:840} INFO - DAG(s) 'example_subdag_operator.section-1', 'example_subdag_operator.section-2', 'example_subdag_operator' retrieved from /home/airflow/.local/lib/python3.8/site-packages/airflow/example_dags/example_subdag_operator.py
[2024-04-25T06:06:11.825+0000] {logging_mixin.py:188} INFO - [2024-04-25T06:06:11.824+0000] {dag.py:3036} INFO - Sync 3 DAGs
[2024-04-25T06:06:11.865+0000] {logging_mixin.py:188} INFO - [2024-04-25T06:06:11.864+0000] {dag.py:3823} INFO - Setting next_dagrun for example_subdag_operator to 2022-01-01 00:00:00+00:00, run_after=2022-01-01 00:00:00+00:00
[2024-04-25T06:06:11.872+0000] {logging_mixin.py:188} INFO - [2024-04-25T06:06:11.871+0000] {dag.py:3823} INFO - Setting next_dagrun for example_subdag_operator.section-1 to None, run_after=None
[2024-04-25T06:06:11.875+0000] {logging_mixin.py:188} INFO - [2024-04-25T06:06:11.875+0000] {dag.py:3823} INFO - Setting next_dagrun for example_subdag_operator.section-2 to None, run_after=None
[2024-04-25T06:06:11.888+0000] {logging_mixin.py:188} INFO - [2024-04-25T06:06:11.888+0000] {dag.py:3036} INFO - Sync 2 DAGs
[2024-04-25T06:06:11.898+0000] {logging_mixin.py:188} INFO - [2024-04-25T06:06:11.898+0000] {dag.py:3823} INFO - Setting next_dagrun for example_subdag_operator.section-1 to None, run_after=None
[2024-04-25T06:06:11.900+0000] {logging_mixin.py:188} INFO - [2024-04-25T06:06:11.899+0000] {dag.py:3823} INFO - Setting next_dagrun for example_subdag_operator.section-2 to None, run_after=None
[2024-04-25T06:06:11.927+0000] {processor.py:183} INFO - Processing /home/airflow/.local/lib/python3.8/site-packages/airflow/example_dags/example_subdag_operator.py took 0.197 seconds
[2024-04-25T06:06:44.474+0000] {processor.py:161} INFO - Started process (PID=874) to work on /home/airflow/.local/lib/python3.8/site-packages/airflow/example_dags/example_subdag_operator.py
[2024-04-25T06:06:44.478+0000] {processor.py:830} INFO - Processing file /home/airflow/.local/lib/python3.8/site-packages/airflow/example_dags/example_subdag_operator.py for tasks to queue
[2024-04-25T06:06:44.484+0000] {logging_mixin.py:188} INFO - [2024-04-25T06:06:44.483+0000] {dagbag.py:538} INFO - Filling up the DagBag from /home/airflow/.local/lib/python3.8/site-packages/airflow/example_dags/example_subdag_operator.py
[2024-04-25T06:06:44.567+0000] {processor.py:840} INFO - DAG(s) 'example_subdag_operator.section-1', 'example_subdag_operator.section-2', 'example_subdag_operator' retrieved from /home/airflow/.local/lib/python3.8/site-packages/airflow/example_dags/example_subdag_operator.py
[2024-04-25T06:06:44.631+0000] {logging_mixin.py:188} INFO - [2024-04-25T06:06:44.630+0000] {dag.py:3036} INFO - Sync 3 DAGs
[2024-04-25T06:06:44.700+0000] {logging_mixin.py:188} INFO - [2024-04-25T06:06:44.699+0000] {dag.py:3823} INFO - Setting next_dagrun for example_subdag_operator to 2022-01-01 00:00:00+00:00, run_after=2022-01-01 00:00:00+00:00
[2024-04-25T06:06:44.711+0000] {logging_mixin.py:188} INFO - [2024-04-25T06:06:44.710+0000] {dag.py:3823} INFO - Setting next_dagrun for example_subdag_operator.section-1 to None, run_after=None
[2024-04-25T06:06:44.717+0000] {logging_mixin.py:188} INFO - [2024-04-25T06:06:44.716+0000] {dag.py:3823} INFO - Setting next_dagrun for example_subdag_operator.section-2 to None, run_after=None
[2024-04-25T06:06:44.733+0000] {logging_mixin.py:188} INFO - [2024-04-25T06:06:44.733+0000] {dag.py:3036} INFO - Sync 2 DAGs
[2024-04-25T06:06:44.746+0000] {logging_mixin.py:188} INFO - [2024-04-25T06:06:44.745+0000] {dag.py:3823} INFO - Setting next_dagrun for example_subdag_operator.section-1 to None, run_after=None
[2024-04-25T06:06:44.747+0000] {logging_mixin.py:188} INFO - [2024-04-25T06:06:44.747+0000] {dag.py:3823} INFO - Setting next_dagrun for example_subdag_operator.section-2 to None, run_after=None
[2024-04-25T06:06:44.784+0000] {processor.py:183} INFO - Processing /home/airflow/.local/lib/python3.8/site-packages/airflow/example_dags/example_subdag_operator.py took 0.323 seconds
[2024-04-25T06:07:15.499+0000] {processor.py:161} INFO - Started process (PID=933) to work on /home/airflow/.local/lib/python3.8/site-packages/airflow/example_dags/example_subdag_operator.py
[2024-04-25T06:07:15.503+0000] {processor.py:830} INFO - Processing file /home/airflow/.local/lib/python3.8/site-packages/airflow/example_dags/example_subdag_operator.py for tasks to queue
[2024-04-25T06:07:15.510+0000] {logging_mixin.py:188} INFO - [2024-04-25T06:07:15.509+0000] {dagbag.py:538} INFO - Filling up the DagBag from /home/airflow/.local/lib/python3.8/site-packages/airflow/example_dags/example_subdag_operator.py
[2024-04-25T06:07:15.598+0000] {processor.py:840} INFO - DAG(s) 'example_subdag_operator.section-1', 'example_subdag_operator.section-2', 'example_subdag_operator' retrieved from /home/airflow/.local/lib/python3.8/site-packages/airflow/example_dags/example_subdag_operator.py
[2024-04-25T06:07:15.635+0000] {logging_mixin.py:188} INFO - [2024-04-25T06:07:15.635+0000] {dag.py:3036} INFO - Sync 3 DAGs
[2024-04-25T06:07:15.691+0000] {logging_mixin.py:188} INFO - [2024-04-25T06:07:15.690+0000] {dag.py:3823} INFO - Setting next_dagrun for example_subdag_operator to 2022-01-01 00:00:00+00:00, run_after=2022-01-01 00:00:00+00:00
[2024-04-25T06:07:15.698+0000] {logging_mixin.py:188} INFO - [2024-04-25T06:07:15.698+0000] {dag.py:3823} INFO - Setting next_dagrun for example_subdag_operator.section-1 to None, run_after=None
[2024-04-25T06:07:15.702+0000] {logging_mixin.py:188} INFO - [2024-04-25T06:07:15.702+0000] {dag.py:3823} INFO - Setting next_dagrun for example_subdag_operator.section-2 to None, run_after=None
[2024-04-25T06:07:15.718+0000] {logging_mixin.py:188} INFO - [2024-04-25T06:07:15.717+0000] {dag.py:3036} INFO - Sync 2 DAGs
[2024-04-25T06:07:15.729+0000] {logging_mixin.py:188} INFO - [2024-04-25T06:07:15.728+0000] {dag.py:3823} INFO - Setting next_dagrun for example_subdag_operator.section-1 to None, run_after=None
[2024-04-25T06:07:15.731+0000] {logging_mixin.py:188} INFO - [2024-04-25T06:07:15.730+0000] {dag.py:3823} INFO - Setting next_dagrun for example_subdag_operator.section-2 to None, run_after=None
[2024-04-25T06:07:15.753+0000] {processor.py:183} INFO - Processing /home/airflow/.local/lib/python3.8/site-packages/airflow/example_dags/example_subdag_operator.py took 0.266 seconds
[2024-04-25T06:07:46.049+0000] {processor.py:161} INFO - Started process (PID=992) to work on /home/airflow/.local/lib/python3.8/site-packages/airflow/example_dags/example_subdag_operator.py
[2024-04-25T06:07:46.053+0000] {processor.py:830} INFO - Processing file /home/airflow/.local/lib/python3.8/site-packages/airflow/example_dags/example_subdag_operator.py for tasks to queue
[2024-04-25T06:07:46.061+0000] {logging_mixin.py:188} INFO - [2024-04-25T06:07:46.060+0000] {dagbag.py:538} INFO - Filling up the DagBag from /home/airflow/.local/lib/python3.8/site-packages/airflow/example_dags/example_subdag_operator.py
[2024-04-25T06:07:46.132+0000] {processor.py:840} INFO - DAG(s) 'example_subdag_operator.section-1', 'example_subdag_operator.section-2', 'example_subdag_operator' retrieved from /home/airflow/.local/lib/python3.8/site-packages/airflow/example_dags/example_subdag_operator.py
[2024-04-25T06:07:46.167+0000] {logging_mixin.py:188} INFO - [2024-04-25T06:07:46.167+0000] {dag.py:3036} INFO - Sync 3 DAGs
[2024-04-25T06:07:46.202+0000] {logging_mixin.py:188} INFO - [2024-04-25T06:07:46.202+0000] {dag.py:3823} INFO - Setting next_dagrun for example_subdag_operator to 2022-01-01 00:00:00+00:00, run_after=2022-01-01 00:00:00+00:00
[2024-04-25T06:07:46.210+0000] {logging_mixin.py:188} INFO - [2024-04-25T06:07:46.209+0000] {dag.py:3823} INFO - Setting next_dagrun for example_subdag_operator.section-1 to None, run_after=None
[2024-04-25T06:07:46.213+0000] {logging_mixin.py:188} INFO - [2024-04-25T06:07:46.213+0000] {dag.py:3823} INFO - Setting next_dagrun for example_subdag_operator.section-2 to None, run_after=None
[2024-04-25T06:07:46.228+0000] {logging_mixin.py:188} INFO - [2024-04-25T06:07:46.227+0000] {dag.py:3036} INFO - Sync 2 DAGs
[2024-04-25T06:07:46.238+0000] {logging_mixin.py:188} INFO - [2024-04-25T06:07:46.238+0000] {dag.py:3823} INFO - Setting next_dagrun for example_subdag_operator.section-1 to None, run_after=None
[2024-04-25T06:07:46.240+0000] {logging_mixin.py:188} INFO - [2024-04-25T06:07:46.240+0000] {dag.py:3823} INFO - Setting next_dagrun for example_subdag_operator.section-2 to None, run_after=None
[2024-04-25T06:07:46.270+0000] {processor.py:183} INFO - Processing /home/airflow/.local/lib/python3.8/site-packages/airflow/example_dags/example_subdag_operator.py took 0.235 seconds
[2024-04-25T06:08:16.886+0000] {processor.py:161} INFO - Started process (PID=1051) to work on /home/airflow/.local/lib/python3.8/site-packages/airflow/example_dags/example_subdag_operator.py
[2024-04-25T06:08:16.889+0000] {processor.py:830} INFO - Processing file /home/airflow/.local/lib/python3.8/site-packages/airflow/example_dags/example_subdag_operator.py for tasks to queue
[2024-04-25T06:08:16.894+0000] {logging_mixin.py:188} INFO - [2024-04-25T06:08:16.893+0000] {dagbag.py:538} INFO - Filling up the DagBag from /home/airflow/.local/lib/python3.8/site-packages/airflow/example_dags/example_subdag_operator.py
[2024-04-25T06:08:16.977+0000] {processor.py:840} INFO - DAG(s) 'example_subdag_operator.section-1', 'example_subdag_operator.section-2', 'example_subdag_operator' retrieved from /home/airflow/.local/lib/python3.8/site-packages/airflow/example_dags/example_subdag_operator.py
[2024-04-25T06:08:17.020+0000] {logging_mixin.py:188} INFO - [2024-04-25T06:08:17.019+0000] {dag.py:3036} INFO - Sync 3 DAGs
[2024-04-25T06:08:17.076+0000] {logging_mixin.py:188} INFO - [2024-04-25T06:08:17.076+0000] {dag.py:3823} INFO - Setting next_dagrun for example_subdag_operator to 2022-01-01 00:00:00+00:00, run_after=2022-01-01 00:00:00+00:00
[2024-04-25T06:08:17.085+0000] {logging_mixin.py:188} INFO - [2024-04-25T06:08:17.084+0000] {dag.py:3823} INFO - Setting next_dagrun for example_subdag_operator.section-1 to None, run_after=None
[2024-04-25T06:08:17.088+0000] {logging_mixin.py:188} INFO - [2024-04-25T06:08:17.088+0000] {dag.py:3823} INFO - Setting next_dagrun for example_subdag_operator.section-2 to None, run_after=None
[2024-04-25T06:08:17.105+0000] {logging_mixin.py:188} INFO - [2024-04-25T06:08:17.104+0000] {dag.py:3036} INFO - Sync 2 DAGs
[2024-04-25T06:08:17.119+0000] {logging_mixin.py:188} INFO - [2024-04-25T06:08:17.119+0000] {dag.py:3823} INFO - Setting next_dagrun for example_subdag_operator.section-1 to None, run_after=None
[2024-04-25T06:08:17.121+0000] {logging_mixin.py:188} INFO - [2024-04-25T06:08:17.121+0000] {dag.py:3823} INFO - Setting next_dagrun for example_subdag_operator.section-2 to None, run_after=None
[2024-04-25T06:08:17.156+0000] {processor.py:183} INFO - Processing /home/airflow/.local/lib/python3.8/site-packages/airflow/example_dags/example_subdag_operator.py took 0.277 seconds
[2024-04-25T06:08:47.582+0000] {processor.py:161} INFO - Started process (PID=1110) to work on /home/airflow/.local/lib/python3.8/site-packages/airflow/example_dags/example_subdag_operator.py
[2024-04-25T06:08:47.584+0000] {processor.py:830} INFO - Processing file /home/airflow/.local/lib/python3.8/site-packages/airflow/example_dags/example_subdag_operator.py for tasks to queue
[2024-04-25T06:08:47.588+0000] {logging_mixin.py:188} INFO - [2024-04-25T06:08:47.587+0000] {dagbag.py:538} INFO - Filling up the DagBag from /home/airflow/.local/lib/python3.8/site-packages/airflow/example_dags/example_subdag_operator.py
[2024-04-25T06:08:47.636+0000] {processor.py:840} INFO - DAG(s) 'example_subdag_operator.section-1', 'example_subdag_operator.section-2', 'example_subdag_operator' retrieved from /home/airflow/.local/lib/python3.8/site-packages/airflow/example_dags/example_subdag_operator.py
[2024-04-25T06:08:47.671+0000] {logging_mixin.py:188} INFO - [2024-04-25T06:08:47.671+0000] {dag.py:3036} INFO - Sync 3 DAGs
[2024-04-25T06:08:47.716+0000] {logging_mixin.py:188} INFO - [2024-04-25T06:08:47.716+0000] {dag.py:3823} INFO - Setting next_dagrun for example_subdag_operator to 2022-01-01 00:00:00+00:00, run_after=2022-01-01 00:00:00+00:00
[2024-04-25T06:08:47.724+0000] {logging_mixin.py:188} INFO - [2024-04-25T06:08:47.724+0000] {dag.py:3823} INFO - Setting next_dagrun for example_subdag_operator.section-1 to None, run_after=None
[2024-04-25T06:08:47.728+0000] {logging_mixin.py:188} INFO - [2024-04-25T06:08:47.728+0000] {dag.py:3823} INFO - Setting next_dagrun for example_subdag_operator.section-2 to None, run_after=None
[2024-04-25T06:08:47.744+0000] {logging_mixin.py:188} INFO - [2024-04-25T06:08:47.744+0000] {dag.py:3036} INFO - Sync 2 DAGs
[2024-04-25T06:08:47.759+0000] {logging_mixin.py:188} INFO - [2024-04-25T06:08:47.758+0000] {dag.py:3823} INFO - Setting next_dagrun for example_subdag_operator.section-1 to None, run_after=None
[2024-04-25T06:08:47.761+0000] {logging_mixin.py:188} INFO - [2024-04-25T06:08:47.760+0000] {dag.py:3823} INFO - Setting next_dagrun for example_subdag_operator.section-2 to None, run_after=None
[2024-04-25T06:08:47.789+0000] {processor.py:183} INFO - Processing /home/airflow/.local/lib/python3.8/site-packages/airflow/example_dags/example_subdag_operator.py took 0.213 seconds
[2024-04-25T06:09:18.601+0000] {processor.py:161} INFO - Started process (PID=1169) to work on /home/airflow/.local/lib/python3.8/site-packages/airflow/example_dags/example_subdag_operator.py
[2024-04-25T06:09:18.606+0000] {processor.py:830} INFO - Processing file /home/airflow/.local/lib/python3.8/site-packages/airflow/example_dags/example_subdag_operator.py for tasks to queue
[2024-04-25T06:09:18.612+0000] {logging_mixin.py:188} INFO - [2024-04-25T06:09:18.611+0000] {dagbag.py:538} INFO - Filling up the DagBag from /home/airflow/.local/lib/python3.8/site-packages/airflow/example_dags/example_subdag_operator.py
[2024-04-25T06:09:18.698+0000] {processor.py:840} INFO - DAG(s) 'example_subdag_operator.section-1', 'example_subdag_operator.section-2', 'example_subdag_operator' retrieved from /home/airflow/.local/lib/python3.8/site-packages/airflow/example_dags/example_subdag_operator.py
[2024-04-25T06:09:18.752+0000] {logging_mixin.py:188} INFO - [2024-04-25T06:09:18.751+0000] {dag.py:3036} INFO - Sync 3 DAGs
[2024-04-25T06:09:18.823+0000] {logging_mixin.py:188} INFO - [2024-04-25T06:09:18.822+0000] {dag.py:3823} INFO - Setting next_dagrun for example_subdag_operator to 2022-01-01 00:00:00+00:00, run_after=2022-01-01 00:00:00+00:00
[2024-04-25T06:09:18.835+0000] {logging_mixin.py:188} INFO - [2024-04-25T06:09:18.835+0000] {dag.py:3823} INFO - Setting next_dagrun for example_subdag_operator.section-1 to None, run_after=None
[2024-04-25T06:09:18.841+0000] {logging_mixin.py:188} INFO - [2024-04-25T06:09:18.841+0000] {dag.py:3823} INFO - Setting next_dagrun for example_subdag_operator.section-2 to None, run_after=None
[2024-04-25T06:09:18.870+0000] {logging_mixin.py:188} INFO - [2024-04-25T06:09:18.869+0000] {dag.py:3036} INFO - Sync 2 DAGs
[2024-04-25T06:09:18.892+0000] {logging_mixin.py:188} INFO - [2024-04-25T06:09:18.891+0000] {dag.py:3823} INFO - Setting next_dagrun for example_subdag_operator.section-1 to None, run_after=None
[2024-04-25T06:09:18.894+0000] {logging_mixin.py:188} INFO - [2024-04-25T06:09:18.894+0000] {dag.py:3823} INFO - Setting next_dagrun for example_subdag_operator.section-2 to None, run_after=None
[2024-04-25T06:09:18.936+0000] {processor.py:183} INFO - Processing /home/airflow/.local/lib/python3.8/site-packages/airflow/example_dags/example_subdag_operator.py took 0.344 seconds
[2024-04-25T06:09:49.051+0000] {processor.py:161} INFO - Started process (PID=1227) to work on /home/airflow/.local/lib/python3.8/site-packages/airflow/example_dags/example_subdag_operator.py
[2024-04-25T06:09:49.054+0000] {processor.py:830} INFO - Processing file /home/airflow/.local/lib/python3.8/site-packages/airflow/example_dags/example_subdag_operator.py for tasks to queue
[2024-04-25T06:09:49.058+0000] {logging_mixin.py:188} INFO - [2024-04-25T06:09:49.057+0000] {dagbag.py:538} INFO - Filling up the DagBag from /home/airflow/.local/lib/python3.8/site-packages/airflow/example_dags/example_subdag_operator.py
[2024-04-25T06:09:49.111+0000] {processor.py:840} INFO - DAG(s) 'example_subdag_operator.section-1', 'example_subdag_operator.section-2', 'example_subdag_operator' retrieved from /home/airflow/.local/lib/python3.8/site-packages/airflow/example_dags/example_subdag_operator.py
[2024-04-25T06:09:49.142+0000] {logging_mixin.py:188} INFO - [2024-04-25T06:09:49.141+0000] {dag.py:3036} INFO - Sync 3 DAGs
[2024-04-25T06:09:49.193+0000] {logging_mixin.py:188} INFO - [2024-04-25T06:09:49.193+0000] {dag.py:3823} INFO - Setting next_dagrun for example_subdag_operator to 2022-01-01 00:00:00+00:00, run_after=2022-01-01 00:00:00+00:00
[2024-04-25T06:09:49.205+0000] {logging_mixin.py:188} INFO - [2024-04-25T06:09:49.204+0000] {dag.py:3823} INFO - Setting next_dagrun for example_subdag_operator.section-1 to None, run_after=None
[2024-04-25T06:09:49.209+0000] {logging_mixin.py:188} INFO - [2024-04-25T06:09:49.209+0000] {dag.py:3823} INFO - Setting next_dagrun for example_subdag_operator.section-2 to None, run_after=None
[2024-04-25T06:09:49.227+0000] {logging_mixin.py:188} INFO - [2024-04-25T06:09:49.227+0000] {dag.py:3036} INFO - Sync 2 DAGs
[2024-04-25T06:09:49.241+0000] {logging_mixin.py:188} INFO - [2024-04-25T06:09:49.241+0000] {dag.py:3823} INFO - Setting next_dagrun for example_subdag_operator.section-1 to None, run_after=None
[2024-04-25T06:09:49.243+0000] {logging_mixin.py:188} INFO - [2024-04-25T06:09:49.243+0000] {dag.py:3823} INFO - Setting next_dagrun for example_subdag_operator.section-2 to None, run_after=None
[2024-04-25T06:09:49.353+0000] {processor.py:183} INFO - Processing /home/airflow/.local/lib/python3.8/site-packages/airflow/example_dags/example_subdag_operator.py took 0.308 seconds
[2024-04-25T06:10:19.926+0000] {processor.py:161} INFO - Started process (PID=1286) to work on /home/airflow/.local/lib/python3.8/site-packages/airflow/example_dags/example_subdag_operator.py
[2024-04-25T06:10:19.930+0000] {processor.py:830} INFO - Processing file /home/airflow/.local/lib/python3.8/site-packages/airflow/example_dags/example_subdag_operator.py for tasks to queue
[2024-04-25T06:10:19.935+0000] {logging_mixin.py:188} INFO - [2024-04-25T06:10:19.934+0000] {dagbag.py:538} INFO - Filling up the DagBag from /home/airflow/.local/lib/python3.8/site-packages/airflow/example_dags/example_subdag_operator.py
[2024-04-25T06:10:20.018+0000] {processor.py:840} INFO - DAG(s) 'example_subdag_operator.section-1', 'example_subdag_operator.section-2', 'example_subdag_operator' retrieved from /home/airflow/.local/lib/python3.8/site-packages/airflow/example_dags/example_subdag_operator.py
[2024-04-25T06:10:20.073+0000] {logging_mixin.py:188} INFO - [2024-04-25T06:10:20.072+0000] {dag.py:3036} INFO - Sync 3 DAGs
[2024-04-25T06:10:20.144+0000] {logging_mixin.py:188} INFO - [2024-04-25T06:10:20.143+0000] {dag.py:3823} INFO - Setting next_dagrun for example_subdag_operator to 2022-01-01 00:00:00+00:00, run_after=2022-01-01 00:00:00+00:00
[2024-04-25T06:10:20.159+0000] {logging_mixin.py:188} INFO - [2024-04-25T06:10:20.159+0000] {dag.py:3823} INFO - Setting next_dagrun for example_subdag_operator.section-1 to None, run_after=None
[2024-04-25T06:10:20.165+0000] {logging_mixin.py:188} INFO - [2024-04-25T06:10:20.164+0000] {dag.py:3823} INFO - Setting next_dagrun for example_subdag_operator.section-2 to None, run_after=None
[2024-04-25T06:10:20.187+0000] {logging_mixin.py:188} INFO - [2024-04-25T06:10:20.187+0000] {dag.py:3036} INFO - Sync 2 DAGs
[2024-04-25T06:10:20.206+0000] {logging_mixin.py:188} INFO - [2024-04-25T06:10:20.205+0000] {dag.py:3823} INFO - Setting next_dagrun for example_subdag_operator.section-1 to None, run_after=None
[2024-04-25T06:10:20.211+0000] {logging_mixin.py:188} INFO - [2024-04-25T06:10:20.210+0000] {dag.py:3823} INFO - Setting next_dagrun for example_subdag_operator.section-2 to None, run_after=None
[2024-04-25T06:10:20.263+0000] {processor.py:183} INFO - Processing /home/airflow/.local/lib/python3.8/site-packages/airflow/example_dags/example_subdag_operator.py took 0.345 seconds
[2024-04-25T06:52:58.758+0000] {processor.py:161} INFO - Started process (PID=120) to work on /home/airflow/.local/lib/python3.8/site-packages/airflow/example_dags/example_subdag_operator.py
[2024-04-25T06:52:58.775+0000] {processor.py:830} INFO - Processing file /home/airflow/.local/lib/python3.8/site-packages/airflow/example_dags/example_subdag_operator.py for tasks to queue
[2024-04-25T06:52:58.786+0000] {logging_mixin.py:188} INFO - [2024-04-25T06:52:58.784+0000] {dagbag.py:538} INFO - Filling up the DagBag from /home/airflow/.local/lib/python3.8/site-packages/airflow/example_dags/example_subdag_operator.py
[2024-04-25T06:52:59.436+0000] {processor.py:840} INFO - DAG(s) 'example_subdag_operator.section-1', 'example_subdag_operator.section-2', 'example_subdag_operator' retrieved from /home/airflow/.local/lib/python3.8/site-packages/airflow/example_dags/example_subdag_operator.py
[2024-04-25T06:53:00.625+0000] {logging_mixin.py:188} INFO - [2024-04-25T06:53:00.623+0000] {dag.py:3036} INFO - Sync 3 DAGs
[2024-04-25T06:53:01.043+0000] {logging_mixin.py:188} INFO - [2024-04-25T06:53:01.041+0000] {dag.py:3823} INFO - Setting next_dagrun for example_subdag_operator to 2022-01-01 00:00:00+00:00, run_after=2022-01-01 00:00:00+00:00
[2024-04-25T06:53:01.090+0000] {logging_mixin.py:188} INFO - [2024-04-25T06:53:01.089+0000] {dag.py:3823} INFO - Setting next_dagrun for example_subdag_operator.section-1 to None, run_after=None
[2024-04-25T06:53:01.113+0000] {logging_mixin.py:188} INFO - [2024-04-25T06:53:01.103+0000] {dag.py:3823} INFO - Setting next_dagrun for example_subdag_operator.section-2 to None, run_after=None
[2024-04-25T06:53:01.278+0000] {logging_mixin.py:188} INFO - [2024-04-25T06:53:01.277+0000] {dag.py:3036} INFO - Sync 2 DAGs
[2024-04-25T06:53:01.559+0000] {logging_mixin.py:188} INFO - [2024-04-25T06:53:01.558+0000] {dag.py:3823} INFO - Setting next_dagrun for example_subdag_operator.section-1 to None, run_after=None
[2024-04-25T06:53:01.566+0000] {logging_mixin.py:188} INFO - [2024-04-25T06:53:01.565+0000] {dag.py:3823} INFO - Setting next_dagrun for example_subdag_operator.section-2 to None, run_after=None
[2024-04-25T06:53:01.728+0000] {processor.py:183} INFO - Processing /home/airflow/.local/lib/python3.8/site-packages/airflow/example_dags/example_subdag_operator.py took 3.026 seconds
[2024-04-25T06:53:40.720+0000] {processor.py:161} INFO - Started process (PID=196) to work on /home/airflow/.local/lib/python3.8/site-packages/airflow/example_dags/example_subdag_operator.py
[2024-04-25T06:53:40.728+0000] {processor.py:830} INFO - Processing file /home/airflow/.local/lib/python3.8/site-packages/airflow/example_dags/example_subdag_operator.py for tasks to queue
[2024-04-25T06:53:40.735+0000] {logging_mixin.py:188} INFO - [2024-04-25T06:53:40.734+0000] {dagbag.py:538} INFO - Filling up the DagBag from /home/airflow/.local/lib/python3.8/site-packages/airflow/example_dags/example_subdag_operator.py
[2024-04-25T06:53:41.835+0000] {processor.py:840} INFO - DAG(s) 'example_subdag_operator.section-1', 'example_subdag_operator.section-2', 'example_subdag_operator' retrieved from /home/airflow/.local/lib/python3.8/site-packages/airflow/example_dags/example_subdag_operator.py
[2024-04-25T06:53:42.647+0000] {logging_mixin.py:188} INFO - [2024-04-25T06:53:42.646+0000] {dag.py:3036} INFO - Sync 3 DAGs
[2024-04-25T06:53:43.795+0000] {logging_mixin.py:188} INFO - [2024-04-25T06:53:43.784+0000] {dag.py:3823} INFO - Setting next_dagrun for example_subdag_operator to 2022-01-01 00:00:00+00:00, run_after=2022-01-01 00:00:00+00:00
[2024-04-25T06:53:43.847+0000] {logging_mixin.py:188} INFO - [2024-04-25T06:53:43.843+0000] {dag.py:3823} INFO - Setting next_dagrun for example_subdag_operator.section-1 to None, run_after=None
[2024-04-25T06:53:43.898+0000] {logging_mixin.py:188} INFO - [2024-04-25T06:53:43.897+0000] {dag.py:3823} INFO - Setting next_dagrun for example_subdag_operator.section-2 to None, run_after=None
[2024-04-25T06:53:44.083+0000] {logging_mixin.py:188} INFO - [2024-04-25T06:53:44.082+0000] {dag.py:3036} INFO - Sync 2 DAGs
[2024-04-25T06:53:44.212+0000] {logging_mixin.py:188} INFO - [2024-04-25T06:53:44.209+0000] {dag.py:3823} INFO - Setting next_dagrun for example_subdag_operator.section-1 to None, run_after=None
[2024-04-25T06:53:44.220+0000] {logging_mixin.py:188} INFO - [2024-04-25T06:53:44.219+0000] {dag.py:3823} INFO - Setting next_dagrun for example_subdag_operator.section-2 to None, run_after=None
[2024-04-25T06:53:44.371+0000] {processor.py:183} INFO - Processing /home/airflow/.local/lib/python3.8/site-packages/airflow/example_dags/example_subdag_operator.py took 3.670 seconds
[2024-04-25T06:54:17.400+0000] {processor.py:161} INFO - Started process (PID=266) to work on /home/airflow/.local/lib/python3.8/site-packages/airflow/example_dags/example_subdag_operator.py
[2024-04-25T06:54:17.409+0000] {processor.py:830} INFO - Processing file /home/airflow/.local/lib/python3.8/site-packages/airflow/example_dags/example_subdag_operator.py for tasks to queue
[2024-04-25T06:54:17.419+0000] {logging_mixin.py:188} INFO - [2024-04-25T06:54:17.417+0000] {dagbag.py:538} INFO - Filling up the DagBag from /home/airflow/.local/lib/python3.8/site-packages/airflow/example_dags/example_subdag_operator.py
[2024-04-25T06:54:17.579+0000] {processor.py:840} INFO - DAG(s) 'example_subdag_operator.section-1', 'example_subdag_operator.section-2', 'example_subdag_operator' retrieved from /home/airflow/.local/lib/python3.8/site-packages/airflow/example_dags/example_subdag_operator.py
[2024-04-25T06:54:18.401+0000] {logging_mixin.py:188} INFO - [2024-04-25T06:54:18.396+0000] {dag.py:3036} INFO - Sync 3 DAGs
[2024-04-25T06:54:18.951+0000] {logging_mixin.py:188} INFO - [2024-04-25T06:54:18.949+0000] {dag.py:3823} INFO - Setting next_dagrun for example_subdag_operator to 2022-01-01 00:00:00+00:00, run_after=2022-01-01 00:00:00+00:00
[2024-04-25T06:54:18.977+0000] {logging_mixin.py:188} INFO - [2024-04-25T06:54:18.977+0000] {dag.py:3823} INFO - Setting next_dagrun for example_subdag_operator.section-1 to None, run_after=None
[2024-04-25T06:54:18.985+0000] {logging_mixin.py:188} INFO - [2024-04-25T06:54:18.985+0000] {dag.py:3823} INFO - Setting next_dagrun for example_subdag_operator.section-2 to None, run_after=None
[2024-04-25T06:54:19.032+0000] {logging_mixin.py:188} INFO - [2024-04-25T06:54:19.031+0000] {dag.py:3036} INFO - Sync 2 DAGs
[2024-04-25T06:54:19.080+0000] {logging_mixin.py:188} INFO - [2024-04-25T06:54:19.079+0000] {dag.py:3823} INFO - Setting next_dagrun for example_subdag_operator.section-1 to None, run_after=None
[2024-04-25T06:54:19.083+0000] {logging_mixin.py:188} INFO - [2024-04-25T06:54:19.083+0000] {dag.py:3823} INFO - Setting next_dagrun for example_subdag_operator.section-2 to None, run_after=None
[2024-04-25T06:54:19.242+0000] {processor.py:183} INFO - Processing /home/airflow/.local/lib/python3.8/site-packages/airflow/example_dags/example_subdag_operator.py took 1.856 seconds
[2024-04-25T06:54:52.704+0000] {processor.py:161} INFO - Started process (PID=336) to work on /home/airflow/.local/lib/python3.8/site-packages/airflow/example_dags/example_subdag_operator.py
[2024-04-25T06:54:52.729+0000] {processor.py:830} INFO - Processing file /home/airflow/.local/lib/python3.8/site-packages/airflow/example_dags/example_subdag_operator.py for tasks to queue
[2024-04-25T06:54:52.743+0000] {logging_mixin.py:188} INFO - [2024-04-25T06:54:52.741+0000] {dagbag.py:538} INFO - Filling up the DagBag from /home/airflow/.local/lib/python3.8/site-packages/airflow/example_dags/example_subdag_operator.py
[2024-04-25T06:54:52.920+0000] {processor.py:840} INFO - DAG(s) 'example_subdag_operator.section-1', 'example_subdag_operator.section-2', 'example_subdag_operator' retrieved from /home/airflow/.local/lib/python3.8/site-packages/airflow/example_dags/example_subdag_operator.py
[2024-04-25T06:54:53.068+0000] {logging_mixin.py:188} INFO - [2024-04-25T06:54:53.067+0000] {dag.py:3036} INFO - Sync 3 DAGs
[2024-04-25T06:54:53.376+0000] {logging_mixin.py:188} INFO - [2024-04-25T06:54:53.366+0000] {dag.py:3823} INFO - Setting next_dagrun for example_subdag_operator to 2022-01-01 00:00:00+00:00, run_after=2022-01-01 00:00:00+00:00
[2024-04-25T06:54:53.417+0000] {logging_mixin.py:188} INFO - [2024-04-25T06:54:53.414+0000] {dag.py:3823} INFO - Setting next_dagrun for example_subdag_operator.section-1 to None, run_after=None
[2024-04-25T06:54:53.429+0000] {logging_mixin.py:188} INFO - [2024-04-25T06:54:53.428+0000] {dag.py:3823} INFO - Setting next_dagrun for example_subdag_operator.section-2 to None, run_after=None
[2024-04-25T06:54:53.524+0000] {logging_mixin.py:188} INFO - [2024-04-25T06:54:53.523+0000] {dag.py:3036} INFO - Sync 2 DAGs
[2024-04-25T06:54:53.551+0000] {logging_mixin.py:188} INFO - [2024-04-25T06:54:53.549+0000] {dag.py:3823} INFO - Setting next_dagrun for example_subdag_operator.section-1 to None, run_after=None
[2024-04-25T06:54:53.556+0000] {logging_mixin.py:188} INFO - [2024-04-25T06:54:53.555+0000] {dag.py:3823} INFO - Setting next_dagrun for example_subdag_operator.section-2 to None, run_after=None
[2024-04-25T06:54:53.656+0000] {processor.py:183} INFO - Processing /home/airflow/.local/lib/python3.8/site-packages/airflow/example_dags/example_subdag_operator.py took 0.981 seconds
[2024-04-25T06:55:26.844+0000] {processor.py:161} INFO - Started process (PID=405) to work on /home/airflow/.local/lib/python3.8/site-packages/airflow/example_dags/example_subdag_operator.py
[2024-04-25T06:55:26.851+0000] {processor.py:830} INFO - Processing file /home/airflow/.local/lib/python3.8/site-packages/airflow/example_dags/example_subdag_operator.py for tasks to queue
[2024-04-25T06:55:26.859+0000] {logging_mixin.py:188} INFO - [2024-04-25T06:55:26.858+0000] {dagbag.py:538} INFO - Filling up the DagBag from /home/airflow/.local/lib/python3.8/site-packages/airflow/example_dags/example_subdag_operator.py
[2024-04-25T06:55:26.969+0000] {processor.py:840} INFO - DAG(s) 'example_subdag_operator.section-1', 'example_subdag_operator.section-2', 'example_subdag_operator' retrieved from /home/airflow/.local/lib/python3.8/site-packages/airflow/example_dags/example_subdag_operator.py
[2024-04-25T06:55:27.040+0000] {logging_mixin.py:188} INFO - [2024-04-25T06:55:27.039+0000] {dag.py:3036} INFO - Sync 3 DAGs
[2024-04-25T06:55:27.164+0000] {logging_mixin.py:188} INFO - [2024-04-25T06:55:27.163+0000] {dag.py:3823} INFO - Setting next_dagrun for example_subdag_operator to 2022-01-01 00:00:00+00:00, run_after=2022-01-01 00:00:00+00:00
[2024-04-25T06:55:27.185+0000] {logging_mixin.py:188} INFO - [2024-04-25T06:55:27.184+0000] {dag.py:3823} INFO - Setting next_dagrun for example_subdag_operator.section-1 to None, run_after=None
[2024-04-25T06:55:27.190+0000] {logging_mixin.py:188} INFO - [2024-04-25T06:55:27.189+0000] {dag.py:3823} INFO - Setting next_dagrun for example_subdag_operator.section-2 to None, run_after=None
[2024-04-25T06:55:27.230+0000] {logging_mixin.py:188} INFO - [2024-04-25T06:55:27.229+0000] {dag.py:3036} INFO - Sync 2 DAGs
[2024-04-25T06:55:27.257+0000] {logging_mixin.py:188} INFO - [2024-04-25T06:55:27.256+0000] {dag.py:3823} INFO - Setting next_dagrun for example_subdag_operator.section-1 to None, run_after=None
[2024-04-25T06:55:27.260+0000] {logging_mixin.py:188} INFO - [2024-04-25T06:55:27.260+0000] {dag.py:3823} INFO - Setting next_dagrun for example_subdag_operator.section-2 to None, run_after=None
[2024-04-25T06:55:27.314+0000] {processor.py:183} INFO - Processing /home/airflow/.local/lib/python3.8/site-packages/airflow/example_dags/example_subdag_operator.py took 0.482 seconds
[2024-04-25T06:56:04.437+0000] {processor.py:161} INFO - Started process (PID=475) to work on /home/airflow/.local/lib/python3.8/site-packages/airflow/example_dags/example_subdag_operator.py
[2024-04-25T06:56:04.442+0000] {processor.py:830} INFO - Processing file /home/airflow/.local/lib/python3.8/site-packages/airflow/example_dags/example_subdag_operator.py for tasks to queue
[2024-04-25T06:56:04.452+0000] {logging_mixin.py:188} INFO - [2024-04-25T06:56:04.451+0000] {dagbag.py:538} INFO - Filling up the DagBag from /home/airflow/.local/lib/python3.8/site-packages/airflow/example_dags/example_subdag_operator.py
[2024-04-25T06:56:04.638+0000] {processor.py:840} INFO - DAG(s) 'example_subdag_operator.section-1', 'example_subdag_operator.section-2', 'example_subdag_operator' retrieved from /home/airflow/.local/lib/python3.8/site-packages/airflow/example_dags/example_subdag_operator.py
[2024-04-25T06:56:04.735+0000] {logging_mixin.py:188} INFO - [2024-04-25T06:56:04.734+0000] {dag.py:3036} INFO - Sync 3 DAGs
[2024-04-25T06:56:04.886+0000] {logging_mixin.py:188} INFO - [2024-04-25T06:56:04.885+0000] {dag.py:3823} INFO - Setting next_dagrun for example_subdag_operator to 2022-01-01 00:00:00+00:00, run_after=2022-01-01 00:00:00+00:00
[2024-04-25T06:56:04.903+0000] {logging_mixin.py:188} INFO - [2024-04-25T06:56:04.903+0000] {dag.py:3823} INFO - Setting next_dagrun for example_subdag_operator.section-1 to None, run_after=None
[2024-04-25T06:56:04.910+0000] {logging_mixin.py:188} INFO - [2024-04-25T06:56:04.909+0000] {dag.py:3823} INFO - Setting next_dagrun for example_subdag_operator.section-2 to None, run_after=None
[2024-04-25T06:56:04.940+0000] {logging_mixin.py:188} INFO - [2024-04-25T06:56:04.939+0000] {dag.py:3036} INFO - Sync 2 DAGs
[2024-04-25T06:56:04.963+0000] {logging_mixin.py:188} INFO - [2024-04-25T06:56:04.961+0000] {dag.py:3823} INFO - Setting next_dagrun for example_subdag_operator.section-1 to None, run_after=None
[2024-04-25T06:56:04.984+0000] {logging_mixin.py:188} INFO - [2024-04-25T06:56:04.983+0000] {dag.py:3823} INFO - Setting next_dagrun for example_subdag_operator.section-2 to None, run_after=None
[2024-04-25T06:56:05.111+0000] {processor.py:183} INFO - Processing /home/airflow/.local/lib/python3.8/site-packages/airflow/example_dags/example_subdag_operator.py took 0.690 seconds
[2024-04-25T06:56:42.801+0000] {processor.py:161} INFO - Started process (PID=553) to work on /home/airflow/.local/lib/python3.8/site-packages/airflow/example_dags/example_subdag_operator.py
[2024-04-25T06:56:42.807+0000] {processor.py:830} INFO - Processing file /home/airflow/.local/lib/python3.8/site-packages/airflow/example_dags/example_subdag_operator.py for tasks to queue
[2024-04-25T06:56:42.816+0000] {logging_mixin.py:188} INFO - [2024-04-25T06:56:42.814+0000] {dagbag.py:538} INFO - Filling up the DagBag from /home/airflow/.local/lib/python3.8/site-packages/airflow/example_dags/example_subdag_operator.py
[2024-04-25T06:56:42.903+0000] {processor.py:840} INFO - DAG(s) 'example_subdag_operator.section-1', 'example_subdag_operator.section-2', 'example_subdag_operator' retrieved from /home/airflow/.local/lib/python3.8/site-packages/airflow/example_dags/example_subdag_operator.py
[2024-04-25T06:56:42.974+0000] {logging_mixin.py:188} INFO - [2024-04-25T06:56:42.973+0000] {dag.py:3036} INFO - Sync 3 DAGs
[2024-04-25T06:56:43.076+0000] {logging_mixin.py:188} INFO - [2024-04-25T06:56:43.075+0000] {dag.py:3823} INFO - Setting next_dagrun for example_subdag_operator to 2022-01-01 00:00:00+00:00, run_after=2022-01-01 00:00:00+00:00
[2024-04-25T06:56:43.093+0000] {logging_mixin.py:188} INFO - [2024-04-25T06:56:43.093+0000] {dag.py:3823} INFO - Setting next_dagrun for example_subdag_operator.section-1 to None, run_after=None
[2024-04-25T06:56:43.101+0000] {logging_mixin.py:188} INFO - [2024-04-25T06:56:43.101+0000] {dag.py:3823} INFO - Setting next_dagrun for example_subdag_operator.section-2 to None, run_after=None
[2024-04-25T06:56:43.144+0000] {logging_mixin.py:188} INFO - [2024-04-25T06:56:43.142+0000] {dag.py:3036} INFO - Sync 2 DAGs
[2024-04-25T06:56:43.172+0000] {logging_mixin.py:188} INFO - [2024-04-25T06:56:43.171+0000] {dag.py:3823} INFO - Setting next_dagrun for example_subdag_operator.section-1 to None, run_after=None
[2024-04-25T06:56:43.176+0000] {logging_mixin.py:188} INFO - [2024-04-25T06:56:43.175+0000] {dag.py:3823} INFO - Setting next_dagrun for example_subdag_operator.section-2 to None, run_after=None
[2024-04-25T06:56:43.940+0000] {processor.py:183} INFO - Processing /home/airflow/.local/lib/python3.8/site-packages/airflow/example_dags/example_subdag_operator.py took 1.151 seconds
[2024-04-25T06:58:26.046+0000] {processor.py:161} INFO - Started process (PID=654) to work on /home/airflow/.local/lib/python3.8/site-packages/airflow/example_dags/example_subdag_operator.py
[2024-04-25T06:58:26.159+0000] {processor.py:830} INFO - Processing file /home/airflow/.local/lib/python3.8/site-packages/airflow/example_dags/example_subdag_operator.py for tasks to queue
[2024-04-25T06:58:26.265+0000] {logging_mixin.py:188} INFO - [2024-04-25T06:58:26.261+0000] {dagbag.py:538} INFO - Filling up the DagBag from /home/airflow/.local/lib/python3.8/site-packages/airflow/example_dags/example_subdag_operator.py
[2024-04-25T06:58:27.041+0000] {processor.py:840} INFO - DAG(s) 'example_subdag_operator.section-1', 'example_subdag_operator.section-2', 'example_subdag_operator' retrieved from /home/airflow/.local/lib/python3.8/site-packages/airflow/example_dags/example_subdag_operator.py
[2024-04-25T06:58:27.480+0000] {logging_mixin.py:188} INFO - [2024-04-25T06:58:27.478+0000] {dag.py:3036} INFO - Sync 3 DAGs
[2024-04-25T06:58:30.325+0000] {logging_mixin.py:188} INFO - [2024-04-25T06:58:30.314+0000] {dag.py:3823} INFO - Setting next_dagrun for example_subdag_operator to 2022-01-01 00:00:00+00:00, run_after=2022-01-01 00:00:00+00:00
[2024-04-25T06:58:30.441+0000] {logging_mixin.py:188} INFO - [2024-04-25T06:58:30.439+0000] {dag.py:3823} INFO - Setting next_dagrun for example_subdag_operator.section-1 to None, run_after=None
[2024-04-25T06:58:30.468+0000] {logging_mixin.py:188} INFO - [2024-04-25T06:58:30.464+0000] {dag.py:3823} INFO - Setting next_dagrun for example_subdag_operator.section-2 to None, run_after=None
[2024-04-25T06:58:30.812+0000] {logging_mixin.py:188} INFO - [2024-04-25T06:58:30.800+0000] {dag.py:3036} INFO - Sync 2 DAGs
[2024-04-25T06:58:30.934+0000] {logging_mixin.py:188} INFO - [2024-04-25T06:58:30.930+0000] {dag.py:3823} INFO - Setting next_dagrun for example_subdag_operator.section-1 to None, run_after=None
[2024-04-25T06:58:31.015+0000] {logging_mixin.py:188} INFO - [2024-04-25T06:58:31.011+0000] {dag.py:3823} INFO - Setting next_dagrun for example_subdag_operator.section-2 to None, run_after=None
[2024-04-25T06:58:31.495+0000] {processor.py:183} INFO - Processing /home/airflow/.local/lib/python3.8/site-packages/airflow/example_dags/example_subdag_operator.py took 5.504 seconds
[2024-04-25T07:09:51.074+0000] {processor.py:161} INFO - Started process (PID=776) to work on /home/airflow/.local/lib/python3.8/site-packages/airflow/example_dags/example_subdag_operator.py
[2024-04-25T07:09:51.279+0000] {processor.py:830} INFO - Processing file /home/airflow/.local/lib/python3.8/site-packages/airflow/example_dags/example_subdag_operator.py for tasks to queue
[2024-04-25T07:09:51.546+0000] {logging_mixin.py:188} INFO - [2024-04-25T07:09:51.369+0000] {dagbag.py:538} INFO - Filling up the DagBag from /home/airflow/.local/lib/python3.8/site-packages/airflow/example_dags/example_subdag_operator.py
[2024-04-25T07:10:22.075+0000] {logging_mixin.py:188} INFO - [2024-04-25T07:10:17.448+0000] {dagbag.py:348} ERROR - Failed to import: /home/airflow/.local/lib/python3.8/site-packages/airflow/example_dags/example_subdag_operator.py
Traceback (most recent call last):
  File "/home/airflow/.local/lib/python3.8/site-packages/sqlalchemy/engine/base.py", line 3371, in _wrap_pool_connect
    return fn()
  File "/home/airflow/.local/lib/python3.8/site-packages/sqlalchemy/pool/base.py", line 327, in connect
    return _ConnectionFairy._checkout(self)
  File "/home/airflow/.local/lib/python3.8/site-packages/sqlalchemy/pool/base.py", line 894, in _checkout
    fairy = _ConnectionRecord.checkout(pool)
  File "/home/airflow/.local/lib/python3.8/site-packages/sqlalchemy/pool/base.py", line 493, in checkout
    rec = pool._do_get()
  File "/home/airflow/.local/lib/python3.8/site-packages/sqlalchemy/pool/impl.py", line 146, in _do_get
    self._dec_overflow()
  File "/home/airflow/.local/lib/python3.8/site-packages/sqlalchemy/util/langhelpers.py", line 70, in __exit__
    compat.raise_(
  File "/home/airflow/.local/lib/python3.8/site-packages/sqlalchemy/util/compat.py", line 211, in raise_
    raise exception
  File "/home/airflow/.local/lib/python3.8/site-packages/sqlalchemy/pool/impl.py", line 143, in _do_get
    return self._create_connection()
  File "/home/airflow/.local/lib/python3.8/site-packages/sqlalchemy/pool/base.py", line 273, in _create_connection
    return _ConnectionRecord(self)
  File "/home/airflow/.local/lib/python3.8/site-packages/sqlalchemy/pool/base.py", line 388, in __init__
    self.__connect()
  File "/home/airflow/.local/lib/python3.8/site-packages/sqlalchemy/pool/base.py", line 691, in __connect
    pool.logger.debug("Error on connect(): %s", e)
  File "/home/airflow/.local/lib/python3.8/site-packages/sqlalchemy/util/langhelpers.py", line 70, in __exit__
    compat.raise_(
  File "/home/airflow/.local/lib/python3.8/site-packages/sqlalchemy/util/compat.py", line 211, in raise_
    raise exception
  File "/home/airflow/.local/lib/python3.8/site-packages/sqlalchemy/pool/base.py", line 686, in __connect
    self.dbapi_connection = connection = pool._invoke_creator(self)
  File "/home/airflow/.local/lib/python3.8/site-packages/sqlalchemy/engine/create.py", line 574, in connect
    return dialect.connect(*cargs, **cparams)
  File "/home/airflow/.local/lib/python3.8/site-packages/sqlalchemy/engine/default.py", line 598, in connect
    return self.dbapi.connect(*cargs, **cparams)
  File "/home/airflow/.local/lib/python3.8/site-packages/psycopg2/__init__.py", line 122, in connect
    conn = _connect(dsn, connection_factory=connection_factory, **kwasync)
psycopg2.OperationalError: could not translate host name "postgres" to address: Temporary failure in name resolution


The above exception was the direct cause of the following exception:

Traceback (most recent call last):
  File "/home/airflow/.local/lib/python3.8/site-packages/airflow/models/dagbag.py", line 344, in parse
    loader.exec_module(new_module)
  File "<frozen importlib._bootstrap_external>", line 843, in exec_module
  File "<frozen importlib._bootstrap>", line 219, in _call_with_frames_removed
  File "/home/airflow/.local/lib/python3.8/site-packages/airflow/example_dags/example_subdag_operator.py", line 42, in <module>
    section_1 = SubDagOperator(
  File "/home/airflow/.local/lib/python3.8/site-packages/airflow/models/baseoperator.py", line 437, in apply_defaults
    result = func(self, **kwargs, default_args=default_args)
  File "/home/airflow/.local/lib/python3.8/site-packages/airflow/utils/session.py", line 79, in wrapper
    return func(*args, session=session, **kwargs)
  File "/home/airflow/.local/lib/python3.8/site-packages/airflow/operators/subdag.py", line 97, in __init__
    self._validate_pool(session)
  File "/home/airflow/.local/lib/python3.8/site-packages/airflow/operators/subdag.py", line 122, in _validate_pool
    pool = session.scalar(select(Pool).where(Pool.slots == 1, Pool.pool == self.pool))
  File "/home/airflow/.local/lib/python3.8/site-packages/sqlalchemy/orm/session.py", line 1747, in scalar
    return self.execute(
  File "/home/airflow/.local/lib/python3.8/site-packages/sqlalchemy/orm/session.py", line 1716, in execute
    conn = self._connection_for_bind(bind)
  File "/home/airflow/.local/lib/python3.8/site-packages/sqlalchemy/orm/session.py", line 1555, in _connection_for_bind
    return self._transaction._connection_for_bind(
  File "/home/airflow/.local/lib/python3.8/site-packages/sqlalchemy/orm/session.py", line 750, in _connection_for_bind
    conn = bind.connect()
  File "/home/airflow/.local/lib/python3.8/site-packages/sqlalchemy/future/engine.py", line 412, in connect
    return super(Engine, self).connect()
  File "/home/airflow/.local/lib/python3.8/site-packages/sqlalchemy/engine/base.py", line 3325, in connect
    return self._connection_cls(self, close_with_result=close_with_result)
  File "/home/airflow/.local/lib/python3.8/site-packages/sqlalchemy/engine/base.py", line 96, in __init__
    else engine.raw_connection()
  File "/home/airflow/.local/lib/python3.8/site-packages/sqlalchemy/engine/base.py", line 3404, in raw_connection
    return self._wrap_pool_connect(self.pool.connect, _connection)
  File "/home/airflow/.local/lib/python3.8/site-packages/sqlalchemy/engine/base.py", line 3374, in _wrap_pool_connect
    Connection._handle_dbapi_exception_noconnection(
  File "/home/airflow/.local/lib/python3.8/site-packages/sqlalchemy/engine/base.py", line 2208, in _handle_dbapi_exception_noconnection
    util.raise_(
  File "/home/airflow/.local/lib/python3.8/site-packages/sqlalchemy/util/compat.py", line 211, in raise_
    raise exception
  File "/home/airflow/.local/lib/python3.8/site-packages/sqlalchemy/engine/base.py", line 3371, in _wrap_pool_connect
    return fn()
  File "/home/airflow/.local/lib/python3.8/site-packages/sqlalchemy/pool/base.py", line 327, in connect
    return _ConnectionFairy._checkout(self)
  File "/home/airflow/.local/lib/python3.8/site-packages/sqlalchemy/pool/base.py", line 894, in _checkout
    fairy = _ConnectionRecord.checkout(pool)
  File "/home/airflow/.local/lib/python3.8/site-packages/sqlalchemy/pool/base.py", line 493, in checkout
    rec = pool._do_get()
  File "/home/airflow/.local/lib/python3.8/site-packages/sqlalchemy/pool/impl.py", line 146, in _do_get
    self._dec_overflow()
  File "/home/airflow/.local/lib/python3.8/site-packages/sqlalchemy/util/langhelpers.py", line 70, in __exit__
    compat.raise_(
  File "/home/airflow/.local/lib/python3.8/site-packages/sqlalchemy/util/compat.py", line 211, in raise_
    raise exception
  File "/home/airflow/.local/lib/python3.8/site-packages/sqlalchemy/pool/impl.py", line 143, in _do_get
    return self._create_connection()
  File "/home/airflow/.local/lib/python3.8/site-packages/sqlalchemy/pool/base.py", line 273, in _create_connection
    return _ConnectionRecord(self)
  File "/home/airflow/.local/lib/python3.8/site-packages/sqlalchemy/pool/base.py", line 388, in __init__
    self.__connect()
  File "/home/airflow/.local/lib/python3.8/site-packages/sqlalchemy/pool/base.py", line 691, in __connect
    pool.logger.debug("Error on connect(): %s", e)
  File "/home/airflow/.local/lib/python3.8/site-packages/sqlalchemy/util/langhelpers.py", line 70, in __exit__
    compat.raise_(
  File "/home/airflow/.local/lib/python3.8/site-packages/sqlalchemy/util/compat.py", line 211, in raise_
    raise exception
  File "/home/airflow/.local/lib/python3.8/site-packages/sqlalchemy/pool/base.py", line 686, in __connect
    self.dbapi_connection = connection = pool._invoke_creator(self)
  File "/home/airflow/.local/lib/python3.8/site-packages/sqlalchemy/engine/create.py", line 574, in connect
    return dialect.connect(*cargs, **cparams)
  File "/home/airflow/.local/lib/python3.8/site-packages/sqlalchemy/engine/default.py", line 598, in connect
    return self.dbapi.connect(*cargs, **cparams)
  File "/home/airflow/.local/lib/python3.8/site-packages/psycopg2/__init__.py", line 122, in connect
    conn = _connect(dsn, connection_factory=connection_factory, **kwasync)
sqlalchemy.exc.OperationalError: (psycopg2.OperationalError) could not translate host name "postgres" to address: Temporary failure in name resolution

(Background on this error at: https://sqlalche.me/e/14/e3q8)
[2024-04-25T07:10:22.148+0000] {processor.py:842} WARNING - No viable dags retrieved from /home/airflow/.local/lib/python3.8/site-packages/airflow/example_dags/example_subdag_operator.py
[2024-04-25T07:51:12.347+0000] {processor.py:161} INFO - Started process (PID=79) to work on /home/airflow/.local/lib/python3.8/site-packages/airflow/example_dags/example_subdag_operator.py
[2024-04-25T07:51:12.358+0000] {processor.py:830} INFO - Processing file /home/airflow/.local/lib/python3.8/site-packages/airflow/example_dags/example_subdag_operator.py for tasks to queue
[2024-04-25T07:51:12.366+0000] {logging_mixin.py:188} INFO - [2024-04-25T07:51:12.364+0000] {dagbag.py:538} INFO - Filling up the DagBag from /home/airflow/.local/lib/python3.8/site-packages/airflow/example_dags/example_subdag_operator.py
[2024-04-25T07:51:12.433+0000] {processor.py:840} INFO - DAG(s) 'example_subdag_operator.section-1', 'example_subdag_operator.section-2', 'example_subdag_operator' retrieved from /home/airflow/.local/lib/python3.8/site-packages/airflow/example_dags/example_subdag_operator.py
[2024-04-25T07:51:12.748+0000] {logging_mixin.py:188} INFO - [2024-04-25T07:51:12.747+0000] {dag.py:3036} INFO - Sync 3 DAGs
[2024-04-25T07:51:12.799+0000] {logging_mixin.py:188} INFO - [2024-04-25T07:51:12.799+0000] {dag.py:3823} INFO - Setting next_dagrun for example_subdag_operator to 2022-01-01 00:00:00+00:00, run_after=2022-01-01 00:00:00+00:00
[2024-04-25T07:51:12.811+0000] {logging_mixin.py:188} INFO - [2024-04-25T07:51:12.810+0000] {dag.py:3823} INFO - Setting next_dagrun for example_subdag_operator.section-1 to None, run_after=None
[2024-04-25T07:51:12.818+0000] {logging_mixin.py:188} INFO - [2024-04-25T07:51:12.817+0000] {dag.py:3823} INFO - Setting next_dagrun for example_subdag_operator.section-2 to None, run_after=None
[2024-04-25T07:51:12.846+0000] {logging_mixin.py:188} INFO - [2024-04-25T07:51:12.845+0000] {dag.py:3036} INFO - Sync 2 DAGs
[2024-04-25T07:51:12.870+0000] {logging_mixin.py:188} INFO - [2024-04-25T07:51:12.869+0000] {dag.py:3823} INFO - Setting next_dagrun for example_subdag_operator.section-1 to None, run_after=None
[2024-04-25T07:51:12.873+0000] {logging_mixin.py:188} INFO - [2024-04-25T07:51:12.872+0000] {dag.py:3823} INFO - Setting next_dagrun for example_subdag_operator.section-2 to None, run_after=None
[2024-04-25T07:51:12.923+0000] {processor.py:183} INFO - Processing /home/airflow/.local/lib/python3.8/site-packages/airflow/example_dags/example_subdag_operator.py took 0.586 seconds
[2024-04-25T07:51:46.708+0000] {processor.py:161} INFO - Started process (PID=149) to work on /home/airflow/.local/lib/python3.8/site-packages/airflow/example_dags/example_subdag_operator.py
[2024-04-25T07:51:46.722+0000] {processor.py:830} INFO - Processing file /home/airflow/.local/lib/python3.8/site-packages/airflow/example_dags/example_subdag_operator.py for tasks to queue
[2024-04-25T07:51:46.745+0000] {logging_mixin.py:188} INFO - [2024-04-25T07:51:46.733+0000] {dagbag.py:538} INFO - Filling up the DagBag from /home/airflow/.local/lib/python3.8/site-packages/airflow/example_dags/example_subdag_operator.py
[2024-04-25T07:51:46.921+0000] {processor.py:840} INFO - DAG(s) 'example_subdag_operator.section-1', 'example_subdag_operator.section-2', 'example_subdag_operator' retrieved from /home/airflow/.local/lib/python3.8/site-packages/airflow/example_dags/example_subdag_operator.py
[2024-04-25T07:51:47.119+0000] {logging_mixin.py:188} INFO - [2024-04-25T07:51:47.117+0000] {dag.py:3036} INFO - Sync 3 DAGs
[2024-04-25T07:51:47.458+0000] {logging_mixin.py:188} INFO - [2024-04-25T07:51:47.456+0000] {dag.py:3823} INFO - Setting next_dagrun for example_subdag_operator to 2022-01-01 00:00:00+00:00, run_after=2022-01-01 00:00:00+00:00
[2024-04-25T07:51:47.487+0000] {logging_mixin.py:188} INFO - [2024-04-25T07:51:47.485+0000] {dag.py:3823} INFO - Setting next_dagrun for example_subdag_operator.section-1 to None, run_after=None
[2024-04-25T07:51:47.499+0000] {logging_mixin.py:188} INFO - [2024-04-25T07:51:47.498+0000] {dag.py:3823} INFO - Setting next_dagrun for example_subdag_operator.section-2 to None, run_after=None
[2024-04-25T07:51:47.545+0000] {logging_mixin.py:188} INFO - [2024-04-25T07:51:47.544+0000] {dag.py:3036} INFO - Sync 2 DAGs
[2024-04-25T07:51:47.587+0000] {logging_mixin.py:188} INFO - [2024-04-25T07:51:47.585+0000] {dag.py:3823} INFO - Setting next_dagrun for example_subdag_operator.section-1 to None, run_after=None
[2024-04-25T07:51:47.597+0000] {logging_mixin.py:188} INFO - [2024-04-25T07:51:47.595+0000] {dag.py:3823} INFO - Setting next_dagrun for example_subdag_operator.section-2 to None, run_after=None
[2024-04-25T07:51:47.674+0000] {processor.py:183} INFO - Processing /home/airflow/.local/lib/python3.8/site-packages/airflow/example_dags/example_subdag_operator.py took 0.984 seconds
[2024-04-25T07:52:26.768+0000] {processor.py:161} INFO - Started process (PID=225) to work on /home/airflow/.local/lib/python3.8/site-packages/airflow/example_dags/example_subdag_operator.py
[2024-04-25T07:52:26.782+0000] {processor.py:830} INFO - Processing file /home/airflow/.local/lib/python3.8/site-packages/airflow/example_dags/example_subdag_operator.py for tasks to queue
[2024-04-25T07:52:26.795+0000] {logging_mixin.py:188} INFO - [2024-04-25T07:52:26.793+0000] {dagbag.py:538} INFO - Filling up the DagBag from /home/airflow/.local/lib/python3.8/site-packages/airflow/example_dags/example_subdag_operator.py
[2024-04-25T07:52:27.120+0000] {processor.py:840} INFO - DAG(s) 'example_subdag_operator.section-1', 'example_subdag_operator.section-2', 'example_subdag_operator' retrieved from /home/airflow/.local/lib/python3.8/site-packages/airflow/example_dags/example_subdag_operator.py
[2024-04-25T07:52:27.373+0000] {logging_mixin.py:188} INFO - [2024-04-25T07:52:27.372+0000] {dag.py:3036} INFO - Sync 3 DAGs
[2024-04-25T07:52:27.504+0000] {logging_mixin.py:188} INFO - [2024-04-25T07:52:27.503+0000] {dag.py:3823} INFO - Setting next_dagrun for example_subdag_operator to 2022-01-01 00:00:00+00:00, run_after=2022-01-01 00:00:00+00:00
[2024-04-25T07:52:27.533+0000] {logging_mixin.py:188} INFO - [2024-04-25T07:52:27.532+0000] {dag.py:3823} INFO - Setting next_dagrun for example_subdag_operator.section-1 to None, run_after=None
[2024-04-25T07:52:27.547+0000] {logging_mixin.py:188} INFO - [2024-04-25T07:52:27.546+0000] {dag.py:3823} INFO - Setting next_dagrun for example_subdag_operator.section-2 to None, run_after=None
[2024-04-25T07:52:27.586+0000] {logging_mixin.py:188} INFO - [2024-04-25T07:52:27.585+0000] {dag.py:3036} INFO - Sync 2 DAGs
[2024-04-25T07:52:27.615+0000] {logging_mixin.py:188} INFO - [2024-04-25T07:52:27.615+0000] {dag.py:3823} INFO - Setting next_dagrun for example_subdag_operator.section-1 to None, run_after=None
[2024-04-25T07:52:27.620+0000] {logging_mixin.py:188} INFO - [2024-04-25T07:52:27.619+0000] {dag.py:3823} INFO - Setting next_dagrun for example_subdag_operator.section-2 to None, run_after=None
[2024-04-25T07:52:27.691+0000] {processor.py:183} INFO - Processing /home/airflow/.local/lib/python3.8/site-packages/airflow/example_dags/example_subdag_operator.py took 0.945 seconds
[2024-04-25T07:52:57.947+0000] {processor.py:161} INFO - Started process (PID=295) to work on /home/airflow/.local/lib/python3.8/site-packages/airflow/example_dags/example_subdag_operator.py
[2024-04-25T07:52:57.957+0000] {processor.py:830} INFO - Processing file /home/airflow/.local/lib/python3.8/site-packages/airflow/example_dags/example_subdag_operator.py for tasks to queue
[2024-04-25T07:52:57.966+0000] {logging_mixin.py:188} INFO - [2024-04-25T07:52:57.965+0000] {dagbag.py:538} INFO - Filling up the DagBag from /home/airflow/.local/lib/python3.8/site-packages/airflow/example_dags/example_subdag_operator.py
[2024-04-25T07:52:58.048+0000] {processor.py:840} INFO - DAG(s) 'example_subdag_operator.section-1', 'example_subdag_operator.section-2', 'example_subdag_operator' retrieved from /home/airflow/.local/lib/python3.8/site-packages/airflow/example_dags/example_subdag_operator.py
[2024-04-25T07:52:58.094+0000] {logging_mixin.py:188} INFO - [2024-04-25T07:52:58.093+0000] {dag.py:3036} INFO - Sync 3 DAGs
[2024-04-25T07:52:58.162+0000] {logging_mixin.py:188} INFO - [2024-04-25T07:52:58.161+0000] {dag.py:3823} INFO - Setting next_dagrun for example_subdag_operator to 2022-01-01 00:00:00+00:00, run_after=2022-01-01 00:00:00+00:00
[2024-04-25T07:52:58.172+0000] {logging_mixin.py:188} INFO - [2024-04-25T07:52:58.172+0000] {dag.py:3823} INFO - Setting next_dagrun for example_subdag_operator.section-1 to None, run_after=None
[2024-04-25T07:52:58.177+0000] {logging_mixin.py:188} INFO - [2024-04-25T07:52:58.177+0000] {dag.py:3823} INFO - Setting next_dagrun for example_subdag_operator.section-2 to None, run_after=None
[2024-04-25T07:52:58.201+0000] {logging_mixin.py:188} INFO - [2024-04-25T07:52:58.200+0000] {dag.py:3036} INFO - Sync 2 DAGs
[2024-04-25T07:52:58.221+0000] {logging_mixin.py:188} INFO - [2024-04-25T07:52:58.220+0000] {dag.py:3823} INFO - Setting next_dagrun for example_subdag_operator.section-1 to None, run_after=None
[2024-04-25T07:52:58.223+0000] {logging_mixin.py:188} INFO - [2024-04-25T07:52:58.223+0000] {dag.py:3823} INFO - Setting next_dagrun for example_subdag_operator.section-2 to None, run_after=None
[2024-04-25T07:52:58.265+0000] {processor.py:183} INFO - Processing /home/airflow/.local/lib/python3.8/site-packages/airflow/example_dags/example_subdag_operator.py took 0.328 seconds
[2024-04-25T07:53:35.885+0000] {processor.py:161} INFO - Started process (PID=365) to work on /home/airflow/.local/lib/python3.8/site-packages/airflow/example_dags/example_subdag_operator.py
[2024-04-25T07:53:35.900+0000] {processor.py:830} INFO - Processing file /home/airflow/.local/lib/python3.8/site-packages/airflow/example_dags/example_subdag_operator.py for tasks to queue
[2024-04-25T07:53:35.913+0000] {logging_mixin.py:188} INFO - [2024-04-25T07:53:35.911+0000] {dagbag.py:538} INFO - Filling up the DagBag from /home/airflow/.local/lib/python3.8/site-packages/airflow/example_dags/example_subdag_operator.py
[2024-04-25T07:53:36.039+0000] {processor.py:840} INFO - DAG(s) 'example_subdag_operator.section-1', 'example_subdag_operator.section-2', 'example_subdag_operator' retrieved from /home/airflow/.local/lib/python3.8/site-packages/airflow/example_dags/example_subdag_operator.py
[2024-04-25T07:53:36.123+0000] {logging_mixin.py:188} INFO - [2024-04-25T07:53:36.122+0000] {dag.py:3036} INFO - Sync 3 DAGs
[2024-04-25T07:53:36.280+0000] {logging_mixin.py:188} INFO - [2024-04-25T07:53:36.278+0000] {dag.py:3823} INFO - Setting next_dagrun for example_subdag_operator to 2022-01-01 00:00:00+00:00, run_after=2022-01-01 00:00:00+00:00
[2024-04-25T07:53:36.309+0000] {logging_mixin.py:188} INFO - [2024-04-25T07:53:36.307+0000] {dag.py:3823} INFO - Setting next_dagrun for example_subdag_operator.section-1 to None, run_after=None
[2024-04-25T07:53:36.320+0000] {logging_mixin.py:188} INFO - [2024-04-25T07:53:36.319+0000] {dag.py:3823} INFO - Setting next_dagrun for example_subdag_operator.section-2 to None, run_after=None
[2024-04-25T07:53:36.374+0000] {logging_mixin.py:188} INFO - [2024-04-25T07:53:36.371+0000] {dag.py:3036} INFO - Sync 2 DAGs
[2024-04-25T07:53:36.402+0000] {logging_mixin.py:188} INFO - [2024-04-25T07:53:36.401+0000] {dag.py:3823} INFO - Setting next_dagrun for example_subdag_operator.section-1 to None, run_after=None
[2024-04-25T07:53:36.405+0000] {logging_mixin.py:188} INFO - [2024-04-25T07:53:36.404+0000] {dag.py:3823} INFO - Setting next_dagrun for example_subdag_operator.section-2 to None, run_after=None
[2024-04-25T07:53:36.464+0000] {processor.py:183} INFO - Processing /home/airflow/.local/lib/python3.8/site-packages/airflow/example_dags/example_subdag_operator.py took 0.593 seconds
