[2024-04-25T05:59:10.266+0000] {processor.py:161} INFO - Started process (PID=109) to work on /home/airflow/.local/lib/python3.8/site-packages/airflow/example_dags/example_branch_day_of_week_operator.py
[2024-04-25T05:59:10.270+0000] {processor.py:830} INFO - Processing file /home/airflow/.local/lib/python3.8/site-packages/airflow/example_dags/example_branch_day_of_week_operator.py for tasks to queue
[2024-04-25T05:59:10.277+0000] {logging_mixin.py:188} INFO - [2024-04-25T05:59:10.276+0000] {dagbag.py:538} INFO - Filling up the DagBag from /home/airflow/.local/lib/python3.8/site-packages/airflow/example_dags/example_branch_day_of_week_operator.py
[2024-04-25T05:59:10.315+0000] {processor.py:840} INFO - DAG(s) 'example_weekday_branch_operator' retrieved from /home/airflow/.local/lib/python3.8/site-packages/airflow/example_dags/example_branch_day_of_week_operator.py
[2024-04-25T05:59:10.780+0000] {logging_mixin.py:188} INFO - [2024-04-25T05:59:10.779+0000] {dag.py:3036} INFO - Sync 1 DAGs
[2024-04-25T05:59:10.904+0000] {logging_mixin.py:188} INFO - [2024-04-25T05:59:10.903+0000] {dag.py:3823} INFO - Setting next_dagrun for example_weekday_branch_operator to 2024-04-24 00:00:00+00:00, run_after=2024-04-25 00:00:00+00:00
[2024-04-25T05:59:10.993+0000] {processor.py:183} INFO - Processing /home/airflow/.local/lib/python3.8/site-packages/airflow/example_dags/example_branch_day_of_week_operator.py took 0.743 seconds
[2024-04-25T05:59:52.000+0000] {processor.py:161} INFO - Started process (PID=168) to work on /home/airflow/.local/lib/python3.8/site-packages/airflow/example_dags/example_branch_day_of_week_operator.py
[2024-04-25T05:59:52.007+0000] {processor.py:830} INFO - Processing file /home/airflow/.local/lib/python3.8/site-packages/airflow/example_dags/example_branch_day_of_week_operator.py for tasks to queue
[2024-04-25T05:59:52.016+0000] {logging_mixin.py:188} INFO - [2024-04-25T05:59:52.014+0000] {dagbag.py:538} INFO - Filling up the DagBag from /home/airflow/.local/lib/python3.8/site-packages/airflow/example_dags/example_branch_day_of_week_operator.py
[2024-04-25T05:59:52.100+0000] {processor.py:840} INFO - DAG(s) 'example_weekday_branch_operator' retrieved from /home/airflow/.local/lib/python3.8/site-packages/airflow/example_dags/example_branch_day_of_week_operator.py
[2024-04-25T05:59:52.522+0000] {logging_mixin.py:188} INFO - [2024-04-25T05:59:52.508+0000] {dag.py:3036} INFO - Sync 1 DAGs
[2024-04-25T05:59:52.849+0000] {logging_mixin.py:188} INFO - [2024-04-25T05:59:52.848+0000] {dag.py:3823} INFO - Setting next_dagrun for example_weekday_branch_operator to 2024-04-24 00:00:00+00:00, run_after=2024-04-25 00:00:00+00:00
[2024-04-25T05:59:53.205+0000] {processor.py:183} INFO - Processing /home/airflow/.local/lib/python3.8/site-packages/airflow/example_dags/example_branch_day_of_week_operator.py took 1.233 seconds
[2024-04-25T06:00:40.953+0000] {processor.py:161} INFO - Started process (PID=233) to work on /home/airflow/.local/lib/python3.8/site-packages/airflow/example_dags/example_branch_day_of_week_operator.py
[2024-04-25T06:00:40.957+0000] {processor.py:830} INFO - Processing file /home/airflow/.local/lib/python3.8/site-packages/airflow/example_dags/example_branch_day_of_week_operator.py for tasks to queue
[2024-04-25T06:00:40.966+0000] {logging_mixin.py:188} INFO - [2024-04-25T06:00:40.964+0000] {dagbag.py:538} INFO - Filling up the DagBag from /home/airflow/.local/lib/python3.8/site-packages/airflow/example_dags/example_branch_day_of_week_operator.py
[2024-04-25T06:00:41.001+0000] {processor.py:840} INFO - DAG(s) 'example_weekday_branch_operator' retrieved from /home/airflow/.local/lib/python3.8/site-packages/airflow/example_dags/example_branch_day_of_week_operator.py
[2024-04-25T06:00:41.087+0000] {logging_mixin.py:188} INFO - [2024-04-25T06:00:41.086+0000] {dag.py:3036} INFO - Sync 1 DAGs
[2024-04-25T06:00:41.180+0000] {logging_mixin.py:188} INFO - [2024-04-25T06:00:41.180+0000] {dag.py:3823} INFO - Setting next_dagrun for example_weekday_branch_operator to 2024-04-24 00:00:00+00:00, run_after=2024-04-25 00:00:00+00:00
[2024-04-25T06:00:41.247+0000] {processor.py:183} INFO - Processing /home/airflow/.local/lib/python3.8/site-packages/airflow/example_dags/example_branch_day_of_week_operator.py took 0.305 seconds
[2024-04-25T06:01:16.012+0000] {processor.py:161} INFO - Started process (PID=290) to work on /home/airflow/.local/lib/python3.8/site-packages/airflow/example_dags/example_branch_day_of_week_operator.py
[2024-04-25T06:01:16.019+0000] {processor.py:830} INFO - Processing file /home/airflow/.local/lib/python3.8/site-packages/airflow/example_dags/example_branch_day_of_week_operator.py for tasks to queue
[2024-04-25T06:01:16.029+0000] {logging_mixin.py:188} INFO - [2024-04-25T06:01:16.027+0000] {dagbag.py:538} INFO - Filling up the DagBag from /home/airflow/.local/lib/python3.8/site-packages/airflow/example_dags/example_branch_day_of_week_operator.py
[2024-04-25T06:01:16.058+0000] {processor.py:840} INFO - DAG(s) 'example_weekday_branch_operator' retrieved from /home/airflow/.local/lib/python3.8/site-packages/airflow/example_dags/example_branch_day_of_week_operator.py
[2024-04-25T06:01:16.135+0000] {logging_mixin.py:188} INFO - [2024-04-25T06:01:16.135+0000] {dag.py:3036} INFO - Sync 1 DAGs
[2024-04-25T06:01:16.202+0000] {logging_mixin.py:188} INFO - [2024-04-25T06:01:16.202+0000] {dag.py:3823} INFO - Setting next_dagrun for example_weekday_branch_operator to 2024-04-24 00:00:00+00:00, run_after=2024-04-25 00:00:00+00:00
[2024-04-25T06:01:16.263+0000] {processor.py:183} INFO - Processing /home/airflow/.local/lib/python3.8/site-packages/airflow/example_dags/example_branch_day_of_week_operator.py took 0.263 seconds
[2024-04-25T06:01:56.135+0000] {processor.py:161} INFO - Started process (PID=339) to work on /home/airflow/.local/lib/python3.8/site-packages/airflow/example_dags/example_branch_day_of_week_operator.py
[2024-04-25T06:01:56.139+0000] {processor.py:830} INFO - Processing file /home/airflow/.local/lib/python3.8/site-packages/airflow/example_dags/example_branch_day_of_week_operator.py for tasks to queue
[2024-04-25T06:01:56.145+0000] {logging_mixin.py:188} INFO - [2024-04-25T06:01:56.144+0000] {dagbag.py:538} INFO - Filling up the DagBag from /home/airflow/.local/lib/python3.8/site-packages/airflow/example_dags/example_branch_day_of_week_operator.py
[2024-04-25T06:01:56.169+0000] {processor.py:840} INFO - DAG(s) 'example_weekday_branch_operator' retrieved from /home/airflow/.local/lib/python3.8/site-packages/airflow/example_dags/example_branch_day_of_week_operator.py
[2024-04-25T06:01:56.248+0000] {logging_mixin.py:188} INFO - [2024-04-25T06:01:56.248+0000] {dag.py:3036} INFO - Sync 1 DAGs
[2024-04-25T06:01:56.320+0000] {logging_mixin.py:188} INFO - [2024-04-25T06:01:56.320+0000] {dag.py:3823} INFO - Setting next_dagrun for example_weekday_branch_operator to 2024-04-24 00:00:00+00:00, run_after=2024-04-25 00:00:00+00:00
[2024-04-25T06:01:56.387+0000] {processor.py:183} INFO - Processing /home/airflow/.local/lib/python3.8/site-packages/airflow/example_dags/example_branch_day_of_week_operator.py took 0.264 seconds
[2024-04-25T06:02:28.138+0000] {processor.py:161} INFO - Started process (PID=398) to work on /home/airflow/.local/lib/python3.8/site-packages/airflow/example_dags/example_branch_day_of_week_operator.py
[2024-04-25T06:02:28.140+0000] {processor.py:830} INFO - Processing file /home/airflow/.local/lib/python3.8/site-packages/airflow/example_dags/example_branch_day_of_week_operator.py for tasks to queue
[2024-04-25T06:02:28.146+0000] {logging_mixin.py:188} INFO - [2024-04-25T06:02:28.145+0000] {dagbag.py:538} INFO - Filling up the DagBag from /home/airflow/.local/lib/python3.8/site-packages/airflow/example_dags/example_branch_day_of_week_operator.py
[2024-04-25T06:02:28.162+0000] {processor.py:840} INFO - DAG(s) 'example_weekday_branch_operator' retrieved from /home/airflow/.local/lib/python3.8/site-packages/airflow/example_dags/example_branch_day_of_week_operator.py
[2024-04-25T06:02:28.218+0000] {logging_mixin.py:188} INFO - [2024-04-25T06:02:28.217+0000] {dag.py:3036} INFO - Sync 1 DAGs
[2024-04-25T06:02:28.277+0000] {logging_mixin.py:188} INFO - [2024-04-25T06:02:28.276+0000] {dag.py:3823} INFO - Setting next_dagrun for example_weekday_branch_operator to 2024-04-24 00:00:00+00:00, run_after=2024-04-25 00:00:00+00:00
[2024-04-25T06:02:28.323+0000] {processor.py:183} INFO - Processing /home/airflow/.local/lib/python3.8/site-packages/airflow/example_dags/example_branch_day_of_week_operator.py took 0.195 seconds
[2024-04-25T06:03:09.103+0000] {processor.py:161} INFO - Started process (PID=457) to work on /home/airflow/.local/lib/python3.8/site-packages/airflow/example_dags/example_branch_day_of_week_operator.py
[2024-04-25T06:03:09.109+0000] {processor.py:830} INFO - Processing file /home/airflow/.local/lib/python3.8/site-packages/airflow/example_dags/example_branch_day_of_week_operator.py for tasks to queue
[2024-04-25T06:03:09.119+0000] {logging_mixin.py:188} INFO - [2024-04-25T06:03:09.117+0000] {dagbag.py:538} INFO - Filling up the DagBag from /home/airflow/.local/lib/python3.8/site-packages/airflow/example_dags/example_branch_day_of_week_operator.py
[2024-04-25T06:03:09.210+0000] {processor.py:840} INFO - DAG(s) 'example_weekday_branch_operator' retrieved from /home/airflow/.local/lib/python3.8/site-packages/airflow/example_dags/example_branch_day_of_week_operator.py
[2024-04-25T06:03:09.427+0000] {logging_mixin.py:188} INFO - [2024-04-25T06:03:09.426+0000] {dag.py:3036} INFO - Sync 1 DAGs
[2024-04-25T06:03:09.697+0000] {logging_mixin.py:188} INFO - [2024-04-25T06:03:09.694+0000] {dag.py:3823} INFO - Setting next_dagrun for example_weekday_branch_operator to 2024-04-24 00:00:00+00:00, run_after=2024-04-25 00:00:00+00:00
[2024-04-25T06:03:09.847+0000] {processor.py:183} INFO - Processing /home/airflow/.local/lib/python3.8/site-packages/airflow/example_dags/example_branch_day_of_week_operator.py took 0.762 seconds
[2024-04-25T06:03:40.038+0000] {processor.py:161} INFO - Started process (PID=522) to work on /home/airflow/.local/lib/python3.8/site-packages/airflow/example_dags/example_branch_day_of_week_operator.py
[2024-04-25T06:03:40.046+0000] {processor.py:830} INFO - Processing file /home/airflow/.local/lib/python3.8/site-packages/airflow/example_dags/example_branch_day_of_week_operator.py for tasks to queue
[2024-04-25T06:03:40.059+0000] {logging_mixin.py:188} INFO - [2024-04-25T06:03:40.057+0000] {dagbag.py:538} INFO - Filling up the DagBag from /home/airflow/.local/lib/python3.8/site-packages/airflow/example_dags/example_branch_day_of_week_operator.py
[2024-04-25T06:03:40.110+0000] {processor.py:840} INFO - DAG(s) 'example_weekday_branch_operator' retrieved from /home/airflow/.local/lib/python3.8/site-packages/airflow/example_dags/example_branch_day_of_week_operator.py
[2024-04-25T06:03:40.202+0000] {logging_mixin.py:188} INFO - [2024-04-25T06:03:40.201+0000] {dag.py:3036} INFO - Sync 1 DAGs
[2024-04-25T06:03:40.306+0000] {logging_mixin.py:188} INFO - [2024-04-25T06:03:40.305+0000] {dag.py:3823} INFO - Setting next_dagrun for example_weekday_branch_operator to 2024-04-24 00:00:00+00:00, run_after=2024-04-25 00:00:00+00:00
[2024-04-25T06:03:40.385+0000] {processor.py:183} INFO - Processing /home/airflow/.local/lib/python3.8/site-packages/airflow/example_dags/example_branch_day_of_week_operator.py took 0.362 seconds
[2024-04-25T06:04:10.485+0000] {processor.py:161} INFO - Started process (PID=581) to work on /home/airflow/.local/lib/python3.8/site-packages/airflow/example_dags/example_branch_day_of_week_operator.py
[2024-04-25T06:04:10.489+0000] {processor.py:830} INFO - Processing file /home/airflow/.local/lib/python3.8/site-packages/airflow/example_dags/example_branch_day_of_week_operator.py for tasks to queue
[2024-04-25T06:04:10.494+0000] {logging_mixin.py:188} INFO - [2024-04-25T06:04:10.493+0000] {dagbag.py:538} INFO - Filling up the DagBag from /home/airflow/.local/lib/python3.8/site-packages/airflow/example_dags/example_branch_day_of_week_operator.py
[2024-04-25T06:04:10.521+0000] {processor.py:840} INFO - DAG(s) 'example_weekday_branch_operator' retrieved from /home/airflow/.local/lib/python3.8/site-packages/airflow/example_dags/example_branch_day_of_week_operator.py
[2024-04-25T06:04:10.576+0000] {logging_mixin.py:188} INFO - [2024-04-25T06:04:10.576+0000] {dag.py:3036} INFO - Sync 1 DAGs
[2024-04-25T06:04:10.630+0000] {logging_mixin.py:188} INFO - [2024-04-25T06:04:10.629+0000] {dag.py:3823} INFO - Setting next_dagrun for example_weekday_branch_operator to 2024-04-24 00:00:00+00:00, run_after=2024-04-25 00:00:00+00:00
[2024-04-25T06:04:10.677+0000] {processor.py:183} INFO - Processing /home/airflow/.local/lib/python3.8/site-packages/airflow/example_dags/example_branch_day_of_week_operator.py took 0.202 seconds
[2024-04-25T06:04:40.778+0000] {processor.py:161} INFO - Started process (PID=640) to work on /home/airflow/.local/lib/python3.8/site-packages/airflow/example_dags/example_branch_day_of_week_operator.py
[2024-04-25T06:04:40.780+0000] {processor.py:830} INFO - Processing file /home/airflow/.local/lib/python3.8/site-packages/airflow/example_dags/example_branch_day_of_week_operator.py for tasks to queue
[2024-04-25T06:04:40.782+0000] {logging_mixin.py:188} INFO - [2024-04-25T06:04:40.782+0000] {dagbag.py:538} INFO - Filling up the DagBag from /home/airflow/.local/lib/python3.8/site-packages/airflow/example_dags/example_branch_day_of_week_operator.py
[2024-04-25T06:04:40.791+0000] {processor.py:840} INFO - DAG(s) 'example_weekday_branch_operator' retrieved from /home/airflow/.local/lib/python3.8/site-packages/airflow/example_dags/example_branch_day_of_week_operator.py
[2024-04-25T06:04:40.816+0000] {logging_mixin.py:188} INFO - [2024-04-25T06:04:40.816+0000] {dag.py:3036} INFO - Sync 1 DAGs
[2024-04-25T06:04:40.842+0000] {logging_mixin.py:188} INFO - [2024-04-25T06:04:40.841+0000] {dag.py:3823} INFO - Setting next_dagrun for example_weekday_branch_operator to 2024-04-24 00:00:00+00:00, run_after=2024-04-25 00:00:00+00:00
[2024-04-25T06:04:40.866+0000] {processor.py:183} INFO - Processing /home/airflow/.local/lib/python3.8/site-packages/airflow/example_dags/example_branch_day_of_week_operator.py took 0.092 seconds
[2024-04-25T06:05:11.363+0000] {processor.py:161} INFO - Started process (PID=699) to work on /home/airflow/.local/lib/python3.8/site-packages/airflow/example_dags/example_branch_day_of_week_operator.py
[2024-04-25T06:05:11.366+0000] {processor.py:830} INFO - Processing file /home/airflow/.local/lib/python3.8/site-packages/airflow/example_dags/example_branch_day_of_week_operator.py for tasks to queue
[2024-04-25T06:05:11.371+0000] {logging_mixin.py:188} INFO - [2024-04-25T06:05:11.370+0000] {dagbag.py:538} INFO - Filling up the DagBag from /home/airflow/.local/lib/python3.8/site-packages/airflow/example_dags/example_branch_day_of_week_operator.py
[2024-04-25T06:05:11.384+0000] {processor.py:840} INFO - DAG(s) 'example_weekday_branch_operator' retrieved from /home/airflow/.local/lib/python3.8/site-packages/airflow/example_dags/example_branch_day_of_week_operator.py
[2024-04-25T06:05:11.427+0000] {logging_mixin.py:188} INFO - [2024-04-25T06:05:11.427+0000] {dag.py:3036} INFO - Sync 1 DAGs
[2024-04-25T06:05:11.466+0000] {logging_mixin.py:188} INFO - [2024-04-25T06:05:11.465+0000] {dag.py:3823} INFO - Setting next_dagrun for example_weekday_branch_operator to 2024-04-24 00:00:00+00:00, run_after=2024-04-25 00:00:00+00:00
[2024-04-25T06:05:11.495+0000] {processor.py:183} INFO - Processing /home/airflow/.local/lib/python3.8/site-packages/airflow/example_dags/example_branch_day_of_week_operator.py took 0.138 seconds
[2024-04-25T06:05:41.655+0000] {processor.py:161} INFO - Started process (PID=758) to work on /home/airflow/.local/lib/python3.8/site-packages/airflow/example_dags/example_branch_day_of_week_operator.py
[2024-04-25T06:05:41.658+0000] {processor.py:830} INFO - Processing file /home/airflow/.local/lib/python3.8/site-packages/airflow/example_dags/example_branch_day_of_week_operator.py for tasks to queue
[2024-04-25T06:05:41.662+0000] {logging_mixin.py:188} INFO - [2024-04-25T06:05:41.662+0000] {dagbag.py:538} INFO - Filling up the DagBag from /home/airflow/.local/lib/python3.8/site-packages/airflow/example_dags/example_branch_day_of_week_operator.py
[2024-04-25T06:05:41.681+0000] {processor.py:840} INFO - DAG(s) 'example_weekday_branch_operator' retrieved from /home/airflow/.local/lib/python3.8/site-packages/airflow/example_dags/example_branch_day_of_week_operator.py
[2024-04-25T06:05:41.724+0000] {logging_mixin.py:188} INFO - [2024-04-25T06:05:41.723+0000] {dag.py:3036} INFO - Sync 1 DAGs
[2024-04-25T06:05:41.778+0000] {logging_mixin.py:188} INFO - [2024-04-25T06:05:41.778+0000] {dag.py:3823} INFO - Setting next_dagrun for example_weekday_branch_operator to 2024-04-24 00:00:00+00:00, run_after=2024-04-25 00:00:00+00:00
[2024-04-25T06:05:41.811+0000] {processor.py:183} INFO - Processing /home/airflow/.local/lib/python3.8/site-packages/airflow/example_dags/example_branch_day_of_week_operator.py took 0.162 seconds
[2024-04-25T06:06:11.968+0000] {processor.py:161} INFO - Started process (PID=817) to work on /home/airflow/.local/lib/python3.8/site-packages/airflow/example_dags/example_branch_day_of_week_operator.py
[2024-04-25T06:06:11.971+0000] {processor.py:830} INFO - Processing file /home/airflow/.local/lib/python3.8/site-packages/airflow/example_dags/example_branch_day_of_week_operator.py for tasks to queue
[2024-04-25T06:06:11.976+0000] {logging_mixin.py:188} INFO - [2024-04-25T06:06:11.975+0000] {dagbag.py:538} INFO - Filling up the DagBag from /home/airflow/.local/lib/python3.8/site-packages/airflow/example_dags/example_branch_day_of_week_operator.py
[2024-04-25T06:06:11.991+0000] {processor.py:840} INFO - DAG(s) 'example_weekday_branch_operator' retrieved from /home/airflow/.local/lib/python3.8/site-packages/airflow/example_dags/example_branch_day_of_week_operator.py
[2024-04-25T06:06:12.039+0000] {logging_mixin.py:188} INFO - [2024-04-25T06:06:12.039+0000] {dag.py:3036} INFO - Sync 1 DAGs
[2024-04-25T06:06:12.112+0000] {logging_mixin.py:188} INFO - [2024-04-25T06:06:12.110+0000] {dag.py:3823} INFO - Setting next_dagrun for example_weekday_branch_operator to 2024-04-24 00:00:00+00:00, run_after=2024-04-25 00:00:00+00:00
[2024-04-25T06:06:12.164+0000] {processor.py:183} INFO - Processing /home/airflow/.local/lib/python3.8/site-packages/airflow/example_dags/example_branch_day_of_week_operator.py took 0.204 seconds
[2024-04-25T06:06:44.866+0000] {processor.py:161} INFO - Started process (PID=876) to work on /home/airflow/.local/lib/python3.8/site-packages/airflow/example_dags/example_branch_day_of_week_operator.py
[2024-04-25T06:06:44.872+0000] {processor.py:830} INFO - Processing file /home/airflow/.local/lib/python3.8/site-packages/airflow/example_dags/example_branch_day_of_week_operator.py for tasks to queue
[2024-04-25T06:06:44.882+0000] {logging_mixin.py:188} INFO - [2024-04-25T06:06:44.881+0000] {dagbag.py:538} INFO - Filling up the DagBag from /home/airflow/.local/lib/python3.8/site-packages/airflow/example_dags/example_branch_day_of_week_operator.py
[2024-04-25T06:06:44.933+0000] {processor.py:840} INFO - DAG(s) 'example_weekday_branch_operator' retrieved from /home/airflow/.local/lib/python3.8/site-packages/airflow/example_dags/example_branch_day_of_week_operator.py
[2024-04-25T06:06:45.020+0000] {logging_mixin.py:188} INFO - [2024-04-25T06:06:45.019+0000] {dag.py:3036} INFO - Sync 1 DAGs
[2024-04-25T06:06:45.154+0000] {logging_mixin.py:188} INFO - [2024-04-25T06:06:45.139+0000] {dag.py:3823} INFO - Setting next_dagrun for example_weekday_branch_operator to 2024-04-24 00:00:00+00:00, run_after=2024-04-25 00:00:00+00:00
[2024-04-25T06:06:45.278+0000] {processor.py:183} INFO - Processing /home/airflow/.local/lib/python3.8/site-packages/airflow/example_dags/example_branch_day_of_week_operator.py took 0.426 seconds
[2024-04-25T06:07:15.802+0000] {processor.py:161} INFO - Started process (PID=935) to work on /home/airflow/.local/lib/python3.8/site-packages/airflow/example_dags/example_branch_day_of_week_operator.py
[2024-04-25T06:07:15.823+0000] {processor.py:830} INFO - Processing file /home/airflow/.local/lib/python3.8/site-packages/airflow/example_dags/example_branch_day_of_week_operator.py for tasks to queue
[2024-04-25T06:07:15.828+0000] {logging_mixin.py:188} INFO - [2024-04-25T06:07:15.827+0000] {dagbag.py:538} INFO - Filling up the DagBag from /home/airflow/.local/lib/python3.8/site-packages/airflow/example_dags/example_branch_day_of_week_operator.py
[2024-04-25T06:07:15.852+0000] {processor.py:840} INFO - DAG(s) 'example_weekday_branch_operator' retrieved from /home/airflow/.local/lib/python3.8/site-packages/airflow/example_dags/example_branch_day_of_week_operator.py
[2024-04-25T06:07:15.929+0000] {logging_mixin.py:188} INFO - [2024-04-25T06:07:15.929+0000] {dag.py:3036} INFO - Sync 1 DAGs
[2024-04-25T06:07:15.988+0000] {logging_mixin.py:188} INFO - [2024-04-25T06:07:15.987+0000] {dag.py:3823} INFO - Setting next_dagrun for example_weekday_branch_operator to 2024-04-24 00:00:00+00:00, run_after=2024-04-25 00:00:00+00:00
[2024-04-25T06:07:16.125+0000] {processor.py:183} INFO - Processing /home/airflow/.local/lib/python3.8/site-packages/airflow/example_dags/example_branch_day_of_week_operator.py took 0.331 seconds
[2024-04-25T06:07:46.333+0000] {processor.py:161} INFO - Started process (PID=994) to work on /home/airflow/.local/lib/python3.8/site-packages/airflow/example_dags/example_branch_day_of_week_operator.py
[2024-04-25T06:07:46.336+0000] {processor.py:830} INFO - Processing file /home/airflow/.local/lib/python3.8/site-packages/airflow/example_dags/example_branch_day_of_week_operator.py for tasks to queue
[2024-04-25T06:07:46.341+0000] {logging_mixin.py:188} INFO - [2024-04-25T06:07:46.341+0000] {dagbag.py:538} INFO - Filling up the DagBag from /home/airflow/.local/lib/python3.8/site-packages/airflow/example_dags/example_branch_day_of_week_operator.py
[2024-04-25T06:07:46.362+0000] {processor.py:840} INFO - DAG(s) 'example_weekday_branch_operator' retrieved from /home/airflow/.local/lib/python3.8/site-packages/airflow/example_dags/example_branch_day_of_week_operator.py
[2024-04-25T06:07:46.425+0000] {logging_mixin.py:188} INFO - [2024-04-25T06:07:46.425+0000] {dag.py:3036} INFO - Sync 1 DAGs
[2024-04-25T06:07:46.493+0000] {logging_mixin.py:188} INFO - [2024-04-25T06:07:46.492+0000] {dag.py:3823} INFO - Setting next_dagrun for example_weekday_branch_operator to 2024-04-24 00:00:00+00:00, run_after=2024-04-25 00:00:00+00:00
[2024-04-25T06:07:46.559+0000] {processor.py:183} INFO - Processing /home/airflow/.local/lib/python3.8/site-packages/airflow/example_dags/example_branch_day_of_week_operator.py took 0.235 seconds
[2024-04-25T06:08:17.215+0000] {processor.py:161} INFO - Started process (PID=1053) to work on /home/airflow/.local/lib/python3.8/site-packages/airflow/example_dags/example_branch_day_of_week_operator.py
[2024-04-25T06:08:17.219+0000] {processor.py:830} INFO - Processing file /home/airflow/.local/lib/python3.8/site-packages/airflow/example_dags/example_branch_day_of_week_operator.py for tasks to queue
[2024-04-25T06:08:17.224+0000] {logging_mixin.py:188} INFO - [2024-04-25T06:08:17.223+0000] {dagbag.py:538} INFO - Filling up the DagBag from /home/airflow/.local/lib/python3.8/site-packages/airflow/example_dags/example_branch_day_of_week_operator.py
[2024-04-25T06:08:17.245+0000] {processor.py:840} INFO - DAG(s) 'example_weekday_branch_operator' retrieved from /home/airflow/.local/lib/python3.8/site-packages/airflow/example_dags/example_branch_day_of_week_operator.py
[2024-04-25T06:08:17.345+0000] {logging_mixin.py:188} INFO - [2024-04-25T06:08:17.341+0000] {dag.py:3036} INFO - Sync 1 DAGs
[2024-04-25T06:08:17.477+0000] {logging_mixin.py:188} INFO - [2024-04-25T06:08:17.476+0000] {dag.py:3823} INFO - Setting next_dagrun for example_weekday_branch_operator to 2024-04-24 00:00:00+00:00, run_after=2024-04-25 00:00:00+00:00
[2024-04-25T06:08:17.538+0000] {processor.py:183} INFO - Processing /home/airflow/.local/lib/python3.8/site-packages/airflow/example_dags/example_branch_day_of_week_operator.py took 0.335 seconds
[2024-04-25T06:08:47.840+0000] {processor.py:161} INFO - Started process (PID=1112) to work on /home/airflow/.local/lib/python3.8/site-packages/airflow/example_dags/example_branch_day_of_week_operator.py
[2024-04-25T06:08:47.842+0000] {processor.py:830} INFO - Processing file /home/airflow/.local/lib/python3.8/site-packages/airflow/example_dags/example_branch_day_of_week_operator.py for tasks to queue
[2024-04-25T06:08:47.849+0000] {logging_mixin.py:188} INFO - [2024-04-25T06:08:47.847+0000] {dagbag.py:538} INFO - Filling up the DagBag from /home/airflow/.local/lib/python3.8/site-packages/airflow/example_dags/example_branch_day_of_week_operator.py
[2024-04-25T06:08:47.869+0000] {processor.py:840} INFO - DAG(s) 'example_weekday_branch_operator' retrieved from /home/airflow/.local/lib/python3.8/site-packages/airflow/example_dags/example_branch_day_of_week_operator.py
[2024-04-25T06:08:47.927+0000] {logging_mixin.py:188} INFO - [2024-04-25T06:08:47.927+0000] {dag.py:3036} INFO - Sync 1 DAGs
[2024-04-25T06:08:47.981+0000] {logging_mixin.py:188} INFO - [2024-04-25T06:08:47.981+0000] {dag.py:3823} INFO - Setting next_dagrun for example_weekday_branch_operator to 2024-04-24 00:00:00+00:00, run_after=2024-04-25 00:00:00+00:00
[2024-04-25T06:08:48.037+0000] {processor.py:183} INFO - Processing /home/airflow/.local/lib/python3.8/site-packages/airflow/example_dags/example_branch_day_of_week_operator.py took 0.205 seconds
[2024-04-25T06:09:19.087+0000] {processor.py:161} INFO - Started process (PID=1171) to work on /home/airflow/.local/lib/python3.8/site-packages/airflow/example_dags/example_branch_day_of_week_operator.py
[2024-04-25T06:09:19.092+0000] {processor.py:830} INFO - Processing file /home/airflow/.local/lib/python3.8/site-packages/airflow/example_dags/example_branch_day_of_week_operator.py for tasks to queue
[2024-04-25T06:09:19.098+0000] {logging_mixin.py:188} INFO - [2024-04-25T06:09:19.098+0000] {dagbag.py:538} INFO - Filling up the DagBag from /home/airflow/.local/lib/python3.8/site-packages/airflow/example_dags/example_branch_day_of_week_operator.py
[2024-04-25T06:09:19.127+0000] {processor.py:840} INFO - DAG(s) 'example_weekday_branch_operator' retrieved from /home/airflow/.local/lib/python3.8/site-packages/airflow/example_dags/example_branch_day_of_week_operator.py
[2024-04-25T06:09:19.199+0000] {logging_mixin.py:188} INFO - [2024-04-25T06:09:19.198+0000] {dag.py:3036} INFO - Sync 1 DAGs
[2024-04-25T06:09:19.282+0000] {logging_mixin.py:188} INFO - [2024-04-25T06:09:19.282+0000] {dag.py:3823} INFO - Setting next_dagrun for example_weekday_branch_operator to 2024-04-24 00:00:00+00:00, run_after=2024-04-25 00:00:00+00:00
[2024-04-25T06:09:19.357+0000] {processor.py:183} INFO - Processing /home/airflow/.local/lib/python3.8/site-packages/airflow/example_dags/example_branch_day_of_week_operator.py took 0.279 seconds
[2024-04-25T06:09:49.791+0000] {processor.py:161} INFO - Started process (PID=1230) to work on /home/airflow/.local/lib/python3.8/site-packages/airflow/example_dags/example_branch_day_of_week_operator.py
[2024-04-25T06:09:49.795+0000] {processor.py:830} INFO - Processing file /home/airflow/.local/lib/python3.8/site-packages/airflow/example_dags/example_branch_day_of_week_operator.py for tasks to queue
[2024-04-25T06:09:49.803+0000] {logging_mixin.py:188} INFO - [2024-04-25T06:09:49.802+0000] {dagbag.py:538} INFO - Filling up the DagBag from /home/airflow/.local/lib/python3.8/site-packages/airflow/example_dags/example_branch_day_of_week_operator.py
[2024-04-25T06:09:49.832+0000] {processor.py:840} INFO - DAG(s) 'example_weekday_branch_operator' retrieved from /home/airflow/.local/lib/python3.8/site-packages/airflow/example_dags/example_branch_day_of_week_operator.py
[2024-04-25T06:09:49.907+0000] {logging_mixin.py:188} INFO - [2024-04-25T06:09:49.907+0000] {dag.py:3036} INFO - Sync 1 DAGs
[2024-04-25T06:09:49.986+0000] {logging_mixin.py:188} INFO - [2024-04-25T06:09:49.985+0000] {dag.py:3823} INFO - Setting next_dagrun for example_weekday_branch_operator to 2024-04-24 00:00:00+00:00, run_after=2024-04-25 00:00:00+00:00
[2024-04-25T06:09:50.050+0000] {processor.py:183} INFO - Processing /home/airflow/.local/lib/python3.8/site-packages/airflow/example_dags/example_branch_day_of_week_operator.py took 0.269 seconds
[2024-04-25T06:10:20.350+0000] {processor.py:161} INFO - Started process (PID=1288) to work on /home/airflow/.local/lib/python3.8/site-packages/airflow/example_dags/example_branch_day_of_week_operator.py
[2024-04-25T06:10:20.356+0000] {processor.py:830} INFO - Processing file /home/airflow/.local/lib/python3.8/site-packages/airflow/example_dags/example_branch_day_of_week_operator.py for tasks to queue
[2024-04-25T06:10:20.368+0000] {logging_mixin.py:188} INFO - [2024-04-25T06:10:20.367+0000] {dagbag.py:538} INFO - Filling up the DagBag from /home/airflow/.local/lib/python3.8/site-packages/airflow/example_dags/example_branch_day_of_week_operator.py
[2024-04-25T06:10:20.405+0000] {processor.py:840} INFO - DAG(s) 'example_weekday_branch_operator' retrieved from /home/airflow/.local/lib/python3.8/site-packages/airflow/example_dags/example_branch_day_of_week_operator.py
[2024-04-25T06:10:20.593+0000] {logging_mixin.py:188} INFO - [2024-04-25T06:10:20.592+0000] {dag.py:3036} INFO - Sync 1 DAGs
[2024-04-25T06:10:20.700+0000] {logging_mixin.py:188} INFO - [2024-04-25T06:10:20.698+0000] {dag.py:3823} INFO - Setting next_dagrun for example_weekday_branch_operator to 2024-04-24 00:00:00+00:00, run_after=2024-04-25 00:00:00+00:00
[2024-04-25T06:10:20.825+0000] {processor.py:183} INFO - Processing /home/airflow/.local/lib/python3.8/site-packages/airflow/example_dags/example_branch_day_of_week_operator.py took 0.490 seconds
[2024-04-25T06:53:02.085+0000] {processor.py:161} INFO - Started process (PID=122) to work on /home/airflow/.local/lib/python3.8/site-packages/airflow/example_dags/example_branch_day_of_week_operator.py
[2024-04-25T06:53:02.094+0000] {processor.py:830} INFO - Processing file /home/airflow/.local/lib/python3.8/site-packages/airflow/example_dags/example_branch_day_of_week_operator.py for tasks to queue
[2024-04-25T06:53:02.104+0000] {logging_mixin.py:188} INFO - [2024-04-25T06:53:02.102+0000] {dagbag.py:538} INFO - Filling up the DagBag from /home/airflow/.local/lib/python3.8/site-packages/airflow/example_dags/example_branch_day_of_week_operator.py
[2024-04-25T06:53:02.243+0000] {processor.py:840} INFO - DAG(s) 'example_weekday_branch_operator' retrieved from /home/airflow/.local/lib/python3.8/site-packages/airflow/example_dags/example_branch_day_of_week_operator.py
[2024-04-25T06:53:03.912+0000] {logging_mixin.py:188} INFO - [2024-04-25T06:53:03.910+0000] {dag.py:3036} INFO - Sync 1 DAGs
[2024-04-25T06:53:04.149+0000] {logging_mixin.py:188} INFO - [2024-04-25T06:53:04.136+0000] {dag.py:3823} INFO - Setting next_dagrun for example_weekday_branch_operator to 2024-04-24 00:00:00+00:00, run_after=2024-04-25 00:00:00+00:00
[2024-04-25T06:53:04.438+0000] {processor.py:183} INFO - Processing /home/airflow/.local/lib/python3.8/site-packages/airflow/example_dags/example_branch_day_of_week_operator.py took 2.373 seconds
[2024-04-25T06:53:44.572+0000] {processor.py:161} INFO - Started process (PID=198) to work on /home/airflow/.local/lib/python3.8/site-packages/airflow/example_dags/example_branch_day_of_week_operator.py
[2024-04-25T06:53:44.579+0000] {processor.py:830} INFO - Processing file /home/airflow/.local/lib/python3.8/site-packages/airflow/example_dags/example_branch_day_of_week_operator.py for tasks to queue
[2024-04-25T06:53:44.596+0000] {logging_mixin.py:188} INFO - [2024-04-25T06:53:44.595+0000] {dagbag.py:538} INFO - Filling up the DagBag from /home/airflow/.local/lib/python3.8/site-packages/airflow/example_dags/example_branch_day_of_week_operator.py
[2024-04-25T06:53:44.736+0000] {processor.py:840} INFO - DAG(s) 'example_weekday_branch_operator' retrieved from /home/airflow/.local/lib/python3.8/site-packages/airflow/example_dags/example_branch_day_of_week_operator.py
[2024-04-25T06:53:44.908+0000] {logging_mixin.py:188} INFO - [2024-04-25T06:53:44.896+0000] {dag.py:3036} INFO - Sync 1 DAGs
[2024-04-25T06:53:45.165+0000] {logging_mixin.py:188} INFO - [2024-04-25T06:53:45.163+0000] {dag.py:3823} INFO - Setting next_dagrun for example_weekday_branch_operator to 2024-04-24 00:00:00+00:00, run_after=2024-04-25 00:00:00+00:00
[2024-04-25T06:53:46.190+0000] {processor.py:183} INFO - Processing /home/airflow/.local/lib/python3.8/site-packages/airflow/example_dags/example_branch_day_of_week_operator.py took 1.634 seconds
[2024-04-25T06:54:19.379+0000] {processor.py:161} INFO - Started process (PID=268) to work on /home/airflow/.local/lib/python3.8/site-packages/airflow/example_dags/example_branch_day_of_week_operator.py
[2024-04-25T06:54:19.387+0000] {processor.py:830} INFO - Processing file /home/airflow/.local/lib/python3.8/site-packages/airflow/example_dags/example_branch_day_of_week_operator.py for tasks to queue
[2024-04-25T06:54:19.399+0000] {logging_mixin.py:188} INFO - [2024-04-25T06:54:19.398+0000] {dagbag.py:538} INFO - Filling up the DagBag from /home/airflow/.local/lib/python3.8/site-packages/airflow/example_dags/example_branch_day_of_week_operator.py
[2024-04-25T06:54:19.454+0000] {processor.py:840} INFO - DAG(s) 'example_weekday_branch_operator' retrieved from /home/airflow/.local/lib/python3.8/site-packages/airflow/example_dags/example_branch_day_of_week_operator.py
[2024-04-25T06:54:19.635+0000] {logging_mixin.py:188} INFO - [2024-04-25T06:54:19.634+0000] {dag.py:3036} INFO - Sync 1 DAGs
[2024-04-25T06:54:19.775+0000] {logging_mixin.py:188} INFO - [2024-04-25T06:54:19.774+0000] {dag.py:3823} INFO - Setting next_dagrun for example_weekday_branch_operator to 2024-04-24 00:00:00+00:00, run_after=2024-04-25 00:00:00+00:00
[2024-04-25T06:54:19.926+0000] {processor.py:183} INFO - Processing /home/airflow/.local/lib/python3.8/site-packages/airflow/example_dags/example_branch_day_of_week_operator.py took 0.573 seconds
[2024-04-25T06:54:53.577+0000] {processor.py:161} INFO - Started process (PID=338) to work on /home/airflow/.local/lib/python3.8/site-packages/airflow/example_dags/example_branch_day_of_week_operator.py
[2024-04-25T06:54:53.593+0000] {processor.py:830} INFO - Processing file /home/airflow/.local/lib/python3.8/site-packages/airflow/example_dags/example_branch_day_of_week_operator.py for tasks to queue
[2024-04-25T06:54:53.605+0000] {logging_mixin.py:188} INFO - [2024-04-25T06:54:53.604+0000] {dagbag.py:538} INFO - Filling up the DagBag from /home/airflow/.local/lib/python3.8/site-packages/airflow/example_dags/example_branch_day_of_week_operator.py
[2024-04-25T06:54:53.670+0000] {processor.py:840} INFO - DAG(s) 'example_weekday_branch_operator' retrieved from /home/airflow/.local/lib/python3.8/site-packages/airflow/example_dags/example_branch_day_of_week_operator.py
[2024-04-25T06:54:53.790+0000] {logging_mixin.py:188} INFO - [2024-04-25T06:54:53.789+0000] {dag.py:3036} INFO - Sync 1 DAGs
[2024-04-25T06:54:53.925+0000] {logging_mixin.py:188} INFO - [2024-04-25T06:54:53.924+0000] {dag.py:3823} INFO - Setting next_dagrun for example_weekday_branch_operator to 2024-04-24 00:00:00+00:00, run_after=2024-04-25 00:00:00+00:00
[2024-04-25T06:54:54.066+0000] {processor.py:183} INFO - Processing /home/airflow/.local/lib/python3.8/site-packages/airflow/example_dags/example_branch_day_of_week_operator.py took 0.506 seconds
[2024-04-25T06:55:27.403+0000] {processor.py:161} INFO - Started process (PID=407) to work on /home/airflow/.local/lib/python3.8/site-packages/airflow/example_dags/example_branch_day_of_week_operator.py
[2024-04-25T06:55:27.411+0000] {processor.py:830} INFO - Processing file /home/airflow/.local/lib/python3.8/site-packages/airflow/example_dags/example_branch_day_of_week_operator.py for tasks to queue
[2024-04-25T06:55:27.421+0000] {logging_mixin.py:188} INFO - [2024-04-25T06:55:27.420+0000] {dagbag.py:538} INFO - Filling up the DagBag from /home/airflow/.local/lib/python3.8/site-packages/airflow/example_dags/example_branch_day_of_week_operator.py
[2024-04-25T06:55:27.453+0000] {processor.py:840} INFO - DAG(s) 'example_weekday_branch_operator' retrieved from /home/airflow/.local/lib/python3.8/site-packages/airflow/example_dags/example_branch_day_of_week_operator.py
[2024-04-25T06:55:27.609+0000] {logging_mixin.py:188} INFO - [2024-04-25T06:55:27.609+0000] {dag.py:3036} INFO - Sync 1 DAGs
[2024-04-25T06:55:27.734+0000] {logging_mixin.py:188} INFO - [2024-04-25T06:55:27.733+0000] {dag.py:3823} INFO - Setting next_dagrun for example_weekday_branch_operator to 2024-04-24 00:00:00+00:00, run_after=2024-04-25 00:00:00+00:00
[2024-04-25T06:55:27.996+0000] {processor.py:183} INFO - Processing /home/airflow/.local/lib/python3.8/site-packages/airflow/example_dags/example_branch_day_of_week_operator.py took 0.609 seconds
[2024-04-25T06:56:05.201+0000] {processor.py:161} INFO - Started process (PID=477) to work on /home/airflow/.local/lib/python3.8/site-packages/airflow/example_dags/example_branch_day_of_week_operator.py
[2024-04-25T06:56:05.206+0000] {processor.py:830} INFO - Processing file /home/airflow/.local/lib/python3.8/site-packages/airflow/example_dags/example_branch_day_of_week_operator.py for tasks to queue
[2024-04-25T06:56:05.216+0000] {logging_mixin.py:188} INFO - [2024-04-25T06:56:05.215+0000] {dagbag.py:538} INFO - Filling up the DagBag from /home/airflow/.local/lib/python3.8/site-packages/airflow/example_dags/example_branch_day_of_week_operator.py
[2024-04-25T06:56:05.248+0000] {processor.py:840} INFO - DAG(s) 'example_weekday_branch_operator' retrieved from /home/airflow/.local/lib/python3.8/site-packages/airflow/example_dags/example_branch_day_of_week_operator.py
[2024-04-25T06:56:05.329+0000] {logging_mixin.py:188} INFO - [2024-04-25T06:56:05.328+0000] {dag.py:3036} INFO - Sync 1 DAGs
[2024-04-25T06:56:05.437+0000] {logging_mixin.py:188} INFO - [2024-04-25T06:56:05.436+0000] {dag.py:3823} INFO - Setting next_dagrun for example_weekday_branch_operator to 2024-04-24 00:00:00+00:00, run_after=2024-04-25 00:00:00+00:00
[2024-04-25T06:56:05.528+0000] {processor.py:183} INFO - Processing /home/airflow/.local/lib/python3.8/site-packages/airflow/example_dags/example_branch_day_of_week_operator.py took 0.340 seconds
[2024-04-25T06:56:43.342+0000] {processor.py:161} INFO - Started process (PID=555) to work on /home/airflow/.local/lib/python3.8/site-packages/airflow/example_dags/example_branch_day_of_week_operator.py
[2024-04-25T06:56:43.355+0000] {processor.py:830} INFO - Processing file /home/airflow/.local/lib/python3.8/site-packages/airflow/example_dags/example_branch_day_of_week_operator.py for tasks to queue
[2024-04-25T06:56:43.366+0000] {logging_mixin.py:188} INFO - [2024-04-25T06:56:43.365+0000] {dagbag.py:538} INFO - Filling up the DagBag from /home/airflow/.local/lib/python3.8/site-packages/airflow/example_dags/example_branch_day_of_week_operator.py
[2024-04-25T06:56:43.413+0000] {processor.py:840} INFO - DAG(s) 'example_weekday_branch_operator' retrieved from /home/airflow/.local/lib/python3.8/site-packages/airflow/example_dags/example_branch_day_of_week_operator.py
[2024-04-25T06:56:43.541+0000] {logging_mixin.py:188} INFO - [2024-04-25T06:56:43.540+0000] {dag.py:3036} INFO - Sync 1 DAGs
[2024-04-25T06:56:43.652+0000] {logging_mixin.py:188} INFO - [2024-04-25T06:56:43.651+0000] {dag.py:3823} INFO - Setting next_dagrun for example_weekday_branch_operator to 2024-04-24 00:00:00+00:00, run_after=2024-04-25 00:00:00+00:00
[2024-04-25T06:56:43.747+0000] {processor.py:183} INFO - Processing /home/airflow/.local/lib/python3.8/site-packages/airflow/example_dags/example_branch_day_of_week_operator.py took 0.432 seconds
[2024-04-25T06:58:26.463+0000] {processor.py:161} INFO - Started process (PID=655) to work on /home/airflow/.local/lib/python3.8/site-packages/airflow/example_dags/example_branch_day_of_week_operator.py
[2024-04-25T06:58:26.493+0000] {processor.py:830} INFO - Processing file /home/airflow/.local/lib/python3.8/site-packages/airflow/example_dags/example_branch_day_of_week_operator.py for tasks to queue
[2024-04-25T06:58:26.631+0000] {logging_mixin.py:188} INFO - [2024-04-25T06:58:26.622+0000] {dagbag.py:538} INFO - Filling up the DagBag from /home/airflow/.local/lib/python3.8/site-packages/airflow/example_dags/example_branch_day_of_week_operator.py
[2024-04-25T06:58:27.117+0000] {processor.py:840} INFO - DAG(s) 'example_weekday_branch_operator' retrieved from /home/airflow/.local/lib/python3.8/site-packages/airflow/example_dags/example_branch_day_of_week_operator.py
[2024-04-25T06:58:28.127+0000] {logging_mixin.py:188} INFO - [2024-04-25T06:58:28.125+0000] {dag.py:3036} INFO - Sync 1 DAGs
[2024-04-25T06:58:30.410+0000] {logging_mixin.py:188} INFO - [2024-04-25T06:58:30.407+0000] {dag.py:3823} INFO - Setting next_dagrun for example_weekday_branch_operator to 2024-04-24 00:00:00+00:00, run_after=2024-04-25 00:00:00+00:00
[2024-04-25T06:58:31.087+0000] {processor.py:183} INFO - Processing /home/airflow/.local/lib/python3.8/site-packages/airflow/example_dags/example_branch_day_of_week_operator.py took 4.650 seconds
[2024-04-25T07:10:42.847+0000] {processor.py:161} INFO - Started process (PID=778) to work on /home/airflow/.local/lib/python3.8/site-packages/airflow/example_dags/example_branch_day_of_week_operator.py
[2024-04-25T07:10:42.877+0000] {processor.py:830} INFO - Processing file /home/airflow/.local/lib/python3.8/site-packages/airflow/example_dags/example_branch_day_of_week_operator.py for tasks to queue
[2024-04-25T07:10:43.472+0000] {logging_mixin.py:188} INFO - [2024-04-25T07:10:43.095+0000] {dagbag.py:538} INFO - Filling up the DagBag from /home/airflow/.local/lib/python3.8/site-packages/airflow/example_dags/example_branch_day_of_week_operator.py
[2024-04-25T07:10:45.572+0000] {processor.py:840} INFO - DAG(s) 'example_weekday_branch_operator' retrieved from /home/airflow/.local/lib/python3.8/site-packages/airflow/example_dags/example_branch_day_of_week_operator.py
[2024-04-25T07:10:49.353+0000] {logging_mixin.py:188} INFO - [2024-04-25T07:10:49.137+0000] {dag.py:3036} INFO - Sync 1 DAGs
[2024-04-25T07:10:51.352+0000] {logging_mixin.py:188} INFO - [2024-04-25T07:10:51.317+0000] {dag.py:3823} INFO - Setting next_dagrun for example_weekday_branch_operator to 2024-04-24 00:00:00+00:00, run_after=2024-04-25 00:00:00+00:00
[2024-04-25T07:10:53.059+0000] {processor.py:183} INFO - Processing /home/airflow/.local/lib/python3.8/site-packages/airflow/example_dags/example_branch_day_of_week_operator.py took 10.780 seconds
[2024-04-25T07:51:12.998+0000] {processor.py:161} INFO - Started process (PID=81) to work on /home/airflow/.local/lib/python3.8/site-packages/airflow/example_dags/example_branch_day_of_week_operator.py
[2024-04-25T07:51:13.002+0000] {processor.py:830} INFO - Processing file /home/airflow/.local/lib/python3.8/site-packages/airflow/example_dags/example_branch_day_of_week_operator.py for tasks to queue
[2024-04-25T07:51:13.009+0000] {logging_mixin.py:188} INFO - [2024-04-25T07:51:13.008+0000] {dagbag.py:538} INFO - Filling up the DagBag from /home/airflow/.local/lib/python3.8/site-packages/airflow/example_dags/example_branch_day_of_week_operator.py
[2024-04-25T07:51:13.032+0000] {processor.py:840} INFO - DAG(s) 'example_weekday_branch_operator' retrieved from /home/airflow/.local/lib/python3.8/site-packages/airflow/example_dags/example_branch_day_of_week_operator.py
[2024-04-25T07:51:13.362+0000] {logging_mixin.py:188} INFO - [2024-04-25T07:51:13.361+0000] {dag.py:3036} INFO - Sync 1 DAGs
[2024-04-25T07:51:13.421+0000] {logging_mixin.py:188} INFO - [2024-04-25T07:51:13.421+0000] {dag.py:3823} INFO - Setting next_dagrun for example_weekday_branch_operator to 2024-04-24 00:00:00+00:00, run_after=2024-04-25 00:00:00+00:00
[2024-04-25T07:51:13.480+0000] {processor.py:183} INFO - Processing /home/airflow/.local/lib/python3.8/site-packages/airflow/example_dags/example_branch_day_of_week_operator.py took 0.492 seconds
[2024-04-25T07:51:47.828+0000] {processor.py:161} INFO - Started process (PID=151) to work on /home/airflow/.local/lib/python3.8/site-packages/airflow/example_dags/example_branch_day_of_week_operator.py
[2024-04-25T07:51:47.872+0000] {processor.py:830} INFO - Processing file /home/airflow/.local/lib/python3.8/site-packages/airflow/example_dags/example_branch_day_of_week_operator.py for tasks to queue
[2024-04-25T07:51:47.895+0000] {logging_mixin.py:188} INFO - [2024-04-25T07:51:47.889+0000] {dagbag.py:538} INFO - Filling up the DagBag from /home/airflow/.local/lib/python3.8/site-packages/airflow/example_dags/example_branch_day_of_week_operator.py
[2024-04-25T07:51:47.999+0000] {processor.py:840} INFO - DAG(s) 'example_weekday_branch_operator' retrieved from /home/airflow/.local/lib/python3.8/site-packages/airflow/example_dags/example_branch_day_of_week_operator.py
[2024-04-25T07:51:48.184+0000] {logging_mixin.py:188} INFO - [2024-04-25T07:51:48.183+0000] {dag.py:3036} INFO - Sync 1 DAGs
[2024-04-25T07:51:48.409+0000] {logging_mixin.py:188} INFO - [2024-04-25T07:51:48.407+0000] {dag.py:3823} INFO - Setting next_dagrun for example_weekday_branch_operator to 2024-04-24 00:00:00+00:00, run_after=2024-04-25 00:00:00+00:00
[2024-04-25T07:51:48.537+0000] {processor.py:183} INFO - Processing /home/airflow/.local/lib/python3.8/site-packages/airflow/example_dags/example_branch_day_of_week_operator.py took 0.748 seconds
[2024-04-25T07:52:27.793+0000] {processor.py:161} INFO - Started process (PID=227) to work on /home/airflow/.local/lib/python3.8/site-packages/airflow/example_dags/example_branch_day_of_week_operator.py
[2024-04-25T07:52:27.800+0000] {processor.py:830} INFO - Processing file /home/airflow/.local/lib/python3.8/site-packages/airflow/example_dags/example_branch_day_of_week_operator.py for tasks to queue
[2024-04-25T07:52:27.812+0000] {logging_mixin.py:188} INFO - [2024-04-25T07:52:27.809+0000] {dagbag.py:538} INFO - Filling up the DagBag from /home/airflow/.local/lib/python3.8/site-packages/airflow/example_dags/example_branch_day_of_week_operator.py
[2024-04-25T07:52:27.854+0000] {processor.py:840} INFO - DAG(s) 'example_weekday_branch_operator' retrieved from /home/airflow/.local/lib/python3.8/site-packages/airflow/example_dags/example_branch_day_of_week_operator.py
[2024-04-25T07:52:27.981+0000] {logging_mixin.py:188} INFO - [2024-04-25T07:52:27.980+0000] {dag.py:3036} INFO - Sync 1 DAGs
[2024-04-25T07:52:28.110+0000] {logging_mixin.py:188} INFO - [2024-04-25T07:52:28.109+0000] {dag.py:3823} INFO - Setting next_dagrun for example_weekday_branch_operator to 2024-04-24 00:00:00+00:00, run_after=2024-04-25 00:00:00+00:00
[2024-04-25T07:52:28.219+0000] {processor.py:183} INFO - Processing /home/airflow/.local/lib/python3.8/site-packages/airflow/example_dags/example_branch_day_of_week_operator.py took 0.442 seconds
[2024-04-25T07:52:58.338+0000] {processor.py:161} INFO - Started process (PID=297) to work on /home/airflow/.local/lib/python3.8/site-packages/airflow/example_dags/example_branch_day_of_week_operator.py
[2024-04-25T07:52:58.342+0000] {processor.py:830} INFO - Processing file /home/airflow/.local/lib/python3.8/site-packages/airflow/example_dags/example_branch_day_of_week_operator.py for tasks to queue
[2024-04-25T07:52:58.348+0000] {logging_mixin.py:188} INFO - [2024-04-25T07:52:58.347+0000] {dagbag.py:538} INFO - Filling up the DagBag from /home/airflow/.local/lib/python3.8/site-packages/airflow/example_dags/example_branch_day_of_week_operator.py
[2024-04-25T07:52:58.374+0000] {processor.py:840} INFO - DAG(s) 'example_weekday_branch_operator' retrieved from /home/airflow/.local/lib/python3.8/site-packages/airflow/example_dags/example_branch_day_of_week_operator.py
[2024-04-25T07:52:58.459+0000] {logging_mixin.py:188} INFO - [2024-04-25T07:52:58.457+0000] {dag.py:3036} INFO - Sync 1 DAGs
[2024-04-25T07:52:58.540+0000] {logging_mixin.py:188} INFO - [2024-04-25T07:52:58.539+0000] {dag.py:3823} INFO - Setting next_dagrun for example_weekday_branch_operator to 2024-04-24 00:00:00+00:00, run_after=2024-04-25 00:00:00+00:00
[2024-04-25T07:52:58.607+0000] {processor.py:183} INFO - Processing /home/airflow/.local/lib/python3.8/site-packages/airflow/example_dags/example_branch_day_of_week_operator.py took 0.278 seconds
[2024-04-25T07:53:36.547+0000] {processor.py:161} INFO - Started process (PID=367) to work on /home/airflow/.local/lib/python3.8/site-packages/airflow/example_dags/example_branch_day_of_week_operator.py
[2024-04-25T07:53:36.555+0000] {processor.py:830} INFO - Processing file /home/airflow/.local/lib/python3.8/site-packages/airflow/example_dags/example_branch_day_of_week_operator.py for tasks to queue
[2024-04-25T07:53:36.566+0000] {logging_mixin.py:188} INFO - [2024-04-25T07:53:36.564+0000] {dagbag.py:538} INFO - Filling up the DagBag from /home/airflow/.local/lib/python3.8/site-packages/airflow/example_dags/example_branch_day_of_week_operator.py
[2024-04-25T07:53:36.607+0000] {processor.py:840} INFO - DAG(s) 'example_weekday_branch_operator' retrieved from /home/airflow/.local/lib/python3.8/site-packages/airflow/example_dags/example_branch_day_of_week_operator.py
[2024-04-25T07:53:36.732+0000] {logging_mixin.py:188} INFO - [2024-04-25T07:53:36.731+0000] {dag.py:3036} INFO - Sync 1 DAGs
[2024-04-25T07:53:36.859+0000] {logging_mixin.py:188} INFO - [2024-04-25T07:53:36.857+0000] {dag.py:3823} INFO - Setting next_dagrun for example_weekday_branch_operator to 2024-04-24 00:00:00+00:00, run_after=2024-04-25 00:00:00+00:00
[2024-04-25T07:53:36.998+0000] {processor.py:183} INFO - Processing /home/airflow/.local/lib/python3.8/site-packages/airflow/example_dags/example_branch_day_of_week_operator.py took 0.466 seconds
