[2024-04-25T05:59:13.698+0000] {processor.py:161} INFO - Started process (PID=115) to work on /home/airflow/.local/lib/python3.8/site-packages/airflow/example_dags/example_params_ui_tutorial.py
[2024-04-25T05:59:13.704+0000] {processor.py:830} INFO - Processing file /home/airflow/.local/lib/python3.8/site-packages/airflow/example_dags/example_params_ui_tutorial.py for tasks to queue
[2024-04-25T05:59:13.713+0000] {logging_mixin.py:188} INFO - [2024-04-25T05:59:13.712+0000] {dagbag.py:538} INFO - Filling up the DagBag from /home/airflow/.local/lib/python3.8/site-packages/airflow/example_dags/example_params_ui_tutorial.py
[2024-04-25T05:59:13.888+0000] {processor.py:840} INFO - DAG(s) 'example_params_ui_tutorial' retrieved from /home/airflow/.local/lib/python3.8/site-packages/airflow/example_dags/example_params_ui_tutorial.py
[2024-04-25T05:59:15.025+0000] {logging_mixin.py:188} INFO - [2024-04-25T05:59:15.024+0000] {dag.py:3036} INFO - Sync 1 DAGs
[2024-04-25T05:59:15.112+0000] {logging_mixin.py:188} INFO - [2024-04-25T05:59:15.111+0000] {dag.py:3823} INFO - Setting next_dagrun for example_params_ui_tutorial to None, run_after=None
[2024-04-25T05:59:15.229+0000] {processor.py:183} INFO - Processing /home/airflow/.local/lib/python3.8/site-packages/airflow/example_dags/example_params_ui_tutorial.py took 1.549 seconds
[2024-04-25T05:59:57.074+0000] {processor.py:161} INFO - Started process (PID=174) to work on /home/airflow/.local/lib/python3.8/site-packages/airflow/example_dags/example_params_ui_tutorial.py
[2024-04-25T05:59:57.080+0000] {processor.py:830} INFO - Processing file /home/airflow/.local/lib/python3.8/site-packages/airflow/example_dags/example_params_ui_tutorial.py for tasks to queue
[2024-04-25T05:59:57.090+0000] {logging_mixin.py:188} INFO - [2024-04-25T05:59:57.089+0000] {dagbag.py:538} INFO - Filling up the DagBag from /home/airflow/.local/lib/python3.8/site-packages/airflow/example_dags/example_params_ui_tutorial.py
[2024-04-25T05:59:57.156+0000] {processor.py:840} INFO - DAG(s) 'example_params_ui_tutorial' retrieved from /home/airflow/.local/lib/python3.8/site-packages/airflow/example_dags/example_params_ui_tutorial.py
[2024-04-25T05:59:59.950+0000] {logging_mixin.py:188} INFO - [2024-04-25T05:59:59.948+0000] {dag.py:3036} INFO - Sync 1 DAGs
[2024-04-25T06:00:00.474+0000] {logging_mixin.py:188} INFO - [2024-04-25T06:00:00.473+0000] {dag.py:3823} INFO - Setting next_dagrun for example_params_ui_tutorial to None, run_after=None
[2024-04-25T06:00:03.257+0000] {processor.py:183} INFO - Processing /home/airflow/.local/lib/python3.8/site-packages/airflow/example_dags/example_params_ui_tutorial.py took 6.201 seconds
[2024-04-25T06:00:42.541+0000] {processor.py:161} INFO - Started process (PID=239) to work on /home/airflow/.local/lib/python3.8/site-packages/airflow/example_dags/example_params_ui_tutorial.py
[2024-04-25T06:00:42.547+0000] {processor.py:830} INFO - Processing file /home/airflow/.local/lib/python3.8/site-packages/airflow/example_dags/example_params_ui_tutorial.py for tasks to queue
[2024-04-25T06:00:42.555+0000] {logging_mixin.py:188} INFO - [2024-04-25T06:00:42.554+0000] {dagbag.py:538} INFO - Filling up the DagBag from /home/airflow/.local/lib/python3.8/site-packages/airflow/example_dags/example_params_ui_tutorial.py
[2024-04-25T06:00:42.601+0000] {processor.py:840} INFO - DAG(s) 'example_params_ui_tutorial' retrieved from /home/airflow/.local/lib/python3.8/site-packages/airflow/example_dags/example_params_ui_tutorial.py
[2024-04-25T06:00:43.068+0000] {logging_mixin.py:188} INFO - [2024-04-25T06:00:43.066+0000] {dag.py:3036} INFO - Sync 1 DAGs
[2024-04-25T06:00:43.163+0000] {logging_mixin.py:188} INFO - [2024-04-25T06:00:43.161+0000] {dag.py:3823} INFO - Setting next_dagrun for example_params_ui_tutorial to None, run_after=None
[2024-04-25T06:00:43.249+0000] {processor.py:183} INFO - Processing /home/airflow/.local/lib/python3.8/site-packages/airflow/example_dags/example_params_ui_tutorial.py took 0.720 seconds
[2024-04-25T06:01:17.256+0000] {processor.py:161} INFO - Started process (PID=296) to work on /home/airflow/.local/lib/python3.8/site-packages/airflow/example_dags/example_params_ui_tutorial.py
[2024-04-25T06:01:17.263+0000] {processor.py:830} INFO - Processing file /home/airflow/.local/lib/python3.8/site-packages/airflow/example_dags/example_params_ui_tutorial.py for tasks to queue
[2024-04-25T06:01:17.271+0000] {logging_mixin.py:188} INFO - [2024-04-25T06:01:17.270+0000] {dagbag.py:538} INFO - Filling up the DagBag from /home/airflow/.local/lib/python3.8/site-packages/airflow/example_dags/example_params_ui_tutorial.py
[2024-04-25T06:01:17.313+0000] {processor.py:840} INFO - DAG(s) 'example_params_ui_tutorial' retrieved from /home/airflow/.local/lib/python3.8/site-packages/airflow/example_dags/example_params_ui_tutorial.py
[2024-04-25T06:01:17.574+0000] {logging_mixin.py:188} INFO - [2024-04-25T06:01:17.573+0000] {dag.py:3036} INFO - Sync 1 DAGs
[2024-04-25T06:01:17.618+0000] {logging_mixin.py:188} INFO - [2024-04-25T06:01:17.618+0000] {dag.py:3823} INFO - Setting next_dagrun for example_params_ui_tutorial to None, run_after=None
[2024-04-25T06:01:17.716+0000] {processor.py:183} INFO - Processing /home/airflow/.local/lib/python3.8/site-packages/airflow/example_dags/example_params_ui_tutorial.py took 0.471 seconds
[2024-04-25T06:02:01.333+0000] {processor.py:161} INFO - Started process (PID=356) to work on /home/airflow/.local/lib/python3.8/site-packages/airflow/example_dags/example_params_ui_tutorial.py
[2024-04-25T06:02:01.341+0000] {processor.py:830} INFO - Processing file /home/airflow/.local/lib/python3.8/site-packages/airflow/example_dags/example_params_ui_tutorial.py for tasks to queue
[2024-04-25T06:02:01.372+0000] {logging_mixin.py:188} INFO - [2024-04-25T06:02:01.367+0000] {dagbag.py:538} INFO - Filling up the DagBag from /home/airflow/.local/lib/python3.8/site-packages/airflow/example_dags/example_params_ui_tutorial.py
[2024-04-25T06:02:02.001+0000] {processor.py:840} INFO - DAG(s) 'example_params_ui_tutorial' retrieved from /home/airflow/.local/lib/python3.8/site-packages/airflow/example_dags/example_params_ui_tutorial.py
[2024-04-25T06:02:02.545+0000] {logging_mixin.py:188} INFO - [2024-04-25T06:02:02.544+0000] {dag.py:3036} INFO - Sync 1 DAGs
[2024-04-25T06:02:02.587+0000] {logging_mixin.py:188} INFO - [2024-04-25T06:02:02.587+0000] {dag.py:3823} INFO - Setting next_dagrun for example_params_ui_tutorial to None, run_after=None
[2024-04-25T06:02:02.668+0000] {processor.py:183} INFO - Processing /home/airflow/.local/lib/python3.8/site-packages/airflow/example_dags/example_params_ui_tutorial.py took 1.360 seconds
[2024-04-25T06:02:32.855+0000] {processor.py:161} INFO - Started process (PID=415) to work on /home/airflow/.local/lib/python3.8/site-packages/airflow/example_dags/example_params_ui_tutorial.py
[2024-04-25T06:02:32.857+0000] {processor.py:830} INFO - Processing file /home/airflow/.local/lib/python3.8/site-packages/airflow/example_dags/example_params_ui_tutorial.py for tasks to queue
[2024-04-25T06:02:32.860+0000] {logging_mixin.py:188} INFO - [2024-04-25T06:02:32.860+0000] {dagbag.py:538} INFO - Filling up the DagBag from /home/airflow/.local/lib/python3.8/site-packages/airflow/example_dags/example_params_ui_tutorial.py
[2024-04-25T06:02:32.886+0000] {processor.py:840} INFO - DAG(s) 'example_params_ui_tutorial' retrieved from /home/airflow/.local/lib/python3.8/site-packages/airflow/example_dags/example_params_ui_tutorial.py
[2024-04-25T06:02:33.146+0000] {logging_mixin.py:188} INFO - [2024-04-25T06:02:33.145+0000] {dag.py:3036} INFO - Sync 1 DAGs
[2024-04-25T06:02:33.182+0000] {logging_mixin.py:188} INFO - [2024-04-25T06:02:33.182+0000] {dag.py:3823} INFO - Setting next_dagrun for example_params_ui_tutorial to None, run_after=None
[2024-04-25T06:02:33.234+0000] {processor.py:183} INFO - Processing /home/airflow/.local/lib/python3.8/site-packages/airflow/example_dags/example_params_ui_tutorial.py took 0.384 seconds
[2024-04-25T06:03:16.572+0000] {processor.py:161} INFO - Started process (PID=479) to work on /home/airflow/.local/lib/python3.8/site-packages/airflow/example_dags/example_params_ui_tutorial.py
[2024-04-25T06:03:16.577+0000] {processor.py:830} INFO - Processing file /home/airflow/.local/lib/python3.8/site-packages/airflow/example_dags/example_params_ui_tutorial.py for tasks to queue
[2024-04-25T06:03:16.586+0000] {logging_mixin.py:188} INFO - [2024-04-25T06:03:16.585+0000] {dagbag.py:538} INFO - Filling up the DagBag from /home/airflow/.local/lib/python3.8/site-packages/airflow/example_dags/example_params_ui_tutorial.py
[2024-04-25T06:03:16.655+0000] {processor.py:840} INFO - DAG(s) 'example_params_ui_tutorial' retrieved from /home/airflow/.local/lib/python3.8/site-packages/airflow/example_dags/example_params_ui_tutorial.py
[2024-04-25T06:03:17.080+0000] {logging_mixin.py:188} INFO - [2024-04-25T06:03:17.079+0000] {dag.py:3036} INFO - Sync 1 DAGs
[2024-04-25T06:03:17.150+0000] {logging_mixin.py:188} INFO - [2024-04-25T06:03:17.148+0000] {dag.py:3823} INFO - Setting next_dagrun for example_params_ui_tutorial to None, run_after=None
[2024-04-25T06:03:17.245+0000] {processor.py:183} INFO - Processing /home/airflow/.local/lib/python3.8/site-packages/airflow/example_dags/example_params_ui_tutorial.py took 0.694 seconds
[2024-04-25T06:03:47.791+0000] {processor.py:161} INFO - Started process (PID=538) to work on /home/airflow/.local/lib/python3.8/site-packages/airflow/example_dags/example_params_ui_tutorial.py
[2024-04-25T06:03:47.793+0000] {processor.py:830} INFO - Processing file /home/airflow/.local/lib/python3.8/site-packages/airflow/example_dags/example_params_ui_tutorial.py for tasks to queue
[2024-04-25T06:03:47.797+0000] {logging_mixin.py:188} INFO - [2024-04-25T06:03:47.796+0000] {dagbag.py:538} INFO - Filling up the DagBag from /home/airflow/.local/lib/python3.8/site-packages/airflow/example_dags/example_params_ui_tutorial.py
[2024-04-25T06:03:47.820+0000] {processor.py:840} INFO - DAG(s) 'example_params_ui_tutorial' retrieved from /home/airflow/.local/lib/python3.8/site-packages/airflow/example_dags/example_params_ui_tutorial.py
[2024-04-25T06:03:48.010+0000] {logging_mixin.py:188} INFO - [2024-04-25T06:03:48.010+0000] {dag.py:3036} INFO - Sync 1 DAGs
[2024-04-25T06:03:48.044+0000] {logging_mixin.py:188} INFO - [2024-04-25T06:03:48.044+0000] {dag.py:3823} INFO - Setting next_dagrun for example_params_ui_tutorial to None, run_after=None
[2024-04-25T06:03:48.097+0000] {processor.py:183} INFO - Processing /home/airflow/.local/lib/python3.8/site-packages/airflow/example_dags/example_params_ui_tutorial.py took 0.311 seconds
[2024-04-25T06:04:18.346+0000] {processor.py:161} INFO - Started process (PID=597) to work on /home/airflow/.local/lib/python3.8/site-packages/airflow/example_dags/example_params_ui_tutorial.py
[2024-04-25T06:04:18.350+0000] {processor.py:830} INFO - Processing file /home/airflow/.local/lib/python3.8/site-packages/airflow/example_dags/example_params_ui_tutorial.py for tasks to queue
[2024-04-25T06:04:18.359+0000] {logging_mixin.py:188} INFO - [2024-04-25T06:04:18.358+0000] {dagbag.py:538} INFO - Filling up the DagBag from /home/airflow/.local/lib/python3.8/site-packages/airflow/example_dags/example_params_ui_tutorial.py
[2024-04-25T06:04:18.428+0000] {processor.py:840} INFO - DAG(s) 'example_params_ui_tutorial' retrieved from /home/airflow/.local/lib/python3.8/site-packages/airflow/example_dags/example_params_ui_tutorial.py
[2024-04-25T06:04:18.652+0000] {logging_mixin.py:188} INFO - [2024-04-25T06:04:18.651+0000] {dag.py:3036} INFO - Sync 1 DAGs
[2024-04-25T06:04:18.687+0000] {logging_mixin.py:188} INFO - [2024-04-25T06:04:18.687+0000] {dag.py:3823} INFO - Setting next_dagrun for example_params_ui_tutorial to None, run_after=None
[2024-04-25T06:04:18.732+0000] {processor.py:183} INFO - Processing /home/airflow/.local/lib/python3.8/site-packages/airflow/example_dags/example_params_ui_tutorial.py took 0.396 seconds
[2024-04-25T06:04:48.850+0000] {processor.py:161} INFO - Started process (PID=657) to work on /home/airflow/.local/lib/python3.8/site-packages/airflow/example_dags/example_params_ui_tutorial.py
[2024-04-25T06:04:48.852+0000] {processor.py:830} INFO - Processing file /home/airflow/.local/lib/python3.8/site-packages/airflow/example_dags/example_params_ui_tutorial.py for tasks to queue
[2024-04-25T06:04:48.855+0000] {logging_mixin.py:188} INFO - [2024-04-25T06:04:48.854+0000] {dagbag.py:538} INFO - Filling up the DagBag from /home/airflow/.local/lib/python3.8/site-packages/airflow/example_dags/example_params_ui_tutorial.py
[2024-04-25T06:04:48.870+0000] {processor.py:840} INFO - DAG(s) 'example_params_ui_tutorial' retrieved from /home/airflow/.local/lib/python3.8/site-packages/airflow/example_dags/example_params_ui_tutorial.py
[2024-04-25T06:04:48.968+0000] {logging_mixin.py:188} INFO - [2024-04-25T06:04:48.968+0000] {dag.py:3036} INFO - Sync 1 DAGs
[2024-04-25T06:04:48.987+0000] {logging_mixin.py:188} INFO - [2024-04-25T06:04:48.987+0000] {dag.py:3823} INFO - Setting next_dagrun for example_params_ui_tutorial to None, run_after=None
[2024-04-25T06:04:49.018+0000] {processor.py:183} INFO - Processing /home/airflow/.local/lib/python3.8/site-packages/airflow/example_dags/example_params_ui_tutorial.py took 0.172 seconds
[2024-04-25T06:05:19.279+0000] {processor.py:161} INFO - Started process (PID=715) to work on /home/airflow/.local/lib/python3.8/site-packages/airflow/example_dags/example_params_ui_tutorial.py
[2024-04-25T06:05:19.283+0000] {processor.py:830} INFO - Processing file /home/airflow/.local/lib/python3.8/site-packages/airflow/example_dags/example_params_ui_tutorial.py for tasks to queue
[2024-04-25T06:05:19.291+0000] {logging_mixin.py:188} INFO - [2024-04-25T06:05:19.290+0000] {dagbag.py:538} INFO - Filling up the DagBag from /home/airflow/.local/lib/python3.8/site-packages/airflow/example_dags/example_params_ui_tutorial.py
[2024-04-25T06:05:19.463+0000] {processor.py:840} INFO - DAG(s) 'example_params_ui_tutorial' retrieved from /home/airflow/.local/lib/python3.8/site-packages/airflow/example_dags/example_params_ui_tutorial.py
[2024-04-25T06:05:20.735+0000] {logging_mixin.py:188} INFO - [2024-04-25T06:05:20.732+0000] {dag.py:3036} INFO - Sync 1 DAGs
[2024-04-25T06:05:20.949+0000] {logging_mixin.py:188} INFO - [2024-04-25T06:05:20.948+0000] {dag.py:3823} INFO - Setting next_dagrun for example_params_ui_tutorial to None, run_after=None
[2024-04-25T06:05:21.056+0000] {processor.py:183} INFO - Processing /home/airflow/.local/lib/python3.8/site-packages/airflow/example_dags/example_params_ui_tutorial.py took 1.817 seconds
[2024-04-25T06:05:51.303+0000] {processor.py:161} INFO - Started process (PID=774) to work on /home/airflow/.local/lib/python3.8/site-packages/airflow/example_dags/example_params_ui_tutorial.py
[2024-04-25T06:05:51.305+0000] {processor.py:830} INFO - Processing file /home/airflow/.local/lib/python3.8/site-packages/airflow/example_dags/example_params_ui_tutorial.py for tasks to queue
[2024-04-25T06:05:51.310+0000] {logging_mixin.py:188} INFO - [2024-04-25T06:05:51.309+0000] {dagbag.py:538} INFO - Filling up the DagBag from /home/airflow/.local/lib/python3.8/site-packages/airflow/example_dags/example_params_ui_tutorial.py
[2024-04-25T06:05:51.334+0000] {processor.py:840} INFO - DAG(s) 'example_params_ui_tutorial' retrieved from /home/airflow/.local/lib/python3.8/site-packages/airflow/example_dags/example_params_ui_tutorial.py
[2024-04-25T06:05:51.408+0000] {logging_mixin.py:188} INFO - [2024-04-25T06:05:51.408+0000] {dag.py:3036} INFO - Sync 1 DAGs
[2024-04-25T06:05:51.426+0000] {logging_mixin.py:188} INFO - [2024-04-25T06:05:51.425+0000] {dag.py:3823} INFO - Setting next_dagrun for example_params_ui_tutorial to None, run_after=None
[2024-04-25T06:05:51.455+0000] {processor.py:183} INFO - Processing /home/airflow/.local/lib/python3.8/site-packages/airflow/example_dags/example_params_ui_tutorial.py took 0.160 seconds
[2024-04-25T06:06:22.240+0000] {processor.py:161} INFO - Started process (PID=833) to work on /home/airflow/.local/lib/python3.8/site-packages/airflow/example_dags/example_params_ui_tutorial.py
[2024-04-25T06:06:22.243+0000] {processor.py:830} INFO - Processing file /home/airflow/.local/lib/python3.8/site-packages/airflow/example_dags/example_params_ui_tutorial.py for tasks to queue
[2024-04-25T06:06:22.247+0000] {logging_mixin.py:188} INFO - [2024-04-25T06:06:22.247+0000] {dagbag.py:538} INFO - Filling up the DagBag from /home/airflow/.local/lib/python3.8/site-packages/airflow/example_dags/example_params_ui_tutorial.py
[2024-04-25T06:06:22.270+0000] {processor.py:840} INFO - DAG(s) 'example_params_ui_tutorial' retrieved from /home/airflow/.local/lib/python3.8/site-packages/airflow/example_dags/example_params_ui_tutorial.py
[2024-04-25T06:06:22.341+0000] {logging_mixin.py:188} INFO - [2024-04-25T06:06:22.340+0000] {dag.py:3036} INFO - Sync 1 DAGs
[2024-04-25T06:06:22.354+0000] {logging_mixin.py:188} INFO - [2024-04-25T06:06:22.354+0000] {dag.py:3823} INFO - Setting next_dagrun for example_params_ui_tutorial to None, run_after=None
[2024-04-25T06:06:22.379+0000] {processor.py:183} INFO - Processing /home/airflow/.local/lib/python3.8/site-packages/airflow/example_dags/example_params_ui_tutorial.py took 0.145 seconds
[2024-04-25T06:06:53.005+0000] {processor.py:161} INFO - Started process (PID=892) to work on /home/airflow/.local/lib/python3.8/site-packages/airflow/example_dags/example_params_ui_tutorial.py
[2024-04-25T06:06:53.008+0000] {processor.py:830} INFO - Processing file /home/airflow/.local/lib/python3.8/site-packages/airflow/example_dags/example_params_ui_tutorial.py for tasks to queue
[2024-04-25T06:06:53.013+0000] {logging_mixin.py:188} INFO - [2024-04-25T06:06:53.013+0000] {dagbag.py:538} INFO - Filling up the DagBag from /home/airflow/.local/lib/python3.8/site-packages/airflow/example_dags/example_params_ui_tutorial.py
[2024-04-25T06:06:53.042+0000] {processor.py:840} INFO - DAG(s) 'example_params_ui_tutorial' retrieved from /home/airflow/.local/lib/python3.8/site-packages/airflow/example_dags/example_params_ui_tutorial.py
[2024-04-25T06:06:53.119+0000] {logging_mixin.py:188} INFO - [2024-04-25T06:06:53.119+0000] {dag.py:3036} INFO - Sync 1 DAGs
[2024-04-25T06:06:53.136+0000] {logging_mixin.py:188} INFO - [2024-04-25T06:06:53.135+0000] {dag.py:3823} INFO - Setting next_dagrun for example_params_ui_tutorial to None, run_after=None
[2024-04-25T06:06:53.173+0000] {processor.py:183} INFO - Processing /home/airflow/.local/lib/python3.8/site-packages/airflow/example_dags/example_params_ui_tutorial.py took 0.176 seconds
[2024-04-25T06:07:23.475+0000] {processor.py:161} INFO - Started process (PID=951) to work on /home/airflow/.local/lib/python3.8/site-packages/airflow/example_dags/example_params_ui_tutorial.py
[2024-04-25T06:07:23.477+0000] {processor.py:830} INFO - Processing file /home/airflow/.local/lib/python3.8/site-packages/airflow/example_dags/example_params_ui_tutorial.py for tasks to queue
[2024-04-25T06:07:23.481+0000] {logging_mixin.py:188} INFO - [2024-04-25T06:07:23.480+0000] {dagbag.py:538} INFO - Filling up the DagBag from /home/airflow/.local/lib/python3.8/site-packages/airflow/example_dags/example_params_ui_tutorial.py
[2024-04-25T06:07:23.494+0000] {processor.py:840} INFO - DAG(s) 'example_params_ui_tutorial' retrieved from /home/airflow/.local/lib/python3.8/site-packages/airflow/example_dags/example_params_ui_tutorial.py
[2024-04-25T06:07:23.582+0000] {logging_mixin.py:188} INFO - [2024-04-25T06:07:23.581+0000] {dag.py:3036} INFO - Sync 1 DAGs
[2024-04-25T06:07:23.604+0000] {logging_mixin.py:188} INFO - [2024-04-25T06:07:23.604+0000] {dag.py:3823} INFO - Setting next_dagrun for example_params_ui_tutorial to None, run_after=None
[2024-04-25T06:07:23.641+0000] {processor.py:183} INFO - Processing /home/airflow/.local/lib/python3.8/site-packages/airflow/example_dags/example_params_ui_tutorial.py took 0.170 seconds
[2024-04-25T06:07:53.815+0000] {processor.py:161} INFO - Started process (PID=1010) to work on /home/airflow/.local/lib/python3.8/site-packages/airflow/example_dags/example_params_ui_tutorial.py
[2024-04-25T06:07:53.823+0000] {processor.py:830} INFO - Processing file /home/airflow/.local/lib/python3.8/site-packages/airflow/example_dags/example_params_ui_tutorial.py for tasks to queue
[2024-04-25T06:07:53.831+0000] {logging_mixin.py:188} INFO - [2024-04-25T06:07:53.831+0000] {dagbag.py:538} INFO - Filling up the DagBag from /home/airflow/.local/lib/python3.8/site-packages/airflow/example_dags/example_params_ui_tutorial.py
[2024-04-25T06:07:53.896+0000] {processor.py:840} INFO - DAG(s) 'example_params_ui_tutorial' retrieved from /home/airflow/.local/lib/python3.8/site-packages/airflow/example_dags/example_params_ui_tutorial.py
[2024-04-25T06:07:54.171+0000] {logging_mixin.py:188} INFO - [2024-04-25T06:07:54.170+0000] {dag.py:3036} INFO - Sync 1 DAGs
[2024-04-25T06:07:54.219+0000] {logging_mixin.py:188} INFO - [2024-04-25T06:07:54.219+0000] {dag.py:3823} INFO - Setting next_dagrun for example_params_ui_tutorial to None, run_after=None
[2024-04-25T06:07:54.302+0000] {processor.py:183} INFO - Processing /home/airflow/.local/lib/python3.8/site-packages/airflow/example_dags/example_params_ui_tutorial.py took 0.507 seconds
[2024-04-25T06:08:24.545+0000] {processor.py:161} INFO - Started process (PID=1068) to work on /home/airflow/.local/lib/python3.8/site-packages/airflow/example_dags/example_params_ui_tutorial.py
[2024-04-25T06:08:24.546+0000] {processor.py:830} INFO - Processing file /home/airflow/.local/lib/python3.8/site-packages/airflow/example_dags/example_params_ui_tutorial.py for tasks to queue
[2024-04-25T06:08:24.549+0000] {logging_mixin.py:188} INFO - [2024-04-25T06:08:24.548+0000] {dagbag.py:538} INFO - Filling up the DagBag from /home/airflow/.local/lib/python3.8/site-packages/airflow/example_dags/example_params_ui_tutorial.py
[2024-04-25T06:08:24.562+0000] {processor.py:840} INFO - DAG(s) 'example_params_ui_tutorial' retrieved from /home/airflow/.local/lib/python3.8/site-packages/airflow/example_dags/example_params_ui_tutorial.py
[2024-04-25T06:08:24.639+0000] {logging_mixin.py:188} INFO - [2024-04-25T06:08:24.639+0000] {dag.py:3036} INFO - Sync 1 DAGs
[2024-04-25T06:08:24.656+0000] {logging_mixin.py:188} INFO - [2024-04-25T06:08:24.656+0000] {dag.py:3823} INFO - Setting next_dagrun for example_params_ui_tutorial to None, run_after=None
[2024-04-25T06:08:24.688+0000] {processor.py:183} INFO - Processing /home/airflow/.local/lib/python3.8/site-packages/airflow/example_dags/example_params_ui_tutorial.py took 0.147 seconds
[2024-04-25T06:08:55.195+0000] {processor.py:161} INFO - Started process (PID=1127) to work on /home/airflow/.local/lib/python3.8/site-packages/airflow/example_dags/example_params_ui_tutorial.py
[2024-04-25T06:08:55.200+0000] {processor.py:830} INFO - Processing file /home/airflow/.local/lib/python3.8/site-packages/airflow/example_dags/example_params_ui_tutorial.py for tasks to queue
[2024-04-25T06:08:55.208+0000] {logging_mixin.py:188} INFO - [2024-04-25T06:08:55.206+0000] {dagbag.py:538} INFO - Filling up the DagBag from /home/airflow/.local/lib/python3.8/site-packages/airflow/example_dags/example_params_ui_tutorial.py
[2024-04-25T06:08:55.263+0000] {processor.py:840} INFO - DAG(s) 'example_params_ui_tutorial' retrieved from /home/airflow/.local/lib/python3.8/site-packages/airflow/example_dags/example_params_ui_tutorial.py
[2024-04-25T06:08:55.571+0000] {logging_mixin.py:188} INFO - [2024-04-25T06:08:55.571+0000] {dag.py:3036} INFO - Sync 1 DAGs
[2024-04-25T06:08:55.634+0000] {logging_mixin.py:188} INFO - [2024-04-25T06:08:55.634+0000] {dag.py:3823} INFO - Setting next_dagrun for example_params_ui_tutorial to None, run_after=None
[2024-04-25T06:08:55.728+0000] {processor.py:183} INFO - Processing /home/airflow/.local/lib/python3.8/site-packages/airflow/example_dags/example_params_ui_tutorial.py took 0.544 seconds
[2024-04-25T06:09:25.891+0000] {processor.py:161} INFO - Started process (PID=1188) to work on /home/airflow/.local/lib/python3.8/site-packages/airflow/example_dags/example_params_ui_tutorial.py
[2024-04-25T06:09:25.895+0000] {processor.py:830} INFO - Processing file /home/airflow/.local/lib/python3.8/site-packages/airflow/example_dags/example_params_ui_tutorial.py for tasks to queue
[2024-04-25T06:09:25.903+0000] {logging_mixin.py:188} INFO - [2024-04-25T06:09:25.902+0000] {dagbag.py:538} INFO - Filling up the DagBag from /home/airflow/.local/lib/python3.8/site-packages/airflow/example_dags/example_params_ui_tutorial.py
[2024-04-25T06:09:25.941+0000] {processor.py:840} INFO - DAG(s) 'example_params_ui_tutorial' retrieved from /home/airflow/.local/lib/python3.8/site-packages/airflow/example_dags/example_params_ui_tutorial.py
[2024-04-25T06:09:26.111+0000] {logging_mixin.py:188} INFO - [2024-04-25T06:09:26.111+0000] {dag.py:3036} INFO - Sync 1 DAGs
[2024-04-25T06:09:26.134+0000] {logging_mixin.py:188} INFO - [2024-04-25T06:09:26.133+0000] {dag.py:3823} INFO - Setting next_dagrun for example_params_ui_tutorial to None, run_after=None
[2024-04-25T06:09:26.167+0000] {processor.py:183} INFO - Processing /home/airflow/.local/lib/python3.8/site-packages/airflow/example_dags/example_params_ui_tutorial.py took 0.286 seconds
[2024-04-25T06:09:56.242+0000] {processor.py:161} INFO - Started process (PID=1245) to work on /home/airflow/.local/lib/python3.8/site-packages/airflow/example_dags/example_params_ui_tutorial.py
[2024-04-25T06:09:56.247+0000] {processor.py:830} INFO - Processing file /home/airflow/.local/lib/python3.8/site-packages/airflow/example_dags/example_params_ui_tutorial.py for tasks to queue
[2024-04-25T06:09:56.258+0000] {logging_mixin.py:188} INFO - [2024-04-25T06:09:56.257+0000] {dagbag.py:538} INFO - Filling up the DagBag from /home/airflow/.local/lib/python3.8/site-packages/airflow/example_dags/example_params_ui_tutorial.py
[2024-04-25T06:09:56.314+0000] {processor.py:840} INFO - DAG(s) 'example_params_ui_tutorial' retrieved from /home/airflow/.local/lib/python3.8/site-packages/airflow/example_dags/example_params_ui_tutorial.py
[2024-04-25T06:09:56.636+0000] {logging_mixin.py:188} INFO - [2024-04-25T06:09:56.634+0000] {dag.py:3036} INFO - Sync 1 DAGs
[2024-04-25T06:09:56.786+0000] {logging_mixin.py:188} INFO - [2024-04-25T06:09:56.785+0000] {dag.py:3823} INFO - Setting next_dagrun for example_params_ui_tutorial to None, run_after=None
[2024-04-25T06:09:56.874+0000] {processor.py:183} INFO - Processing /home/airflow/.local/lib/python3.8/site-packages/airflow/example_dags/example_params_ui_tutorial.py took 0.648 seconds
[2024-04-25T06:10:27.200+0000] {processor.py:161} INFO - Started process (PID=1304) to work on /home/airflow/.local/lib/python3.8/site-packages/airflow/example_dags/example_params_ui_tutorial.py
[2024-04-25T06:10:27.204+0000] {processor.py:830} INFO - Processing file /home/airflow/.local/lib/python3.8/site-packages/airflow/example_dags/example_params_ui_tutorial.py for tasks to queue
[2024-04-25T06:10:27.211+0000] {logging_mixin.py:188} INFO - [2024-04-25T06:10:27.210+0000] {dagbag.py:538} INFO - Filling up the DagBag from /home/airflow/.local/lib/python3.8/site-packages/airflow/example_dags/example_params_ui_tutorial.py
[2024-04-25T06:10:27.242+0000] {processor.py:840} INFO - DAG(s) 'example_params_ui_tutorial' retrieved from /home/airflow/.local/lib/python3.8/site-packages/airflow/example_dags/example_params_ui_tutorial.py
[2024-04-25T06:10:27.458+0000] {logging_mixin.py:188} INFO - [2024-04-25T06:10:27.457+0000] {dag.py:3036} INFO - Sync 1 DAGs
[2024-04-25T06:10:27.503+0000] {logging_mixin.py:188} INFO - [2024-04-25T06:10:27.502+0000] {dag.py:3823} INFO - Setting next_dagrun for example_params_ui_tutorial to None, run_after=None
[2024-04-25T06:10:27.564+0000] {processor.py:183} INFO - Processing /home/airflow/.local/lib/python3.8/site-packages/airflow/example_dags/example_params_ui_tutorial.py took 0.371 seconds
[2024-04-25T06:53:09.612+0000] {processor.py:161} INFO - Started process (PID=134) to work on /home/airflow/.local/lib/python3.8/site-packages/airflow/example_dags/example_params_ui_tutorial.py
[2024-04-25T06:53:09.639+0000] {processor.py:830} INFO - Processing file /home/airflow/.local/lib/python3.8/site-packages/airflow/example_dags/example_params_ui_tutorial.py for tasks to queue
[2024-04-25T06:53:09.660+0000] {logging_mixin.py:188} INFO - [2024-04-25T06:53:09.656+0000] {dagbag.py:538} INFO - Filling up the DagBag from /home/airflow/.local/lib/python3.8/site-packages/airflow/example_dags/example_params_ui_tutorial.py
[2024-04-25T06:53:09.797+0000] {processor.py:840} INFO - DAG(s) 'example_params_ui_tutorial' retrieved from /home/airflow/.local/lib/python3.8/site-packages/airflow/example_dags/example_params_ui_tutorial.py
[2024-04-25T06:53:11.238+0000] {logging_mixin.py:188} INFO - [2024-04-25T06:53:11.237+0000] {dag.py:3036} INFO - Sync 1 DAGs
[2024-04-25T06:53:11.344+0000] {logging_mixin.py:188} INFO - [2024-04-25T06:53:11.343+0000] {dag.py:3823} INFO - Setting next_dagrun for example_params_ui_tutorial to None, run_after=None
[2024-04-25T06:53:11.463+0000] {processor.py:183} INFO - Processing /home/airflow/.local/lib/python3.8/site-packages/airflow/example_dags/example_params_ui_tutorial.py took 1.922 seconds
[2024-04-25T06:53:49.666+0000] {processor.py:161} INFO - Started process (PID=204) to work on /home/airflow/.local/lib/python3.8/site-packages/airflow/example_dags/example_params_ui_tutorial.py
[2024-04-25T06:53:49.677+0000] {processor.py:830} INFO - Processing file /home/airflow/.local/lib/python3.8/site-packages/airflow/example_dags/example_params_ui_tutorial.py for tasks to queue
[2024-04-25T06:53:49.687+0000] {logging_mixin.py:188} INFO - [2024-04-25T06:53:49.685+0000] {dagbag.py:538} INFO - Filling up the DagBag from /home/airflow/.local/lib/python3.8/site-packages/airflow/example_dags/example_params_ui_tutorial.py
[2024-04-25T06:53:49.762+0000] {processor.py:840} INFO - DAG(s) 'example_params_ui_tutorial' retrieved from /home/airflow/.local/lib/python3.8/site-packages/airflow/example_dags/example_params_ui_tutorial.py
[2024-04-25T06:53:50.327+0000] {logging_mixin.py:188} INFO - [2024-04-25T06:53:50.325+0000] {dag.py:3036} INFO - Sync 1 DAGs
[2024-04-25T06:53:50.466+0000] {logging_mixin.py:188} INFO - [2024-04-25T06:53:50.465+0000] {dag.py:3823} INFO - Setting next_dagrun for example_params_ui_tutorial to None, run_after=None
[2024-04-25T06:53:50.738+0000] {processor.py:183} INFO - Processing /home/airflow/.local/lib/python3.8/site-packages/airflow/example_dags/example_params_ui_tutorial.py took 1.095 seconds
[2024-04-25T06:54:21.953+0000] {processor.py:161} INFO - Started process (PID=275) to work on /home/airflow/.local/lib/python3.8/site-packages/airflow/example_dags/example_params_ui_tutorial.py
[2024-04-25T06:54:21.965+0000] {processor.py:830} INFO - Processing file /home/airflow/.local/lib/python3.8/site-packages/airflow/example_dags/example_params_ui_tutorial.py for tasks to queue
[2024-04-25T06:54:21.974+0000] {logging_mixin.py:188} INFO - [2024-04-25T06:54:21.973+0000] {dagbag.py:538} INFO - Filling up the DagBag from /home/airflow/.local/lib/python3.8/site-packages/airflow/example_dags/example_params_ui_tutorial.py
[2024-04-25T06:54:22.041+0000] {processor.py:840} INFO - DAG(s) 'example_params_ui_tutorial' retrieved from /home/airflow/.local/lib/python3.8/site-packages/airflow/example_dags/example_params_ui_tutorial.py
[2024-04-25T06:54:22.473+0000] {logging_mixin.py:188} INFO - [2024-04-25T06:54:22.472+0000] {dag.py:3036} INFO - Sync 1 DAGs
[2024-04-25T06:54:22.592+0000] {logging_mixin.py:188} INFO - [2024-04-25T06:54:22.591+0000] {dag.py:3823} INFO - Setting next_dagrun for example_params_ui_tutorial to None, run_after=None
[2024-04-25T06:54:22.821+0000] {processor.py:183} INFO - Processing /home/airflow/.local/lib/python3.8/site-packages/airflow/example_dags/example_params_ui_tutorial.py took 0.888 seconds
[2024-04-25T06:54:56.944+0000] {processor.py:161} INFO - Started process (PID=345) to work on /home/airflow/.local/lib/python3.8/site-packages/airflow/example_dags/example_params_ui_tutorial.py
[2024-04-25T06:54:56.968+0000] {processor.py:830} INFO - Processing file /home/airflow/.local/lib/python3.8/site-packages/airflow/example_dags/example_params_ui_tutorial.py for tasks to queue
[2024-04-25T06:54:56.981+0000] {logging_mixin.py:188} INFO - [2024-04-25T06:54:56.980+0000] {dagbag.py:538} INFO - Filling up the DagBag from /home/airflow/.local/lib/python3.8/site-packages/airflow/example_dags/example_params_ui_tutorial.py
[2024-04-25T06:54:57.144+0000] {processor.py:840} INFO - DAG(s) 'example_params_ui_tutorial' retrieved from /home/airflow/.local/lib/python3.8/site-packages/airflow/example_dags/example_params_ui_tutorial.py
[2024-04-25T06:54:57.671+0000] {logging_mixin.py:188} INFO - [2024-04-25T06:54:57.670+0000] {dag.py:3036} INFO - Sync 1 DAGs
[2024-04-25T06:54:57.765+0000] {logging_mixin.py:188} INFO - [2024-04-25T06:54:57.764+0000] {dag.py:3823} INFO - Setting next_dagrun for example_params_ui_tutorial to None, run_after=None
[2024-04-25T06:54:57.898+0000] {processor.py:183} INFO - Processing /home/airflow/.local/lib/python3.8/site-packages/airflow/example_dags/example_params_ui_tutorial.py took 0.979 seconds
[2024-04-25T06:55:28.983+0000] {processor.py:161} INFO - Started process (PID=413) to work on /home/airflow/.local/lib/python3.8/site-packages/airflow/example_dags/example_params_ui_tutorial.py
[2024-04-25T06:55:28.988+0000] {processor.py:830} INFO - Processing file /home/airflow/.local/lib/python3.8/site-packages/airflow/example_dags/example_params_ui_tutorial.py for tasks to queue
[2024-04-25T06:55:28.997+0000] {logging_mixin.py:188} INFO - [2024-04-25T06:55:28.995+0000] {dagbag.py:538} INFO - Filling up the DagBag from /home/airflow/.local/lib/python3.8/site-packages/airflow/example_dags/example_params_ui_tutorial.py
[2024-04-25T06:55:29.052+0000] {processor.py:840} INFO - DAG(s) 'example_params_ui_tutorial' retrieved from /home/airflow/.local/lib/python3.8/site-packages/airflow/example_dags/example_params_ui_tutorial.py
[2024-04-25T06:55:29.383+0000] {logging_mixin.py:188} INFO - [2024-04-25T06:55:29.382+0000] {dag.py:3036} INFO - Sync 1 DAGs
[2024-04-25T06:55:29.455+0000] {logging_mixin.py:188} INFO - [2024-04-25T06:55:29.454+0000] {dag.py:3823} INFO - Setting next_dagrun for example_params_ui_tutorial to None, run_after=None
[2024-04-25T06:55:29.548+0000] {processor.py:183} INFO - Processing /home/airflow/.local/lib/python3.8/site-packages/airflow/example_dags/example_params_ui_tutorial.py took 0.580 seconds
[2024-04-25T06:56:06.377+0000] {processor.py:161} INFO - Started process (PID=483) to work on /home/airflow/.local/lib/python3.8/site-packages/airflow/example_dags/example_params_ui_tutorial.py
[2024-04-25T06:56:06.384+0000] {processor.py:830} INFO - Processing file /home/airflow/.local/lib/python3.8/site-packages/airflow/example_dags/example_params_ui_tutorial.py for tasks to queue
[2024-04-25T06:56:06.394+0000] {logging_mixin.py:188} INFO - [2024-04-25T06:56:06.392+0000] {dagbag.py:538} INFO - Filling up the DagBag from /home/airflow/.local/lib/python3.8/site-packages/airflow/example_dags/example_params_ui_tutorial.py
[2024-04-25T06:56:06.479+0000] {processor.py:840} INFO - DAG(s) 'example_params_ui_tutorial' retrieved from /home/airflow/.local/lib/python3.8/site-packages/airflow/example_dags/example_params_ui_tutorial.py
[2024-04-25T06:56:06.797+0000] {logging_mixin.py:188} INFO - [2024-04-25T06:56:06.796+0000] {dag.py:3036} INFO - Sync 1 DAGs
[2024-04-25T06:56:06.861+0000] {logging_mixin.py:188} INFO - [2024-04-25T06:56:06.860+0000] {dag.py:3823} INFO - Setting next_dagrun for example_params_ui_tutorial to None, run_after=None
[2024-04-25T06:56:06.951+0000] {processor.py:183} INFO - Processing /home/airflow/.local/lib/python3.8/site-packages/airflow/example_dags/example_params_ui_tutorial.py took 0.587 seconds
[2024-04-25T06:56:45.875+0000] {processor.py:161} INFO - Started process (PID=561) to work on /home/airflow/.local/lib/python3.8/site-packages/airflow/example_dags/example_params_ui_tutorial.py
[2024-04-25T06:56:45.879+0000] {processor.py:830} INFO - Processing file /home/airflow/.local/lib/python3.8/site-packages/airflow/example_dags/example_params_ui_tutorial.py for tasks to queue
[2024-04-25T06:56:45.886+0000] {logging_mixin.py:188} INFO - [2024-04-25T06:56:45.885+0000] {dagbag.py:538} INFO - Filling up the DagBag from /home/airflow/.local/lib/python3.8/site-packages/airflow/example_dags/example_params_ui_tutorial.py
[2024-04-25T06:56:45.934+0000] {processor.py:840} INFO - DAG(s) 'example_params_ui_tutorial' retrieved from /home/airflow/.local/lib/python3.8/site-packages/airflow/example_dags/example_params_ui_tutorial.py
[2024-04-25T06:56:46.252+0000] {logging_mixin.py:188} INFO - [2024-04-25T06:56:46.250+0000] {dag.py:3036} INFO - Sync 1 DAGs
[2024-04-25T06:56:46.325+0000] {logging_mixin.py:188} INFO - [2024-04-25T06:56:46.324+0000] {dag.py:3823} INFO - Setting next_dagrun for example_params_ui_tutorial to None, run_after=None
[2024-04-25T06:56:46.657+0000] {processor.py:183} INFO - Processing /home/airflow/.local/lib/python3.8/site-packages/airflow/example_dags/example_params_ui_tutorial.py took 0.795 seconds
[2024-04-25T06:59:14.792+0000] {processor.py:161} INFO - Started process (PID=667) to work on /home/airflow/.local/lib/python3.8/site-packages/airflow/example_dags/example_params_ui_tutorial.py
[2024-04-25T06:59:15.127+0000] {processor.py:830} INFO - Processing file /home/airflow/.local/lib/python3.8/site-packages/airflow/example_dags/example_params_ui_tutorial.py for tasks to queue
[2024-04-25T06:59:15.289+0000] {logging_mixin.py:188} INFO - [2024-04-25T06:59:15.268+0000] {dagbag.py:538} INFO - Filling up the DagBag from /home/airflow/.local/lib/python3.8/site-packages/airflow/example_dags/example_params_ui_tutorial.py
[2024-04-25T06:59:18.372+0000] {processor.py:840} INFO - DAG(s) 'example_params_ui_tutorial' retrieved from /home/airflow/.local/lib/python3.8/site-packages/airflow/example_dags/example_params_ui_tutorial.py
[2024-04-25T06:59:23.167+0000] {logging_mixin.py:188} INFO - [2024-04-25T06:59:23.156+0000] {dag.py:3036} INFO - Sync 1 DAGs
[2024-04-25T06:59:24.270+0000] {logging_mixin.py:188} INFO - [2024-04-25T06:59:24.267+0000] {dag.py:3823} INFO - Setting next_dagrun for example_params_ui_tutorial to None, run_after=None
[2024-04-25T06:59:26.209+0000] {processor.py:183} INFO - Processing /home/airflow/.local/lib/python3.8/site-packages/airflow/example_dags/example_params_ui_tutorial.py took 12.281 seconds
[2024-04-25T07:51:14.580+0000] {processor.py:161} INFO - Started process (PID=87) to work on /home/airflow/.local/lib/python3.8/site-packages/airflow/example_dags/example_params_ui_tutorial.py
[2024-04-25T07:51:14.586+0000] {processor.py:830} INFO - Processing file /home/airflow/.local/lib/python3.8/site-packages/airflow/example_dags/example_params_ui_tutorial.py for tasks to queue
[2024-04-25T07:51:14.593+0000] {logging_mixin.py:188} INFO - [2024-04-25T07:51:14.592+0000] {dagbag.py:538} INFO - Filling up the DagBag from /home/airflow/.local/lib/python3.8/site-packages/airflow/example_dags/example_params_ui_tutorial.py
[2024-04-25T07:51:14.632+0000] {processor.py:840} INFO - DAG(s) 'example_params_ui_tutorial' retrieved from /home/airflow/.local/lib/python3.8/site-packages/airflow/example_dags/example_params_ui_tutorial.py
[2024-04-25T07:51:15.010+0000] {logging_mixin.py:188} INFO - [2024-04-25T07:51:15.009+0000] {dag.py:3036} INFO - Sync 1 DAGs
[2024-04-25T07:51:15.037+0000] {logging_mixin.py:188} INFO - [2024-04-25T07:51:15.037+0000] {dag.py:3823} INFO - Setting next_dagrun for example_params_ui_tutorial to None, run_after=None
[2024-04-25T07:51:15.101+0000] {processor.py:183} INFO - Processing /home/airflow/.local/lib/python3.8/site-packages/airflow/example_dags/example_params_ui_tutorial.py took 0.530 seconds
[2024-04-25T07:51:50.263+0000] {processor.py:161} INFO - Started process (PID=157) to work on /home/airflow/.local/lib/python3.8/site-packages/airflow/example_dags/example_params_ui_tutorial.py
[2024-04-25T07:51:50.271+0000] {processor.py:830} INFO - Processing file /home/airflow/.local/lib/python3.8/site-packages/airflow/example_dags/example_params_ui_tutorial.py for tasks to queue
[2024-04-25T07:51:50.284+0000] {logging_mixin.py:188} INFO - [2024-04-25T07:51:50.282+0000] {dagbag.py:538} INFO - Filling up the DagBag from /home/airflow/.local/lib/python3.8/site-packages/airflow/example_dags/example_params_ui_tutorial.py
[2024-04-25T07:51:50.366+0000] {processor.py:840} INFO - DAG(s) 'example_params_ui_tutorial' retrieved from /home/airflow/.local/lib/python3.8/site-packages/airflow/example_dags/example_params_ui_tutorial.py
[2024-04-25T07:51:51.365+0000] {logging_mixin.py:188} INFO - [2024-04-25T07:51:51.364+0000] {dag.py:3036} INFO - Sync 1 DAGs
[2024-04-25T07:51:51.675+0000] {logging_mixin.py:188} INFO - [2024-04-25T07:51:51.674+0000] {dag.py:3823} INFO - Setting next_dagrun for example_params_ui_tutorial to None, run_after=None
[2024-04-25T07:51:52.156+0000] {processor.py:183} INFO - Processing /home/airflow/.local/lib/python3.8/site-packages/airflow/example_dags/example_params_ui_tutorial.py took 1.914 seconds
[2024-04-25T07:52:29.351+0000] {processor.py:161} INFO - Started process (PID=233) to work on /home/airflow/.local/lib/python3.8/site-packages/airflow/example_dags/example_params_ui_tutorial.py
[2024-04-25T07:52:29.382+0000] {processor.py:830} INFO - Processing file /home/airflow/.local/lib/python3.8/site-packages/airflow/example_dags/example_params_ui_tutorial.py for tasks to queue
[2024-04-25T07:52:29.411+0000] {logging_mixin.py:188} INFO - [2024-04-25T07:52:29.410+0000] {dagbag.py:538} INFO - Filling up the DagBag from /home/airflow/.local/lib/python3.8/site-packages/airflow/example_dags/example_params_ui_tutorial.py
[2024-04-25T07:52:29.495+0000] {processor.py:840} INFO - DAG(s) 'example_params_ui_tutorial' retrieved from /home/airflow/.local/lib/python3.8/site-packages/airflow/example_dags/example_params_ui_tutorial.py
[2024-04-25T07:52:30.040+0000] {logging_mixin.py:188} INFO - [2024-04-25T07:52:30.039+0000] {dag.py:3036} INFO - Sync 1 DAGs
[2024-04-25T07:52:30.113+0000] {logging_mixin.py:188} INFO - [2024-04-25T07:52:30.112+0000] {dag.py:3823} INFO - Setting next_dagrun for example_params_ui_tutorial to None, run_after=None
[2024-04-25T07:52:30.205+0000] {processor.py:183} INFO - Processing /home/airflow/.local/lib/python3.8/site-packages/airflow/example_dags/example_params_ui_tutorial.py took 0.872 seconds
[2024-04-25T07:53:00.812+0000] {processor.py:161} INFO - Started process (PID=303) to work on /home/airflow/.local/lib/python3.8/site-packages/airflow/example_dags/example_params_ui_tutorial.py
[2024-04-25T07:53:00.817+0000] {processor.py:830} INFO - Processing file /home/airflow/.local/lib/python3.8/site-packages/airflow/example_dags/example_params_ui_tutorial.py for tasks to queue
[2024-04-25T07:53:00.826+0000] {logging_mixin.py:188} INFO - [2024-04-25T07:53:00.824+0000] {dagbag.py:538} INFO - Filling up the DagBag from /home/airflow/.local/lib/python3.8/site-packages/airflow/example_dags/example_params_ui_tutorial.py
[2024-04-25T07:53:00.875+0000] {processor.py:840} INFO - DAG(s) 'example_params_ui_tutorial' retrieved from /home/airflow/.local/lib/python3.8/site-packages/airflow/example_dags/example_params_ui_tutorial.py
[2024-04-25T07:53:01.203+0000] {logging_mixin.py:188} INFO - [2024-04-25T07:53:01.203+0000] {dag.py:3036} INFO - Sync 1 DAGs
[2024-04-25T07:53:01.261+0000] {logging_mixin.py:188} INFO - [2024-04-25T07:53:01.260+0000] {dag.py:3823} INFO - Setting next_dagrun for example_params_ui_tutorial to None, run_after=None
[2024-04-25T07:53:01.337+0000] {processor.py:183} INFO - Processing /home/airflow/.local/lib/python3.8/site-packages/airflow/example_dags/example_params_ui_tutorial.py took 0.537 seconds
[2024-04-25T07:53:39.146+0000] {processor.py:161} INFO - Started process (PID=373) to work on /home/airflow/.local/lib/python3.8/site-packages/airflow/example_dags/example_params_ui_tutorial.py
[2024-04-25T07:53:39.154+0000] {processor.py:830} INFO - Processing file /home/airflow/.local/lib/python3.8/site-packages/airflow/example_dags/example_params_ui_tutorial.py for tasks to queue
[2024-04-25T07:53:39.167+0000] {logging_mixin.py:188} INFO - [2024-04-25T07:53:39.165+0000] {dagbag.py:538} INFO - Filling up the DagBag from /home/airflow/.local/lib/python3.8/site-packages/airflow/example_dags/example_params_ui_tutorial.py
[2024-04-25T07:53:39.259+0000] {processor.py:840} INFO - DAG(s) 'example_params_ui_tutorial' retrieved from /home/airflow/.local/lib/python3.8/site-packages/airflow/example_dags/example_params_ui_tutorial.py
[2024-04-25T07:53:39.883+0000] {logging_mixin.py:188} INFO - [2024-04-25T07:53:39.882+0000] {dag.py:3036} INFO - Sync 1 DAGs
[2024-04-25T07:53:39.956+0000] {logging_mixin.py:188} INFO - [2024-04-25T07:53:39.955+0000] {dag.py:3823} INFO - Setting next_dagrun for example_params_ui_tutorial to None, run_after=None
[2024-04-25T07:53:40.088+0000] {processor.py:183} INFO - Processing /home/airflow/.local/lib/python3.8/site-packages/airflow/example_dags/example_params_ui_tutorial.py took 0.960 seconds
