[2024-04-25T05:58:49.115+0000] {processor.py:161} INFO - Started process (PID=85) to work on /home/airflow/.local/lib/python3.8/site-packages/airflow/example_dags/example_datasets.py
[2024-04-25T05:58:49.123+0000] {processor.py:830} INFO - Processing file /home/airflow/.local/lib/python3.8/site-packages/airflow/example_dags/example_datasets.py for tasks to queue
[2024-04-25T05:58:49.144+0000] {logging_mixin.py:188} INFO - [2024-04-25T05:58:49.142+0000] {dagbag.py:538} INFO - Filling up the DagBag from /home/airflow/.local/lib/python3.8/site-packages/airflow/example_dags/example_datasets.py
[2024-04-25T05:58:49.752+0000] {processor.py:840} INFO - DAG(s) 'dataset_consumes_unknown_never_scheduled', 'dataset_produces_2', 'dataset_consumes_1_and_2', 'dataset_produces_1', 'dataset_consumes_1_never_scheduled', 'dataset_consumes_1' retrieved from /home/airflow/.local/lib/python3.8/site-packages/airflow/example_dags/example_datasets.py
[2024-04-25T05:58:52.661+0000] {logging_mixin.py:188} INFO - [2024-04-25T05:58:52.621+0000] {dag.py:3036} INFO - Sync 6 DAGs
[2024-04-25T05:58:53.198+0000] {logging_mixin.py:188} INFO - [2024-04-25T05:58:53.197+0000] {dag.py:3823} INFO - Setting next_dagrun for dataset_consumes_1 to None, run_after=None
[2024-04-25T05:58:53.257+0000] {logging_mixin.py:188} INFO - [2024-04-25T05:58:53.251+0000] {dag.py:3823} INFO - Setting next_dagrun for dataset_consumes_1_and_2 to None, run_after=None
[2024-04-25T05:58:53.300+0000] {logging_mixin.py:188} INFO - [2024-04-25T05:58:53.299+0000] {dag.py:3823} INFO - Setting next_dagrun for dataset_consumes_1_never_scheduled to None, run_after=None
[2024-04-25T05:58:53.320+0000] {logging_mixin.py:188} INFO - [2024-04-25T05:58:53.318+0000] {dag.py:3823} INFO - Setting next_dagrun for dataset_consumes_unknown_never_scheduled to None, run_after=None
[2024-04-25T05:58:53.344+0000] {logging_mixin.py:188} INFO - [2024-04-25T05:58:53.340+0000] {dag.py:3823} INFO - Setting next_dagrun for dataset_produces_1 to 2024-04-24 00:00:00+00:00, run_after=2024-04-25 00:00:00+00:00
[2024-04-25T05:58:53.357+0000] {logging_mixin.py:188} INFO - [2024-04-25T05:58:53.356+0000] {dag.py:3823} INFO - Setting next_dagrun for dataset_produces_2 to None, run_after=None
[2024-04-25T05:58:53.659+0000] {processor.py:183} INFO - Processing /home/airflow/.local/lib/python3.8/site-packages/airflow/example_dags/example_datasets.py took 4.604 seconds
[2024-04-25T05:59:30.695+0000] {processor.py:161} INFO - Started process (PID=144) to work on /home/airflow/.local/lib/python3.8/site-packages/airflow/example_dags/example_datasets.py
[2024-04-25T05:59:30.701+0000] {processor.py:830} INFO - Processing file /home/airflow/.local/lib/python3.8/site-packages/airflow/example_dags/example_datasets.py for tasks to queue
[2024-04-25T05:59:30.713+0000] {logging_mixin.py:188} INFO - [2024-04-25T05:59:30.711+0000] {dagbag.py:538} INFO - Filling up the DagBag from /home/airflow/.local/lib/python3.8/site-packages/airflow/example_dags/example_datasets.py
[2024-04-25T05:59:30.778+0000] {processor.py:840} INFO - DAG(s) 'dataset_produces_1', 'dataset_produces_2', 'dataset_consumes_1_and_2', 'dataset_consumes_unknown_never_scheduled', 'dataset_consumes_1', 'dataset_consumes_1_never_scheduled' retrieved from /home/airflow/.local/lib/python3.8/site-packages/airflow/example_dags/example_datasets.py
[2024-04-25T05:59:31.587+0000] {logging_mixin.py:188} INFO - [2024-04-25T05:59:31.586+0000] {dag.py:3036} INFO - Sync 6 DAGs
[2024-04-25T05:59:31.807+0000] {logging_mixin.py:188} INFO - [2024-04-25T05:59:31.806+0000] {dag.py:3823} INFO - Setting next_dagrun for dataset_consumes_1 to None, run_after=None
[2024-04-25T05:59:31.825+0000] {logging_mixin.py:188} INFO - [2024-04-25T05:59:31.825+0000] {dag.py:3823} INFO - Setting next_dagrun for dataset_consumes_1_and_2 to None, run_after=None
[2024-04-25T05:59:31.836+0000] {logging_mixin.py:188} INFO - [2024-04-25T05:59:31.835+0000] {dag.py:3823} INFO - Setting next_dagrun for dataset_consumes_1_never_scheduled to None, run_after=None
[2024-04-25T05:59:31.845+0000] {logging_mixin.py:188} INFO - [2024-04-25T05:59:31.844+0000] {dag.py:3823} INFO - Setting next_dagrun for dataset_consumes_unknown_never_scheduled to None, run_after=None
[2024-04-25T05:59:31.865+0000] {logging_mixin.py:188} INFO - [2024-04-25T05:59:31.864+0000] {dag.py:3823} INFO - Setting next_dagrun for dataset_produces_1 to 2024-04-24 00:00:00+00:00, run_after=2024-04-25 00:00:00+00:00
[2024-04-25T05:59:31.873+0000] {logging_mixin.py:188} INFO - [2024-04-25T05:59:31.872+0000] {dag.py:3823} INFO - Setting next_dagrun for dataset_produces_2 to None, run_after=None
[2024-04-25T05:59:32.188+0000] {processor.py:183} INFO - Processing /home/airflow/.local/lib/python3.8/site-packages/airflow/example_dags/example_datasets.py took 1.509 seconds
[2024-04-25T06:00:23.598+0000] {processor.py:161} INFO - Started process (PID=196) to work on /home/airflow/.local/lib/python3.8/site-packages/airflow/example_dags/example_datasets.py
[2024-04-25T06:00:23.603+0000] {processor.py:830} INFO - Processing file /home/airflow/.local/lib/python3.8/site-packages/airflow/example_dags/example_datasets.py for tasks to queue
[2024-04-25T06:00:23.612+0000] {logging_mixin.py:188} INFO - [2024-04-25T06:00:23.611+0000] {dagbag.py:538} INFO - Filling up the DagBag from /home/airflow/.local/lib/python3.8/site-packages/airflow/example_dags/example_datasets.py
[2024-04-25T06:00:23.655+0000] {processor.py:840} INFO - DAG(s) 'dataset_consumes_1_and_2', 'dataset_produces_2', 'dataset_consumes_1', 'dataset_produces_1', 'dataset_consumes_unknown_never_scheduled', 'dataset_consumes_1_never_scheduled' retrieved from /home/airflow/.local/lib/python3.8/site-packages/airflow/example_dags/example_datasets.py
[2024-04-25T06:00:23.866+0000] {logging_mixin.py:188} INFO - [2024-04-25T06:00:23.865+0000] {dag.py:3036} INFO - Sync 6 DAGs
[2024-04-25T06:00:24.024+0000] {logging_mixin.py:188} INFO - [2024-04-25T06:00:24.023+0000] {dag.py:3823} INFO - Setting next_dagrun for dataset_consumes_1 to None, run_after=None
[2024-04-25T06:00:24.053+0000] {logging_mixin.py:188} INFO - [2024-04-25T06:00:24.052+0000] {dag.py:3823} INFO - Setting next_dagrun for dataset_consumes_1_and_2 to None, run_after=None
[2024-04-25T06:00:24.063+0000] {logging_mixin.py:188} INFO - [2024-04-25T06:00:24.062+0000] {dag.py:3823} INFO - Setting next_dagrun for dataset_consumes_1_never_scheduled to None, run_after=None
[2024-04-25T06:00:24.071+0000] {logging_mixin.py:188} INFO - [2024-04-25T06:00:24.070+0000] {dag.py:3823} INFO - Setting next_dagrun for dataset_consumes_unknown_never_scheduled to None, run_after=None
[2024-04-25T06:00:24.101+0000] {logging_mixin.py:188} INFO - [2024-04-25T06:00:24.101+0000] {dag.py:3823} INFO - Setting next_dagrun for dataset_produces_1 to 2024-04-24 00:00:00+00:00, run_after=2024-04-25 00:00:00+00:00
[2024-04-25T06:00:24.110+0000] {logging_mixin.py:188} INFO - [2024-04-25T06:00:24.110+0000] {dag.py:3823} INFO - Setting next_dagrun for dataset_produces_2 to None, run_after=None
[2024-04-25T06:00:25.285+0000] {processor.py:183} INFO - Processing /home/airflow/.local/lib/python3.8/site-packages/airflow/example_dags/example_datasets.py took 1.702 seconds
[2024-04-25T06:01:05.348+0000] {processor.py:161} INFO - Started process (PID=255) to work on /home/airflow/.local/lib/python3.8/site-packages/airflow/example_dags/example_datasets.py
[2024-04-25T06:01:05.430+0000] {processor.py:830} INFO - Processing file /home/airflow/.local/lib/python3.8/site-packages/airflow/example_dags/example_datasets.py for tasks to queue
[2024-04-25T06:01:05.452+0000] {logging_mixin.py:188} INFO - [2024-04-25T06:01:05.449+0000] {dagbag.py:538} INFO - Filling up the DagBag from /home/airflow/.local/lib/python3.8/site-packages/airflow/example_dags/example_datasets.py
[2024-04-25T06:01:06.164+0000] {processor.py:840} INFO - DAG(s) 'dataset_produces_1', 'dataset_produces_2', 'dataset_consumes_unknown_never_scheduled', 'dataset_consumes_1_never_scheduled', 'dataset_consumes_1_and_2', 'dataset_consumes_1' retrieved from /home/airflow/.local/lib/python3.8/site-packages/airflow/example_dags/example_datasets.py
[2024-04-25T06:01:06.793+0000] {logging_mixin.py:188} INFO - [2024-04-25T06:01:06.791+0000] {dag.py:3036} INFO - Sync 6 DAGs
[2024-04-25T06:01:06.984+0000] {logging_mixin.py:188} INFO - [2024-04-25T06:01:06.983+0000] {dag.py:3823} INFO - Setting next_dagrun for dataset_consumes_1 to None, run_after=None
[2024-04-25T06:01:07.004+0000] {logging_mixin.py:188} INFO - [2024-04-25T06:01:07.003+0000] {dag.py:3823} INFO - Setting next_dagrun for dataset_consumes_1_and_2 to None, run_after=None
[2024-04-25T06:01:07.011+0000] {logging_mixin.py:188} INFO - [2024-04-25T06:01:07.010+0000] {dag.py:3823} INFO - Setting next_dagrun for dataset_consumes_1_never_scheduled to None, run_after=None
[2024-04-25T06:01:07.020+0000] {logging_mixin.py:188} INFO - [2024-04-25T06:01:07.019+0000] {dag.py:3823} INFO - Setting next_dagrun for dataset_consumes_unknown_never_scheduled to None, run_after=None
[2024-04-25T06:01:07.055+0000] {logging_mixin.py:188} INFO - [2024-04-25T06:01:07.054+0000] {dag.py:3823} INFO - Setting next_dagrun for dataset_produces_1 to 2024-04-24 00:00:00+00:00, run_after=2024-04-25 00:00:00+00:00
[2024-04-25T06:01:07.062+0000] {logging_mixin.py:188} INFO - [2024-04-25T06:01:07.062+0000] {dag.py:3823} INFO - Setting next_dagrun for dataset_produces_2 to None, run_after=None
[2024-04-25T06:01:07.254+0000] {processor.py:183} INFO - Processing /home/airflow/.local/lib/python3.8/site-packages/airflow/example_dags/example_datasets.py took 1.929 seconds
[2024-04-25T06:01:48.801+0000] {processor.py:161} INFO - Started process (PID=321) to work on /home/airflow/.local/lib/python3.8/site-packages/airflow/example_dags/example_datasets.py
[2024-04-25T06:01:48.808+0000] {processor.py:830} INFO - Processing file /home/airflow/.local/lib/python3.8/site-packages/airflow/example_dags/example_datasets.py for tasks to queue
[2024-04-25T06:01:48.829+0000] {logging_mixin.py:188} INFO - [2024-04-25T06:01:48.827+0000] {dagbag.py:538} INFO - Filling up the DagBag from /home/airflow/.local/lib/python3.8/site-packages/airflow/example_dags/example_datasets.py
[2024-04-25T06:01:48.915+0000] {processor.py:840} INFO - DAG(s) 'dataset_consumes_1', 'dataset_consumes_unknown_never_scheduled', 'dataset_consumes_1_never_scheduled', 'dataset_produces_2', 'dataset_consumes_1_and_2', 'dataset_produces_1' retrieved from /home/airflow/.local/lib/python3.8/site-packages/airflow/example_dags/example_datasets.py
[2024-04-25T06:01:49.239+0000] {logging_mixin.py:188} INFO - [2024-04-25T06:01:49.238+0000] {dag.py:3036} INFO - Sync 6 DAGs
[2024-04-25T06:01:49.661+0000] {logging_mixin.py:188} INFO - [2024-04-25T06:01:49.660+0000] {dag.py:3823} INFO - Setting next_dagrun for dataset_consumes_1 to None, run_after=None
[2024-04-25T06:01:49.706+0000] {logging_mixin.py:188} INFO - [2024-04-25T06:01:49.705+0000] {dag.py:3823} INFO - Setting next_dagrun for dataset_consumes_1_and_2 to None, run_after=None
[2024-04-25T06:01:49.717+0000] {logging_mixin.py:188} INFO - [2024-04-25T06:01:49.716+0000] {dag.py:3823} INFO - Setting next_dagrun for dataset_consumes_1_never_scheduled to None, run_after=None
[2024-04-25T06:01:49.731+0000] {logging_mixin.py:188} INFO - [2024-04-25T06:01:49.729+0000] {dag.py:3823} INFO - Setting next_dagrun for dataset_consumes_unknown_never_scheduled to None, run_after=None
[2024-04-25T06:01:49.782+0000] {logging_mixin.py:188} INFO - [2024-04-25T06:01:49.781+0000] {dag.py:3823} INFO - Setting next_dagrun for dataset_produces_1 to 2024-04-24 00:00:00+00:00, run_after=2024-04-25 00:00:00+00:00
[2024-04-25T06:01:49.805+0000] {logging_mixin.py:188} INFO - [2024-04-25T06:01:49.804+0000] {dag.py:3823} INFO - Setting next_dagrun for dataset_produces_2 to None, run_after=None
[2024-04-25T06:01:50.050+0000] {processor.py:183} INFO - Processing /home/airflow/.local/lib/python3.8/site-packages/airflow/example_dags/example_datasets.py took 1.271 seconds
[2024-04-25T06:02:21.119+0000] {processor.py:161} INFO - Started process (PID=380) to work on /home/airflow/.local/lib/python3.8/site-packages/airflow/example_dags/example_datasets.py
[2024-04-25T06:02:21.133+0000] {processor.py:830} INFO - Processing file /home/airflow/.local/lib/python3.8/site-packages/airflow/example_dags/example_datasets.py for tasks to queue
[2024-04-25T06:02:21.151+0000] {logging_mixin.py:188} INFO - [2024-04-25T06:02:21.148+0000] {dagbag.py:538} INFO - Filling up the DagBag from /home/airflow/.local/lib/python3.8/site-packages/airflow/example_dags/example_datasets.py
[2024-04-25T06:02:21.212+0000] {processor.py:840} INFO - DAG(s) 'dataset_consumes_unknown_never_scheduled', 'dataset_consumes_1_never_scheduled', 'dataset_consumes_1_and_2', 'dataset_produces_2', 'dataset_produces_1', 'dataset_consumes_1' retrieved from /home/airflow/.local/lib/python3.8/site-packages/airflow/example_dags/example_datasets.py
[2024-04-25T06:02:21.362+0000] {logging_mixin.py:188} INFO - [2024-04-25T06:02:21.361+0000] {dag.py:3036} INFO - Sync 6 DAGs
[2024-04-25T06:02:21.463+0000] {logging_mixin.py:188} INFO - [2024-04-25T06:02:21.462+0000] {dag.py:3823} INFO - Setting next_dagrun for dataset_consumes_1 to None, run_after=None
[2024-04-25T06:02:21.483+0000] {logging_mixin.py:188} INFO - [2024-04-25T06:02:21.482+0000] {dag.py:3823} INFO - Setting next_dagrun for dataset_consumes_1_and_2 to None, run_after=None
[2024-04-25T06:02:21.492+0000] {logging_mixin.py:188} INFO - [2024-04-25T06:02:21.491+0000] {dag.py:3823} INFO - Setting next_dagrun for dataset_consumes_1_never_scheduled to None, run_after=None
[2024-04-25T06:02:21.499+0000] {logging_mixin.py:188} INFO - [2024-04-25T06:02:21.498+0000] {dag.py:3823} INFO - Setting next_dagrun for dataset_consumes_unknown_never_scheduled to None, run_after=None
[2024-04-25T06:02:21.512+0000] {logging_mixin.py:188} INFO - [2024-04-25T06:02:21.511+0000] {dag.py:3823} INFO - Setting next_dagrun for dataset_produces_1 to 2024-04-24 00:00:00+00:00, run_after=2024-04-25 00:00:00+00:00
[2024-04-25T06:02:21.517+0000] {logging_mixin.py:188} INFO - [2024-04-25T06:02:21.517+0000] {dag.py:3823} INFO - Setting next_dagrun for dataset_produces_2 to None, run_after=None
[2024-04-25T06:02:21.651+0000] {processor.py:183} INFO - Processing /home/airflow/.local/lib/python3.8/site-packages/airflow/example_dags/example_datasets.py took 0.551 seconds
[2024-04-25T06:02:58.244+0000] {processor.py:161} INFO - Started process (PID=439) to work on /home/airflow/.local/lib/python3.8/site-packages/airflow/example_dags/example_datasets.py
[2024-04-25T06:02:58.248+0000] {processor.py:830} INFO - Processing file /home/airflow/.local/lib/python3.8/site-packages/airflow/example_dags/example_datasets.py for tasks to queue
[2024-04-25T06:02:58.256+0000] {logging_mixin.py:188} INFO - [2024-04-25T06:02:58.255+0000] {dagbag.py:538} INFO - Filling up the DagBag from /home/airflow/.local/lib/python3.8/site-packages/airflow/example_dags/example_datasets.py
[2024-04-25T06:02:58.299+0000] {processor.py:840} INFO - DAG(s) 'dataset_consumes_1', 'dataset_consumes_1_never_scheduled', 'dataset_consumes_1_and_2', 'dataset_produces_1', 'dataset_produces_2', 'dataset_consumes_unknown_never_scheduled' retrieved from /home/airflow/.local/lib/python3.8/site-packages/airflow/example_dags/example_datasets.py
[2024-04-25T06:02:58.606+0000] {logging_mixin.py:188} INFO - [2024-04-25T06:02:58.605+0000] {dag.py:3036} INFO - Sync 6 DAGs
[2024-04-25T06:02:58.748+0000] {logging_mixin.py:188} INFO - [2024-04-25T06:02:58.746+0000] {dag.py:3823} INFO - Setting next_dagrun for dataset_consumes_1 to None, run_after=None
[2024-04-25T06:02:58.768+0000] {logging_mixin.py:188} INFO - [2024-04-25T06:02:58.767+0000] {dag.py:3823} INFO - Setting next_dagrun for dataset_consumes_1_and_2 to None, run_after=None
[2024-04-25T06:02:58.775+0000] {logging_mixin.py:188} INFO - [2024-04-25T06:02:58.775+0000] {dag.py:3823} INFO - Setting next_dagrun for dataset_consumes_1_never_scheduled to None, run_after=None
[2024-04-25T06:02:58.783+0000] {logging_mixin.py:188} INFO - [2024-04-25T06:02:58.782+0000] {dag.py:3823} INFO - Setting next_dagrun for dataset_consumes_unknown_never_scheduled to None, run_after=None
[2024-04-25T06:02:58.800+0000] {logging_mixin.py:188} INFO - [2024-04-25T06:02:58.798+0000] {dag.py:3823} INFO - Setting next_dagrun for dataset_produces_1 to 2024-04-24 00:00:00+00:00, run_after=2024-04-25 00:00:00+00:00
[2024-04-25T06:02:58.813+0000] {logging_mixin.py:188} INFO - [2024-04-25T06:02:58.812+0000] {dag.py:3823} INFO - Setting next_dagrun for dataset_produces_2 to None, run_after=None
[2024-04-25T06:02:59.044+0000] {processor.py:183} INFO - Processing /home/airflow/.local/lib/python3.8/site-packages/airflow/example_dags/example_datasets.py took 0.812 seconds
[2024-04-25T06:03:29.385+0000] {processor.py:161} INFO - Started process (PID=498) to work on /home/airflow/.local/lib/python3.8/site-packages/airflow/example_dags/example_datasets.py
[2024-04-25T06:03:29.388+0000] {processor.py:830} INFO - Processing file /home/airflow/.local/lib/python3.8/site-packages/airflow/example_dags/example_datasets.py for tasks to queue
[2024-04-25T06:03:29.399+0000] {logging_mixin.py:188} INFO - [2024-04-25T06:03:29.398+0000] {dagbag.py:538} INFO - Filling up the DagBag from /home/airflow/.local/lib/python3.8/site-packages/airflow/example_dags/example_datasets.py
[2024-04-25T06:03:29.436+0000] {processor.py:840} INFO - DAG(s) 'dataset_consumes_1_never_scheduled', 'dataset_produces_2', 'dataset_consumes_1_and_2', 'dataset_consumes_unknown_never_scheduled', 'dataset_produces_1', 'dataset_consumes_1' retrieved from /home/airflow/.local/lib/python3.8/site-packages/airflow/example_dags/example_datasets.py
[2024-04-25T06:03:29.599+0000] {logging_mixin.py:188} INFO - [2024-04-25T06:03:29.598+0000] {dag.py:3036} INFO - Sync 6 DAGs
[2024-04-25T06:03:29.710+0000] {logging_mixin.py:188} INFO - [2024-04-25T06:03:29.709+0000] {dag.py:3823} INFO - Setting next_dagrun for dataset_consumes_1 to None, run_after=None
[2024-04-25T06:03:29.729+0000] {logging_mixin.py:188} INFO - [2024-04-25T06:03:29.728+0000] {dag.py:3823} INFO - Setting next_dagrun for dataset_consumes_1_and_2 to None, run_after=None
[2024-04-25T06:03:29.736+0000] {logging_mixin.py:188} INFO - [2024-04-25T06:03:29.735+0000] {dag.py:3823} INFO - Setting next_dagrun for dataset_consumes_1_never_scheduled to None, run_after=None
[2024-04-25T06:03:29.742+0000] {logging_mixin.py:188} INFO - [2024-04-25T06:03:29.742+0000] {dag.py:3823} INFO - Setting next_dagrun for dataset_consumes_unknown_never_scheduled to None, run_after=None
[2024-04-25T06:03:29.757+0000] {logging_mixin.py:188} INFO - [2024-04-25T06:03:29.756+0000] {dag.py:3823} INFO - Setting next_dagrun for dataset_produces_1 to 2024-04-24 00:00:00+00:00, run_after=2024-04-25 00:00:00+00:00
[2024-04-25T06:03:29.765+0000] {logging_mixin.py:188} INFO - [2024-04-25T06:03:29.764+0000] {dag.py:3823} INFO - Setting next_dagrun for dataset_produces_2 to None, run_after=None
[2024-04-25T06:03:29.971+0000] {processor.py:183} INFO - Processing /home/airflow/.local/lib/python3.8/site-packages/airflow/example_dags/example_datasets.py took 0.597 seconds
[2024-04-25T06:04:00.684+0000] {processor.py:161} INFO - Started process (PID=557) to work on /home/airflow/.local/lib/python3.8/site-packages/airflow/example_dags/example_datasets.py
[2024-04-25T06:04:00.686+0000] {processor.py:830} INFO - Processing file /home/airflow/.local/lib/python3.8/site-packages/airflow/example_dags/example_datasets.py for tasks to queue
[2024-04-25T06:04:00.688+0000] {logging_mixin.py:188} INFO - [2024-04-25T06:04:00.688+0000] {dagbag.py:538} INFO - Filling up the DagBag from /home/airflow/.local/lib/python3.8/site-packages/airflow/example_dags/example_datasets.py
[2024-04-25T06:04:00.699+0000] {processor.py:840} INFO - DAG(s) 'dataset_produces_1', 'dataset_produces_2', 'dataset_consumes_unknown_never_scheduled', 'dataset_consumes_1_and_2', 'dataset_consumes_1_never_scheduled', 'dataset_consumes_1' retrieved from /home/airflow/.local/lib/python3.8/site-packages/airflow/example_dags/example_datasets.py
[2024-04-25T06:04:00.771+0000] {logging_mixin.py:188} INFO - [2024-04-25T06:04:00.770+0000] {dag.py:3036} INFO - Sync 6 DAGs
[2024-04-25T06:04:00.827+0000] {logging_mixin.py:188} INFO - [2024-04-25T06:04:00.826+0000] {dag.py:3823} INFO - Setting next_dagrun for dataset_consumes_1 to None, run_after=None
[2024-04-25T06:04:00.836+0000] {logging_mixin.py:188} INFO - [2024-04-25T06:04:00.836+0000] {dag.py:3823} INFO - Setting next_dagrun for dataset_consumes_1_and_2 to None, run_after=None
[2024-04-25T06:04:00.840+0000] {logging_mixin.py:188} INFO - [2024-04-25T06:04:00.840+0000] {dag.py:3823} INFO - Setting next_dagrun for dataset_consumes_1_never_scheduled to None, run_after=None
[2024-04-25T06:04:00.845+0000] {logging_mixin.py:188} INFO - [2024-04-25T06:04:00.844+0000] {dag.py:3823} INFO - Setting next_dagrun for dataset_consumes_unknown_never_scheduled to None, run_after=None
[2024-04-25T06:04:00.853+0000] {logging_mixin.py:188} INFO - [2024-04-25T06:04:00.853+0000] {dag.py:3823} INFO - Setting next_dagrun for dataset_produces_1 to 2024-04-24 00:00:00+00:00, run_after=2024-04-25 00:00:00+00:00
[2024-04-25T06:04:00.861+0000] {logging_mixin.py:188} INFO - [2024-04-25T06:04:00.860+0000] {dag.py:3823} INFO - Setting next_dagrun for dataset_produces_2 to None, run_after=None
[2024-04-25T06:04:00.978+0000] {processor.py:183} INFO - Processing /home/airflow/.local/lib/python3.8/site-packages/airflow/example_dags/example_datasets.py took 0.299 seconds
[2024-04-25T06:04:31.178+0000] {processor.py:161} INFO - Started process (PID=616) to work on /home/airflow/.local/lib/python3.8/site-packages/airflow/example_dags/example_datasets.py
[2024-04-25T06:04:31.181+0000] {processor.py:830} INFO - Processing file /home/airflow/.local/lib/python3.8/site-packages/airflow/example_dags/example_datasets.py for tasks to queue
[2024-04-25T06:04:31.185+0000] {logging_mixin.py:188} INFO - [2024-04-25T06:04:31.184+0000] {dagbag.py:538} INFO - Filling up the DagBag from /home/airflow/.local/lib/python3.8/site-packages/airflow/example_dags/example_datasets.py
[2024-04-25T06:04:31.199+0000] {processor.py:840} INFO - DAG(s) 'dataset_consumes_1_and_2', 'dataset_produces_2', 'dataset_consumes_unknown_never_scheduled', 'dataset_consumes_1', 'dataset_consumes_1_never_scheduled', 'dataset_produces_1' retrieved from /home/airflow/.local/lib/python3.8/site-packages/airflow/example_dags/example_datasets.py
[2024-04-25T06:04:31.244+0000] {logging_mixin.py:188} INFO - [2024-04-25T06:04:31.244+0000] {dag.py:3036} INFO - Sync 6 DAGs
[2024-04-25T06:04:31.271+0000] {logging_mixin.py:188} INFO - [2024-04-25T06:04:31.271+0000] {dag.py:3823} INFO - Setting next_dagrun for dataset_consumes_1 to None, run_after=None
[2024-04-25T06:04:31.276+0000] {logging_mixin.py:188} INFO - [2024-04-25T06:04:31.275+0000] {dag.py:3823} INFO - Setting next_dagrun for dataset_consumes_1_and_2 to None, run_after=None
[2024-04-25T06:04:31.278+0000] {logging_mixin.py:188} INFO - [2024-04-25T06:04:31.278+0000] {dag.py:3823} INFO - Setting next_dagrun for dataset_consumes_1_never_scheduled to None, run_after=None
[2024-04-25T06:04:31.280+0000] {logging_mixin.py:188} INFO - [2024-04-25T06:04:31.280+0000] {dag.py:3823} INFO - Setting next_dagrun for dataset_consumes_unknown_never_scheduled to None, run_after=None
[2024-04-25T06:04:31.284+0000] {logging_mixin.py:188} INFO - [2024-04-25T06:04:31.283+0000] {dag.py:3823} INFO - Setting next_dagrun for dataset_produces_1 to 2024-04-24 00:00:00+00:00, run_after=2024-04-25 00:00:00+00:00
[2024-04-25T06:04:31.286+0000] {logging_mixin.py:188} INFO - [2024-04-25T06:04:31.286+0000] {dag.py:3823} INFO - Setting next_dagrun for dataset_produces_2 to None, run_after=None
[2024-04-25T06:04:31.334+0000] {processor.py:183} INFO - Processing /home/airflow/.local/lib/python3.8/site-packages/airflow/example_dags/example_datasets.py took 0.162 seconds
[2024-04-25T06:05:02.056+0000] {processor.py:161} INFO - Started process (PID=675) to work on /home/airflow/.local/lib/python3.8/site-packages/airflow/example_dags/example_datasets.py
[2024-04-25T06:05:02.059+0000] {processor.py:830} INFO - Processing file /home/airflow/.local/lib/python3.8/site-packages/airflow/example_dags/example_datasets.py for tasks to queue
[2024-04-25T06:05:02.063+0000] {logging_mixin.py:188} INFO - [2024-04-25T06:05:02.062+0000] {dagbag.py:538} INFO - Filling up the DagBag from /home/airflow/.local/lib/python3.8/site-packages/airflow/example_dags/example_datasets.py
[2024-04-25T06:05:02.082+0000] {processor.py:840} INFO - DAG(s) 'dataset_produces_2', 'dataset_consumes_1_never_scheduled', 'dataset_consumes_1_and_2', 'dataset_consumes_unknown_never_scheduled', 'dataset_consumes_1', 'dataset_produces_1' retrieved from /home/airflow/.local/lib/python3.8/site-packages/airflow/example_dags/example_datasets.py
[2024-04-25T06:05:02.135+0000] {logging_mixin.py:188} INFO - [2024-04-25T06:05:02.134+0000] {dag.py:3036} INFO - Sync 6 DAGs
[2024-04-25T06:05:02.161+0000] {logging_mixin.py:188} INFO - [2024-04-25T06:05:02.160+0000] {dag.py:3823} INFO - Setting next_dagrun for dataset_consumes_1 to None, run_after=None
[2024-04-25T06:05:02.166+0000] {logging_mixin.py:188} INFO - [2024-04-25T06:05:02.166+0000] {dag.py:3823} INFO - Setting next_dagrun for dataset_consumes_1_and_2 to None, run_after=None
[2024-04-25T06:05:02.168+0000] {logging_mixin.py:188} INFO - [2024-04-25T06:05:02.168+0000] {dag.py:3823} INFO - Setting next_dagrun for dataset_consumes_1_never_scheduled to None, run_after=None
[2024-04-25T06:05:02.171+0000] {logging_mixin.py:188} INFO - [2024-04-25T06:05:02.171+0000] {dag.py:3823} INFO - Setting next_dagrun for dataset_consumes_unknown_never_scheduled to None, run_after=None
[2024-04-25T06:05:02.175+0000] {logging_mixin.py:188} INFO - [2024-04-25T06:05:02.175+0000] {dag.py:3823} INFO - Setting next_dagrun for dataset_produces_1 to 2024-04-24 00:00:00+00:00, run_after=2024-04-25 00:00:00+00:00
[2024-04-25T06:05:02.178+0000] {logging_mixin.py:188} INFO - [2024-04-25T06:05:02.178+0000] {dag.py:3823} INFO - Setting next_dagrun for dataset_produces_2 to None, run_after=None
[2024-04-25T06:05:02.224+0000] {processor.py:183} INFO - Processing /home/airflow/.local/lib/python3.8/site-packages/airflow/example_dags/example_datasets.py took 0.174 seconds
[2024-04-25T06:05:33.277+0000] {processor.py:161} INFO - Started process (PID=734) to work on /home/airflow/.local/lib/python3.8/site-packages/airflow/example_dags/example_datasets.py
[2024-04-25T06:05:33.281+0000] {processor.py:830} INFO - Processing file /home/airflow/.local/lib/python3.8/site-packages/airflow/example_dags/example_datasets.py for tasks to queue
[2024-04-25T06:05:33.285+0000] {logging_mixin.py:188} INFO - [2024-04-25T06:05:33.284+0000] {dagbag.py:538} INFO - Filling up the DagBag from /home/airflow/.local/lib/python3.8/site-packages/airflow/example_dags/example_datasets.py
[2024-04-25T06:05:33.306+0000] {processor.py:840} INFO - DAG(s) 'dataset_consumes_unknown_never_scheduled', 'dataset_produces_2', 'dataset_consumes_1', 'dataset_consumes_1_and_2', 'dataset_consumes_1_never_scheduled', 'dataset_produces_1' retrieved from /home/airflow/.local/lib/python3.8/site-packages/airflow/example_dags/example_datasets.py
[2024-04-25T06:05:33.399+0000] {logging_mixin.py:188} INFO - [2024-04-25T06:05:33.398+0000] {dag.py:3036} INFO - Sync 6 DAGs
[2024-04-25T06:05:33.459+0000] {logging_mixin.py:188} INFO - [2024-04-25T06:05:33.459+0000] {dag.py:3823} INFO - Setting next_dagrun for dataset_consumes_1 to None, run_after=None
[2024-04-25T06:05:33.473+0000] {logging_mixin.py:188} INFO - [2024-04-25T06:05:33.472+0000] {dag.py:3823} INFO - Setting next_dagrun for dataset_consumes_1_and_2 to None, run_after=None
[2024-04-25T06:05:33.477+0000] {logging_mixin.py:188} INFO - [2024-04-25T06:05:33.477+0000] {dag.py:3823} INFO - Setting next_dagrun for dataset_consumes_1_never_scheduled to None, run_after=None
[2024-04-25T06:05:33.482+0000] {logging_mixin.py:188} INFO - [2024-04-25T06:05:33.482+0000] {dag.py:3823} INFO - Setting next_dagrun for dataset_consumes_unknown_never_scheduled to None, run_after=None
[2024-04-25T06:05:33.490+0000] {logging_mixin.py:188} INFO - [2024-04-25T06:05:33.490+0000] {dag.py:3823} INFO - Setting next_dagrun for dataset_produces_1 to 2024-04-24 00:00:00+00:00, run_after=2024-04-25 00:00:00+00:00
[2024-04-25T06:05:33.495+0000] {logging_mixin.py:188} INFO - [2024-04-25T06:05:33.494+0000] {dag.py:3823} INFO - Setting next_dagrun for dataset_produces_2 to None, run_after=None
[2024-04-25T06:05:33.595+0000] {processor.py:183} INFO - Processing /home/airflow/.local/lib/python3.8/site-packages/airflow/example_dags/example_datasets.py took 0.325 seconds
[2024-04-25T06:06:03.671+0000] {processor.py:161} INFO - Started process (PID=793) to work on /home/airflow/.local/lib/python3.8/site-packages/airflow/example_dags/example_datasets.py
[2024-04-25T06:06:03.675+0000] {processor.py:830} INFO - Processing file /home/airflow/.local/lib/python3.8/site-packages/airflow/example_dags/example_datasets.py for tasks to queue
[2024-04-25T06:06:03.679+0000] {logging_mixin.py:188} INFO - [2024-04-25T06:06:03.679+0000] {dagbag.py:538} INFO - Filling up the DagBag from /home/airflow/.local/lib/python3.8/site-packages/airflow/example_dags/example_datasets.py
[2024-04-25T06:06:03.703+0000] {processor.py:840} INFO - DAG(s) 'dataset_consumes_1', 'dataset_produces_2', 'dataset_consumes_unknown_never_scheduled', 'dataset_consumes_1_never_scheduled', 'dataset_consumes_1_and_2', 'dataset_produces_1' retrieved from /home/airflow/.local/lib/python3.8/site-packages/airflow/example_dags/example_datasets.py
[2024-04-25T06:06:03.812+0000] {logging_mixin.py:188} INFO - [2024-04-25T06:06:03.811+0000] {dag.py:3036} INFO - Sync 6 DAGs
[2024-04-25T06:06:03.889+0000] {logging_mixin.py:188} INFO - [2024-04-25T06:06:03.889+0000] {dag.py:3823} INFO - Setting next_dagrun for dataset_consumes_1 to None, run_after=None
[2024-04-25T06:06:03.901+0000] {logging_mixin.py:188} INFO - [2024-04-25T06:06:03.900+0000] {dag.py:3823} INFO - Setting next_dagrun for dataset_consumes_1_and_2 to None, run_after=None
[2024-04-25T06:06:03.907+0000] {logging_mixin.py:188} INFO - [2024-04-25T06:06:03.906+0000] {dag.py:3823} INFO - Setting next_dagrun for dataset_consumes_1_never_scheduled to None, run_after=None
[2024-04-25T06:06:03.913+0000] {logging_mixin.py:188} INFO - [2024-04-25T06:06:03.912+0000] {dag.py:3823} INFO - Setting next_dagrun for dataset_consumes_unknown_never_scheduled to None, run_after=None
[2024-04-25T06:06:03.925+0000] {logging_mixin.py:188} INFO - [2024-04-25T06:06:03.924+0000] {dag.py:3823} INFO - Setting next_dagrun for dataset_produces_1 to 2024-04-24 00:00:00+00:00, run_after=2024-04-25 00:00:00+00:00
[2024-04-25T06:06:03.930+0000] {logging_mixin.py:188} INFO - [2024-04-25T06:06:03.929+0000] {dag.py:3823} INFO - Setting next_dagrun for dataset_produces_2 to None, run_after=None
[2024-04-25T06:06:04.028+0000] {processor.py:183} INFO - Processing /home/airflow/.local/lib/python3.8/site-packages/airflow/example_dags/example_datasets.py took 0.366 seconds
[2024-04-25T06:06:34.097+0000] {processor.py:161} INFO - Started process (PID=852) to work on /home/airflow/.local/lib/python3.8/site-packages/airflow/example_dags/example_datasets.py
[2024-04-25T06:06:34.100+0000] {processor.py:830} INFO - Processing file /home/airflow/.local/lib/python3.8/site-packages/airflow/example_dags/example_datasets.py for tasks to queue
[2024-04-25T06:06:34.105+0000] {logging_mixin.py:188} INFO - [2024-04-25T06:06:34.104+0000] {dagbag.py:538} INFO - Filling up the DagBag from /home/airflow/.local/lib/python3.8/site-packages/airflow/example_dags/example_datasets.py
[2024-04-25T06:06:34.134+0000] {processor.py:840} INFO - DAG(s) 'dataset_consumes_1_never_scheduled', 'dataset_produces_2', 'dataset_produces_1', 'dataset_consumes_unknown_never_scheduled', 'dataset_consumes_1_and_2', 'dataset_consumes_1' retrieved from /home/airflow/.local/lib/python3.8/site-packages/airflow/example_dags/example_datasets.py
[2024-04-25T06:06:34.197+0000] {logging_mixin.py:188} INFO - [2024-04-25T06:06:34.197+0000] {dag.py:3036} INFO - Sync 6 DAGs
[2024-04-25T06:06:34.226+0000] {logging_mixin.py:188} INFO - [2024-04-25T06:06:34.226+0000] {dag.py:3823} INFO - Setting next_dagrun for dataset_consumes_1 to None, run_after=None
[2024-04-25T06:06:34.230+0000] {logging_mixin.py:188} INFO - [2024-04-25T06:06:34.230+0000] {dag.py:3823} INFO - Setting next_dagrun for dataset_consumes_1_and_2 to None, run_after=None
[2024-04-25T06:06:34.233+0000] {logging_mixin.py:188} INFO - [2024-04-25T06:06:34.232+0000] {dag.py:3823} INFO - Setting next_dagrun for dataset_consumes_1_never_scheduled to None, run_after=None
[2024-04-25T06:06:34.235+0000] {logging_mixin.py:188} INFO - [2024-04-25T06:06:34.235+0000] {dag.py:3823} INFO - Setting next_dagrun for dataset_consumes_unknown_never_scheduled to None, run_after=None
[2024-04-25T06:06:34.238+0000] {logging_mixin.py:188} INFO - [2024-04-25T06:06:34.238+0000] {dag.py:3823} INFO - Setting next_dagrun for dataset_produces_1 to 2024-04-24 00:00:00+00:00, run_after=2024-04-25 00:00:00+00:00
[2024-04-25T06:06:34.240+0000] {logging_mixin.py:188} INFO - [2024-04-25T06:06:34.240+0000] {dag.py:3823} INFO - Setting next_dagrun for dataset_produces_2 to None, run_after=None
[2024-04-25T06:06:34.289+0000] {processor.py:183} INFO - Processing /home/airflow/.local/lib/python3.8/site-packages/airflow/example_dags/example_datasets.py took 0.198 seconds
[2024-04-25T06:07:06.225+0000] {processor.py:161} INFO - Started process (PID=911) to work on /home/airflow/.local/lib/python3.8/site-packages/airflow/example_dags/example_datasets.py
[2024-04-25T06:07:06.231+0000] {processor.py:830} INFO - Processing file /home/airflow/.local/lib/python3.8/site-packages/airflow/example_dags/example_datasets.py for tasks to queue
[2024-04-25T06:07:06.237+0000] {logging_mixin.py:188} INFO - [2024-04-25T06:07:06.236+0000] {dagbag.py:538} INFO - Filling up the DagBag from /home/airflow/.local/lib/python3.8/site-packages/airflow/example_dags/example_datasets.py
[2024-04-25T06:07:06.276+0000] {processor.py:840} INFO - DAG(s) 'dataset_consumes_1', 'dataset_produces_2', 'dataset_consumes_unknown_never_scheduled', 'dataset_consumes_1_never_scheduled', 'dataset_produces_1', 'dataset_consumes_1_and_2' retrieved from /home/airflow/.local/lib/python3.8/site-packages/airflow/example_dags/example_datasets.py
[2024-04-25T06:07:06.435+0000] {logging_mixin.py:188} INFO - [2024-04-25T06:07:06.434+0000] {dag.py:3036} INFO - Sync 6 DAGs
[2024-04-25T06:07:06.513+0000] {logging_mixin.py:188} INFO - [2024-04-25T06:07:06.512+0000] {dag.py:3823} INFO - Setting next_dagrun for dataset_consumes_1 to None, run_after=None
[2024-04-25T06:07:06.524+0000] {logging_mixin.py:188} INFO - [2024-04-25T06:07:06.523+0000] {dag.py:3823} INFO - Setting next_dagrun for dataset_consumes_1_and_2 to None, run_after=None
[2024-04-25T06:07:06.530+0000] {logging_mixin.py:188} INFO - [2024-04-25T06:07:06.530+0000] {dag.py:3823} INFO - Setting next_dagrun for dataset_consumes_1_never_scheduled to None, run_after=None
[2024-04-25T06:07:06.537+0000] {logging_mixin.py:188} INFO - [2024-04-25T06:07:06.536+0000] {dag.py:3823} INFO - Setting next_dagrun for dataset_consumes_unknown_never_scheduled to None, run_after=None
[2024-04-25T06:07:06.551+0000] {logging_mixin.py:188} INFO - [2024-04-25T06:07:06.550+0000] {dag.py:3823} INFO - Setting next_dagrun for dataset_produces_1 to 2024-04-24 00:00:00+00:00, run_after=2024-04-25 00:00:00+00:00
[2024-04-25T06:07:06.557+0000] {logging_mixin.py:188} INFO - [2024-04-25T06:07:06.557+0000] {dag.py:3823} INFO - Setting next_dagrun for dataset_produces_2 to None, run_after=None
[2024-04-25T06:07:06.653+0000] {processor.py:183} INFO - Processing /home/airflow/.local/lib/python3.8/site-packages/airflow/example_dags/example_datasets.py took 0.440 seconds
[2024-04-25T06:07:36.805+0000] {processor.py:161} INFO - Started process (PID=970) to work on /home/airflow/.local/lib/python3.8/site-packages/airflow/example_dags/example_datasets.py
[2024-04-25T06:07:36.808+0000] {processor.py:830} INFO - Processing file /home/airflow/.local/lib/python3.8/site-packages/airflow/example_dags/example_datasets.py for tasks to queue
[2024-04-25T06:07:36.813+0000] {logging_mixin.py:188} INFO - [2024-04-25T06:07:36.813+0000] {dagbag.py:538} INFO - Filling up the DagBag from /home/airflow/.local/lib/python3.8/site-packages/airflow/example_dags/example_datasets.py
[2024-04-25T06:07:36.840+0000] {processor.py:840} INFO - DAG(s) 'dataset_consumes_unknown_never_scheduled', 'dataset_consumes_1_and_2', 'dataset_produces_1', 'dataset_consumes_1', 'dataset_consumes_1_never_scheduled', 'dataset_produces_2' retrieved from /home/airflow/.local/lib/python3.8/site-packages/airflow/example_dags/example_datasets.py
[2024-04-25T06:07:37.474+0000] {logging_mixin.py:188} INFO - [2024-04-25T06:07:37.473+0000] {dag.py:3036} INFO - Sync 6 DAGs
[2024-04-25T06:07:37.633+0000] {logging_mixin.py:188} INFO - [2024-04-25T06:07:37.632+0000] {dag.py:3823} INFO - Setting next_dagrun for dataset_consumes_1 to None, run_after=None
[2024-04-25T06:07:37.670+0000] {logging_mixin.py:188} INFO - [2024-04-25T06:07:37.669+0000] {dag.py:3823} INFO - Setting next_dagrun for dataset_consumes_1_and_2 to None, run_after=None
[2024-04-25T06:07:37.722+0000] {logging_mixin.py:188} INFO - [2024-04-25T06:07:37.721+0000] {dag.py:3823} INFO - Setting next_dagrun for dataset_consumes_1_never_scheduled to None, run_after=None
[2024-04-25T06:07:37.733+0000] {logging_mixin.py:188} INFO - [2024-04-25T06:07:37.732+0000] {dag.py:3823} INFO - Setting next_dagrun for dataset_consumes_unknown_never_scheduled to None, run_after=None
[2024-04-25T06:07:37.758+0000] {logging_mixin.py:188} INFO - [2024-04-25T06:07:37.757+0000] {dag.py:3823} INFO - Setting next_dagrun for dataset_produces_1 to 2024-04-24 00:00:00+00:00, run_after=2024-04-25 00:00:00+00:00
[2024-04-25T06:07:37.770+0000] {logging_mixin.py:188} INFO - [2024-04-25T06:07:37.769+0000] {dag.py:3823} INFO - Setting next_dagrun for dataset_produces_2 to None, run_after=None
[2024-04-25T06:07:37.952+0000] {processor.py:183} INFO - Processing /home/airflow/.local/lib/python3.8/site-packages/airflow/example_dags/example_datasets.py took 1.155 seconds
[2024-04-25T06:08:08.103+0000] {processor.py:161} INFO - Started process (PID=1030) to work on /home/airflow/.local/lib/python3.8/site-packages/airflow/example_dags/example_datasets.py
[2024-04-25T06:08:08.108+0000] {processor.py:830} INFO - Processing file /home/airflow/.local/lib/python3.8/site-packages/airflow/example_dags/example_datasets.py for tasks to queue
[2024-04-25T06:08:08.116+0000] {logging_mixin.py:188} INFO - [2024-04-25T06:08:08.115+0000] {dagbag.py:538} INFO - Filling up the DagBag from /home/airflow/.local/lib/python3.8/site-packages/airflow/example_dags/example_datasets.py
[2024-04-25T06:08:08.142+0000] {processor.py:840} INFO - DAG(s) 'dataset_consumes_1_and_2', 'dataset_produces_1', 'dataset_consumes_unknown_never_scheduled', 'dataset_produces_2', 'dataset_consumes_1', 'dataset_consumes_1_never_scheduled' retrieved from /home/airflow/.local/lib/python3.8/site-packages/airflow/example_dags/example_datasets.py
[2024-04-25T06:08:08.258+0000] {logging_mixin.py:188} INFO - [2024-04-25T06:08:08.257+0000] {dag.py:3036} INFO - Sync 6 DAGs
[2024-04-25T06:08:08.325+0000] {logging_mixin.py:188} INFO - [2024-04-25T06:08:08.324+0000] {dag.py:3823} INFO - Setting next_dagrun for dataset_consumes_1 to None, run_after=None
[2024-04-25T06:08:08.333+0000] {logging_mixin.py:188} INFO - [2024-04-25T06:08:08.333+0000] {dag.py:3823} INFO - Setting next_dagrun for dataset_consumes_1_and_2 to None, run_after=None
[2024-04-25T06:08:08.337+0000] {logging_mixin.py:188} INFO - [2024-04-25T06:08:08.337+0000] {dag.py:3823} INFO - Setting next_dagrun for dataset_consumes_1_never_scheduled to None, run_after=None
[2024-04-25T06:08:08.341+0000] {logging_mixin.py:188} INFO - [2024-04-25T06:08:08.340+0000] {dag.py:3823} INFO - Setting next_dagrun for dataset_consumes_unknown_never_scheduled to None, run_after=None
[2024-04-25T06:08:08.350+0000] {logging_mixin.py:188} INFO - [2024-04-25T06:08:08.350+0000] {dag.py:3823} INFO - Setting next_dagrun for dataset_produces_1 to 2024-04-24 00:00:00+00:00, run_after=2024-04-25 00:00:00+00:00
[2024-04-25T06:08:08.355+0000] {logging_mixin.py:188} INFO - [2024-04-25T06:08:08.355+0000] {dag.py:3823} INFO - Setting next_dagrun for dataset_produces_2 to None, run_after=None
[2024-04-25T06:08:08.429+0000] {processor.py:183} INFO - Processing /home/airflow/.local/lib/python3.8/site-packages/airflow/example_dags/example_datasets.py took 0.339 seconds
[2024-04-25T06:08:38.818+0000] {processor.py:161} INFO - Started process (PID=1088) to work on /home/airflow/.local/lib/python3.8/site-packages/airflow/example_dags/example_datasets.py
[2024-04-25T06:08:38.843+0000] {processor.py:830} INFO - Processing file /home/airflow/.local/lib/python3.8/site-packages/airflow/example_dags/example_datasets.py for tasks to queue
[2024-04-25T06:08:38.850+0000] {logging_mixin.py:188} INFO - [2024-04-25T06:08:38.848+0000] {dagbag.py:538} INFO - Filling up the DagBag from /home/airflow/.local/lib/python3.8/site-packages/airflow/example_dags/example_datasets.py
[2024-04-25T06:08:38.889+0000] {processor.py:840} INFO - DAG(s) 'dataset_produces_1', 'dataset_consumes_1_and_2', 'dataset_consumes_1', 'dataset_produces_2', 'dataset_consumes_1_never_scheduled', 'dataset_consumes_unknown_never_scheduled' retrieved from /home/airflow/.local/lib/python3.8/site-packages/airflow/example_dags/example_datasets.py
[2024-04-25T06:08:39.047+0000] {logging_mixin.py:188} INFO - [2024-04-25T06:08:39.046+0000] {dag.py:3036} INFO - Sync 6 DAGs
[2024-04-25T06:08:39.194+0000] {logging_mixin.py:188} INFO - [2024-04-25T06:08:39.193+0000] {dag.py:3823} INFO - Setting next_dagrun for dataset_consumes_1 to None, run_after=None
[2024-04-25T06:08:39.210+0000] {logging_mixin.py:188} INFO - [2024-04-25T06:08:39.209+0000] {dag.py:3823} INFO - Setting next_dagrun for dataset_consumes_1_and_2 to None, run_after=None
[2024-04-25T06:08:39.225+0000] {logging_mixin.py:188} INFO - [2024-04-25T06:08:39.224+0000] {dag.py:3823} INFO - Setting next_dagrun for dataset_consumes_1_never_scheduled to None, run_after=None
[2024-04-25T06:08:39.231+0000] {logging_mixin.py:188} INFO - [2024-04-25T06:08:39.230+0000] {dag.py:3823} INFO - Setting next_dagrun for dataset_consumes_unknown_never_scheduled to None, run_after=None
[2024-04-25T06:08:39.254+0000] {logging_mixin.py:188} INFO - [2024-04-25T06:08:39.253+0000] {dag.py:3823} INFO - Setting next_dagrun for dataset_produces_1 to 2024-04-24 00:00:00+00:00, run_after=2024-04-25 00:00:00+00:00
[2024-04-25T06:08:39.260+0000] {logging_mixin.py:188} INFO - [2024-04-25T06:08:39.260+0000] {dag.py:3823} INFO - Setting next_dagrun for dataset_produces_2 to None, run_after=None
[2024-04-25T06:08:39.391+0000] {processor.py:183} INFO - Processing /home/airflow/.local/lib/python3.8/site-packages/airflow/example_dags/example_datasets.py took 0.580 seconds
[2024-04-25T06:09:10.335+0000] {processor.py:161} INFO - Started process (PID=1147) to work on /home/airflow/.local/lib/python3.8/site-packages/airflow/example_dags/example_datasets.py
[2024-04-25T06:09:10.338+0000] {processor.py:830} INFO - Processing file /home/airflow/.local/lib/python3.8/site-packages/airflow/example_dags/example_datasets.py for tasks to queue
[2024-04-25T06:09:10.346+0000] {logging_mixin.py:188} INFO - [2024-04-25T06:09:10.345+0000] {dagbag.py:538} INFO - Filling up the DagBag from /home/airflow/.local/lib/python3.8/site-packages/airflow/example_dags/example_datasets.py
[2024-04-25T06:09:10.400+0000] {processor.py:840} INFO - DAG(s) 'dataset_consumes_unknown_never_scheduled', 'dataset_produces_1', 'dataset_consumes_1_never_scheduled', 'dataset_consumes_1', 'dataset_consumes_1_and_2', 'dataset_produces_2' retrieved from /home/airflow/.local/lib/python3.8/site-packages/airflow/example_dags/example_datasets.py
[2024-04-25T06:09:10.493+0000] {logging_mixin.py:188} INFO - [2024-04-25T06:09:10.493+0000] {dag.py:3036} INFO - Sync 6 DAGs
[2024-04-25T06:09:10.542+0000] {logging_mixin.py:188} INFO - [2024-04-25T06:09:10.541+0000] {dag.py:3823} INFO - Setting next_dagrun for dataset_consumes_1 to None, run_after=None
[2024-04-25T06:09:10.556+0000] {logging_mixin.py:188} INFO - [2024-04-25T06:09:10.555+0000] {dag.py:3823} INFO - Setting next_dagrun for dataset_consumes_1_and_2 to None, run_after=None
[2024-04-25T06:09:10.562+0000] {logging_mixin.py:188} INFO - [2024-04-25T06:09:10.561+0000] {dag.py:3823} INFO - Setting next_dagrun for dataset_consumes_1_never_scheduled to None, run_after=None
[2024-04-25T06:09:10.566+0000] {logging_mixin.py:188} INFO - [2024-04-25T06:09:10.566+0000] {dag.py:3823} INFO - Setting next_dagrun for dataset_consumes_unknown_never_scheduled to None, run_after=None
[2024-04-25T06:09:10.574+0000] {logging_mixin.py:188} INFO - [2024-04-25T06:09:10.574+0000] {dag.py:3823} INFO - Setting next_dagrun for dataset_produces_1 to 2024-04-24 00:00:00+00:00, run_after=2024-04-25 00:00:00+00:00
[2024-04-25T06:09:10.578+0000] {logging_mixin.py:188} INFO - [2024-04-25T06:09:10.578+0000] {dag.py:3823} INFO - Setting next_dagrun for dataset_produces_2 to None, run_after=None
[2024-04-25T06:09:10.653+0000] {processor.py:183} INFO - Processing /home/airflow/.local/lib/python3.8/site-packages/airflow/example_dags/example_datasets.py took 0.333 seconds
[2024-04-25T06:09:41.914+0000] {processor.py:161} INFO - Started process (PID=1212) to work on /home/airflow/.local/lib/python3.8/site-packages/airflow/example_dags/example_datasets.py
[2024-04-25T06:09:41.918+0000] {processor.py:830} INFO - Processing file /home/airflow/.local/lib/python3.8/site-packages/airflow/example_dags/example_datasets.py for tasks to queue
[2024-04-25T06:09:41.924+0000] {logging_mixin.py:188} INFO - [2024-04-25T06:09:41.923+0000] {dagbag.py:538} INFO - Filling up the DagBag from /home/airflow/.local/lib/python3.8/site-packages/airflow/example_dags/example_datasets.py
[2024-04-25T06:09:41.949+0000] {processor.py:840} INFO - DAG(s) 'dataset_consumes_1', 'dataset_consumes_1_never_scheduled', 'dataset_produces_1', 'dataset_produces_2', 'dataset_consumes_1_and_2', 'dataset_consumes_unknown_never_scheduled' retrieved from /home/airflow/.local/lib/python3.8/site-packages/airflow/example_dags/example_datasets.py
[2024-04-25T06:09:42.073+0000] {logging_mixin.py:188} INFO - [2024-04-25T06:09:42.071+0000] {dag.py:3036} INFO - Sync 6 DAGs
[2024-04-25T06:09:42.142+0000] {logging_mixin.py:188} INFO - [2024-04-25T06:09:42.141+0000] {dag.py:3823} INFO - Setting next_dagrun for dataset_consumes_1 to None, run_after=None
[2024-04-25T06:09:42.152+0000] {logging_mixin.py:188} INFO - [2024-04-25T06:09:42.151+0000] {dag.py:3823} INFO - Setting next_dagrun for dataset_consumes_1_and_2 to None, run_after=None
[2024-04-25T06:09:42.158+0000] {logging_mixin.py:188} INFO - [2024-04-25T06:09:42.157+0000] {dag.py:3823} INFO - Setting next_dagrun for dataset_consumes_1_never_scheduled to None, run_after=None
[2024-04-25T06:09:42.163+0000] {logging_mixin.py:188} INFO - [2024-04-25T06:09:42.163+0000] {dag.py:3823} INFO - Setting next_dagrun for dataset_consumes_unknown_never_scheduled to None, run_after=None
[2024-04-25T06:09:42.173+0000] {logging_mixin.py:188} INFO - [2024-04-25T06:09:42.172+0000] {dag.py:3823} INFO - Setting next_dagrun for dataset_produces_1 to 2024-04-24 00:00:00+00:00, run_after=2024-04-25 00:00:00+00:00
[2024-04-25T06:09:42.178+0000] {logging_mixin.py:188} INFO - [2024-04-25T06:09:42.177+0000] {dag.py:3823} INFO - Setting next_dagrun for dataset_produces_2 to None, run_after=None
[2024-04-25T06:09:42.290+0000] {processor.py:183} INFO - Processing /home/airflow/.local/lib/python3.8/site-packages/airflow/example_dags/example_datasets.py took 0.385 seconds
[2024-04-25T06:10:13.280+0000] {processor.py:161} INFO - Started process (PID=1271) to work on /home/airflow/.local/lib/python3.8/site-packages/airflow/example_dags/example_datasets.py
[2024-04-25T06:10:13.285+0000] {processor.py:830} INFO - Processing file /home/airflow/.local/lib/python3.8/site-packages/airflow/example_dags/example_datasets.py for tasks to queue
[2024-04-25T06:10:13.292+0000] {logging_mixin.py:188} INFO - [2024-04-25T06:10:13.290+0000] {dagbag.py:538} INFO - Filling up the DagBag from /home/airflow/.local/lib/python3.8/site-packages/airflow/example_dags/example_datasets.py
[2024-04-25T06:10:13.331+0000] {processor.py:840} INFO - DAG(s) 'dataset_produces_1', 'dataset_produces_2', 'dataset_consumes_unknown_never_scheduled', 'dataset_consumes_1_never_scheduled', 'dataset_consumes_1_and_2', 'dataset_consumes_1' retrieved from /home/airflow/.local/lib/python3.8/site-packages/airflow/example_dags/example_datasets.py
[2024-04-25T06:10:13.497+0000] {logging_mixin.py:188} INFO - [2024-04-25T06:10:13.496+0000] {dag.py:3036} INFO - Sync 6 DAGs
[2024-04-25T06:10:13.573+0000] {logging_mixin.py:188} INFO - [2024-04-25T06:10:13.572+0000] {dag.py:3823} INFO - Setting next_dagrun for dataset_consumes_1 to None, run_after=None
[2024-04-25T06:10:13.582+0000] {logging_mixin.py:188} INFO - [2024-04-25T06:10:13.582+0000] {dag.py:3823} INFO - Setting next_dagrun for dataset_consumes_1_and_2 to None, run_after=None
[2024-04-25T06:10:13.587+0000] {logging_mixin.py:188} INFO - [2024-04-25T06:10:13.587+0000] {dag.py:3823} INFO - Setting next_dagrun for dataset_consumes_1_never_scheduled to None, run_after=None
[2024-04-25T06:10:13.592+0000] {logging_mixin.py:188} INFO - [2024-04-25T06:10:13.591+0000] {dag.py:3823} INFO - Setting next_dagrun for dataset_consumes_unknown_never_scheduled to None, run_after=None
[2024-04-25T06:10:13.601+0000] {logging_mixin.py:188} INFO - [2024-04-25T06:10:13.600+0000] {dag.py:3823} INFO - Setting next_dagrun for dataset_produces_1 to 2024-04-24 00:00:00+00:00, run_after=2024-04-25 00:00:00+00:00
[2024-04-25T06:10:13.606+0000] {logging_mixin.py:188} INFO - [2024-04-25T06:10:13.605+0000] {dag.py:3823} INFO - Setting next_dagrun for dataset_produces_2 to None, run_after=None
[2024-04-25T06:10:13.692+0000] {processor.py:183} INFO - Processing /home/airflow/.local/lib/python3.8/site-packages/airflow/example_dags/example_datasets.py took 0.421 seconds
[2024-04-25T06:10:45.411+0000] {processor.py:161} INFO - Started process (PID=1330) to work on /home/airflow/.local/lib/python3.8/site-packages/airflow/example_dags/example_datasets.py
[2024-04-25T06:10:45.415+0000] {processor.py:830} INFO - Processing file /home/airflow/.local/lib/python3.8/site-packages/airflow/example_dags/example_datasets.py for tasks to queue
[2024-04-25T06:10:45.424+0000] {logging_mixin.py:188} INFO - [2024-04-25T06:10:45.423+0000] {dagbag.py:538} INFO - Filling up the DagBag from /home/airflow/.local/lib/python3.8/site-packages/airflow/example_dags/example_datasets.py
[2024-04-25T06:10:45.499+0000] {processor.py:840} INFO - DAG(s) 'dataset_consumes_unknown_never_scheduled', 'dataset_produces_1', 'dataset_consumes_1_and_2', 'dataset_produces_2', 'dataset_consumes_1', 'dataset_consumes_1_never_scheduled' retrieved from /home/airflow/.local/lib/python3.8/site-packages/airflow/example_dags/example_datasets.py
[2024-04-25T06:10:45.686+0000] {logging_mixin.py:188} INFO - [2024-04-25T06:10:45.686+0000] {dag.py:3036} INFO - Sync 6 DAGs
[2024-04-25T06:10:45.840+0000] {logging_mixin.py:188} INFO - [2024-04-25T06:10:45.839+0000] {dag.py:3823} INFO - Setting next_dagrun for dataset_consumes_1 to None, run_after=None
[2024-04-25T06:10:45.881+0000] {logging_mixin.py:188} INFO - [2024-04-25T06:10:45.876+0000] {dag.py:3823} INFO - Setting next_dagrun for dataset_consumes_1_and_2 to None, run_after=None
[2024-04-25T06:10:45.906+0000] {logging_mixin.py:188} INFO - [2024-04-25T06:10:45.905+0000] {dag.py:3823} INFO - Setting next_dagrun for dataset_consumes_1_never_scheduled to None, run_after=None
[2024-04-25T06:10:45.919+0000] {logging_mixin.py:188} INFO - [2024-04-25T06:10:45.918+0000] {dag.py:3823} INFO - Setting next_dagrun for dataset_consumes_unknown_never_scheduled to None, run_after=None
[2024-04-25T06:10:45.968+0000] {logging_mixin.py:188} INFO - [2024-04-25T06:10:45.967+0000] {dag.py:3823} INFO - Setting next_dagrun for dataset_produces_1 to 2024-04-24 00:00:00+00:00, run_after=2024-04-25 00:00:00+00:00
[2024-04-25T06:10:45.993+0000] {logging_mixin.py:188} INFO - [2024-04-25T06:10:45.991+0000] {dag.py:3823} INFO - Setting next_dagrun for dataset_produces_2 to None, run_after=None
[2024-04-25T06:52:15.199+0000] {processor.py:161} INFO - Started process (PID=98) to work on /home/airflow/.local/lib/python3.8/site-packages/airflow/example_dags/example_datasets.py
[2024-04-25T06:52:15.217+0000] {processor.py:830} INFO - Processing file /home/airflow/.local/lib/python3.8/site-packages/airflow/example_dags/example_datasets.py for tasks to queue
[2024-04-25T06:52:15.248+0000] {logging_mixin.py:188} INFO - [2024-04-25T06:52:15.246+0000] {dagbag.py:538} INFO - Filling up the DagBag from /home/airflow/.local/lib/python3.8/site-packages/airflow/example_dags/example_datasets.py
[2024-04-25T06:52:15.440+0000] {processor.py:840} INFO - DAG(s) 'dataset_consumes_1', 'dataset_produces_2', 'dataset_produces_1', 'dataset_consumes_1_and_2', 'dataset_consumes_1_never_scheduled', 'dataset_consumes_unknown_never_scheduled' retrieved from /home/airflow/.local/lib/python3.8/site-packages/airflow/example_dags/example_datasets.py
[2024-04-25T06:52:18.062+0000] {logging_mixin.py:188} INFO - [2024-04-25T06:52:18.060+0000] {dag.py:3036} INFO - Sync 6 DAGs
[2024-04-25T06:52:18.763+0000] {logging_mixin.py:188} INFO - [2024-04-25T06:52:18.761+0000] {dag.py:3823} INFO - Setting next_dagrun for dataset_consumes_1 to None, run_after=None
[2024-04-25T06:52:18.790+0000] {logging_mixin.py:188} INFO - [2024-04-25T06:52:18.789+0000] {dag.py:3823} INFO - Setting next_dagrun for dataset_consumes_1_and_2 to None, run_after=None
[2024-04-25T06:52:18.811+0000] {logging_mixin.py:188} INFO - [2024-04-25T06:52:18.810+0000] {dag.py:3823} INFO - Setting next_dagrun for dataset_consumes_1_never_scheduled to None, run_after=None
[2024-04-25T06:52:18.824+0000] {logging_mixin.py:188} INFO - [2024-04-25T06:52:18.823+0000] {dag.py:3823} INFO - Setting next_dagrun for dataset_consumes_unknown_never_scheduled to None, run_after=None
[2024-04-25T06:52:18.861+0000] {logging_mixin.py:188} INFO - [2024-04-25T06:52:18.860+0000] {dag.py:3823} INFO - Setting next_dagrun for dataset_produces_1 to 2024-04-24 00:00:00+00:00, run_after=2024-04-25 00:00:00+00:00
[2024-04-25T06:52:18.868+0000] {logging_mixin.py:188} INFO - [2024-04-25T06:52:18.867+0000] {dag.py:3823} INFO - Setting next_dagrun for dataset_produces_2 to None, run_after=None
[2024-04-25T06:52:20.261+0000] {processor.py:183} INFO - Processing /home/airflow/.local/lib/python3.8/site-packages/airflow/example_dags/example_datasets.py took 5.064 seconds
[2024-04-25T06:53:30.579+0000] {processor.py:161} INFO - Started process (PID=174) to work on /home/airflow/.local/lib/python3.8/site-packages/airflow/example_dags/example_datasets.py
[2024-04-25T06:53:30.655+0000] {processor.py:830} INFO - Processing file /home/airflow/.local/lib/python3.8/site-packages/airflow/example_dags/example_datasets.py for tasks to queue
[2024-04-25T06:53:30.664+0000] {logging_mixin.py:188} INFO - [2024-04-25T06:53:30.663+0000] {dagbag.py:538} INFO - Filling up the DagBag from /home/airflow/.local/lib/python3.8/site-packages/airflow/example_dags/example_datasets.py
[2024-04-25T06:53:30.710+0000] {processor.py:840} INFO - DAG(s) 'dataset_consumes_unknown_never_scheduled', 'dataset_produces_2', 'dataset_consumes_1_and_2', 'dataset_consumes_1_never_scheduled', 'dataset_produces_1', 'dataset_consumes_1' retrieved from /home/airflow/.local/lib/python3.8/site-packages/airflow/example_dags/example_datasets.py
[2024-04-25T06:53:31.014+0000] {logging_mixin.py:188} INFO - [2024-04-25T06:53:31.014+0000] {dag.py:3036} INFO - Sync 6 DAGs
[2024-04-25T06:53:31.211+0000] {logging_mixin.py:188} INFO - [2024-04-25T06:53:31.210+0000] {dag.py:3823} INFO - Setting next_dagrun for dataset_consumes_1 to None, run_after=None
[2024-04-25T06:53:31.243+0000] {logging_mixin.py:188} INFO - [2024-04-25T06:53:31.240+0000] {dag.py:3823} INFO - Setting next_dagrun for dataset_consumes_1_and_2 to None, run_after=None
[2024-04-25T06:53:31.268+0000] {logging_mixin.py:188} INFO - [2024-04-25T06:53:31.266+0000] {dag.py:3823} INFO - Setting next_dagrun for dataset_consumes_1_never_scheduled to None, run_after=None
[2024-04-25T06:53:31.281+0000] {logging_mixin.py:188} INFO - [2024-04-25T06:53:31.278+0000] {dag.py:3823} INFO - Setting next_dagrun for dataset_consumes_unknown_never_scheduled to None, run_after=None
[2024-04-25T06:53:31.296+0000] {logging_mixin.py:188} INFO - [2024-04-25T06:53:31.295+0000] {dag.py:3823} INFO - Setting next_dagrun for dataset_produces_1 to 2024-04-24 00:00:00+00:00, run_after=2024-04-25 00:00:00+00:00
[2024-04-25T06:53:31.301+0000] {logging_mixin.py:188} INFO - [2024-04-25T06:53:31.301+0000] {dag.py:3823} INFO - Setting next_dagrun for dataset_produces_2 to None, run_after=None
[2024-04-25T06:53:31.441+0000] {processor.py:183} INFO - Processing /home/airflow/.local/lib/python3.8/site-packages/airflow/example_dags/example_datasets.py took 0.880 seconds
[2024-04-25T06:54:08.301+0000] {processor.py:161} INFO - Started process (PID=244) to work on /home/airflow/.local/lib/python3.8/site-packages/airflow/example_dags/example_datasets.py
[2024-04-25T06:54:08.311+0000] {processor.py:830} INFO - Processing file /home/airflow/.local/lib/python3.8/site-packages/airflow/example_dags/example_datasets.py for tasks to queue
[2024-04-25T06:54:08.325+0000] {logging_mixin.py:188} INFO - [2024-04-25T06:54:08.321+0000] {dagbag.py:538} INFO - Filling up the DagBag from /home/airflow/.local/lib/python3.8/site-packages/airflow/example_dags/example_datasets.py
[2024-04-25T06:54:08.424+0000] {processor.py:840} INFO - DAG(s) 'dataset_consumes_1_never_scheduled', 'dataset_produces_1', 'dataset_consumes_1_and_2', 'dataset_consumes_unknown_never_scheduled', 'dataset_produces_2', 'dataset_consumes_1' retrieved from /home/airflow/.local/lib/python3.8/site-packages/airflow/example_dags/example_datasets.py
[2024-04-25T06:54:09.131+0000] {logging_mixin.py:188} INFO - [2024-04-25T06:54:09.129+0000] {dag.py:3036} INFO - Sync 6 DAGs
[2024-04-25T06:54:09.321+0000] {logging_mixin.py:188} INFO - [2024-04-25T06:54:09.321+0000] {dag.py:3823} INFO - Setting next_dagrun for dataset_consumes_1 to None, run_after=None
[2024-04-25T06:54:09.353+0000] {logging_mixin.py:188} INFO - [2024-04-25T06:54:09.352+0000] {dag.py:3823} INFO - Setting next_dagrun for dataset_consumes_1_and_2 to None, run_after=None
[2024-04-25T06:54:09.371+0000] {logging_mixin.py:188} INFO - [2024-04-25T06:54:09.366+0000] {dag.py:3823} INFO - Setting next_dagrun for dataset_consumes_1_never_scheduled to None, run_after=None
[2024-04-25T06:54:09.386+0000] {logging_mixin.py:188} INFO - [2024-04-25T06:54:09.385+0000] {dag.py:3823} INFO - Setting next_dagrun for dataset_consumes_unknown_never_scheduled to None, run_after=None
[2024-04-25T06:54:09.406+0000] {logging_mixin.py:188} INFO - [2024-04-25T06:54:09.405+0000] {dag.py:3823} INFO - Setting next_dagrun for dataset_produces_1 to 2024-04-24 00:00:00+00:00, run_after=2024-04-25 00:00:00+00:00
[2024-04-25T06:54:09.420+0000] {logging_mixin.py:188} INFO - [2024-04-25T06:54:09.419+0000] {dag.py:3823} INFO - Setting next_dagrun for dataset_produces_2 to None, run_after=None
[2024-04-25T06:54:09.642+0000] {processor.py:183} INFO - Processing /home/airflow/.local/lib/python3.8/site-packages/airflow/example_dags/example_datasets.py took 1.404 seconds
[2024-04-25T06:54:42.999+0000] {processor.py:161} INFO - Started process (PID=320) to work on /home/airflow/.local/lib/python3.8/site-packages/airflow/example_dags/example_datasets.py
[2024-04-25T06:54:43.007+0000] {processor.py:830} INFO - Processing file /home/airflow/.local/lib/python3.8/site-packages/airflow/example_dags/example_datasets.py for tasks to queue
[2024-04-25T06:54:43.019+0000] {logging_mixin.py:188} INFO - [2024-04-25T06:54:43.018+0000] {dagbag.py:538} INFO - Filling up the DagBag from /home/airflow/.local/lib/python3.8/site-packages/airflow/example_dags/example_datasets.py
[2024-04-25T06:54:43.083+0000] {processor.py:840} INFO - DAG(s) 'dataset_produces_1', 'dataset_consumes_1_never_scheduled', 'dataset_consumes_unknown_never_scheduled', 'dataset_consumes_1_and_2', 'dataset_consumes_1', 'dataset_produces_2' retrieved from /home/airflow/.local/lib/python3.8/site-packages/airflow/example_dags/example_datasets.py
[2024-04-25T06:54:43.337+0000] {logging_mixin.py:188} INFO - [2024-04-25T06:54:43.336+0000] {dag.py:3036} INFO - Sync 6 DAGs
[2024-04-25T06:54:43.468+0000] {logging_mixin.py:188} INFO - [2024-04-25T06:54:43.467+0000] {dag.py:3823} INFO - Setting next_dagrun for dataset_consumes_1 to None, run_after=None
[2024-04-25T06:54:43.488+0000] {logging_mixin.py:188} INFO - [2024-04-25T06:54:43.487+0000] {dag.py:3823} INFO - Setting next_dagrun for dataset_consumes_1_and_2 to None, run_after=None
[2024-04-25T06:54:43.496+0000] {logging_mixin.py:188} INFO - [2024-04-25T06:54:43.496+0000] {dag.py:3823} INFO - Setting next_dagrun for dataset_consumes_1_never_scheduled to None, run_after=None
[2024-04-25T06:54:43.504+0000] {logging_mixin.py:188} INFO - [2024-04-25T06:54:43.503+0000] {dag.py:3823} INFO - Setting next_dagrun for dataset_consumes_unknown_never_scheduled to None, run_after=None
[2024-04-25T06:54:43.520+0000] {logging_mixin.py:188} INFO - [2024-04-25T06:54:43.519+0000] {dag.py:3823} INFO - Setting next_dagrun for dataset_produces_1 to 2024-04-24 00:00:00+00:00, run_after=2024-04-25 00:00:00+00:00
[2024-04-25T06:54:43.527+0000] {logging_mixin.py:188} INFO - [2024-04-25T06:54:43.526+0000] {dag.py:3823} INFO - Setting next_dagrun for dataset_produces_2 to None, run_after=None
[2024-04-25T06:54:43.998+0000] {processor.py:183} INFO - Processing /home/airflow/.local/lib/python3.8/site-packages/airflow/example_dags/example_datasets.py took 1.012 seconds
[2024-04-25T06:55:21.681+0000] {processor.py:161} INFO - Started process (PID=389) to work on /home/airflow/.local/lib/python3.8/site-packages/airflow/example_dags/example_datasets.py
[2024-04-25T06:55:21.688+0000] {processor.py:830} INFO - Processing file /home/airflow/.local/lib/python3.8/site-packages/airflow/example_dags/example_datasets.py for tasks to queue
[2024-04-25T06:55:21.697+0000] {logging_mixin.py:188} INFO - [2024-04-25T06:55:21.696+0000] {dagbag.py:538} INFO - Filling up the DagBag from /home/airflow/.local/lib/python3.8/site-packages/airflow/example_dags/example_datasets.py
[2024-04-25T06:55:21.743+0000] {processor.py:840} INFO - DAG(s) 'dataset_consumes_1_and_2', 'dataset_consumes_unknown_never_scheduled', 'dataset_produces_1', 'dataset_produces_2', 'dataset_consumes_1_never_scheduled', 'dataset_consumes_1' retrieved from /home/airflow/.local/lib/python3.8/site-packages/airflow/example_dags/example_datasets.py
[2024-04-25T06:55:21.927+0000] {logging_mixin.py:188} INFO - [2024-04-25T06:55:21.926+0000] {dag.py:3036} INFO - Sync 6 DAGs
[2024-04-25T06:55:22.056+0000] {logging_mixin.py:188} INFO - [2024-04-25T06:55:22.055+0000] {dag.py:3823} INFO - Setting next_dagrun for dataset_consumes_1 to None, run_after=None
[2024-04-25T06:55:22.085+0000] {logging_mixin.py:188} INFO - [2024-04-25T06:55:22.084+0000] {dag.py:3823} INFO - Setting next_dagrun for dataset_consumes_1_and_2 to None, run_after=None
[2024-04-25T06:55:22.094+0000] {logging_mixin.py:188} INFO - [2024-04-25T06:55:22.093+0000] {dag.py:3823} INFO - Setting next_dagrun for dataset_consumes_1_never_scheduled to None, run_after=None
[2024-04-25T06:55:22.103+0000] {logging_mixin.py:188} INFO - [2024-04-25T06:55:22.102+0000] {dag.py:3823} INFO - Setting next_dagrun for dataset_consumes_unknown_never_scheduled to None, run_after=None
[2024-04-25T06:55:22.134+0000] {logging_mixin.py:188} INFO - [2024-04-25T06:55:22.134+0000] {dag.py:3823} INFO - Setting next_dagrun for dataset_produces_1 to 2024-04-24 00:00:00+00:00, run_after=2024-04-25 00:00:00+00:00
[2024-04-25T06:55:22.140+0000] {logging_mixin.py:188} INFO - [2024-04-25T06:55:22.139+0000] {dag.py:3823} INFO - Setting next_dagrun for dataset_produces_2 to None, run_after=None
[2024-04-25T06:55:22.311+0000] {processor.py:183} INFO - Processing /home/airflow/.local/lib/python3.8/site-packages/airflow/example_dags/example_datasets.py took 0.643 seconds
[2024-04-25T06:55:56.698+0000] {processor.py:161} INFO - Started process (PID=459) to work on /home/airflow/.local/lib/python3.8/site-packages/airflow/example_dags/example_datasets.py
[2024-04-25T06:55:56.707+0000] {processor.py:830} INFO - Processing file /home/airflow/.local/lib/python3.8/site-packages/airflow/example_dags/example_datasets.py for tasks to queue
[2024-04-25T06:55:56.717+0000] {logging_mixin.py:188} INFO - [2024-04-25T06:55:56.715+0000] {dagbag.py:538} INFO - Filling up the DagBag from /home/airflow/.local/lib/python3.8/site-packages/airflow/example_dags/example_datasets.py
[2024-04-25T06:55:56.756+0000] {processor.py:840} INFO - DAG(s) 'dataset_produces_1', 'dataset_consumes_1_never_scheduled', 'dataset_consumes_1', 'dataset_produces_2', 'dataset_consumes_unknown_never_scheduled', 'dataset_consumes_1_and_2' retrieved from /home/airflow/.local/lib/python3.8/site-packages/airflow/example_dags/example_datasets.py
[2024-04-25T06:55:56.999+0000] {logging_mixin.py:188} INFO - [2024-04-25T06:55:56.999+0000] {dag.py:3036} INFO - Sync 6 DAGs
[2024-04-25T06:55:57.159+0000] {logging_mixin.py:188} INFO - [2024-04-25T06:55:57.156+0000] {dag.py:3823} INFO - Setting next_dagrun for dataset_consumes_1 to None, run_after=None
[2024-04-25T06:55:57.303+0000] {logging_mixin.py:188} INFO - [2024-04-25T06:55:57.302+0000] {dag.py:3823} INFO - Setting next_dagrun for dataset_consumes_1_and_2 to None, run_after=None
[2024-04-25T06:55:57.313+0000] {logging_mixin.py:188} INFO - [2024-04-25T06:55:57.312+0000] {dag.py:3823} INFO - Setting next_dagrun for dataset_consumes_1_never_scheduled to None, run_after=None
[2024-04-25T06:55:57.320+0000] {logging_mixin.py:188} INFO - [2024-04-25T06:55:57.320+0000] {dag.py:3823} INFO - Setting next_dagrun for dataset_consumes_unknown_never_scheduled to None, run_after=None
[2024-04-25T06:55:57.334+0000] {logging_mixin.py:188} INFO - [2024-04-25T06:55:57.334+0000] {dag.py:3823} INFO - Setting next_dagrun for dataset_produces_1 to 2024-04-24 00:00:00+00:00, run_after=2024-04-25 00:00:00+00:00
[2024-04-25T06:55:57.341+0000] {logging_mixin.py:188} INFO - [2024-04-25T06:55:57.339+0000] {dag.py:3823} INFO - Setting next_dagrun for dataset_produces_2 to None, run_after=None
[2024-04-25T06:55:57.658+0000] {processor.py:183} INFO - Processing /home/airflow/.local/lib/python3.8/site-packages/airflow/example_dags/example_datasets.py took 0.976 seconds
[2024-04-25T06:56:34.968+0000] {processor.py:161} INFO - Started process (PID=529) to work on /home/airflow/.local/lib/python3.8/site-packages/airflow/example_dags/example_datasets.py
[2024-04-25T06:56:34.976+0000] {processor.py:830} INFO - Processing file /home/airflow/.local/lib/python3.8/site-packages/airflow/example_dags/example_datasets.py for tasks to queue
[2024-04-25T06:56:34.986+0000] {logging_mixin.py:188} INFO - [2024-04-25T06:56:34.984+0000] {dagbag.py:538} INFO - Filling up the DagBag from /home/airflow/.local/lib/python3.8/site-packages/airflow/example_dags/example_datasets.py
[2024-04-25T06:56:35.051+0000] {processor.py:840} INFO - DAG(s) 'dataset_consumes_1', 'dataset_consumes_unknown_never_scheduled', 'dataset_consumes_1_never_scheduled', 'dataset_produces_2', 'dataset_consumes_1_and_2', 'dataset_produces_1' retrieved from /home/airflow/.local/lib/python3.8/site-packages/airflow/example_dags/example_datasets.py
[2024-04-25T06:56:35.250+0000] {logging_mixin.py:188} INFO - [2024-04-25T06:56:35.249+0000] {dag.py:3036} INFO - Sync 6 DAGs
[2024-04-25T06:56:35.370+0000] {logging_mixin.py:188} INFO - [2024-04-25T06:56:35.369+0000] {dag.py:3823} INFO - Setting next_dagrun for dataset_consumes_1 to None, run_after=None
[2024-04-25T06:56:35.386+0000] {logging_mixin.py:188} INFO - [2024-04-25T06:56:35.385+0000] {dag.py:3823} INFO - Setting next_dagrun for dataset_consumes_1_and_2 to None, run_after=None
[2024-04-25T06:56:35.394+0000] {logging_mixin.py:188} INFO - [2024-04-25T06:56:35.393+0000] {dag.py:3823} INFO - Setting next_dagrun for dataset_consumes_1_never_scheduled to None, run_after=None
[2024-04-25T06:56:35.401+0000] {logging_mixin.py:188} INFO - [2024-04-25T06:56:35.400+0000] {dag.py:3823} INFO - Setting next_dagrun for dataset_consumes_unknown_never_scheduled to None, run_after=None
[2024-04-25T06:56:35.415+0000] {logging_mixin.py:188} INFO - [2024-04-25T06:56:35.414+0000] {dag.py:3823} INFO - Setting next_dagrun for dataset_produces_1 to 2024-04-24 00:00:00+00:00, run_after=2024-04-25 00:00:00+00:00
[2024-04-25T06:56:35.423+0000] {logging_mixin.py:188} INFO - [2024-04-25T06:56:35.423+0000] {dag.py:3823} INFO - Setting next_dagrun for dataset_produces_2 to None, run_after=None
[2024-04-25T06:56:35.584+0000] {processor.py:183} INFO - Processing /home/airflow/.local/lib/python3.8/site-packages/airflow/example_dags/example_datasets.py took 0.633 seconds
[2024-04-25T06:57:33.276+0000] {processor.py:161} INFO - Started process (PID=607) to work on /home/airflow/.local/lib/python3.8/site-packages/airflow/example_dags/example_datasets.py
[2024-04-25T06:57:33.330+0000] {processor.py:830} INFO - Processing file /home/airflow/.local/lib/python3.8/site-packages/airflow/example_dags/example_datasets.py for tasks to queue
[2024-04-25T06:57:33.346+0000] {logging_mixin.py:188} INFO - [2024-04-25T06:57:33.345+0000] {dagbag.py:538} INFO - Filling up the DagBag from /home/airflow/.local/lib/python3.8/site-packages/airflow/example_dags/example_datasets.py
[2024-04-25T06:57:33.612+0000] {processor.py:840} INFO - DAG(s) 'dataset_produces_1', 'dataset_consumes_1_never_scheduled', 'dataset_produces_2', 'dataset_consumes_1', 'dataset_consumes_1_and_2', 'dataset_consumes_unknown_never_scheduled' retrieved from /home/airflow/.local/lib/python3.8/site-packages/airflow/example_dags/example_datasets.py
[2024-04-25T06:57:33.953+0000] {logging_mixin.py:188} INFO - [2024-04-25T06:57:33.952+0000] {dag.py:3036} INFO - Sync 6 DAGs
[2024-04-25T06:57:34.174+0000] {logging_mixin.py:188} INFO - [2024-04-25T06:57:34.173+0000] {dag.py:3823} INFO - Setting next_dagrun for dataset_consumes_1 to None, run_after=None
[2024-04-25T06:57:34.202+0000] {logging_mixin.py:188} INFO - [2024-04-25T06:57:34.202+0000] {dag.py:3823} INFO - Setting next_dagrun for dataset_consumes_1_and_2 to None, run_after=None
[2024-04-25T06:57:34.208+0000] {logging_mixin.py:188} INFO - [2024-04-25T06:57:34.207+0000] {dag.py:3823} INFO - Setting next_dagrun for dataset_consumes_1_never_scheduled to None, run_after=None
[2024-04-25T06:57:34.213+0000] {logging_mixin.py:188} INFO - [2024-04-25T06:57:34.212+0000] {dag.py:3823} INFO - Setting next_dagrun for dataset_consumes_unknown_never_scheduled to None, run_after=None
[2024-04-25T06:57:34.238+0000] {logging_mixin.py:188} INFO - [2024-04-25T06:57:34.237+0000] {dag.py:3823} INFO - Setting next_dagrun for dataset_produces_1 to 2024-04-24 00:00:00+00:00, run_after=2024-04-25 00:00:00+00:00
[2024-04-25T06:57:34.253+0000] {logging_mixin.py:188} INFO - [2024-04-25T06:57:34.251+0000] {dag.py:3823} INFO - Setting next_dagrun for dataset_produces_2 to None, run_after=None
[2024-04-25T06:57:34.818+0000] {processor.py:183} INFO - Processing /home/airflow/.local/lib/python3.8/site-packages/airflow/example_dags/example_datasets.py took 1.643 seconds
[2024-04-25T07:03:30.792+0000] {processor.py:161} INFO - Started process (PID=736) to work on /home/airflow/.local/lib/python3.8/site-packages/airflow/example_dags/example_datasets.py
[2024-04-25T07:03:30.834+0000] {processor.py:830} INFO - Processing file /home/airflow/.local/lib/python3.8/site-packages/airflow/example_dags/example_datasets.py for tasks to queue
[2024-04-25T07:03:31.125+0000] {logging_mixin.py:188} INFO - [2024-04-25T07:03:30.924+0000] {dagbag.py:538} INFO - Filling up the DagBag from /home/airflow/.local/lib/python3.8/site-packages/airflow/example_dags/example_datasets.py
[2024-04-25T07:03:32.705+0000] {processor.py:840} INFO - DAG(s) 'dataset_produces_2', 'dataset_consumes_unknown_never_scheduled', 'dataset_consumes_1', 'dataset_produces_1', 'dataset_consumes_1_and_2', 'dataset_consumes_1_never_scheduled' retrieved from /home/airflow/.local/lib/python3.8/site-packages/airflow/example_dags/example_datasets.py
[2024-04-25T07:03:35.333+0000] {logging_mixin.py:188} INFO - [2024-04-25T07:03:35.321+0000] {dag.py:3036} INFO - Sync 6 DAGs
[2024-04-25T07:03:42.988+0000] {logging_mixin.py:188} INFO - [2024-04-25T07:03:42.589+0000] {dag.py:3823} INFO - Setting next_dagrun for dataset_consumes_1 to None, run_after=None
[2024-04-25T07:03:43.166+0000] {logging_mixin.py:188} INFO - [2024-04-25T07:03:43.165+0000] {dag.py:3823} INFO - Setting next_dagrun for dataset_consumes_1_and_2 to None, run_after=None
[2024-04-25T07:03:43.179+0000] {logging_mixin.py:188} INFO - [2024-04-25T07:03:43.177+0000] {dag.py:3823} INFO - Setting next_dagrun for dataset_consumes_1_never_scheduled to None, run_after=None
[2024-04-25T07:03:43.202+0000] {logging_mixin.py:188} INFO - [2024-04-25T07:03:43.200+0000] {dag.py:3823} INFO - Setting next_dagrun for dataset_consumes_unknown_never_scheduled to None, run_after=None
[2024-04-25T07:03:43.404+0000] {logging_mixin.py:188} INFO - [2024-04-25T07:03:43.401+0000] {dag.py:3823} INFO - Setting next_dagrun for dataset_produces_1 to 2024-04-24 00:00:00+00:00, run_after=2024-04-25 00:00:00+00:00
[2024-04-25T07:03:43.427+0000] {logging_mixin.py:188} INFO - [2024-04-25T07:03:43.426+0000] {dag.py:3823} INFO - Setting next_dagrun for dataset_produces_2 to None, run_after=None
[2024-04-25T07:03:46.092+0000] {processor.py:183} INFO - Processing /home/airflow/.local/lib/python3.8/site-packages/airflow/example_dags/example_datasets.py took 16.354 seconds
[2024-04-25T07:51:03.551+0000] {processor.py:161} INFO - Started process (PID=63) to work on /home/airflow/.local/lib/python3.8/site-packages/airflow/example_dags/example_datasets.py
[2024-04-25T07:51:03.563+0000] {processor.py:830} INFO - Processing file /home/airflow/.local/lib/python3.8/site-packages/airflow/example_dags/example_datasets.py for tasks to queue
[2024-04-25T07:51:03.571+0000] {logging_mixin.py:188} INFO - [2024-04-25T07:51:03.570+0000] {dagbag.py:538} INFO - Filling up the DagBag from /home/airflow/.local/lib/python3.8/site-packages/airflow/example_dags/example_datasets.py
[2024-04-25T07:51:03.644+0000] {processor.py:840} INFO - DAG(s) 'dataset_consumes_1', 'dataset_produces_1', 'dataset_consumes_1_never_scheduled', 'dataset_consumes_1_and_2', 'dataset_produces_2', 'dataset_consumes_unknown_never_scheduled' retrieved from /home/airflow/.local/lib/python3.8/site-packages/airflow/example_dags/example_datasets.py
[2024-04-25T07:51:04.806+0000] {logging_mixin.py:188} INFO - [2024-04-25T07:51:04.805+0000] {dag.py:3036} INFO - Sync 6 DAGs
[2024-04-25T07:51:04.927+0000] {logging_mixin.py:188} INFO - [2024-04-25T07:51:04.926+0000] {dag.py:3823} INFO - Setting next_dagrun for dataset_consumes_1 to None, run_after=None
[2024-04-25T07:51:04.943+0000] {logging_mixin.py:188} INFO - [2024-04-25T07:51:04.942+0000] {dag.py:3823} INFO - Setting next_dagrun for dataset_consumes_1_and_2 to None, run_after=None
[2024-04-25T07:51:04.953+0000] {logging_mixin.py:188} INFO - [2024-04-25T07:51:04.952+0000] {dag.py:3823} INFO - Setting next_dagrun for dataset_consumes_1_never_scheduled to None, run_after=None
[2024-04-25T07:51:04.960+0000] {logging_mixin.py:188} INFO - [2024-04-25T07:51:04.959+0000] {dag.py:3823} INFO - Setting next_dagrun for dataset_consumes_unknown_never_scheduled to None, run_after=None
[2024-04-25T07:51:04.975+0000] {logging_mixin.py:188} INFO - [2024-04-25T07:51:04.974+0000] {dag.py:3823} INFO - Setting next_dagrun for dataset_produces_1 to 2024-04-24 00:00:00+00:00, run_after=2024-04-25 00:00:00+00:00
[2024-04-25T07:51:04.982+0000] {logging_mixin.py:188} INFO - [2024-04-25T07:51:04.981+0000] {dag.py:3823} INFO - Setting next_dagrun for dataset_produces_2 to None, run_after=None
[2024-04-25T07:51:05.186+0000] {processor.py:183} INFO - Processing /home/airflow/.local/lib/python3.8/site-packages/airflow/example_dags/example_datasets.py took 1.647 seconds
[2024-04-25T07:51:38.676+0000] {processor.py:161} INFO - Started process (PID=133) to work on /home/airflow/.local/lib/python3.8/site-packages/airflow/example_dags/example_datasets.py
[2024-04-25T07:51:38.687+0000] {processor.py:830} INFO - Processing file /home/airflow/.local/lib/python3.8/site-packages/airflow/example_dags/example_datasets.py for tasks to queue
[2024-04-25T07:51:38.699+0000] {logging_mixin.py:188} INFO - [2024-04-25T07:51:38.697+0000] {dagbag.py:538} INFO - Filling up the DagBag from /home/airflow/.local/lib/python3.8/site-packages/airflow/example_dags/example_datasets.py
[2024-04-25T07:51:38.747+0000] {processor.py:840} INFO - DAG(s) 'dataset_produces_2', 'dataset_consumes_unknown_never_scheduled', 'dataset_consumes_1_never_scheduled', 'dataset_consumes_1', 'dataset_consumes_1_and_2', 'dataset_produces_1' retrieved from /home/airflow/.local/lib/python3.8/site-packages/airflow/example_dags/example_datasets.py
[2024-04-25T07:51:38.954+0000] {logging_mixin.py:188} INFO - [2024-04-25T07:51:38.951+0000] {dag.py:3036} INFO - Sync 6 DAGs
[2024-04-25T07:51:39.096+0000] {logging_mixin.py:188} INFO - [2024-04-25T07:51:39.095+0000] {dag.py:3823} INFO - Setting next_dagrun for dataset_consumes_1 to None, run_after=None
[2024-04-25T07:51:39.117+0000] {logging_mixin.py:188} INFO - [2024-04-25T07:51:39.116+0000] {dag.py:3823} INFO - Setting next_dagrun for dataset_consumes_1_and_2 to None, run_after=None
[2024-04-25T07:51:39.125+0000] {logging_mixin.py:188} INFO - [2024-04-25T07:51:39.124+0000] {dag.py:3823} INFO - Setting next_dagrun for dataset_consumes_1_never_scheduled to None, run_after=None
[2024-04-25T07:51:39.136+0000] {logging_mixin.py:188} INFO - [2024-04-25T07:51:39.136+0000] {dag.py:3823} INFO - Setting next_dagrun for dataset_consumes_unknown_never_scheduled to None, run_after=None
[2024-04-25T07:51:39.156+0000] {logging_mixin.py:188} INFO - [2024-04-25T07:51:39.155+0000] {dag.py:3823} INFO - Setting next_dagrun for dataset_produces_1 to 2024-04-24 00:00:00+00:00, run_after=2024-04-25 00:00:00+00:00
[2024-04-25T07:51:39.169+0000] {logging_mixin.py:188} INFO - [2024-04-25T07:51:39.168+0000] {dag.py:3823} INFO - Setting next_dagrun for dataset_produces_2 to None, run_after=None
[2024-04-25T07:51:39.376+0000] {processor.py:183} INFO - Processing /home/airflow/.local/lib/python3.8/site-packages/airflow/example_dags/example_datasets.py took 0.715 seconds
[2024-04-25T07:52:18.479+0000] {processor.py:161} INFO - Started process (PID=203) to work on /home/airflow/.local/lib/python3.8/site-packages/airflow/example_dags/example_datasets.py
[2024-04-25T07:52:18.493+0000] {processor.py:830} INFO - Processing file /home/airflow/.local/lib/python3.8/site-packages/airflow/example_dags/example_datasets.py for tasks to queue
[2024-04-25T07:52:18.506+0000] {logging_mixin.py:188} INFO - [2024-04-25T07:52:18.504+0000] {dagbag.py:538} INFO - Filling up the DagBag from /home/airflow/.local/lib/python3.8/site-packages/airflow/example_dags/example_datasets.py
[2024-04-25T07:52:18.580+0000] {processor.py:840} INFO - DAG(s) 'dataset_consumes_1', 'dataset_consumes_unknown_never_scheduled', 'dataset_consumes_1_and_2', 'dataset_produces_1', 'dataset_consumes_1_never_scheduled', 'dataset_produces_2' retrieved from /home/airflow/.local/lib/python3.8/site-packages/airflow/example_dags/example_datasets.py
[2024-04-25T07:52:18.831+0000] {logging_mixin.py:188} INFO - [2024-04-25T07:52:18.829+0000] {dag.py:3036} INFO - Sync 6 DAGs
[2024-04-25T07:52:19.181+0000] {logging_mixin.py:188} INFO - [2024-04-25T07:52:19.180+0000] {dag.py:3823} INFO - Setting next_dagrun for dataset_consumes_1 to None, run_after=None
[2024-04-25T07:52:19.248+0000] {logging_mixin.py:188} INFO - [2024-04-25T07:52:19.247+0000] {dag.py:3823} INFO - Setting next_dagrun for dataset_consumes_1_and_2 to None, run_after=None
[2024-04-25T07:52:19.257+0000] {logging_mixin.py:188} INFO - [2024-04-25T07:52:19.256+0000] {dag.py:3823} INFO - Setting next_dagrun for dataset_consumes_1_never_scheduled to None, run_after=None
[2024-04-25T07:52:19.267+0000] {logging_mixin.py:188} INFO - [2024-04-25T07:52:19.266+0000] {dag.py:3823} INFO - Setting next_dagrun for dataset_consumes_unknown_never_scheduled to None, run_after=None
[2024-04-25T07:52:19.287+0000] {logging_mixin.py:188} INFO - [2024-04-25T07:52:19.286+0000] {dag.py:3823} INFO - Setting next_dagrun for dataset_produces_1 to 2024-04-24 00:00:00+00:00, run_after=2024-04-25 00:00:00+00:00
[2024-04-25T07:52:19.303+0000] {logging_mixin.py:188} INFO - [2024-04-25T07:52:19.301+0000] {dag.py:3823} INFO - Setting next_dagrun for dataset_produces_2 to None, run_after=None
[2024-04-25T07:52:19.676+0000] {processor.py:183} INFO - Processing /home/airflow/.local/lib/python3.8/site-packages/airflow/example_dags/example_datasets.py took 1.248 seconds
[2024-04-25T07:52:51.992+0000] {processor.py:161} INFO - Started process (PID=273) to work on /home/airflow/.local/lib/python3.8/site-packages/airflow/example_dags/example_datasets.py
[2024-04-25T07:52:52.000+0000] {processor.py:830} INFO - Processing file /home/airflow/.local/lib/python3.8/site-packages/airflow/example_dags/example_datasets.py for tasks to queue
[2024-04-25T07:52:52.007+0000] {logging_mixin.py:188} INFO - [2024-04-25T07:52:52.006+0000] {dagbag.py:538} INFO - Filling up the DagBag from /home/airflow/.local/lib/python3.8/site-packages/airflow/example_dags/example_datasets.py
[2024-04-25T07:52:52.038+0000] {processor.py:840} INFO - DAG(s) 'dataset_consumes_1', 'dataset_consumes_unknown_never_scheduled', 'dataset_consumes_1_never_scheduled', 'dataset_produces_1', 'dataset_consumes_1_and_2', 'dataset_produces_2' retrieved from /home/airflow/.local/lib/python3.8/site-packages/airflow/example_dags/example_datasets.py
[2024-04-25T07:52:52.246+0000] {logging_mixin.py:188} INFO - [2024-04-25T07:52:52.244+0000] {dag.py:3036} INFO - Sync 6 DAGs
[2024-04-25T07:52:52.412+0000] {logging_mixin.py:188} INFO - [2024-04-25T07:52:52.411+0000] {dag.py:3823} INFO - Setting next_dagrun for dataset_consumes_1 to None, run_after=None
[2024-04-25T07:52:52.423+0000] {logging_mixin.py:188} INFO - [2024-04-25T07:52:52.422+0000] {dag.py:3823} INFO - Setting next_dagrun for dataset_consumes_1_and_2 to None, run_after=None
[2024-04-25T07:52:52.428+0000] {logging_mixin.py:188} INFO - [2024-04-25T07:52:52.427+0000] {dag.py:3823} INFO - Setting next_dagrun for dataset_consumes_1_never_scheduled to None, run_after=None
[2024-04-25T07:52:52.433+0000] {logging_mixin.py:188} INFO - [2024-04-25T07:52:52.433+0000] {dag.py:3823} INFO - Setting next_dagrun for dataset_consumes_unknown_never_scheduled to None, run_after=None
[2024-04-25T07:52:52.442+0000] {logging_mixin.py:188} INFO - [2024-04-25T07:52:52.442+0000] {dag.py:3823} INFO - Setting next_dagrun for dataset_produces_1 to 2024-04-24 00:00:00+00:00, run_after=2024-04-25 00:00:00+00:00
[2024-04-25T07:52:52.447+0000] {logging_mixin.py:188} INFO - [2024-04-25T07:52:52.447+0000] {dag.py:3823} INFO - Setting next_dagrun for dataset_produces_2 to None, run_after=None
[2024-04-25T07:52:52.574+0000] {processor.py:183} INFO - Processing /home/airflow/.local/lib/python3.8/site-packages/airflow/example_dags/example_datasets.py took 0.611 seconds
[2024-04-25T07:53:29.780+0000] {processor.py:161} INFO - Started process (PID=349) to work on /home/airflow/.local/lib/python3.8/site-packages/airflow/example_dags/example_datasets.py
[2024-04-25T07:53:29.791+0000] {processor.py:830} INFO - Processing file /home/airflow/.local/lib/python3.8/site-packages/airflow/example_dags/example_datasets.py for tasks to queue
[2024-04-25T07:53:29.798+0000] {logging_mixin.py:188} INFO - [2024-04-25T07:53:29.797+0000] {dagbag.py:538} INFO - Filling up the DagBag from /home/airflow/.local/lib/python3.8/site-packages/airflow/example_dags/example_datasets.py
[2024-04-25T07:53:29.835+0000] {processor.py:840} INFO - DAG(s) 'dataset_produces_2', 'dataset_consumes_unknown_never_scheduled', 'dataset_consumes_1_never_scheduled', 'dataset_consumes_1_and_2', 'dataset_produces_1', 'dataset_consumes_1' retrieved from /home/airflow/.local/lib/python3.8/site-packages/airflow/example_dags/example_datasets.py
[2024-04-25T07:53:29.998+0000] {logging_mixin.py:188} INFO - [2024-04-25T07:53:29.997+0000] {dag.py:3036} INFO - Sync 6 DAGs
[2024-04-25T07:53:30.117+0000] {logging_mixin.py:188} INFO - [2024-04-25T07:53:30.116+0000] {dag.py:3823} INFO - Setting next_dagrun for dataset_consumes_1 to None, run_after=None
[2024-04-25T07:53:30.131+0000] {logging_mixin.py:188} INFO - [2024-04-25T07:53:30.130+0000] {dag.py:3823} INFO - Setting next_dagrun for dataset_consumes_1_and_2 to None, run_after=None
[2024-04-25T07:53:30.138+0000] {logging_mixin.py:188} INFO - [2024-04-25T07:53:30.137+0000] {dag.py:3823} INFO - Setting next_dagrun for dataset_consumes_1_never_scheduled to None, run_after=None
[2024-04-25T07:53:30.144+0000] {logging_mixin.py:188} INFO - [2024-04-25T07:53:30.144+0000] {dag.py:3823} INFO - Setting next_dagrun for dataset_consumes_unknown_never_scheduled to None, run_after=None
[2024-04-25T07:53:30.161+0000] {logging_mixin.py:188} INFO - [2024-04-25T07:53:30.159+0000] {dag.py:3823} INFO - Setting next_dagrun for dataset_produces_1 to 2024-04-24 00:00:00+00:00, run_after=2024-04-25 00:00:00+00:00
[2024-04-25T07:53:30.169+0000] {logging_mixin.py:188} INFO - [2024-04-25T07:53:30.168+0000] {dag.py:3823} INFO - Setting next_dagrun for dataset_produces_2 to None, run_after=None
[2024-04-25T07:53:30.357+0000] {processor.py:183} INFO - Processing /home/airflow/.local/lib/python3.8/site-packages/airflow/example_dags/example_datasets.py took 0.589 seconds
