[2024-04-25T05:59:01.140+0000] {processor.py:161} INFO - Started process (PID=92) to work on /home/airflow/.local/lib/python3.8/site-packages/airflow/example_dags/example_sensors.py
[2024-04-25T05:59:01.159+0000] {processor.py:830} INFO - Processing file /home/airflow/.local/lib/python3.8/site-packages/airflow/example_dags/example_sensors.py for tasks to queue
[2024-04-25T05:59:01.171+0000] {logging_mixin.py:188} INFO - [2024-04-25T05:59:01.170+0000] {dagbag.py:538} INFO - Filling up the DagBag from /home/airflow/.local/lib/python3.8/site-packages/airflow/example_dags/example_sensors.py
[2024-04-25T05:59:01.637+0000] {processor.py:840} INFO - DAG(s) 'example_sensors' retrieved from /home/airflow/.local/lib/python3.8/site-packages/airflow/example_dags/example_sensors.py
[2024-04-25T05:59:02.564+0000] {logging_mixin.py:188} INFO - [2024-04-25T05:59:02.563+0000] {dag.py:3036} INFO - Sync 1 DAGs
[2024-04-25T05:59:02.620+0000] {logging_mixin.py:188} INFO - [2024-04-25T05:59:02.619+0000] {dag.py:3823} INFO - Setting next_dagrun for example_sensors to None, run_after=None
[2024-04-25T05:59:02.726+0000] {processor.py:183} INFO - Processing /home/airflow/.local/lib/python3.8/site-packages/airflow/example_dags/example_sensors.py took 1.617 seconds
[2024-04-25T05:59:35.918+0000] {processor.py:161} INFO - Started process (PID=157) to work on /home/airflow/.local/lib/python3.8/site-packages/airflow/example_dags/example_sensors.py
[2024-04-25T05:59:35.924+0000] {processor.py:830} INFO - Processing file /home/airflow/.local/lib/python3.8/site-packages/airflow/example_dags/example_sensors.py for tasks to queue
[2024-04-25T05:59:35.932+0000] {logging_mixin.py:188} INFO - [2024-04-25T05:59:35.931+0000] {dagbag.py:538} INFO - Filling up the DagBag from /home/airflow/.local/lib/python3.8/site-packages/airflow/example_dags/example_sensors.py
[2024-04-25T05:59:36.049+0000] {processor.py:840} INFO - DAG(s) 'example_sensors' retrieved from /home/airflow/.local/lib/python3.8/site-packages/airflow/example_dags/example_sensors.py
[2024-04-25T05:59:36.234+0000] {logging_mixin.py:188} INFO - [2024-04-25T05:59:36.233+0000] {dag.py:3036} INFO - Sync 1 DAGs
[2024-04-25T05:59:36.321+0000] {logging_mixin.py:188} INFO - [2024-04-25T05:59:36.319+0000] {dag.py:3823} INFO - Setting next_dagrun for example_sensors to None, run_after=None
[2024-04-25T05:59:36.441+0000] {processor.py:183} INFO - Processing /home/airflow/.local/lib/python3.8/site-packages/airflow/example_dags/example_sensors.py took 0.665 seconds
[2024-04-25T06:00:32.759+0000] {processor.py:161} INFO - Started process (PID=203) to work on /home/airflow/.local/lib/python3.8/site-packages/airflow/example_dags/example_sensors.py
[2024-04-25T06:00:32.850+0000] {processor.py:830} INFO - Processing file /home/airflow/.local/lib/python3.8/site-packages/airflow/example_dags/example_sensors.py for tasks to queue
[2024-04-25T06:00:33.043+0000] {logging_mixin.py:188} INFO - [2024-04-25T06:00:33.039+0000] {dagbag.py:538} INFO - Filling up the DagBag from /home/airflow/.local/lib/python3.8/site-packages/airflow/example_dags/example_sensors.py
[2024-04-25T06:00:33.209+0000] {processor.py:840} INFO - DAG(s) 'example_sensors' retrieved from /home/airflow/.local/lib/python3.8/site-packages/airflow/example_dags/example_sensors.py
[2024-04-25T06:00:33.442+0000] {logging_mixin.py:188} INFO - [2024-04-25T06:00:33.441+0000] {dag.py:3036} INFO - Sync 1 DAGs
[2024-04-25T06:00:33.539+0000] {logging_mixin.py:188} INFO - [2024-04-25T06:00:33.538+0000] {dag.py:3823} INFO - Setting next_dagrun for example_sensors to None, run_after=None
[2024-04-25T06:00:33.654+0000] {processor.py:183} INFO - Processing /home/airflow/.local/lib/python3.8/site-packages/airflow/example_dags/example_sensors.py took 1.024 seconds
[2024-04-25T06:01:10.122+0000] {processor.py:161} INFO - Started process (PID=268) to work on /home/airflow/.local/lib/python3.8/site-packages/airflow/example_dags/example_sensors.py
[2024-04-25T06:01:10.129+0000] {processor.py:830} INFO - Processing file /home/airflow/.local/lib/python3.8/site-packages/airflow/example_dags/example_sensors.py for tasks to queue
[2024-04-25T06:01:10.140+0000] {logging_mixin.py:188} INFO - [2024-04-25T06:01:10.138+0000] {dagbag.py:538} INFO - Filling up the DagBag from /home/airflow/.local/lib/python3.8/site-packages/airflow/example_dags/example_sensors.py
[2024-04-25T06:01:10.187+0000] {processor.py:840} INFO - DAG(s) 'example_sensors' retrieved from /home/airflow/.local/lib/python3.8/site-packages/airflow/example_dags/example_sensors.py
[2024-04-25T06:01:10.532+0000] {logging_mixin.py:188} INFO - [2024-04-25T06:01:10.531+0000] {dag.py:3036} INFO - Sync 1 DAGs
[2024-04-25T06:01:10.662+0000] {logging_mixin.py:188} INFO - [2024-04-25T06:01:10.661+0000] {dag.py:3823} INFO - Setting next_dagrun for example_sensors to None, run_after=None
[2024-04-25T06:01:10.750+0000] {processor.py:183} INFO - Processing /home/airflow/.local/lib/python3.8/site-packages/airflow/example_dags/example_sensors.py took 0.644 seconds
[2024-04-25T06:01:52.751+0000] {processor.py:161} INFO - Started process (PID=328) to work on /home/airflow/.local/lib/python3.8/site-packages/airflow/example_dags/example_sensors.py
[2024-04-25T06:01:52.756+0000] {processor.py:830} INFO - Processing file /home/airflow/.local/lib/python3.8/site-packages/airflow/example_dags/example_sensors.py for tasks to queue
[2024-04-25T06:01:52.765+0000] {logging_mixin.py:188} INFO - [2024-04-25T06:01:52.764+0000] {dagbag.py:538} INFO - Filling up the DagBag from /home/airflow/.local/lib/python3.8/site-packages/airflow/example_dags/example_sensors.py
[2024-04-25T06:01:52.798+0000] {processor.py:840} INFO - DAG(s) 'example_sensors' retrieved from /home/airflow/.local/lib/python3.8/site-packages/airflow/example_dags/example_sensors.py
[2024-04-25T06:01:52.901+0000] {logging_mixin.py:188} INFO - [2024-04-25T06:01:52.900+0000] {dag.py:3036} INFO - Sync 1 DAGs
[2024-04-25T06:01:53.027+0000] {logging_mixin.py:188} INFO - [2024-04-25T06:01:53.019+0000] {dag.py:3823} INFO - Setting next_dagrun for example_sensors to None, run_after=None
[2024-04-25T06:01:53.161+0000] {processor.py:183} INFO - Processing /home/airflow/.local/lib/python3.8/site-packages/airflow/example_dags/example_sensors.py took 0.418 seconds
[2024-04-25T06:02:23.363+0000] {processor.py:161} INFO - Started process (PID=386) to work on /home/airflow/.local/lib/python3.8/site-packages/airflow/example_dags/example_sensors.py
[2024-04-25T06:02:23.368+0000] {processor.py:830} INFO - Processing file /home/airflow/.local/lib/python3.8/site-packages/airflow/example_dags/example_sensors.py for tasks to queue
[2024-04-25T06:02:23.377+0000] {logging_mixin.py:188} INFO - [2024-04-25T06:02:23.376+0000] {dagbag.py:538} INFO - Filling up the DagBag from /home/airflow/.local/lib/python3.8/site-packages/airflow/example_dags/example_sensors.py
[2024-04-25T06:02:23.415+0000] {processor.py:840} INFO - DAG(s) 'example_sensors' retrieved from /home/airflow/.local/lib/python3.8/site-packages/airflow/example_dags/example_sensors.py
[2024-04-25T06:02:23.545+0000] {logging_mixin.py:188} INFO - [2024-04-25T06:02:23.545+0000] {dag.py:3036} INFO - Sync 1 DAGs
[2024-04-25T06:02:23.585+0000] {logging_mixin.py:188} INFO - [2024-04-25T06:02:23.584+0000] {dag.py:3823} INFO - Setting next_dagrun for example_sensors to None, run_after=None
[2024-04-25T06:02:23.657+0000] {processor.py:183} INFO - Processing /home/airflow/.local/lib/python3.8/site-packages/airflow/example_dags/example_sensors.py took 0.314 seconds
[2024-04-25T06:03:00.467+0000] {processor.py:161} INFO - Started process (PID=445) to work on /home/airflow/.local/lib/python3.8/site-packages/airflow/example_dags/example_sensors.py
[2024-04-25T06:03:00.473+0000] {processor.py:830} INFO - Processing file /home/airflow/.local/lib/python3.8/site-packages/airflow/example_dags/example_sensors.py for tasks to queue
[2024-04-25T06:03:00.484+0000] {logging_mixin.py:188} INFO - [2024-04-25T06:03:00.482+0000] {dagbag.py:538} INFO - Filling up the DagBag from /home/airflow/.local/lib/python3.8/site-packages/airflow/example_dags/example_sensors.py
[2024-04-25T06:03:00.557+0000] {processor.py:840} INFO - DAG(s) 'example_sensors' retrieved from /home/airflow/.local/lib/python3.8/site-packages/airflow/example_dags/example_sensors.py
[2024-04-25T06:03:00.846+0000] {logging_mixin.py:188} INFO - [2024-04-25T06:03:00.845+0000] {dag.py:3036} INFO - Sync 1 DAGs
[2024-04-25T06:03:00.998+0000] {logging_mixin.py:188} INFO - [2024-04-25T06:03:00.997+0000] {dag.py:3823} INFO - Setting next_dagrun for example_sensors to None, run_after=None
[2024-04-25T06:03:01.135+0000] {processor.py:183} INFO - Processing /home/airflow/.local/lib/python3.8/site-packages/airflow/example_dags/example_sensors.py took 0.690 seconds
[2024-04-25T06:03:31.973+0000] {processor.py:161} INFO - Started process (PID=504) to work on /home/airflow/.local/lib/python3.8/site-packages/airflow/example_dags/example_sensors.py
[2024-04-25T06:03:31.981+0000] {processor.py:830} INFO - Processing file /home/airflow/.local/lib/python3.8/site-packages/airflow/example_dags/example_sensors.py for tasks to queue
[2024-04-25T06:03:31.989+0000] {logging_mixin.py:188} INFO - [2024-04-25T06:03:31.988+0000] {dagbag.py:538} INFO - Filling up the DagBag from /home/airflow/.local/lib/python3.8/site-packages/airflow/example_dags/example_sensors.py
[2024-04-25T06:03:32.058+0000] {processor.py:840} INFO - DAG(s) 'example_sensors' retrieved from /home/airflow/.local/lib/python3.8/site-packages/airflow/example_dags/example_sensors.py
[2024-04-25T06:03:32.209+0000] {logging_mixin.py:188} INFO - [2024-04-25T06:03:32.208+0000] {dag.py:3036} INFO - Sync 1 DAGs
[2024-04-25T06:03:32.277+0000] {logging_mixin.py:188} INFO - [2024-04-25T06:03:32.276+0000] {dag.py:3823} INFO - Setting next_dagrun for example_sensors to None, run_after=None
[2024-04-25T06:03:32.407+0000] {processor.py:183} INFO - Processing /home/airflow/.local/lib/python3.8/site-packages/airflow/example_dags/example_sensors.py took 0.450 seconds
[2024-04-25T06:04:03.198+0000] {processor.py:161} INFO - Started process (PID=563) to work on /home/airflow/.local/lib/python3.8/site-packages/airflow/example_dags/example_sensors.py
[2024-04-25T06:04:03.201+0000] {processor.py:830} INFO - Processing file /home/airflow/.local/lib/python3.8/site-packages/airflow/example_dags/example_sensors.py for tasks to queue
[2024-04-25T06:04:03.205+0000] {logging_mixin.py:188} INFO - [2024-04-25T06:04:03.204+0000] {dagbag.py:538} INFO - Filling up the DagBag from /home/airflow/.local/lib/python3.8/site-packages/airflow/example_dags/example_sensors.py
[2024-04-25T06:04:03.225+0000] {processor.py:840} INFO - DAG(s) 'example_sensors' retrieved from /home/airflow/.local/lib/python3.8/site-packages/airflow/example_dags/example_sensors.py
[2024-04-25T06:04:03.256+0000] {logging_mixin.py:188} INFO - [2024-04-25T06:04:03.256+0000] {dag.py:3036} INFO - Sync 1 DAGs
[2024-04-25T06:04:03.280+0000] {logging_mixin.py:188} INFO - [2024-04-25T06:04:03.280+0000] {dag.py:3823} INFO - Setting next_dagrun for example_sensors to None, run_after=None
[2024-04-25T06:04:03.329+0000] {processor.py:183} INFO - Processing /home/airflow/.local/lib/python3.8/site-packages/airflow/example_dags/example_sensors.py took 0.137 seconds
[2024-04-25T06:04:33.539+0000] {processor.py:161} INFO - Started process (PID=622) to work on /home/airflow/.local/lib/python3.8/site-packages/airflow/example_dags/example_sensors.py
[2024-04-25T06:04:33.542+0000] {processor.py:830} INFO - Processing file /home/airflow/.local/lib/python3.8/site-packages/airflow/example_dags/example_sensors.py for tasks to queue
[2024-04-25T06:04:33.546+0000] {logging_mixin.py:188} INFO - [2024-04-25T06:04:33.545+0000] {dagbag.py:538} INFO - Filling up the DagBag from /home/airflow/.local/lib/python3.8/site-packages/airflow/example_dags/example_sensors.py
[2024-04-25T06:04:33.564+0000] {processor.py:840} INFO - DAG(s) 'example_sensors' retrieved from /home/airflow/.local/lib/python3.8/site-packages/airflow/example_dags/example_sensors.py
[2024-04-25T06:04:33.601+0000] {logging_mixin.py:188} INFO - [2024-04-25T06:04:33.601+0000] {dag.py:3036} INFO - Sync 1 DAGs
[2024-04-25T06:04:33.616+0000] {logging_mixin.py:188} INFO - [2024-04-25T06:04:33.615+0000] {dag.py:3823} INFO - Setting next_dagrun for example_sensors to None, run_after=None
[2024-04-25T06:04:33.642+0000] {processor.py:183} INFO - Processing /home/airflow/.local/lib/python3.8/site-packages/airflow/example_dags/example_sensors.py took 0.110 seconds
[2024-04-25T06:05:04.411+0000] {processor.py:161} INFO - Started process (PID=681) to work on /home/airflow/.local/lib/python3.8/site-packages/airflow/example_dags/example_sensors.py
[2024-04-25T06:05:04.413+0000] {processor.py:830} INFO - Processing file /home/airflow/.local/lib/python3.8/site-packages/airflow/example_dags/example_sensors.py for tasks to queue
[2024-04-25T06:05:04.417+0000] {logging_mixin.py:188} INFO - [2024-04-25T06:05:04.417+0000] {dagbag.py:538} INFO - Filling up the DagBag from /home/airflow/.local/lib/python3.8/site-packages/airflow/example_dags/example_sensors.py
[2024-04-25T06:05:04.437+0000] {processor.py:840} INFO - DAG(s) 'example_sensors' retrieved from /home/airflow/.local/lib/python3.8/site-packages/airflow/example_dags/example_sensors.py
[2024-04-25T06:05:04.482+0000] {logging_mixin.py:188} INFO - [2024-04-25T06:05:04.481+0000] {dag.py:3036} INFO - Sync 1 DAGs
[2024-04-25T06:05:04.497+0000] {logging_mixin.py:188} INFO - [2024-04-25T06:05:04.497+0000] {dag.py:3823} INFO - Setting next_dagrun for example_sensors to None, run_after=None
[2024-04-25T06:05:04.522+0000] {processor.py:183} INFO - Processing /home/airflow/.local/lib/python3.8/site-packages/airflow/example_dags/example_sensors.py took 0.118 seconds
[2024-04-25T06:05:35.065+0000] {processor.py:161} INFO - Started process (PID=740) to work on /home/airflow/.local/lib/python3.8/site-packages/airflow/example_dags/example_sensors.py
[2024-04-25T06:05:35.068+0000] {processor.py:830} INFO - Processing file /home/airflow/.local/lib/python3.8/site-packages/airflow/example_dags/example_sensors.py for tasks to queue
[2024-04-25T06:05:35.071+0000] {logging_mixin.py:188} INFO - [2024-04-25T06:05:35.070+0000] {dagbag.py:538} INFO - Filling up the DagBag from /home/airflow/.local/lib/python3.8/site-packages/airflow/example_dags/example_sensors.py
[2024-04-25T06:05:35.081+0000] {processor.py:840} INFO - DAG(s) 'example_sensors' retrieved from /home/airflow/.local/lib/python3.8/site-packages/airflow/example_dags/example_sensors.py
[2024-04-25T06:05:35.118+0000] {logging_mixin.py:188} INFO - [2024-04-25T06:05:35.118+0000] {dag.py:3036} INFO - Sync 1 DAGs
[2024-04-25T06:05:35.285+0000] {logging_mixin.py:188} INFO - [2024-04-25T06:05:35.284+0000] {dag.py:3823} INFO - Setting next_dagrun for example_sensors to None, run_after=None
[2024-04-25T06:05:35.470+0000] {processor.py:183} INFO - Processing /home/airflow/.local/lib/python3.8/site-packages/airflow/example_dags/example_sensors.py took 0.410 seconds
[2024-04-25T06:06:05.617+0000] {processor.py:161} INFO - Started process (PID=799) to work on /home/airflow/.local/lib/python3.8/site-packages/airflow/example_dags/example_sensors.py
[2024-04-25T06:06:05.619+0000] {processor.py:830} INFO - Processing file /home/airflow/.local/lib/python3.8/site-packages/airflow/example_dags/example_sensors.py for tasks to queue
[2024-04-25T06:06:05.624+0000] {logging_mixin.py:188} INFO - [2024-04-25T06:06:05.623+0000] {dagbag.py:538} INFO - Filling up the DagBag from /home/airflow/.local/lib/python3.8/site-packages/airflow/example_dags/example_sensors.py
[2024-04-25T06:06:05.644+0000] {processor.py:840} INFO - DAG(s) 'example_sensors' retrieved from /home/airflow/.local/lib/python3.8/site-packages/airflow/example_dags/example_sensors.py
[2024-04-25T06:06:05.709+0000] {logging_mixin.py:188} INFO - [2024-04-25T06:06:05.708+0000] {dag.py:3036} INFO - Sync 1 DAGs
[2024-04-25T06:06:05.739+0000] {logging_mixin.py:188} INFO - [2024-04-25T06:06:05.739+0000] {dag.py:3823} INFO - Setting next_dagrun for example_sensors to None, run_after=None
[2024-04-25T06:06:05.786+0000] {processor.py:183} INFO - Processing /home/airflow/.local/lib/python3.8/site-packages/airflow/example_dags/example_sensors.py took 0.175 seconds
[2024-04-25T06:06:36.682+0000] {processor.py:161} INFO - Started process (PID=858) to work on /home/airflow/.local/lib/python3.8/site-packages/airflow/example_dags/example_sensors.py
[2024-04-25T06:06:36.685+0000] {processor.py:830} INFO - Processing file /home/airflow/.local/lib/python3.8/site-packages/airflow/example_dags/example_sensors.py for tasks to queue
[2024-04-25T06:06:36.689+0000] {logging_mixin.py:188} INFO - [2024-04-25T06:06:36.688+0000] {dagbag.py:538} INFO - Filling up the DagBag from /home/airflow/.local/lib/python3.8/site-packages/airflow/example_dags/example_sensors.py
[2024-04-25T06:06:36.707+0000] {processor.py:840} INFO - DAG(s) 'example_sensors' retrieved from /home/airflow/.local/lib/python3.8/site-packages/airflow/example_dags/example_sensors.py
[2024-04-25T06:06:36.739+0000] {logging_mixin.py:188} INFO - [2024-04-25T06:06:36.739+0000] {dag.py:3036} INFO - Sync 1 DAGs
[2024-04-25T06:06:36.754+0000] {logging_mixin.py:188} INFO - [2024-04-25T06:06:36.753+0000] {dag.py:3823} INFO - Setting next_dagrun for example_sensors to None, run_after=None
[2024-04-25T06:06:36.778+0000] {processor.py:183} INFO - Processing /home/airflow/.local/lib/python3.8/site-packages/airflow/example_dags/example_sensors.py took 0.103 seconds
[2024-04-25T06:07:07.791+0000] {processor.py:161} INFO - Started process (PID=917) to work on /home/airflow/.local/lib/python3.8/site-packages/airflow/example_dags/example_sensors.py
[2024-04-25T06:07:07.795+0000] {processor.py:830} INFO - Processing file /home/airflow/.local/lib/python3.8/site-packages/airflow/example_dags/example_sensors.py for tasks to queue
[2024-04-25T06:07:07.801+0000] {logging_mixin.py:188} INFO - [2024-04-25T06:07:07.801+0000] {dagbag.py:538} INFO - Filling up the DagBag from /home/airflow/.local/lib/python3.8/site-packages/airflow/example_dags/example_sensors.py
[2024-04-25T06:07:07.835+0000] {processor.py:840} INFO - DAG(s) 'example_sensors' retrieved from /home/airflow/.local/lib/python3.8/site-packages/airflow/example_dags/example_sensors.py
[2024-04-25T06:07:07.906+0000] {logging_mixin.py:188} INFO - [2024-04-25T06:07:07.905+0000] {dag.py:3036} INFO - Sync 1 DAGs
[2024-04-25T06:07:07.940+0000] {logging_mixin.py:188} INFO - [2024-04-25T06:07:07.940+0000] {dag.py:3823} INFO - Setting next_dagrun for example_sensors to None, run_after=None
[2024-04-25T06:07:08.005+0000] {processor.py:183} INFO - Processing /home/airflow/.local/lib/python3.8/site-packages/airflow/example_dags/example_sensors.py took 0.222 seconds
[2024-04-25T06:07:38.524+0000] {processor.py:161} INFO - Started process (PID=976) to work on /home/airflow/.local/lib/python3.8/site-packages/airflow/example_dags/example_sensors.py
[2024-04-25T06:07:38.529+0000] {processor.py:830} INFO - Processing file /home/airflow/.local/lib/python3.8/site-packages/airflow/example_dags/example_sensors.py for tasks to queue
[2024-04-25T06:07:38.536+0000] {logging_mixin.py:188} INFO - [2024-04-25T06:07:38.535+0000] {dagbag.py:538} INFO - Filling up the DagBag from /home/airflow/.local/lib/python3.8/site-packages/airflow/example_dags/example_sensors.py
[2024-04-25T06:07:38.566+0000] {processor.py:840} INFO - DAG(s) 'example_sensors' retrieved from /home/airflow/.local/lib/python3.8/site-packages/airflow/example_dags/example_sensors.py
[2024-04-25T06:07:38.653+0000] {logging_mixin.py:188} INFO - [2024-04-25T06:07:38.652+0000] {dag.py:3036} INFO - Sync 1 DAGs
[2024-04-25T06:07:38.702+0000] {logging_mixin.py:188} INFO - [2024-04-25T06:07:38.701+0000] {dag.py:3823} INFO - Setting next_dagrun for example_sensors to None, run_after=None
[2024-04-25T06:07:38.802+0000] {processor.py:183} INFO - Processing /home/airflow/.local/lib/python3.8/site-packages/airflow/example_dags/example_sensors.py took 0.289 seconds
[2024-04-25T06:08:09.125+0000] {processor.py:161} INFO - Started process (PID=1035) to work on /home/airflow/.local/lib/python3.8/site-packages/airflow/example_dags/example_sensors.py
[2024-04-25T06:08:09.129+0000] {processor.py:830} INFO - Processing file /home/airflow/.local/lib/python3.8/site-packages/airflow/example_dags/example_sensors.py for tasks to queue
[2024-04-25T06:08:09.135+0000] {logging_mixin.py:188} INFO - [2024-04-25T06:08:09.134+0000] {dagbag.py:538} INFO - Filling up the DagBag from /home/airflow/.local/lib/python3.8/site-packages/airflow/example_dags/example_sensors.py
[2024-04-25T06:08:09.170+0000] {processor.py:840} INFO - DAG(s) 'example_sensors' retrieved from /home/airflow/.local/lib/python3.8/site-packages/airflow/example_dags/example_sensors.py
[2024-04-25T06:08:09.255+0000] {logging_mixin.py:188} INFO - [2024-04-25T06:08:09.254+0000] {dag.py:3036} INFO - Sync 1 DAGs
[2024-04-25T06:08:09.294+0000] {logging_mixin.py:188} INFO - [2024-04-25T06:08:09.293+0000] {dag.py:3823} INFO - Setting next_dagrun for example_sensors to None, run_after=None
[2024-04-25T06:08:09.354+0000] {processor.py:183} INFO - Processing /home/airflow/.local/lib/python3.8/site-packages/airflow/example_dags/example_sensors.py took 0.242 seconds
[2024-04-25T06:08:39.875+0000] {processor.py:161} INFO - Started process (PID=1094) to work on /home/airflow/.local/lib/python3.8/site-packages/airflow/example_dags/example_sensors.py
[2024-04-25T06:08:39.878+0000] {processor.py:830} INFO - Processing file /home/airflow/.local/lib/python3.8/site-packages/airflow/example_dags/example_sensors.py for tasks to queue
[2024-04-25T06:08:39.884+0000] {logging_mixin.py:188} INFO - [2024-04-25T06:08:39.883+0000] {dagbag.py:538} INFO - Filling up the DagBag from /home/airflow/.local/lib/python3.8/site-packages/airflow/example_dags/example_sensors.py
[2024-04-25T06:08:39.919+0000] {processor.py:840} INFO - DAG(s) 'example_sensors' retrieved from /home/airflow/.local/lib/python3.8/site-packages/airflow/example_dags/example_sensors.py
[2024-04-25T06:08:39.987+0000] {logging_mixin.py:188} INFO - [2024-04-25T06:08:39.986+0000] {dag.py:3036} INFO - Sync 1 DAGs
[2024-04-25T06:08:40.021+0000] {logging_mixin.py:188} INFO - [2024-04-25T06:08:40.021+0000] {dag.py:3823} INFO - Setting next_dagrun for example_sensors to None, run_after=None
[2024-04-25T06:08:40.069+0000] {processor.py:183} INFO - Processing /home/airflow/.local/lib/python3.8/site-packages/airflow/example_dags/example_sensors.py took 0.203 seconds
[2024-04-25T06:09:11.392+0000] {processor.py:161} INFO - Started process (PID=1159) to work on /home/airflow/.local/lib/python3.8/site-packages/airflow/example_dags/example_sensors.py
[2024-04-25T06:09:11.397+0000] {processor.py:830} INFO - Processing file /home/airflow/.local/lib/python3.8/site-packages/airflow/example_dags/example_sensors.py for tasks to queue
[2024-04-25T06:09:11.406+0000] {logging_mixin.py:188} INFO - [2024-04-25T06:09:11.404+0000] {dagbag.py:538} INFO - Filling up the DagBag from /home/airflow/.local/lib/python3.8/site-packages/airflow/example_dags/example_sensors.py
[2024-04-25T06:09:11.438+0000] {processor.py:840} INFO - DAG(s) 'example_sensors' retrieved from /home/airflow/.local/lib/python3.8/site-packages/airflow/example_dags/example_sensors.py
[2024-04-25T06:09:11.530+0000] {logging_mixin.py:188} INFO - [2024-04-25T06:09:11.529+0000] {dag.py:3036} INFO - Sync 1 DAGs
[2024-04-25T06:09:11.578+0000] {logging_mixin.py:188} INFO - [2024-04-25T06:09:11.577+0000] {dag.py:3823} INFO - Setting next_dagrun for example_sensors to None, run_after=None
[2024-04-25T06:09:11.669+0000] {processor.py:183} INFO - Processing /home/airflow/.local/lib/python3.8/site-packages/airflow/example_dags/example_sensors.py took 0.286 seconds
[2024-04-25T06:09:42.971+0000] {processor.py:161} INFO - Started process (PID=1218) to work on /home/airflow/.local/lib/python3.8/site-packages/airflow/example_dags/example_sensors.py
[2024-04-25T06:09:42.975+0000] {processor.py:830} INFO - Processing file /home/airflow/.local/lib/python3.8/site-packages/airflow/example_dags/example_sensors.py for tasks to queue
[2024-04-25T06:09:42.981+0000] {logging_mixin.py:188} INFO - [2024-04-25T06:09:42.980+0000] {dagbag.py:538} INFO - Filling up the DagBag from /home/airflow/.local/lib/python3.8/site-packages/airflow/example_dags/example_sensors.py
[2024-04-25T06:09:43.017+0000] {processor.py:840} INFO - DAG(s) 'example_sensors' retrieved from /home/airflow/.local/lib/python3.8/site-packages/airflow/example_dags/example_sensors.py
[2024-04-25T06:09:43.148+0000] {logging_mixin.py:188} INFO - [2024-04-25T06:09:43.147+0000] {dag.py:3036} INFO - Sync 1 DAGs
[2024-04-25T06:09:43.203+0000] {logging_mixin.py:188} INFO - [2024-04-25T06:09:43.202+0000] {dag.py:3823} INFO - Setting next_dagrun for example_sensors to None, run_after=None
[2024-04-25T06:09:43.274+0000] {processor.py:183} INFO - Processing /home/airflow/.local/lib/python3.8/site-packages/airflow/example_dags/example_sensors.py took 0.314 seconds
[2024-04-25T06:10:14.498+0000] {processor.py:161} INFO - Started process (PID=1277) to work on /home/airflow/.local/lib/python3.8/site-packages/airflow/example_dags/example_sensors.py
[2024-04-25T06:10:14.504+0000] {processor.py:830} INFO - Processing file /home/airflow/.local/lib/python3.8/site-packages/airflow/example_dags/example_sensors.py for tasks to queue
[2024-04-25T06:10:14.511+0000] {logging_mixin.py:188} INFO - [2024-04-25T06:10:14.510+0000] {dagbag.py:538} INFO - Filling up the DagBag from /home/airflow/.local/lib/python3.8/site-packages/airflow/example_dags/example_sensors.py
[2024-04-25T06:10:14.536+0000] {processor.py:840} INFO - DAG(s) 'example_sensors' retrieved from /home/airflow/.local/lib/python3.8/site-packages/airflow/example_dags/example_sensors.py
[2024-04-25T06:10:14.613+0000] {logging_mixin.py:188} INFO - [2024-04-25T06:10:14.613+0000] {dag.py:3036} INFO - Sync 1 DAGs
[2024-04-25T06:10:14.645+0000] {logging_mixin.py:188} INFO - [2024-04-25T06:10:14.644+0000] {dag.py:3823} INFO - Setting next_dagrun for example_sensors to None, run_after=None
[2024-04-25T06:10:14.729+0000] {processor.py:183} INFO - Processing /home/airflow/.local/lib/python3.8/site-packages/airflow/example_dags/example_sensors.py took 0.242 seconds
[2024-04-25T06:52:41.402+0000] {processor.py:161} INFO - Started process (PID=111) to work on /home/airflow/.local/lib/python3.8/site-packages/airflow/example_dags/example_sensors.py
[2024-04-25T06:52:41.433+0000] {processor.py:830} INFO - Processing file /home/airflow/.local/lib/python3.8/site-packages/airflow/example_dags/example_sensors.py for tasks to queue
[2024-04-25T06:52:41.460+0000] {logging_mixin.py:188} INFO - [2024-04-25T06:52:41.456+0000] {dagbag.py:538} INFO - Filling up the DagBag from /home/airflow/.local/lib/python3.8/site-packages/airflow/example_dags/example_sensors.py
[2024-04-25T06:52:42.069+0000] {processor.py:840} INFO - DAG(s) 'example_sensors' retrieved from /home/airflow/.local/lib/python3.8/site-packages/airflow/example_dags/example_sensors.py
[2024-04-25T06:52:44.712+0000] {logging_mixin.py:188} INFO - [2024-04-25T06:52:44.696+0000] {dag.py:3036} INFO - Sync 1 DAGs
[2024-04-25T06:52:45.016+0000] {logging_mixin.py:188} INFO - [2024-04-25T06:52:45.001+0000] {dag.py:3823} INFO - Setting next_dagrun for example_sensors to None, run_after=None
[2024-04-25T06:52:45.538+0000] {processor.py:183} INFO - Processing /home/airflow/.local/lib/python3.8/site-packages/airflow/example_dags/example_sensors.py took 4.202 seconds
[2024-04-25T06:53:34.978+0000] {processor.py:161} INFO - Started process (PID=181) to work on /home/airflow/.local/lib/python3.8/site-packages/airflow/example_dags/example_sensors.py
[2024-04-25T06:53:34.987+0000] {processor.py:830} INFO - Processing file /home/airflow/.local/lib/python3.8/site-packages/airflow/example_dags/example_sensors.py for tasks to queue
[2024-04-25T06:53:34.996+0000] {logging_mixin.py:188} INFO - [2024-04-25T06:53:34.994+0000] {dagbag.py:538} INFO - Filling up the DagBag from /home/airflow/.local/lib/python3.8/site-packages/airflow/example_dags/example_sensors.py
[2024-04-25T06:53:35.069+0000] {processor.py:840} INFO - DAG(s) 'example_sensors' retrieved from /home/airflow/.local/lib/python3.8/site-packages/airflow/example_dags/example_sensors.py
[2024-04-25T06:53:35.213+0000] {logging_mixin.py:188} INFO - [2024-04-25T06:53:35.210+0000] {dag.py:3036} INFO - Sync 1 DAGs
[2024-04-25T06:53:35.338+0000] {logging_mixin.py:188} INFO - [2024-04-25T06:53:35.337+0000] {dag.py:3823} INFO - Setting next_dagrun for example_sensors to None, run_after=None
[2024-04-25T06:53:35.450+0000] {processor.py:183} INFO - Processing /home/airflow/.local/lib/python3.8/site-packages/airflow/example_dags/example_sensors.py took 0.506 seconds
[2024-04-25T06:54:11.827+0000] {processor.py:161} INFO - Started process (PID=257) to work on /home/airflow/.local/lib/python3.8/site-packages/airflow/example_dags/example_sensors.py
[2024-04-25T06:54:11.907+0000] {processor.py:830} INFO - Processing file /home/airflow/.local/lib/python3.8/site-packages/airflow/example_dags/example_sensors.py for tasks to queue
[2024-04-25T06:54:11.942+0000] {logging_mixin.py:188} INFO - [2024-04-25T06:54:11.941+0000] {dagbag.py:538} INFO - Filling up the DagBag from /home/airflow/.local/lib/python3.8/site-packages/airflow/example_dags/example_sensors.py
[2024-04-25T06:54:11.986+0000] {processor.py:840} INFO - DAG(s) 'example_sensors' retrieved from /home/airflow/.local/lib/python3.8/site-packages/airflow/example_dags/example_sensors.py
[2024-04-25T06:54:12.441+0000] {logging_mixin.py:188} INFO - [2024-04-25T06:54:12.439+0000] {dag.py:3036} INFO - Sync 1 DAGs
[2024-04-25T06:54:12.587+0000] {logging_mixin.py:188} INFO - [2024-04-25T06:54:12.585+0000] {dag.py:3823} INFO - Setting next_dagrun for example_sensors to None, run_after=None
[2024-04-25T06:54:12.911+0000] {processor.py:183} INFO - Processing /home/airflow/.local/lib/python3.8/site-packages/airflow/example_dags/example_sensors.py took 1.253 seconds
[2024-04-25T06:54:48.681+0000] {processor.py:161} INFO - Started process (PID=327) to work on /home/airflow/.local/lib/python3.8/site-packages/airflow/example_dags/example_sensors.py
[2024-04-25T06:54:48.696+0000] {processor.py:830} INFO - Processing file /home/airflow/.local/lib/python3.8/site-packages/airflow/example_dags/example_sensors.py for tasks to queue
[2024-04-25T06:54:48.704+0000] {logging_mixin.py:188} INFO - [2024-04-25T06:54:48.703+0000] {dagbag.py:538} INFO - Filling up the DagBag from /home/airflow/.local/lib/python3.8/site-packages/airflow/example_dags/example_sensors.py
[2024-04-25T06:54:48.997+0000] {processor.py:840} INFO - DAG(s) 'example_sensors' retrieved from /home/airflow/.local/lib/python3.8/site-packages/airflow/example_dags/example_sensors.py
[2024-04-25T06:54:49.168+0000] {logging_mixin.py:188} INFO - [2024-04-25T06:54:49.166+0000] {dag.py:3036} INFO - Sync 1 DAGs
[2024-04-25T06:54:49.223+0000] {logging_mixin.py:188} INFO - [2024-04-25T06:54:49.222+0000] {dag.py:3823} INFO - Setting next_dagrun for example_sensors to None, run_after=None
[2024-04-25T06:54:49.409+0000] {processor.py:183} INFO - Processing /home/airflow/.local/lib/python3.8/site-packages/airflow/example_dags/example_sensors.py took 0.768 seconds
[2024-04-25T06:55:24.398+0000] {processor.py:161} INFO - Started process (PID=396) to work on /home/airflow/.local/lib/python3.8/site-packages/airflow/example_dags/example_sensors.py
[2024-04-25T06:55:24.406+0000] {processor.py:830} INFO - Processing file /home/airflow/.local/lib/python3.8/site-packages/airflow/example_dags/example_sensors.py for tasks to queue
[2024-04-25T06:55:24.418+0000] {logging_mixin.py:188} INFO - [2024-04-25T06:55:24.416+0000] {dagbag.py:538} INFO - Filling up the DagBag from /home/airflow/.local/lib/python3.8/site-packages/airflow/example_dags/example_sensors.py
[2024-04-25T06:55:24.574+0000] {processor.py:840} INFO - DAG(s) 'example_sensors' retrieved from /home/airflow/.local/lib/python3.8/site-packages/airflow/example_dags/example_sensors.py
[2024-04-25T06:55:24.851+0000] {logging_mixin.py:188} INFO - [2024-04-25T06:55:24.844+0000] {dag.py:3036} INFO - Sync 1 DAGs
[2024-04-25T06:55:24.967+0000] {logging_mixin.py:188} INFO - [2024-04-25T06:55:24.966+0000] {dag.py:3823} INFO - Setting next_dagrun for example_sensors to None, run_after=None
[2024-04-25T06:55:25.118+0000] {processor.py:183} INFO - Processing /home/airflow/.local/lib/python3.8/site-packages/airflow/example_dags/example_sensors.py took 0.735 seconds
[2024-04-25T06:56:01.465+0000] {processor.py:161} INFO - Started process (PID=466) to work on /home/airflow/.local/lib/python3.8/site-packages/airflow/example_dags/example_sensors.py
[2024-04-25T06:56:01.475+0000] {processor.py:830} INFO - Processing file /home/airflow/.local/lib/python3.8/site-packages/airflow/example_dags/example_sensors.py for tasks to queue
[2024-04-25T06:56:01.485+0000] {logging_mixin.py:188} INFO - [2024-04-25T06:56:01.484+0000] {dagbag.py:538} INFO - Filling up the DagBag from /home/airflow/.local/lib/python3.8/site-packages/airflow/example_dags/example_sensors.py
[2024-04-25T06:56:01.548+0000] {processor.py:840} INFO - DAG(s) 'example_sensors' retrieved from /home/airflow/.local/lib/python3.8/site-packages/airflow/example_dags/example_sensors.py
[2024-04-25T06:56:01.660+0000] {logging_mixin.py:188} INFO - [2024-04-25T06:56:01.658+0000] {dag.py:3036} INFO - Sync 1 DAGs
[2024-04-25T06:56:01.737+0000] {logging_mixin.py:188} INFO - [2024-04-25T06:56:01.736+0000] {dag.py:3823} INFO - Setting next_dagrun for example_sensors to None, run_after=None
[2024-04-25T06:56:02.143+0000] {processor.py:183} INFO - Processing /home/airflow/.local/lib/python3.8/site-packages/airflow/example_dags/example_sensors.py took 0.697 seconds
[2024-04-25T06:56:39.397+0000] {processor.py:161} INFO - Started process (PID=536) to work on /home/airflow/.local/lib/python3.8/site-packages/airflow/example_dags/example_sensors.py
[2024-04-25T06:56:39.408+0000] {processor.py:830} INFO - Processing file /home/airflow/.local/lib/python3.8/site-packages/airflow/example_dags/example_sensors.py for tasks to queue
[2024-04-25T06:56:39.423+0000] {logging_mixin.py:188} INFO - [2024-04-25T06:56:39.421+0000] {dagbag.py:538} INFO - Filling up the DagBag from /home/airflow/.local/lib/python3.8/site-packages/airflow/example_dags/example_sensors.py
[2024-04-25T06:56:39.477+0000] {processor.py:840} INFO - DAG(s) 'example_sensors' retrieved from /home/airflow/.local/lib/python3.8/site-packages/airflow/example_dags/example_sensors.py
[2024-04-25T06:56:39.753+0000] {logging_mixin.py:188} INFO - [2024-04-25T06:56:39.749+0000] {dag.py:3036} INFO - Sync 1 DAGs
[2024-04-25T06:56:39.838+0000] {logging_mixin.py:188} INFO - [2024-04-25T06:56:39.837+0000] {dag.py:3823} INFO - Setting next_dagrun for example_sensors to None, run_after=None
[2024-04-25T06:56:39.933+0000] {processor.py:183} INFO - Processing /home/airflow/.local/lib/python3.8/site-packages/airflow/example_dags/example_sensors.py took 0.562 seconds
[2024-04-25T06:57:39.098+0000] {processor.py:161} INFO - Started process (PID=614) to work on /home/airflow/.local/lib/python3.8/site-packages/airflow/example_dags/example_sensors.py
[2024-04-25T06:57:39.119+0000] {processor.py:830} INFO - Processing file /home/airflow/.local/lib/python3.8/site-packages/airflow/example_dags/example_sensors.py for tasks to queue
[2024-04-25T06:57:39.139+0000] {logging_mixin.py:188} INFO - [2024-04-25T06:57:39.138+0000] {dagbag.py:538} INFO - Filling up the DagBag from /home/airflow/.local/lib/python3.8/site-packages/airflow/example_dags/example_sensors.py
[2024-04-25T06:57:39.321+0000] {processor.py:840} INFO - DAG(s) 'example_sensors' retrieved from /home/airflow/.local/lib/python3.8/site-packages/airflow/example_dags/example_sensors.py
[2024-04-25T06:57:39.813+0000] {logging_mixin.py:188} INFO - [2024-04-25T06:57:39.812+0000] {dag.py:3036} INFO - Sync 1 DAGs
[2024-04-25T06:57:40.124+0000] {logging_mixin.py:188} INFO - [2024-04-25T06:57:40.123+0000] {dag.py:3823} INFO - Setting next_dagrun for example_sensors to None, run_after=None
[2024-04-25T06:57:40.345+0000] {processor.py:183} INFO - Processing /home/airflow/.local/lib/python3.8/site-packages/airflow/example_dags/example_sensors.py took 1.275 seconds
[2024-04-25T07:04:55.750+0000] {processor.py:161} INFO - Started process (PID=755) to work on /home/airflow/.local/lib/python3.8/site-packages/airflow/example_dags/example_sensors.py
[2024-04-25T07:04:55.911+0000] {processor.py:830} INFO - Processing file /home/airflow/.local/lib/python3.8/site-packages/airflow/example_dags/example_sensors.py for tasks to queue
[2024-04-25T07:04:55.975+0000] {logging_mixin.py:188} INFO - [2024-04-25T07:04:55.973+0000] {dagbag.py:538} INFO - Filling up the DagBag from /home/airflow/.local/lib/python3.8/site-packages/airflow/example_dags/example_sensors.py
[2024-04-25T07:04:57.273+0000] {processor.py:840} INFO - DAG(s) 'example_sensors' retrieved from /home/airflow/.local/lib/python3.8/site-packages/airflow/example_dags/example_sensors.py
[2024-04-25T07:05:00.163+0000] {logging_mixin.py:188} INFO - [2024-04-25T07:05:00.145+0000] {dag.py:3036} INFO - Sync 1 DAGs
[2024-04-25T07:05:01.901+0000] {logging_mixin.py:188} INFO - [2024-04-25T07:05:01.863+0000] {dag.py:3823} INFO - Setting next_dagrun for example_sensors to None, run_after=None
[2024-04-25T07:05:04.922+0000] {processor.py:183} INFO - Processing /home/airflow/.local/lib/python3.8/site-packages/airflow/example_dags/example_sensors.py took 9.128 seconds
[2024-04-25T07:51:08.902+0000] {processor.py:161} INFO - Started process (PID=70) to work on /home/airflow/.local/lib/python3.8/site-packages/airflow/example_dags/example_sensors.py
[2024-04-25T07:51:08.910+0000] {processor.py:830} INFO - Processing file /home/airflow/.local/lib/python3.8/site-packages/airflow/example_dags/example_sensors.py for tasks to queue
[2024-04-25T07:51:08.920+0000] {logging_mixin.py:188} INFO - [2024-04-25T07:51:08.918+0000] {dagbag.py:538} INFO - Filling up the DagBag from /home/airflow/.local/lib/python3.8/site-packages/airflow/example_dags/example_sensors.py
[2024-04-25T07:51:08.980+0000] {processor.py:840} INFO - DAG(s) 'example_sensors' retrieved from /home/airflow/.local/lib/python3.8/site-packages/airflow/example_dags/example_sensors.py
[2024-04-25T07:51:09.460+0000] {logging_mixin.py:188} INFO - [2024-04-25T07:51:09.458+0000] {dag.py:3036} INFO - Sync 1 DAGs
[2024-04-25T07:51:09.506+0000] {logging_mixin.py:188} INFO - [2024-04-25T07:51:09.505+0000] {dag.py:3823} INFO - Setting next_dagrun for example_sensors to None, run_after=None
[2024-04-25T07:51:09.604+0000] {processor.py:183} INFO - Processing /home/airflow/.local/lib/python3.8/site-packages/airflow/example_dags/example_sensors.py took 0.714 seconds
[2024-04-25T07:51:42.304+0000] {processor.py:161} INFO - Started process (PID=140) to work on /home/airflow/.local/lib/python3.8/site-packages/airflow/example_dags/example_sensors.py
[2024-04-25T07:51:42.315+0000] {processor.py:830} INFO - Processing file /home/airflow/.local/lib/python3.8/site-packages/airflow/example_dags/example_sensors.py for tasks to queue
[2024-04-25T07:51:42.330+0000] {logging_mixin.py:188} INFO - [2024-04-25T07:51:42.328+0000] {dagbag.py:538} INFO - Filling up the DagBag from /home/airflow/.local/lib/python3.8/site-packages/airflow/example_dags/example_sensors.py
[2024-04-25T07:51:42.424+0000] {processor.py:840} INFO - DAG(s) 'example_sensors' retrieved from /home/airflow/.local/lib/python3.8/site-packages/airflow/example_dags/example_sensors.py
[2024-04-25T07:51:42.596+0000] {logging_mixin.py:188} INFO - [2024-04-25T07:51:42.595+0000] {dag.py:3036} INFO - Sync 1 DAGs
[2024-04-25T07:51:42.704+0000] {logging_mixin.py:188} INFO - [2024-04-25T07:51:42.703+0000] {dag.py:3823} INFO - Setting next_dagrun for example_sensors to None, run_after=None
[2024-04-25T07:51:42.831+0000] {processor.py:183} INFO - Processing /home/airflow/.local/lib/python3.8/site-packages/airflow/example_dags/example_sensors.py took 0.546 seconds
[2024-04-25T07:52:22.111+0000] {processor.py:161} INFO - Started process (PID=210) to work on /home/airflow/.local/lib/python3.8/site-packages/airflow/example_dags/example_sensors.py
[2024-04-25T07:52:22.121+0000] {processor.py:830} INFO - Processing file /home/airflow/.local/lib/python3.8/site-packages/airflow/example_dags/example_sensors.py for tasks to queue
[2024-04-25T07:52:22.130+0000] {logging_mixin.py:188} INFO - [2024-04-25T07:52:22.128+0000] {dagbag.py:538} INFO - Filling up the DagBag from /home/airflow/.local/lib/python3.8/site-packages/airflow/example_dags/example_sensors.py
[2024-04-25T07:52:22.226+0000] {processor.py:840} INFO - DAG(s) 'example_sensors' retrieved from /home/airflow/.local/lib/python3.8/site-packages/airflow/example_dags/example_sensors.py
[2024-04-25T07:52:22.398+0000] {logging_mixin.py:188} INFO - [2024-04-25T07:52:22.397+0000] {dag.py:3036} INFO - Sync 1 DAGs
[2024-04-25T07:52:22.527+0000] {logging_mixin.py:188} INFO - [2024-04-25T07:52:22.526+0000] {dag.py:3823} INFO - Setting next_dagrun for example_sensors to None, run_after=None
[2024-04-25T07:52:22.853+0000] {processor.py:183} INFO - Processing /home/airflow/.local/lib/python3.8/site-packages/airflow/example_dags/example_sensors.py took 0.783 seconds
[2024-04-25T07:52:53.685+0000] {processor.py:161} INFO - Started process (PID=280) to work on /home/airflow/.local/lib/python3.8/site-packages/airflow/example_dags/example_sensors.py
[2024-04-25T07:52:53.689+0000] {processor.py:830} INFO - Processing file /home/airflow/.local/lib/python3.8/site-packages/airflow/example_dags/example_sensors.py for tasks to queue
[2024-04-25T07:52:53.696+0000] {logging_mixin.py:188} INFO - [2024-04-25T07:52:53.695+0000] {dagbag.py:538} INFO - Filling up the DagBag from /home/airflow/.local/lib/python3.8/site-packages/airflow/example_dags/example_sensors.py
[2024-04-25T07:52:53.730+0000] {processor.py:840} INFO - DAG(s) 'example_sensors' retrieved from /home/airflow/.local/lib/python3.8/site-packages/airflow/example_dags/example_sensors.py
[2024-04-25T07:52:53.813+0000] {logging_mixin.py:188} INFO - [2024-04-25T07:52:53.812+0000] {dag.py:3036} INFO - Sync 1 DAGs
[2024-04-25T07:52:53.847+0000] {logging_mixin.py:188} INFO - [2024-04-25T07:52:53.846+0000] {dag.py:3823} INFO - Setting next_dagrun for example_sensors to None, run_after=None
[2024-04-25T07:52:53.915+0000] {processor.py:183} INFO - Processing /home/airflow/.local/lib/python3.8/site-packages/airflow/example_dags/example_sensors.py took 0.239 seconds
[2024-04-25T07:53:32.382+0000] {processor.py:161} INFO - Started process (PID=356) to work on /home/airflow/.local/lib/python3.8/site-packages/airflow/example_dags/example_sensors.py
[2024-04-25T07:53:32.394+0000] {processor.py:830} INFO - Processing file /home/airflow/.local/lib/python3.8/site-packages/airflow/example_dags/example_sensors.py for tasks to queue
[2024-04-25T07:53:32.408+0000] {logging_mixin.py:188} INFO - [2024-04-25T07:53:32.407+0000] {dagbag.py:538} INFO - Filling up the DagBag from /home/airflow/.local/lib/python3.8/site-packages/airflow/example_dags/example_sensors.py
[2024-04-25T07:53:32.465+0000] {processor.py:840} INFO - DAG(s) 'example_sensors' retrieved from /home/airflow/.local/lib/python3.8/site-packages/airflow/example_dags/example_sensors.py
[2024-04-25T07:53:32.649+0000] {logging_mixin.py:188} INFO - [2024-04-25T07:53:32.648+0000] {dag.py:3036} INFO - Sync 1 DAGs
[2024-04-25T07:53:32.691+0000] {logging_mixin.py:188} INFO - [2024-04-25T07:53:32.691+0000] {dag.py:3823} INFO - Setting next_dagrun for example_sensors to None, run_after=None
[2024-04-25T07:53:32.764+0000] {processor.py:183} INFO - Processing /home/airflow/.local/lib/python3.8/site-packages/airflow/example_dags/example_sensors.py took 0.401 seconds
