[2024-04-25T05:58:50.875+0000] {processor.py:161} INFO - Started process (PID=86) to work on /home/airflow/.local/lib/python3.8/site-packages/airflow/example_dags/example_branch_datetime_operator.py
[2024-04-25T05:58:50.906+0000] {processor.py:830} INFO - Processing file /home/airflow/.local/lib/python3.8/site-packages/airflow/example_dags/example_branch_datetime_operator.py for tasks to queue
[2024-04-25T05:58:50.955+0000] {logging_mixin.py:188} INFO - [2024-04-25T05:58:50.937+0000] {dagbag.py:538} INFO - Filling up the DagBag from /home/airflow/.local/lib/python3.8/site-packages/airflow/example_dags/example_branch_datetime_operator.py
[2024-04-25T05:58:51.228+0000] {processor.py:840} INFO - DAG(s) 'example_branch_datetime_operator', 'example_branch_datetime_operator_3', 'example_branch_datetime_operator_2' retrieved from /home/airflow/.local/lib/python3.8/site-packages/airflow/example_dags/example_branch_datetime_operator.py
[2024-04-25T05:58:53.406+0000] {logging_mixin.py:188} INFO - [2024-04-25T05:58:53.404+0000] {dag.py:3036} INFO - Sync 3 DAGs
[2024-04-25T05:58:53.658+0000] {logging_mixin.py:188} INFO - [2024-04-25T05:58:53.657+0000] {dag.py:3823} INFO - Setting next_dagrun for example_branch_datetime_operator to 2024-04-24 00:00:00+00:00, run_after=2024-04-25 00:00:00+00:00
[2024-04-25T05:58:53.696+0000] {logging_mixin.py:188} INFO - [2024-04-25T05:58:53.695+0000] {dag.py:3823} INFO - Setting next_dagrun for example_branch_datetime_operator_2 to 2024-04-24 00:00:00+00:00, run_after=2024-04-25 00:00:00+00:00
[2024-04-25T05:58:53.711+0000] {logging_mixin.py:188} INFO - [2024-04-25T05:58:53.710+0000] {dag.py:3823} INFO - Setting next_dagrun for example_branch_datetime_operator_3 to 2024-04-24 00:00:00+00:00, run_after=2024-04-25 00:00:00+00:00
[2024-04-25T05:58:53.815+0000] {processor.py:183} INFO - Processing /home/airflow/.local/lib/python3.8/site-packages/airflow/example_dags/example_branch_datetime_operator.py took 3.101 seconds
[2024-04-25T05:59:31.171+0000] {processor.py:161} INFO - Started process (PID=145) to work on /home/airflow/.local/lib/python3.8/site-packages/airflow/example_dags/example_branch_datetime_operator.py
[2024-04-25T05:59:31.178+0000] {processor.py:830} INFO - Processing file /home/airflow/.local/lib/python3.8/site-packages/airflow/example_dags/example_branch_datetime_operator.py for tasks to queue
[2024-04-25T05:59:31.189+0000] {logging_mixin.py:188} INFO - [2024-04-25T05:59:31.187+0000] {dagbag.py:538} INFO - Filling up the DagBag from /home/airflow/.local/lib/python3.8/site-packages/airflow/example_dags/example_branch_datetime_operator.py
[2024-04-25T05:59:31.470+0000] {processor.py:840} INFO - DAG(s) 'example_branch_datetime_operator_2', 'example_branch_datetime_operator', 'example_branch_datetime_operator_3' retrieved from /home/airflow/.local/lib/python3.8/site-packages/airflow/example_dags/example_branch_datetime_operator.py
[2024-04-25T05:59:31.772+0000] {logging_mixin.py:188} INFO - [2024-04-25T05:59:31.771+0000] {dag.py:3036} INFO - Sync 3 DAGs
[2024-04-25T05:59:31.927+0000] {logging_mixin.py:188} INFO - [2024-04-25T05:59:31.923+0000] {dag.py:3823} INFO - Setting next_dagrun for example_branch_datetime_operator to 2024-04-24 00:00:00+00:00, run_after=2024-04-25 00:00:00+00:00
[2024-04-25T05:59:32.057+0000] {logging_mixin.py:188} INFO - [2024-04-25T05:59:32.057+0000] {dag.py:3823} INFO - Setting next_dagrun for example_branch_datetime_operator_2 to 2024-04-24 00:00:00+00:00, run_after=2024-04-25 00:00:00+00:00
[2024-04-25T05:59:32.093+0000] {logging_mixin.py:188} INFO - [2024-04-25T05:59:32.092+0000] {dag.py:3823} INFO - Setting next_dagrun for example_branch_datetime_operator_3 to 2024-04-24 00:00:00+00:00, run_after=2024-04-25 00:00:00+00:00
[2024-04-25T05:59:32.223+0000] {processor.py:183} INFO - Processing /home/airflow/.local/lib/python3.8/site-packages/airflow/example_dags/example_branch_datetime_operator.py took 1.219 seconds
[2024-04-25T06:00:24.006+0000] {processor.py:161} INFO - Started process (PID=197) to work on /home/airflow/.local/lib/python3.8/site-packages/airflow/example_dags/example_branch_datetime_operator.py
[2024-04-25T06:00:24.013+0000] {processor.py:830} INFO - Processing file /home/airflow/.local/lib/python3.8/site-packages/airflow/example_dags/example_branch_datetime_operator.py for tasks to queue
[2024-04-25T06:00:24.026+0000] {logging_mixin.py:188} INFO - [2024-04-25T06:00:24.023+0000] {dagbag.py:538} INFO - Filling up the DagBag from /home/airflow/.local/lib/python3.8/site-packages/airflow/example_dags/example_branch_datetime_operator.py
[2024-04-25T06:00:24.155+0000] {processor.py:840} INFO - DAG(s) 'example_branch_datetime_operator_2', 'example_branch_datetime_operator_3', 'example_branch_datetime_operator' retrieved from /home/airflow/.local/lib/python3.8/site-packages/airflow/example_dags/example_branch_datetime_operator.py
[2024-04-25T06:00:25.275+0000] {logging_mixin.py:188} INFO - [2024-04-25T06:00:25.273+0000] {dag.py:3036} INFO - Sync 3 DAGs
[2024-04-25T06:00:26.831+0000] {logging_mixin.py:188} INFO - [2024-04-25T06:00:26.823+0000] {dag.py:3823} INFO - Setting next_dagrun for example_branch_datetime_operator to 2024-04-24 00:00:00+00:00, run_after=2024-04-25 00:00:00+00:00
[2024-04-25T06:00:27.208+0000] {logging_mixin.py:188} INFO - [2024-04-25T06:00:27.207+0000] {dag.py:3823} INFO - Setting next_dagrun for example_branch_datetime_operator_2 to 2024-04-24 00:00:00+00:00, run_after=2024-04-25 00:00:00+00:00
[2024-04-25T06:00:27.334+0000] {logging_mixin.py:188} INFO - [2024-04-25T06:00:27.261+0000] {dag.py:3823} INFO - Setting next_dagrun for example_branch_datetime_operator_3 to 2024-04-24 00:00:00+00:00, run_after=2024-04-25 00:00:00+00:00
[2024-04-25T06:00:27.819+0000] {processor.py:183} INFO - Processing /home/airflow/.local/lib/python3.8/site-packages/airflow/example_dags/example_branch_datetime_operator.py took 3.829 seconds
[2024-04-25T06:01:07.012+0000] {processor.py:161} INFO - Started process (PID=262) to work on /home/airflow/.local/lib/python3.8/site-packages/airflow/example_dags/example_branch_datetime_operator.py
[2024-04-25T06:01:07.019+0000] {processor.py:830} INFO - Processing file /home/airflow/.local/lib/python3.8/site-packages/airflow/example_dags/example_branch_datetime_operator.py for tasks to queue
[2024-04-25T06:01:07.039+0000] {logging_mixin.py:188} INFO - [2024-04-25T06:01:07.036+0000] {dagbag.py:538} INFO - Filling up the DagBag from /home/airflow/.local/lib/python3.8/site-packages/airflow/example_dags/example_branch_datetime_operator.py
[2024-04-25T06:01:07.123+0000] {processor.py:840} INFO - DAG(s) 'example_branch_datetime_operator', 'example_branch_datetime_operator_2', 'example_branch_datetime_operator_3' retrieved from /home/airflow/.local/lib/python3.8/site-packages/airflow/example_dags/example_branch_datetime_operator.py
[2024-04-25T06:01:07.257+0000] {logging_mixin.py:188} INFO - [2024-04-25T06:01:07.257+0000] {dag.py:3036} INFO - Sync 3 DAGs
[2024-04-25T06:01:07.396+0000] {logging_mixin.py:188} INFO - [2024-04-25T06:01:07.395+0000] {dag.py:3823} INFO - Setting next_dagrun for example_branch_datetime_operator to 2024-04-24 00:00:00+00:00, run_after=2024-04-25 00:00:00+00:00
[2024-04-25T06:01:07.424+0000] {logging_mixin.py:188} INFO - [2024-04-25T06:01:07.423+0000] {dag.py:3823} INFO - Setting next_dagrun for example_branch_datetime_operator_2 to 2024-04-24 00:00:00+00:00, run_after=2024-04-25 00:00:00+00:00
[2024-04-25T06:01:07.440+0000] {logging_mixin.py:188} INFO - [2024-04-25T06:01:07.439+0000] {dag.py:3823} INFO - Setting next_dagrun for example_branch_datetime_operator_3 to 2024-04-24 00:00:00+00:00, run_after=2024-04-25 00:00:00+00:00
[2024-04-25T06:01:07.514+0000] {processor.py:183} INFO - Processing /home/airflow/.local/lib/python3.8/site-packages/airflow/example_dags/example_branch_datetime_operator.py took 0.523 seconds
[2024-04-25T06:01:48.974+0000] {processor.py:161} INFO - Started process (PID=322) to work on /home/airflow/.local/lib/python3.8/site-packages/airflow/example_dags/example_branch_datetime_operator.py
[2024-04-25T06:01:48.983+0000] {processor.py:830} INFO - Processing file /home/airflow/.local/lib/python3.8/site-packages/airflow/example_dags/example_branch_datetime_operator.py for tasks to queue
[2024-04-25T06:01:49.005+0000] {logging_mixin.py:188} INFO - [2024-04-25T06:01:48.999+0000] {dagbag.py:538} INFO - Filling up the DagBag from /home/airflow/.local/lib/python3.8/site-packages/airflow/example_dags/example_branch_datetime_operator.py
[2024-04-25T06:01:49.115+0000] {processor.py:840} INFO - DAG(s) 'example_branch_datetime_operator_3', 'example_branch_datetime_operator_2', 'example_branch_datetime_operator' retrieved from /home/airflow/.local/lib/python3.8/site-packages/airflow/example_dags/example_branch_datetime_operator.py
[2024-04-25T06:01:49.323+0000] {logging_mixin.py:188} INFO - [2024-04-25T06:01:49.322+0000] {dag.py:3036} INFO - Sync 3 DAGs
[2024-04-25T06:01:49.734+0000] {logging_mixin.py:188} INFO - [2024-04-25T06:01:49.730+0000] {dag.py:3823} INFO - Setting next_dagrun for example_branch_datetime_operator to 2024-04-24 00:00:00+00:00, run_after=2024-04-25 00:00:00+00:00
[2024-04-25T06:01:49.808+0000] {logging_mixin.py:188} INFO - [2024-04-25T06:01:49.806+0000] {dag.py:3823} INFO - Setting next_dagrun for example_branch_datetime_operator_2 to 2024-04-24 00:00:00+00:00, run_after=2024-04-25 00:00:00+00:00
[2024-04-25T06:01:49.868+0000] {logging_mixin.py:188} INFO - [2024-04-25T06:01:49.867+0000] {dag.py:3823} INFO - Setting next_dagrun for example_branch_datetime_operator_3 to 2024-04-24 00:00:00+00:00, run_after=2024-04-25 00:00:00+00:00
[2024-04-25T06:01:49.987+0000] {processor.py:183} INFO - Processing /home/airflow/.local/lib/python3.8/site-packages/airflow/example_dags/example_branch_datetime_operator.py took 1.056 seconds
[2024-04-25T06:02:21.398+0000] {processor.py:161} INFO - Started process (PID=381) to work on /home/airflow/.local/lib/python3.8/site-packages/airflow/example_dags/example_branch_datetime_operator.py
[2024-04-25T06:02:21.403+0000] {processor.py:830} INFO - Processing file /home/airflow/.local/lib/python3.8/site-packages/airflow/example_dags/example_branch_datetime_operator.py for tasks to queue
[2024-04-25T06:02:21.412+0000] {logging_mixin.py:188} INFO - [2024-04-25T06:02:21.411+0000] {dagbag.py:538} INFO - Filling up the DagBag from /home/airflow/.local/lib/python3.8/site-packages/airflow/example_dags/example_branch_datetime_operator.py
[2024-04-25T06:02:21.467+0000] {processor.py:840} INFO - DAG(s) 'example_branch_datetime_operator_3', 'example_branch_datetime_operator', 'example_branch_datetime_operator_2' retrieved from /home/airflow/.local/lib/python3.8/site-packages/airflow/example_dags/example_branch_datetime_operator.py
[2024-04-25T06:02:21.592+0000] {logging_mixin.py:188} INFO - [2024-04-25T06:02:21.591+0000] {dag.py:3036} INFO - Sync 3 DAGs
[2024-04-25T06:02:21.697+0000] {logging_mixin.py:188} INFO - [2024-04-25T06:02:21.696+0000] {dag.py:3823} INFO - Setting next_dagrun for example_branch_datetime_operator to 2024-04-24 00:00:00+00:00, run_after=2024-04-25 00:00:00+00:00
[2024-04-25T06:02:21.722+0000] {logging_mixin.py:188} INFO - [2024-04-25T06:02:21.721+0000] {dag.py:3823} INFO - Setting next_dagrun for example_branch_datetime_operator_2 to 2024-04-24 00:00:00+00:00, run_after=2024-04-25 00:00:00+00:00
[2024-04-25T06:02:21.735+0000] {logging_mixin.py:188} INFO - [2024-04-25T06:02:21.734+0000] {dag.py:3823} INFO - Setting next_dagrun for example_branch_datetime_operator_3 to 2024-04-24 00:00:00+00:00, run_after=2024-04-25 00:00:00+00:00
[2024-04-25T06:02:21.804+0000] {processor.py:183} INFO - Processing /home/airflow/.local/lib/python3.8/site-packages/airflow/example_dags/example_branch_datetime_operator.py took 0.418 seconds
[2024-04-25T06:02:58.638+0000] {processor.py:161} INFO - Started process (PID=440) to work on /home/airflow/.local/lib/python3.8/site-packages/airflow/example_dags/example_branch_datetime_operator.py
[2024-04-25T06:02:58.646+0000] {processor.py:830} INFO - Processing file /home/airflow/.local/lib/python3.8/site-packages/airflow/example_dags/example_branch_datetime_operator.py for tasks to queue
[2024-04-25T06:02:58.655+0000] {logging_mixin.py:188} INFO - [2024-04-25T06:02:58.654+0000] {dagbag.py:538} INFO - Filling up the DagBag from /home/airflow/.local/lib/python3.8/site-packages/airflow/example_dags/example_branch_datetime_operator.py
[2024-04-25T06:02:58.720+0000] {processor.py:840} INFO - DAG(s) 'example_branch_datetime_operator', 'example_branch_datetime_operator_3', 'example_branch_datetime_operator_2' retrieved from /home/airflow/.local/lib/python3.8/site-packages/airflow/example_dags/example_branch_datetime_operator.py
[2024-04-25T06:02:58.898+0000] {logging_mixin.py:188} INFO - [2024-04-25T06:02:58.897+0000] {dag.py:3036} INFO - Sync 3 DAGs
[2024-04-25T06:02:59.055+0000] {logging_mixin.py:188} INFO - [2024-04-25T06:02:59.054+0000] {dag.py:3823} INFO - Setting next_dagrun for example_branch_datetime_operator to 2024-04-24 00:00:00+00:00, run_after=2024-04-25 00:00:00+00:00
[2024-04-25T06:02:59.087+0000] {logging_mixin.py:188} INFO - [2024-04-25T06:02:59.086+0000] {dag.py:3823} INFO - Setting next_dagrun for example_branch_datetime_operator_2 to 2024-04-24 00:00:00+00:00, run_after=2024-04-25 00:00:00+00:00
[2024-04-25T06:02:59.114+0000] {logging_mixin.py:188} INFO - [2024-04-25T06:02:59.113+0000] {dag.py:3823} INFO - Setting next_dagrun for example_branch_datetime_operator_3 to 2024-04-24 00:00:00+00:00, run_after=2024-04-25 00:00:00+00:00
[2024-04-25T06:02:59.218+0000] {processor.py:183} INFO - Processing /home/airflow/.local/lib/python3.8/site-packages/airflow/example_dags/example_branch_datetime_operator.py took 0.596 seconds
[2024-04-25T06:03:29.407+0000] {processor.py:161} INFO - Started process (PID=499) to work on /home/airflow/.local/lib/python3.8/site-packages/airflow/example_dags/example_branch_datetime_operator.py
[2024-04-25T06:03:29.411+0000] {processor.py:830} INFO - Processing file /home/airflow/.local/lib/python3.8/site-packages/airflow/example_dags/example_branch_datetime_operator.py for tasks to queue
[2024-04-25T06:03:29.417+0000] {logging_mixin.py:188} INFO - [2024-04-25T06:03:29.416+0000] {dagbag.py:538} INFO - Filling up the DagBag from /home/airflow/.local/lib/python3.8/site-packages/airflow/example_dags/example_branch_datetime_operator.py
[2024-04-25T06:03:29.459+0000] {processor.py:840} INFO - DAG(s) 'example_branch_datetime_operator', 'example_branch_datetime_operator_2', 'example_branch_datetime_operator_3' retrieved from /home/airflow/.local/lib/python3.8/site-packages/airflow/example_dags/example_branch_datetime_operator.py
[2024-04-25T06:03:29.596+0000] {logging_mixin.py:188} INFO - [2024-04-25T06:03:29.595+0000] {dag.py:3036} INFO - Sync 3 DAGs
[2024-04-25T06:03:29.709+0000] {logging_mixin.py:188} INFO - [2024-04-25T06:03:29.708+0000] {dag.py:3823} INFO - Setting next_dagrun for example_branch_datetime_operator to 2024-04-24 00:00:00+00:00, run_after=2024-04-25 00:00:00+00:00
[2024-04-25T06:03:29.734+0000] {logging_mixin.py:188} INFO - [2024-04-25T06:03:29.733+0000] {dag.py:3823} INFO - Setting next_dagrun for example_branch_datetime_operator_2 to 2024-04-24 00:00:00+00:00, run_after=2024-04-25 00:00:00+00:00
[2024-04-25T06:03:29.747+0000] {logging_mixin.py:188} INFO - [2024-04-25T06:03:29.746+0000] {dag.py:3823} INFO - Setting next_dagrun for example_branch_datetime_operator_3 to 2024-04-24 00:00:00+00:00, run_after=2024-04-25 00:00:00+00:00
[2024-04-25T06:03:29.855+0000] {processor.py:183} INFO - Processing /home/airflow/.local/lib/python3.8/site-packages/airflow/example_dags/example_branch_datetime_operator.py took 0.460 seconds
[2024-04-25T06:04:00.690+0000] {processor.py:161} INFO - Started process (PID=558) to work on /home/airflow/.local/lib/python3.8/site-packages/airflow/example_dags/example_branch_datetime_operator.py
[2024-04-25T06:04:00.692+0000] {processor.py:830} INFO - Processing file /home/airflow/.local/lib/python3.8/site-packages/airflow/example_dags/example_branch_datetime_operator.py for tasks to queue
[2024-04-25T06:04:00.695+0000] {logging_mixin.py:188} INFO - [2024-04-25T06:04:00.694+0000] {dagbag.py:538} INFO - Filling up the DagBag from /home/airflow/.local/lib/python3.8/site-packages/airflow/example_dags/example_branch_datetime_operator.py
[2024-04-25T06:04:00.708+0000] {processor.py:840} INFO - DAG(s) 'example_branch_datetime_operator', 'example_branch_datetime_operator_3', 'example_branch_datetime_operator_2' retrieved from /home/airflow/.local/lib/python3.8/site-packages/airflow/example_dags/example_branch_datetime_operator.py
[2024-04-25T06:04:00.764+0000] {logging_mixin.py:188} INFO - [2024-04-25T06:04:00.763+0000] {dag.py:3036} INFO - Sync 3 DAGs
[2024-04-25T06:04:00.823+0000] {logging_mixin.py:188} INFO - [2024-04-25T06:04:00.823+0000] {dag.py:3823} INFO - Setting next_dagrun for example_branch_datetime_operator to 2024-04-24 00:00:00+00:00, run_after=2024-04-25 00:00:00+00:00
[2024-04-25T06:04:00.836+0000] {logging_mixin.py:188} INFO - [2024-04-25T06:04:00.835+0000] {dag.py:3823} INFO - Setting next_dagrun for example_branch_datetime_operator_2 to 2024-04-24 00:00:00+00:00, run_after=2024-04-25 00:00:00+00:00
[2024-04-25T06:04:00.842+0000] {logging_mixin.py:188} INFO - [2024-04-25T06:04:00.842+0000] {dag.py:3823} INFO - Setting next_dagrun for example_branch_datetime_operator_3 to 2024-04-24 00:00:00+00:00, run_after=2024-04-25 00:00:00+00:00
[2024-04-25T06:04:00.902+0000] {processor.py:183} INFO - Processing /home/airflow/.local/lib/python3.8/site-packages/airflow/example_dags/example_branch_datetime_operator.py took 0.216 seconds
[2024-04-25T06:04:31.187+0000] {processor.py:161} INFO - Started process (PID=617) to work on /home/airflow/.local/lib/python3.8/site-packages/airflow/example_dags/example_branch_datetime_operator.py
[2024-04-25T06:04:31.189+0000] {processor.py:830} INFO - Processing file /home/airflow/.local/lib/python3.8/site-packages/airflow/example_dags/example_branch_datetime_operator.py for tasks to queue
[2024-04-25T06:04:31.193+0000] {logging_mixin.py:188} INFO - [2024-04-25T06:04:31.192+0000] {dagbag.py:538} INFO - Filling up the DagBag from /home/airflow/.local/lib/python3.8/site-packages/airflow/example_dags/example_branch_datetime_operator.py
[2024-04-25T06:04:31.206+0000] {processor.py:840} INFO - DAG(s) 'example_branch_datetime_operator_3', 'example_branch_datetime_operator_2', 'example_branch_datetime_operator' retrieved from /home/airflow/.local/lib/python3.8/site-packages/airflow/example_dags/example_branch_datetime_operator.py
[2024-04-25T06:04:31.240+0000] {logging_mixin.py:188} INFO - [2024-04-25T06:04:31.240+0000] {dag.py:3036} INFO - Sync 3 DAGs
[2024-04-25T06:04:31.267+0000] {logging_mixin.py:188} INFO - [2024-04-25T06:04:31.267+0000] {dag.py:3823} INFO - Setting next_dagrun for example_branch_datetime_operator to 2024-04-24 00:00:00+00:00, run_after=2024-04-25 00:00:00+00:00
[2024-04-25T06:04:31.273+0000] {logging_mixin.py:188} INFO - [2024-04-25T06:04:31.273+0000] {dag.py:3823} INFO - Setting next_dagrun for example_branch_datetime_operator_2 to 2024-04-24 00:00:00+00:00, run_after=2024-04-25 00:00:00+00:00
[2024-04-25T06:04:31.277+0000] {logging_mixin.py:188} INFO - [2024-04-25T06:04:31.277+0000] {dag.py:3823} INFO - Setting next_dagrun for example_branch_datetime_operator_3 to 2024-04-24 00:00:00+00:00, run_after=2024-04-25 00:00:00+00:00
[2024-04-25T06:04:31.301+0000] {processor.py:183} INFO - Processing /home/airflow/.local/lib/python3.8/site-packages/airflow/example_dags/example_branch_datetime_operator.py took 0.121 seconds
[2024-04-25T06:05:02.065+0000] {processor.py:161} INFO - Started process (PID=676) to work on /home/airflow/.local/lib/python3.8/site-packages/airflow/example_dags/example_branch_datetime_operator.py
[2024-04-25T06:05:02.068+0000] {processor.py:830} INFO - Processing file /home/airflow/.local/lib/python3.8/site-packages/airflow/example_dags/example_branch_datetime_operator.py for tasks to queue
[2024-04-25T06:05:02.072+0000] {logging_mixin.py:188} INFO - [2024-04-25T06:05:02.071+0000] {dagbag.py:538} INFO - Filling up the DagBag from /home/airflow/.local/lib/python3.8/site-packages/airflow/example_dags/example_branch_datetime_operator.py
[2024-04-25T06:05:02.093+0000] {processor.py:840} INFO - DAG(s) 'example_branch_datetime_operator_2', 'example_branch_datetime_operator_3', 'example_branch_datetime_operator' retrieved from /home/airflow/.local/lib/python3.8/site-packages/airflow/example_dags/example_branch_datetime_operator.py
[2024-04-25T06:05:02.131+0000] {logging_mixin.py:188} INFO - [2024-04-25T06:05:02.131+0000] {dag.py:3036} INFO - Sync 3 DAGs
[2024-04-25T06:05:02.159+0000] {logging_mixin.py:188} INFO - [2024-04-25T06:05:02.158+0000] {dag.py:3823} INFO - Setting next_dagrun for example_branch_datetime_operator to 2024-04-24 00:00:00+00:00, run_after=2024-04-25 00:00:00+00:00
[2024-04-25T06:05:02.165+0000] {logging_mixin.py:188} INFO - [2024-04-25T06:05:02.165+0000] {dag.py:3823} INFO - Setting next_dagrun for example_branch_datetime_operator_2 to 2024-04-24 00:00:00+00:00, run_after=2024-04-25 00:00:00+00:00
[2024-04-25T06:05:02.169+0000] {logging_mixin.py:188} INFO - [2024-04-25T06:05:02.169+0000] {dag.py:3823} INFO - Setting next_dagrun for example_branch_datetime_operator_3 to 2024-04-24 00:00:00+00:00, run_after=2024-04-25 00:00:00+00:00
[2024-04-25T06:05:02.192+0000] {processor.py:183} INFO - Processing /home/airflow/.local/lib/python3.8/site-packages/airflow/example_dags/example_branch_datetime_operator.py took 0.133 seconds
[2024-04-25T06:05:33.345+0000] {processor.py:161} INFO - Started process (PID=735) to work on /home/airflow/.local/lib/python3.8/site-packages/airflow/example_dags/example_branch_datetime_operator.py
[2024-04-25T06:05:33.350+0000] {processor.py:830} INFO - Processing file /home/airflow/.local/lib/python3.8/site-packages/airflow/example_dags/example_branch_datetime_operator.py for tasks to queue
[2024-04-25T06:05:33.355+0000] {logging_mixin.py:188} INFO - [2024-04-25T06:05:33.355+0000] {dagbag.py:538} INFO - Filling up the DagBag from /home/airflow/.local/lib/python3.8/site-packages/airflow/example_dags/example_branch_datetime_operator.py
[2024-04-25T06:05:33.386+0000] {processor.py:840} INFO - DAG(s) 'example_branch_datetime_operator_2', 'example_branch_datetime_operator', 'example_branch_datetime_operator_3' retrieved from /home/airflow/.local/lib/python3.8/site-packages/airflow/example_dags/example_branch_datetime_operator.py
[2024-04-25T06:05:33.462+0000] {logging_mixin.py:188} INFO - [2024-04-25T06:05:33.462+0000] {dag.py:3036} INFO - Sync 3 DAGs
[2024-04-25T06:05:33.533+0000] {logging_mixin.py:188} INFO - [2024-04-25T06:05:33.532+0000] {dag.py:3823} INFO - Setting next_dagrun for example_branch_datetime_operator to 2024-04-24 00:00:00+00:00, run_after=2024-04-25 00:00:00+00:00
[2024-04-25T06:05:33.548+0000] {logging_mixin.py:188} INFO - [2024-04-25T06:05:33.547+0000] {dag.py:3823} INFO - Setting next_dagrun for example_branch_datetime_operator_2 to 2024-04-24 00:00:00+00:00, run_after=2024-04-25 00:00:00+00:00
[2024-04-25T06:05:33.555+0000] {logging_mixin.py:188} INFO - [2024-04-25T06:05:33.555+0000] {dag.py:3823} INFO - Setting next_dagrun for example_branch_datetime_operator_3 to 2024-04-24 00:00:00+00:00, run_after=2024-04-25 00:00:00+00:00
[2024-04-25T06:05:33.605+0000] {processor.py:183} INFO - Processing /home/airflow/.local/lib/python3.8/site-packages/airflow/example_dags/example_branch_datetime_operator.py took 0.266 seconds
[2024-04-25T06:06:03.750+0000] {processor.py:161} INFO - Started process (PID=794) to work on /home/airflow/.local/lib/python3.8/site-packages/airflow/example_dags/example_branch_datetime_operator.py
[2024-04-25T06:06:03.753+0000] {processor.py:830} INFO - Processing file /home/airflow/.local/lib/python3.8/site-packages/airflow/example_dags/example_branch_datetime_operator.py for tasks to queue
[2024-04-25T06:06:03.758+0000] {logging_mixin.py:188} INFO - [2024-04-25T06:06:03.757+0000] {dagbag.py:538} INFO - Filling up the DagBag from /home/airflow/.local/lib/python3.8/site-packages/airflow/example_dags/example_branch_datetime_operator.py
[2024-04-25T06:06:03.797+0000] {processor.py:840} INFO - DAG(s) 'example_branch_datetime_operator_2', 'example_branch_datetime_operator_3', 'example_branch_datetime_operator' retrieved from /home/airflow/.local/lib/python3.8/site-packages/airflow/example_dags/example_branch_datetime_operator.py
[2024-04-25T06:06:03.889+0000] {logging_mixin.py:188} INFO - [2024-04-25T06:06:03.888+0000] {dag.py:3036} INFO - Sync 3 DAGs
[2024-04-25T06:06:03.963+0000] {logging_mixin.py:188} INFO - [2024-04-25T06:06:03.962+0000] {dag.py:3823} INFO - Setting next_dagrun for example_branch_datetime_operator to 2024-04-24 00:00:00+00:00, run_after=2024-04-25 00:00:00+00:00
[2024-04-25T06:06:03.980+0000] {logging_mixin.py:188} INFO - [2024-04-25T06:06:03.979+0000] {dag.py:3823} INFO - Setting next_dagrun for example_branch_datetime_operator_2 to 2024-04-24 00:00:00+00:00, run_after=2024-04-25 00:00:00+00:00
[2024-04-25T06:06:03.987+0000] {logging_mixin.py:188} INFO - [2024-04-25T06:06:03.987+0000] {dag.py:3823} INFO - Setting next_dagrun for example_branch_datetime_operator_3 to 2024-04-24 00:00:00+00:00, run_after=2024-04-25 00:00:00+00:00
[2024-04-25T06:06:04.037+0000] {processor.py:183} INFO - Processing /home/airflow/.local/lib/python3.8/site-packages/airflow/example_dags/example_branch_datetime_operator.py took 0.294 seconds
[2024-04-25T06:06:34.325+0000] {processor.py:161} INFO - Started process (PID=853) to work on /home/airflow/.local/lib/python3.8/site-packages/airflow/example_dags/example_branch_datetime_operator.py
[2024-04-25T06:06:34.327+0000] {processor.py:830} INFO - Processing file /home/airflow/.local/lib/python3.8/site-packages/airflow/example_dags/example_branch_datetime_operator.py for tasks to queue
[2024-04-25T06:06:34.330+0000] {logging_mixin.py:188} INFO - [2024-04-25T06:06:34.329+0000] {dagbag.py:538} INFO - Filling up the DagBag from /home/airflow/.local/lib/python3.8/site-packages/airflow/example_dags/example_branch_datetime_operator.py
[2024-04-25T06:06:34.345+0000] {processor.py:840} INFO - DAG(s) 'example_branch_datetime_operator', 'example_branch_datetime_operator_2', 'example_branch_datetime_operator_3' retrieved from /home/airflow/.local/lib/python3.8/site-packages/airflow/example_dags/example_branch_datetime_operator.py
[2024-04-25T06:06:34.394+0000] {logging_mixin.py:188} INFO - [2024-04-25T06:06:34.393+0000] {dag.py:3036} INFO - Sync 3 DAGs
[2024-04-25T06:06:34.436+0000] {logging_mixin.py:188} INFO - [2024-04-25T06:06:34.435+0000] {dag.py:3823} INFO - Setting next_dagrun for example_branch_datetime_operator to 2024-04-24 00:00:00+00:00, run_after=2024-04-25 00:00:00+00:00
[2024-04-25T06:06:34.448+0000] {logging_mixin.py:188} INFO - [2024-04-25T06:06:34.448+0000] {dag.py:3823} INFO - Setting next_dagrun for example_branch_datetime_operator_2 to 2024-04-24 00:00:00+00:00, run_after=2024-04-25 00:00:00+00:00
[2024-04-25T06:06:34.455+0000] {logging_mixin.py:188} INFO - [2024-04-25T06:06:34.454+0000] {dag.py:3823} INFO - Setting next_dagrun for example_branch_datetime_operator_3 to 2024-04-24 00:00:00+00:00, run_after=2024-04-25 00:00:00+00:00
[2024-04-25T06:06:34.493+0000] {processor.py:183} INFO - Processing /home/airflow/.local/lib/python3.8/site-packages/airflow/example_dags/example_branch_datetime_operator.py took 0.173 seconds
[2024-04-25T06:07:06.722+0000] {processor.py:161} INFO - Started process (PID=913) to work on /home/airflow/.local/lib/python3.8/site-packages/airflow/example_dags/example_branch_datetime_operator.py
[2024-04-25T06:07:06.726+0000] {processor.py:830} INFO - Processing file /home/airflow/.local/lib/python3.8/site-packages/airflow/example_dags/example_branch_datetime_operator.py for tasks to queue
[2024-04-25T06:07:06.733+0000] {logging_mixin.py:188} INFO - [2024-04-25T06:07:06.732+0000] {dagbag.py:538} INFO - Filling up the DagBag from /home/airflow/.local/lib/python3.8/site-packages/airflow/example_dags/example_branch_datetime_operator.py
[2024-04-25T06:07:06.775+0000] {processor.py:840} INFO - DAG(s) 'example_branch_datetime_operator', 'example_branch_datetime_operator_2', 'example_branch_datetime_operator_3' retrieved from /home/airflow/.local/lib/python3.8/site-packages/airflow/example_dags/example_branch_datetime_operator.py
[2024-04-25T06:07:06.930+0000] {logging_mixin.py:188} INFO - [2024-04-25T06:07:06.928+0000] {dag.py:3036} INFO - Sync 3 DAGs
[2024-04-25T06:07:07.055+0000] {logging_mixin.py:188} INFO - [2024-04-25T06:07:07.054+0000] {dag.py:3823} INFO - Setting next_dagrun for example_branch_datetime_operator to 2024-04-24 00:00:00+00:00, run_after=2024-04-25 00:00:00+00:00
[2024-04-25T06:07:07.102+0000] {logging_mixin.py:188} INFO - [2024-04-25T06:07:07.101+0000] {dag.py:3823} INFO - Setting next_dagrun for example_branch_datetime_operator_2 to 2024-04-24 00:00:00+00:00, run_after=2024-04-25 00:00:00+00:00
[2024-04-25T06:07:07.138+0000] {logging_mixin.py:188} INFO - [2024-04-25T06:07:07.137+0000] {dag.py:3823} INFO - Setting next_dagrun for example_branch_datetime_operator_3 to 2024-04-24 00:00:00+00:00, run_after=2024-04-25 00:00:00+00:00
[2024-04-25T06:07:07.220+0000] {processor.py:183} INFO - Processing /home/airflow/.local/lib/python3.8/site-packages/airflow/example_dags/example_branch_datetime_operator.py took 0.514 seconds
[2024-04-25T06:07:37.716+0000] {processor.py:161} INFO - Started process (PID=972) to work on /home/airflow/.local/lib/python3.8/site-packages/airflow/example_dags/example_branch_datetime_operator.py
[2024-04-25T06:07:37.731+0000] {processor.py:830} INFO - Processing file /home/airflow/.local/lib/python3.8/site-packages/airflow/example_dags/example_branch_datetime_operator.py for tasks to queue
[2024-04-25T06:07:37.747+0000] {logging_mixin.py:188} INFO - [2024-04-25T06:07:37.741+0000] {dagbag.py:538} INFO - Filling up the DagBag from /home/airflow/.local/lib/python3.8/site-packages/airflow/example_dags/example_branch_datetime_operator.py
[2024-04-25T06:07:37.833+0000] {processor.py:840} INFO - DAG(s) 'example_branch_datetime_operator_3', 'example_branch_datetime_operator_2', 'example_branch_datetime_operator' retrieved from /home/airflow/.local/lib/python3.8/site-packages/airflow/example_dags/example_branch_datetime_operator.py
[2024-04-25T06:07:37.964+0000] {logging_mixin.py:188} INFO - [2024-04-25T06:07:37.963+0000] {dag.py:3036} INFO - Sync 3 DAGs
[2024-04-25T06:07:38.071+0000] {logging_mixin.py:188} INFO - [2024-04-25T06:07:38.070+0000] {dag.py:3823} INFO - Setting next_dagrun for example_branch_datetime_operator to 2024-04-24 00:00:00+00:00, run_after=2024-04-25 00:00:00+00:00
[2024-04-25T06:07:38.090+0000] {logging_mixin.py:188} INFO - [2024-04-25T06:07:38.089+0000] {dag.py:3823} INFO - Setting next_dagrun for example_branch_datetime_operator_2 to 2024-04-24 00:00:00+00:00, run_after=2024-04-25 00:00:00+00:00
[2024-04-25T06:07:38.099+0000] {logging_mixin.py:188} INFO - [2024-04-25T06:07:38.098+0000] {dag.py:3823} INFO - Setting next_dagrun for example_branch_datetime_operator_3 to 2024-04-24 00:00:00+00:00, run_after=2024-04-25 00:00:00+00:00
[2024-04-25T06:07:38.169+0000] {processor.py:183} INFO - Processing /home/airflow/.local/lib/python3.8/site-packages/airflow/example_dags/example_branch_datetime_operator.py took 0.470 seconds
[2024-04-25T06:08:08.473+0000] {processor.py:161} INFO - Started process (PID=1031) to work on /home/airflow/.local/lib/python3.8/site-packages/airflow/example_dags/example_branch_datetime_operator.py
[2024-04-25T06:08:08.476+0000] {processor.py:830} INFO - Processing file /home/airflow/.local/lib/python3.8/site-packages/airflow/example_dags/example_branch_datetime_operator.py for tasks to queue
[2024-04-25T06:08:08.482+0000] {logging_mixin.py:188} INFO - [2024-04-25T06:08:08.481+0000] {dagbag.py:538} INFO - Filling up the DagBag from /home/airflow/.local/lib/python3.8/site-packages/airflow/example_dags/example_branch_datetime_operator.py
[2024-04-25T06:08:08.516+0000] {processor.py:840} INFO - DAG(s) 'example_branch_datetime_operator', 'example_branch_datetime_operator_3', 'example_branch_datetime_operator_2' retrieved from /home/airflow/.local/lib/python3.8/site-packages/airflow/example_dags/example_branch_datetime_operator.py
[2024-04-25T06:08:08.639+0000] {logging_mixin.py:188} INFO - [2024-04-25T06:08:08.638+0000] {dag.py:3036} INFO - Sync 3 DAGs
[2024-04-25T06:08:08.740+0000] {logging_mixin.py:188} INFO - [2024-04-25T06:08:08.739+0000] {dag.py:3823} INFO - Setting next_dagrun for example_branch_datetime_operator to 2024-04-24 00:00:00+00:00, run_after=2024-04-25 00:00:00+00:00
[2024-04-25T06:08:08.762+0000] {logging_mixin.py:188} INFO - [2024-04-25T06:08:08.761+0000] {dag.py:3823} INFO - Setting next_dagrun for example_branch_datetime_operator_2 to 2024-04-24 00:00:00+00:00, run_after=2024-04-25 00:00:00+00:00
[2024-04-25T06:08:08.778+0000] {logging_mixin.py:188} INFO - [2024-04-25T06:08:08.777+0000] {dag.py:3823} INFO - Setting next_dagrun for example_branch_datetime_operator_3 to 2024-04-24 00:00:00+00:00, run_after=2024-04-25 00:00:00+00:00
[2024-04-25T06:08:08.847+0000] {processor.py:183} INFO - Processing /home/airflow/.local/lib/python3.8/site-packages/airflow/example_dags/example_branch_datetime_operator.py took 0.382 seconds
[2024-04-25T06:08:39.451+0000] {processor.py:161} INFO - Started process (PID=1091) to work on /home/airflow/.local/lib/python3.8/site-packages/airflow/example_dags/example_branch_datetime_operator.py
[2024-04-25T06:08:39.455+0000] {processor.py:830} INFO - Processing file /home/airflow/.local/lib/python3.8/site-packages/airflow/example_dags/example_branch_datetime_operator.py for tasks to queue
[2024-04-25T06:08:39.464+0000] {logging_mixin.py:188} INFO - [2024-04-25T06:08:39.463+0000] {dagbag.py:538} INFO - Filling up the DagBag from /home/airflow/.local/lib/python3.8/site-packages/airflow/example_dags/example_branch_datetime_operator.py
[2024-04-25T06:08:39.495+0000] {processor.py:840} INFO - DAG(s) 'example_branch_datetime_operator_2', 'example_branch_datetime_operator', 'example_branch_datetime_operator_3' retrieved from /home/airflow/.local/lib/python3.8/site-packages/airflow/example_dags/example_branch_datetime_operator.py
[2024-04-25T06:08:39.584+0000] {logging_mixin.py:188} INFO - [2024-04-25T06:08:39.584+0000] {dag.py:3036} INFO - Sync 3 DAGs
[2024-04-25T06:08:39.657+0000] {logging_mixin.py:188} INFO - [2024-04-25T06:08:39.656+0000] {dag.py:3823} INFO - Setting next_dagrun for example_branch_datetime_operator to 2024-04-24 00:00:00+00:00, run_after=2024-04-25 00:00:00+00:00
[2024-04-25T06:08:39.676+0000] {logging_mixin.py:188} INFO - [2024-04-25T06:08:39.675+0000] {dag.py:3823} INFO - Setting next_dagrun for example_branch_datetime_operator_2 to 2024-04-24 00:00:00+00:00, run_after=2024-04-25 00:00:00+00:00
[2024-04-25T06:08:39.687+0000] {logging_mixin.py:188} INFO - [2024-04-25T06:08:39.686+0000] {dag.py:3823} INFO - Setting next_dagrun for example_branch_datetime_operator_3 to 2024-04-24 00:00:00+00:00, run_after=2024-04-25 00:00:00+00:00
[2024-04-25T06:08:39.752+0000] {processor.py:183} INFO - Processing /home/airflow/.local/lib/python3.8/site-packages/airflow/example_dags/example_branch_datetime_operator.py took 0.310 seconds
[2024-04-25T06:09:10.690+0000] {processor.py:161} INFO - Started process (PID=1148) to work on /home/airflow/.local/lib/python3.8/site-packages/airflow/example_dags/example_branch_datetime_operator.py
[2024-04-25T06:09:10.693+0000] {processor.py:830} INFO - Processing file /home/airflow/.local/lib/python3.8/site-packages/airflow/example_dags/example_branch_datetime_operator.py for tasks to queue
[2024-04-25T06:09:10.697+0000] {logging_mixin.py:188} INFO - [2024-04-25T06:09:10.696+0000] {dagbag.py:538} INFO - Filling up the DagBag from /home/airflow/.local/lib/python3.8/site-packages/airflow/example_dags/example_branch_datetime_operator.py
[2024-04-25T06:09:10.722+0000] {processor.py:840} INFO - DAG(s) 'example_branch_datetime_operator', 'example_branch_datetime_operator_2', 'example_branch_datetime_operator_3' retrieved from /home/airflow/.local/lib/python3.8/site-packages/airflow/example_dags/example_branch_datetime_operator.py
[2024-04-25T06:09:10.781+0000] {logging_mixin.py:188} INFO - [2024-04-25T06:09:10.781+0000] {dag.py:3036} INFO - Sync 3 DAGs
[2024-04-25T06:09:10.831+0000] {logging_mixin.py:188} INFO - [2024-04-25T06:09:10.831+0000] {dag.py:3823} INFO - Setting next_dagrun for example_branch_datetime_operator to 2024-04-24 00:00:00+00:00, run_after=2024-04-25 00:00:00+00:00
[2024-04-25T06:09:10.843+0000] {logging_mixin.py:188} INFO - [2024-04-25T06:09:10.843+0000] {dag.py:3823} INFO - Setting next_dagrun for example_branch_datetime_operator_2 to 2024-04-24 00:00:00+00:00, run_after=2024-04-25 00:00:00+00:00
[2024-04-25T06:09:10.850+0000] {logging_mixin.py:188} INFO - [2024-04-25T06:09:10.849+0000] {dag.py:3823} INFO - Setting next_dagrun for example_branch_datetime_operator_3 to 2024-04-24 00:00:00+00:00, run_after=2024-04-25 00:00:00+00:00
[2024-04-25T06:09:10.916+0000] {processor.py:183} INFO - Processing /home/airflow/.local/lib/python3.8/site-packages/airflow/example_dags/example_branch_datetime_operator.py took 0.233 seconds
[2024-04-25T06:09:42.359+0000] {processor.py:161} INFO - Started process (PID=1214) to work on /home/airflow/.local/lib/python3.8/site-packages/airflow/example_dags/example_branch_datetime_operator.py
[2024-04-25T06:09:42.363+0000] {processor.py:830} INFO - Processing file /home/airflow/.local/lib/python3.8/site-packages/airflow/example_dags/example_branch_datetime_operator.py for tasks to queue
[2024-04-25T06:09:42.369+0000] {logging_mixin.py:188} INFO - [2024-04-25T06:09:42.368+0000] {dagbag.py:538} INFO - Filling up the DagBag from /home/airflow/.local/lib/python3.8/site-packages/airflow/example_dags/example_branch_datetime_operator.py
[2024-04-25T06:09:42.408+0000] {processor.py:840} INFO - DAG(s) 'example_branch_datetime_operator_3', 'example_branch_datetime_operator', 'example_branch_datetime_operator_2' retrieved from /home/airflow/.local/lib/python3.8/site-packages/airflow/example_dags/example_branch_datetime_operator.py
[2024-04-25T06:09:42.497+0000] {logging_mixin.py:188} INFO - [2024-04-25T06:09:42.497+0000] {dag.py:3036} INFO - Sync 3 DAGs
[2024-04-25T06:09:42.567+0000] {logging_mixin.py:188} INFO - [2024-04-25T06:09:42.566+0000] {dag.py:3823} INFO - Setting next_dagrun for example_branch_datetime_operator to 2024-04-24 00:00:00+00:00, run_after=2024-04-25 00:00:00+00:00
[2024-04-25T06:09:42.582+0000] {logging_mixin.py:188} INFO - [2024-04-25T06:09:42.582+0000] {dag.py:3823} INFO - Setting next_dagrun for example_branch_datetime_operator_2 to 2024-04-24 00:00:00+00:00, run_after=2024-04-25 00:00:00+00:00
[2024-04-25T06:09:42.592+0000] {logging_mixin.py:188} INFO - [2024-04-25T06:09:42.591+0000] {dag.py:3823} INFO - Setting next_dagrun for example_branch_datetime_operator_3 to 2024-04-24 00:00:00+00:00, run_after=2024-04-25 00:00:00+00:00
[2024-04-25T06:09:42.650+0000] {processor.py:183} INFO - Processing /home/airflow/.local/lib/python3.8/site-packages/airflow/example_dags/example_branch_datetime_operator.py took 0.303 seconds
[2024-04-25T06:10:13.974+0000] {processor.py:161} INFO - Started process (PID=1274) to work on /home/airflow/.local/lib/python3.8/site-packages/airflow/example_dags/example_branch_datetime_operator.py
[2024-04-25T06:10:13.977+0000] {processor.py:830} INFO - Processing file /home/airflow/.local/lib/python3.8/site-packages/airflow/example_dags/example_branch_datetime_operator.py for tasks to queue
[2024-04-25T06:10:13.982+0000] {logging_mixin.py:188} INFO - [2024-04-25T06:10:13.981+0000] {dagbag.py:538} INFO - Filling up the DagBag from /home/airflow/.local/lib/python3.8/site-packages/airflow/example_dags/example_branch_datetime_operator.py
[2024-04-25T06:10:14.015+0000] {processor.py:840} INFO - DAG(s) 'example_branch_datetime_operator_2', 'example_branch_datetime_operator_3', 'example_branch_datetime_operator' retrieved from /home/airflow/.local/lib/python3.8/site-packages/airflow/example_dags/example_branch_datetime_operator.py
[2024-04-25T06:10:14.115+0000] {logging_mixin.py:188} INFO - [2024-04-25T06:10:14.114+0000] {dag.py:3036} INFO - Sync 3 DAGs
[2024-04-25T06:10:14.213+0000] {logging_mixin.py:188} INFO - [2024-04-25T06:10:14.212+0000] {dag.py:3823} INFO - Setting next_dagrun for example_branch_datetime_operator to 2024-04-24 00:00:00+00:00, run_after=2024-04-25 00:00:00+00:00
[2024-04-25T06:10:14.228+0000] {logging_mixin.py:188} INFO - [2024-04-25T06:10:14.228+0000] {dag.py:3823} INFO - Setting next_dagrun for example_branch_datetime_operator_2 to 2024-04-24 00:00:00+00:00, run_after=2024-04-25 00:00:00+00:00
[2024-04-25T06:10:14.239+0000] {logging_mixin.py:188} INFO - [2024-04-25T06:10:14.238+0000] {dag.py:3823} INFO - Setting next_dagrun for example_branch_datetime_operator_3 to 2024-04-24 00:00:00+00:00, run_after=2024-04-25 00:00:00+00:00
[2024-04-25T06:10:14.315+0000] {processor.py:183} INFO - Processing /home/airflow/.local/lib/python3.8/site-packages/airflow/example_dags/example_branch_datetime_operator.py took 0.348 seconds
[2024-04-25T06:10:46.617+0000] {processor.py:161} INFO - Started process (PID=1331) to work on /home/airflow/.local/lib/python3.8/site-packages/airflow/example_dags/example_branch_datetime_operator.py
[2024-04-25T06:10:46.855+0000] {processor.py:830} INFO - Processing file /home/airflow/.local/lib/python3.8/site-packages/airflow/example_dags/example_branch_datetime_operator.py for tasks to queue
[2024-04-25T06:10:47.003+0000] {logging_mixin.py:188} INFO - [2024-04-25T06:10:46.993+0000] {dagbag.py:538} INFO - Filling up the DagBag from /home/airflow/.local/lib/python3.8/site-packages/airflow/example_dags/example_branch_datetime_operator.py
[2024-04-25T06:52:18.773+0000] {processor.py:161} INFO - Started process (PID=99) to work on /home/airflow/.local/lib/python3.8/site-packages/airflow/example_dags/example_branch_datetime_operator.py
[2024-04-25T06:52:18.806+0000] {processor.py:830} INFO - Processing file /home/airflow/.local/lib/python3.8/site-packages/airflow/example_dags/example_branch_datetime_operator.py for tasks to queue
[2024-04-25T06:52:18.896+0000] {logging_mixin.py:188} INFO - [2024-04-25T06:52:18.887+0000] {dagbag.py:538} INFO - Filling up the DagBag from /home/airflow/.local/lib/python3.8/site-packages/airflow/example_dags/example_branch_datetime_operator.py
[2024-04-25T06:52:19.316+0000] {processor.py:840} INFO - DAG(s) 'example_branch_datetime_operator_3', 'example_branch_datetime_operator_2', 'example_branch_datetime_operator' retrieved from /home/airflow/.local/lib/python3.8/site-packages/airflow/example_dags/example_branch_datetime_operator.py
[2024-04-25T06:52:24.118+0000] {logging_mixin.py:188} INFO - [2024-04-25T06:52:24.044+0000] {dag.py:3036} INFO - Sync 3 DAGs
[2024-04-25T06:52:24.589+0000] {logging_mixin.py:188} INFO - [2024-04-25T06:52:24.587+0000] {dag.py:3823} INFO - Setting next_dagrun for example_branch_datetime_operator to 2024-04-24 00:00:00+00:00, run_after=2024-04-25 00:00:00+00:00
[2024-04-25T06:52:24.620+0000] {logging_mixin.py:188} INFO - [2024-04-25T06:52:24.619+0000] {dag.py:3823} INFO - Setting next_dagrun for example_branch_datetime_operator_2 to 2024-04-24 00:00:00+00:00, run_after=2024-04-25 00:00:00+00:00
[2024-04-25T06:52:24.646+0000] {logging_mixin.py:188} INFO - [2024-04-25T06:52:24.643+0000] {dag.py:3823} INFO - Setting next_dagrun for example_branch_datetime_operator_3 to 2024-04-24 00:00:00+00:00, run_after=2024-04-25 00:00:00+00:00
[2024-04-25T06:52:25.579+0000] {processor.py:183} INFO - Processing /home/airflow/.local/lib/python3.8/site-packages/airflow/example_dags/example_branch_datetime_operator.py took 6.821 seconds
[2024-04-25T06:53:31.343+0000] {processor.py:161} INFO - Started process (PID=175) to work on /home/airflow/.local/lib/python3.8/site-packages/airflow/example_dags/example_branch_datetime_operator.py
[2024-04-25T06:53:31.350+0000] {processor.py:830} INFO - Processing file /home/airflow/.local/lib/python3.8/site-packages/airflow/example_dags/example_branch_datetime_operator.py for tasks to queue
[2024-04-25T06:53:31.357+0000] {logging_mixin.py:188} INFO - [2024-04-25T06:53:31.357+0000] {dagbag.py:538} INFO - Filling up the DagBag from /home/airflow/.local/lib/python3.8/site-packages/airflow/example_dags/example_branch_datetime_operator.py
[2024-04-25T06:53:31.404+0000] {processor.py:840} INFO - DAG(s) 'example_branch_datetime_operator_3', 'example_branch_datetime_operator_2', 'example_branch_datetime_operator' retrieved from /home/airflow/.local/lib/python3.8/site-packages/airflow/example_dags/example_branch_datetime_operator.py
[2024-04-25T06:53:31.531+0000] {logging_mixin.py:188} INFO - [2024-04-25T06:53:31.530+0000] {dag.py:3036} INFO - Sync 3 DAGs
[2024-04-25T06:53:31.723+0000] {logging_mixin.py:188} INFO - [2024-04-25T06:53:31.723+0000] {dag.py:3823} INFO - Setting next_dagrun for example_branch_datetime_operator to 2024-04-24 00:00:00+00:00, run_after=2024-04-25 00:00:00+00:00
[2024-04-25T06:53:31.739+0000] {logging_mixin.py:188} INFO - [2024-04-25T06:53:31.739+0000] {dag.py:3823} INFO - Setting next_dagrun for example_branch_datetime_operator_2 to 2024-04-24 00:00:00+00:00, run_after=2024-04-25 00:00:00+00:00
[2024-04-25T06:53:31.750+0000] {logging_mixin.py:188} INFO - [2024-04-25T06:53:31.750+0000] {dag.py:3823} INFO - Setting next_dagrun for example_branch_datetime_operator_3 to 2024-04-24 00:00:00+00:00, run_after=2024-04-25 00:00:00+00:00
[2024-04-25T06:53:31.819+0000] {processor.py:183} INFO - Processing /home/airflow/.local/lib/python3.8/site-packages/airflow/example_dags/example_branch_datetime_operator.py took 0.489 seconds
[2024-04-25T06:54:08.952+0000] {processor.py:161} INFO - Started process (PID=251) to work on /home/airflow/.local/lib/python3.8/site-packages/airflow/example_dags/example_branch_datetime_operator.py
[2024-04-25T06:54:08.960+0000] {processor.py:830} INFO - Processing file /home/airflow/.local/lib/python3.8/site-packages/airflow/example_dags/example_branch_datetime_operator.py for tasks to queue
[2024-04-25T06:54:08.985+0000] {logging_mixin.py:188} INFO - [2024-04-25T06:54:08.983+0000] {dagbag.py:538} INFO - Filling up the DagBag from /home/airflow/.local/lib/python3.8/site-packages/airflow/example_dags/example_branch_datetime_operator.py
[2024-04-25T06:54:09.050+0000] {processor.py:840} INFO - DAG(s) 'example_branch_datetime_operator', 'example_branch_datetime_operator_2', 'example_branch_datetime_operator_3' retrieved from /home/airflow/.local/lib/python3.8/site-packages/airflow/example_dags/example_branch_datetime_operator.py
[2024-04-25T06:54:09.250+0000] {logging_mixin.py:188} INFO - [2024-04-25T06:54:09.249+0000] {dag.py:3036} INFO - Sync 3 DAGs
[2024-04-25T06:54:09.421+0000] {logging_mixin.py:188} INFO - [2024-04-25T06:54:09.420+0000] {dag.py:3823} INFO - Setting next_dagrun for example_branch_datetime_operator to 2024-04-24 00:00:00+00:00, run_after=2024-04-25 00:00:00+00:00
[2024-04-25T06:54:09.447+0000] {logging_mixin.py:188} INFO - [2024-04-25T06:54:09.446+0000] {dag.py:3823} INFO - Setting next_dagrun for example_branch_datetime_operator_2 to 2024-04-24 00:00:00+00:00, run_after=2024-04-25 00:00:00+00:00
[2024-04-25T06:54:09.470+0000] {logging_mixin.py:188} INFO - [2024-04-25T06:54:09.468+0000] {dag.py:3823} INFO - Setting next_dagrun for example_branch_datetime_operator_3 to 2024-04-24 00:00:00+00:00, run_after=2024-04-25 00:00:00+00:00
[2024-04-25T06:54:09.638+0000] {processor.py:183} INFO - Processing /home/airflow/.local/lib/python3.8/site-packages/airflow/example_dags/example_branch_datetime_operator.py took 0.804 seconds
[2024-04-25T06:54:43.527+0000] {processor.py:161} INFO - Started process (PID=321) to work on /home/airflow/.local/lib/python3.8/site-packages/airflow/example_dags/example_branch_datetime_operator.py
[2024-04-25T06:54:43.534+0000] {processor.py:830} INFO - Processing file /home/airflow/.local/lib/python3.8/site-packages/airflow/example_dags/example_branch_datetime_operator.py for tasks to queue
[2024-04-25T06:54:43.540+0000] {logging_mixin.py:188} INFO - [2024-04-25T06:54:43.539+0000] {dagbag.py:538} INFO - Filling up the DagBag from /home/airflow/.local/lib/python3.8/site-packages/airflow/example_dags/example_branch_datetime_operator.py
[2024-04-25T06:54:43.589+0000] {processor.py:840} INFO - DAG(s) 'example_branch_datetime_operator', 'example_branch_datetime_operator_2', 'example_branch_datetime_operator_3' retrieved from /home/airflow/.local/lib/python3.8/site-packages/airflow/example_dags/example_branch_datetime_operator.py
[2024-04-25T06:54:44.028+0000] {logging_mixin.py:188} INFO - [2024-04-25T06:54:44.027+0000] {dag.py:3036} INFO - Sync 3 DAGs
[2024-04-25T06:54:44.179+0000] {logging_mixin.py:188} INFO - [2024-04-25T06:54:44.178+0000] {dag.py:3823} INFO - Setting next_dagrun for example_branch_datetime_operator to 2024-04-24 00:00:00+00:00, run_after=2024-04-25 00:00:00+00:00
[2024-04-25T06:54:44.205+0000] {logging_mixin.py:188} INFO - [2024-04-25T06:54:44.204+0000] {dag.py:3823} INFO - Setting next_dagrun for example_branch_datetime_operator_2 to 2024-04-24 00:00:00+00:00, run_after=2024-04-25 00:00:00+00:00
[2024-04-25T06:54:44.221+0000] {logging_mixin.py:188} INFO - [2024-04-25T06:54:44.220+0000] {dag.py:3823} INFO - Setting next_dagrun for example_branch_datetime_operator_3 to 2024-04-24 00:00:00+00:00, run_after=2024-04-25 00:00:00+00:00
[2024-04-25T06:54:44.313+0000] {processor.py:183} INFO - Processing /home/airflow/.local/lib/python3.8/site-packages/airflow/example_dags/example_branch_datetime_operator.py took 0.799 seconds
[2024-04-25T06:55:21.781+0000] {processor.py:161} INFO - Started process (PID=390) to work on /home/airflow/.local/lib/python3.8/site-packages/airflow/example_dags/example_branch_datetime_operator.py
[2024-04-25T06:55:21.786+0000] {processor.py:830} INFO - Processing file /home/airflow/.local/lib/python3.8/site-packages/airflow/example_dags/example_branch_datetime_operator.py for tasks to queue
[2024-04-25T06:55:21.794+0000] {logging_mixin.py:188} INFO - [2024-04-25T06:55:21.793+0000] {dagbag.py:538} INFO - Filling up the DagBag from /home/airflow/.local/lib/python3.8/site-packages/airflow/example_dags/example_branch_datetime_operator.py
[2024-04-25T06:55:21.839+0000] {processor.py:840} INFO - DAG(s) 'example_branch_datetime_operator_2', 'example_branch_datetime_operator_3', 'example_branch_datetime_operator' retrieved from /home/airflow/.local/lib/python3.8/site-packages/airflow/example_dags/example_branch_datetime_operator.py
[2024-04-25T06:55:22.001+0000] {logging_mixin.py:188} INFO - [2024-04-25T06:55:22.000+0000] {dag.py:3036} INFO - Sync 3 DAGs
[2024-04-25T06:55:22.155+0000] {logging_mixin.py:188} INFO - [2024-04-25T06:55:22.153+0000] {dag.py:3823} INFO - Setting next_dagrun for example_branch_datetime_operator to 2024-04-24 00:00:00+00:00, run_after=2024-04-25 00:00:00+00:00
[2024-04-25T06:55:22.184+0000] {logging_mixin.py:188} INFO - [2024-04-25T06:55:22.183+0000] {dag.py:3823} INFO - Setting next_dagrun for example_branch_datetime_operator_2 to 2024-04-24 00:00:00+00:00, run_after=2024-04-25 00:00:00+00:00
[2024-04-25T06:55:22.197+0000] {logging_mixin.py:188} INFO - [2024-04-25T06:55:22.197+0000] {dag.py:3823} INFO - Setting next_dagrun for example_branch_datetime_operator_3 to 2024-04-24 00:00:00+00:00, run_after=2024-04-25 00:00:00+00:00
[2024-04-25T06:55:22.281+0000] {processor.py:183} INFO - Processing /home/airflow/.local/lib/python3.8/site-packages/airflow/example_dags/example_branch_datetime_operator.py took 0.514 seconds
[2024-04-25T06:55:57.132+0000] {processor.py:161} INFO - Started process (PID=460) to work on /home/airflow/.local/lib/python3.8/site-packages/airflow/example_dags/example_branch_datetime_operator.py
[2024-04-25T06:55:57.140+0000] {processor.py:830} INFO - Processing file /home/airflow/.local/lib/python3.8/site-packages/airflow/example_dags/example_branch_datetime_operator.py for tasks to queue
[2024-04-25T06:55:57.151+0000] {logging_mixin.py:188} INFO - [2024-04-25T06:55:57.150+0000] {dagbag.py:538} INFO - Filling up the DagBag from /home/airflow/.local/lib/python3.8/site-packages/airflow/example_dags/example_branch_datetime_operator.py
[2024-04-25T06:55:57.325+0000] {processor.py:840} INFO - DAG(s) 'example_branch_datetime_operator_2', 'example_branch_datetime_operator_3', 'example_branch_datetime_operator' retrieved from /home/airflow/.local/lib/python3.8/site-packages/airflow/example_dags/example_branch_datetime_operator.py
[2024-04-25T06:55:57.434+0000] {logging_mixin.py:188} INFO - [2024-04-25T06:55:57.433+0000] {dag.py:3036} INFO - Sync 3 DAGs
[2024-04-25T06:55:57.499+0000] {logging_mixin.py:188} INFO - [2024-04-25T06:55:57.499+0000] {dag.py:3823} INFO - Setting next_dagrun for example_branch_datetime_operator to 2024-04-24 00:00:00+00:00, run_after=2024-04-25 00:00:00+00:00
[2024-04-25T06:55:57.519+0000] {logging_mixin.py:188} INFO - [2024-04-25T06:55:57.518+0000] {dag.py:3823} INFO - Setting next_dagrun for example_branch_datetime_operator_2 to 2024-04-24 00:00:00+00:00, run_after=2024-04-25 00:00:00+00:00
[2024-04-25T06:55:57.533+0000] {logging_mixin.py:188} INFO - [2024-04-25T06:55:57.532+0000] {dag.py:3823} INFO - Setting next_dagrun for example_branch_datetime_operator_3 to 2024-04-24 00:00:00+00:00, run_after=2024-04-25 00:00:00+00:00
[2024-04-25T06:55:57.657+0000] {processor.py:183} INFO - Processing /home/airflow/.local/lib/python3.8/site-packages/airflow/example_dags/example_branch_datetime_operator.py took 0.540 seconds
[2024-04-25T06:56:34.999+0000] {processor.py:161} INFO - Started process (PID=530) to work on /home/airflow/.local/lib/python3.8/site-packages/airflow/example_dags/example_branch_datetime_operator.py
[2024-04-25T06:56:35.006+0000] {processor.py:830} INFO - Processing file /home/airflow/.local/lib/python3.8/site-packages/airflow/example_dags/example_branch_datetime_operator.py for tasks to queue
[2024-04-25T06:56:35.015+0000] {logging_mixin.py:188} INFO - [2024-04-25T06:56:35.013+0000] {dagbag.py:538} INFO - Filling up the DagBag from /home/airflow/.local/lib/python3.8/site-packages/airflow/example_dags/example_branch_datetime_operator.py
[2024-04-25T06:56:35.080+0000] {processor.py:840} INFO - DAG(s) 'example_branch_datetime_operator_2', 'example_branch_datetime_operator', 'example_branch_datetime_operator_3' retrieved from /home/airflow/.local/lib/python3.8/site-packages/airflow/example_dags/example_branch_datetime_operator.py
[2024-04-25T06:56:35.227+0000] {logging_mixin.py:188} INFO - [2024-04-25T06:56:35.226+0000] {dag.py:3036} INFO - Sync 3 DAGs
[2024-04-25T06:56:35.363+0000] {logging_mixin.py:188} INFO - [2024-04-25T06:56:35.361+0000] {dag.py:3823} INFO - Setting next_dagrun for example_branch_datetime_operator to 2024-04-24 00:00:00+00:00, run_after=2024-04-25 00:00:00+00:00
[2024-04-25T06:56:35.390+0000] {logging_mixin.py:188} INFO - [2024-04-25T06:56:35.389+0000] {dag.py:3823} INFO - Setting next_dagrun for example_branch_datetime_operator_2 to 2024-04-24 00:00:00+00:00, run_after=2024-04-25 00:00:00+00:00
[2024-04-25T06:56:35.405+0000] {logging_mixin.py:188} INFO - [2024-04-25T06:56:35.404+0000] {dag.py:3823} INFO - Setting next_dagrun for example_branch_datetime_operator_3 to 2024-04-24 00:00:00+00:00, run_after=2024-04-25 00:00:00+00:00
[2024-04-25T06:56:35.487+0000] {processor.py:183} INFO - Processing /home/airflow/.local/lib/python3.8/site-packages/airflow/example_dags/example_branch_datetime_operator.py took 0.508 seconds
[2024-04-25T06:57:33.884+0000] {processor.py:161} INFO - Started process (PID=608) to work on /home/airflow/.local/lib/python3.8/site-packages/airflow/example_dags/example_branch_datetime_operator.py
[2024-04-25T06:57:33.900+0000] {processor.py:830} INFO - Processing file /home/airflow/.local/lib/python3.8/site-packages/airflow/example_dags/example_branch_datetime_operator.py for tasks to queue
[2024-04-25T06:57:33.912+0000] {logging_mixin.py:188} INFO - [2024-04-25T06:57:33.911+0000] {dagbag.py:538} INFO - Filling up the DagBag from /home/airflow/.local/lib/python3.8/site-packages/airflow/example_dags/example_branch_datetime_operator.py
[2024-04-25T06:57:33.965+0000] {processor.py:840} INFO - DAG(s) 'example_branch_datetime_operator_2', 'example_branch_datetime_operator_3', 'example_branch_datetime_operator' retrieved from /home/airflow/.local/lib/python3.8/site-packages/airflow/example_dags/example_branch_datetime_operator.py
[2024-04-25T06:57:34.184+0000] {logging_mixin.py:188} INFO - [2024-04-25T06:57:34.181+0000] {dag.py:3036} INFO - Sync 3 DAGs
[2024-04-25T06:57:34.570+0000] {logging_mixin.py:188} INFO - [2024-04-25T06:57:34.568+0000] {dag.py:3823} INFO - Setting next_dagrun for example_branch_datetime_operator to 2024-04-24 00:00:00+00:00, run_after=2024-04-25 00:00:00+00:00
[2024-04-25T06:57:34.609+0000] {logging_mixin.py:188} INFO - [2024-04-25T06:57:34.608+0000] {dag.py:3823} INFO - Setting next_dagrun for example_branch_datetime_operator_2 to 2024-04-24 00:00:00+00:00, run_after=2024-04-25 00:00:00+00:00
[2024-04-25T06:57:34.626+0000] {logging_mixin.py:188} INFO - [2024-04-25T06:57:34.625+0000] {dag.py:3823} INFO - Setting next_dagrun for example_branch_datetime_operator_3 to 2024-04-24 00:00:00+00:00, run_after=2024-04-25 00:00:00+00:00
[2024-04-25T06:57:34.876+0000] {processor.py:183} INFO - Processing /home/airflow/.local/lib/python3.8/site-packages/airflow/example_dags/example_branch_datetime_operator.py took 1.022 seconds
[2024-04-25T07:03:47.834+0000] {processor.py:161} INFO - Started process (PID=737) to work on /home/airflow/.local/lib/python3.8/site-packages/airflow/example_dags/example_branch_datetime_operator.py
[2024-04-25T07:03:47.863+0000] {processor.py:830} INFO - Processing file /home/airflow/.local/lib/python3.8/site-packages/airflow/example_dags/example_branch_datetime_operator.py for tasks to queue
[2024-04-25T07:03:47.921+0000] {logging_mixin.py:188} INFO - [2024-04-25T07:03:47.919+0000] {dagbag.py:538} INFO - Filling up the DagBag from /home/airflow/.local/lib/python3.8/site-packages/airflow/example_dags/example_branch_datetime_operator.py
[2024-04-25T07:03:49.233+0000] {processor.py:840} INFO - DAG(s) 'example_branch_datetime_operator_3', 'example_branch_datetime_operator', 'example_branch_datetime_operator_2' retrieved from /home/airflow/.local/lib/python3.8/site-packages/airflow/example_dags/example_branch_datetime_operator.py
[2024-04-25T07:03:57.266+0000] {logging_mixin.py:188} INFO - [2024-04-25T07:03:56.863+0000] {dag.py:3036} INFO - Sync 3 DAGs
[2024-04-25T07:04:02.024+0000] {logging_mixin.py:188} INFO - [2024-04-25T07:04:01.834+0000] {dag.py:3823} INFO - Setting next_dagrun for example_branch_datetime_operator to 2024-04-24 00:00:00+00:00, run_after=2024-04-25 00:00:00+00:00
[2024-04-25T07:04:03.239+0000] {logging_mixin.py:188} INFO - [2024-04-25T07:04:03.151+0000] {dag.py:3823} INFO - Setting next_dagrun for example_branch_datetime_operator_2 to 2024-04-24 00:00:00+00:00, run_after=2024-04-25 00:00:00+00:00
[2024-04-25T07:04:03.450+0000] {logging_mixin.py:188} INFO - [2024-04-25T07:04:03.450+0000] {dag.py:3823} INFO - Setting next_dagrun for example_branch_datetime_operator_3 to 2024-04-24 00:00:00+00:00, run_after=2024-04-25 00:00:00+00:00
[2024-04-25T07:04:04.861+0000] {processor.py:183} INFO - Processing /home/airflow/.local/lib/python3.8/site-packages/airflow/example_dags/example_branch_datetime_operator.py took 17.200 seconds
[2024-04-25T07:51:03.749+0000] {processor.py:161} INFO - Started process (PID=64) to work on /home/airflow/.local/lib/python3.8/site-packages/airflow/example_dags/example_branch_datetime_operator.py
[2024-04-25T07:51:03.758+0000] {processor.py:830} INFO - Processing file /home/airflow/.local/lib/python3.8/site-packages/airflow/example_dags/example_branch_datetime_operator.py for tasks to queue
[2024-04-25T07:51:03.771+0000] {logging_mixin.py:188} INFO - [2024-04-25T07:51:03.768+0000] {dagbag.py:538} INFO - Filling up the DagBag from /home/airflow/.local/lib/python3.8/site-packages/airflow/example_dags/example_branch_datetime_operator.py
[2024-04-25T07:51:03.920+0000] {processor.py:840} INFO - DAG(s) 'example_branch_datetime_operator_2', 'example_branch_datetime_operator_3', 'example_branch_datetime_operator' retrieved from /home/airflow/.local/lib/python3.8/site-packages/airflow/example_dags/example_branch_datetime_operator.py
[2024-04-25T07:51:04.840+0000] {logging_mixin.py:188} INFO - [2024-04-25T07:51:04.838+0000] {dag.py:3036} INFO - Sync 3 DAGs
[2024-04-25T07:51:04.950+0000] {logging_mixin.py:188} INFO - [2024-04-25T07:51:04.949+0000] {dag.py:3823} INFO - Setting next_dagrun for example_branch_datetime_operator to 2024-04-24 00:00:00+00:00, run_after=2024-04-25 00:00:00+00:00
[2024-04-25T07:51:04.973+0000] {logging_mixin.py:188} INFO - [2024-04-25T07:51:04.972+0000] {dag.py:3823} INFO - Setting next_dagrun for example_branch_datetime_operator_2 to 2024-04-24 00:00:00+00:00, run_after=2024-04-25 00:00:00+00:00
[2024-04-25T07:51:04.989+0000] {logging_mixin.py:188} INFO - [2024-04-25T07:51:04.988+0000] {dag.py:3823} INFO - Setting next_dagrun for example_branch_datetime_operator_3 to 2024-04-24 00:00:00+00:00, run_after=2024-04-25 00:00:00+00:00
[2024-04-25T07:51:05.108+0000] {processor.py:183} INFO - Processing /home/airflow/.local/lib/python3.8/site-packages/airflow/example_dags/example_branch_datetime_operator.py took 1.377 seconds
[2024-04-25T07:51:38.816+0000] {processor.py:161} INFO - Started process (PID=134) to work on /home/airflow/.local/lib/python3.8/site-packages/airflow/example_dags/example_branch_datetime_operator.py
[2024-04-25T07:51:38.822+0000] {processor.py:830} INFO - Processing file /home/airflow/.local/lib/python3.8/site-packages/airflow/example_dags/example_branch_datetime_operator.py for tasks to queue
[2024-04-25T07:51:38.833+0000] {logging_mixin.py:188} INFO - [2024-04-25T07:51:38.830+0000] {dagbag.py:538} INFO - Filling up the DagBag from /home/airflow/.local/lib/python3.8/site-packages/airflow/example_dags/example_branch_datetime_operator.py
[2024-04-25T07:51:38.896+0000] {processor.py:840} INFO - DAG(s) 'example_branch_datetime_operator_2', 'example_branch_datetime_operator', 'example_branch_datetime_operator_3' retrieved from /home/airflow/.local/lib/python3.8/site-packages/airflow/example_dags/example_branch_datetime_operator.py
[2024-04-25T07:51:39.047+0000] {logging_mixin.py:188} INFO - [2024-04-25T07:51:39.046+0000] {dag.py:3036} INFO - Sync 3 DAGs
[2024-04-25T07:51:39.198+0000] {logging_mixin.py:188} INFO - [2024-04-25T07:51:39.196+0000] {dag.py:3823} INFO - Setting next_dagrun for example_branch_datetime_operator to 2024-04-24 00:00:00+00:00, run_after=2024-04-25 00:00:00+00:00
[2024-04-25T07:51:39.233+0000] {logging_mixin.py:188} INFO - [2024-04-25T07:51:39.230+0000] {dag.py:3823} INFO - Setting next_dagrun for example_branch_datetime_operator_2 to 2024-04-24 00:00:00+00:00, run_after=2024-04-25 00:00:00+00:00
[2024-04-25T07:51:39.269+0000] {logging_mixin.py:188} INFO - [2024-04-25T07:51:39.267+0000] {dag.py:3823} INFO - Setting next_dagrun for example_branch_datetime_operator_3 to 2024-04-24 00:00:00+00:00, run_after=2024-04-25 00:00:00+00:00
[2024-04-25T07:51:39.374+0000] {processor.py:183} INFO - Processing /home/airflow/.local/lib/python3.8/site-packages/airflow/example_dags/example_branch_datetime_operator.py took 0.575 seconds
[2024-04-25T07:52:19.383+0000] {processor.py:161} INFO - Started process (PID=204) to work on /home/airflow/.local/lib/python3.8/site-packages/airflow/example_dags/example_branch_datetime_operator.py
[2024-04-25T07:52:19.393+0000] {processor.py:830} INFO - Processing file /home/airflow/.local/lib/python3.8/site-packages/airflow/example_dags/example_branch_datetime_operator.py for tasks to queue
[2024-04-25T07:52:19.404+0000] {logging_mixin.py:188} INFO - [2024-04-25T07:52:19.402+0000] {dagbag.py:538} INFO - Filling up the DagBag from /home/airflow/.local/lib/python3.8/site-packages/airflow/example_dags/example_branch_datetime_operator.py
[2024-04-25T07:52:19.493+0000] {processor.py:840} INFO - DAG(s) 'example_branch_datetime_operator_3', 'example_branch_datetime_operator', 'example_branch_datetime_operator_2' retrieved from /home/airflow/.local/lib/python3.8/site-packages/airflow/example_dags/example_branch_datetime_operator.py
[2024-04-25T07:52:19.799+0000] {logging_mixin.py:188} INFO - [2024-04-25T07:52:19.798+0000] {dag.py:3036} INFO - Sync 3 DAGs
[2024-04-25T07:52:19.988+0000] {logging_mixin.py:188} INFO - [2024-04-25T07:52:19.986+0000] {dag.py:3823} INFO - Setting next_dagrun for example_branch_datetime_operator to 2024-04-24 00:00:00+00:00, run_after=2024-04-25 00:00:00+00:00
[2024-04-25T07:52:20.021+0000] {logging_mixin.py:188} INFO - [2024-04-25T07:52:20.020+0000] {dag.py:3823} INFO - Setting next_dagrun for example_branch_datetime_operator_2 to 2024-04-24 00:00:00+00:00, run_after=2024-04-25 00:00:00+00:00
[2024-04-25T07:52:20.035+0000] {logging_mixin.py:188} INFO - [2024-04-25T07:52:20.034+0000] {dag.py:3823} INFO - Setting next_dagrun for example_branch_datetime_operator_3 to 2024-04-24 00:00:00+00:00, run_after=2024-04-25 00:00:00+00:00
[2024-04-25T07:52:20.128+0000] {processor.py:183} INFO - Processing /home/airflow/.local/lib/python3.8/site-packages/airflow/example_dags/example_branch_datetime_operator.py took 0.766 seconds
[2024-04-25T07:52:52.014+0000] {processor.py:161} INFO - Started process (PID=274) to work on /home/airflow/.local/lib/python3.8/site-packages/airflow/example_dags/example_branch_datetime_operator.py
[2024-04-25T07:52:52.019+0000] {processor.py:830} INFO - Processing file /home/airflow/.local/lib/python3.8/site-packages/airflow/example_dags/example_branch_datetime_operator.py for tasks to queue
[2024-04-25T07:52:52.026+0000] {logging_mixin.py:188} INFO - [2024-04-25T07:52:52.025+0000] {dagbag.py:538} INFO - Filling up the DagBag from /home/airflow/.local/lib/python3.8/site-packages/airflow/example_dags/example_branch_datetime_operator.py
[2024-04-25T07:52:52.068+0000] {processor.py:840} INFO - DAG(s) 'example_branch_datetime_operator', 'example_branch_datetime_operator_2', 'example_branch_datetime_operator_3' retrieved from /home/airflow/.local/lib/python3.8/site-packages/airflow/example_dags/example_branch_datetime_operator.py
[2024-04-25T07:52:52.238+0000] {logging_mixin.py:188} INFO - [2024-04-25T07:52:52.237+0000] {dag.py:3036} INFO - Sync 3 DAGs
[2024-04-25T07:52:52.398+0000] {logging_mixin.py:188} INFO - [2024-04-25T07:52:52.397+0000] {dag.py:3823} INFO - Setting next_dagrun for example_branch_datetime_operator to 2024-04-24 00:00:00+00:00, run_after=2024-04-25 00:00:00+00:00
[2024-04-25T07:52:52.417+0000] {logging_mixin.py:188} INFO - [2024-04-25T07:52:52.417+0000] {dag.py:3823} INFO - Setting next_dagrun for example_branch_datetime_operator_2 to 2024-04-24 00:00:00+00:00, run_after=2024-04-25 00:00:00+00:00
[2024-04-25T07:52:52.426+0000] {logging_mixin.py:188} INFO - [2024-04-25T07:52:52.426+0000] {dag.py:3823} INFO - Setting next_dagrun for example_branch_datetime_operator_3 to 2024-04-24 00:00:00+00:00, run_after=2024-04-25 00:00:00+00:00
[2024-04-25T07:52:52.478+0000] {processor.py:183} INFO - Processing /home/airflow/.local/lib/python3.8/site-packages/airflow/example_dags/example_branch_datetime_operator.py took 0.477 seconds
[2024-04-25T07:53:29.793+0000] {processor.py:161} INFO - Started process (PID=350) to work on /home/airflow/.local/lib/python3.8/site-packages/airflow/example_dags/example_branch_datetime_operator.py
[2024-04-25T07:53:29.799+0000] {processor.py:830} INFO - Processing file /home/airflow/.local/lib/python3.8/site-packages/airflow/example_dags/example_branch_datetime_operator.py for tasks to queue
[2024-04-25T07:53:29.809+0000] {logging_mixin.py:188} INFO - [2024-04-25T07:53:29.807+0000] {dagbag.py:538} INFO - Filling up the DagBag from /home/airflow/.local/lib/python3.8/site-packages/airflow/example_dags/example_branch_datetime_operator.py
[2024-04-25T07:53:29.848+0000] {processor.py:840} INFO - DAG(s) 'example_branch_datetime_operator_2', 'example_branch_datetime_operator', 'example_branch_datetime_operator_3' retrieved from /home/airflow/.local/lib/python3.8/site-packages/airflow/example_dags/example_branch_datetime_operator.py
[2024-04-25T07:53:29.964+0000] {logging_mixin.py:188} INFO - [2024-04-25T07:53:29.963+0000] {dag.py:3036} INFO - Sync 3 DAGs
[2024-04-25T07:53:30.092+0000] {logging_mixin.py:188} INFO - [2024-04-25T07:53:30.091+0000] {dag.py:3823} INFO - Setting next_dagrun for example_branch_datetime_operator to 2024-04-24 00:00:00+00:00, run_after=2024-04-25 00:00:00+00:00
[2024-04-25T07:53:30.116+0000] {logging_mixin.py:188} INFO - [2024-04-25T07:53:30.115+0000] {dag.py:3823} INFO - Setting next_dagrun for example_branch_datetime_operator_2 to 2024-04-24 00:00:00+00:00, run_after=2024-04-25 00:00:00+00:00
[2024-04-25T07:53:30.127+0000] {logging_mixin.py:188} INFO - [2024-04-25T07:53:30.127+0000] {dag.py:3823} INFO - Setting next_dagrun for example_branch_datetime_operator_3 to 2024-04-24 00:00:00+00:00, run_after=2024-04-25 00:00:00+00:00
[2024-04-25T07:53:30.206+0000] {processor.py:183} INFO - Processing /home/airflow/.local/lib/python3.8/site-packages/airflow/example_dags/example_branch_datetime_operator.py took 0.424 seconds
