[2024-04-25T05:59:04.903+0000] {processor.py:161} INFO - Started process (PID=103) to work on /home/airflow/.local/lib/python3.8/site-packages/airflow/example_dags/example_kubernetes_executor.py
[2024-04-25T05:59:04.908+0000] {processor.py:830} INFO - Processing file /home/airflow/.local/lib/python3.8/site-packages/airflow/example_dags/example_kubernetes_executor.py for tasks to queue
[2024-04-25T05:59:04.917+0000] {logging_mixin.py:188} INFO - [2024-04-25T05:59:04.916+0000] {dagbag.py:538} INFO - Filling up the DagBag from /home/airflow/.local/lib/python3.8/site-packages/airflow/example_dags/example_kubernetes_executor.py
[2024-04-25T05:59:05.022+0000] {processor.py:840} INFO - DAG(s) 'example_kubernetes_executor' retrieved from /home/airflow/.local/lib/python3.8/site-packages/airflow/example_dags/example_kubernetes_executor.py
[2024-04-25T05:59:05.751+0000] {logging_mixin.py:188} INFO - [2024-04-25T05:59:05.750+0000] {dag.py:3036} INFO - Sync 1 DAGs
[2024-04-25T05:59:05.805+0000] {logging_mixin.py:188} INFO - [2024-04-25T05:59:05.804+0000] {dag.py:3823} INFO - Setting next_dagrun for example_kubernetes_executor to None, run_after=None
[2024-04-25T05:59:05.908+0000] {processor.py:183} INFO - Processing /home/airflow/.local/lib/python3.8/site-packages/airflow/example_dags/example_kubernetes_executor.py took 1.020 seconds
[2024-04-25T05:59:38.567+0000] {processor.py:161} INFO - Started process (PID=162) to work on /home/airflow/.local/lib/python3.8/site-packages/airflow/example_dags/example_kubernetes_executor.py
[2024-04-25T05:59:38.573+0000] {processor.py:830} INFO - Processing file /home/airflow/.local/lib/python3.8/site-packages/airflow/example_dags/example_kubernetes_executor.py for tasks to queue
[2024-04-25T05:59:38.586+0000] {logging_mixin.py:188} INFO - [2024-04-25T05:59:38.585+0000] {dagbag.py:538} INFO - Filling up the DagBag from /home/airflow/.local/lib/python3.8/site-packages/airflow/example_dags/example_kubernetes_executor.py
[2024-04-25T05:59:38.853+0000] {processor.py:840} INFO - DAG(s) 'example_kubernetes_executor' retrieved from /home/airflow/.local/lib/python3.8/site-packages/airflow/example_dags/example_kubernetes_executor.py
[2024-04-25T05:59:39.257+0000] {logging_mixin.py:188} INFO - [2024-04-25T05:59:39.256+0000] {dag.py:3036} INFO - Sync 1 DAGs
[2024-04-25T05:59:39.367+0000] {logging_mixin.py:188} INFO - [2024-04-25T05:59:39.366+0000] {dag.py:3823} INFO - Setting next_dagrun for example_kubernetes_executor to None, run_after=None
[2024-04-25T05:59:39.594+0000] {processor.py:183} INFO - Processing /home/airflow/.local/lib/python3.8/site-packages/airflow/example_dags/example_kubernetes_executor.py took 1.044 seconds
[2024-04-25T06:00:34.932+0000] {processor.py:161} INFO - Started process (PID=208) to work on /home/airflow/.local/lib/python3.8/site-packages/airflow/example_dags/example_kubernetes_executor.py
[2024-04-25T06:00:34.942+0000] {processor.py:830} INFO - Processing file /home/airflow/.local/lib/python3.8/site-packages/airflow/example_dags/example_kubernetes_executor.py for tasks to queue
[2024-04-25T06:00:34.983+0000] {logging_mixin.py:188} INFO - [2024-04-25T06:00:34.975+0000] {dagbag.py:538} INFO - Filling up the DagBag from /home/airflow/.local/lib/python3.8/site-packages/airflow/example_dags/example_kubernetes_executor.py
[2024-04-25T06:00:35.205+0000] {processor.py:840} INFO - DAG(s) 'example_kubernetes_executor' retrieved from /home/airflow/.local/lib/python3.8/site-packages/airflow/example_dags/example_kubernetes_executor.py
[2024-04-25T06:00:35.554+0000] {logging_mixin.py:188} INFO - [2024-04-25T06:00:35.549+0000] {dag.py:3036} INFO - Sync 1 DAGs
[2024-04-25T06:00:35.661+0000] {logging_mixin.py:188} INFO - [2024-04-25T06:00:35.659+0000] {dag.py:3823} INFO - Setting next_dagrun for example_kubernetes_executor to None, run_after=None
[2024-04-25T06:00:35.776+0000] {processor.py:183} INFO - Processing /home/airflow/.local/lib/python3.8/site-packages/airflow/example_dags/example_kubernetes_executor.py took 0.871 seconds
[2024-04-25T06:01:12.196+0000] {processor.py:161} INFO - Started process (PID=273) to work on /home/airflow/.local/lib/python3.8/site-packages/airflow/example_dags/example_kubernetes_executor.py
[2024-04-25T06:01:12.202+0000] {processor.py:830} INFO - Processing file /home/airflow/.local/lib/python3.8/site-packages/airflow/example_dags/example_kubernetes_executor.py for tasks to queue
[2024-04-25T06:01:12.208+0000] {logging_mixin.py:188} INFO - [2024-04-25T06:01:12.207+0000] {dagbag.py:538} INFO - Filling up the DagBag from /home/airflow/.local/lib/python3.8/site-packages/airflow/example_dags/example_kubernetes_executor.py
[2024-04-25T06:01:12.296+0000] {processor.py:840} INFO - DAG(s) 'example_kubernetes_executor' retrieved from /home/airflow/.local/lib/python3.8/site-packages/airflow/example_dags/example_kubernetes_executor.py
[2024-04-25T06:01:12.515+0000] {logging_mixin.py:188} INFO - [2024-04-25T06:01:12.512+0000] {dag.py:3036} INFO - Sync 1 DAGs
[2024-04-25T06:01:12.654+0000] {logging_mixin.py:188} INFO - [2024-04-25T06:01:12.648+0000] {dag.py:3823} INFO - Setting next_dagrun for example_kubernetes_executor to None, run_after=None
[2024-04-25T06:01:12.812+0000] {processor.py:183} INFO - Processing /home/airflow/.local/lib/python3.8/site-packages/airflow/example_dags/example_kubernetes_executor.py took 0.627 seconds
[2024-04-25T06:01:54.950+0000] {processor.py:161} INFO - Started process (PID=333) to work on /home/airflow/.local/lib/python3.8/site-packages/airflow/example_dags/example_kubernetes_executor.py
[2024-04-25T06:01:54.954+0000] {processor.py:830} INFO - Processing file /home/airflow/.local/lib/python3.8/site-packages/airflow/example_dags/example_kubernetes_executor.py for tasks to queue
[2024-04-25T06:01:54.961+0000] {logging_mixin.py:188} INFO - [2024-04-25T06:01:54.960+0000] {dagbag.py:538} INFO - Filling up the DagBag from /home/airflow/.local/lib/python3.8/site-packages/airflow/example_dags/example_kubernetes_executor.py
[2024-04-25T06:01:55.013+0000] {processor.py:840} INFO - DAG(s) 'example_kubernetes_executor' retrieved from /home/airflow/.local/lib/python3.8/site-packages/airflow/example_dags/example_kubernetes_executor.py
[2024-04-25T06:01:55.125+0000] {logging_mixin.py:188} INFO - [2024-04-25T06:01:55.124+0000] {dag.py:3036} INFO - Sync 1 DAGs
[2024-04-25T06:01:55.157+0000] {logging_mixin.py:188} INFO - [2024-04-25T06:01:55.157+0000] {dag.py:3823} INFO - Setting next_dagrun for example_kubernetes_executor to None, run_after=None
[2024-04-25T06:01:55.222+0000] {processor.py:183} INFO - Processing /home/airflow/.local/lib/python3.8/site-packages/airflow/example_dags/example_kubernetes_executor.py took 0.285 seconds
[2024-04-25T06:02:26.796+0000] {processor.py:161} INFO - Started process (PID=392) to work on /home/airflow/.local/lib/python3.8/site-packages/airflow/example_dags/example_kubernetes_executor.py
[2024-04-25T06:02:26.799+0000] {processor.py:830} INFO - Processing file /home/airflow/.local/lib/python3.8/site-packages/airflow/example_dags/example_kubernetes_executor.py for tasks to queue
[2024-04-25T06:02:26.805+0000] {logging_mixin.py:188} INFO - [2024-04-25T06:02:26.804+0000] {dagbag.py:538} INFO - Filling up the DagBag from /home/airflow/.local/lib/python3.8/site-packages/airflow/example_dags/example_kubernetes_executor.py
[2024-04-25T06:02:26.852+0000] {processor.py:840} INFO - DAG(s) 'example_kubernetes_executor' retrieved from /home/airflow/.local/lib/python3.8/site-packages/airflow/example_dags/example_kubernetes_executor.py
[2024-04-25T06:02:26.956+0000] {logging_mixin.py:188} INFO - [2024-04-25T06:02:26.955+0000] {dag.py:3036} INFO - Sync 1 DAGs
[2024-04-25T06:02:26.993+0000] {logging_mixin.py:188} INFO - [2024-04-25T06:02:26.992+0000] {dag.py:3823} INFO - Setting next_dagrun for example_kubernetes_executor to None, run_after=None
[2024-04-25T06:02:27.048+0000] {processor.py:183} INFO - Processing /home/airflow/.local/lib/python3.8/site-packages/airflow/example_dags/example_kubernetes_executor.py took 0.260 seconds
[2024-04-25T06:03:05.839+0000] {processor.py:161} INFO - Started process (PID=451) to work on /home/airflow/.local/lib/python3.8/site-packages/airflow/example_dags/example_kubernetes_executor.py
[2024-04-25T06:03:05.847+0000] {processor.py:830} INFO - Processing file /home/airflow/.local/lib/python3.8/site-packages/airflow/example_dags/example_kubernetes_executor.py for tasks to queue
[2024-04-25T06:03:05.860+0000] {logging_mixin.py:188} INFO - [2024-04-25T06:03:05.859+0000] {dagbag.py:538} INFO - Filling up the DagBag from /home/airflow/.local/lib/python3.8/site-packages/airflow/example_dags/example_kubernetes_executor.py
[2024-04-25T06:03:05.988+0000] {processor.py:840} INFO - DAG(s) 'example_kubernetes_executor' retrieved from /home/airflow/.local/lib/python3.8/site-packages/airflow/example_dags/example_kubernetes_executor.py
[2024-04-25T06:03:06.844+0000] {logging_mixin.py:188} INFO - [2024-04-25T06:03:06.842+0000] {dag.py:3036} INFO - Sync 1 DAGs
[2024-04-25T06:03:06.966+0000] {logging_mixin.py:188} INFO - [2024-04-25T06:03:06.965+0000] {dag.py:3823} INFO - Setting next_dagrun for example_kubernetes_executor to None, run_after=None
[2024-04-25T06:03:07.112+0000] {processor.py:183} INFO - Processing /home/airflow/.local/lib/python3.8/site-packages/airflow/example_dags/example_kubernetes_executor.py took 1.287 seconds
[2024-04-25T06:03:38.464+0000] {processor.py:161} INFO - Started process (PID=510) to work on /home/airflow/.local/lib/python3.8/site-packages/airflow/example_dags/example_kubernetes_executor.py
[2024-04-25T06:03:38.469+0000] {processor.py:830} INFO - Processing file /home/airflow/.local/lib/python3.8/site-packages/airflow/example_dags/example_kubernetes_executor.py for tasks to queue
[2024-04-25T06:03:38.478+0000] {logging_mixin.py:188} INFO - [2024-04-25T06:03:38.477+0000] {dagbag.py:538} INFO - Filling up the DagBag from /home/airflow/.local/lib/python3.8/site-packages/airflow/example_dags/example_kubernetes_executor.py
[2024-04-25T06:03:38.554+0000] {processor.py:840} INFO - DAG(s) 'example_kubernetes_executor' retrieved from /home/airflow/.local/lib/python3.8/site-packages/airflow/example_dags/example_kubernetes_executor.py
[2024-04-25T06:03:38.774+0000] {logging_mixin.py:188} INFO - [2024-04-25T06:03:38.773+0000] {dag.py:3036} INFO - Sync 1 DAGs
[2024-04-25T06:03:38.846+0000] {logging_mixin.py:188} INFO - [2024-04-25T06:03:38.845+0000] {dag.py:3823} INFO - Setting next_dagrun for example_kubernetes_executor to None, run_after=None
[2024-04-25T06:03:38.957+0000] {processor.py:183} INFO - Processing /home/airflow/.local/lib/python3.8/site-packages/airflow/example_dags/example_kubernetes_executor.py took 0.512 seconds
[2024-04-25T06:04:09.186+0000] {processor.py:161} INFO - Started process (PID=569) to work on /home/airflow/.local/lib/python3.8/site-packages/airflow/example_dags/example_kubernetes_executor.py
[2024-04-25T06:04:09.189+0000] {processor.py:830} INFO - Processing file /home/airflow/.local/lib/python3.8/site-packages/airflow/example_dags/example_kubernetes_executor.py for tasks to queue
[2024-04-25T06:04:09.194+0000] {logging_mixin.py:188} INFO - [2024-04-25T06:04:09.193+0000] {dagbag.py:538} INFO - Filling up the DagBag from /home/airflow/.local/lib/python3.8/site-packages/airflow/example_dags/example_kubernetes_executor.py
[2024-04-25T06:04:09.231+0000] {processor.py:840} INFO - DAG(s) 'example_kubernetes_executor' retrieved from /home/airflow/.local/lib/python3.8/site-packages/airflow/example_dags/example_kubernetes_executor.py
[2024-04-25T06:04:09.348+0000] {logging_mixin.py:188} INFO - [2024-04-25T06:04:09.348+0000] {dag.py:3036} INFO - Sync 1 DAGs
[2024-04-25T06:04:09.388+0000] {logging_mixin.py:188} INFO - [2024-04-25T06:04:09.387+0000] {dag.py:3823} INFO - Setting next_dagrun for example_kubernetes_executor to None, run_after=None
[2024-04-25T06:04:09.457+0000] {processor.py:183} INFO - Processing /home/airflow/.local/lib/python3.8/site-packages/airflow/example_dags/example_kubernetes_executor.py took 0.278 seconds
[2024-04-25T06:04:39.949+0000] {processor.py:161} INFO - Started process (PID=628) to work on /home/airflow/.local/lib/python3.8/site-packages/airflow/example_dags/example_kubernetes_executor.py
[2024-04-25T06:04:39.952+0000] {processor.py:830} INFO - Processing file /home/airflow/.local/lib/python3.8/site-packages/airflow/example_dags/example_kubernetes_executor.py for tasks to queue
[2024-04-25T06:04:39.956+0000] {logging_mixin.py:188} INFO - [2024-04-25T06:04:39.955+0000] {dagbag.py:538} INFO - Filling up the DagBag from /home/airflow/.local/lib/python3.8/site-packages/airflow/example_dags/example_kubernetes_executor.py
[2024-04-25T06:04:39.995+0000] {processor.py:840} INFO - DAG(s) 'example_kubernetes_executor' retrieved from /home/airflow/.local/lib/python3.8/site-packages/airflow/example_dags/example_kubernetes_executor.py
[2024-04-25T06:04:40.056+0000] {logging_mixin.py:188} INFO - [2024-04-25T06:04:40.056+0000] {dag.py:3036} INFO - Sync 1 DAGs
[2024-04-25T06:04:40.077+0000] {logging_mixin.py:188} INFO - [2024-04-25T06:04:40.077+0000] {dag.py:3823} INFO - Setting next_dagrun for example_kubernetes_executor to None, run_after=None
[2024-04-25T06:04:40.110+0000] {processor.py:183} INFO - Processing /home/airflow/.local/lib/python3.8/site-packages/airflow/example_dags/example_kubernetes_executor.py took 0.168 seconds
[2024-04-25T06:05:10.197+0000] {processor.py:161} INFO - Started process (PID=686) to work on /home/airflow/.local/lib/python3.8/site-packages/airflow/example_dags/example_kubernetes_executor.py
[2024-04-25T06:05:10.200+0000] {processor.py:830} INFO - Processing file /home/airflow/.local/lib/python3.8/site-packages/airflow/example_dags/example_kubernetes_executor.py for tasks to queue
[2024-04-25T06:05:10.207+0000] {logging_mixin.py:188} INFO - [2024-04-25T06:05:10.206+0000] {dagbag.py:538} INFO - Filling up the DagBag from /home/airflow/.local/lib/python3.8/site-packages/airflow/example_dags/example_kubernetes_executor.py
[2024-04-25T06:05:10.260+0000] {processor.py:840} INFO - DAG(s) 'example_kubernetes_executor' retrieved from /home/airflow/.local/lib/python3.8/site-packages/airflow/example_dags/example_kubernetes_executor.py
[2024-04-25T06:05:10.354+0000] {logging_mixin.py:188} INFO - [2024-04-25T06:05:10.353+0000] {dag.py:3036} INFO - Sync 1 DAGs
[2024-04-25T06:05:10.389+0000] {logging_mixin.py:188} INFO - [2024-04-25T06:05:10.388+0000] {dag.py:3823} INFO - Setting next_dagrun for example_kubernetes_executor to None, run_after=None
[2024-04-25T06:05:10.431+0000] {processor.py:183} INFO - Processing /home/airflow/.local/lib/python3.8/site-packages/airflow/example_dags/example_kubernetes_executor.py took 0.247 seconds
[2024-04-25T06:05:40.844+0000] {processor.py:161} INFO - Started process (PID=751) to work on /home/airflow/.local/lib/python3.8/site-packages/airflow/example_dags/example_kubernetes_executor.py
[2024-04-25T06:05:40.847+0000] {processor.py:830} INFO - Processing file /home/airflow/.local/lib/python3.8/site-packages/airflow/example_dags/example_kubernetes_executor.py for tasks to queue
[2024-04-25T06:05:40.851+0000] {logging_mixin.py:188} INFO - [2024-04-25T06:05:40.851+0000] {dagbag.py:538} INFO - Filling up the DagBag from /home/airflow/.local/lib/python3.8/site-packages/airflow/example_dags/example_kubernetes_executor.py
[2024-04-25T06:05:40.883+0000] {processor.py:840} INFO - DAG(s) 'example_kubernetes_executor' retrieved from /home/airflow/.local/lib/python3.8/site-packages/airflow/example_dags/example_kubernetes_executor.py
[2024-04-25T06:05:40.937+0000] {logging_mixin.py:188} INFO - [2024-04-25T06:05:40.936+0000] {dag.py:3036} INFO - Sync 1 DAGs
[2024-04-25T06:05:40.951+0000] {logging_mixin.py:188} INFO - [2024-04-25T06:05:40.951+0000] {dag.py:3823} INFO - Setting next_dagrun for example_kubernetes_executor to None, run_after=None
[2024-04-25T06:05:40.976+0000] {processor.py:183} INFO - Processing /home/airflow/.local/lib/python3.8/site-packages/airflow/example_dags/example_kubernetes_executor.py took 0.139 seconds
[2024-04-25T06:06:11.252+0000] {processor.py:161} INFO - Started process (PID=810) to work on /home/airflow/.local/lib/python3.8/site-packages/airflow/example_dags/example_kubernetes_executor.py
[2024-04-25T06:06:11.255+0000] {processor.py:830} INFO - Processing file /home/airflow/.local/lib/python3.8/site-packages/airflow/example_dags/example_kubernetes_executor.py for tasks to queue
[2024-04-25T06:06:11.259+0000] {logging_mixin.py:188} INFO - [2024-04-25T06:06:11.259+0000] {dagbag.py:538} INFO - Filling up the DagBag from /home/airflow/.local/lib/python3.8/site-packages/airflow/example_dags/example_kubernetes_executor.py
[2024-04-25T06:06:11.287+0000] {processor.py:840} INFO - DAG(s) 'example_kubernetes_executor' retrieved from /home/airflow/.local/lib/python3.8/site-packages/airflow/example_dags/example_kubernetes_executor.py
[2024-04-25T06:06:11.331+0000] {logging_mixin.py:188} INFO - [2024-04-25T06:06:11.330+0000] {dag.py:3036} INFO - Sync 1 DAGs
[2024-04-25T06:06:11.344+0000] {logging_mixin.py:188} INFO - [2024-04-25T06:06:11.344+0000] {dag.py:3823} INFO - Setting next_dagrun for example_kubernetes_executor to None, run_after=None
[2024-04-25T06:06:11.371+0000] {processor.py:183} INFO - Processing /home/airflow/.local/lib/python3.8/site-packages/airflow/example_dags/example_kubernetes_executor.py took 0.125 seconds
[2024-04-25T06:06:42.633+0000] {processor.py:161} INFO - Started process (PID=870) to work on /home/airflow/.local/lib/python3.8/site-packages/airflow/example_dags/example_kubernetes_executor.py
[2024-04-25T06:06:42.674+0000] {processor.py:830} INFO - Processing file /home/airflow/.local/lib/python3.8/site-packages/airflow/example_dags/example_kubernetes_executor.py for tasks to queue
[2024-04-25T06:06:42.710+0000] {logging_mixin.py:188} INFO - [2024-04-25T06:06:42.708+0000] {dagbag.py:538} INFO - Filling up the DagBag from /home/airflow/.local/lib/python3.8/site-packages/airflow/example_dags/example_kubernetes_executor.py
[2024-04-25T06:06:43.175+0000] {processor.py:840} INFO - DAG(s) 'example_kubernetes_executor' retrieved from /home/airflow/.local/lib/python3.8/site-packages/airflow/example_dags/example_kubernetes_executor.py
[2024-04-25T06:06:43.502+0000] {logging_mixin.py:188} INFO - [2024-04-25T06:06:43.501+0000] {dag.py:3036} INFO - Sync 1 DAGs
[2024-04-25T06:06:43.593+0000] {logging_mixin.py:188} INFO - [2024-04-25T06:06:43.592+0000] {dag.py:3823} INFO - Setting next_dagrun for example_kubernetes_executor to None, run_after=None
[2024-04-25T06:06:43.711+0000] {processor.py:183} INFO - Processing /home/airflow/.local/lib/python3.8/site-packages/airflow/example_dags/example_kubernetes_executor.py took 1.232 seconds
[2024-04-25T06:07:13.803+0000] {processor.py:161} INFO - Started process (PID=928) to work on /home/airflow/.local/lib/python3.8/site-packages/airflow/example_dags/example_kubernetes_executor.py
[2024-04-25T06:07:13.806+0000] {processor.py:830} INFO - Processing file /home/airflow/.local/lib/python3.8/site-packages/airflow/example_dags/example_kubernetes_executor.py for tasks to queue
[2024-04-25T06:07:13.811+0000] {logging_mixin.py:188} INFO - [2024-04-25T06:07:13.810+0000] {dagbag.py:538} INFO - Filling up the DagBag from /home/airflow/.local/lib/python3.8/site-packages/airflow/example_dags/example_kubernetes_executor.py
[2024-04-25T06:07:13.837+0000] {processor.py:840} INFO - DAG(s) 'example_kubernetes_executor' retrieved from /home/airflow/.local/lib/python3.8/site-packages/airflow/example_dags/example_kubernetes_executor.py
[2024-04-25T06:07:14.110+0000] {logging_mixin.py:188} INFO - [2024-04-25T06:07:14.108+0000] {dag.py:3036} INFO - Sync 1 DAGs
[2024-04-25T06:07:14.209+0000] {logging_mixin.py:188} INFO - [2024-04-25T06:07:14.208+0000] {dag.py:3823} INFO - Setting next_dagrun for example_kubernetes_executor to None, run_after=None
[2024-04-25T06:07:14.320+0000] {processor.py:183} INFO - Processing /home/airflow/.local/lib/python3.8/site-packages/airflow/example_dags/example_kubernetes_executor.py took 0.522 seconds
[2024-04-25T06:07:44.690+0000] {processor.py:161} INFO - Started process (PID=987) to work on /home/airflow/.local/lib/python3.8/site-packages/airflow/example_dags/example_kubernetes_executor.py
[2024-04-25T06:07:44.693+0000] {processor.py:830} INFO - Processing file /home/airflow/.local/lib/python3.8/site-packages/airflow/example_dags/example_kubernetes_executor.py for tasks to queue
[2024-04-25T06:07:44.700+0000] {logging_mixin.py:188} INFO - [2024-04-25T06:07:44.699+0000] {dagbag.py:538} INFO - Filling up the DagBag from /home/airflow/.local/lib/python3.8/site-packages/airflow/example_dags/example_kubernetes_executor.py
[2024-04-25T06:07:44.772+0000] {processor.py:840} INFO - DAG(s) 'example_kubernetes_executor' retrieved from /home/airflow/.local/lib/python3.8/site-packages/airflow/example_dags/example_kubernetes_executor.py
[2024-04-25T06:07:44.919+0000] {logging_mixin.py:188} INFO - [2024-04-25T06:07:44.919+0000] {dag.py:3036} INFO - Sync 1 DAGs
[2024-04-25T06:07:44.945+0000] {logging_mixin.py:188} INFO - [2024-04-25T06:07:44.945+0000] {dag.py:3823} INFO - Setting next_dagrun for example_kubernetes_executor to None, run_after=None
[2024-04-25T06:07:44.986+0000] {processor.py:183} INFO - Processing /home/airflow/.local/lib/python3.8/site-packages/airflow/example_dags/example_kubernetes_executor.py took 0.304 seconds
[2024-04-25T06:08:15.104+0000] {processor.py:161} INFO - Started process (PID=1046) to work on /home/airflow/.local/lib/python3.8/site-packages/airflow/example_dags/example_kubernetes_executor.py
[2024-04-25T06:08:15.106+0000] {processor.py:830} INFO - Processing file /home/airflow/.local/lib/python3.8/site-packages/airflow/example_dags/example_kubernetes_executor.py for tasks to queue
[2024-04-25T06:08:15.109+0000] {logging_mixin.py:188} INFO - [2024-04-25T06:08:15.109+0000] {dagbag.py:538} INFO - Filling up the DagBag from /home/airflow/.local/lib/python3.8/site-packages/airflow/example_dags/example_kubernetes_executor.py
[2024-04-25T06:08:15.133+0000] {processor.py:840} INFO - DAG(s) 'example_kubernetes_executor' retrieved from /home/airflow/.local/lib/python3.8/site-packages/airflow/example_dags/example_kubernetes_executor.py
[2024-04-25T06:08:15.216+0000] {logging_mixin.py:188} INFO - [2024-04-25T06:08:15.215+0000] {dag.py:3036} INFO - Sync 1 DAGs
[2024-04-25T06:08:15.234+0000] {logging_mixin.py:188} INFO - [2024-04-25T06:08:15.234+0000] {dag.py:3823} INFO - Setting next_dagrun for example_kubernetes_executor to None, run_after=None
[2024-04-25T06:08:15.267+0000] {processor.py:183} INFO - Processing /home/airflow/.local/lib/python3.8/site-packages/airflow/example_dags/example_kubernetes_executor.py took 0.168 seconds
[2024-04-25T06:08:45.406+0000] {processor.py:161} INFO - Started process (PID=1105) to work on /home/airflow/.local/lib/python3.8/site-packages/airflow/example_dags/example_kubernetes_executor.py
[2024-04-25T06:08:45.409+0000] {processor.py:830} INFO - Processing file /home/airflow/.local/lib/python3.8/site-packages/airflow/example_dags/example_kubernetes_executor.py for tasks to queue
[2024-04-25T06:08:45.416+0000] {logging_mixin.py:188} INFO - [2024-04-25T06:08:45.415+0000] {dagbag.py:538} INFO - Filling up the DagBag from /home/airflow/.local/lib/python3.8/site-packages/airflow/example_dags/example_kubernetes_executor.py
[2024-04-25T06:08:45.439+0000] {processor.py:840} INFO - DAG(s) 'example_kubernetes_executor' retrieved from /home/airflow/.local/lib/python3.8/site-packages/airflow/example_dags/example_kubernetes_executor.py
[2024-04-25T06:08:45.484+0000] {logging_mixin.py:188} INFO - [2024-04-25T06:08:45.484+0000] {dag.py:3036} INFO - Sync 1 DAGs
[2024-04-25T06:08:45.500+0000] {logging_mixin.py:188} INFO - [2024-04-25T06:08:45.500+0000] {dag.py:3823} INFO - Setting next_dagrun for example_kubernetes_executor to None, run_after=None
[2024-04-25T06:08:45.528+0000] {processor.py:183} INFO - Processing /home/airflow/.local/lib/python3.8/site-packages/airflow/example_dags/example_kubernetes_executor.py took 0.131 seconds
[2024-04-25T06:09:15.878+0000] {processor.py:161} INFO - Started process (PID=1164) to work on /home/airflow/.local/lib/python3.8/site-packages/airflow/example_dags/example_kubernetes_executor.py
[2024-04-25T06:09:15.882+0000] {processor.py:830} INFO - Processing file /home/airflow/.local/lib/python3.8/site-packages/airflow/example_dags/example_kubernetes_executor.py for tasks to queue
[2024-04-25T06:09:15.886+0000] {logging_mixin.py:188} INFO - [2024-04-25T06:09:15.885+0000] {dagbag.py:538} INFO - Filling up the DagBag from /home/airflow/.local/lib/python3.8/site-packages/airflow/example_dags/example_kubernetes_executor.py
[2024-04-25T06:09:15.917+0000] {processor.py:840} INFO - DAG(s) 'example_kubernetes_executor' retrieved from /home/airflow/.local/lib/python3.8/site-packages/airflow/example_dags/example_kubernetes_executor.py
[2024-04-25T06:09:15.979+0000] {logging_mixin.py:188} INFO - [2024-04-25T06:09:15.979+0000] {dag.py:3036} INFO - Sync 1 DAGs
[2024-04-25T06:09:16.005+0000] {logging_mixin.py:188} INFO - [2024-04-25T06:09:16.004+0000] {dag.py:3823} INFO - Setting next_dagrun for example_kubernetes_executor to None, run_after=None
[2024-04-25T06:09:16.051+0000] {processor.py:183} INFO - Processing /home/airflow/.local/lib/python3.8/site-packages/airflow/example_dags/example_kubernetes_executor.py took 0.182 seconds
[2024-04-25T06:09:46.178+0000] {processor.py:161} INFO - Started process (PID=1223) to work on /home/airflow/.local/lib/python3.8/site-packages/airflow/example_dags/example_kubernetes_executor.py
[2024-04-25T06:09:46.181+0000] {processor.py:830} INFO - Processing file /home/airflow/.local/lib/python3.8/site-packages/airflow/example_dags/example_kubernetes_executor.py for tasks to queue
[2024-04-25T06:09:46.186+0000] {logging_mixin.py:188} INFO - [2024-04-25T06:09:46.185+0000] {dagbag.py:538} INFO - Filling up the DagBag from /home/airflow/.local/lib/python3.8/site-packages/airflow/example_dags/example_kubernetes_executor.py
[2024-04-25T06:09:46.216+0000] {processor.py:840} INFO - DAG(s) 'example_kubernetes_executor' retrieved from /home/airflow/.local/lib/python3.8/site-packages/airflow/example_dags/example_kubernetes_executor.py
[2024-04-25T06:09:46.360+0000] {logging_mixin.py:188} INFO - [2024-04-25T06:09:46.359+0000] {dag.py:3036} INFO - Sync 1 DAGs
[2024-04-25T06:09:46.392+0000] {logging_mixin.py:188} INFO - [2024-04-25T06:09:46.392+0000] {dag.py:3823} INFO - Setting next_dagrun for example_kubernetes_executor to None, run_after=None
[2024-04-25T06:09:46.443+0000] {processor.py:183} INFO - Processing /home/airflow/.local/lib/python3.8/site-packages/airflow/example_dags/example_kubernetes_executor.py took 0.273 seconds
[2024-04-25T06:10:16.759+0000] {processor.py:161} INFO - Started process (PID=1282) to work on /home/airflow/.local/lib/python3.8/site-packages/airflow/example_dags/example_kubernetes_executor.py
[2024-04-25T06:10:16.764+0000] {processor.py:830} INFO - Processing file /home/airflow/.local/lib/python3.8/site-packages/airflow/example_dags/example_kubernetes_executor.py for tasks to queue
[2024-04-25T06:10:16.774+0000] {logging_mixin.py:188} INFO - [2024-04-25T06:10:16.772+0000] {dagbag.py:538} INFO - Filling up the DagBag from /home/airflow/.local/lib/python3.8/site-packages/airflow/example_dags/example_kubernetes_executor.py
[2024-04-25T06:10:17.227+0000] {processor.py:840} INFO - DAG(s) 'example_kubernetes_executor' retrieved from /home/airflow/.local/lib/python3.8/site-packages/airflow/example_dags/example_kubernetes_executor.py
[2024-04-25T06:10:17.506+0000] {logging_mixin.py:188} INFO - [2024-04-25T06:10:17.504+0000] {dag.py:3036} INFO - Sync 1 DAGs
[2024-04-25T06:10:17.573+0000] {logging_mixin.py:188} INFO - [2024-04-25T06:10:17.572+0000] {dag.py:3823} INFO - Setting next_dagrun for example_kubernetes_executor to None, run_after=None
[2024-04-25T06:10:17.737+0000] {processor.py:183} INFO - Processing /home/airflow/.local/lib/python3.8/site-packages/airflow/example_dags/example_kubernetes_executor.py took 0.993 seconds
[2024-04-25T06:52:52.463+0000] {processor.py:161} INFO - Started process (PID=116) to work on /home/airflow/.local/lib/python3.8/site-packages/airflow/example_dags/example_kubernetes_executor.py
[2024-04-25T06:52:52.473+0000] {processor.py:830} INFO - Processing file /home/airflow/.local/lib/python3.8/site-packages/airflow/example_dags/example_kubernetes_executor.py for tasks to queue
[2024-04-25T06:52:52.503+0000] {logging_mixin.py:188} INFO - [2024-04-25T06:52:52.501+0000] {dagbag.py:538} INFO - Filling up the DagBag from /home/airflow/.local/lib/python3.8/site-packages/airflow/example_dags/example_kubernetes_executor.py
[2024-04-25T06:52:52.784+0000] {processor.py:840} INFO - DAG(s) 'example_kubernetes_executor' retrieved from /home/airflow/.local/lib/python3.8/site-packages/airflow/example_dags/example_kubernetes_executor.py
[2024-04-25T06:52:55.514+0000] {logging_mixin.py:188} INFO - [2024-04-25T06:52:55.512+0000] {dag.py:3036} INFO - Sync 1 DAGs
[2024-04-25T06:52:55.723+0000] {logging_mixin.py:188} INFO - [2024-04-25T06:52:55.723+0000] {dag.py:3823} INFO - Setting next_dagrun for example_kubernetes_executor to None, run_after=None
[2024-04-25T06:52:56.292+0000] {processor.py:183} INFO - Processing /home/airflow/.local/lib/python3.8/site-packages/airflow/example_dags/example_kubernetes_executor.py took 3.843 seconds
[2024-04-25T06:53:37.516+0000] {processor.py:161} INFO - Started process (PID=187) to work on /home/airflow/.local/lib/python3.8/site-packages/airflow/example_dags/example_kubernetes_executor.py
[2024-04-25T06:53:37.591+0000] {processor.py:830} INFO - Processing file /home/airflow/.local/lib/python3.8/site-packages/airflow/example_dags/example_kubernetes_executor.py for tasks to queue
[2024-04-25T06:53:37.829+0000] {logging_mixin.py:188} INFO - [2024-04-25T06:53:37.721+0000] {dagbag.py:538} INFO - Filling up the DagBag from /home/airflow/.local/lib/python3.8/site-packages/airflow/example_dags/example_kubernetes_executor.py
[2024-04-25T06:53:38.337+0000] {processor.py:840} INFO - DAG(s) 'example_kubernetes_executor' retrieved from /home/airflow/.local/lib/python3.8/site-packages/airflow/example_dags/example_kubernetes_executor.py
[2024-04-25T06:53:38.715+0000] {logging_mixin.py:188} INFO - [2024-04-25T06:53:38.714+0000] {dag.py:3036} INFO - Sync 1 DAGs
[2024-04-25T06:53:38.798+0000] {logging_mixin.py:188} INFO - [2024-04-25T06:53:38.797+0000] {dag.py:3823} INFO - Setting next_dagrun for example_kubernetes_executor to None, run_after=None
[2024-04-25T06:53:39.081+0000] {processor.py:183} INFO - Processing /home/airflow/.local/lib/python3.8/site-packages/airflow/example_dags/example_kubernetes_executor.py took 1.591 seconds
[2024-04-25T06:54:15.592+0000] {processor.py:161} INFO - Started process (PID=262) to work on /home/airflow/.local/lib/python3.8/site-packages/airflow/example_dags/example_kubernetes_executor.py
[2024-04-25T06:54:15.603+0000] {processor.py:830} INFO - Processing file /home/airflow/.local/lib/python3.8/site-packages/airflow/example_dags/example_kubernetes_executor.py for tasks to queue
[2024-04-25T06:54:15.614+0000] {logging_mixin.py:188} INFO - [2024-04-25T06:54:15.613+0000] {dagbag.py:538} INFO - Filling up the DagBag from /home/airflow/.local/lib/python3.8/site-packages/airflow/example_dags/example_kubernetes_executor.py
[2024-04-25T06:54:15.783+0000] {processor.py:840} INFO - DAG(s) 'example_kubernetes_executor' retrieved from /home/airflow/.local/lib/python3.8/site-packages/airflow/example_dags/example_kubernetes_executor.py
[2024-04-25T06:54:16.016+0000] {logging_mixin.py:188} INFO - [2024-04-25T06:54:16.015+0000] {dag.py:3036} INFO - Sync 1 DAGs
[2024-04-25T06:54:16.120+0000] {logging_mixin.py:188} INFO - [2024-04-25T06:54:16.119+0000] {dag.py:3823} INFO - Setting next_dagrun for example_kubernetes_executor to None, run_after=None
[2024-04-25T06:54:16.221+0000] {processor.py:183} INFO - Processing /home/airflow/.local/lib/python3.8/site-packages/airflow/example_dags/example_kubernetes_executor.py took 0.677 seconds
[2024-04-25T06:54:50.599+0000] {processor.py:161} INFO - Started process (PID=332) to work on /home/airflow/.local/lib/python3.8/site-packages/airflow/example_dags/example_kubernetes_executor.py
[2024-04-25T06:54:50.606+0000] {processor.py:830} INFO - Processing file /home/airflow/.local/lib/python3.8/site-packages/airflow/example_dags/example_kubernetes_executor.py for tasks to queue
[2024-04-25T06:54:50.626+0000] {logging_mixin.py:188} INFO - [2024-04-25T06:54:50.625+0000] {dagbag.py:538} INFO - Filling up the DagBag from /home/airflow/.local/lib/python3.8/site-packages/airflow/example_dags/example_kubernetes_executor.py
[2024-04-25T06:54:50.704+0000] {processor.py:840} INFO - DAG(s) 'example_kubernetes_executor' retrieved from /home/airflow/.local/lib/python3.8/site-packages/airflow/example_dags/example_kubernetes_executor.py
[2024-04-25T06:54:50.974+0000] {logging_mixin.py:188} INFO - [2024-04-25T06:54:50.973+0000] {dag.py:3036} INFO - Sync 1 DAGs
[2024-04-25T06:54:51.061+0000] {logging_mixin.py:188} INFO - [2024-04-25T06:54:51.060+0000] {dag.py:3823} INFO - Setting next_dagrun for example_kubernetes_executor to None, run_after=None
[2024-04-25T06:54:51.451+0000] {processor.py:183} INFO - Processing /home/airflow/.local/lib/python3.8/site-packages/airflow/example_dags/example_kubernetes_executor.py took 0.869 seconds
[2024-04-25T06:55:25.946+0000] {processor.py:161} INFO - Started process (PID=401) to work on /home/airflow/.local/lib/python3.8/site-packages/airflow/example_dags/example_kubernetes_executor.py
[2024-04-25T06:55:25.951+0000] {processor.py:830} INFO - Processing file /home/airflow/.local/lib/python3.8/site-packages/airflow/example_dags/example_kubernetes_executor.py for tasks to queue
[2024-04-25T06:55:25.959+0000] {logging_mixin.py:188} INFO - [2024-04-25T06:55:25.958+0000] {dagbag.py:538} INFO - Filling up the DagBag from /home/airflow/.local/lib/python3.8/site-packages/airflow/example_dags/example_kubernetes_executor.py
[2024-04-25T06:55:26.029+0000] {processor.py:840} INFO - DAG(s) 'example_kubernetes_executor' retrieved from /home/airflow/.local/lib/python3.8/site-packages/airflow/example_dags/example_kubernetes_executor.py
[2024-04-25T06:55:26.213+0000] {logging_mixin.py:188} INFO - [2024-04-25T06:55:26.213+0000] {dag.py:3036} INFO - Sync 1 DAGs
[2024-04-25T06:55:26.276+0000] {logging_mixin.py:188} INFO - [2024-04-25T06:55:26.275+0000] {dag.py:3823} INFO - Setting next_dagrun for example_kubernetes_executor to None, run_after=None
[2024-04-25T06:55:26.355+0000] {processor.py:183} INFO - Processing /home/airflow/.local/lib/python3.8/site-packages/airflow/example_dags/example_kubernetes_executor.py took 0.419 seconds
[2024-04-25T06:56:03.140+0000] {processor.py:161} INFO - Started process (PID=471) to work on /home/airflow/.local/lib/python3.8/site-packages/airflow/example_dags/example_kubernetes_executor.py
[2024-04-25T06:56:03.147+0000] {processor.py:830} INFO - Processing file /home/airflow/.local/lib/python3.8/site-packages/airflow/example_dags/example_kubernetes_executor.py for tasks to queue
[2024-04-25T06:56:03.154+0000] {logging_mixin.py:188} INFO - [2024-04-25T06:56:03.153+0000] {dagbag.py:538} INFO - Filling up the DagBag from /home/airflow/.local/lib/python3.8/site-packages/airflow/example_dags/example_kubernetes_executor.py
[2024-04-25T06:56:03.222+0000] {processor.py:840} INFO - DAG(s) 'example_kubernetes_executor' retrieved from /home/airflow/.local/lib/python3.8/site-packages/airflow/example_dags/example_kubernetes_executor.py
[2024-04-25T06:56:03.396+0000] {logging_mixin.py:188} INFO - [2024-04-25T06:56:03.395+0000] {dag.py:3036} INFO - Sync 1 DAGs
[2024-04-25T06:56:03.468+0000] {logging_mixin.py:188} INFO - [2024-04-25T06:56:03.466+0000] {dag.py:3823} INFO - Setting next_dagrun for example_kubernetes_executor to None, run_after=None
[2024-04-25T06:56:03.617+0000] {processor.py:183} INFO - Processing /home/airflow/.local/lib/python3.8/site-packages/airflow/example_dags/example_kubernetes_executor.py took 0.489 seconds
[2024-04-25T06:56:41.228+0000] {processor.py:161} INFO - Started process (PID=547) to work on /home/airflow/.local/lib/python3.8/site-packages/airflow/example_dags/example_kubernetes_executor.py
[2024-04-25T06:56:41.233+0000] {processor.py:830} INFO - Processing file /home/airflow/.local/lib/python3.8/site-packages/airflow/example_dags/example_kubernetes_executor.py for tasks to queue
[2024-04-25T06:56:41.239+0000] {logging_mixin.py:188} INFO - [2024-04-25T06:56:41.238+0000] {dagbag.py:538} INFO - Filling up the DagBag from /home/airflow/.local/lib/python3.8/site-packages/airflow/example_dags/example_kubernetes_executor.py
[2024-04-25T06:56:41.338+0000] {processor.py:840} INFO - DAG(s) 'example_kubernetes_executor' retrieved from /home/airflow/.local/lib/python3.8/site-packages/airflow/example_dags/example_kubernetes_executor.py
[2024-04-25T06:56:41.490+0000] {logging_mixin.py:188} INFO - [2024-04-25T06:56:41.489+0000] {dag.py:3036} INFO - Sync 1 DAGs
[2024-04-25T06:56:41.540+0000] {logging_mixin.py:188} INFO - [2024-04-25T06:56:41.539+0000] {dag.py:3823} INFO - Setting next_dagrun for example_kubernetes_executor to None, run_after=None
[2024-04-25T06:56:41.648+0000] {processor.py:183} INFO - Processing /home/airflow/.local/lib/python3.8/site-packages/airflow/example_dags/example_kubernetes_executor.py took 0.431 seconds
[2024-04-25T06:57:43.140+0000] {processor.py:161} INFO - Started process (PID=625) to work on /home/airflow/.local/lib/python3.8/site-packages/airflow/example_dags/example_kubernetes_executor.py
[2024-04-25T06:57:43.156+0000] {processor.py:830} INFO - Processing file /home/airflow/.local/lib/python3.8/site-packages/airflow/example_dags/example_kubernetes_executor.py for tasks to queue
[2024-04-25T06:57:43.165+0000] {logging_mixin.py:188} INFO - [2024-04-25T06:57:43.163+0000] {dagbag.py:538} INFO - Filling up the DagBag from /home/airflow/.local/lib/python3.8/site-packages/airflow/example_dags/example_kubernetes_executor.py
[2024-04-25T06:57:43.559+0000] {processor.py:840} INFO - DAG(s) 'example_kubernetes_executor' retrieved from /home/airflow/.local/lib/python3.8/site-packages/airflow/example_dags/example_kubernetes_executor.py
[2024-04-25T06:57:44.143+0000] {logging_mixin.py:188} INFO - [2024-04-25T06:57:44.141+0000] {dag.py:3036} INFO - Sync 1 DAGs
[2024-04-25T06:57:44.317+0000] {logging_mixin.py:188} INFO - [2024-04-25T06:57:44.316+0000] {dag.py:3823} INFO - Setting next_dagrun for example_kubernetes_executor to None, run_after=None
[2024-04-25T06:57:44.497+0000] {processor.py:183} INFO - Processing /home/airflow/.local/lib/python3.8/site-packages/airflow/example_dags/example_kubernetes_executor.py took 1.378 seconds
[2024-04-25T07:06:52.707+0000] {processor.py:161} INFO - Started process (PID=772) to work on /home/airflow/.local/lib/python3.8/site-packages/airflow/example_dags/example_kubernetes_executor.py
[2024-04-25T07:06:53.116+0000] {processor.py:830} INFO - Processing file /home/airflow/.local/lib/python3.8/site-packages/airflow/example_dags/example_kubernetes_executor.py for tasks to queue
[2024-04-25T07:06:53.512+0000] {logging_mixin.py:188} INFO - [2024-04-25T07:06:53.482+0000] {dagbag.py:538} INFO - Filling up the DagBag from /home/airflow/.local/lib/python3.8/site-packages/airflow/example_dags/example_kubernetes_executor.py
[2024-04-25T07:07:10.782+0000] {processor.py:840} INFO - DAG(s) 'example_kubernetes_executor' retrieved from /home/airflow/.local/lib/python3.8/site-packages/airflow/example_dags/example_kubernetes_executor.py
[2024-04-25T07:51:11.050+0000] {processor.py:161} INFO - Started process (PID=75) to work on /home/airflow/.local/lib/python3.8/site-packages/airflow/example_dags/example_kubernetes_executor.py
[2024-04-25T07:51:11.057+0000] {processor.py:830} INFO - Processing file /home/airflow/.local/lib/python3.8/site-packages/airflow/example_dags/example_kubernetes_executor.py for tasks to queue
[2024-04-25T07:51:11.066+0000] {logging_mixin.py:188} INFO - [2024-04-25T07:51:11.065+0000] {dagbag.py:538} INFO - Filling up the DagBag from /home/airflow/.local/lib/python3.8/site-packages/airflow/example_dags/example_kubernetes_executor.py
[2024-04-25T07:51:11.135+0000] {processor.py:840} INFO - DAG(s) 'example_kubernetes_executor' retrieved from /home/airflow/.local/lib/python3.8/site-packages/airflow/example_dags/example_kubernetes_executor.py
[2024-04-25T07:51:11.612+0000] {logging_mixin.py:188} INFO - [2024-04-25T07:51:11.611+0000] {dag.py:3036} INFO - Sync 1 DAGs
[2024-04-25T07:51:11.646+0000] {logging_mixin.py:188} INFO - [2024-04-25T07:51:11.645+0000] {dag.py:3823} INFO - Setting next_dagrun for example_kubernetes_executor to None, run_after=None
[2024-04-25T07:51:11.741+0000] {processor.py:183} INFO - Processing /home/airflow/.local/lib/python3.8/site-packages/airflow/example_dags/example_kubernetes_executor.py took 0.706 seconds
[2024-04-25T07:51:44.664+0000] {processor.py:161} INFO - Started process (PID=145) to work on /home/airflow/.local/lib/python3.8/site-packages/airflow/example_dags/example_kubernetes_executor.py
[2024-04-25T07:51:44.674+0000] {processor.py:830} INFO - Processing file /home/airflow/.local/lib/python3.8/site-packages/airflow/example_dags/example_kubernetes_executor.py for tasks to queue
[2024-04-25T07:51:44.686+0000] {logging_mixin.py:188} INFO - [2024-04-25T07:51:44.684+0000] {dagbag.py:538} INFO - Filling up the DagBag from /home/airflow/.local/lib/python3.8/site-packages/airflow/example_dags/example_kubernetes_executor.py
[2024-04-25T07:51:44.854+0000] {processor.py:840} INFO - DAG(s) 'example_kubernetes_executor' retrieved from /home/airflow/.local/lib/python3.8/site-packages/airflow/example_dags/example_kubernetes_executor.py
[2024-04-25T07:51:45.326+0000] {logging_mixin.py:188} INFO - [2024-04-25T07:51:45.325+0000] {dag.py:3036} INFO - Sync 1 DAGs
[2024-04-25T07:51:45.419+0000] {logging_mixin.py:188} INFO - [2024-04-25T07:51:45.418+0000] {dag.py:3823} INFO - Setting next_dagrun for example_kubernetes_executor to None, run_after=None
[2024-04-25T07:51:45.547+0000] {processor.py:183} INFO - Processing /home/airflow/.local/lib/python3.8/site-packages/airflow/example_dags/example_kubernetes_executor.py took 0.922 seconds
[2024-04-25T07:52:24.573+0000] {processor.py:161} INFO - Started process (PID=215) to work on /home/airflow/.local/lib/python3.8/site-packages/airflow/example_dags/example_kubernetes_executor.py
[2024-04-25T07:52:24.580+0000] {processor.py:830} INFO - Processing file /home/airflow/.local/lib/python3.8/site-packages/airflow/example_dags/example_kubernetes_executor.py for tasks to queue
[2024-04-25T07:52:24.591+0000] {logging_mixin.py:188} INFO - [2024-04-25T07:52:24.589+0000] {dagbag.py:538} INFO - Filling up the DagBag from /home/airflow/.local/lib/python3.8/site-packages/airflow/example_dags/example_kubernetes_executor.py
[2024-04-25T07:52:24.677+0000] {processor.py:840} INFO - DAG(s) 'example_kubernetes_executor' retrieved from /home/airflow/.local/lib/python3.8/site-packages/airflow/example_dags/example_kubernetes_executor.py
[2024-04-25T07:52:24.888+0000] {logging_mixin.py:188} INFO - [2024-04-25T07:52:24.887+0000] {dag.py:3036} INFO - Sync 1 DAGs
[2024-04-25T07:52:25.121+0000] {logging_mixin.py:188} INFO - [2024-04-25T07:52:25.104+0000] {dag.py:3823} INFO - Setting next_dagrun for example_kubernetes_executor to None, run_after=None
[2024-04-25T07:52:25.309+0000] {processor.py:183} INFO - Processing /home/airflow/.local/lib/python3.8/site-packages/airflow/example_dags/example_kubernetes_executor.py took 0.754 seconds
[2024-04-25T07:52:55.705+0000] {processor.py:161} INFO - Started process (PID=291) to work on /home/airflow/.local/lib/python3.8/site-packages/airflow/example_dags/example_kubernetes_executor.py
[2024-04-25T07:52:55.714+0000] {processor.py:830} INFO - Processing file /home/airflow/.local/lib/python3.8/site-packages/airflow/example_dags/example_kubernetes_executor.py for tasks to queue
[2024-04-25T07:52:55.725+0000] {logging_mixin.py:188} INFO - [2024-04-25T07:52:55.723+0000] {dagbag.py:538} INFO - Filling up the DagBag from /home/airflow/.local/lib/python3.8/site-packages/airflow/example_dags/example_kubernetes_executor.py
[2024-04-25T07:52:55.823+0000] {processor.py:840} INFO - DAG(s) 'example_kubernetes_executor' retrieved from /home/airflow/.local/lib/python3.8/site-packages/airflow/example_dags/example_kubernetes_executor.py
[2024-04-25T07:52:56.025+0000] {logging_mixin.py:188} INFO - [2024-04-25T07:52:56.023+0000] {dag.py:3036} INFO - Sync 1 DAGs
[2024-04-25T07:52:56.128+0000] {logging_mixin.py:188} INFO - [2024-04-25T07:52:56.127+0000] {dag.py:3823} INFO - Setting next_dagrun for example_kubernetes_executor to None, run_after=None
[2024-04-25T07:52:56.218+0000] {processor.py:183} INFO - Processing /home/airflow/.local/lib/python3.8/site-packages/airflow/example_dags/example_kubernetes_executor.py took 0.537 seconds
[2024-04-25T07:53:34.707+0000] {processor.py:161} INFO - Started process (PID=361) to work on /home/airflow/.local/lib/python3.8/site-packages/airflow/example_dags/example_kubernetes_executor.py
[2024-04-25T07:53:34.715+0000] {processor.py:830} INFO - Processing file /home/airflow/.local/lib/python3.8/site-packages/airflow/example_dags/example_kubernetes_executor.py for tasks to queue
[2024-04-25T07:53:34.724+0000] {logging_mixin.py:188} INFO - [2024-04-25T07:53:34.723+0000] {dagbag.py:538} INFO - Filling up the DagBag from /home/airflow/.local/lib/python3.8/site-packages/airflow/example_dags/example_kubernetes_executor.py
[2024-04-25T07:53:34.787+0000] {processor.py:840} INFO - DAG(s) 'example_kubernetes_executor' retrieved from /home/airflow/.local/lib/python3.8/site-packages/airflow/example_dags/example_kubernetes_executor.py
[2024-04-25T07:53:34.995+0000] {logging_mixin.py:188} INFO - [2024-04-25T07:53:34.994+0000] {dag.py:3036} INFO - Sync 1 DAGs
[2024-04-25T07:53:35.083+0000] {logging_mixin.py:188} INFO - [2024-04-25T07:53:35.082+0000] {dag.py:3823} INFO - Setting next_dagrun for example_kubernetes_executor to None, run_after=None
[2024-04-25T07:53:35.200+0000] {processor.py:183} INFO - Processing /home/airflow/.local/lib/python3.8/site-packages/airflow/example_dags/example_kubernetes_executor.py took 0.510 seconds
