[2024-04-25T05:59:11.117+0000] {processor.py:161} INFO - Started process (PID=111) to work on /home/airflow/.local/lib/python3.8/site-packages/airflow/example_dags/example_external_task_marker_dag.py
[2024-04-25T05:59:11.123+0000] {processor.py:830} INFO - Processing file /home/airflow/.local/lib/python3.8/site-packages/airflow/example_dags/example_external_task_marker_dag.py for tasks to queue
[2024-04-25T05:59:11.134+0000] {logging_mixin.py:188} INFO - [2024-04-25T05:59:11.133+0000] {dagbag.py:538} INFO - Filling up the DagBag from /home/airflow/.local/lib/python3.8/site-packages/airflow/example_dags/example_external_task_marker_dag.py
[2024-04-25T05:59:11.163+0000] {processor.py:840} INFO - DAG(s) 'example_external_task_marker_parent', 'example_external_task_marker_child' retrieved from /home/airflow/.local/lib/python3.8/site-packages/airflow/example_dags/example_external_task_marker_dag.py
[2024-04-25T05:59:11.724+0000] {logging_mixin.py:188} INFO - [2024-04-25T05:59:11.723+0000] {dag.py:3036} INFO - Sync 2 DAGs
[2024-04-25T05:59:11.796+0000] {logging_mixin.py:188} INFO - [2024-04-25T05:59:11.794+0000] {dag.py:3823} INFO - Setting next_dagrun for example_external_task_marker_child to None, run_after=None
[2024-04-25T05:59:11.814+0000] {logging_mixin.py:188} INFO - [2024-04-25T05:59:11.813+0000] {dag.py:3823} INFO - Setting next_dagrun for example_external_task_marker_parent to None, run_after=None
[2024-04-25T05:59:11.897+0000] {processor.py:183} INFO - Processing /home/airflow/.local/lib/python3.8/site-packages/airflow/example_dags/example_external_task_marker_dag.py took 0.795 seconds
[2024-04-25T05:59:53.530+0000] {processor.py:161} INFO - Started process (PID=170) to work on /home/airflow/.local/lib/python3.8/site-packages/airflow/example_dags/example_external_task_marker_dag.py
[2024-04-25T05:59:53.545+0000] {processor.py:830} INFO - Processing file /home/airflow/.local/lib/python3.8/site-packages/airflow/example_dags/example_external_task_marker_dag.py for tasks to queue
[2024-04-25T05:59:53.570+0000] {logging_mixin.py:188} INFO - [2024-04-25T05:59:53.569+0000] {dagbag.py:538} INFO - Filling up the DagBag from /home/airflow/.local/lib/python3.8/site-packages/airflow/example_dags/example_external_task_marker_dag.py
[2024-04-25T05:59:53.661+0000] {processor.py:840} INFO - DAG(s) 'example_external_task_marker_child', 'example_external_task_marker_parent' retrieved from /home/airflow/.local/lib/python3.8/site-packages/airflow/example_dags/example_external_task_marker_dag.py
[2024-04-25T05:59:54.050+0000] {logging_mixin.py:188} INFO - [2024-04-25T05:59:54.046+0000] {dag.py:3036} INFO - Sync 2 DAGs
[2024-04-25T05:59:54.896+0000] {logging_mixin.py:188} INFO - [2024-04-25T05:59:54.890+0000] {dag.py:3823} INFO - Setting next_dagrun for example_external_task_marker_child to None, run_after=None
[2024-04-25T05:59:55.135+0000] {logging_mixin.py:188} INFO - [2024-04-25T05:59:55.133+0000] {dag.py:3823} INFO - Setting next_dagrun for example_external_task_marker_parent to None, run_after=None
[2024-04-25T05:59:55.352+0000] {processor.py:183} INFO - Processing /home/airflow/.local/lib/python3.8/site-packages/airflow/example_dags/example_external_task_marker_dag.py took 1.838 seconds
[2024-04-25T06:00:41.802+0000] {processor.py:161} INFO - Started process (PID=235) to work on /home/airflow/.local/lib/python3.8/site-packages/airflow/example_dags/example_external_task_marker_dag.py
[2024-04-25T06:00:41.806+0000] {processor.py:830} INFO - Processing file /home/airflow/.local/lib/python3.8/site-packages/airflow/example_dags/example_external_task_marker_dag.py for tasks to queue
[2024-04-25T06:00:41.818+0000] {logging_mixin.py:188} INFO - [2024-04-25T06:00:41.817+0000] {dagbag.py:538} INFO - Filling up the DagBag from /home/airflow/.local/lib/python3.8/site-packages/airflow/example_dags/example_external_task_marker_dag.py
[2024-04-25T06:00:41.851+0000] {processor.py:840} INFO - DAG(s) 'example_external_task_marker_parent', 'example_external_task_marker_child' retrieved from /home/airflow/.local/lib/python3.8/site-packages/airflow/example_dags/example_external_task_marker_dag.py
[2024-04-25T06:00:41.973+0000] {logging_mixin.py:188} INFO - [2024-04-25T06:00:41.972+0000] {dag.py:3036} INFO - Sync 2 DAGs
[2024-04-25T06:00:42.023+0000] {logging_mixin.py:188} INFO - [2024-04-25T06:00:42.023+0000] {dag.py:3823} INFO - Setting next_dagrun for example_external_task_marker_child to None, run_after=None
[2024-04-25T06:00:42.042+0000] {logging_mixin.py:188} INFO - [2024-04-25T06:00:42.041+0000] {dag.py:3823} INFO - Setting next_dagrun for example_external_task_marker_parent to None, run_after=None
[2024-04-25T06:00:42.123+0000] {processor.py:183} INFO - Processing /home/airflow/.local/lib/python3.8/site-packages/airflow/example_dags/example_external_task_marker_dag.py took 0.336 seconds
[2024-04-25T06:01:16.343+0000] {processor.py:161} INFO - Started process (PID=292) to work on /home/airflow/.local/lib/python3.8/site-packages/airflow/example_dags/example_external_task_marker_dag.py
[2024-04-25T06:01:16.347+0000] {processor.py:830} INFO - Processing file /home/airflow/.local/lib/python3.8/site-packages/airflow/example_dags/example_external_task_marker_dag.py for tasks to queue
[2024-04-25T06:01:16.353+0000] {logging_mixin.py:188} INFO - [2024-04-25T06:01:16.352+0000] {dagbag.py:538} INFO - Filling up the DagBag from /home/airflow/.local/lib/python3.8/site-packages/airflow/example_dags/example_external_task_marker_dag.py
[2024-04-25T06:01:16.378+0000] {processor.py:840} INFO - DAG(s) 'example_external_task_marker_parent', 'example_external_task_marker_child' retrieved from /home/airflow/.local/lib/python3.8/site-packages/airflow/example_dags/example_external_task_marker_dag.py
[2024-04-25T06:01:16.470+0000] {logging_mixin.py:188} INFO - [2024-04-25T06:01:16.470+0000] {dag.py:3036} INFO - Sync 2 DAGs
[2024-04-25T06:01:16.550+0000] {logging_mixin.py:188} INFO - [2024-04-25T06:01:16.550+0000] {dag.py:3823} INFO - Setting next_dagrun for example_external_task_marker_child to None, run_after=None
[2024-04-25T06:01:16.565+0000] {logging_mixin.py:188} INFO - [2024-04-25T06:01:16.564+0000] {dag.py:3823} INFO - Setting next_dagrun for example_external_task_marker_parent to None, run_after=None
[2024-04-25T06:01:16.649+0000] {processor.py:183} INFO - Processing /home/airflow/.local/lib/python3.8/site-packages/airflow/example_dags/example_external_task_marker_dag.py took 0.318 seconds
[2024-04-25T06:01:56.454+0000] {processor.py:161} INFO - Started process (PID=341) to work on /home/airflow/.local/lib/python3.8/site-packages/airflow/example_dags/example_external_task_marker_dag.py
[2024-04-25T06:01:56.460+0000] {processor.py:830} INFO - Processing file /home/airflow/.local/lib/python3.8/site-packages/airflow/example_dags/example_external_task_marker_dag.py for tasks to queue
[2024-04-25T06:01:56.467+0000] {logging_mixin.py:188} INFO - [2024-04-25T06:01:56.466+0000] {dagbag.py:538} INFO - Filling up the DagBag from /home/airflow/.local/lib/python3.8/site-packages/airflow/example_dags/example_external_task_marker_dag.py
[2024-04-25T06:01:56.490+0000] {processor.py:840} INFO - DAG(s) 'example_external_task_marker_parent', 'example_external_task_marker_child' retrieved from /home/airflow/.local/lib/python3.8/site-packages/airflow/example_dags/example_external_task_marker_dag.py
[2024-04-25T06:01:56.580+0000] {logging_mixin.py:188} INFO - [2024-04-25T06:01:56.579+0000] {dag.py:3036} INFO - Sync 2 DAGs
[2024-04-25T06:01:56.642+0000] {logging_mixin.py:188} INFO - [2024-04-25T06:01:56.640+0000] {dag.py:3823} INFO - Setting next_dagrun for example_external_task_marker_child to None, run_after=None
[2024-04-25T06:01:56.660+0000] {logging_mixin.py:188} INFO - [2024-04-25T06:01:56.659+0000] {dag.py:3823} INFO - Setting next_dagrun for example_external_task_marker_parent to None, run_after=None
[2024-04-25T06:01:56.794+0000] {processor.py:183} INFO - Processing /home/airflow/.local/lib/python3.8/site-packages/airflow/example_dags/example_external_task_marker_dag.py took 0.352 seconds
[2024-04-25T06:02:28.388+0000] {processor.py:161} INFO - Started process (PID=400) to work on /home/airflow/.local/lib/python3.8/site-packages/airflow/example_dags/example_external_task_marker_dag.py
[2024-04-25T06:02:28.392+0000] {processor.py:830} INFO - Processing file /home/airflow/.local/lib/python3.8/site-packages/airflow/example_dags/example_external_task_marker_dag.py for tasks to queue
[2024-04-25T06:02:28.397+0000] {logging_mixin.py:188} INFO - [2024-04-25T06:02:28.397+0000] {dagbag.py:538} INFO - Filling up the DagBag from /home/airflow/.local/lib/python3.8/site-packages/airflow/example_dags/example_external_task_marker_dag.py
[2024-04-25T06:02:28.415+0000] {processor.py:840} INFO - DAG(s) 'example_external_task_marker_parent', 'example_external_task_marker_child' retrieved from /home/airflow/.local/lib/python3.8/site-packages/airflow/example_dags/example_external_task_marker_dag.py
[2024-04-25T06:02:28.494+0000] {logging_mixin.py:188} INFO - [2024-04-25T06:02:28.494+0000] {dag.py:3036} INFO - Sync 2 DAGs
[2024-04-25T06:02:28.526+0000] {logging_mixin.py:188} INFO - [2024-04-25T06:02:28.525+0000] {dag.py:3823} INFO - Setting next_dagrun for example_external_task_marker_child to None, run_after=None
[2024-04-25T06:02:28.537+0000] {logging_mixin.py:188} INFO - [2024-04-25T06:02:28.537+0000] {dag.py:3823} INFO - Setting next_dagrun for example_external_task_marker_parent to None, run_after=None
[2024-04-25T06:02:28.585+0000] {processor.py:183} INFO - Processing /home/airflow/.local/lib/python3.8/site-packages/airflow/example_dags/example_external_task_marker_dag.py took 0.206 seconds
[2024-04-25T06:03:10.014+0000] {processor.py:161} INFO - Started process (PID=465) to work on /home/airflow/.local/lib/python3.8/site-packages/airflow/example_dags/example_external_task_marker_dag.py
[2024-04-25T06:03:10.021+0000] {processor.py:830} INFO - Processing file /home/airflow/.local/lib/python3.8/site-packages/airflow/example_dags/example_external_task_marker_dag.py for tasks to queue
[2024-04-25T06:03:10.033+0000] {logging_mixin.py:188} INFO - [2024-04-25T06:03:10.031+0000] {dagbag.py:538} INFO - Filling up the DagBag from /home/airflow/.local/lib/python3.8/site-packages/airflow/example_dags/example_external_task_marker_dag.py
[2024-04-25T06:03:10.070+0000] {processor.py:840} INFO - DAG(s) 'example_external_task_marker_child', 'example_external_task_marker_parent' retrieved from /home/airflow/.local/lib/python3.8/site-packages/airflow/example_dags/example_external_task_marker_dag.py
[2024-04-25T06:03:10.221+0000] {logging_mixin.py:188} INFO - [2024-04-25T06:03:10.219+0000] {dag.py:3036} INFO - Sync 2 DAGs
[2024-04-25T06:03:10.328+0000] {logging_mixin.py:188} INFO - [2024-04-25T06:03:10.327+0000] {dag.py:3823} INFO - Setting next_dagrun for example_external_task_marker_child to None, run_after=None
[2024-04-25T06:03:10.348+0000] {logging_mixin.py:188} INFO - [2024-04-25T06:03:10.347+0000] {dag.py:3823} INFO - Setting next_dagrun for example_external_task_marker_parent to None, run_after=None
[2024-04-25T06:03:10.469+0000] {processor.py:183} INFO - Processing /home/airflow/.local/lib/python3.8/site-packages/airflow/example_dags/example_external_task_marker_dag.py took 0.481 seconds
[2024-04-25T06:03:40.850+0000] {processor.py:161} INFO - Started process (PID=524) to work on /home/airflow/.local/lib/python3.8/site-packages/airflow/example_dags/example_external_task_marker_dag.py
[2024-04-25T06:03:40.854+0000] {processor.py:830} INFO - Processing file /home/airflow/.local/lib/python3.8/site-packages/airflow/example_dags/example_external_task_marker_dag.py for tasks to queue
[2024-04-25T06:03:40.863+0000] {logging_mixin.py:188} INFO - [2024-04-25T06:03:40.862+0000] {dagbag.py:538} INFO - Filling up the DagBag from /home/airflow/.local/lib/python3.8/site-packages/airflow/example_dags/example_external_task_marker_dag.py
[2024-04-25T06:03:40.889+0000] {processor.py:840} INFO - DAG(s) 'example_external_task_marker_child', 'example_external_task_marker_parent' retrieved from /home/airflow/.local/lib/python3.8/site-packages/airflow/example_dags/example_external_task_marker_dag.py
[2024-04-25T06:03:40.987+0000] {logging_mixin.py:188} INFO - [2024-04-25T06:03:40.987+0000] {dag.py:3036} INFO - Sync 2 DAGs
[2024-04-25T06:03:41.045+0000] {logging_mixin.py:188} INFO - [2024-04-25T06:03:41.044+0000] {dag.py:3823} INFO - Setting next_dagrun for example_external_task_marker_child to None, run_after=None
[2024-04-25T06:03:41.062+0000] {logging_mixin.py:188} INFO - [2024-04-25T06:03:41.061+0000] {dag.py:3823} INFO - Setting next_dagrun for example_external_task_marker_parent to None, run_after=None
[2024-04-25T06:03:41.159+0000] {processor.py:183} INFO - Processing /home/airflow/.local/lib/python3.8/site-packages/airflow/example_dags/example_external_task_marker_dag.py took 0.321 seconds
[2024-04-25T06:04:11.593+0000] {processor.py:161} INFO - Started process (PID=583) to work on /home/airflow/.local/lib/python3.8/site-packages/airflow/example_dags/example_external_task_marker_dag.py
[2024-04-25T06:04:11.597+0000] {processor.py:830} INFO - Processing file /home/airflow/.local/lib/python3.8/site-packages/airflow/example_dags/example_external_task_marker_dag.py for tasks to queue
[2024-04-25T06:04:11.606+0000] {logging_mixin.py:188} INFO - [2024-04-25T06:04:11.604+0000] {dagbag.py:538} INFO - Filling up the DagBag from /home/airflow/.local/lib/python3.8/site-packages/airflow/example_dags/example_external_task_marker_dag.py
[2024-04-25T06:04:11.633+0000] {processor.py:840} INFO - DAG(s) 'example_external_task_marker_child', 'example_external_task_marker_parent' retrieved from /home/airflow/.local/lib/python3.8/site-packages/airflow/example_dags/example_external_task_marker_dag.py
[2024-04-25T06:04:11.731+0000] {logging_mixin.py:188} INFO - [2024-04-25T06:04:11.731+0000] {dag.py:3036} INFO - Sync 2 DAGs
[2024-04-25T06:04:11.778+0000] {logging_mixin.py:188} INFO - [2024-04-25T06:04:11.777+0000] {dag.py:3823} INFO - Setting next_dagrun for example_external_task_marker_child to None, run_after=None
[2024-04-25T06:04:11.789+0000] {logging_mixin.py:188} INFO - [2024-04-25T06:04:11.789+0000] {dag.py:3823} INFO - Setting next_dagrun for example_external_task_marker_parent to None, run_after=None
[2024-04-25T06:04:11.853+0000] {processor.py:183} INFO - Processing /home/airflow/.local/lib/python3.8/site-packages/airflow/example_dags/example_external_task_marker_dag.py took 0.276 seconds
[2024-04-25T06:04:41.909+0000] {processor.py:161} INFO - Started process (PID=641) to work on /home/airflow/.local/lib/python3.8/site-packages/airflow/example_dags/example_external_task_marker_dag.py
[2024-04-25T06:04:41.912+0000] {processor.py:830} INFO - Processing file /home/airflow/.local/lib/python3.8/site-packages/airflow/example_dags/example_external_task_marker_dag.py for tasks to queue
[2024-04-25T06:04:41.917+0000] {logging_mixin.py:188} INFO - [2024-04-25T06:04:41.916+0000] {dagbag.py:538} INFO - Filling up the DagBag from /home/airflow/.local/lib/python3.8/site-packages/airflow/example_dags/example_external_task_marker_dag.py
[2024-04-25T06:04:41.929+0000] {processor.py:840} INFO - DAG(s) 'example_external_task_marker_parent', 'example_external_task_marker_child' retrieved from /home/airflow/.local/lib/python3.8/site-packages/airflow/example_dags/example_external_task_marker_dag.py
[2024-04-25T06:04:41.976+0000] {logging_mixin.py:188} INFO - [2024-04-25T06:04:41.975+0000] {dag.py:3036} INFO - Sync 2 DAGs
[2024-04-25T06:04:41.991+0000] {logging_mixin.py:188} INFO - [2024-04-25T06:04:41.990+0000] {dag.py:3823} INFO - Setting next_dagrun for example_external_task_marker_child to None, run_after=None
[2024-04-25T06:04:41.995+0000] {logging_mixin.py:188} INFO - [2024-04-25T06:04:41.995+0000] {dag.py:3823} INFO - Setting next_dagrun for example_external_task_marker_parent to None, run_after=None
[2024-04-25T06:04:42.022+0000] {processor.py:183} INFO - Processing /home/airflow/.local/lib/python3.8/site-packages/airflow/example_dags/example_external_task_marker_dag.py took 0.119 seconds
[2024-04-25T06:05:12.443+0000] {processor.py:161} INFO - Started process (PID=701) to work on /home/airflow/.local/lib/python3.8/site-packages/airflow/example_dags/example_external_task_marker_dag.py
[2024-04-25T06:05:12.446+0000] {processor.py:830} INFO - Processing file /home/airflow/.local/lib/python3.8/site-packages/airflow/example_dags/example_external_task_marker_dag.py for tasks to queue
[2024-04-25T06:05:12.451+0000] {logging_mixin.py:188} INFO - [2024-04-25T06:05:12.450+0000] {dagbag.py:538} INFO - Filling up the DagBag from /home/airflow/.local/lib/python3.8/site-packages/airflow/example_dags/example_external_task_marker_dag.py
[2024-04-25T06:05:12.466+0000] {processor.py:840} INFO - DAG(s) 'example_external_task_marker_child', 'example_external_task_marker_parent' retrieved from /home/airflow/.local/lib/python3.8/site-packages/airflow/example_dags/example_external_task_marker_dag.py
[2024-04-25T06:05:12.508+0000] {logging_mixin.py:188} INFO - [2024-04-25T06:05:12.508+0000] {dag.py:3036} INFO - Sync 2 DAGs
[2024-04-25T06:05:12.528+0000] {logging_mixin.py:188} INFO - [2024-04-25T06:05:12.528+0000] {dag.py:3823} INFO - Setting next_dagrun for example_external_task_marker_child to None, run_after=None
[2024-04-25T06:05:12.533+0000] {logging_mixin.py:188} INFO - [2024-04-25T06:05:12.533+0000] {dag.py:3823} INFO - Setting next_dagrun for example_external_task_marker_parent to None, run_after=None
[2024-04-25T06:05:12.561+0000] {processor.py:183} INFO - Processing /home/airflow/.local/lib/python3.8/site-packages/airflow/example_dags/example_external_task_marker_dag.py took 0.124 seconds
[2024-04-25T06:05:42.834+0000] {processor.py:161} INFO - Started process (PID=760) to work on /home/airflow/.local/lib/python3.8/site-packages/airflow/example_dags/example_external_task_marker_dag.py
[2024-04-25T06:05:42.837+0000] {processor.py:830} INFO - Processing file /home/airflow/.local/lib/python3.8/site-packages/airflow/example_dags/example_external_task_marker_dag.py for tasks to queue
[2024-04-25T06:05:42.841+0000] {logging_mixin.py:188} INFO - [2024-04-25T06:05:42.840+0000] {dagbag.py:538} INFO - Filling up the DagBag from /home/airflow/.local/lib/python3.8/site-packages/airflow/example_dags/example_external_task_marker_dag.py
[2024-04-25T06:05:42.853+0000] {processor.py:840} INFO - DAG(s) 'example_external_task_marker_child', 'example_external_task_marker_parent' retrieved from /home/airflow/.local/lib/python3.8/site-packages/airflow/example_dags/example_external_task_marker_dag.py
[2024-04-25T06:05:42.889+0000] {logging_mixin.py:188} INFO - [2024-04-25T06:05:42.889+0000] {dag.py:3036} INFO - Sync 2 DAGs
[2024-04-25T06:05:42.905+0000] {logging_mixin.py:188} INFO - [2024-04-25T06:05:42.904+0000] {dag.py:3823} INFO - Setting next_dagrun for example_external_task_marker_child to None, run_after=None
[2024-04-25T06:05:42.909+0000] {logging_mixin.py:188} INFO - [2024-04-25T06:05:42.909+0000] {dag.py:3823} INFO - Setting next_dagrun for example_external_task_marker_parent to None, run_after=None
[2024-04-25T06:05:42.935+0000] {processor.py:183} INFO - Processing /home/airflow/.local/lib/python3.8/site-packages/airflow/example_dags/example_external_task_marker_dag.py took 0.108 seconds
[2024-04-25T06:06:13.174+0000] {processor.py:161} INFO - Started process (PID=819) to work on /home/airflow/.local/lib/python3.8/site-packages/airflow/example_dags/example_external_task_marker_dag.py
[2024-04-25T06:06:13.177+0000] {processor.py:830} INFO - Processing file /home/airflow/.local/lib/python3.8/site-packages/airflow/example_dags/example_external_task_marker_dag.py for tasks to queue
[2024-04-25T06:06:13.181+0000] {logging_mixin.py:188} INFO - [2024-04-25T06:06:13.180+0000] {dagbag.py:538} INFO - Filling up the DagBag from /home/airflow/.local/lib/python3.8/site-packages/airflow/example_dags/example_external_task_marker_dag.py
[2024-04-25T06:06:13.195+0000] {processor.py:840} INFO - DAG(s) 'example_external_task_marker_parent', 'example_external_task_marker_child' retrieved from /home/airflow/.local/lib/python3.8/site-packages/airflow/example_dags/example_external_task_marker_dag.py
[2024-04-25T06:06:13.234+0000] {logging_mixin.py:188} INFO - [2024-04-25T06:06:13.234+0000] {dag.py:3036} INFO - Sync 2 DAGs
[2024-04-25T06:06:13.253+0000] {logging_mixin.py:188} INFO - [2024-04-25T06:06:13.253+0000] {dag.py:3823} INFO - Setting next_dagrun for example_external_task_marker_child to None, run_after=None
[2024-04-25T06:06:13.258+0000] {logging_mixin.py:188} INFO - [2024-04-25T06:06:13.257+0000] {dag.py:3823} INFO - Setting next_dagrun for example_external_task_marker_parent to None, run_after=None
[2024-04-25T06:06:13.280+0000] {processor.py:183} INFO - Processing /home/airflow/.local/lib/python3.8/site-packages/airflow/example_dags/example_external_task_marker_dag.py took 0.113 seconds
[2024-04-25T06:06:45.332+0000] {processor.py:161} INFO - Started process (PID=878) to work on /home/airflow/.local/lib/python3.8/site-packages/airflow/example_dags/example_external_task_marker_dag.py
[2024-04-25T06:06:45.335+0000] {processor.py:830} INFO - Processing file /home/airflow/.local/lib/python3.8/site-packages/airflow/example_dags/example_external_task_marker_dag.py for tasks to queue
[2024-04-25T06:06:45.340+0000] {logging_mixin.py:188} INFO - [2024-04-25T06:06:45.339+0000] {dagbag.py:538} INFO - Filling up the DagBag from /home/airflow/.local/lib/python3.8/site-packages/airflow/example_dags/example_external_task_marker_dag.py
[2024-04-25T06:06:45.360+0000] {processor.py:840} INFO - DAG(s) 'example_external_task_marker_child', 'example_external_task_marker_parent' retrieved from /home/airflow/.local/lib/python3.8/site-packages/airflow/example_dags/example_external_task_marker_dag.py
[2024-04-25T06:06:45.442+0000] {logging_mixin.py:188} INFO - [2024-04-25T06:06:45.441+0000] {dag.py:3036} INFO - Sync 2 DAGs
[2024-04-25T06:06:45.492+0000] {logging_mixin.py:188} INFO - [2024-04-25T06:06:45.491+0000] {dag.py:3823} INFO - Setting next_dagrun for example_external_task_marker_child to None, run_after=None
[2024-04-25T06:06:45.504+0000] {logging_mixin.py:188} INFO - [2024-04-25T06:06:45.504+0000] {dag.py:3823} INFO - Setting next_dagrun for example_external_task_marker_parent to None, run_after=None
[2024-04-25T06:06:45.570+0000] {processor.py:183} INFO - Processing /home/airflow/.local/lib/python3.8/site-packages/airflow/example_dags/example_external_task_marker_dag.py took 0.247 seconds
[2024-04-25T06:07:16.518+0000] {processor.py:161} INFO - Started process (PID=937) to work on /home/airflow/.local/lib/python3.8/site-packages/airflow/example_dags/example_external_task_marker_dag.py
[2024-04-25T06:07:16.521+0000] {processor.py:830} INFO - Processing file /home/airflow/.local/lib/python3.8/site-packages/airflow/example_dags/example_external_task_marker_dag.py for tasks to queue
[2024-04-25T06:07:16.527+0000] {logging_mixin.py:188} INFO - [2024-04-25T06:07:16.526+0000] {dagbag.py:538} INFO - Filling up the DagBag from /home/airflow/.local/lib/python3.8/site-packages/airflow/example_dags/example_external_task_marker_dag.py
[2024-04-25T06:07:16.545+0000] {processor.py:840} INFO - DAG(s) 'example_external_task_marker_child', 'example_external_task_marker_parent' retrieved from /home/airflow/.local/lib/python3.8/site-packages/airflow/example_dags/example_external_task_marker_dag.py
[2024-04-25T06:07:16.657+0000] {logging_mixin.py:188} INFO - [2024-04-25T06:07:16.657+0000] {dag.py:3036} INFO - Sync 2 DAGs
[2024-04-25T06:07:16.726+0000] {logging_mixin.py:188} INFO - [2024-04-25T06:07:16.725+0000] {dag.py:3823} INFO - Setting next_dagrun for example_external_task_marker_child to None, run_after=None
[2024-04-25T06:07:16.747+0000] {logging_mixin.py:188} INFO - [2024-04-25T06:07:16.745+0000] {dag.py:3823} INFO - Setting next_dagrun for example_external_task_marker_parent to None, run_after=None
[2024-04-25T06:07:16.858+0000] {processor.py:183} INFO - Processing /home/airflow/.local/lib/python3.8/site-packages/airflow/example_dags/example_external_task_marker_dag.py took 0.353 seconds
[2024-04-25T06:07:47.623+0000] {processor.py:161} INFO - Started process (PID=996) to work on /home/airflow/.local/lib/python3.8/site-packages/airflow/example_dags/example_external_task_marker_dag.py
[2024-04-25T06:07:47.626+0000] {processor.py:830} INFO - Processing file /home/airflow/.local/lib/python3.8/site-packages/airflow/example_dags/example_external_task_marker_dag.py for tasks to queue
[2024-04-25T06:07:47.631+0000] {logging_mixin.py:188} INFO - [2024-04-25T06:07:47.630+0000] {dagbag.py:538} INFO - Filling up the DagBag from /home/airflow/.local/lib/python3.8/site-packages/airflow/example_dags/example_external_task_marker_dag.py
[2024-04-25T06:07:47.646+0000] {processor.py:840} INFO - DAG(s) 'example_external_task_marker_child', 'example_external_task_marker_parent' retrieved from /home/airflow/.local/lib/python3.8/site-packages/airflow/example_dags/example_external_task_marker_dag.py
[2024-04-25T06:07:47.684+0000] {logging_mixin.py:188} INFO - [2024-04-25T06:07:47.683+0000] {dag.py:3036} INFO - Sync 2 DAGs
[2024-04-25T06:07:47.704+0000] {logging_mixin.py:188} INFO - [2024-04-25T06:07:47.703+0000] {dag.py:3823} INFO - Setting next_dagrun for example_external_task_marker_child to None, run_after=None
[2024-04-25T06:07:47.710+0000] {logging_mixin.py:188} INFO - [2024-04-25T06:07:47.710+0000] {dag.py:3823} INFO - Setting next_dagrun for example_external_task_marker_parent to None, run_after=None
[2024-04-25T06:07:47.744+0000] {processor.py:183} INFO - Processing /home/airflow/.local/lib/python3.8/site-packages/airflow/example_dags/example_external_task_marker_dag.py took 0.130 seconds
[2024-04-25T06:08:18.612+0000] {processor.py:161} INFO - Started process (PID=1055) to work on /home/airflow/.local/lib/python3.8/site-packages/airflow/example_dags/example_external_task_marker_dag.py
[2024-04-25T06:08:18.616+0000] {processor.py:830} INFO - Processing file /home/airflow/.local/lib/python3.8/site-packages/airflow/example_dags/example_external_task_marker_dag.py for tasks to queue
[2024-04-25T06:08:18.623+0000] {logging_mixin.py:188} INFO - [2024-04-25T06:08:18.622+0000] {dagbag.py:538} INFO - Filling up the DagBag from /home/airflow/.local/lib/python3.8/site-packages/airflow/example_dags/example_external_task_marker_dag.py
[2024-04-25T06:08:18.677+0000] {processor.py:840} INFO - DAG(s) 'example_external_task_marker_child', 'example_external_task_marker_parent' retrieved from /home/airflow/.local/lib/python3.8/site-packages/airflow/example_dags/example_external_task_marker_dag.py
[2024-04-25T06:08:18.807+0000] {logging_mixin.py:188} INFO - [2024-04-25T06:08:18.803+0000] {dag.py:3036} INFO - Sync 2 DAGs
[2024-04-25T06:08:18.865+0000] {logging_mixin.py:188} INFO - [2024-04-25T06:08:18.863+0000] {dag.py:3823} INFO - Setting next_dagrun for example_external_task_marker_child to None, run_after=None
[2024-04-25T06:08:18.885+0000] {logging_mixin.py:188} INFO - [2024-04-25T06:08:18.884+0000] {dag.py:3823} INFO - Setting next_dagrun for example_external_task_marker_parent to None, run_after=None
[2024-04-25T06:08:18.973+0000] {processor.py:183} INFO - Processing /home/airflow/.local/lib/python3.8/site-packages/airflow/example_dags/example_external_task_marker_dag.py took 0.372 seconds
[2024-04-25T06:08:49.104+0000] {processor.py:161} INFO - Started process (PID=1114) to work on /home/airflow/.local/lib/python3.8/site-packages/airflow/example_dags/example_external_task_marker_dag.py
[2024-04-25T06:08:49.107+0000] {processor.py:830} INFO - Processing file /home/airflow/.local/lib/python3.8/site-packages/airflow/example_dags/example_external_task_marker_dag.py for tasks to queue
[2024-04-25T06:08:49.112+0000] {logging_mixin.py:188} INFO - [2024-04-25T06:08:49.111+0000] {dagbag.py:538} INFO - Filling up the DagBag from /home/airflow/.local/lib/python3.8/site-packages/airflow/example_dags/example_external_task_marker_dag.py
[2024-04-25T06:08:49.126+0000] {processor.py:840} INFO - DAG(s) 'example_external_task_marker_child', 'example_external_task_marker_parent' retrieved from /home/airflow/.local/lib/python3.8/site-packages/airflow/example_dags/example_external_task_marker_dag.py
[2024-04-25T06:08:49.165+0000] {logging_mixin.py:188} INFO - [2024-04-25T06:08:49.165+0000] {dag.py:3036} INFO - Sync 2 DAGs
[2024-04-25T06:08:49.184+0000] {logging_mixin.py:188} INFO - [2024-04-25T06:08:49.184+0000] {dag.py:3823} INFO - Setting next_dagrun for example_external_task_marker_child to None, run_after=None
[2024-04-25T06:08:49.192+0000] {logging_mixin.py:188} INFO - [2024-04-25T06:08:49.191+0000] {dag.py:3823} INFO - Setting next_dagrun for example_external_task_marker_parent to None, run_after=None
[2024-04-25T06:08:49.227+0000] {processor.py:183} INFO - Processing /home/airflow/.local/lib/python3.8/site-packages/airflow/example_dags/example_external_task_marker_dag.py took 0.130 seconds
[2024-04-25T06:09:19.412+0000] {processor.py:161} INFO - Started process (PID=1173) to work on /home/airflow/.local/lib/python3.8/site-packages/airflow/example_dags/example_external_task_marker_dag.py
[2024-04-25T06:09:19.415+0000] {processor.py:830} INFO - Processing file /home/airflow/.local/lib/python3.8/site-packages/airflow/example_dags/example_external_task_marker_dag.py for tasks to queue
[2024-04-25T06:09:19.420+0000] {logging_mixin.py:188} INFO - [2024-04-25T06:09:19.419+0000] {dagbag.py:538} INFO - Filling up the DagBag from /home/airflow/.local/lib/python3.8/site-packages/airflow/example_dags/example_external_task_marker_dag.py
[2024-04-25T06:09:19.444+0000] {processor.py:840} INFO - DAG(s) 'example_external_task_marker_parent', 'example_external_task_marker_child' retrieved from /home/airflow/.local/lib/python3.8/site-packages/airflow/example_dags/example_external_task_marker_dag.py
[2024-04-25T06:09:19.556+0000] {logging_mixin.py:188} INFO - [2024-04-25T06:09:19.555+0000] {dag.py:3036} INFO - Sync 2 DAGs
[2024-04-25T06:09:19.612+0000] {logging_mixin.py:188} INFO - [2024-04-25T06:09:19.611+0000] {dag.py:3823} INFO - Setting next_dagrun for example_external_task_marker_child to None, run_after=None
[2024-04-25T06:09:19.628+0000] {logging_mixin.py:188} INFO - [2024-04-25T06:09:19.627+0000] {dag.py:3823} INFO - Setting next_dagrun for example_external_task_marker_parent to None, run_after=None
[2024-04-25T06:09:19.686+0000] {processor.py:183} INFO - Processing /home/airflow/.local/lib/python3.8/site-packages/airflow/example_dags/example_external_task_marker_dag.py took 0.283 seconds
[2024-04-25T06:09:50.467+0000] {processor.py:161} INFO - Started process (PID=1232) to work on /home/airflow/.local/lib/python3.8/site-packages/airflow/example_dags/example_external_task_marker_dag.py
[2024-04-25T06:09:50.472+0000] {processor.py:830} INFO - Processing file /home/airflow/.local/lib/python3.8/site-packages/airflow/example_dags/example_external_task_marker_dag.py for tasks to queue
[2024-04-25T06:09:50.484+0000] {logging_mixin.py:188} INFO - [2024-04-25T06:09:50.482+0000] {dagbag.py:538} INFO - Filling up the DagBag from /home/airflow/.local/lib/python3.8/site-packages/airflow/example_dags/example_external_task_marker_dag.py
[2024-04-25T06:09:50.528+0000] {processor.py:840} INFO - DAG(s) 'example_external_task_marker_parent', 'example_external_task_marker_child' retrieved from /home/airflow/.local/lib/python3.8/site-packages/airflow/example_dags/example_external_task_marker_dag.py
[2024-04-25T06:09:50.674+0000] {logging_mixin.py:188} INFO - [2024-04-25T06:09:50.673+0000] {dag.py:3036} INFO - Sync 2 DAGs
[2024-04-25T06:09:50.784+0000] {logging_mixin.py:188} INFO - [2024-04-25T06:09:50.783+0000] {dag.py:3823} INFO - Setting next_dagrun for example_external_task_marker_child to None, run_after=None
[2024-04-25T06:09:50.801+0000] {logging_mixin.py:188} INFO - [2024-04-25T06:09:50.801+0000] {dag.py:3823} INFO - Setting next_dagrun for example_external_task_marker_parent to None, run_after=None
[2024-04-25T06:09:50.886+0000] {processor.py:183} INFO - Processing /home/airflow/.local/lib/python3.8/site-packages/airflow/example_dags/example_external_task_marker_dag.py took 0.443 seconds
[2024-04-25T06:10:21.385+0000] {processor.py:161} INFO - Started process (PID=1291) to work on /home/airflow/.local/lib/python3.8/site-packages/airflow/example_dags/example_external_task_marker_dag.py
[2024-04-25T06:10:21.389+0000] {processor.py:830} INFO - Processing file /home/airflow/.local/lib/python3.8/site-packages/airflow/example_dags/example_external_task_marker_dag.py for tasks to queue
[2024-04-25T06:10:21.398+0000] {logging_mixin.py:188} INFO - [2024-04-25T06:10:21.396+0000] {dagbag.py:538} INFO - Filling up the DagBag from /home/airflow/.local/lib/python3.8/site-packages/airflow/example_dags/example_external_task_marker_dag.py
[2024-04-25T06:10:21.422+0000] {processor.py:840} INFO - DAG(s) 'example_external_task_marker_parent', 'example_external_task_marker_child' retrieved from /home/airflow/.local/lib/python3.8/site-packages/airflow/example_dags/example_external_task_marker_dag.py
[2024-04-25T06:10:21.513+0000] {logging_mixin.py:188} INFO - [2024-04-25T06:10:21.513+0000] {dag.py:3036} INFO - Sync 2 DAGs
[2024-04-25T06:10:21.558+0000] {logging_mixin.py:188} INFO - [2024-04-25T06:10:21.557+0000] {dag.py:3823} INFO - Setting next_dagrun for example_external_task_marker_child to None, run_after=None
[2024-04-25T06:10:21.569+0000] {logging_mixin.py:188} INFO - [2024-04-25T06:10:21.569+0000] {dag.py:3823} INFO - Setting next_dagrun for example_external_task_marker_parent to None, run_after=None
[2024-04-25T06:10:21.638+0000] {processor.py:183} INFO - Processing /home/airflow/.local/lib/python3.8/site-packages/airflow/example_dags/example_external_task_marker_dag.py took 0.262 seconds
[2024-04-25T06:53:05.870+0000] {processor.py:161} INFO - Started process (PID=124) to work on /home/airflow/.local/lib/python3.8/site-packages/airflow/example_dags/example_external_task_marker_dag.py
[2024-04-25T06:53:05.950+0000] {processor.py:830} INFO - Processing file /home/airflow/.local/lib/python3.8/site-packages/airflow/example_dags/example_external_task_marker_dag.py for tasks to queue
[2024-04-25T06:53:05.965+0000] {logging_mixin.py:188} INFO - [2024-04-25T06:53:05.964+0000] {dagbag.py:538} INFO - Filling up the DagBag from /home/airflow/.local/lib/python3.8/site-packages/airflow/example_dags/example_external_task_marker_dag.py
[2024-04-25T06:53:06.175+0000] {processor.py:840} INFO - DAG(s) 'example_external_task_marker_child', 'example_external_task_marker_parent' retrieved from /home/airflow/.local/lib/python3.8/site-packages/airflow/example_dags/example_external_task_marker_dag.py
[2024-04-25T06:53:07.406+0000] {logging_mixin.py:188} INFO - [2024-04-25T06:53:07.405+0000] {dag.py:3036} INFO - Sync 2 DAGs
[2024-04-25T06:53:07.532+0000] {logging_mixin.py:188} INFO - [2024-04-25T06:53:07.531+0000] {dag.py:3823} INFO - Setting next_dagrun for example_external_task_marker_child to None, run_after=None
[2024-04-25T06:53:07.601+0000] {logging_mixin.py:188} INFO - [2024-04-25T06:53:07.601+0000] {dag.py:3823} INFO - Setting next_dagrun for example_external_task_marker_parent to None, run_after=None
[2024-04-25T06:53:07.936+0000] {processor.py:183} INFO - Processing /home/airflow/.local/lib/python3.8/site-packages/airflow/example_dags/example_external_task_marker_dag.py took 2.207 seconds
[2024-04-25T06:53:47.433+0000] {processor.py:161} INFO - Started process (PID=200) to work on /home/airflow/.local/lib/python3.8/site-packages/airflow/example_dags/example_external_task_marker_dag.py
[2024-04-25T06:53:47.453+0000] {processor.py:830} INFO - Processing file /home/airflow/.local/lib/python3.8/site-packages/airflow/example_dags/example_external_task_marker_dag.py for tasks to queue
[2024-04-25T06:53:47.475+0000] {logging_mixin.py:188} INFO - [2024-04-25T06:53:47.472+0000] {dagbag.py:538} INFO - Filling up the DagBag from /home/airflow/.local/lib/python3.8/site-packages/airflow/example_dags/example_external_task_marker_dag.py
[2024-04-25T06:53:47.808+0000] {processor.py:840} INFO - DAG(s) 'example_external_task_marker_child', 'example_external_task_marker_parent' retrieved from /home/airflow/.local/lib/python3.8/site-packages/airflow/example_dags/example_external_task_marker_dag.py
[2024-04-25T06:53:48.267+0000] {logging_mixin.py:188} INFO - [2024-04-25T06:53:48.266+0000] {dag.py:3036} INFO - Sync 2 DAGs
[2024-04-25T06:53:48.682+0000] {logging_mixin.py:188} INFO - [2024-04-25T06:53:48.676+0000] {dag.py:3823} INFO - Setting next_dagrun for example_external_task_marker_child to None, run_after=None
[2024-04-25T06:53:48.723+0000] {logging_mixin.py:188} INFO - [2024-04-25T06:53:48.723+0000] {dag.py:3823} INFO - Setting next_dagrun for example_external_task_marker_parent to None, run_after=None
[2024-04-25T06:53:48.940+0000] {processor.py:183} INFO - Processing /home/airflow/.local/lib/python3.8/site-packages/airflow/example_dags/example_external_task_marker_dag.py took 1.547 seconds
[2024-04-25T06:54:20.064+0000] {processor.py:161} INFO - Started process (PID=270) to work on /home/airflow/.local/lib/python3.8/site-packages/airflow/example_dags/example_external_task_marker_dag.py
[2024-04-25T06:54:20.075+0000] {processor.py:830} INFO - Processing file /home/airflow/.local/lib/python3.8/site-packages/airflow/example_dags/example_external_task_marker_dag.py for tasks to queue
[2024-04-25T06:54:20.084+0000] {logging_mixin.py:188} INFO - [2024-04-25T06:54:20.083+0000] {dagbag.py:538} INFO - Filling up the DagBag from /home/airflow/.local/lib/python3.8/site-packages/airflow/example_dags/example_external_task_marker_dag.py
[2024-04-25T06:54:20.137+0000] {processor.py:840} INFO - DAG(s) 'example_external_task_marker_parent', 'example_external_task_marker_child' retrieved from /home/airflow/.local/lib/python3.8/site-packages/airflow/example_dags/example_external_task_marker_dag.py
[2024-04-25T06:54:20.303+0000] {logging_mixin.py:188} INFO - [2024-04-25T06:54:20.300+0000] {dag.py:3036} INFO - Sync 2 DAGs
[2024-04-25T06:54:20.381+0000] {logging_mixin.py:188} INFO - [2024-04-25T06:54:20.380+0000] {dag.py:3823} INFO - Setting next_dagrun for example_external_task_marker_child to None, run_after=None
[2024-04-25T06:54:20.410+0000] {logging_mixin.py:188} INFO - [2024-04-25T06:54:20.410+0000] {dag.py:3823} INFO - Setting next_dagrun for example_external_task_marker_parent to None, run_after=None
[2024-04-25T06:54:20.546+0000] {processor.py:183} INFO - Processing /home/airflow/.local/lib/python3.8/site-packages/airflow/example_dags/example_external_task_marker_dag.py took 0.525 seconds
[2024-04-25T06:54:54.186+0000] {processor.py:161} INFO - Started process (PID=340) to work on /home/airflow/.local/lib/python3.8/site-packages/airflow/example_dags/example_external_task_marker_dag.py
[2024-04-25T06:54:54.194+0000] {processor.py:830} INFO - Processing file /home/airflow/.local/lib/python3.8/site-packages/airflow/example_dags/example_external_task_marker_dag.py for tasks to queue
[2024-04-25T06:54:54.204+0000] {logging_mixin.py:188} INFO - [2024-04-25T06:54:54.202+0000] {dagbag.py:538} INFO - Filling up the DagBag from /home/airflow/.local/lib/python3.8/site-packages/airflow/example_dags/example_external_task_marker_dag.py
[2024-04-25T06:54:54.250+0000] {processor.py:840} INFO - DAG(s) 'example_external_task_marker_child', 'example_external_task_marker_parent' retrieved from /home/airflow/.local/lib/python3.8/site-packages/airflow/example_dags/example_external_task_marker_dag.py
[2024-04-25T06:54:54.596+0000] {logging_mixin.py:188} INFO - [2024-04-25T06:54:54.595+0000] {dag.py:3036} INFO - Sync 2 DAGs
[2024-04-25T06:54:54.718+0000] {logging_mixin.py:188} INFO - [2024-04-25T06:54:54.718+0000] {dag.py:3823} INFO - Setting next_dagrun for example_external_task_marker_child to None, run_after=None
[2024-04-25T06:54:54.749+0000] {logging_mixin.py:188} INFO - [2024-04-25T06:54:54.747+0000] {dag.py:3823} INFO - Setting next_dagrun for example_external_task_marker_parent to None, run_after=None
[2024-04-25T06:54:55.559+0000] {processor.py:183} INFO - Processing /home/airflow/.local/lib/python3.8/site-packages/airflow/example_dags/example_external_task_marker_dag.py took 1.392 seconds
[2024-04-25T06:55:28.088+0000] {processor.py:161} INFO - Started process (PID=409) to work on /home/airflow/.local/lib/python3.8/site-packages/airflow/example_dags/example_external_task_marker_dag.py
[2024-04-25T06:55:28.093+0000] {processor.py:830} INFO - Processing file /home/airflow/.local/lib/python3.8/site-packages/airflow/example_dags/example_external_task_marker_dag.py for tasks to queue
[2024-04-25T06:55:28.101+0000] {logging_mixin.py:188} INFO - [2024-04-25T06:55:28.100+0000] {dagbag.py:538} INFO - Filling up the DagBag from /home/airflow/.local/lib/python3.8/site-packages/airflow/example_dags/example_external_task_marker_dag.py
[2024-04-25T06:55:28.142+0000] {processor.py:840} INFO - DAG(s) 'example_external_task_marker_parent', 'example_external_task_marker_child' retrieved from /home/airflow/.local/lib/python3.8/site-packages/airflow/example_dags/example_external_task_marker_dag.py
[2024-04-25T06:55:28.273+0000] {logging_mixin.py:188} INFO - [2024-04-25T06:55:28.272+0000] {dag.py:3036} INFO - Sync 2 DAGs
[2024-04-25T06:55:28.334+0000] {logging_mixin.py:188} INFO - [2024-04-25T06:55:28.333+0000] {dag.py:3823} INFO - Setting next_dagrun for example_external_task_marker_child to None, run_after=None
[2024-04-25T06:55:28.350+0000] {logging_mixin.py:188} INFO - [2024-04-25T06:55:28.349+0000] {dag.py:3823} INFO - Setting next_dagrun for example_external_task_marker_parent to None, run_after=None
[2024-04-25T06:55:28.469+0000] {processor.py:183} INFO - Processing /home/airflow/.local/lib/python3.8/site-packages/airflow/example_dags/example_external_task_marker_dag.py took 0.391 seconds
[2024-04-25T06:56:05.603+0000] {processor.py:161} INFO - Started process (PID=479) to work on /home/airflow/.local/lib/python3.8/site-packages/airflow/example_dags/example_external_task_marker_dag.py
[2024-04-25T06:56:05.611+0000] {processor.py:830} INFO - Processing file /home/airflow/.local/lib/python3.8/site-packages/airflow/example_dags/example_external_task_marker_dag.py for tasks to queue
[2024-04-25T06:56:05.624+0000] {logging_mixin.py:188} INFO - [2024-04-25T06:56:05.622+0000] {dagbag.py:538} INFO - Filling up the DagBag from /home/airflow/.local/lib/python3.8/site-packages/airflow/example_dags/example_external_task_marker_dag.py
[2024-04-25T06:56:05.650+0000] {processor.py:840} INFO - DAG(s) 'example_external_task_marker_parent', 'example_external_task_marker_child' retrieved from /home/airflow/.local/lib/python3.8/site-packages/airflow/example_dags/example_external_task_marker_dag.py
[2024-04-25T06:56:05.743+0000] {logging_mixin.py:188} INFO - [2024-04-25T06:56:05.742+0000] {dag.py:3036} INFO - Sync 2 DAGs
[2024-04-25T06:56:05.795+0000] {logging_mixin.py:188} INFO - [2024-04-25T06:56:05.794+0000] {dag.py:3823} INFO - Setting next_dagrun for example_external_task_marker_child to None, run_after=None
[2024-04-25T06:56:05.812+0000] {logging_mixin.py:188} INFO - [2024-04-25T06:56:05.811+0000] {dag.py:3823} INFO - Setting next_dagrun for example_external_task_marker_parent to None, run_after=None
[2024-04-25T06:56:05.894+0000] {processor.py:183} INFO - Processing /home/airflow/.local/lib/python3.8/site-packages/airflow/example_dags/example_external_task_marker_dag.py took 0.303 seconds
[2024-04-25T06:56:44.030+0000] {processor.py:161} INFO - Started process (PID=557) to work on /home/airflow/.local/lib/python3.8/site-packages/airflow/example_dags/example_external_task_marker_dag.py
[2024-04-25T06:56:44.034+0000] {processor.py:830} INFO - Processing file /home/airflow/.local/lib/python3.8/site-packages/airflow/example_dags/example_external_task_marker_dag.py for tasks to queue
[2024-04-25T06:56:44.041+0000] {logging_mixin.py:188} INFO - [2024-04-25T06:56:44.040+0000] {dagbag.py:538} INFO - Filling up the DagBag from /home/airflow/.local/lib/python3.8/site-packages/airflow/example_dags/example_external_task_marker_dag.py
[2024-04-25T06:56:44.070+0000] {processor.py:840} INFO - DAG(s) 'example_external_task_marker_parent', 'example_external_task_marker_child' retrieved from /home/airflow/.local/lib/python3.8/site-packages/airflow/example_dags/example_external_task_marker_dag.py
[2024-04-25T06:56:44.188+0000] {logging_mixin.py:188} INFO - [2024-04-25T06:56:44.187+0000] {dag.py:3036} INFO - Sync 2 DAGs
[2024-04-25T06:56:44.237+0000] {logging_mixin.py:188} INFO - [2024-04-25T06:56:44.236+0000] {dag.py:3823} INFO - Setting next_dagrun for example_external_task_marker_child to None, run_after=None
[2024-04-25T06:56:44.251+0000] {logging_mixin.py:188} INFO - [2024-04-25T06:56:44.250+0000] {dag.py:3823} INFO - Setting next_dagrun for example_external_task_marker_parent to None, run_after=None
[2024-04-25T06:56:44.418+0000] {processor.py:183} INFO - Processing /home/airflow/.local/lib/python3.8/site-packages/airflow/example_dags/example_external_task_marker_dag.py took 0.400 seconds
[2024-04-25T06:58:33.069+0000] {processor.py:161} INFO - Started process (PID=657) to work on /home/airflow/.local/lib/python3.8/site-packages/airflow/example_dags/example_external_task_marker_dag.py
[2024-04-25T06:58:33.094+0000] {processor.py:830} INFO - Processing file /home/airflow/.local/lib/python3.8/site-packages/airflow/example_dags/example_external_task_marker_dag.py for tasks to queue
[2024-04-25T06:58:33.291+0000] {logging_mixin.py:188} INFO - [2024-04-25T06:58:33.129+0000] {dagbag.py:538} INFO - Filling up the DagBag from /home/airflow/.local/lib/python3.8/site-packages/airflow/example_dags/example_external_task_marker_dag.py
[2024-04-25T06:58:33.433+0000] {processor.py:840} INFO - DAG(s) 'example_external_task_marker_child', 'example_external_task_marker_parent' retrieved from /home/airflow/.local/lib/python3.8/site-packages/airflow/example_dags/example_external_task_marker_dag.py
[2024-04-25T06:58:48.594+0000] {logging_mixin.py:188} INFO - [2024-04-25T06:58:48.569+0000] {dag.py:3036} INFO - Sync 2 DAGs
[2024-04-25T06:58:51.470+0000] {logging_mixin.py:188} INFO - [2024-04-25T06:58:51.469+0000] {dag.py:3823} INFO - Setting next_dagrun for example_external_task_marker_child to None, run_after=None
[2024-04-25T06:58:52.207+0000] {logging_mixin.py:188} INFO - [2024-04-25T06:58:52.205+0000] {dag.py:3823} INFO - Setting next_dagrun for example_external_task_marker_parent to None, run_after=None
[2024-04-25T06:58:54.833+0000] {processor.py:183} INFO - Processing /home/airflow/.local/lib/python3.8/site-packages/airflow/example_dags/example_external_task_marker_dag.py took 22.074 seconds
[2024-04-25T07:10:54.933+0000] {processor.py:161} INFO - Started process (PID=780) to work on /home/airflow/.local/lib/python3.8/site-packages/airflow/example_dags/example_external_task_marker_dag.py
[2024-04-25T07:10:54.958+0000] {processor.py:830} INFO - Processing file /home/airflow/.local/lib/python3.8/site-packages/airflow/example_dags/example_external_task_marker_dag.py for tasks to queue
[2024-04-25T07:10:55.036+0000] {logging_mixin.py:188} INFO - [2024-04-25T07:10:55.030+0000] {dagbag.py:538} INFO - Filling up the DagBag from /home/airflow/.local/lib/python3.8/site-packages/airflow/example_dags/example_external_task_marker_dag.py
[2024-04-25T07:10:56.925+0000] {processor.py:840} INFO - DAG(s) 'example_external_task_marker_parent', 'example_external_task_marker_child' retrieved from /home/airflow/.local/lib/python3.8/site-packages/airflow/example_dags/example_external_task_marker_dag.py
[2024-04-25T07:11:25.129+0000] {logging_mixin.py:188} INFO - [2024-04-25T07:11:24.912+0000] {dag.py:3036} INFO - Sync 2 DAGs
[2024-04-25T07:11:58.220+0000] {logging_mixin.py:188} INFO - [2024-04-25T07:11:52.810+0000] {dag.py:3823} INFO - Setting next_dagrun for example_external_task_marker_child to None, run_after=None
[2024-04-25T07:12:08.714+0000] {logging_mixin.py:188} INFO - [2024-04-25T07:12:08.507+0000] {dag.py:3823} INFO - Setting next_dagrun for example_external_task_marker_parent to None, run_after=None
[2024-04-25T07:51:13.542+0000] {processor.py:161} INFO - Started process (PID=83) to work on /home/airflow/.local/lib/python3.8/site-packages/airflow/example_dags/example_external_task_marker_dag.py
[2024-04-25T07:51:13.553+0000] {processor.py:830} INFO - Processing file /home/airflow/.local/lib/python3.8/site-packages/airflow/example_dags/example_external_task_marker_dag.py for tasks to queue
[2024-04-25T07:51:13.560+0000] {logging_mixin.py:188} INFO - [2024-04-25T07:51:13.559+0000] {dagbag.py:538} INFO - Filling up the DagBag from /home/airflow/.local/lib/python3.8/site-packages/airflow/example_dags/example_external_task_marker_dag.py
[2024-04-25T07:51:13.579+0000] {processor.py:840} INFO - DAG(s) 'example_external_task_marker_parent', 'example_external_task_marker_child' retrieved from /home/airflow/.local/lib/python3.8/site-packages/airflow/example_dags/example_external_task_marker_dag.py
[2024-04-25T07:51:13.901+0000] {logging_mixin.py:188} INFO - [2024-04-25T07:51:13.900+0000] {dag.py:3036} INFO - Sync 2 DAGs
[2024-04-25T07:51:13.938+0000] {logging_mixin.py:188} INFO - [2024-04-25T07:51:13.937+0000] {dag.py:3823} INFO - Setting next_dagrun for example_external_task_marker_child to None, run_after=None
[2024-04-25T07:51:13.948+0000] {logging_mixin.py:188} INFO - [2024-04-25T07:51:13.947+0000] {dag.py:3823} INFO - Setting next_dagrun for example_external_task_marker_parent to None, run_after=None
[2024-04-25T07:51:14.007+0000] {processor.py:183} INFO - Processing /home/airflow/.local/lib/python3.8/site-packages/airflow/example_dags/example_external_task_marker_dag.py took 0.475 seconds
[2024-04-25T07:51:48.671+0000] {processor.py:161} INFO - Started process (PID=153) to work on /home/airflow/.local/lib/python3.8/site-packages/airflow/example_dags/example_external_task_marker_dag.py
[2024-04-25T07:51:48.685+0000] {processor.py:830} INFO - Processing file /home/airflow/.local/lib/python3.8/site-packages/airflow/example_dags/example_external_task_marker_dag.py for tasks to queue
[2024-04-25T07:51:48.703+0000] {logging_mixin.py:188} INFO - [2024-04-25T07:51:48.702+0000] {dagbag.py:538} INFO - Filling up the DagBag from /home/airflow/.local/lib/python3.8/site-packages/airflow/example_dags/example_external_task_marker_dag.py
[2024-04-25T07:51:48.758+0000] {processor.py:840} INFO - DAG(s) 'example_external_task_marker_parent', 'example_external_task_marker_child' retrieved from /home/airflow/.local/lib/python3.8/site-packages/airflow/example_dags/example_external_task_marker_dag.py
[2024-04-25T07:51:48.990+0000] {logging_mixin.py:188} INFO - [2024-04-25T07:51:48.988+0000] {dag.py:3036} INFO - Sync 2 DAGs
[2024-04-25T07:51:49.133+0000] {logging_mixin.py:188} INFO - [2024-04-25T07:51:49.129+0000] {dag.py:3823} INFO - Setting next_dagrun for example_external_task_marker_child to None, run_after=None
[2024-04-25T07:51:49.175+0000] {logging_mixin.py:188} INFO - [2024-04-25T07:51:49.174+0000] {dag.py:3823} INFO - Setting next_dagrun for example_external_task_marker_parent to None, run_after=None
[2024-04-25T07:51:49.307+0000] {processor.py:183} INFO - Processing /home/airflow/.local/lib/python3.8/site-packages/airflow/example_dags/example_external_task_marker_dag.py took 0.667 seconds
[2024-04-25T07:52:28.314+0000] {processor.py:161} INFO - Started process (PID=229) to work on /home/airflow/.local/lib/python3.8/site-packages/airflow/example_dags/example_external_task_marker_dag.py
[2024-04-25T07:52:28.323+0000] {processor.py:830} INFO - Processing file /home/airflow/.local/lib/python3.8/site-packages/airflow/example_dags/example_external_task_marker_dag.py for tasks to queue
[2024-04-25T07:52:28.334+0000] {logging_mixin.py:188} INFO - [2024-04-25T07:52:28.333+0000] {dagbag.py:538} INFO - Filling up the DagBag from /home/airflow/.local/lib/python3.8/site-packages/airflow/example_dags/example_external_task_marker_dag.py
[2024-04-25T07:52:28.371+0000] {processor.py:840} INFO - DAG(s) 'example_external_task_marker_parent', 'example_external_task_marker_child' retrieved from /home/airflow/.local/lib/python3.8/site-packages/airflow/example_dags/example_external_task_marker_dag.py
[2024-04-25T07:52:28.571+0000] {logging_mixin.py:188} INFO - [2024-04-25T07:52:28.570+0000] {dag.py:3036} INFO - Sync 2 DAGs
[2024-04-25T07:52:28.728+0000] {logging_mixin.py:188} INFO - [2024-04-25T07:52:28.725+0000] {dag.py:3823} INFO - Setting next_dagrun for example_external_task_marker_child to None, run_after=None
[2024-04-25T07:52:28.751+0000] {logging_mixin.py:188} INFO - [2024-04-25T07:52:28.750+0000] {dag.py:3823} INFO - Setting next_dagrun for example_external_task_marker_parent to None, run_after=None
[2024-04-25T07:52:28.833+0000] {processor.py:183} INFO - Processing /home/airflow/.local/lib/python3.8/site-packages/airflow/example_dags/example_external_task_marker_dag.py took 0.540 seconds
[2024-04-25T07:52:58.978+0000] {processor.py:161} INFO - Started process (PID=299) to work on /home/airflow/.local/lib/python3.8/site-packages/airflow/example_dags/example_external_task_marker_dag.py
[2024-04-25T07:52:58.982+0000] {processor.py:830} INFO - Processing file /home/airflow/.local/lib/python3.8/site-packages/airflow/example_dags/example_external_task_marker_dag.py for tasks to queue
[2024-04-25T07:52:58.988+0000] {logging_mixin.py:188} INFO - [2024-04-25T07:52:58.987+0000] {dagbag.py:538} INFO - Filling up the DagBag from /home/airflow/.local/lib/python3.8/site-packages/airflow/example_dags/example_external_task_marker_dag.py
[2024-04-25T07:52:59.006+0000] {processor.py:840} INFO - DAG(s) 'example_external_task_marker_child', 'example_external_task_marker_parent' retrieved from /home/airflow/.local/lib/python3.8/site-packages/airflow/example_dags/example_external_task_marker_dag.py
[2024-04-25T07:52:59.079+0000] {logging_mixin.py:188} INFO - [2024-04-25T07:52:59.079+0000] {dag.py:3036} INFO - Sync 2 DAGs
[2024-04-25T07:52:59.120+0000] {logging_mixin.py:188} INFO - [2024-04-25T07:52:59.119+0000] {dag.py:3823} INFO - Setting next_dagrun for example_external_task_marker_child to None, run_after=None
[2024-04-25T07:52:59.130+0000] {logging_mixin.py:188} INFO - [2024-04-25T07:52:59.129+0000] {dag.py:3823} INFO - Setting next_dagrun for example_external_task_marker_parent to None, run_after=None
[2024-04-25T07:52:59.179+0000] {processor.py:183} INFO - Processing /home/airflow/.local/lib/python3.8/site-packages/airflow/example_dags/example_external_task_marker_dag.py took 0.211 seconds
[2024-04-25T07:53:37.594+0000] {processor.py:161} INFO - Started process (PID=369) to work on /home/airflow/.local/lib/python3.8/site-packages/airflow/example_dags/example_external_task_marker_dag.py
[2024-04-25T07:53:37.614+0000] {processor.py:830} INFO - Processing file /home/airflow/.local/lib/python3.8/site-packages/airflow/example_dags/example_external_task_marker_dag.py for tasks to queue
[2024-04-25T07:53:37.628+0000] {logging_mixin.py:188} INFO - [2024-04-25T07:53:37.626+0000] {dagbag.py:538} INFO - Filling up the DagBag from /home/airflow/.local/lib/python3.8/site-packages/airflow/example_dags/example_external_task_marker_dag.py
[2024-04-25T07:53:37.688+0000] {processor.py:840} INFO - DAG(s) 'example_external_task_marker_child', 'example_external_task_marker_parent' retrieved from /home/airflow/.local/lib/python3.8/site-packages/airflow/example_dags/example_external_task_marker_dag.py
[2024-04-25T07:53:37.837+0000] {logging_mixin.py:188} INFO - [2024-04-25T07:53:37.836+0000] {dag.py:3036} INFO - Sync 2 DAGs
[2024-04-25T07:53:37.897+0000] {logging_mixin.py:188} INFO - [2024-04-25T07:53:37.897+0000] {dag.py:3823} INFO - Setting next_dagrun for example_external_task_marker_child to None, run_after=None
[2024-04-25T07:53:37.918+0000] {logging_mixin.py:188} INFO - [2024-04-25T07:53:37.917+0000] {dag.py:3823} INFO - Setting next_dagrun for example_external_task_marker_parent to None, run_after=None
[2024-04-25T07:53:38.026+0000] {processor.py:183} INFO - Processing /home/airflow/.local/lib/python3.8/site-packages/airflow/example_dags/example_external_task_marker_dag.py took 0.477 seconds
