[2024-04-25T05:59:11.744+0000] {processor.py:161} INFO - Started process (PID=112) to work on /home/airflow/.local/lib/python3.8/site-packages/airflow/example_dags/example_trigger_target_dag.py
[2024-04-25T05:59:11.749+0000] {processor.py:830} INFO - Processing file /home/airflow/.local/lib/python3.8/site-packages/airflow/example_dags/example_trigger_target_dag.py for tasks to queue
[2024-04-25T05:59:11.760+0000] {logging_mixin.py:188} INFO - [2024-04-25T05:59:11.759+0000] {dagbag.py:538} INFO - Filling up the DagBag from /home/airflow/.local/lib/python3.8/site-packages/airflow/example_dags/example_trigger_target_dag.py
[2024-04-25T05:59:11.796+0000] {processor.py:840} INFO - DAG(s) 'example_trigger_target_dag' retrieved from /home/airflow/.local/lib/python3.8/site-packages/airflow/example_dags/example_trigger_target_dag.py
[2024-04-25T05:59:12.365+0000] {logging_mixin.py:188} INFO - [2024-04-25T05:59:12.364+0000] {dag.py:3036} INFO - Sync 1 DAGs
[2024-04-25T05:59:12.421+0000] {logging_mixin.py:188} INFO - [2024-04-25T05:59:12.421+0000] {dag.py:3823} INFO - Setting next_dagrun for example_trigger_target_dag to None, run_after=None
[2024-04-25T05:59:12.536+0000] {processor.py:183} INFO - Processing /home/airflow/.local/lib/python3.8/site-packages/airflow/example_dags/example_trigger_target_dag.py took 0.811 seconds
[2024-04-25T05:59:55.163+0000] {processor.py:161} INFO - Started process (PID=171) to work on /home/airflow/.local/lib/python3.8/site-packages/airflow/example_dags/example_trigger_target_dag.py
[2024-04-25T05:59:55.191+0000] {processor.py:830} INFO - Processing file /home/airflow/.local/lib/python3.8/site-packages/airflow/example_dags/example_trigger_target_dag.py for tasks to queue
[2024-04-25T05:59:55.230+0000] {logging_mixin.py:188} INFO - [2024-04-25T05:59:55.228+0000] {dagbag.py:538} INFO - Filling up the DagBag from /home/airflow/.local/lib/python3.8/site-packages/airflow/example_dags/example_trigger_target_dag.py
[2024-04-25T05:59:55.476+0000] {processor.py:840} INFO - DAG(s) 'example_trigger_target_dag' retrieved from /home/airflow/.local/lib/python3.8/site-packages/airflow/example_dags/example_trigger_target_dag.py
[2024-04-25T05:59:55.803+0000] {logging_mixin.py:188} INFO - [2024-04-25T05:59:55.802+0000] {dag.py:3036} INFO - Sync 1 DAGs
[2024-04-25T05:59:56.045+0000] {logging_mixin.py:188} INFO - [2024-04-25T05:59:56.042+0000] {dag.py:3823} INFO - Setting next_dagrun for example_trigger_target_dag to None, run_after=None
[2024-04-25T05:59:56.503+0000] {processor.py:183} INFO - Processing /home/airflow/.local/lib/python3.8/site-packages/airflow/example_dags/example_trigger_target_dag.py took 1.451 seconds
[2024-04-25T06:00:41.832+0000] {processor.py:161} INFO - Started process (PID=236) to work on /home/airflow/.local/lib/python3.8/site-packages/airflow/example_dags/example_trigger_target_dag.py
[2024-04-25T06:00:41.839+0000] {processor.py:830} INFO - Processing file /home/airflow/.local/lib/python3.8/site-packages/airflow/example_dags/example_trigger_target_dag.py for tasks to queue
[2024-04-25T06:00:41.847+0000] {logging_mixin.py:188} INFO - [2024-04-25T06:00:41.846+0000] {dagbag.py:538} INFO - Filling up the DagBag from /home/airflow/.local/lib/python3.8/site-packages/airflow/example_dags/example_trigger_target_dag.py
[2024-04-25T06:00:41.872+0000] {processor.py:840} INFO - DAG(s) 'example_trigger_target_dag' retrieved from /home/airflow/.local/lib/python3.8/site-packages/airflow/example_dags/example_trigger_target_dag.py
[2024-04-25T06:00:41.960+0000] {logging_mixin.py:188} INFO - [2024-04-25T06:00:41.960+0000] {dag.py:3036} INFO - Sync 1 DAGs
[2024-04-25T06:00:42.002+0000] {logging_mixin.py:188} INFO - [2024-04-25T06:00:42.002+0000] {dag.py:3823} INFO - Setting next_dagrun for example_trigger_target_dag to None, run_after=None
[2024-04-25T06:00:42.078+0000] {processor.py:183} INFO - Processing /home/airflow/.local/lib/python3.8/site-packages/airflow/example_dags/example_trigger_target_dag.py took 0.261 seconds
[2024-04-25T06:01:16.718+0000] {processor.py:161} INFO - Started process (PID=293) to work on /home/airflow/.local/lib/python3.8/site-packages/airflow/example_dags/example_trigger_target_dag.py
[2024-04-25T06:01:16.723+0000] {processor.py:830} INFO - Processing file /home/airflow/.local/lib/python3.8/site-packages/airflow/example_dags/example_trigger_target_dag.py for tasks to queue
[2024-04-25T06:01:16.734+0000] {logging_mixin.py:188} INFO - [2024-04-25T06:01:16.732+0000] {dagbag.py:538} INFO - Filling up the DagBag from /home/airflow/.local/lib/python3.8/site-packages/airflow/example_dags/example_trigger_target_dag.py
[2024-04-25T06:01:16.751+0000] {processor.py:840} INFO - DAG(s) 'example_trigger_target_dag' retrieved from /home/airflow/.local/lib/python3.8/site-packages/airflow/example_dags/example_trigger_target_dag.py
[2024-04-25T06:01:16.810+0000] {logging_mixin.py:188} INFO - [2024-04-25T06:01:16.809+0000] {dag.py:3036} INFO - Sync 1 DAGs
[2024-04-25T06:01:16.842+0000] {logging_mixin.py:188} INFO - [2024-04-25T06:01:16.841+0000] {dag.py:3823} INFO - Setting next_dagrun for example_trigger_target_dag to None, run_after=None
[2024-04-25T06:01:16.902+0000] {processor.py:183} INFO - Processing /home/airflow/.local/lib/python3.8/site-packages/airflow/example_dags/example_trigger_target_dag.py took 0.197 seconds
[2024-04-25T06:01:56.577+0000] {processor.py:161} INFO - Started process (PID=342) to work on /home/airflow/.local/lib/python3.8/site-packages/airflow/example_dags/example_trigger_target_dag.py
[2024-04-25T06:01:56.584+0000] {processor.py:830} INFO - Processing file /home/airflow/.local/lib/python3.8/site-packages/airflow/example_dags/example_trigger_target_dag.py for tasks to queue
[2024-04-25T06:01:56.592+0000] {logging_mixin.py:188} INFO - [2024-04-25T06:01:56.591+0000] {dagbag.py:538} INFO - Filling up the DagBag from /home/airflow/.local/lib/python3.8/site-packages/airflow/example_dags/example_trigger_target_dag.py
[2024-04-25T06:01:56.610+0000] {processor.py:840} INFO - DAG(s) 'example_trigger_target_dag' retrieved from /home/airflow/.local/lib/python3.8/site-packages/airflow/example_dags/example_trigger_target_dag.py
[2024-04-25T06:01:56.765+0000] {logging_mixin.py:188} INFO - [2024-04-25T06:01:56.764+0000] {dag.py:3036} INFO - Sync 1 DAGs
[2024-04-25T06:01:56.799+0000] {logging_mixin.py:188} INFO - [2024-04-25T06:01:56.798+0000] {dag.py:3823} INFO - Setting next_dagrun for example_trigger_target_dag to None, run_after=None
[2024-04-25T06:01:56.857+0000] {processor.py:183} INFO - Processing /home/airflow/.local/lib/python3.8/site-packages/airflow/example_dags/example_trigger_target_dag.py took 0.293 seconds
[2024-04-25T06:02:28.643+0000] {processor.py:161} INFO - Started process (PID=401) to work on /home/airflow/.local/lib/python3.8/site-packages/airflow/example_dags/example_trigger_target_dag.py
[2024-04-25T06:02:28.647+0000] {processor.py:830} INFO - Processing file /home/airflow/.local/lib/python3.8/site-packages/airflow/example_dags/example_trigger_target_dag.py for tasks to queue
[2024-04-25T06:02:28.652+0000] {logging_mixin.py:188} INFO - [2024-04-25T06:02:28.651+0000] {dagbag.py:538} INFO - Filling up the DagBag from /home/airflow/.local/lib/python3.8/site-packages/airflow/example_dags/example_trigger_target_dag.py
[2024-04-25T06:02:28.666+0000] {processor.py:840} INFO - DAG(s) 'example_trigger_target_dag' retrieved from /home/airflow/.local/lib/python3.8/site-packages/airflow/example_dags/example_trigger_target_dag.py
[2024-04-25T06:02:28.717+0000] {logging_mixin.py:188} INFO - [2024-04-25T06:02:28.716+0000] {dag.py:3036} INFO - Sync 1 DAGs
[2024-04-25T06:02:28.748+0000] {logging_mixin.py:188} INFO - [2024-04-25T06:02:28.747+0000] {dag.py:3823} INFO - Setting next_dagrun for example_trigger_target_dag to None, run_after=None
[2024-04-25T06:02:28.798+0000] {processor.py:183} INFO - Processing /home/airflow/.local/lib/python3.8/site-packages/airflow/example_dags/example_trigger_target_dag.py took 0.163 seconds
[2024-04-25T06:03:10.384+0000] {processor.py:161} INFO - Started process (PID=466) to work on /home/airflow/.local/lib/python3.8/site-packages/airflow/example_dags/example_trigger_target_dag.py
[2024-04-25T06:03:10.394+0000] {processor.py:830} INFO - Processing file /home/airflow/.local/lib/python3.8/site-packages/airflow/example_dags/example_trigger_target_dag.py for tasks to queue
[2024-04-25T06:03:10.407+0000] {logging_mixin.py:188} INFO - [2024-04-25T06:03:10.405+0000] {dagbag.py:538} INFO - Filling up the DagBag from /home/airflow/.local/lib/python3.8/site-packages/airflow/example_dags/example_trigger_target_dag.py
[2024-04-25T06:03:10.445+0000] {processor.py:840} INFO - DAG(s) 'example_trigger_target_dag' retrieved from /home/airflow/.local/lib/python3.8/site-packages/airflow/example_dags/example_trigger_target_dag.py
[2024-04-25T06:03:10.580+0000] {logging_mixin.py:188} INFO - [2024-04-25T06:03:10.578+0000] {dag.py:3036} INFO - Sync 1 DAGs
[2024-04-25T06:03:10.825+0000] {logging_mixin.py:188} INFO - [2024-04-25T06:03:10.824+0000] {dag.py:3823} INFO - Setting next_dagrun for example_trigger_target_dag to None, run_after=None
[2024-04-25T06:03:11.070+0000] {processor.py:183} INFO - Processing /home/airflow/.local/lib/python3.8/site-packages/airflow/example_dags/example_trigger_target_dag.py took 0.702 seconds
[2024-04-25T06:03:41.250+0000] {processor.py:161} INFO - Started process (PID=525) to work on /home/airflow/.local/lib/python3.8/site-packages/airflow/example_dags/example_trigger_target_dag.py
[2024-04-25T06:03:41.255+0000] {processor.py:830} INFO - Processing file /home/airflow/.local/lib/python3.8/site-packages/airflow/example_dags/example_trigger_target_dag.py for tasks to queue
[2024-04-25T06:03:41.267+0000] {logging_mixin.py:188} INFO - [2024-04-25T06:03:41.265+0000] {dagbag.py:538} INFO - Filling up the DagBag from /home/airflow/.local/lib/python3.8/site-packages/airflow/example_dags/example_trigger_target_dag.py
[2024-04-25T06:03:41.300+0000] {processor.py:840} INFO - DAG(s) 'example_trigger_target_dag' retrieved from /home/airflow/.local/lib/python3.8/site-packages/airflow/example_dags/example_trigger_target_dag.py
[2024-04-25T06:03:41.391+0000] {logging_mixin.py:188} INFO - [2024-04-25T06:03:41.391+0000] {dag.py:3036} INFO - Sync 1 DAGs
[2024-04-25T06:03:41.455+0000] {logging_mixin.py:188} INFO - [2024-04-25T06:03:41.454+0000] {dag.py:3823} INFO - Setting next_dagrun for example_trigger_target_dag to None, run_after=None
[2024-04-25T06:03:41.536+0000] {processor.py:183} INFO - Processing /home/airflow/.local/lib/python3.8/site-packages/airflow/example_dags/example_trigger_target_dag.py took 0.306 seconds
[2024-04-25T06:04:11.931+0000] {processor.py:161} INFO - Started process (PID=584) to work on /home/airflow/.local/lib/python3.8/site-packages/airflow/example_dags/example_trigger_target_dag.py
[2024-04-25T06:04:11.936+0000] {processor.py:830} INFO - Processing file /home/airflow/.local/lib/python3.8/site-packages/airflow/example_dags/example_trigger_target_dag.py for tasks to queue
[2024-04-25T06:04:11.943+0000] {logging_mixin.py:188} INFO - [2024-04-25T06:04:11.942+0000] {dagbag.py:538} INFO - Filling up the DagBag from /home/airflow/.local/lib/python3.8/site-packages/airflow/example_dags/example_trigger_target_dag.py
[2024-04-25T06:04:11.963+0000] {processor.py:840} INFO - DAG(s) 'example_trigger_target_dag' retrieved from /home/airflow/.local/lib/python3.8/site-packages/airflow/example_dags/example_trigger_target_dag.py
[2024-04-25T06:04:12.027+0000] {logging_mixin.py:188} INFO - [2024-04-25T06:04:12.027+0000] {dag.py:3036} INFO - Sync 1 DAGs
[2024-04-25T06:04:12.075+0000] {logging_mixin.py:188} INFO - [2024-04-25T06:04:12.074+0000] {dag.py:3823} INFO - Setting next_dagrun for example_trigger_target_dag to None, run_after=None
[2024-04-25T06:04:12.150+0000] {processor.py:183} INFO - Processing /home/airflow/.local/lib/python3.8/site-packages/airflow/example_dags/example_trigger_target_dag.py took 0.231 seconds
[2024-04-25T06:04:42.190+0000] {processor.py:161} INFO - Started process (PID=643) to work on /home/airflow/.local/lib/python3.8/site-packages/airflow/example_dags/example_trigger_target_dag.py
[2024-04-25T06:04:42.192+0000] {processor.py:830} INFO - Processing file /home/airflow/.local/lib/python3.8/site-packages/airflow/example_dags/example_trigger_target_dag.py for tasks to queue
[2024-04-25T06:04:42.195+0000] {logging_mixin.py:188} INFO - [2024-04-25T06:04:42.195+0000] {dagbag.py:538} INFO - Filling up the DagBag from /home/airflow/.local/lib/python3.8/site-packages/airflow/example_dags/example_trigger_target_dag.py
[2024-04-25T06:04:42.205+0000] {processor.py:840} INFO - DAG(s) 'example_trigger_target_dag' retrieved from /home/airflow/.local/lib/python3.8/site-packages/airflow/example_dags/example_trigger_target_dag.py
[2024-04-25T06:04:42.236+0000] {logging_mixin.py:188} INFO - [2024-04-25T06:04:42.236+0000] {dag.py:3036} INFO - Sync 1 DAGs
[2024-04-25T06:04:42.253+0000] {logging_mixin.py:188} INFO - [2024-04-25T06:04:42.253+0000] {dag.py:3823} INFO - Setting next_dagrun for example_trigger_target_dag to None, run_after=None
[2024-04-25T06:04:42.281+0000] {processor.py:183} INFO - Processing /home/airflow/.local/lib/python3.8/site-packages/airflow/example_dags/example_trigger_target_dag.py took 0.096 seconds
[2024-04-25T06:05:12.597+0000] {processor.py:161} INFO - Started process (PID=702) to work on /home/airflow/.local/lib/python3.8/site-packages/airflow/example_dags/example_trigger_target_dag.py
[2024-04-25T06:05:12.599+0000] {processor.py:830} INFO - Processing file /home/airflow/.local/lib/python3.8/site-packages/airflow/example_dags/example_trigger_target_dag.py for tasks to queue
[2024-04-25T06:05:12.604+0000] {logging_mixin.py:188} INFO - [2024-04-25T06:05:12.603+0000] {dagbag.py:538} INFO - Filling up the DagBag from /home/airflow/.local/lib/python3.8/site-packages/airflow/example_dags/example_trigger_target_dag.py
[2024-04-25T06:05:12.616+0000] {processor.py:840} INFO - DAG(s) 'example_trigger_target_dag' retrieved from /home/airflow/.local/lib/python3.8/site-packages/airflow/example_dags/example_trigger_target_dag.py
[2024-04-25T06:05:12.657+0000] {logging_mixin.py:188} INFO - [2024-04-25T06:05:12.657+0000] {dag.py:3036} INFO - Sync 1 DAGs
[2024-04-25T06:05:12.680+0000] {logging_mixin.py:188} INFO - [2024-04-25T06:05:12.679+0000] {dag.py:3823} INFO - Setting next_dagrun for example_trigger_target_dag to None, run_after=None
[2024-04-25T06:05:12.714+0000] {processor.py:183} INFO - Processing /home/airflow/.local/lib/python3.8/site-packages/airflow/example_dags/example_trigger_target_dag.py took 0.123 seconds
[2024-04-25T06:05:42.960+0000] {processor.py:161} INFO - Started process (PID=761) to work on /home/airflow/.local/lib/python3.8/site-packages/airflow/example_dags/example_trigger_target_dag.py
[2024-04-25T06:05:42.962+0000] {processor.py:830} INFO - Processing file /home/airflow/.local/lib/python3.8/site-packages/airflow/example_dags/example_trigger_target_dag.py for tasks to queue
[2024-04-25T06:05:42.965+0000] {logging_mixin.py:188} INFO - [2024-04-25T06:05:42.965+0000] {dagbag.py:538} INFO - Filling up the DagBag from /home/airflow/.local/lib/python3.8/site-packages/airflow/example_dags/example_trigger_target_dag.py
[2024-04-25T06:05:42.973+0000] {processor.py:840} INFO - DAG(s) 'example_trigger_target_dag' retrieved from /home/airflow/.local/lib/python3.8/site-packages/airflow/example_dags/example_trigger_target_dag.py
[2024-04-25T06:05:42.998+0000] {logging_mixin.py:188} INFO - [2024-04-25T06:05:42.997+0000] {dag.py:3036} INFO - Sync 1 DAGs
[2024-04-25T06:05:43.014+0000] {logging_mixin.py:188} INFO - [2024-04-25T06:05:43.014+0000] {dag.py:3823} INFO - Setting next_dagrun for example_trigger_target_dag to None, run_after=None
[2024-04-25T06:05:43.042+0000] {processor.py:183} INFO - Processing /home/airflow/.local/lib/python3.8/site-packages/airflow/example_dags/example_trigger_target_dag.py took 0.086 seconds
[2024-04-25T06:06:13.307+0000] {processor.py:161} INFO - Started process (PID=820) to work on /home/airflow/.local/lib/python3.8/site-packages/airflow/example_dags/example_trigger_target_dag.py
[2024-04-25T06:06:13.309+0000] {processor.py:830} INFO - Processing file /home/airflow/.local/lib/python3.8/site-packages/airflow/example_dags/example_trigger_target_dag.py for tasks to queue
[2024-04-25T06:06:13.312+0000] {logging_mixin.py:188} INFO - [2024-04-25T06:06:13.311+0000] {dagbag.py:538} INFO - Filling up the DagBag from /home/airflow/.local/lib/python3.8/site-packages/airflow/example_dags/example_trigger_target_dag.py
[2024-04-25T06:06:13.321+0000] {processor.py:840} INFO - DAG(s) 'example_trigger_target_dag' retrieved from /home/airflow/.local/lib/python3.8/site-packages/airflow/example_dags/example_trigger_target_dag.py
[2024-04-25T06:06:13.352+0000] {logging_mixin.py:188} INFO - [2024-04-25T06:06:13.351+0000] {dag.py:3036} INFO - Sync 1 DAGs
[2024-04-25T06:06:13.369+0000] {logging_mixin.py:188} INFO - [2024-04-25T06:06:13.369+0000] {dag.py:3823} INFO - Setting next_dagrun for example_trigger_target_dag to None, run_after=None
[2024-04-25T06:06:13.394+0000] {processor.py:183} INFO - Processing /home/airflow/.local/lib/python3.8/site-packages/airflow/example_dags/example_trigger_target_dag.py took 0.092 seconds
[2024-04-25T06:06:45.406+0000] {processor.py:161} INFO - Started process (PID=879) to work on /home/airflow/.local/lib/python3.8/site-packages/airflow/example_dags/example_trigger_target_dag.py
[2024-04-25T06:06:45.410+0000] {processor.py:830} INFO - Processing file /home/airflow/.local/lib/python3.8/site-packages/airflow/example_dags/example_trigger_target_dag.py for tasks to queue
[2024-04-25T06:06:45.419+0000] {logging_mixin.py:188} INFO - [2024-04-25T06:06:45.418+0000] {dagbag.py:538} INFO - Filling up the DagBag from /home/airflow/.local/lib/python3.8/site-packages/airflow/example_dags/example_trigger_target_dag.py
[2024-04-25T06:06:45.442+0000] {processor.py:840} INFO - DAG(s) 'example_trigger_target_dag' retrieved from /home/airflow/.local/lib/python3.8/site-packages/airflow/example_dags/example_trigger_target_dag.py
[2024-04-25T06:06:45.514+0000] {logging_mixin.py:188} INFO - [2024-04-25T06:06:45.513+0000] {dag.py:3036} INFO - Sync 1 DAGs
[2024-04-25T06:06:45.561+0000] {logging_mixin.py:188} INFO - [2024-04-25T06:06:45.560+0000] {dag.py:3823} INFO - Setting next_dagrun for example_trigger_target_dag to None, run_after=None
[2024-04-25T06:06:45.641+0000] {processor.py:183} INFO - Processing /home/airflow/.local/lib/python3.8/site-packages/airflow/example_dags/example_trigger_target_dag.py took 0.245 seconds
[2024-04-25T06:07:16.532+0000] {processor.py:161} INFO - Started process (PID=938) to work on /home/airflow/.local/lib/python3.8/site-packages/airflow/example_dags/example_trigger_target_dag.py
[2024-04-25T06:07:16.535+0000] {processor.py:830} INFO - Processing file /home/airflow/.local/lib/python3.8/site-packages/airflow/example_dags/example_trigger_target_dag.py for tasks to queue
[2024-04-25T06:07:16.541+0000] {logging_mixin.py:188} INFO - [2024-04-25T06:07:16.540+0000] {dagbag.py:538} INFO - Filling up the DagBag from /home/airflow/.local/lib/python3.8/site-packages/airflow/example_dags/example_trigger_target_dag.py
[2024-04-25T06:07:16.557+0000] {processor.py:840} INFO - DAG(s) 'example_trigger_target_dag' retrieved from /home/airflow/.local/lib/python3.8/site-packages/airflow/example_dags/example_trigger_target_dag.py
[2024-04-25T06:07:16.646+0000] {logging_mixin.py:188} INFO - [2024-04-25T06:07:16.646+0000] {dag.py:3036} INFO - Sync 1 DAGs
[2024-04-25T06:07:16.716+0000] {logging_mixin.py:188} INFO - [2024-04-25T06:07:16.714+0000] {dag.py:3823} INFO - Setting next_dagrun for example_trigger_target_dag to None, run_after=None
[2024-04-25T06:07:16.848+0000] {processor.py:183} INFO - Processing /home/airflow/.local/lib/python3.8/site-packages/airflow/example_dags/example_trigger_target_dag.py took 0.325 seconds
[2024-04-25T06:07:47.634+0000] {processor.py:161} INFO - Started process (PID=997) to work on /home/airflow/.local/lib/python3.8/site-packages/airflow/example_dags/example_trigger_target_dag.py
[2024-04-25T06:07:47.637+0000] {processor.py:830} INFO - Processing file /home/airflow/.local/lib/python3.8/site-packages/airflow/example_dags/example_trigger_target_dag.py for tasks to queue
[2024-04-25T06:07:47.642+0000] {logging_mixin.py:188} INFO - [2024-04-25T06:07:47.641+0000] {dagbag.py:538} INFO - Filling up the DagBag from /home/airflow/.local/lib/python3.8/site-packages/airflow/example_dags/example_trigger_target_dag.py
[2024-04-25T06:07:47.655+0000] {processor.py:840} INFO - DAG(s) 'example_trigger_target_dag' retrieved from /home/airflow/.local/lib/python3.8/site-packages/airflow/example_dags/example_trigger_target_dag.py
[2024-04-25T06:07:47.686+0000] {logging_mixin.py:188} INFO - [2024-04-25T06:07:47.686+0000] {dag.py:3036} INFO - Sync 1 DAGs
[2024-04-25T06:07:47.705+0000] {logging_mixin.py:188} INFO - [2024-04-25T06:07:47.705+0000] {dag.py:3823} INFO - Setting next_dagrun for example_trigger_target_dag to None, run_after=None
[2024-04-25T06:07:47.744+0000] {processor.py:183} INFO - Processing /home/airflow/.local/lib/python3.8/site-packages/airflow/example_dags/example_trigger_target_dag.py took 0.118 seconds
[2024-04-25T06:08:18.653+0000] {processor.py:161} INFO - Started process (PID=1056) to work on /home/airflow/.local/lib/python3.8/site-packages/airflow/example_dags/example_trigger_target_dag.py
[2024-04-25T06:08:18.657+0000] {processor.py:830} INFO - Processing file /home/airflow/.local/lib/python3.8/site-packages/airflow/example_dags/example_trigger_target_dag.py for tasks to queue
[2024-04-25T06:08:18.663+0000] {logging_mixin.py:188} INFO - [2024-04-25T06:08:18.662+0000] {dagbag.py:538} INFO - Filling up the DagBag from /home/airflow/.local/lib/python3.8/site-packages/airflow/example_dags/example_trigger_target_dag.py
[2024-04-25T06:08:18.685+0000] {processor.py:840} INFO - DAG(s) 'example_trigger_target_dag' retrieved from /home/airflow/.local/lib/python3.8/site-packages/airflow/example_dags/example_trigger_target_dag.py
[2024-04-25T06:08:18.791+0000] {logging_mixin.py:188} INFO - [2024-04-25T06:08:18.789+0000] {dag.py:3036} INFO - Sync 1 DAGs
[2024-04-25T06:08:18.851+0000] {logging_mixin.py:188} INFO - [2024-04-25T06:08:18.851+0000] {dag.py:3823} INFO - Setting next_dagrun for example_trigger_target_dag to None, run_after=None
[2024-04-25T06:08:18.958+0000] {processor.py:183} INFO - Processing /home/airflow/.local/lib/python3.8/site-packages/airflow/example_dags/example_trigger_target_dag.py took 0.317 seconds
[2024-04-25T06:08:49.114+0000] {processor.py:161} INFO - Started process (PID=1115) to work on /home/airflow/.local/lib/python3.8/site-packages/airflow/example_dags/example_trigger_target_dag.py
[2024-04-25T06:08:49.117+0000] {processor.py:830} INFO - Processing file /home/airflow/.local/lib/python3.8/site-packages/airflow/example_dags/example_trigger_target_dag.py for tasks to queue
[2024-04-25T06:08:49.122+0000] {logging_mixin.py:188} INFO - [2024-04-25T06:08:49.121+0000] {dagbag.py:538} INFO - Filling up the DagBag from /home/airflow/.local/lib/python3.8/site-packages/airflow/example_dags/example_trigger_target_dag.py
[2024-04-25T06:08:49.136+0000] {processor.py:840} INFO - DAG(s) 'example_trigger_target_dag' retrieved from /home/airflow/.local/lib/python3.8/site-packages/airflow/example_dags/example_trigger_target_dag.py
[2024-04-25T06:08:49.165+0000] {logging_mixin.py:188} INFO - [2024-04-25T06:08:49.165+0000] {dag.py:3036} INFO - Sync 1 DAGs
[2024-04-25T06:08:49.184+0000] {logging_mixin.py:188} INFO - [2024-04-25T06:08:49.183+0000] {dag.py:3823} INFO - Setting next_dagrun for example_trigger_target_dag to None, run_after=None
[2024-04-25T06:08:49.221+0000] {processor.py:183} INFO - Processing /home/airflow/.local/lib/python3.8/site-packages/airflow/example_dags/example_trigger_target_dag.py took 0.114 seconds
[2024-04-25T06:09:19.660+0000] {processor.py:161} INFO - Started process (PID=1174) to work on /home/airflow/.local/lib/python3.8/site-packages/airflow/example_dags/example_trigger_target_dag.py
[2024-04-25T06:09:19.664+0000] {processor.py:830} INFO - Processing file /home/airflow/.local/lib/python3.8/site-packages/airflow/example_dags/example_trigger_target_dag.py for tasks to queue
[2024-04-25T06:09:19.670+0000] {logging_mixin.py:188} INFO - [2024-04-25T06:09:19.669+0000] {dagbag.py:538} INFO - Filling up the DagBag from /home/airflow/.local/lib/python3.8/site-packages/airflow/example_dags/example_trigger_target_dag.py
[2024-04-25T06:09:19.687+0000] {processor.py:840} INFO - DAG(s) 'example_trigger_target_dag' retrieved from /home/airflow/.local/lib/python3.8/site-packages/airflow/example_dags/example_trigger_target_dag.py
[2024-04-25T06:09:19.748+0000] {logging_mixin.py:188} INFO - [2024-04-25T06:09:19.747+0000] {dag.py:3036} INFO - Sync 1 DAGs
[2024-04-25T06:09:19.777+0000] {logging_mixin.py:188} INFO - [2024-04-25T06:09:19.777+0000] {dag.py:3823} INFO - Setting next_dagrun for example_trigger_target_dag to None, run_after=None
[2024-04-25T06:09:19.819+0000] {processor.py:183} INFO - Processing /home/airflow/.local/lib/python3.8/site-packages/airflow/example_dags/example_trigger_target_dag.py took 0.168 seconds
[2024-04-25T06:09:50.784+0000] {processor.py:161} INFO - Started process (PID=1233) to work on /home/airflow/.local/lib/python3.8/site-packages/airflow/example_dags/example_trigger_target_dag.py
[2024-04-25T06:09:50.788+0000] {processor.py:830} INFO - Processing file /home/airflow/.local/lib/python3.8/site-packages/airflow/example_dags/example_trigger_target_dag.py for tasks to queue
[2024-04-25T06:09:50.798+0000] {logging_mixin.py:188} INFO - [2024-04-25T06:09:50.796+0000] {dagbag.py:538} INFO - Filling up the DagBag from /home/airflow/.local/lib/python3.8/site-packages/airflow/example_dags/example_trigger_target_dag.py
[2024-04-25T06:09:50.822+0000] {processor.py:840} INFO - DAG(s) 'example_trigger_target_dag' retrieved from /home/airflow/.local/lib/python3.8/site-packages/airflow/example_dags/example_trigger_target_dag.py
[2024-04-25T06:09:50.926+0000] {logging_mixin.py:188} INFO - [2024-04-25T06:09:50.925+0000] {dag.py:3036} INFO - Sync 1 DAGs
[2024-04-25T06:09:50.975+0000] {logging_mixin.py:188} INFO - [2024-04-25T06:09:50.974+0000] {dag.py:3823} INFO - Setting next_dagrun for example_trigger_target_dag to None, run_after=None
[2024-04-25T06:09:51.038+0000] {processor.py:183} INFO - Processing /home/airflow/.local/lib/python3.8/site-packages/airflow/example_dags/example_trigger_target_dag.py took 0.278 seconds
[2024-04-25T06:10:21.715+0000] {processor.py:161} INFO - Started process (PID=1292) to work on /home/airflow/.local/lib/python3.8/site-packages/airflow/example_dags/example_trigger_target_dag.py
[2024-04-25T06:10:21.719+0000] {processor.py:830} INFO - Processing file /home/airflow/.local/lib/python3.8/site-packages/airflow/example_dags/example_trigger_target_dag.py for tasks to queue
[2024-04-25T06:10:21.724+0000] {logging_mixin.py:188} INFO - [2024-04-25T06:10:21.723+0000] {dagbag.py:538} INFO - Filling up the DagBag from /home/airflow/.local/lib/python3.8/site-packages/airflow/example_dags/example_trigger_target_dag.py
[2024-04-25T06:10:21.758+0000] {processor.py:840} INFO - DAG(s) 'example_trigger_target_dag' retrieved from /home/airflow/.local/lib/python3.8/site-packages/airflow/example_dags/example_trigger_target_dag.py
[2024-04-25T06:10:21.823+0000] {logging_mixin.py:188} INFO - [2024-04-25T06:10:21.823+0000] {dag.py:3036} INFO - Sync 1 DAGs
[2024-04-25T06:10:21.867+0000] {logging_mixin.py:188} INFO - [2024-04-25T06:10:21.866+0000] {dag.py:3823} INFO - Setting next_dagrun for example_trigger_target_dag to None, run_after=None
[2024-04-25T06:10:21.944+0000] {processor.py:183} INFO - Processing /home/airflow/.local/lib/python3.8/site-packages/airflow/example_dags/example_trigger_target_dag.py took 0.240 seconds
[2024-04-25T06:53:06.592+0000] {processor.py:161} INFO - Started process (PID=131) to work on /home/airflow/.local/lib/python3.8/site-packages/airflow/example_dags/example_trigger_target_dag.py
[2024-04-25T06:53:06.623+0000] {processor.py:830} INFO - Processing file /home/airflow/.local/lib/python3.8/site-packages/airflow/example_dags/example_trigger_target_dag.py for tasks to queue
[2024-04-25T06:53:06.675+0000] {logging_mixin.py:188} INFO - [2024-04-25T06:53:06.636+0000] {dagbag.py:538} INFO - Filling up the DagBag from /home/airflow/.local/lib/python3.8/site-packages/airflow/example_dags/example_trigger_target_dag.py
[2024-04-25T06:53:06.737+0000] {processor.py:840} INFO - DAG(s) 'example_trigger_target_dag' retrieved from /home/airflow/.local/lib/python3.8/site-packages/airflow/example_dags/example_trigger_target_dag.py
[2024-04-25T06:53:07.933+0000] {logging_mixin.py:188} INFO - [2024-04-25T06:53:07.931+0000] {dag.py:3036} INFO - Sync 1 DAGs
[2024-04-25T06:53:08.093+0000] {logging_mixin.py:188} INFO - [2024-04-25T06:53:08.092+0000] {dag.py:3823} INFO - Setting next_dagrun for example_trigger_target_dag to None, run_after=None
[2024-04-25T06:53:08.241+0000] {processor.py:183} INFO - Processing /home/airflow/.local/lib/python3.8/site-packages/airflow/example_dags/example_trigger_target_dag.py took 1.704 seconds
[2024-04-25T06:53:47.968+0000] {processor.py:161} INFO - Started process (PID=201) to work on /home/airflow/.local/lib/python3.8/site-packages/airflow/example_dags/example_trigger_target_dag.py
[2024-04-25T06:53:48.123+0000] {processor.py:830} INFO - Processing file /home/airflow/.local/lib/python3.8/site-packages/airflow/example_dags/example_trigger_target_dag.py for tasks to queue
[2024-04-25T06:53:48.147+0000] {logging_mixin.py:188} INFO - [2024-04-25T06:53:48.145+0000] {dagbag.py:538} INFO - Filling up the DagBag from /home/airflow/.local/lib/python3.8/site-packages/airflow/example_dags/example_trigger_target_dag.py
[2024-04-25T06:53:48.250+0000] {processor.py:840} INFO - DAG(s) 'example_trigger_target_dag' retrieved from /home/airflow/.local/lib/python3.8/site-packages/airflow/example_dags/example_trigger_target_dag.py
[2024-04-25T06:53:48.720+0000] {logging_mixin.py:188} INFO - [2024-04-25T06:53:48.719+0000] {dag.py:3036} INFO - Sync 1 DAGs
[2024-04-25T06:53:48.915+0000] {logging_mixin.py:188} INFO - [2024-04-25T06:53:48.912+0000] {dag.py:3823} INFO - Setting next_dagrun for example_trigger_target_dag to None, run_after=None
[2024-04-25T06:53:49.107+0000] {processor.py:183} INFO - Processing /home/airflow/.local/lib/python3.8/site-packages/airflow/example_dags/example_trigger_target_dag.py took 1.162 seconds
[2024-04-25T06:54:20.259+0000] {processor.py:161} INFO - Started process (PID=271) to work on /home/airflow/.local/lib/python3.8/site-packages/airflow/example_dags/example_trigger_target_dag.py
[2024-04-25T06:54:20.267+0000] {processor.py:830} INFO - Processing file /home/airflow/.local/lib/python3.8/site-packages/airflow/example_dags/example_trigger_target_dag.py for tasks to queue
[2024-04-25T06:54:20.281+0000] {logging_mixin.py:188} INFO - [2024-04-25T06:54:20.280+0000] {dagbag.py:538} INFO - Filling up the DagBag from /home/airflow/.local/lib/python3.8/site-packages/airflow/example_dags/example_trigger_target_dag.py
[2024-04-25T06:54:20.326+0000] {processor.py:840} INFO - DAG(s) 'example_trigger_target_dag' retrieved from /home/airflow/.local/lib/python3.8/site-packages/airflow/example_dags/example_trigger_target_dag.py
[2024-04-25T06:54:20.508+0000] {logging_mixin.py:188} INFO - [2024-04-25T06:54:20.507+0000] {dag.py:3036} INFO - Sync 1 DAGs
[2024-04-25T06:54:20.594+0000] {logging_mixin.py:188} INFO - [2024-04-25T06:54:20.593+0000] {dag.py:3823} INFO - Setting next_dagrun for example_trigger_target_dag to None, run_after=None
[2024-04-25T06:54:20.718+0000] {processor.py:183} INFO - Processing /home/airflow/.local/lib/python3.8/site-packages/airflow/example_dags/example_trigger_target_dag.py took 0.476 seconds
[2024-04-25T06:54:54.672+0000] {processor.py:161} INFO - Started process (PID=341) to work on /home/airflow/.local/lib/python3.8/site-packages/airflow/example_dags/example_trigger_target_dag.py
[2024-04-25T06:54:54.701+0000] {processor.py:830} INFO - Processing file /home/airflow/.local/lib/python3.8/site-packages/airflow/example_dags/example_trigger_target_dag.py for tasks to queue
[2024-04-25T06:54:54.727+0000] {logging_mixin.py:188} INFO - [2024-04-25T06:54:54.724+0000] {dagbag.py:538} INFO - Filling up the DagBag from /home/airflow/.local/lib/python3.8/site-packages/airflow/example_dags/example_trigger_target_dag.py
[2024-04-25T06:54:54.789+0000] {processor.py:840} INFO - DAG(s) 'example_trigger_target_dag' retrieved from /home/airflow/.local/lib/python3.8/site-packages/airflow/example_dags/example_trigger_target_dag.py
[2024-04-25T06:54:55.717+0000] {logging_mixin.py:188} INFO - [2024-04-25T06:54:55.715+0000] {dag.py:3036} INFO - Sync 1 DAGs
[2024-04-25T06:54:55.923+0000] {logging_mixin.py:188} INFO - [2024-04-25T06:54:55.922+0000] {dag.py:3823} INFO - Setting next_dagrun for example_trigger_target_dag to None, run_after=None
[2024-04-25T06:54:56.089+0000] {processor.py:183} INFO - Processing /home/airflow/.local/lib/python3.8/site-packages/airflow/example_dags/example_trigger_target_dag.py took 1.460 seconds
[2024-04-25T06:55:28.274+0000] {processor.py:161} INFO - Started process (PID=410) to work on /home/airflow/.local/lib/python3.8/site-packages/airflow/example_dags/example_trigger_target_dag.py
[2024-04-25T06:55:28.283+0000] {processor.py:830} INFO - Processing file /home/airflow/.local/lib/python3.8/site-packages/airflow/example_dags/example_trigger_target_dag.py for tasks to queue
[2024-04-25T06:55:28.292+0000] {logging_mixin.py:188} INFO - [2024-04-25T06:55:28.291+0000] {dagbag.py:538} INFO - Filling up the DagBag from /home/airflow/.local/lib/python3.8/site-packages/airflow/example_dags/example_trigger_target_dag.py
[2024-04-25T06:55:28.325+0000] {processor.py:840} INFO - DAG(s) 'example_trigger_target_dag' retrieved from /home/airflow/.local/lib/python3.8/site-packages/airflow/example_dags/example_trigger_target_dag.py
[2024-04-25T06:55:28.453+0000] {logging_mixin.py:188} INFO - [2024-04-25T06:55:28.452+0000] {dag.py:3036} INFO - Sync 1 DAGs
[2024-04-25T06:55:28.539+0000] {logging_mixin.py:188} INFO - [2024-04-25T06:55:28.538+0000] {dag.py:3823} INFO - Setting next_dagrun for example_trigger_target_dag to None, run_after=None
[2024-04-25T06:55:28.623+0000] {processor.py:183} INFO - Processing /home/airflow/.local/lib/python3.8/site-packages/airflow/example_dags/example_trigger_target_dag.py took 0.368 seconds
[2024-04-25T06:56:05.879+0000] {processor.py:161} INFO - Started process (PID=480) to work on /home/airflow/.local/lib/python3.8/site-packages/airflow/example_dags/example_trigger_target_dag.py
[2024-04-25T06:56:05.882+0000] {processor.py:830} INFO - Processing file /home/airflow/.local/lib/python3.8/site-packages/airflow/example_dags/example_trigger_target_dag.py for tasks to queue
[2024-04-25T06:56:05.889+0000] {logging_mixin.py:188} INFO - [2024-04-25T06:56:05.888+0000] {dagbag.py:538} INFO - Filling up the DagBag from /home/airflow/.local/lib/python3.8/site-packages/airflow/example_dags/example_trigger_target_dag.py
[2024-04-25T06:56:05.912+0000] {processor.py:840} INFO - DAG(s) 'example_trigger_target_dag' retrieved from /home/airflow/.local/lib/python3.8/site-packages/airflow/example_dags/example_trigger_target_dag.py
[2024-04-25T06:56:06.005+0000] {logging_mixin.py:188} INFO - [2024-04-25T06:56:06.004+0000] {dag.py:3036} INFO - Sync 1 DAGs
[2024-04-25T06:56:06.057+0000] {logging_mixin.py:188} INFO - [2024-04-25T06:56:06.056+0000] {dag.py:3823} INFO - Setting next_dagrun for example_trigger_target_dag to None, run_after=None
[2024-04-25T06:56:06.146+0000] {processor.py:183} INFO - Processing /home/airflow/.local/lib/python3.8/site-packages/airflow/example_dags/example_trigger_target_dag.py took 0.281 seconds
[2024-04-25T06:56:44.555+0000] {processor.py:161} INFO - Started process (PID=558) to work on /home/airflow/.local/lib/python3.8/site-packages/airflow/example_dags/example_trigger_target_dag.py
[2024-04-25T06:56:44.563+0000] {processor.py:830} INFO - Processing file /home/airflow/.local/lib/python3.8/site-packages/airflow/example_dags/example_trigger_target_dag.py for tasks to queue
[2024-04-25T06:56:44.588+0000] {logging_mixin.py:188} INFO - [2024-04-25T06:56:44.583+0000] {dagbag.py:538} INFO - Filling up the DagBag from /home/airflow/.local/lib/python3.8/site-packages/airflow/example_dags/example_trigger_target_dag.py
[2024-04-25T06:56:44.662+0000] {processor.py:840} INFO - DAG(s) 'example_trigger_target_dag' retrieved from /home/airflow/.local/lib/python3.8/site-packages/airflow/example_dags/example_trigger_target_dag.py
[2024-04-25T06:56:44.893+0000] {logging_mixin.py:188} INFO - [2024-04-25T06:56:44.890+0000] {dag.py:3036} INFO - Sync 1 DAGs
[2024-04-25T06:56:44.996+0000] {logging_mixin.py:188} INFO - [2024-04-25T06:56:44.995+0000] {dag.py:3823} INFO - Setting next_dagrun for example_trigger_target_dag to None, run_after=None
[2024-04-25T06:56:45.191+0000] {processor.py:183} INFO - Processing /home/airflow/.local/lib/python3.8/site-packages/airflow/example_dags/example_trigger_target_dag.py took 0.665 seconds
[2024-04-25T06:58:55.611+0000] {processor.py:161} INFO - Started process (PID=664) to work on /home/airflow/.local/lib/python3.8/site-packages/airflow/example_dags/example_trigger_target_dag.py
[2024-04-25T06:58:55.682+0000] {processor.py:830} INFO - Processing file /home/airflow/.local/lib/python3.8/site-packages/airflow/example_dags/example_trigger_target_dag.py for tasks to queue
[2024-04-25T06:58:55.761+0000] {logging_mixin.py:188} INFO - [2024-04-25T06:58:55.743+0000] {dagbag.py:538} INFO - Filling up the DagBag from /home/airflow/.local/lib/python3.8/site-packages/airflow/example_dags/example_trigger_target_dag.py
[2024-04-25T06:58:56.511+0000] {processor.py:840} INFO - DAG(s) 'example_trigger_target_dag' retrieved from /home/airflow/.local/lib/python3.8/site-packages/airflow/example_dags/example_trigger_target_dag.py
[2024-04-25T06:58:59.327+0000] {logging_mixin.py:188} INFO - [2024-04-25T06:58:59.321+0000] {dag.py:3036} INFO - Sync 1 DAGs
[2024-04-25T06:59:01.026+0000] {logging_mixin.py:188} INFO - [2024-04-25T06:59:01.023+0000] {dag.py:3823} INFO - Setting next_dagrun for example_trigger_target_dag to None, run_after=None
[2024-04-25T06:59:02.234+0000] {processor.py:183} INFO - Processing /home/airflow/.local/lib/python3.8/site-packages/airflow/example_dags/example_trigger_target_dag.py took 6.849 seconds
[2024-04-25T07:10:55.698+0000] {processor.py:161} INFO - Started process (PID=781) to work on /home/airflow/.local/lib/python3.8/site-packages/airflow/example_dags/example_trigger_target_dag.py
[2024-04-25T07:10:55.714+0000] {processor.py:830} INFO - Processing file /home/airflow/.local/lib/python3.8/site-packages/airflow/example_dags/example_trigger_target_dag.py for tasks to queue
[2024-04-25T07:10:55.901+0000] {logging_mixin.py:188} INFO - [2024-04-25T07:10:55.898+0000] {dagbag.py:538} INFO - Filling up the DagBag from /home/airflow/.local/lib/python3.8/site-packages/airflow/example_dags/example_trigger_target_dag.py
[2024-04-25T07:10:56.800+0000] {processor.py:840} INFO - DAG(s) 'example_trigger_target_dag' retrieved from /home/airflow/.local/lib/python3.8/site-packages/airflow/example_dags/example_trigger_target_dag.py
[2024-04-25T07:11:11.142+0000] {logging_mixin.py:188} INFO - [2024-04-25T07:11:10.384+0000] {dag.py:3036} INFO - Sync 1 DAGs
[2024-04-25T07:11:18.929+0000] {logging_mixin.py:188} INFO - [2024-04-25T07:11:18.260+0000] {dag.py:3823} INFO - Setting next_dagrun for example_trigger_target_dag to None, run_after=None
[2024-04-25T07:51:13.781+0000] {processor.py:161} INFO - Started process (PID=84) to work on /home/airflow/.local/lib/python3.8/site-packages/airflow/example_dags/example_trigger_target_dag.py
[2024-04-25T07:51:13.785+0000] {processor.py:830} INFO - Processing file /home/airflow/.local/lib/python3.8/site-packages/airflow/example_dags/example_trigger_target_dag.py for tasks to queue
[2024-04-25T07:51:13.790+0000] {logging_mixin.py:188} INFO - [2024-04-25T07:51:13.789+0000] {dagbag.py:538} INFO - Filling up the DagBag from /home/airflow/.local/lib/python3.8/site-packages/airflow/example_dags/example_trigger_target_dag.py
[2024-04-25T07:51:13.805+0000] {processor.py:840} INFO - DAG(s) 'example_trigger_target_dag' retrieved from /home/airflow/.local/lib/python3.8/site-packages/airflow/example_dags/example_trigger_target_dag.py
[2024-04-25T07:51:14.111+0000] {logging_mixin.py:188} INFO - [2024-04-25T07:51:14.110+0000] {dag.py:3036} INFO - Sync 1 DAGs
[2024-04-25T07:51:14.143+0000] {logging_mixin.py:188} INFO - [2024-04-25T07:51:14.143+0000] {dag.py:3823} INFO - Setting next_dagrun for example_trigger_target_dag to None, run_after=None
[2024-04-25T07:51:14.208+0000] {processor.py:183} INFO - Processing /home/airflow/.local/lib/python3.8/site-packages/airflow/example_dags/example_trigger_target_dag.py took 0.436 seconds
[2024-04-25T07:51:49.144+0000] {processor.py:161} INFO - Started process (PID=154) to work on /home/airflow/.local/lib/python3.8/site-packages/airflow/example_dags/example_trigger_target_dag.py
[2024-04-25T07:51:49.153+0000] {processor.py:830} INFO - Processing file /home/airflow/.local/lib/python3.8/site-packages/airflow/example_dags/example_trigger_target_dag.py for tasks to queue
[2024-04-25T07:51:49.165+0000] {logging_mixin.py:188} INFO - [2024-04-25T07:51:49.163+0000] {dagbag.py:538} INFO - Filling up the DagBag from /home/airflow/.local/lib/python3.8/site-packages/airflow/example_dags/example_trigger_target_dag.py
[2024-04-25T07:51:49.208+0000] {processor.py:840} INFO - DAG(s) 'example_trigger_target_dag' retrieved from /home/airflow/.local/lib/python3.8/site-packages/airflow/example_dags/example_trigger_target_dag.py
[2024-04-25T07:51:49.471+0000] {logging_mixin.py:188} INFO - [2024-04-25T07:51:49.470+0000] {dag.py:3036} INFO - Sync 1 DAGs
[2024-04-25T07:51:49.554+0000] {logging_mixin.py:188} INFO - [2024-04-25T07:51:49.552+0000] {dag.py:3823} INFO - Setting next_dagrun for example_trigger_target_dag to None, run_after=None
[2024-04-25T07:51:49.680+0000] {processor.py:183} INFO - Processing /home/airflow/.local/lib/python3.8/site-packages/airflow/example_dags/example_trigger_target_dag.py took 0.557 seconds
[2024-04-25T07:52:28.678+0000] {processor.py:161} INFO - Started process (PID=230) to work on /home/airflow/.local/lib/python3.8/site-packages/airflow/example_dags/example_trigger_target_dag.py
[2024-04-25T07:52:28.684+0000] {processor.py:830} INFO - Processing file /home/airflow/.local/lib/python3.8/site-packages/airflow/example_dags/example_trigger_target_dag.py for tasks to queue
[2024-04-25T07:52:28.697+0000] {logging_mixin.py:188} INFO - [2024-04-25T07:52:28.695+0000] {dagbag.py:538} INFO - Filling up the DagBag from /home/airflow/.local/lib/python3.8/site-packages/airflow/example_dags/example_trigger_target_dag.py
[2024-04-25T07:52:28.745+0000] {processor.py:840} INFO - DAG(s) 'example_trigger_target_dag' retrieved from /home/airflow/.local/lib/python3.8/site-packages/airflow/example_dags/example_trigger_target_dag.py
[2024-04-25T07:52:28.874+0000] {logging_mixin.py:188} INFO - [2024-04-25T07:52:28.873+0000] {dag.py:3036} INFO - Sync 1 DAGs
[2024-04-25T07:52:28.931+0000] {logging_mixin.py:188} INFO - [2024-04-25T07:52:28.929+0000] {dag.py:3823} INFO - Setting next_dagrun for example_trigger_target_dag to None, run_after=None
[2024-04-25T07:52:29.026+0000] {processor.py:183} INFO - Processing /home/airflow/.local/lib/python3.8/site-packages/airflow/example_dags/example_trigger_target_dag.py took 0.365 seconds
[2024-04-25T07:52:59.232+0000] {processor.py:161} INFO - Started process (PID=300) to work on /home/airflow/.local/lib/python3.8/site-packages/airflow/example_dags/example_trigger_target_dag.py
[2024-04-25T07:52:59.236+0000] {processor.py:830} INFO - Processing file /home/airflow/.local/lib/python3.8/site-packages/airflow/example_dags/example_trigger_target_dag.py for tasks to queue
[2024-04-25T07:52:59.241+0000] {logging_mixin.py:188} INFO - [2024-04-25T07:52:59.240+0000] {dagbag.py:538} INFO - Filling up the DagBag from /home/airflow/.local/lib/python3.8/site-packages/airflow/example_dags/example_trigger_target_dag.py
[2024-04-25T07:52:59.258+0000] {processor.py:840} INFO - DAG(s) 'example_trigger_target_dag' retrieved from /home/airflow/.local/lib/python3.8/site-packages/airflow/example_dags/example_trigger_target_dag.py
[2024-04-25T07:52:59.315+0000] {logging_mixin.py:188} INFO - [2024-04-25T07:52:59.314+0000] {dag.py:3036} INFO - Sync 1 DAGs
[2024-04-25T07:52:59.353+0000] {logging_mixin.py:188} INFO - [2024-04-25T07:52:59.352+0000] {dag.py:3823} INFO - Setting next_dagrun for example_trigger_target_dag to None, run_after=None
[2024-04-25T07:52:59.416+0000] {processor.py:183} INFO - Processing /home/airflow/.local/lib/python3.8/site-packages/airflow/example_dags/example_trigger_target_dag.py took 0.193 seconds
[2024-04-25T07:53:37.896+0000] {processor.py:161} INFO - Started process (PID=370) to work on /home/airflow/.local/lib/python3.8/site-packages/airflow/example_dags/example_trigger_target_dag.py
[2024-04-25T07:53:37.902+0000] {processor.py:830} INFO - Processing file /home/airflow/.local/lib/python3.8/site-packages/airflow/example_dags/example_trigger_target_dag.py for tasks to queue
[2024-04-25T07:53:37.915+0000] {logging_mixin.py:188} INFO - [2024-04-25T07:53:37.913+0000] {dagbag.py:538} INFO - Filling up the DagBag from /home/airflow/.local/lib/python3.8/site-packages/airflow/example_dags/example_trigger_target_dag.py
[2024-04-25T07:53:37.949+0000] {processor.py:840} INFO - DAG(s) 'example_trigger_target_dag' retrieved from /home/airflow/.local/lib/python3.8/site-packages/airflow/example_dags/example_trigger_target_dag.py
[2024-04-25T07:53:38.072+0000] {logging_mixin.py:188} INFO - [2024-04-25T07:53:38.069+0000] {dag.py:3036} INFO - Sync 1 DAGs
[2024-04-25T07:53:38.164+0000] {logging_mixin.py:188} INFO - [2024-04-25T07:53:38.163+0000] {dag.py:3823} INFO - Setting next_dagrun for example_trigger_target_dag to None, run_after=None
[2024-04-25T07:53:38.675+0000] {processor.py:183} INFO - Processing /home/airflow/.local/lib/python3.8/site-packages/airflow/example_dags/example_trigger_target_dag.py took 0.793 seconds
