[2024-04-25T05:59:18.754+0000] {processor.py:161} INFO - Started process (PID=122) to work on /home/airflow/.local/lib/python3.8/site-packages/airflow/example_dags/example_short_circuit_operator.py
[2024-04-25T05:59:18.775+0000] {processor.py:830} INFO - Processing file /home/airflow/.local/lib/python3.8/site-packages/airflow/example_dags/example_short_circuit_operator.py for tasks to queue
[2024-04-25T05:59:18.791+0000] {logging_mixin.py:188} INFO - [2024-04-25T05:59:18.788+0000] {dagbag.py:538} INFO - Filling up the DagBag from /home/airflow/.local/lib/python3.8/site-packages/airflow/example_dags/example_short_circuit_operator.py
[2024-04-25T05:59:18.848+0000] {processor.py:840} INFO - DAG(s) 'example_short_circuit_operator' retrieved from /home/airflow/.local/lib/python3.8/site-packages/airflow/example_dags/example_short_circuit_operator.py
[2024-04-25T05:59:20.665+0000] {logging_mixin.py:188} INFO - [2024-04-25T05:59:20.664+0000] {dag.py:3036} INFO - Sync 1 DAGs
[2024-04-25T05:59:20.770+0000] {logging_mixin.py:188} INFO - [2024-04-25T05:59:20.769+0000] {dag.py:3823} INFO - Setting next_dagrun for example_short_circuit_operator to 2024-04-24 00:00:00+00:00, run_after=2024-04-25 00:00:00+00:00
[2024-04-25T05:59:20.895+0000] {processor.py:183} INFO - Processing /home/airflow/.local/lib/python3.8/site-packages/airflow/example_dags/example_short_circuit_operator.py took 2.174 seconds
[2024-04-25T06:00:35.928+0000] {processor.py:161} INFO - Started process (PID=216) to work on /home/airflow/.local/lib/python3.8/site-packages/airflow/example_dags/example_short_circuit_operator.py
[2024-04-25T06:00:35.935+0000] {processor.py:830} INFO - Processing file /home/airflow/.local/lib/python3.8/site-packages/airflow/example_dags/example_short_circuit_operator.py for tasks to queue
[2024-04-25T06:00:35.943+0000] {logging_mixin.py:188} INFO - [2024-04-25T06:00:35.942+0000] {dagbag.py:538} INFO - Filling up the DagBag from /home/airflow/.local/lib/python3.8/site-packages/airflow/example_dags/example_short_circuit_operator.py
[2024-04-25T06:00:35.976+0000] {processor.py:840} INFO - DAG(s) 'example_short_circuit_operator' retrieved from /home/airflow/.local/lib/python3.8/site-packages/airflow/example_dags/example_short_circuit_operator.py
[2024-04-25T06:00:36.100+0000] {logging_mixin.py:188} INFO - [2024-04-25T06:00:36.098+0000] {dag.py:3036} INFO - Sync 1 DAGs
[2024-04-25T06:00:36.242+0000] {logging_mixin.py:188} INFO - [2024-04-25T06:00:36.241+0000] {dag.py:3823} INFO - Setting next_dagrun for example_short_circuit_operator to 2024-04-24 00:00:00+00:00, run_after=2024-04-25 00:00:00+00:00
[2024-04-25T06:00:36.340+0000] {processor.py:183} INFO - Processing /home/airflow/.local/lib/python3.8/site-packages/airflow/example_dags/example_short_circuit_operator.py took 0.427 seconds
[2024-04-25T06:01:13.742+0000] {processor.py:161} INFO - Started process (PID=278) to work on /home/airflow/.local/lib/python3.8/site-packages/airflow/example_dags/example_short_circuit_operator.py
[2024-04-25T06:01:13.748+0000] {processor.py:830} INFO - Processing file /home/airflow/.local/lib/python3.8/site-packages/airflow/example_dags/example_short_circuit_operator.py for tasks to queue
[2024-04-25T06:01:13.757+0000] {logging_mixin.py:188} INFO - [2024-04-25T06:01:13.756+0000] {dagbag.py:538} INFO - Filling up the DagBag from /home/airflow/.local/lib/python3.8/site-packages/airflow/example_dags/example_short_circuit_operator.py
[2024-04-25T06:01:13.798+0000] {processor.py:840} INFO - DAG(s) 'example_short_circuit_operator' retrieved from /home/airflow/.local/lib/python3.8/site-packages/airflow/example_dags/example_short_circuit_operator.py
[2024-04-25T06:01:13.901+0000] {logging_mixin.py:188} INFO - [2024-04-25T06:01:13.900+0000] {dag.py:3036} INFO - Sync 1 DAGs
[2024-04-25T06:01:14.005+0000] {logging_mixin.py:188} INFO - [2024-04-25T06:01:14.004+0000] {dag.py:3823} INFO - Setting next_dagrun for example_short_circuit_operator to 2024-04-24 00:00:00+00:00, run_after=2024-04-25 00:00:00+00:00
[2024-04-25T06:01:14.095+0000] {processor.py:183} INFO - Processing /home/airflow/.local/lib/python3.8/site-packages/airflow/example_dags/example_short_circuit_operator.py took 0.367 seconds
[2024-04-25T06:01:56.927+0000] {processor.py:161} INFO - Started process (PID=344) to work on /home/airflow/.local/lib/python3.8/site-packages/airflow/example_dags/example_short_circuit_operator.py
[2024-04-25T06:01:56.932+0000] {processor.py:830} INFO - Processing file /home/airflow/.local/lib/python3.8/site-packages/airflow/example_dags/example_short_circuit_operator.py for tasks to queue
[2024-04-25T06:01:56.938+0000] {logging_mixin.py:188} INFO - [2024-04-25T06:01:56.937+0000] {dagbag.py:538} INFO - Filling up the DagBag from /home/airflow/.local/lib/python3.8/site-packages/airflow/example_dags/example_short_circuit_operator.py
[2024-04-25T06:01:56.960+0000] {processor.py:840} INFO - DAG(s) 'example_short_circuit_operator' retrieved from /home/airflow/.local/lib/python3.8/site-packages/airflow/example_dags/example_short_circuit_operator.py
[2024-04-25T06:01:57.044+0000] {logging_mixin.py:188} INFO - [2024-04-25T06:01:57.043+0000] {dag.py:3036} INFO - Sync 1 DAGs
[2024-04-25T06:01:57.177+0000] {logging_mixin.py:188} INFO - [2024-04-25T06:01:57.176+0000] {dag.py:3823} INFO - Setting next_dagrun for example_short_circuit_operator to 2024-04-24 00:00:00+00:00, run_after=2024-04-25 00:00:00+00:00
[2024-04-25T06:01:57.245+0000] {processor.py:183} INFO - Processing /home/airflow/.local/lib/python3.8/site-packages/airflow/example_dags/example_short_circuit_operator.py took 0.330 seconds
[2024-04-25T06:02:28.855+0000] {processor.py:161} INFO - Started process (PID=403) to work on /home/airflow/.local/lib/python3.8/site-packages/airflow/example_dags/example_short_circuit_operator.py
[2024-04-25T06:02:28.858+0000] {processor.py:830} INFO - Processing file /home/airflow/.local/lib/python3.8/site-packages/airflow/example_dags/example_short_circuit_operator.py for tasks to queue
[2024-04-25T06:02:28.864+0000] {logging_mixin.py:188} INFO - [2024-04-25T06:02:28.863+0000] {dagbag.py:538} INFO - Filling up the DagBag from /home/airflow/.local/lib/python3.8/site-packages/airflow/example_dags/example_short_circuit_operator.py
[2024-04-25T06:02:28.891+0000] {processor.py:840} INFO - DAG(s) 'example_short_circuit_operator' retrieved from /home/airflow/.local/lib/python3.8/site-packages/airflow/example_dags/example_short_circuit_operator.py
[2024-04-25T06:02:28.968+0000] {logging_mixin.py:188} INFO - [2024-04-25T06:02:28.967+0000] {dag.py:3036} INFO - Sync 1 DAGs
[2024-04-25T06:02:29.041+0000] {logging_mixin.py:188} INFO - [2024-04-25T06:02:29.041+0000] {dag.py:3823} INFO - Setting next_dagrun for example_short_circuit_operator to 2024-04-24 00:00:00+00:00, run_after=2024-04-25 00:00:00+00:00
[2024-04-25T06:02:29.392+0000] {processor.py:183} INFO - Processing /home/airflow/.local/lib/python3.8/site-packages/airflow/example_dags/example_short_circuit_operator.py took 0.545 seconds
[2024-04-25T06:03:11.275+0000] {processor.py:161} INFO - Started process (PID=468) to work on /home/airflow/.local/lib/python3.8/site-packages/airflow/example_dags/example_short_circuit_operator.py
[2024-04-25T06:03:11.281+0000] {processor.py:830} INFO - Processing file /home/airflow/.local/lib/python3.8/site-packages/airflow/example_dags/example_short_circuit_operator.py for tasks to queue
[2024-04-25T06:03:11.290+0000] {logging_mixin.py:188} INFO - [2024-04-25T06:03:11.289+0000] {dagbag.py:538} INFO - Filling up the DagBag from /home/airflow/.local/lib/python3.8/site-packages/airflow/example_dags/example_short_circuit_operator.py
[2024-04-25T06:03:11.377+0000] {processor.py:840} INFO - DAG(s) 'example_short_circuit_operator' retrieved from /home/airflow/.local/lib/python3.8/site-packages/airflow/example_dags/example_short_circuit_operator.py
[2024-04-25T06:03:11.543+0000] {logging_mixin.py:188} INFO - [2024-04-25T06:03:11.542+0000] {dag.py:3036} INFO - Sync 1 DAGs
[2024-04-25T06:03:11.682+0000] {logging_mixin.py:188} INFO - [2024-04-25T06:03:11.681+0000] {dag.py:3823} INFO - Setting next_dagrun for example_short_circuit_operator to 2024-04-24 00:00:00+00:00, run_after=2024-04-25 00:00:00+00:00
[2024-04-25T06:03:11.839+0000] {processor.py:183} INFO - Processing /home/airflow/.local/lib/python3.8/site-packages/airflow/example_dags/example_short_circuit_operator.py took 0.579 seconds
[2024-04-25T06:03:42.632+0000] {processor.py:161} INFO - Started process (PID=527) to work on /home/airflow/.local/lib/python3.8/site-packages/airflow/example_dags/example_short_circuit_operator.py
[2024-04-25T06:03:42.636+0000] {processor.py:830} INFO - Processing file /home/airflow/.local/lib/python3.8/site-packages/airflow/example_dags/example_short_circuit_operator.py for tasks to queue
[2024-04-25T06:03:42.640+0000] {logging_mixin.py:188} INFO - [2024-04-25T06:03:42.640+0000] {dagbag.py:538} INFO - Filling up the DagBag from /home/airflow/.local/lib/python3.8/site-packages/airflow/example_dags/example_short_circuit_operator.py
[2024-04-25T06:03:42.660+0000] {processor.py:840} INFO - DAG(s) 'example_short_circuit_operator' retrieved from /home/airflow/.local/lib/python3.8/site-packages/airflow/example_dags/example_short_circuit_operator.py
[2024-04-25T06:03:42.719+0000] {logging_mixin.py:188} INFO - [2024-04-25T06:03:42.718+0000] {dag.py:3036} INFO - Sync 1 DAGs
[2024-04-25T06:03:42.791+0000] {logging_mixin.py:188} INFO - [2024-04-25T06:03:42.790+0000] {dag.py:3823} INFO - Setting next_dagrun for example_short_circuit_operator to 2024-04-24 00:00:00+00:00, run_after=2024-04-25 00:00:00+00:00
[2024-04-25T06:03:42.841+0000] {processor.py:183} INFO - Processing /home/airflow/.local/lib/python3.8/site-packages/airflow/example_dags/example_short_circuit_operator.py took 0.219 seconds
[2024-04-25T06:04:13.224+0000] {processor.py:161} INFO - Started process (PID=586) to work on /home/airflow/.local/lib/python3.8/site-packages/airflow/example_dags/example_short_circuit_operator.py
[2024-04-25T06:04:13.230+0000] {processor.py:830} INFO - Processing file /home/airflow/.local/lib/python3.8/site-packages/airflow/example_dags/example_short_circuit_operator.py for tasks to queue
[2024-04-25T06:04:13.237+0000] {logging_mixin.py:188} INFO - [2024-04-25T06:04:13.236+0000] {dagbag.py:538} INFO - Filling up the DagBag from /home/airflow/.local/lib/python3.8/site-packages/airflow/example_dags/example_short_circuit_operator.py
[2024-04-25T06:04:13.257+0000] {processor.py:840} INFO - DAG(s) 'example_short_circuit_operator' retrieved from /home/airflow/.local/lib/python3.8/site-packages/airflow/example_dags/example_short_circuit_operator.py
[2024-04-25T06:04:13.335+0000] {logging_mixin.py:188} INFO - [2024-04-25T06:04:13.334+0000] {dag.py:3036} INFO - Sync 1 DAGs
[2024-04-25T06:04:13.414+0000] {logging_mixin.py:188} INFO - [2024-04-25T06:04:13.413+0000] {dag.py:3823} INFO - Setting next_dagrun for example_short_circuit_operator to 2024-04-24 00:00:00+00:00, run_after=2024-04-25 00:00:00+00:00
[2024-04-25T06:04:13.490+0000] {processor.py:183} INFO - Processing /home/airflow/.local/lib/python3.8/site-packages/airflow/example_dags/example_short_circuit_operator.py took 0.278 seconds
[2024-04-25T06:04:43.531+0000] {processor.py:161} INFO - Started process (PID=645) to work on /home/airflow/.local/lib/python3.8/site-packages/airflow/example_dags/example_short_circuit_operator.py
[2024-04-25T06:04:43.534+0000] {processor.py:830} INFO - Processing file /home/airflow/.local/lib/python3.8/site-packages/airflow/example_dags/example_short_circuit_operator.py for tasks to queue
[2024-04-25T06:04:43.539+0000] {logging_mixin.py:188} INFO - [2024-04-25T06:04:43.538+0000] {dagbag.py:538} INFO - Filling up the DagBag from /home/airflow/.local/lib/python3.8/site-packages/airflow/example_dags/example_short_circuit_operator.py
[2024-04-25T06:04:43.553+0000] {processor.py:840} INFO - DAG(s) 'example_short_circuit_operator' retrieved from /home/airflow/.local/lib/python3.8/site-packages/airflow/example_dags/example_short_circuit_operator.py
[2024-04-25T06:04:43.603+0000] {logging_mixin.py:188} INFO - [2024-04-25T06:04:43.603+0000] {dag.py:3036} INFO - Sync 1 DAGs
[2024-04-25T06:04:43.627+0000] {logging_mixin.py:188} INFO - [2024-04-25T06:04:43.627+0000] {dag.py:3823} INFO - Setting next_dagrun for example_short_circuit_operator to 2024-04-24 00:00:00+00:00, run_after=2024-04-25 00:00:00+00:00
[2024-04-25T06:04:43.652+0000] {processor.py:183} INFO - Processing /home/airflow/.local/lib/python3.8/site-packages/airflow/example_dags/example_short_circuit_operator.py took 0.128 seconds
[2024-04-25T06:05:13.756+0000] {processor.py:161} INFO - Started process (PID=704) to work on /home/airflow/.local/lib/python3.8/site-packages/airflow/example_dags/example_short_circuit_operator.py
[2024-04-25T06:05:13.758+0000] {processor.py:830} INFO - Processing file /home/airflow/.local/lib/python3.8/site-packages/airflow/example_dags/example_short_circuit_operator.py for tasks to queue
[2024-04-25T06:05:13.761+0000] {logging_mixin.py:188} INFO - [2024-04-25T06:05:13.761+0000] {dagbag.py:538} INFO - Filling up the DagBag from /home/airflow/.local/lib/python3.8/site-packages/airflow/example_dags/example_short_circuit_operator.py
[2024-04-25T06:05:13.773+0000] {processor.py:840} INFO - DAG(s) 'example_short_circuit_operator' retrieved from /home/airflow/.local/lib/python3.8/site-packages/airflow/example_dags/example_short_circuit_operator.py
[2024-04-25T06:05:13.807+0000] {logging_mixin.py:188} INFO - [2024-04-25T06:05:13.807+0000] {dag.py:3036} INFO - Sync 1 DAGs
[2024-04-25T06:05:13.841+0000] {logging_mixin.py:188} INFO - [2024-04-25T06:05:13.841+0000] {dag.py:3823} INFO - Setting next_dagrun for example_short_circuit_operator to 2024-04-24 00:00:00+00:00, run_after=2024-04-25 00:00:00+00:00
[2024-04-25T06:05:13.874+0000] {processor.py:183} INFO - Processing /home/airflow/.local/lib/python3.8/site-packages/airflow/example_dags/example_short_circuit_operator.py took 0.122 seconds
[2024-04-25T06:05:44.085+0000] {processor.py:161} INFO - Started process (PID=763) to work on /home/airflow/.local/lib/python3.8/site-packages/airflow/example_dags/example_short_circuit_operator.py
[2024-04-25T06:05:44.087+0000] {processor.py:830} INFO - Processing file /home/airflow/.local/lib/python3.8/site-packages/airflow/example_dags/example_short_circuit_operator.py for tasks to queue
[2024-04-25T06:05:44.090+0000] {logging_mixin.py:188} INFO - [2024-04-25T06:05:44.089+0000] {dagbag.py:538} INFO - Filling up the DagBag from /home/airflow/.local/lib/python3.8/site-packages/airflow/example_dags/example_short_circuit_operator.py
[2024-04-25T06:05:44.101+0000] {processor.py:840} INFO - DAG(s) 'example_short_circuit_operator' retrieved from /home/airflow/.local/lib/python3.8/site-packages/airflow/example_dags/example_short_circuit_operator.py
[2024-04-25T06:05:44.134+0000] {logging_mixin.py:188} INFO - [2024-04-25T06:05:44.134+0000] {dag.py:3036} INFO - Sync 1 DAGs
[2024-04-25T06:05:44.169+0000] {logging_mixin.py:188} INFO - [2024-04-25T06:05:44.168+0000] {dag.py:3823} INFO - Setting next_dagrun for example_short_circuit_operator to 2024-04-24 00:00:00+00:00, run_after=2024-04-25 00:00:00+00:00
[2024-04-25T06:05:44.201+0000] {processor.py:183} INFO - Processing /home/airflow/.local/lib/python3.8/site-packages/airflow/example_dags/example_short_circuit_operator.py took 0.119 seconds
[2024-04-25T06:06:14.446+0000] {processor.py:161} INFO - Started process (PID=822) to work on /home/airflow/.local/lib/python3.8/site-packages/airflow/example_dags/example_short_circuit_operator.py
[2024-04-25T06:06:14.450+0000] {processor.py:830} INFO - Processing file /home/airflow/.local/lib/python3.8/site-packages/airflow/example_dags/example_short_circuit_operator.py for tasks to queue
[2024-04-25T06:06:14.454+0000] {logging_mixin.py:188} INFO - [2024-04-25T06:06:14.453+0000] {dagbag.py:538} INFO - Filling up the DagBag from /home/airflow/.local/lib/python3.8/site-packages/airflow/example_dags/example_short_circuit_operator.py
[2024-04-25T06:06:14.469+0000] {processor.py:840} INFO - DAG(s) 'example_short_circuit_operator' retrieved from /home/airflow/.local/lib/python3.8/site-packages/airflow/example_dags/example_short_circuit_operator.py
[2024-04-25T06:06:14.505+0000] {logging_mixin.py:188} INFO - [2024-04-25T06:06:14.505+0000] {dag.py:3036} INFO - Sync 1 DAGs
[2024-04-25T06:06:14.528+0000] {logging_mixin.py:188} INFO - [2024-04-25T06:06:14.528+0000] {dag.py:3823} INFO - Setting next_dagrun for example_short_circuit_operator to 2024-04-24 00:00:00+00:00, run_after=2024-04-25 00:00:00+00:00
[2024-04-25T06:06:14.561+0000] {processor.py:183} INFO - Processing /home/airflow/.local/lib/python3.8/site-packages/airflow/example_dags/example_short_circuit_operator.py took 0.122 seconds
[2024-04-25T06:06:45.711+0000] {processor.py:161} INFO - Started process (PID=881) to work on /home/airflow/.local/lib/python3.8/site-packages/airflow/example_dags/example_short_circuit_operator.py
[2024-04-25T06:06:45.715+0000] {processor.py:830} INFO - Processing file /home/airflow/.local/lib/python3.8/site-packages/airflow/example_dags/example_short_circuit_operator.py for tasks to queue
[2024-04-25T06:06:45.722+0000] {logging_mixin.py:188} INFO - [2024-04-25T06:06:45.721+0000] {dagbag.py:538} INFO - Filling up the DagBag from /home/airflow/.local/lib/python3.8/site-packages/airflow/example_dags/example_short_circuit_operator.py
[2024-04-25T06:06:45.744+0000] {processor.py:840} INFO - DAG(s) 'example_short_circuit_operator' retrieved from /home/airflow/.local/lib/python3.8/site-packages/airflow/example_dags/example_short_circuit_operator.py
[2024-04-25T06:06:45.823+0000] {logging_mixin.py:188} INFO - [2024-04-25T06:06:45.823+0000] {dag.py:3036} INFO - Sync 1 DAGs
[2024-04-25T06:06:45.925+0000] {logging_mixin.py:188} INFO - [2024-04-25T06:06:45.923+0000] {dag.py:3823} INFO - Setting next_dagrun for example_short_circuit_operator to 2024-04-24 00:00:00+00:00, run_after=2024-04-25 00:00:00+00:00
[2024-04-25T06:06:46.034+0000] {processor.py:183} INFO - Processing /home/airflow/.local/lib/python3.8/site-packages/airflow/example_dags/example_short_circuit_operator.py took 0.333 seconds
[2024-04-25T06:07:17.422+0000] {processor.py:161} INFO - Started process (PID=940) to work on /home/airflow/.local/lib/python3.8/site-packages/airflow/example_dags/example_short_circuit_operator.py
[2024-04-25T06:07:17.427+0000] {processor.py:830} INFO - Processing file /home/airflow/.local/lib/python3.8/site-packages/airflow/example_dags/example_short_circuit_operator.py for tasks to queue
[2024-04-25T06:07:17.435+0000] {logging_mixin.py:188} INFO - [2024-04-25T06:07:17.433+0000] {dagbag.py:538} INFO - Filling up the DagBag from /home/airflow/.local/lib/python3.8/site-packages/airflow/example_dags/example_short_circuit_operator.py
[2024-04-25T06:07:17.469+0000] {processor.py:840} INFO - DAG(s) 'example_short_circuit_operator' retrieved from /home/airflow/.local/lib/python3.8/site-packages/airflow/example_dags/example_short_circuit_operator.py
[2024-04-25T06:07:17.546+0000] {logging_mixin.py:188} INFO - [2024-04-25T06:07:17.545+0000] {dag.py:3036} INFO - Sync 1 DAGs
[2024-04-25T06:07:17.653+0000] {logging_mixin.py:188} INFO - [2024-04-25T06:07:17.651+0000] {dag.py:3823} INFO - Setting next_dagrun for example_short_circuit_operator to 2024-04-24 00:00:00+00:00, run_after=2024-04-25 00:00:00+00:00
[2024-04-25T06:07:17.729+0000] {processor.py:183} INFO - Processing /home/airflow/.local/lib/python3.8/site-packages/airflow/example_dags/example_short_circuit_operator.py took 0.322 seconds
[2024-04-25T06:07:47.998+0000] {processor.py:161} INFO - Started process (PID=999) to work on /home/airflow/.local/lib/python3.8/site-packages/airflow/example_dags/example_short_circuit_operator.py
[2024-04-25T06:07:48.002+0000] {processor.py:830} INFO - Processing file /home/airflow/.local/lib/python3.8/site-packages/airflow/example_dags/example_short_circuit_operator.py for tasks to queue
[2024-04-25T06:07:48.009+0000] {logging_mixin.py:188} INFO - [2024-04-25T06:07:48.008+0000] {dagbag.py:538} INFO - Filling up the DagBag from /home/airflow/.local/lib/python3.8/site-packages/airflow/example_dags/example_short_circuit_operator.py
[2024-04-25T06:07:48.040+0000] {processor.py:840} INFO - DAG(s) 'example_short_circuit_operator' retrieved from /home/airflow/.local/lib/python3.8/site-packages/airflow/example_dags/example_short_circuit_operator.py
[2024-04-25T06:07:48.169+0000] {logging_mixin.py:188} INFO - [2024-04-25T06:07:48.168+0000] {dag.py:3036} INFO - Sync 1 DAGs
[2024-04-25T06:07:48.243+0000] {logging_mixin.py:188} INFO - [2024-04-25T06:07:48.242+0000] {dag.py:3823} INFO - Setting next_dagrun for example_short_circuit_operator to 2024-04-24 00:00:00+00:00, run_after=2024-04-25 00:00:00+00:00
[2024-04-25T06:07:48.312+0000] {processor.py:183} INFO - Processing /home/airflow/.local/lib/python3.8/site-packages/airflow/example_dags/example_short_circuit_operator.py took 0.322 seconds
[2024-04-25T06:08:19.384+0000] {processor.py:161} INFO - Started process (PID=1058) to work on /home/airflow/.local/lib/python3.8/site-packages/airflow/example_dags/example_short_circuit_operator.py
[2024-04-25T06:08:19.387+0000] {processor.py:830} INFO - Processing file /home/airflow/.local/lib/python3.8/site-packages/airflow/example_dags/example_short_circuit_operator.py for tasks to queue
[2024-04-25T06:08:19.393+0000] {logging_mixin.py:188} INFO - [2024-04-25T06:08:19.392+0000] {dagbag.py:538} INFO - Filling up the DagBag from /home/airflow/.local/lib/python3.8/site-packages/airflow/example_dags/example_short_circuit_operator.py
[2024-04-25T06:08:19.421+0000] {processor.py:840} INFO - DAG(s) 'example_short_circuit_operator' retrieved from /home/airflow/.local/lib/python3.8/site-packages/airflow/example_dags/example_short_circuit_operator.py
[2024-04-25T06:08:19.495+0000] {logging_mixin.py:188} INFO - [2024-04-25T06:08:19.494+0000] {dag.py:3036} INFO - Sync 1 DAGs
[2024-04-25T06:08:19.552+0000] {logging_mixin.py:188} INFO - [2024-04-25T06:08:19.551+0000] {dag.py:3823} INFO - Setting next_dagrun for example_short_circuit_operator to 2024-04-24 00:00:00+00:00, run_after=2024-04-25 00:00:00+00:00
[2024-04-25T06:08:19.600+0000] {processor.py:183} INFO - Processing /home/airflow/.local/lib/python3.8/site-packages/airflow/example_dags/example_short_circuit_operator.py took 0.229 seconds
[2024-04-25T06:08:50.323+0000] {processor.py:161} INFO - Started process (PID=1117) to work on /home/airflow/.local/lib/python3.8/site-packages/airflow/example_dags/example_short_circuit_operator.py
[2024-04-25T06:08:50.327+0000] {processor.py:830} INFO - Processing file /home/airflow/.local/lib/python3.8/site-packages/airflow/example_dags/example_short_circuit_operator.py for tasks to queue
[2024-04-25T06:08:50.333+0000] {logging_mixin.py:188} INFO - [2024-04-25T06:08:50.332+0000] {dagbag.py:538} INFO - Filling up the DagBag from /home/airflow/.local/lib/python3.8/site-packages/airflow/example_dags/example_short_circuit_operator.py
[2024-04-25T06:08:50.354+0000] {processor.py:840} INFO - DAG(s) 'example_short_circuit_operator' retrieved from /home/airflow/.local/lib/python3.8/site-packages/airflow/example_dags/example_short_circuit_operator.py
[2024-04-25T06:08:50.427+0000] {logging_mixin.py:188} INFO - [2024-04-25T06:08:50.426+0000] {dag.py:3036} INFO - Sync 1 DAGs
[2024-04-25T06:08:50.490+0000] {logging_mixin.py:188} INFO - [2024-04-25T06:08:50.490+0000] {dag.py:3823} INFO - Setting next_dagrun for example_short_circuit_operator to 2024-04-24 00:00:00+00:00, run_after=2024-04-25 00:00:00+00:00
[2024-04-25T06:08:50.543+0000] {processor.py:183} INFO - Processing /home/airflow/.local/lib/python3.8/site-packages/airflow/example_dags/example_short_circuit_operator.py took 0.230 seconds
[2024-04-25T06:09:20.782+0000] {processor.py:161} INFO - Started process (PID=1176) to work on /home/airflow/.local/lib/python3.8/site-packages/airflow/example_dags/example_short_circuit_operator.py
[2024-04-25T06:09:20.787+0000] {processor.py:830} INFO - Processing file /home/airflow/.local/lib/python3.8/site-packages/airflow/example_dags/example_short_circuit_operator.py for tasks to queue
[2024-04-25T06:09:20.796+0000] {logging_mixin.py:188} INFO - [2024-04-25T06:09:20.794+0000] {dagbag.py:538} INFO - Filling up the DagBag from /home/airflow/.local/lib/python3.8/site-packages/airflow/example_dags/example_short_circuit_operator.py
[2024-04-25T06:09:20.854+0000] {processor.py:840} INFO - DAG(s) 'example_short_circuit_operator' retrieved from /home/airflow/.local/lib/python3.8/site-packages/airflow/example_dags/example_short_circuit_operator.py
[2024-04-25T06:09:20.952+0000] {logging_mixin.py:188} INFO - [2024-04-25T06:09:20.951+0000] {dag.py:3036} INFO - Sync 1 DAGs
[2024-04-25T06:09:21.020+0000] {logging_mixin.py:188} INFO - [2024-04-25T06:09:21.019+0000] {dag.py:3823} INFO - Setting next_dagrun for example_short_circuit_operator to 2024-04-24 00:00:00+00:00, run_after=2024-04-25 00:00:00+00:00
[2024-04-25T06:09:21.079+0000] {processor.py:183} INFO - Processing /home/airflow/.local/lib/python3.8/site-packages/airflow/example_dags/example_short_circuit_operator.py took 0.309 seconds
[2024-04-25T06:09:52.018+0000] {processor.py:161} INFO - Started process (PID=1235) to work on /home/airflow/.local/lib/python3.8/site-packages/airflow/example_dags/example_short_circuit_operator.py
[2024-04-25T06:09:52.032+0000] {processor.py:830} INFO - Processing file /home/airflow/.local/lib/python3.8/site-packages/airflow/example_dags/example_short_circuit_operator.py for tasks to queue
[2024-04-25T06:09:52.040+0000] {logging_mixin.py:188} INFO - [2024-04-25T06:09:52.039+0000] {dagbag.py:538} INFO - Filling up the DagBag from /home/airflow/.local/lib/python3.8/site-packages/airflow/example_dags/example_short_circuit_operator.py
[2024-04-25T06:09:52.072+0000] {processor.py:840} INFO - DAG(s) 'example_short_circuit_operator' retrieved from /home/airflow/.local/lib/python3.8/site-packages/airflow/example_dags/example_short_circuit_operator.py
[2024-04-25T06:09:52.136+0000] {logging_mixin.py:188} INFO - [2024-04-25T06:09:52.136+0000] {dag.py:3036} INFO - Sync 1 DAGs
[2024-04-25T06:09:52.186+0000] {logging_mixin.py:188} INFO - [2024-04-25T06:09:52.185+0000] {dag.py:3823} INFO - Setting next_dagrun for example_short_circuit_operator to 2024-04-24 00:00:00+00:00, run_after=2024-04-25 00:00:00+00:00
[2024-04-25T06:09:52.240+0000] {processor.py:183} INFO - Processing /home/airflow/.local/lib/python3.8/site-packages/airflow/example_dags/example_short_circuit_operator.py took 0.236 seconds
[2024-04-25T06:10:23.042+0000] {processor.py:161} INFO - Started process (PID=1294) to work on /home/airflow/.local/lib/python3.8/site-packages/airflow/example_dags/example_short_circuit_operator.py
[2024-04-25T06:10:23.048+0000] {processor.py:830} INFO - Processing file /home/airflow/.local/lib/python3.8/site-packages/airflow/example_dags/example_short_circuit_operator.py for tasks to queue
[2024-04-25T06:10:23.057+0000] {logging_mixin.py:188} INFO - [2024-04-25T06:10:23.056+0000] {dagbag.py:538} INFO - Filling up the DagBag from /home/airflow/.local/lib/python3.8/site-packages/airflow/example_dags/example_short_circuit_operator.py
[2024-04-25T06:10:23.095+0000] {processor.py:840} INFO - DAG(s) 'example_short_circuit_operator' retrieved from /home/airflow/.local/lib/python3.8/site-packages/airflow/example_dags/example_short_circuit_operator.py
[2024-04-25T06:10:23.193+0000] {logging_mixin.py:188} INFO - [2024-04-25T06:10:23.192+0000] {dag.py:3036} INFO - Sync 1 DAGs
[2024-04-25T06:10:23.278+0000] {logging_mixin.py:188} INFO - [2024-04-25T06:10:23.277+0000] {dag.py:3823} INFO - Setting next_dagrun for example_short_circuit_operator to 2024-04-24 00:00:00+00:00, run_after=2024-04-25 00:00:00+00:00
[2024-04-25T06:10:23.352+0000] {processor.py:183} INFO - Processing /home/airflow/.local/lib/python3.8/site-packages/airflow/example_dags/example_short_circuit_operator.py took 0.323 seconds
[2024-04-25T06:53:14.111+0000] {processor.py:161} INFO - Started process (PID=141) to work on /home/airflow/.local/lib/python3.8/site-packages/airflow/example_dags/example_short_circuit_operator.py
[2024-04-25T06:53:14.129+0000] {processor.py:830} INFO - Processing file /home/airflow/.local/lib/python3.8/site-packages/airflow/example_dags/example_short_circuit_operator.py for tasks to queue
[2024-04-25T06:53:14.138+0000] {logging_mixin.py:188} INFO - [2024-04-25T06:53:14.136+0000] {dagbag.py:538} INFO - Filling up the DagBag from /home/airflow/.local/lib/python3.8/site-packages/airflow/example_dags/example_short_circuit_operator.py
[2024-04-25T06:53:14.190+0000] {processor.py:840} INFO - DAG(s) 'example_short_circuit_operator' retrieved from /home/airflow/.local/lib/python3.8/site-packages/airflow/example_dags/example_short_circuit_operator.py
[2024-04-25T06:53:15.094+0000] {logging_mixin.py:188} INFO - [2024-04-25T06:53:15.093+0000] {dag.py:3036} INFO - Sync 1 DAGs
[2024-04-25T06:53:15.267+0000] {logging_mixin.py:188} INFO - [2024-04-25T06:53:15.265+0000] {dag.py:3823} INFO - Setting next_dagrun for example_short_circuit_operator to 2024-04-24 00:00:00+00:00, run_after=2024-04-25 00:00:00+00:00
[2024-04-25T06:53:15.392+0000] {processor.py:183} INFO - Processing /home/airflow/.local/lib/python3.8/site-packages/airflow/example_dags/example_short_circuit_operator.py took 1.304 seconds
[2024-04-25T06:53:52.758+0000] {processor.py:161} INFO - Started process (PID=211) to work on /home/airflow/.local/lib/python3.8/site-packages/airflow/example_dags/example_short_circuit_operator.py
[2024-04-25T06:53:52.764+0000] {processor.py:830} INFO - Processing file /home/airflow/.local/lib/python3.8/site-packages/airflow/example_dags/example_short_circuit_operator.py for tasks to queue
[2024-04-25T06:53:52.775+0000] {logging_mixin.py:188} INFO - [2024-04-25T06:53:52.773+0000] {dagbag.py:538} INFO - Filling up the DagBag from /home/airflow/.local/lib/python3.8/site-packages/airflow/example_dags/example_short_circuit_operator.py
[2024-04-25T06:53:52.809+0000] {processor.py:840} INFO - DAG(s) 'example_short_circuit_operator' retrieved from /home/airflow/.local/lib/python3.8/site-packages/airflow/example_dags/example_short_circuit_operator.py
[2024-04-25T06:53:52.952+0000] {logging_mixin.py:188} INFO - [2024-04-25T06:53:52.941+0000] {dag.py:3036} INFO - Sync 1 DAGs
[2024-04-25T06:53:53.202+0000] {logging_mixin.py:188} INFO - [2024-04-25T06:53:53.201+0000] {dag.py:3823} INFO - Setting next_dagrun for example_short_circuit_operator to 2024-04-24 00:00:00+00:00, run_after=2024-04-25 00:00:00+00:00
[2024-04-25T06:53:53.336+0000] {processor.py:183} INFO - Processing /home/airflow/.local/lib/python3.8/site-packages/airflow/example_dags/example_short_circuit_operator.py took 0.593 seconds
[2024-04-25T06:54:25.052+0000] {processor.py:161} INFO - Started process (PID=281) to work on /home/airflow/.local/lib/python3.8/site-packages/airflow/example_dags/example_short_circuit_operator.py
[2024-04-25T06:54:25.059+0000] {processor.py:830} INFO - Processing file /home/airflow/.local/lib/python3.8/site-packages/airflow/example_dags/example_short_circuit_operator.py for tasks to queue
[2024-04-25T06:54:25.066+0000] {logging_mixin.py:188} INFO - [2024-04-25T06:54:25.065+0000] {dagbag.py:538} INFO - Filling up the DagBag from /home/airflow/.local/lib/python3.8/site-packages/airflow/example_dags/example_short_circuit_operator.py
[2024-04-25T06:54:25.107+0000] {processor.py:840} INFO - DAG(s) 'example_short_circuit_operator' retrieved from /home/airflow/.local/lib/python3.8/site-packages/airflow/example_dags/example_short_circuit_operator.py
[2024-04-25T06:54:25.301+0000] {logging_mixin.py:188} INFO - [2024-04-25T06:54:25.299+0000] {dag.py:3036} INFO - Sync 1 DAGs
[2024-04-25T06:54:25.448+0000] {logging_mixin.py:188} INFO - [2024-04-25T06:54:25.447+0000] {dag.py:3823} INFO - Setting next_dagrun for example_short_circuit_operator to 2024-04-24 00:00:00+00:00, run_after=2024-04-25 00:00:00+00:00
[2024-04-25T06:54:25.656+0000] {processor.py:183} INFO - Processing /home/airflow/.local/lib/python3.8/site-packages/airflow/example_dags/example_short_circuit_operator.py took 0.624 seconds
[2024-04-25T06:54:59.921+0000] {processor.py:161} INFO - Started process (PID=351) to work on /home/airflow/.local/lib/python3.8/site-packages/airflow/example_dags/example_short_circuit_operator.py
[2024-04-25T06:54:59.933+0000] {processor.py:830} INFO - Processing file /home/airflow/.local/lib/python3.8/site-packages/airflow/example_dags/example_short_circuit_operator.py for tasks to queue
[2024-04-25T06:54:59.948+0000] {logging_mixin.py:188} INFO - [2024-04-25T06:54:59.946+0000] {dagbag.py:538} INFO - Filling up the DagBag from /home/airflow/.local/lib/python3.8/site-packages/airflow/example_dags/example_short_circuit_operator.py
[2024-04-25T06:54:59.999+0000] {processor.py:840} INFO - DAG(s) 'example_short_circuit_operator' retrieved from /home/airflow/.local/lib/python3.8/site-packages/airflow/example_dags/example_short_circuit_operator.py
[2024-04-25T06:55:00.236+0000] {logging_mixin.py:188} INFO - [2024-04-25T06:55:00.235+0000] {dag.py:3036} INFO - Sync 1 DAGs
[2024-04-25T06:55:00.442+0000] {logging_mixin.py:188} INFO - [2024-04-25T06:55:00.441+0000] {dag.py:3823} INFO - Setting next_dagrun for example_short_circuit_operator to 2024-04-24 00:00:00+00:00, run_after=2024-04-25 00:00:00+00:00
[2024-04-25T06:55:00.588+0000] {processor.py:183} INFO - Processing /home/airflow/.local/lib/python3.8/site-packages/airflow/example_dags/example_short_circuit_operator.py took 0.699 seconds
[2024-04-25T06:55:30.814+0000] {processor.py:161} INFO - Started process (PID=420) to work on /home/airflow/.local/lib/python3.8/site-packages/airflow/example_dags/example_short_circuit_operator.py
[2024-04-25T06:55:30.819+0000] {processor.py:830} INFO - Processing file /home/airflow/.local/lib/python3.8/site-packages/airflow/example_dags/example_short_circuit_operator.py for tasks to queue
[2024-04-25T06:55:30.827+0000] {logging_mixin.py:188} INFO - [2024-04-25T06:55:30.826+0000] {dagbag.py:538} INFO - Filling up the DagBag from /home/airflow/.local/lib/python3.8/site-packages/airflow/example_dags/example_short_circuit_operator.py
[2024-04-25T06:55:30.864+0000] {processor.py:840} INFO - DAG(s) 'example_short_circuit_operator' retrieved from /home/airflow/.local/lib/python3.8/site-packages/airflow/example_dags/example_short_circuit_operator.py
[2024-04-25T06:55:30.982+0000] {logging_mixin.py:188} INFO - [2024-04-25T06:55:30.980+0000] {dag.py:3036} INFO - Sync 1 DAGs
[2024-04-25T06:55:31.090+0000] {logging_mixin.py:188} INFO - [2024-04-25T06:55:31.089+0000] {dag.py:3823} INFO - Setting next_dagrun for example_short_circuit_operator to 2024-04-24 00:00:00+00:00, run_after=2024-04-25 00:00:00+00:00
[2024-04-25T06:55:31.175+0000] {processor.py:183} INFO - Processing /home/airflow/.local/lib/python3.8/site-packages/airflow/example_dags/example_short_circuit_operator.py took 0.375 seconds
[2024-04-25T06:56:08.062+0000] {processor.py:161} INFO - Started process (PID=490) to work on /home/airflow/.local/lib/python3.8/site-packages/airflow/example_dags/example_short_circuit_operator.py
[2024-04-25T06:56:08.067+0000] {processor.py:830} INFO - Processing file /home/airflow/.local/lib/python3.8/site-packages/airflow/example_dags/example_short_circuit_operator.py for tasks to queue
[2024-04-25T06:56:08.077+0000] {logging_mixin.py:188} INFO - [2024-04-25T06:56:08.076+0000] {dagbag.py:538} INFO - Filling up the DagBag from /home/airflow/.local/lib/python3.8/site-packages/airflow/example_dags/example_short_circuit_operator.py
[2024-04-25T06:56:08.109+0000] {processor.py:840} INFO - DAG(s) 'example_short_circuit_operator' retrieved from /home/airflow/.local/lib/python3.8/site-packages/airflow/example_dags/example_short_circuit_operator.py
[2024-04-25T06:56:08.223+0000] {logging_mixin.py:188} INFO - [2024-04-25T06:56:08.222+0000] {dag.py:3036} INFO - Sync 1 DAGs
[2024-04-25T06:56:08.329+0000] {logging_mixin.py:188} INFO - [2024-04-25T06:56:08.328+0000] {dag.py:3823} INFO - Setting next_dagrun for example_short_circuit_operator to 2024-04-24 00:00:00+00:00, run_after=2024-04-25 00:00:00+00:00
[2024-04-25T06:56:08.425+0000] {processor.py:183} INFO - Processing /home/airflow/.local/lib/python3.8/site-packages/airflow/example_dags/example_short_circuit_operator.py took 0.378 seconds
[2024-04-25T06:56:48.988+0000] {processor.py:161} INFO - Started process (PID=568) to work on /home/airflow/.local/lib/python3.8/site-packages/airflow/example_dags/example_short_circuit_operator.py
[2024-04-25T06:56:48.992+0000] {processor.py:830} INFO - Processing file /home/airflow/.local/lib/python3.8/site-packages/airflow/example_dags/example_short_circuit_operator.py for tasks to queue
[2024-04-25T06:56:49.001+0000] {logging_mixin.py:188} INFO - [2024-04-25T06:56:48.999+0000] {dagbag.py:538} INFO - Filling up the DagBag from /home/airflow/.local/lib/python3.8/site-packages/airflow/example_dags/example_short_circuit_operator.py
[2024-04-25T06:56:49.035+0000] {processor.py:840} INFO - DAG(s) 'example_short_circuit_operator' retrieved from /home/airflow/.local/lib/python3.8/site-packages/airflow/example_dags/example_short_circuit_operator.py
[2024-04-25T06:56:49.171+0000] {logging_mixin.py:188} INFO - [2024-04-25T06:56:49.170+0000] {dag.py:3036} INFO - Sync 1 DAGs
[2024-04-25T06:56:49.285+0000] {logging_mixin.py:188} INFO - [2024-04-25T06:56:49.285+0000] {dag.py:3823} INFO - Setting next_dagrun for example_short_circuit_operator to 2024-04-24 00:00:00+00:00, run_after=2024-04-25 00:00:00+00:00
[2024-04-25T06:56:49.369+0000] {processor.py:183} INFO - Processing /home/airflow/.local/lib/python3.8/site-packages/airflow/example_dags/example_short_circuit_operator.py took 0.406 seconds
[2024-04-25T07:00:30.067+0000] {processor.py:161} INFO - Started process (PID=686) to work on /home/airflow/.local/lib/python3.8/site-packages/airflow/example_dags/example_short_circuit_operator.py
[2024-04-25T07:00:30.196+0000] {processor.py:830} INFO - Processing file /home/airflow/.local/lib/python3.8/site-packages/airflow/example_dags/example_short_circuit_operator.py for tasks to queue
[2024-04-25T07:00:30.235+0000] {logging_mixin.py:188} INFO - [2024-04-25T07:00:30.226+0000] {dagbag.py:538} INFO - Filling up the DagBag from /home/airflow/.local/lib/python3.8/site-packages/airflow/example_dags/example_short_circuit_operator.py
[2024-04-25T07:00:30.703+0000] {processor.py:840} INFO - DAG(s) 'example_short_circuit_operator' retrieved from /home/airflow/.local/lib/python3.8/site-packages/airflow/example_dags/example_short_circuit_operator.py
[2024-04-25T07:00:34.136+0000] {logging_mixin.py:188} INFO - [2024-04-25T07:00:34.051+0000] {dag.py:3036} INFO - Sync 1 DAGs
[2024-04-25T07:00:36.213+0000] {logging_mixin.py:188} INFO - [2024-04-25T07:00:36.211+0000] {dag.py:3823} INFO - Setting next_dagrun for example_short_circuit_operator to 2024-04-24 00:00:00+00:00, run_after=2024-04-25 00:00:00+00:00
[2024-04-25T07:00:36.865+0000] {processor.py:183} INFO - Processing /home/airflow/.local/lib/python3.8/site-packages/airflow/example_dags/example_short_circuit_operator.py took 6.898 seconds
[2024-04-25T07:51:16.592+0000] {processor.py:161} INFO - Started process (PID=94) to work on /home/airflow/.local/lib/python3.8/site-packages/airflow/example_dags/example_short_circuit_operator.py
[2024-04-25T07:51:16.600+0000] {processor.py:830} INFO - Processing file /home/airflow/.local/lib/python3.8/site-packages/airflow/example_dags/example_short_circuit_operator.py for tasks to queue
[2024-04-25T07:51:16.611+0000] {logging_mixin.py:188} INFO - [2024-04-25T07:51:16.610+0000] {dagbag.py:538} INFO - Filling up the DagBag from /home/airflow/.local/lib/python3.8/site-packages/airflow/example_dags/example_short_circuit_operator.py
[2024-04-25T07:51:16.647+0000] {processor.py:840} INFO - DAG(s) 'example_short_circuit_operator' retrieved from /home/airflow/.local/lib/python3.8/site-packages/airflow/example_dags/example_short_circuit_operator.py
[2024-04-25T07:51:17.370+0000] {logging_mixin.py:188} INFO - [2024-04-25T07:51:17.368+0000] {dag.py:3036} INFO - Sync 1 DAGs
[2024-04-25T07:51:17.559+0000] {logging_mixin.py:188} INFO - [2024-04-25T07:51:17.558+0000] {dag.py:3823} INFO - Setting next_dagrun for example_short_circuit_operator to 2024-04-24 00:00:00+00:00, run_after=2024-04-25 00:00:00+00:00
[2024-04-25T07:51:17.661+0000] {processor.py:183} INFO - Processing /home/airflow/.local/lib/python3.8/site-packages/airflow/example_dags/example_short_circuit_operator.py took 1.085 seconds
[2024-04-25T07:51:54.472+0000] {processor.py:161} INFO - Started process (PID=164) to work on /home/airflow/.local/lib/python3.8/site-packages/airflow/example_dags/example_short_circuit_operator.py
[2024-04-25T07:51:54.494+0000] {processor.py:830} INFO - Processing file /home/airflow/.local/lib/python3.8/site-packages/airflow/example_dags/example_short_circuit_operator.py for tasks to queue
[2024-04-25T07:51:54.506+0000] {logging_mixin.py:188} INFO - [2024-04-25T07:51:54.505+0000] {dagbag.py:538} INFO - Filling up the DagBag from /home/airflow/.local/lib/python3.8/site-packages/airflow/example_dags/example_short_circuit_operator.py
[2024-04-25T07:51:54.557+0000] {processor.py:840} INFO - DAG(s) 'example_short_circuit_operator' retrieved from /home/airflow/.local/lib/python3.8/site-packages/airflow/example_dags/example_short_circuit_operator.py
[2024-04-25T07:51:54.913+0000] {logging_mixin.py:188} INFO - [2024-04-25T07:51:54.911+0000] {dag.py:3036} INFO - Sync 1 DAGs
[2024-04-25T07:51:55.241+0000] {logging_mixin.py:188} INFO - [2024-04-25T07:51:55.240+0000] {dag.py:3823} INFO - Setting next_dagrun for example_short_circuit_operator to 2024-04-24 00:00:00+00:00, run_after=2024-04-25 00:00:00+00:00
[2024-04-25T07:51:55.365+0000] {processor.py:183} INFO - Processing /home/airflow/.local/lib/python3.8/site-packages/airflow/example_dags/example_short_circuit_operator.py took 0.919 seconds
[2024-04-25T07:52:31.585+0000] {processor.py:161} INFO - Started process (PID=240) to work on /home/airflow/.local/lib/python3.8/site-packages/airflow/example_dags/example_short_circuit_operator.py
[2024-04-25T07:52:31.592+0000] {processor.py:830} INFO - Processing file /home/airflow/.local/lib/python3.8/site-packages/airflow/example_dags/example_short_circuit_operator.py for tasks to queue
[2024-04-25T07:52:31.603+0000] {logging_mixin.py:188} INFO - [2024-04-25T07:52:31.601+0000] {dagbag.py:538} INFO - Filling up the DagBag from /home/airflow/.local/lib/python3.8/site-packages/airflow/example_dags/example_short_circuit_operator.py
[2024-04-25T07:52:31.637+0000] {processor.py:840} INFO - DAG(s) 'example_short_circuit_operator' retrieved from /home/airflow/.local/lib/python3.8/site-packages/airflow/example_dags/example_short_circuit_operator.py
[2024-04-25T07:52:31.765+0000] {logging_mixin.py:188} INFO - [2024-04-25T07:52:31.764+0000] {dag.py:3036} INFO - Sync 1 DAGs
[2024-04-25T07:52:32.025+0000] {logging_mixin.py:188} INFO - [2024-04-25T07:52:32.024+0000] {dag.py:3823} INFO - Setting next_dagrun for example_short_circuit_operator to 2024-04-24 00:00:00+00:00, run_after=2024-04-25 00:00:00+00:00
[2024-04-25T07:52:32.177+0000] {processor.py:183} INFO - Processing /home/airflow/.local/lib/python3.8/site-packages/airflow/example_dags/example_short_circuit_operator.py took 0.608 seconds
[2024-04-25T07:53:02.309+0000] {processor.py:161} INFO - Started process (PID=310) to work on /home/airflow/.local/lib/python3.8/site-packages/airflow/example_dags/example_short_circuit_operator.py
[2024-04-25T07:53:02.313+0000] {processor.py:830} INFO - Processing file /home/airflow/.local/lib/python3.8/site-packages/airflow/example_dags/example_short_circuit_operator.py for tasks to queue
[2024-04-25T07:53:02.319+0000] {logging_mixin.py:188} INFO - [2024-04-25T07:53:02.318+0000] {dagbag.py:538} INFO - Filling up the DagBag from /home/airflow/.local/lib/python3.8/site-packages/airflow/example_dags/example_short_circuit_operator.py
[2024-04-25T07:53:02.344+0000] {processor.py:840} INFO - DAG(s) 'example_short_circuit_operator' retrieved from /home/airflow/.local/lib/python3.8/site-packages/airflow/example_dags/example_short_circuit_operator.py
[2024-04-25T07:53:02.465+0000] {logging_mixin.py:188} INFO - [2024-04-25T07:53:02.464+0000] {dag.py:3036} INFO - Sync 1 DAGs
[2024-04-25T07:53:02.578+0000] {logging_mixin.py:188} INFO - [2024-04-25T07:53:02.577+0000] {dag.py:3823} INFO - Setting next_dagrun for example_short_circuit_operator to 2024-04-24 00:00:00+00:00, run_after=2024-04-25 00:00:00+00:00
[2024-04-25T07:53:02.655+0000] {processor.py:183} INFO - Processing /home/airflow/.local/lib/python3.8/site-packages/airflow/example_dags/example_short_circuit_operator.py took 0.357 seconds
[2024-04-25T07:53:41.906+0000] {processor.py:161} INFO - Started process (PID=380) to work on /home/airflow/.local/lib/python3.8/site-packages/airflow/example_dags/example_short_circuit_operator.py
[2024-04-25T07:53:42.049+0000] {processor.py:830} INFO - Processing file /home/airflow/.local/lib/python3.8/site-packages/airflow/example_dags/example_short_circuit_operator.py for tasks to queue
[2024-04-25T07:53:42.293+0000] {logging_mixin.py:188} INFO - [2024-04-25T07:53:42.289+0000] {dagbag.py:538} INFO - Filling up the DagBag from /home/airflow/.local/lib/python3.8/site-packages/airflow/example_dags/example_short_circuit_operator.py
[2024-04-25T07:53:42.382+0000] {processor.py:840} INFO - DAG(s) 'example_short_circuit_operator' retrieved from /home/airflow/.local/lib/python3.8/site-packages/airflow/example_dags/example_short_circuit_operator.py
[2024-04-25T07:53:42.725+0000] {logging_mixin.py:188} INFO - [2024-04-25T07:53:42.724+0000] {dag.py:3036} INFO - Sync 1 DAGs
[2024-04-25T07:53:42.958+0000] {logging_mixin.py:188} INFO - [2024-04-25T07:53:42.957+0000] {dag.py:3823} INFO - Setting next_dagrun for example_short_circuit_operator to 2024-04-24 00:00:00+00:00, run_after=2024-04-25 00:00:00+00:00
[2024-04-25T07:53:43.201+0000] {processor.py:183} INFO - Processing /home/airflow/.local/lib/python3.8/site-packages/airflow/example_dags/example_short_circuit_operator.py took 1.364 seconds
