[2024-04-25T05:59:15.262+0000] {processor.py:161} INFO - Started process (PID=117) to work on /home/airflow/.local/lib/python3.8/site-packages/airflow/example_dags/example_latest_only.py
[2024-04-25T05:59:15.267+0000] {processor.py:830} INFO - Processing file /home/airflow/.local/lib/python3.8/site-packages/airflow/example_dags/example_latest_only.py for tasks to queue
[2024-04-25T05:59:15.290+0000] {logging_mixin.py:188} INFO - [2024-04-25T05:59:15.285+0000] {dagbag.py:538} INFO - Filling up the DagBag from /home/airflow/.local/lib/python3.8/site-packages/airflow/example_dags/example_latest_only.py
[2024-04-25T05:59:15.354+0000] {processor.py:840} INFO - DAG(s) 'latest_only' retrieved from /home/airflow/.local/lib/python3.8/site-packages/airflow/example_dags/example_latest_only.py
[2024-04-25T05:59:16.151+0000] {logging_mixin.py:188} INFO - [2024-04-25T05:59:16.150+0000] {dag.py:3036} INFO - Sync 1 DAGs
[2024-04-25T05:59:16.502+0000] {logging_mixin.py:188} INFO - [2024-04-25T05:59:16.421+0000] {dag.py:3823} INFO - Setting next_dagrun for latest_only to 2024-04-25 00:00:00+00:00, run_after=2024-04-25 04:00:00+00:00
[2024-04-25T05:59:16.999+0000] {processor.py:183} INFO - Processing /home/airflow/.local/lib/python3.8/site-packages/airflow/example_dags/example_latest_only.py took 1.760 seconds
[2024-04-25T06:00:04.694+0000] {processor.py:161} INFO - Started process (PID=182) to work on /home/airflow/.local/lib/python3.8/site-packages/airflow/example_dags/example_latest_only.py
[2024-04-25T06:00:04.745+0000] {processor.py:830} INFO - Processing file /home/airflow/.local/lib/python3.8/site-packages/airflow/example_dags/example_latest_only.py for tasks to queue
[2024-04-25T06:00:04.775+0000] {logging_mixin.py:188} INFO - [2024-04-25T06:00:04.770+0000] {dagbag.py:538} INFO - Filling up the DagBag from /home/airflow/.local/lib/python3.8/site-packages/airflow/example_dags/example_latest_only.py
[2024-04-25T06:00:05.046+0000] {processor.py:840} INFO - DAG(s) 'latest_only' retrieved from /home/airflow/.local/lib/python3.8/site-packages/airflow/example_dags/example_latest_only.py
[2024-04-25T06:00:06.093+0000] {logging_mixin.py:188} INFO - [2024-04-25T06:00:06.091+0000] {dag.py:3036} INFO - Sync 1 DAGs
[2024-04-25T06:00:07.305+0000] {logging_mixin.py:188} INFO - [2024-04-25T06:00:07.304+0000] {dag.py:3823} INFO - Setting next_dagrun for latest_only to 2024-04-25 00:00:00+00:00, run_after=2024-04-25 04:00:00+00:00
[2024-04-25T06:00:08.284+0000] {processor.py:183} INFO - Processing /home/airflow/.local/lib/python3.8/site-packages/airflow/example_dags/example_latest_only.py took 3.974 seconds
[2024-04-25T06:00:43.147+0000] {processor.py:161} INFO - Started process (PID=241) to work on /home/airflow/.local/lib/python3.8/site-packages/airflow/example_dags/example_latest_only.py
[2024-04-25T06:00:43.153+0000] {processor.py:830} INFO - Processing file /home/airflow/.local/lib/python3.8/site-packages/airflow/example_dags/example_latest_only.py for tasks to queue
[2024-04-25T06:00:43.163+0000] {logging_mixin.py:188} INFO - [2024-04-25T06:00:43.161+0000] {dagbag.py:538} INFO - Filling up the DagBag from /home/airflow/.local/lib/python3.8/site-packages/airflow/example_dags/example_latest_only.py
[2024-04-25T06:00:43.192+0000] {processor.py:840} INFO - DAG(s) 'latest_only' retrieved from /home/airflow/.local/lib/python3.8/site-packages/airflow/example_dags/example_latest_only.py
[2024-04-25T06:00:43.269+0000] {logging_mixin.py:188} INFO - [2024-04-25T06:00:43.268+0000] {dag.py:3036} INFO - Sync 1 DAGs
[2024-04-25T06:00:43.369+0000] {logging_mixin.py:188} INFO - [2024-04-25T06:00:43.368+0000] {dag.py:3823} INFO - Setting next_dagrun for latest_only to 2024-04-25 00:00:00+00:00, run_after=2024-04-25 04:00:00+00:00
[2024-04-25T06:00:43.452+0000] {processor.py:183} INFO - Processing /home/airflow/.local/lib/python3.8/site-packages/airflow/example_dags/example_latest_only.py took 0.323 seconds
[2024-04-25T06:01:17.675+0000] {processor.py:161} INFO - Started process (PID=298) to work on /home/airflow/.local/lib/python3.8/site-packages/airflow/example_dags/example_latest_only.py
[2024-04-25T06:01:17.695+0000] {processor.py:830} INFO - Processing file /home/airflow/.local/lib/python3.8/site-packages/airflow/example_dags/example_latest_only.py for tasks to queue
[2024-04-25T06:01:17.708+0000] {logging_mixin.py:188} INFO - [2024-04-25T06:01:17.707+0000] {dagbag.py:538} INFO - Filling up the DagBag from /home/airflow/.local/lib/python3.8/site-packages/airflow/example_dags/example_latest_only.py
[2024-04-25T06:01:17.730+0000] {processor.py:840} INFO - DAG(s) 'latest_only' retrieved from /home/airflow/.local/lib/python3.8/site-packages/airflow/example_dags/example_latest_only.py
[2024-04-25T06:01:17.937+0000] {logging_mixin.py:188} INFO - [2024-04-25T06:01:17.936+0000] {dag.py:3036} INFO - Sync 1 DAGs
[2024-04-25T06:01:18.054+0000] {logging_mixin.py:188} INFO - [2024-04-25T06:01:18.053+0000] {dag.py:3823} INFO - Setting next_dagrun for latest_only to 2024-04-25 00:00:00+00:00, run_after=2024-04-25 04:00:00+00:00
[2024-04-25T06:01:18.135+0000] {processor.py:183} INFO - Processing /home/airflow/.local/lib/python3.8/site-packages/airflow/example_dags/example_latest_only.py took 0.477 seconds
[2024-04-25T06:02:02.658+0000] {processor.py:161} INFO - Started process (PID=358) to work on /home/airflow/.local/lib/python3.8/site-packages/airflow/example_dags/example_latest_only.py
[2024-04-25T06:02:02.663+0000] {processor.py:830} INFO - Processing file /home/airflow/.local/lib/python3.8/site-packages/airflow/example_dags/example_latest_only.py for tasks to queue
[2024-04-25T06:02:02.673+0000] {logging_mixin.py:188} INFO - [2024-04-25T06:02:02.671+0000] {dagbag.py:538} INFO - Filling up the DagBag from /home/airflow/.local/lib/python3.8/site-packages/airflow/example_dags/example_latest_only.py
[2024-04-25T06:02:02.698+0000] {processor.py:840} INFO - DAG(s) 'latest_only' retrieved from /home/airflow/.local/lib/python3.8/site-packages/airflow/example_dags/example_latest_only.py
[2024-04-25T06:02:02.781+0000] {logging_mixin.py:188} INFO - [2024-04-25T06:02:02.780+0000] {dag.py:3036} INFO - Sync 1 DAGs
[2024-04-25T06:02:02.860+0000] {logging_mixin.py:188} INFO - [2024-04-25T06:02:02.859+0000] {dag.py:3823} INFO - Setting next_dagrun for latest_only to 2024-04-25 00:00:00+00:00, run_after=2024-04-25 04:00:00+00:00
[2024-04-25T06:02:02.933+0000] {processor.py:183} INFO - Processing /home/airflow/.local/lib/python3.8/site-packages/airflow/example_dags/example_latest_only.py took 0.286 seconds
[2024-04-25T06:02:33.181+0000] {processor.py:161} INFO - Started process (PID=417) to work on /home/airflow/.local/lib/python3.8/site-packages/airflow/example_dags/example_latest_only.py
[2024-04-25T06:02:33.184+0000] {processor.py:830} INFO - Processing file /home/airflow/.local/lib/python3.8/site-packages/airflow/example_dags/example_latest_only.py for tasks to queue
[2024-04-25T06:02:33.188+0000] {logging_mixin.py:188} INFO - [2024-04-25T06:02:33.187+0000] {dagbag.py:538} INFO - Filling up the DagBag from /home/airflow/.local/lib/python3.8/site-packages/airflow/example_dags/example_latest_only.py
[2024-04-25T06:02:33.199+0000] {processor.py:840} INFO - DAG(s) 'latest_only' retrieved from /home/airflow/.local/lib/python3.8/site-packages/airflow/example_dags/example_latest_only.py
[2024-04-25T06:02:33.256+0000] {logging_mixin.py:188} INFO - [2024-04-25T06:02:33.255+0000] {dag.py:3036} INFO - Sync 1 DAGs
[2024-04-25T06:02:33.333+0000] {logging_mixin.py:188} INFO - [2024-04-25T06:02:33.332+0000] {dag.py:3823} INFO - Setting next_dagrun for latest_only to 2024-04-25 00:00:00+00:00, run_after=2024-04-25 04:00:00+00:00
[2024-04-25T06:02:33.398+0000] {processor.py:183} INFO - Processing /home/airflow/.local/lib/python3.8/site-packages/airflow/example_dags/example_latest_only.py took 0.226 seconds
[2024-04-25T06:03:17.332+0000] {processor.py:161} INFO - Started process (PID=481) to work on /home/airflow/.local/lib/python3.8/site-packages/airflow/example_dags/example_latest_only.py
[2024-04-25T06:03:17.336+0000] {processor.py:830} INFO - Processing file /home/airflow/.local/lib/python3.8/site-packages/airflow/example_dags/example_latest_only.py for tasks to queue
[2024-04-25T06:03:17.344+0000] {logging_mixin.py:188} INFO - [2024-04-25T06:03:17.343+0000] {dagbag.py:538} INFO - Filling up the DagBag from /home/airflow/.local/lib/python3.8/site-packages/airflow/example_dags/example_latest_only.py
[2024-04-25T06:03:17.365+0000] {processor.py:840} INFO - DAG(s) 'latest_only' retrieved from /home/airflow/.local/lib/python3.8/site-packages/airflow/example_dags/example_latest_only.py
[2024-04-25T06:03:17.436+0000] {logging_mixin.py:188} INFO - [2024-04-25T06:03:17.435+0000] {dag.py:3036} INFO - Sync 1 DAGs
[2024-04-25T06:03:17.530+0000] {logging_mixin.py:188} INFO - [2024-04-25T06:03:17.529+0000] {dag.py:3823} INFO - Setting next_dagrun for latest_only to 2024-04-25 00:00:00+00:00, run_after=2024-04-25 04:00:00+00:00
[2024-04-25T06:03:17.602+0000] {processor.py:183} INFO - Processing /home/airflow/.local/lib/python3.8/site-packages/airflow/example_dags/example_latest_only.py took 0.279 seconds
[2024-04-25T06:03:48.052+0000] {processor.py:161} INFO - Started process (PID=540) to work on /home/airflow/.local/lib/python3.8/site-packages/airflow/example_dags/example_latest_only.py
[2024-04-25T06:03:48.056+0000] {processor.py:830} INFO - Processing file /home/airflow/.local/lib/python3.8/site-packages/airflow/example_dags/example_latest_only.py for tasks to queue
[2024-04-25T06:03:48.060+0000] {logging_mixin.py:188} INFO - [2024-04-25T06:03:48.060+0000] {dagbag.py:538} INFO - Filling up the DagBag from /home/airflow/.local/lib/python3.8/site-packages/airflow/example_dags/example_latest_only.py
[2024-04-25T06:03:48.074+0000] {processor.py:840} INFO - DAG(s) 'latest_only' retrieved from /home/airflow/.local/lib/python3.8/site-packages/airflow/example_dags/example_latest_only.py
[2024-04-25T06:03:48.137+0000] {logging_mixin.py:188} INFO - [2024-04-25T06:03:48.136+0000] {dag.py:3036} INFO - Sync 1 DAGs
[2024-04-25T06:03:48.199+0000] {logging_mixin.py:188} INFO - [2024-04-25T06:03:48.199+0000] {dag.py:3823} INFO - Setting next_dagrun for latest_only to 2024-04-25 00:00:00+00:00, run_after=2024-04-25 04:00:00+00:00
[2024-04-25T06:03:48.260+0000] {processor.py:183} INFO - Processing /home/airflow/.local/lib/python3.8/site-packages/airflow/example_dags/example_latest_only.py took 0.215 seconds
[2024-04-25T06:04:18.676+0000] {processor.py:161} INFO - Started process (PID=599) to work on /home/airflow/.local/lib/python3.8/site-packages/airflow/example_dags/example_latest_only.py
[2024-04-25T06:04:18.679+0000] {processor.py:830} INFO - Processing file /home/airflow/.local/lib/python3.8/site-packages/airflow/example_dags/example_latest_only.py for tasks to queue
[2024-04-25T06:04:18.683+0000] {logging_mixin.py:188} INFO - [2024-04-25T06:04:18.683+0000] {dagbag.py:538} INFO - Filling up the DagBag from /home/airflow/.local/lib/python3.8/site-packages/airflow/example_dags/example_latest_only.py
[2024-04-25T06:04:18.695+0000] {processor.py:840} INFO - DAG(s) 'latest_only' retrieved from /home/airflow/.local/lib/python3.8/site-packages/airflow/example_dags/example_latest_only.py
[2024-04-25T06:04:18.739+0000] {logging_mixin.py:188} INFO - [2024-04-25T06:04:18.739+0000] {dag.py:3036} INFO - Sync 1 DAGs
[2024-04-25T06:04:18.805+0000] {logging_mixin.py:188} INFO - [2024-04-25T06:04:18.804+0000] {dag.py:3823} INFO - Setting next_dagrun for latest_only to 2024-04-25 00:00:00+00:00, run_after=2024-04-25 04:00:00+00:00
[2024-04-25T06:04:18.864+0000] {processor.py:183} INFO - Processing /home/airflow/.local/lib/python3.8/site-packages/airflow/example_dags/example_latest_only.py took 0.195 seconds
[2024-04-25T06:04:49.050+0000] {processor.py:161} INFO - Started process (PID=658) to work on /home/airflow/.local/lib/python3.8/site-packages/airflow/example_dags/example_latest_only.py
[2024-04-25T06:04:49.052+0000] {processor.py:830} INFO - Processing file /home/airflow/.local/lib/python3.8/site-packages/airflow/example_dags/example_latest_only.py for tasks to queue
[2024-04-25T06:04:49.055+0000] {logging_mixin.py:188} INFO - [2024-04-25T06:04:49.054+0000] {dagbag.py:538} INFO - Filling up the DagBag from /home/airflow/.local/lib/python3.8/site-packages/airflow/example_dags/example_latest_only.py
[2024-04-25T06:04:49.064+0000] {processor.py:840} INFO - DAG(s) 'latest_only' retrieved from /home/airflow/.local/lib/python3.8/site-packages/airflow/example_dags/example_latest_only.py
[2024-04-25T06:04:49.102+0000] {logging_mixin.py:188} INFO - [2024-04-25T06:04:49.102+0000] {dag.py:3036} INFO - Sync 1 DAGs
[2024-04-25T06:04:49.156+0000] {logging_mixin.py:188} INFO - [2024-04-25T06:04:49.155+0000] {dag.py:3823} INFO - Setting next_dagrun for latest_only to 2024-04-25 00:00:00+00:00, run_after=2024-04-25 04:00:00+00:00
[2024-04-25T06:04:49.201+0000] {processor.py:183} INFO - Processing /home/airflow/.local/lib/python3.8/site-packages/airflow/example_dags/example_latest_only.py took 0.156 seconds
[2024-04-25T06:05:20.903+0000] {processor.py:161} INFO - Started process (PID=717) to work on /home/airflow/.local/lib/python3.8/site-packages/airflow/example_dags/example_latest_only.py
[2024-04-25T06:05:20.926+0000] {processor.py:830} INFO - Processing file /home/airflow/.local/lib/python3.8/site-packages/airflow/example_dags/example_latest_only.py for tasks to queue
[2024-04-25T06:05:20.939+0000] {logging_mixin.py:188} INFO - [2024-04-25T06:05:20.938+0000] {dagbag.py:538} INFO - Filling up the DagBag from /home/airflow/.local/lib/python3.8/site-packages/airflow/example_dags/example_latest_only.py
[2024-04-25T06:05:20.983+0000] {processor.py:840} INFO - DAG(s) 'latest_only' retrieved from /home/airflow/.local/lib/python3.8/site-packages/airflow/example_dags/example_latest_only.py
[2024-04-25T06:05:21.136+0000] {logging_mixin.py:188} INFO - [2024-04-25T06:05:21.135+0000] {dag.py:3036} INFO - Sync 1 DAGs
[2024-04-25T06:05:21.449+0000] {logging_mixin.py:188} INFO - [2024-04-25T06:05:21.448+0000] {dag.py:3823} INFO - Setting next_dagrun for latest_only to 2024-04-25 00:00:00+00:00, run_after=2024-04-25 04:00:00+00:00
[2024-04-25T06:05:21.567+0000] {processor.py:183} INFO - Processing /home/airflow/.local/lib/python3.8/site-packages/airflow/example_dags/example_latest_only.py took 0.684 seconds
[2024-04-25T06:05:52.457+0000] {processor.py:161} INFO - Started process (PID=776) to work on /home/airflow/.local/lib/python3.8/site-packages/airflow/example_dags/example_latest_only.py
[2024-04-25T06:05:52.460+0000] {processor.py:830} INFO - Processing file /home/airflow/.local/lib/python3.8/site-packages/airflow/example_dags/example_latest_only.py for tasks to queue
[2024-04-25T06:05:52.463+0000] {logging_mixin.py:188} INFO - [2024-04-25T06:05:52.462+0000] {dagbag.py:538} INFO - Filling up the DagBag from /home/airflow/.local/lib/python3.8/site-packages/airflow/example_dags/example_latest_only.py
[2024-04-25T06:05:52.471+0000] {processor.py:840} INFO - DAG(s) 'latest_only' retrieved from /home/airflow/.local/lib/python3.8/site-packages/airflow/example_dags/example_latest_only.py
[2024-04-25T06:05:52.508+0000] {logging_mixin.py:188} INFO - [2024-04-25T06:05:52.508+0000] {dag.py:3036} INFO - Sync 1 DAGs
[2024-04-25T06:05:52.551+0000] {logging_mixin.py:188} INFO - [2024-04-25T06:05:52.550+0000] {dag.py:3823} INFO - Setting next_dagrun for latest_only to 2024-04-25 00:00:00+00:00, run_after=2024-04-25 04:00:00+00:00
[2024-04-25T06:05:52.598+0000] {processor.py:183} INFO - Processing /home/airflow/.local/lib/python3.8/site-packages/airflow/example_dags/example_latest_only.py took 0.145 seconds
[2024-04-25T06:06:23.392+0000] {processor.py:161} INFO - Started process (PID=835) to work on /home/airflow/.local/lib/python3.8/site-packages/airflow/example_dags/example_latest_only.py
[2024-04-25T06:06:23.395+0000] {processor.py:830} INFO - Processing file /home/airflow/.local/lib/python3.8/site-packages/airflow/example_dags/example_latest_only.py for tasks to queue
[2024-04-25T06:06:23.399+0000] {logging_mixin.py:188} INFO - [2024-04-25T06:06:23.398+0000] {dagbag.py:538} INFO - Filling up the DagBag from /home/airflow/.local/lib/python3.8/site-packages/airflow/example_dags/example_latest_only.py
[2024-04-25T06:06:23.409+0000] {processor.py:840} INFO - DAG(s) 'latest_only' retrieved from /home/airflow/.local/lib/python3.8/site-packages/airflow/example_dags/example_latest_only.py
[2024-04-25T06:06:23.449+0000] {logging_mixin.py:188} INFO - [2024-04-25T06:06:23.449+0000] {dag.py:3036} INFO - Sync 1 DAGs
[2024-04-25T06:06:23.475+0000] {logging_mixin.py:188} INFO - [2024-04-25T06:06:23.475+0000] {dag.py:3823} INFO - Setting next_dagrun for latest_only to 2024-04-25 00:00:00+00:00, run_after=2024-04-25 04:00:00+00:00
[2024-04-25T06:06:23.500+0000] {processor.py:183} INFO - Processing /home/airflow/.local/lib/python3.8/site-packages/airflow/example_dags/example_latest_only.py took 0.114 seconds
[2024-04-25T06:06:54.195+0000] {processor.py:161} INFO - Started process (PID=894) to work on /home/airflow/.local/lib/python3.8/site-packages/airflow/example_dags/example_latest_only.py
[2024-04-25T06:06:54.218+0000] {processor.py:830} INFO - Processing file /home/airflow/.local/lib/python3.8/site-packages/airflow/example_dags/example_latest_only.py for tasks to queue
[2024-04-25T06:06:54.233+0000] {logging_mixin.py:188} INFO - [2024-04-25T06:06:54.229+0000] {dagbag.py:538} INFO - Filling up the DagBag from /home/airflow/.local/lib/python3.8/site-packages/airflow/example_dags/example_latest_only.py
[2024-04-25T06:06:54.257+0000] {processor.py:840} INFO - DAG(s) 'latest_only' retrieved from /home/airflow/.local/lib/python3.8/site-packages/airflow/example_dags/example_latest_only.py
[2024-04-25T06:06:54.393+0000] {logging_mixin.py:188} INFO - [2024-04-25T06:06:54.392+0000] {dag.py:3036} INFO - Sync 1 DAGs
[2024-04-25T06:06:54.634+0000] {logging_mixin.py:188} INFO - [2024-04-25T06:06:54.633+0000] {dag.py:3823} INFO - Setting next_dagrun for latest_only to 2024-04-25 00:00:00+00:00, run_after=2024-04-25 04:00:00+00:00
[2024-04-25T06:06:54.721+0000] {processor.py:183} INFO - Processing /home/airflow/.local/lib/python3.8/site-packages/airflow/example_dags/example_latest_only.py took 0.544 seconds
[2024-04-25T06:07:25.643+0000] {processor.py:161} INFO - Started process (PID=953) to work on /home/airflow/.local/lib/python3.8/site-packages/airflow/example_dags/example_latest_only.py
[2024-04-25T06:07:25.644+0000] {processor.py:830} INFO - Processing file /home/airflow/.local/lib/python3.8/site-packages/airflow/example_dags/example_latest_only.py for tasks to queue
[2024-04-25T06:07:25.647+0000] {logging_mixin.py:188} INFO - [2024-04-25T06:07:25.646+0000] {dagbag.py:538} INFO - Filling up the DagBag from /home/airflow/.local/lib/python3.8/site-packages/airflow/example_dags/example_latest_only.py
[2024-04-25T06:07:25.653+0000] {processor.py:840} INFO - DAG(s) 'latest_only' retrieved from /home/airflow/.local/lib/python3.8/site-packages/airflow/example_dags/example_latest_only.py
[2024-04-25T06:07:25.688+0000] {logging_mixin.py:188} INFO - [2024-04-25T06:07:25.688+0000] {dag.py:3036} INFO - Sync 1 DAGs
[2024-04-25T06:07:25.729+0000] {logging_mixin.py:188} INFO - [2024-04-25T06:07:25.729+0000] {dag.py:3823} INFO - Setting next_dagrun for latest_only to 2024-04-25 00:00:00+00:00, run_after=2024-04-25 04:00:00+00:00
[2024-04-25T06:07:25.769+0000] {processor.py:183} INFO - Processing /home/airflow/.local/lib/python3.8/site-packages/airflow/example_dags/example_latest_only.py took 0.132 seconds
[2024-04-25T06:07:56.369+0000] {processor.py:161} INFO - Started process (PID=1012) to work on /home/airflow/.local/lib/python3.8/site-packages/airflow/example_dags/example_latest_only.py
[2024-04-25T06:07:56.373+0000] {processor.py:830} INFO - Processing file /home/airflow/.local/lib/python3.8/site-packages/airflow/example_dags/example_latest_only.py for tasks to queue
[2024-04-25T06:07:56.381+0000] {logging_mixin.py:188} INFO - [2024-04-25T06:07:56.379+0000] {dagbag.py:538} INFO - Filling up the DagBag from /home/airflow/.local/lib/python3.8/site-packages/airflow/example_dags/example_latest_only.py
[2024-04-25T06:07:56.399+0000] {processor.py:840} INFO - DAG(s) 'latest_only' retrieved from /home/airflow/.local/lib/python3.8/site-packages/airflow/example_dags/example_latest_only.py
[2024-04-25T06:07:56.471+0000] {logging_mixin.py:188} INFO - [2024-04-25T06:07:56.470+0000] {dag.py:3036} INFO - Sync 1 DAGs
[2024-04-25T06:07:56.534+0000] {logging_mixin.py:188} INFO - [2024-04-25T06:07:56.533+0000] {dag.py:3823} INFO - Setting next_dagrun for latest_only to 2024-04-25 00:00:00+00:00, run_after=2024-04-25 04:00:00+00:00
[2024-04-25T06:07:56.590+0000] {processor.py:183} INFO - Processing /home/airflow/.local/lib/python3.8/site-packages/airflow/example_dags/example_latest_only.py took 0.235 seconds
[2024-04-25T06:08:26.747+0000] {processor.py:161} INFO - Started process (PID=1071) to work on /home/airflow/.local/lib/python3.8/site-packages/airflow/example_dags/example_latest_only.py
[2024-04-25T06:08:26.750+0000] {processor.py:830} INFO - Processing file /home/airflow/.local/lib/python3.8/site-packages/airflow/example_dags/example_latest_only.py for tasks to queue
[2024-04-25T06:08:26.754+0000] {logging_mixin.py:188} INFO - [2024-04-25T06:08:26.753+0000] {dagbag.py:538} INFO - Filling up the DagBag from /home/airflow/.local/lib/python3.8/site-packages/airflow/example_dags/example_latest_only.py
[2024-04-25T06:08:26.766+0000] {processor.py:840} INFO - DAG(s) 'latest_only' retrieved from /home/airflow/.local/lib/python3.8/site-packages/airflow/example_dags/example_latest_only.py
[2024-04-25T06:08:26.803+0000] {logging_mixin.py:188} INFO - [2024-04-25T06:08:26.803+0000] {dag.py:3036} INFO - Sync 1 DAGs
[2024-04-25T06:08:26.832+0000] {logging_mixin.py:188} INFO - [2024-04-25T06:08:26.832+0000] {dag.py:3823} INFO - Setting next_dagrun for latest_only to 2024-04-25 00:00:00+00:00, run_after=2024-04-25 04:00:00+00:00
[2024-04-25T06:08:26.868+0000] {processor.py:183} INFO - Processing /home/airflow/.local/lib/python3.8/site-packages/airflow/example_dags/example_latest_only.py took 0.128 seconds
[2024-04-25T06:08:57.812+0000] {processor.py:161} INFO - Started process (PID=1130) to work on /home/airflow/.local/lib/python3.8/site-packages/airflow/example_dags/example_latest_only.py
[2024-04-25T06:08:57.817+0000] {processor.py:830} INFO - Processing file /home/airflow/.local/lib/python3.8/site-packages/airflow/example_dags/example_latest_only.py for tasks to queue
[2024-04-25T06:08:57.828+0000] {logging_mixin.py:188} INFO - [2024-04-25T06:08:57.827+0000] {dagbag.py:538} INFO - Filling up the DagBag from /home/airflow/.local/lib/python3.8/site-packages/airflow/example_dags/example_latest_only.py
[2024-04-25T06:08:57.853+0000] {processor.py:840} INFO - DAG(s) 'latest_only' retrieved from /home/airflow/.local/lib/python3.8/site-packages/airflow/example_dags/example_latest_only.py
[2024-04-25T06:08:57.947+0000] {logging_mixin.py:188} INFO - [2024-04-25T06:08:57.946+0000] {dag.py:3036} INFO - Sync 1 DAGs
[2024-04-25T06:08:58.161+0000] {logging_mixin.py:188} INFO - [2024-04-25T06:08:58.160+0000] {dag.py:3823} INFO - Setting next_dagrun for latest_only to 2024-04-25 00:00:00+00:00, run_after=2024-04-25 04:00:00+00:00
[2024-04-25T06:08:58.230+0000] {processor.py:183} INFO - Processing /home/airflow/.local/lib/python3.8/site-packages/airflow/example_dags/example_latest_only.py took 0.430 seconds
[2024-04-25T06:09:29.031+0000] {processor.py:161} INFO - Started process (PID=1189) to work on /home/airflow/.local/lib/python3.8/site-packages/airflow/example_dags/example_latest_only.py
[2024-04-25T06:09:29.034+0000] {processor.py:830} INFO - Processing file /home/airflow/.local/lib/python3.8/site-packages/airflow/example_dags/example_latest_only.py for tasks to queue
[2024-04-25T06:09:29.038+0000] {logging_mixin.py:188} INFO - [2024-04-25T06:09:29.037+0000] {dagbag.py:538} INFO - Filling up the DagBag from /home/airflow/.local/lib/python3.8/site-packages/airflow/example_dags/example_latest_only.py
[2024-04-25T06:09:29.048+0000] {processor.py:840} INFO - DAG(s) 'latest_only' retrieved from /home/airflow/.local/lib/python3.8/site-packages/airflow/example_dags/example_latest_only.py
[2024-04-25T06:09:29.081+0000] {logging_mixin.py:188} INFO - [2024-04-25T06:09:29.081+0000] {dag.py:3036} INFO - Sync 1 DAGs
[2024-04-25T06:09:29.109+0000] {logging_mixin.py:188} INFO - [2024-04-25T06:09:29.109+0000] {dag.py:3823} INFO - Setting next_dagrun for latest_only to 2024-04-25 00:00:00+00:00, run_after=2024-04-25 04:00:00+00:00
[2024-04-25T06:09:29.140+0000] {processor.py:183} INFO - Processing /home/airflow/.local/lib/python3.8/site-packages/airflow/example_dags/example_latest_only.py took 0.115 seconds
[2024-04-25T06:09:59.981+0000] {processor.py:161} INFO - Started process (PID=1248) to work on /home/airflow/.local/lib/python3.8/site-packages/airflow/example_dags/example_latest_only.py
[2024-04-25T06:09:59.984+0000] {processor.py:830} INFO - Processing file /home/airflow/.local/lib/python3.8/site-packages/airflow/example_dags/example_latest_only.py for tasks to queue
[2024-04-25T06:09:59.991+0000] {logging_mixin.py:188} INFO - [2024-04-25T06:09:59.991+0000] {dagbag.py:538} INFO - Filling up the DagBag from /home/airflow/.local/lib/python3.8/site-packages/airflow/example_dags/example_latest_only.py
[2024-04-25T06:10:00.015+0000] {processor.py:840} INFO - DAG(s) 'latest_only' retrieved from /home/airflow/.local/lib/python3.8/site-packages/airflow/example_dags/example_latest_only.py
[2024-04-25T06:10:00.171+0000] {logging_mixin.py:188} INFO - [2024-04-25T06:10:00.170+0000] {dag.py:3036} INFO - Sync 1 DAGs
[2024-04-25T06:10:00.405+0000] {logging_mixin.py:188} INFO - [2024-04-25T06:10:00.404+0000] {dag.py:3823} INFO - Setting next_dagrun for latest_only to 2024-04-25 00:00:00+00:00, run_after=2024-04-25 04:00:00+00:00
[2024-04-25T06:10:00.597+0000] {processor.py:183} INFO - Processing /home/airflow/.local/lib/python3.8/site-packages/airflow/example_dags/example_latest_only.py took 0.625 seconds
[2024-04-25T06:10:31.645+0000] {processor.py:161} INFO - Started process (PID=1307) to work on /home/airflow/.local/lib/python3.8/site-packages/airflow/example_dags/example_latest_only.py
[2024-04-25T06:10:31.648+0000] {processor.py:830} INFO - Processing file /home/airflow/.local/lib/python3.8/site-packages/airflow/example_dags/example_latest_only.py for tasks to queue
[2024-04-25T06:10:31.656+0000] {logging_mixin.py:188} INFO - [2024-04-25T06:10:31.655+0000] {dagbag.py:538} INFO - Filling up the DagBag from /home/airflow/.local/lib/python3.8/site-packages/airflow/example_dags/example_latest_only.py
[2024-04-25T06:10:31.674+0000] {processor.py:840} INFO - DAG(s) 'latest_only' retrieved from /home/airflow/.local/lib/python3.8/site-packages/airflow/example_dags/example_latest_only.py
[2024-04-25T06:10:31.786+0000] {logging_mixin.py:188} INFO - [2024-04-25T06:10:31.785+0000] {dag.py:3036} INFO - Sync 1 DAGs
[2024-04-25T06:10:31.895+0000] {logging_mixin.py:188} INFO - [2024-04-25T06:10:31.894+0000] {dag.py:3823} INFO - Setting next_dagrun for latest_only to 2024-04-25 00:00:00+00:00, run_after=2024-04-25 04:00:00+00:00
[2024-04-25T06:10:31.946+0000] {processor.py:183} INFO - Processing /home/airflow/.local/lib/python3.8/site-packages/airflow/example_dags/example_latest_only.py took 0.308 seconds
[2024-04-25T06:53:11.355+0000] {processor.py:161} INFO - Started process (PID=136) to work on /home/airflow/.local/lib/python3.8/site-packages/airflow/example_dags/example_latest_only.py
[2024-04-25T06:53:11.360+0000] {processor.py:830} INFO - Processing file /home/airflow/.local/lib/python3.8/site-packages/airflow/example_dags/example_latest_only.py for tasks to queue
[2024-04-25T06:53:11.369+0000] {logging_mixin.py:188} INFO - [2024-04-25T06:53:11.368+0000] {dagbag.py:538} INFO - Filling up the DagBag from /home/airflow/.local/lib/python3.8/site-packages/airflow/example_dags/example_latest_only.py
[2024-04-25T06:53:11.395+0000] {processor.py:840} INFO - DAG(s) 'latest_only' retrieved from /home/airflow/.local/lib/python3.8/site-packages/airflow/example_dags/example_latest_only.py
[2024-04-25T06:53:12.048+0000] {logging_mixin.py:188} INFO - [2024-04-25T06:53:12.047+0000] {dag.py:3036} INFO - Sync 1 DAGs
[2024-04-25T06:53:12.177+0000] {logging_mixin.py:188} INFO - [2024-04-25T06:53:12.176+0000] {dag.py:3823} INFO - Setting next_dagrun for latest_only to 2024-04-25 00:00:00+00:00, run_after=2024-04-25 04:00:00+00:00
[2024-04-25T06:53:12.286+0000] {processor.py:183} INFO - Processing /home/airflow/.local/lib/python3.8/site-packages/airflow/example_dags/example_latest_only.py took 0.946 seconds
[2024-04-25T06:53:50.741+0000] {processor.py:161} INFO - Started process (PID=206) to work on /home/airflow/.local/lib/python3.8/site-packages/airflow/example_dags/example_latest_only.py
[2024-04-25T06:53:50.769+0000] {processor.py:830} INFO - Processing file /home/airflow/.local/lib/python3.8/site-packages/airflow/example_dags/example_latest_only.py for tasks to queue
[2024-04-25T06:53:50.778+0000] {logging_mixin.py:188} INFO - [2024-04-25T06:53:50.777+0000] {dagbag.py:538} INFO - Filling up the DagBag from /home/airflow/.local/lib/python3.8/site-packages/airflow/example_dags/example_latest_only.py
[2024-04-25T06:53:50.824+0000] {processor.py:840} INFO - DAG(s) 'latest_only' retrieved from /home/airflow/.local/lib/python3.8/site-packages/airflow/example_dags/example_latest_only.py
[2024-04-25T06:53:51.008+0000] {logging_mixin.py:188} INFO - [2024-04-25T06:53:51.007+0000] {dag.py:3036} INFO - Sync 1 DAGs
[2024-04-25T06:53:51.225+0000] {logging_mixin.py:188} INFO - [2024-04-25T06:53:51.224+0000] {dag.py:3823} INFO - Setting next_dagrun for latest_only to 2024-04-25 00:00:00+00:00, run_after=2024-04-25 04:00:00+00:00
[2024-04-25T06:53:51.472+0000] {processor.py:183} INFO - Processing /home/airflow/.local/lib/python3.8/site-packages/airflow/example_dags/example_latest_only.py took 0.755 seconds
[2024-04-25T06:54:22.182+0000] {processor.py:161} INFO - Started process (PID=276) to work on /home/airflow/.local/lib/python3.8/site-packages/airflow/example_dags/example_latest_only.py
[2024-04-25T06:54:22.188+0000] {processor.py:830} INFO - Processing file /home/airflow/.local/lib/python3.8/site-packages/airflow/example_dags/example_latest_only.py for tasks to queue
[2024-04-25T06:54:22.207+0000] {logging_mixin.py:188} INFO - [2024-04-25T06:54:22.204+0000] {dagbag.py:538} INFO - Filling up the DagBag from /home/airflow/.local/lib/python3.8/site-packages/airflow/example_dags/example_latest_only.py
[2024-04-25T06:54:22.242+0000] {processor.py:840} INFO - DAG(s) 'latest_only' retrieved from /home/airflow/.local/lib/python3.8/site-packages/airflow/example_dags/example_latest_only.py
[2024-04-25T06:54:22.476+0000] {logging_mixin.py:188} INFO - [2024-04-25T06:54:22.476+0000] {dag.py:3036} INFO - Sync 1 DAGs
[2024-04-25T06:54:22.739+0000] {logging_mixin.py:188} INFO - [2024-04-25T06:54:22.738+0000] {dag.py:3823} INFO - Setting next_dagrun for latest_only to 2024-04-25 00:00:00+00:00, run_after=2024-04-25 04:00:00+00:00
[2024-04-25T06:54:23.333+0000] {processor.py:183} INFO - Processing /home/airflow/.local/lib/python3.8/site-packages/airflow/example_dags/example_latest_only.py took 1.165 seconds
[2024-04-25T06:54:57.575+0000] {processor.py:161} INFO - Started process (PID=346) to work on /home/airflow/.local/lib/python3.8/site-packages/airflow/example_dags/example_latest_only.py
[2024-04-25T06:54:57.583+0000] {processor.py:830} INFO - Processing file /home/airflow/.local/lib/python3.8/site-packages/airflow/example_dags/example_latest_only.py for tasks to queue
[2024-04-25T06:54:57.595+0000] {logging_mixin.py:188} INFO - [2024-04-25T06:54:57.594+0000] {dagbag.py:538} INFO - Filling up the DagBag from /home/airflow/.local/lib/python3.8/site-packages/airflow/example_dags/example_latest_only.py
[2024-04-25T06:54:57.621+0000] {processor.py:840} INFO - DAG(s) 'latest_only' retrieved from /home/airflow/.local/lib/python3.8/site-packages/airflow/example_dags/example_latest_only.py
[2024-04-25T06:54:57.766+0000] {logging_mixin.py:188} INFO - [2024-04-25T06:54:57.765+0000] {dag.py:3036} INFO - Sync 1 DAGs
[2024-04-25T06:54:57.984+0000] {logging_mixin.py:188} INFO - [2024-04-25T06:54:57.983+0000] {dag.py:3823} INFO - Setting next_dagrun for latest_only to 2024-04-25 00:00:00+00:00, run_after=2024-04-25 04:00:00+00:00
[2024-04-25T06:54:58.121+0000] {processor.py:183} INFO - Processing /home/airflow/.local/lib/python3.8/site-packages/airflow/example_dags/example_latest_only.py took 0.568 seconds
[2024-04-25T06:55:29.571+0000] {processor.py:161} INFO - Started process (PID=415) to work on /home/airflow/.local/lib/python3.8/site-packages/airflow/example_dags/example_latest_only.py
[2024-04-25T06:55:29.576+0000] {processor.py:830} INFO - Processing file /home/airflow/.local/lib/python3.8/site-packages/airflow/example_dags/example_latest_only.py for tasks to queue
[2024-04-25T06:55:29.585+0000] {logging_mixin.py:188} INFO - [2024-04-25T06:55:29.584+0000] {dagbag.py:538} INFO - Filling up the DagBag from /home/airflow/.local/lib/python3.8/site-packages/airflow/example_dags/example_latest_only.py
[2024-04-25T06:55:29.605+0000] {processor.py:840} INFO - DAG(s) 'latest_only' retrieved from /home/airflow/.local/lib/python3.8/site-packages/airflow/example_dags/example_latest_only.py
[2024-04-25T06:55:29.760+0000] {logging_mixin.py:188} INFO - [2024-04-25T06:55:29.742+0000] {dag.py:3036} INFO - Sync 1 DAGs
[2024-04-25T06:55:29.897+0000] {logging_mixin.py:188} INFO - [2024-04-25T06:55:29.896+0000] {dag.py:3823} INFO - Setting next_dagrun for latest_only to 2024-04-25 00:00:00+00:00, run_after=2024-04-25 04:00:00+00:00
[2024-04-25T06:55:30.047+0000] {processor.py:183} INFO - Processing /home/airflow/.local/lib/python3.8/site-packages/airflow/example_dags/example_latest_only.py took 0.490 seconds
[2024-04-25T06:56:07.075+0000] {processor.py:161} INFO - Started process (PID=485) to work on /home/airflow/.local/lib/python3.8/site-packages/airflow/example_dags/example_latest_only.py
[2024-04-25T06:56:07.082+0000] {processor.py:830} INFO - Processing file /home/airflow/.local/lib/python3.8/site-packages/airflow/example_dags/example_latest_only.py for tasks to queue
[2024-04-25T06:56:07.090+0000] {logging_mixin.py:188} INFO - [2024-04-25T06:56:07.089+0000] {dagbag.py:538} INFO - Filling up the DagBag from /home/airflow/.local/lib/python3.8/site-packages/airflow/example_dags/example_latest_only.py
[2024-04-25T06:56:07.114+0000] {processor.py:840} INFO - DAG(s) 'latest_only' retrieved from /home/airflow/.local/lib/python3.8/site-packages/airflow/example_dags/example_latest_only.py
[2024-04-25T06:56:07.217+0000] {logging_mixin.py:188} INFO - [2024-04-25T06:56:07.216+0000] {dag.py:3036} INFO - Sync 1 DAGs
[2024-04-25T06:56:07.320+0000] {logging_mixin.py:188} INFO - [2024-04-25T06:56:07.319+0000] {dag.py:3823} INFO - Setting next_dagrun for latest_only to 2024-04-25 00:00:00+00:00, run_after=2024-04-25 04:00:00+00:00
[2024-04-25T06:56:07.408+0000] {processor.py:183} INFO - Processing /home/airflow/.local/lib/python3.8/site-packages/airflow/example_dags/example_latest_only.py took 0.376 seconds
[2024-04-25T06:56:46.946+0000] {processor.py:161} INFO - Started process (PID=563) to work on /home/airflow/.local/lib/python3.8/site-packages/airflow/example_dags/example_latest_only.py
[2024-04-25T06:56:46.950+0000] {processor.py:830} INFO - Processing file /home/airflow/.local/lib/python3.8/site-packages/airflow/example_dags/example_latest_only.py for tasks to queue
[2024-04-25T06:56:46.958+0000] {logging_mixin.py:188} INFO - [2024-04-25T06:56:46.956+0000] {dagbag.py:538} INFO - Filling up the DagBag from /home/airflow/.local/lib/python3.8/site-packages/airflow/example_dags/example_latest_only.py
[2024-04-25T06:56:46.982+0000] {processor.py:840} INFO - DAG(s) 'latest_only' retrieved from /home/airflow/.local/lib/python3.8/site-packages/airflow/example_dags/example_latest_only.py
[2024-04-25T06:56:47.067+0000] {logging_mixin.py:188} INFO - [2024-04-25T06:56:47.067+0000] {dag.py:3036} INFO - Sync 1 DAGs
[2024-04-25T06:56:47.170+0000] {logging_mixin.py:188} INFO - [2024-04-25T06:56:47.169+0000] {dag.py:3823} INFO - Setting next_dagrun for latest_only to 2024-04-25 00:00:00+00:00, run_after=2024-04-25 04:00:00+00:00
[2024-04-25T06:56:47.678+0000] {processor.py:183} INFO - Processing /home/airflow/.local/lib/python3.8/site-packages/airflow/example_dags/example_latest_only.py took 0.745 seconds
[2024-04-25T06:59:27.835+0000] {processor.py:161} INFO - Started process (PID=675) to work on /home/airflow/.local/lib/python3.8/site-packages/airflow/example_dags/example_latest_only.py
[2024-04-25T06:59:27.988+0000] {processor.py:830} INFO - Processing file /home/airflow/.local/lib/python3.8/site-packages/airflow/example_dags/example_latest_only.py for tasks to queue
[2024-04-25T06:59:28.050+0000] {logging_mixin.py:188} INFO - [2024-04-25T06:59:28.048+0000] {dagbag.py:538} INFO - Filling up the DagBag from /home/airflow/.local/lib/python3.8/site-packages/airflow/example_dags/example_latest_only.py
[2024-04-25T06:59:28.460+0000] {processor.py:840} INFO - DAG(s) 'latest_only' retrieved from /home/airflow/.local/lib/python3.8/site-packages/airflow/example_dags/example_latest_only.py
[2024-04-25T06:59:34.161+0000] {logging_mixin.py:188} INFO - [2024-04-25T06:59:34.157+0000] {dag.py:3036} INFO - Sync 1 DAGs
[2024-04-25T06:59:46.895+0000] {logging_mixin.py:188} INFO - [2024-04-25T06:59:46.513+0000] {dag.py:3823} INFO - Setting next_dagrun for latest_only to 2024-04-25 00:00:00+00:00, run_after=2024-04-25 04:00:00+00:00
[2024-04-25T06:59:53.254+0000] {processor.py:183} INFO - Processing /home/airflow/.local/lib/python3.8/site-packages/airflow/example_dags/example_latest_only.py took 25.610 seconds
[2024-04-25T07:51:15.167+0000] {processor.py:161} INFO - Started process (PID=89) to work on /home/airflow/.local/lib/python3.8/site-packages/airflow/example_dags/example_latest_only.py
[2024-04-25T07:51:15.172+0000] {processor.py:830} INFO - Processing file /home/airflow/.local/lib/python3.8/site-packages/airflow/example_dags/example_latest_only.py for tasks to queue
[2024-04-25T07:51:15.178+0000] {logging_mixin.py:188} INFO - [2024-04-25T07:51:15.177+0000] {dagbag.py:538} INFO - Filling up the DagBag from /home/airflow/.local/lib/python3.8/site-packages/airflow/example_dags/example_latest_only.py
[2024-04-25T07:51:15.191+0000] {processor.py:840} INFO - DAG(s) 'latest_only' retrieved from /home/airflow/.local/lib/python3.8/site-packages/airflow/example_dags/example_latest_only.py
[2024-04-25T07:51:15.469+0000] {logging_mixin.py:188} INFO - [2024-04-25T07:51:15.469+0000] {dag.py:3036} INFO - Sync 1 DAGs
[2024-04-25T07:51:15.517+0000] {logging_mixin.py:188} INFO - [2024-04-25T07:51:15.517+0000] {dag.py:3823} INFO - Setting next_dagrun for latest_only to 2024-04-25 00:00:00+00:00, run_after=2024-04-25 04:00:00+00:00
[2024-04-25T07:51:15.567+0000] {processor.py:183} INFO - Processing /home/airflow/.local/lib/python3.8/site-packages/airflow/example_dags/example_latest_only.py took 0.412 seconds
[2024-04-25T07:51:52.374+0000] {processor.py:161} INFO - Started process (PID=159) to work on /home/airflow/.local/lib/python3.8/site-packages/airflow/example_dags/example_latest_only.py
[2024-04-25T07:51:52.389+0000] {processor.py:830} INFO - Processing file /home/airflow/.local/lib/python3.8/site-packages/airflow/example_dags/example_latest_only.py for tasks to queue
[2024-04-25T07:51:52.407+0000] {logging_mixin.py:188} INFO - [2024-04-25T07:51:52.406+0000] {dagbag.py:538} INFO - Filling up the DagBag from /home/airflow/.local/lib/python3.8/site-packages/airflow/example_dags/example_latest_only.py
[2024-04-25T07:51:52.465+0000] {processor.py:840} INFO - DAG(s) 'latest_only' retrieved from /home/airflow/.local/lib/python3.8/site-packages/airflow/example_dags/example_latest_only.py
[2024-04-25T07:51:52.715+0000] {logging_mixin.py:188} INFO - [2024-04-25T07:51:52.713+0000] {dag.py:3036} INFO - Sync 1 DAGs
[2024-04-25T07:51:53.148+0000] {logging_mixin.py:188} INFO - [2024-04-25T07:51:53.145+0000] {dag.py:3823} INFO - Setting next_dagrun for latest_only to 2024-04-25 00:00:00+00:00, run_after=2024-04-25 04:00:00+00:00
[2024-04-25T07:51:53.359+0000] {processor.py:183} INFO - Processing /home/airflow/.local/lib/python3.8/site-packages/airflow/example_dags/example_latest_only.py took 1.171 seconds
[2024-04-25T07:52:30.198+0000] {processor.py:161} INFO - Started process (PID=235) to work on /home/airflow/.local/lib/python3.8/site-packages/airflow/example_dags/example_latest_only.py
[2024-04-25T07:52:30.206+0000] {processor.py:830} INFO - Processing file /home/airflow/.local/lib/python3.8/site-packages/airflow/example_dags/example_latest_only.py for tasks to queue
[2024-04-25T07:52:30.216+0000] {logging_mixin.py:188} INFO - [2024-04-25T07:52:30.214+0000] {dagbag.py:538} INFO - Filling up the DagBag from /home/airflow/.local/lib/python3.8/site-packages/airflow/example_dags/example_latest_only.py
[2024-04-25T07:52:30.243+0000] {processor.py:840} INFO - DAG(s) 'latest_only' retrieved from /home/airflow/.local/lib/python3.8/site-packages/airflow/example_dags/example_latest_only.py
[2024-04-25T07:52:30.387+0000] {logging_mixin.py:188} INFO - [2024-04-25T07:52:30.386+0000] {dag.py:3036} INFO - Sync 1 DAGs
[2024-04-25T07:52:30.586+0000] {logging_mixin.py:188} INFO - [2024-04-25T07:52:30.586+0000] {dag.py:3823} INFO - Setting next_dagrun for latest_only to 2024-04-25 00:00:00+00:00, run_after=2024-04-25 04:00:00+00:00
[2024-04-25T07:52:30.756+0000] {processor.py:183} INFO - Processing /home/airflow/.local/lib/python3.8/site-packages/airflow/example_dags/example_latest_only.py took 0.575 seconds
[2024-04-25T07:53:01.250+0000] {processor.py:161} INFO - Started process (PID=305) to work on /home/airflow/.local/lib/python3.8/site-packages/airflow/example_dags/example_latest_only.py
[2024-04-25T07:53:01.258+0000] {processor.py:830} INFO - Processing file /home/airflow/.local/lib/python3.8/site-packages/airflow/example_dags/example_latest_only.py for tasks to queue
[2024-04-25T07:53:01.266+0000] {logging_mixin.py:188} INFO - [2024-04-25T07:53:01.265+0000] {dagbag.py:538} INFO - Filling up the DagBag from /home/airflow/.local/lib/python3.8/site-packages/airflow/example_dags/example_latest_only.py
[2024-04-25T07:53:01.285+0000] {processor.py:840} INFO - DAG(s) 'latest_only' retrieved from /home/airflow/.local/lib/python3.8/site-packages/airflow/example_dags/example_latest_only.py
[2024-04-25T07:53:01.371+0000] {logging_mixin.py:188} INFO - [2024-04-25T07:53:01.370+0000] {dag.py:3036} INFO - Sync 1 DAGs
[2024-04-25T07:53:01.483+0000] {logging_mixin.py:188} INFO - [2024-04-25T07:53:01.481+0000] {dag.py:3823} INFO - Setting next_dagrun for latest_only to 2024-04-25 00:00:00+00:00, run_after=2024-04-25 04:00:00+00:00
[2024-04-25T07:53:01.577+0000] {processor.py:183} INFO - Processing /home/airflow/.local/lib/python3.8/site-packages/airflow/example_dags/example_latest_only.py took 0.343 seconds
[2024-04-25T07:53:40.158+0000] {processor.py:161} INFO - Started process (PID=375) to work on /home/airflow/.local/lib/python3.8/site-packages/airflow/example_dags/example_latest_only.py
[2024-04-25T07:53:40.168+0000] {processor.py:830} INFO - Processing file /home/airflow/.local/lib/python3.8/site-packages/airflow/example_dags/example_latest_only.py for tasks to queue
[2024-04-25T07:53:40.176+0000] {logging_mixin.py:188} INFO - [2024-04-25T07:53:40.174+0000] {dagbag.py:538} INFO - Filling up the DagBag from /home/airflow/.local/lib/python3.8/site-packages/airflow/example_dags/example_latest_only.py
[2024-04-25T07:53:40.201+0000] {processor.py:840} INFO - DAG(s) 'latest_only' retrieved from /home/airflow/.local/lib/python3.8/site-packages/airflow/example_dags/example_latest_only.py
[2024-04-25T07:53:40.320+0000] {logging_mixin.py:188} INFO - [2024-04-25T07:53:40.319+0000] {dag.py:3036} INFO - Sync 1 DAGs
[2024-04-25T07:53:40.476+0000] {logging_mixin.py:188} INFO - [2024-04-25T07:53:40.475+0000] {dag.py:3823} INFO - Setting next_dagrun for latest_only to 2024-04-25 00:00:00+00:00, run_after=2024-04-25 04:00:00+00:00
[2024-04-25T07:53:40.630+0000] {processor.py:183} INFO - Processing /home/airflow/.local/lib/python3.8/site-packages/airflow/example_dags/example_latest_only.py took 0.499 seconds
