[2024-04-25T05:58:59.573+0000] {processor.py:161} INFO - Started process (PID=91) to work on /home/airflow/.local/lib/python3.8/site-packages/airflow/example_dags/example_bash_operator.py
[2024-04-25T05:58:59.581+0000] {processor.py:830} INFO - Processing file /home/airflow/.local/lib/python3.8/site-packages/airflow/example_dags/example_bash_operator.py for tasks to queue
[2024-04-25T05:58:59.591+0000] {logging_mixin.py:188} INFO - [2024-04-25T05:58:59.589+0000] {dagbag.py:538} INFO - Filling up the DagBag from /home/airflow/.local/lib/python3.8/site-packages/airflow/example_dags/example_bash_operator.py
[2024-04-25T05:58:59.679+0000] {processor.py:840} INFO - DAG(s) 'example_bash_operator' retrieved from /home/airflow/.local/lib/python3.8/site-packages/airflow/example_dags/example_bash_operator.py
[2024-04-25T05:59:00.800+0000] {logging_mixin.py:188} INFO - [2024-04-25T05:59:00.799+0000] {dag.py:3036} INFO - Sync 1 DAGs
[2024-04-25T05:59:00.981+0000] {logging_mixin.py:188} INFO - [2024-04-25T05:59:00.979+0000] {dag.py:3823} INFO - Setting next_dagrun for example_bash_operator to 2024-04-24 00:00:00+00:00, run_after=2024-04-25 00:00:00+00:00
[2024-04-25T05:59:01.210+0000] {processor.py:183} INFO - Processing /home/airflow/.local/lib/python3.8/site-packages/airflow/example_dags/example_bash_operator.py took 1.659 seconds
[2024-04-25T05:59:34.545+0000] {processor.py:161} INFO - Started process (PID=156) to work on /home/airflow/.local/lib/python3.8/site-packages/airflow/example_dags/example_bash_operator.py
[2024-04-25T05:59:34.551+0000] {processor.py:830} INFO - Processing file /home/airflow/.local/lib/python3.8/site-packages/airflow/example_dags/example_bash_operator.py for tasks to queue
[2024-04-25T05:59:34.560+0000] {logging_mixin.py:188} INFO - [2024-04-25T05:59:34.558+0000] {dagbag.py:538} INFO - Filling up the DagBag from /home/airflow/.local/lib/python3.8/site-packages/airflow/example_dags/example_bash_operator.py
[2024-04-25T05:59:34.800+0000] {processor.py:840} INFO - DAG(s) 'example_bash_operator' retrieved from /home/airflow/.local/lib/python3.8/site-packages/airflow/example_dags/example_bash_operator.py
[2024-04-25T05:59:35.245+0000] {logging_mixin.py:188} INFO - [2024-04-25T05:59:35.244+0000] {dag.py:3036} INFO - Sync 1 DAGs
[2024-04-25T05:59:35.528+0000] {logging_mixin.py:188} INFO - [2024-04-25T05:59:35.527+0000] {dag.py:3823} INFO - Setting next_dagrun for example_bash_operator to 2024-04-24 00:00:00+00:00, run_after=2024-04-25 00:00:00+00:00
[2024-04-25T05:59:35.721+0000] {processor.py:183} INFO - Processing /home/airflow/.local/lib/python3.8/site-packages/airflow/example_dags/example_bash_operator.py took 1.193 seconds
[2024-04-25T06:00:30.672+0000] {processor.py:161} INFO - Started process (PID=202) to work on /home/airflow/.local/lib/python3.8/site-packages/airflow/example_dags/example_bash_operator.py
[2024-04-25T06:00:30.684+0000] {processor.py:830} INFO - Processing file /home/airflow/.local/lib/python3.8/site-packages/airflow/example_dags/example_bash_operator.py for tasks to queue
[2024-04-25T06:00:30.695+0000] {logging_mixin.py:188} INFO - [2024-04-25T06:00:30.693+0000] {dagbag.py:538} INFO - Filling up the DagBag from /home/airflow/.local/lib/python3.8/site-packages/airflow/example_dags/example_bash_operator.py
[2024-04-25T06:00:30.958+0000] {processor.py:840} INFO - DAG(s) 'example_bash_operator' retrieved from /home/airflow/.local/lib/python3.8/site-packages/airflow/example_dags/example_bash_operator.py
[2024-04-25T06:00:31.365+0000] {logging_mixin.py:188} INFO - [2024-04-25T06:00:31.364+0000] {dag.py:3036} INFO - Sync 1 DAGs
[2024-04-25T06:00:31.804+0000] {logging_mixin.py:188} INFO - [2024-04-25T06:00:31.803+0000] {dag.py:3823} INFO - Setting next_dagrun for example_bash_operator to 2024-04-24 00:00:00+00:00, run_after=2024-04-25 00:00:00+00:00
[2024-04-25T06:00:32.336+0000] {processor.py:183} INFO - Processing /home/airflow/.local/lib/python3.8/site-packages/airflow/example_dags/example_bash_operator.py took 1.684 seconds
[2024-04-25T06:01:09.452+0000] {processor.py:161} INFO - Started process (PID=267) to work on /home/airflow/.local/lib/python3.8/site-packages/airflow/example_dags/example_bash_operator.py
[2024-04-25T06:01:09.458+0000] {processor.py:830} INFO - Processing file /home/airflow/.local/lib/python3.8/site-packages/airflow/example_dags/example_bash_operator.py for tasks to queue
[2024-04-25T06:01:09.494+0000] {logging_mixin.py:188} INFO - [2024-04-25T06:01:09.493+0000] {dagbag.py:538} INFO - Filling up the DagBag from /home/airflow/.local/lib/python3.8/site-packages/airflow/example_dags/example_bash_operator.py
[2024-04-25T06:01:09.615+0000] {processor.py:840} INFO - DAG(s) 'example_bash_operator' retrieved from /home/airflow/.local/lib/python3.8/site-packages/airflow/example_dags/example_bash_operator.py
[2024-04-25T06:01:09.756+0000] {logging_mixin.py:188} INFO - [2024-04-25T06:01:09.756+0000] {dag.py:3036} INFO - Sync 1 DAGs
[2024-04-25T06:01:09.925+0000] {logging_mixin.py:188} INFO - [2024-04-25T06:01:09.925+0000] {dag.py:3823} INFO - Setting next_dagrun for example_bash_operator to 2024-04-24 00:00:00+00:00, run_after=2024-04-25 00:00:00+00:00
[2024-04-25T06:01:10.021+0000] {processor.py:183} INFO - Processing /home/airflow/.local/lib/python3.8/site-packages/airflow/example_dags/example_bash_operator.py took 0.595 seconds
[2024-04-25T06:01:51.527+0000] {processor.py:161} INFO - Started process (PID=327) to work on /home/airflow/.local/lib/python3.8/site-packages/airflow/example_dags/example_bash_operator.py
[2024-04-25T06:01:51.531+0000] {processor.py:830} INFO - Processing file /home/airflow/.local/lib/python3.8/site-packages/airflow/example_dags/example_bash_operator.py for tasks to queue
[2024-04-25T06:01:51.541+0000] {logging_mixin.py:188} INFO - [2024-04-25T06:01:51.540+0000] {dagbag.py:538} INFO - Filling up the DagBag from /home/airflow/.local/lib/python3.8/site-packages/airflow/example_dags/example_bash_operator.py
[2024-04-25T06:01:51.590+0000] {processor.py:840} INFO - DAG(s) 'example_bash_operator' retrieved from /home/airflow/.local/lib/python3.8/site-packages/airflow/example_dags/example_bash_operator.py
[2024-04-25T06:01:52.065+0000] {logging_mixin.py:188} INFO - [2024-04-25T06:01:52.054+0000] {dag.py:3036} INFO - Sync 1 DAGs
[2024-04-25T06:01:52.470+0000] {logging_mixin.py:188} INFO - [2024-04-25T06:01:52.469+0000] {dag.py:3823} INFO - Setting next_dagrun for example_bash_operator to 2024-04-24 00:00:00+00:00, run_after=2024-04-25 00:00:00+00:00
[2024-04-25T06:01:52.683+0000] {processor.py:183} INFO - Processing /home/airflow/.local/lib/python3.8/site-packages/airflow/example_dags/example_bash_operator.py took 1.168 seconds
[2024-04-25T06:02:23.276+0000] {processor.py:161} INFO - Started process (PID=385) to work on /home/airflow/.local/lib/python3.8/site-packages/airflow/example_dags/example_bash_operator.py
[2024-04-25T06:02:23.284+0000] {processor.py:830} INFO - Processing file /home/airflow/.local/lib/python3.8/site-packages/airflow/example_dags/example_bash_operator.py for tasks to queue
[2024-04-25T06:02:23.293+0000] {logging_mixin.py:188} INFO - [2024-04-25T06:02:23.291+0000] {dagbag.py:538} INFO - Filling up the DagBag from /home/airflow/.local/lib/python3.8/site-packages/airflow/example_dags/example_bash_operator.py
[2024-04-25T06:02:23.363+0000] {processor.py:840} INFO - DAG(s) 'example_bash_operator' retrieved from /home/airflow/.local/lib/python3.8/site-packages/airflow/example_dags/example_bash_operator.py
[2024-04-25T06:02:23.540+0000] {logging_mixin.py:188} INFO - [2024-04-25T06:02:23.539+0000] {dag.py:3036} INFO - Sync 1 DAGs
[2024-04-25T06:02:23.617+0000] {logging_mixin.py:188} INFO - [2024-04-25T06:02:23.615+0000] {dag.py:3823} INFO - Setting next_dagrun for example_bash_operator to 2024-04-24 00:00:00+00:00, run_after=2024-04-25 00:00:00+00:00
[2024-04-25T06:02:23.716+0000] {processor.py:183} INFO - Processing /home/airflow/.local/lib/python3.8/site-packages/airflow/example_dags/example_bash_operator.py took 0.459 seconds
[2024-04-25T06:02:59.921+0000] {processor.py:161} INFO - Started process (PID=444) to work on /home/airflow/.local/lib/python3.8/site-packages/airflow/example_dags/example_bash_operator.py
[2024-04-25T06:02:59.927+0000] {processor.py:830} INFO - Processing file /home/airflow/.local/lib/python3.8/site-packages/airflow/example_dags/example_bash_operator.py for tasks to queue
[2024-04-25T06:02:59.936+0000] {logging_mixin.py:188} INFO - [2024-04-25T06:02:59.935+0000] {dagbag.py:538} INFO - Filling up the DagBag from /home/airflow/.local/lib/python3.8/site-packages/airflow/example_dags/example_bash_operator.py
[2024-04-25T06:03:00.229+0000] {processor.py:840} INFO - DAG(s) 'example_bash_operator' retrieved from /home/airflow/.local/lib/python3.8/site-packages/airflow/example_dags/example_bash_operator.py
[2024-04-25T06:03:00.507+0000] {logging_mixin.py:188} INFO - [2024-04-25T06:03:00.505+0000] {dag.py:3036} INFO - Sync 1 DAGs
[2024-04-25T06:03:00.685+0000] {logging_mixin.py:188} INFO - [2024-04-25T06:03:00.684+0000] {dag.py:3823} INFO - Setting next_dagrun for example_bash_operator to 2024-04-24 00:00:00+00:00, run_after=2024-04-25 00:00:00+00:00
[2024-04-25T06:03:00.926+0000] {processor.py:183} INFO - Processing /home/airflow/.local/lib/python3.8/site-packages/airflow/example_dags/example_bash_operator.py took 1.051 seconds
[2024-04-25T06:03:31.947+0000] {processor.py:161} INFO - Started process (PID=503) to work on /home/airflow/.local/lib/python3.8/site-packages/airflow/example_dags/example_bash_operator.py
[2024-04-25T06:03:31.952+0000] {processor.py:830} INFO - Processing file /home/airflow/.local/lib/python3.8/site-packages/airflow/example_dags/example_bash_operator.py for tasks to queue
[2024-04-25T06:03:31.961+0000] {logging_mixin.py:188} INFO - [2024-04-25T06:03:31.960+0000] {dagbag.py:538} INFO - Filling up the DagBag from /home/airflow/.local/lib/python3.8/site-packages/airflow/example_dags/example_bash_operator.py
[2024-04-25T06:03:32.045+0000] {processor.py:840} INFO - DAG(s) 'example_bash_operator' retrieved from /home/airflow/.local/lib/python3.8/site-packages/airflow/example_dags/example_bash_operator.py
[2024-04-25T06:03:32.247+0000] {logging_mixin.py:188} INFO - [2024-04-25T06:03:32.246+0000] {dag.py:3036} INFO - Sync 1 DAGs
[2024-04-25T06:03:32.387+0000] {logging_mixin.py:188} INFO - [2024-04-25T06:03:32.386+0000] {dag.py:3823} INFO - Setting next_dagrun for example_bash_operator to 2024-04-24 00:00:00+00:00, run_after=2024-04-25 00:00:00+00:00
[2024-04-25T06:03:32.494+0000] {processor.py:183} INFO - Processing /home/airflow/.local/lib/python3.8/site-packages/airflow/example_dags/example_bash_operator.py took 0.560 seconds
[2024-04-25T06:04:03.187+0000] {processor.py:161} INFO - Started process (PID=562) to work on /home/airflow/.local/lib/python3.8/site-packages/airflow/example_dags/example_bash_operator.py
[2024-04-25T06:04:03.189+0000] {processor.py:830} INFO - Processing file /home/airflow/.local/lib/python3.8/site-packages/airflow/example_dags/example_bash_operator.py for tasks to queue
[2024-04-25T06:04:03.194+0000] {logging_mixin.py:188} INFO - [2024-04-25T06:04:03.193+0000] {dagbag.py:538} INFO - Filling up the DagBag from /home/airflow/.local/lib/python3.8/site-packages/airflow/example_dags/example_bash_operator.py
[2024-04-25T06:04:03.216+0000] {processor.py:840} INFO - DAG(s) 'example_bash_operator' retrieved from /home/airflow/.local/lib/python3.8/site-packages/airflow/example_dags/example_bash_operator.py
[2024-04-25T06:04:03.256+0000] {logging_mixin.py:188} INFO - [2024-04-25T06:04:03.256+0000] {dag.py:3036} INFO - Sync 1 DAGs
[2024-04-25T06:04:03.301+0000] {logging_mixin.py:188} INFO - [2024-04-25T06:04:03.301+0000] {dag.py:3823} INFO - Setting next_dagrun for example_bash_operator to 2024-04-24 00:00:00+00:00, run_after=2024-04-25 00:00:00+00:00
[2024-04-25T06:04:03.361+0000] {processor.py:183} INFO - Processing /home/airflow/.local/lib/python3.8/site-packages/airflow/example_dags/example_bash_operator.py took 0.180 seconds
[2024-04-25T06:04:33.528+0000] {processor.py:161} INFO - Started process (PID=621) to work on /home/airflow/.local/lib/python3.8/site-packages/airflow/example_dags/example_bash_operator.py
[2024-04-25T06:04:33.531+0000] {processor.py:830} INFO - Processing file /home/airflow/.local/lib/python3.8/site-packages/airflow/example_dags/example_bash_operator.py for tasks to queue
[2024-04-25T06:04:33.536+0000] {logging_mixin.py:188} INFO - [2024-04-25T06:04:33.535+0000] {dagbag.py:538} INFO - Filling up the DagBag from /home/airflow/.local/lib/python3.8/site-packages/airflow/example_dags/example_bash_operator.py
[2024-04-25T06:04:33.558+0000] {processor.py:840} INFO - DAG(s) 'example_bash_operator' retrieved from /home/airflow/.local/lib/python3.8/site-packages/airflow/example_dags/example_bash_operator.py
[2024-04-25T06:04:33.602+0000] {logging_mixin.py:188} INFO - [2024-04-25T06:04:33.602+0000] {dag.py:3036} INFO - Sync 1 DAGs
[2024-04-25T06:04:33.630+0000] {logging_mixin.py:188} INFO - [2024-04-25T06:04:33.630+0000] {dag.py:3823} INFO - Setting next_dagrun for example_bash_operator to 2024-04-24 00:00:00+00:00, run_after=2024-04-25 00:00:00+00:00
[2024-04-25T06:04:33.663+0000] {processor.py:183} INFO - Processing /home/airflow/.local/lib/python3.8/site-packages/airflow/example_dags/example_bash_operator.py took 0.141 seconds
[2024-04-25T06:05:04.401+0000] {processor.py:161} INFO - Started process (PID=680) to work on /home/airflow/.local/lib/python3.8/site-packages/airflow/example_dags/example_bash_operator.py
[2024-04-25T06:05:04.404+0000] {processor.py:830} INFO - Processing file /home/airflow/.local/lib/python3.8/site-packages/airflow/example_dags/example_bash_operator.py for tasks to queue
[2024-04-25T06:05:04.408+0000] {logging_mixin.py:188} INFO - [2024-04-25T06:05:04.407+0000] {dagbag.py:538} INFO - Filling up the DagBag from /home/airflow/.local/lib/python3.8/site-packages/airflow/example_dags/example_bash_operator.py
[2024-04-25T06:05:04.431+0000] {processor.py:840} INFO - DAG(s) 'example_bash_operator' retrieved from /home/airflow/.local/lib/python3.8/site-packages/airflow/example_dags/example_bash_operator.py
[2024-04-25T06:05:04.483+0000] {logging_mixin.py:188} INFO - [2024-04-25T06:05:04.483+0000] {dag.py:3036} INFO - Sync 1 DAGs
[2024-04-25T06:05:04.510+0000] {logging_mixin.py:188} INFO - [2024-04-25T06:05:04.509+0000] {dag.py:3823} INFO - Setting next_dagrun for example_bash_operator to 2024-04-24 00:00:00+00:00, run_after=2024-04-25 00:00:00+00:00
[2024-04-25T06:05:04.535+0000] {processor.py:183} INFO - Processing /home/airflow/.local/lib/python3.8/site-packages/airflow/example_dags/example_bash_operator.py took 0.141 seconds
[2024-04-25T06:05:35.056+0000] {processor.py:161} INFO - Started process (PID=739) to work on /home/airflow/.local/lib/python3.8/site-packages/airflow/example_dags/example_bash_operator.py
[2024-04-25T06:05:35.059+0000] {processor.py:830} INFO - Processing file /home/airflow/.local/lib/python3.8/site-packages/airflow/example_dags/example_bash_operator.py for tasks to queue
[2024-04-25T06:05:35.062+0000] {logging_mixin.py:188} INFO - [2024-04-25T06:05:35.062+0000] {dagbag.py:538} INFO - Filling up the DagBag from /home/airflow/.local/lib/python3.8/site-packages/airflow/example_dags/example_bash_operator.py
[2024-04-25T06:05:35.078+0000] {processor.py:840} INFO - DAG(s) 'example_bash_operator' retrieved from /home/airflow/.local/lib/python3.8/site-packages/airflow/example_dags/example_bash_operator.py
[2024-04-25T06:05:35.118+0000] {logging_mixin.py:188} INFO - [2024-04-25T06:05:35.117+0000] {dag.py:3036} INFO - Sync 1 DAGs
[2024-04-25T06:05:35.368+0000] {logging_mixin.py:188} INFO - [2024-04-25T06:05:35.358+0000] {dag.py:3823} INFO - Setting next_dagrun for example_bash_operator to 2024-04-24 00:00:00+00:00, run_after=2024-04-25 00:00:00+00:00
[2024-04-25T06:05:35.519+0000] {processor.py:183} INFO - Processing /home/airflow/.local/lib/python3.8/site-packages/airflow/example_dags/example_bash_operator.py took 0.470 seconds
[2024-04-25T06:06:05.607+0000] {processor.py:161} INFO - Started process (PID=798) to work on /home/airflow/.local/lib/python3.8/site-packages/airflow/example_dags/example_bash_operator.py
[2024-04-25T06:06:05.609+0000] {processor.py:830} INFO - Processing file /home/airflow/.local/lib/python3.8/site-packages/airflow/example_dags/example_bash_operator.py for tasks to queue
[2024-04-25T06:06:05.613+0000] {logging_mixin.py:188} INFO - [2024-04-25T06:06:05.612+0000] {dagbag.py:538} INFO - Filling up the DagBag from /home/airflow/.local/lib/python3.8/site-packages/airflow/example_dags/example_bash_operator.py
[2024-04-25T06:06:05.637+0000] {processor.py:840} INFO - DAG(s) 'example_bash_operator' retrieved from /home/airflow/.local/lib/python3.8/site-packages/airflow/example_dags/example_bash_operator.py
[2024-04-25T06:06:05.712+0000] {logging_mixin.py:188} INFO - [2024-04-25T06:06:05.711+0000] {dag.py:3036} INFO - Sync 1 DAGs
[2024-04-25T06:06:05.765+0000] {logging_mixin.py:188} INFO - [2024-04-25T06:06:05.765+0000] {dag.py:3823} INFO - Setting next_dagrun for example_bash_operator to 2024-04-24 00:00:00+00:00, run_after=2024-04-25 00:00:00+00:00
[2024-04-25T06:06:05.818+0000] {processor.py:183} INFO - Processing /home/airflow/.local/lib/python3.8/site-packages/airflow/example_dags/example_bash_operator.py took 0.217 seconds
[2024-04-25T06:06:36.671+0000] {processor.py:161} INFO - Started process (PID=857) to work on /home/airflow/.local/lib/python3.8/site-packages/airflow/example_dags/example_bash_operator.py
[2024-04-25T06:06:36.673+0000] {processor.py:830} INFO - Processing file /home/airflow/.local/lib/python3.8/site-packages/airflow/example_dags/example_bash_operator.py for tasks to queue
[2024-04-25T06:06:36.677+0000] {logging_mixin.py:188} INFO - [2024-04-25T06:06:36.677+0000] {dagbag.py:538} INFO - Filling up the DagBag from /home/airflow/.local/lib/python3.8/site-packages/airflow/example_dags/example_bash_operator.py
[2024-04-25T06:06:36.701+0000] {processor.py:840} INFO - DAG(s) 'example_bash_operator' retrieved from /home/airflow/.local/lib/python3.8/site-packages/airflow/example_dags/example_bash_operator.py
[2024-04-25T06:06:36.741+0000] {logging_mixin.py:188} INFO - [2024-04-25T06:06:36.741+0000] {dag.py:3036} INFO - Sync 1 DAGs
[2024-04-25T06:06:36.767+0000] {logging_mixin.py:188} INFO - [2024-04-25T06:06:36.767+0000] {dag.py:3823} INFO - Setting next_dagrun for example_bash_operator to 2024-04-24 00:00:00+00:00, run_after=2024-04-25 00:00:00+00:00
[2024-04-25T06:06:36.793+0000] {processor.py:183} INFO - Processing /home/airflow/.local/lib/python3.8/site-packages/airflow/example_dags/example_bash_operator.py took 0.129 seconds
[2024-04-25T06:07:07.739+0000] {processor.py:161} INFO - Started process (PID=916) to work on /home/airflow/.local/lib/python3.8/site-packages/airflow/example_dags/example_bash_operator.py
[2024-04-25T06:07:07.748+0000] {processor.py:830} INFO - Processing file /home/airflow/.local/lib/python3.8/site-packages/airflow/example_dags/example_bash_operator.py for tasks to queue
[2024-04-25T06:07:07.756+0000] {logging_mixin.py:188} INFO - [2024-04-25T06:07:07.755+0000] {dagbag.py:538} INFO - Filling up the DagBag from /home/airflow/.local/lib/python3.8/site-packages/airflow/example_dags/example_bash_operator.py
[2024-04-25T06:07:07.802+0000] {processor.py:840} INFO - DAG(s) 'example_bash_operator' retrieved from /home/airflow/.local/lib/python3.8/site-packages/airflow/example_dags/example_bash_operator.py
[2024-04-25T06:07:07.893+0000] {logging_mixin.py:188} INFO - [2024-04-25T06:07:07.892+0000] {dag.py:3036} INFO - Sync 1 DAGs
[2024-04-25T06:07:07.962+0000] {logging_mixin.py:188} INFO - [2024-04-25T06:07:07.961+0000] {dag.py:3823} INFO - Setting next_dagrun for example_bash_operator to 2024-04-24 00:00:00+00:00, run_after=2024-04-25 00:00:00+00:00
[2024-04-25T06:07:08.030+0000] {processor.py:183} INFO - Processing /home/airflow/.local/lib/python3.8/site-packages/airflow/example_dags/example_bash_operator.py took 0.308 seconds
[2024-04-25T06:07:38.322+0000] {processor.py:161} INFO - Started process (PID=975) to work on /home/airflow/.local/lib/python3.8/site-packages/airflow/example_dags/example_bash_operator.py
[2024-04-25T06:07:38.325+0000] {processor.py:830} INFO - Processing file /home/airflow/.local/lib/python3.8/site-packages/airflow/example_dags/example_bash_operator.py for tasks to queue
[2024-04-25T06:07:38.330+0000] {logging_mixin.py:188} INFO - [2024-04-25T06:07:38.330+0000] {dagbag.py:538} INFO - Filling up the DagBag from /home/airflow/.local/lib/python3.8/site-packages/airflow/example_dags/example_bash_operator.py
[2024-04-25T06:07:38.367+0000] {processor.py:840} INFO - DAG(s) 'example_bash_operator' retrieved from /home/airflow/.local/lib/python3.8/site-packages/airflow/example_dags/example_bash_operator.py
[2024-04-25T06:07:38.478+0000] {logging_mixin.py:188} INFO - [2024-04-25T06:07:38.477+0000] {dag.py:3036} INFO - Sync 1 DAGs
[2024-04-25T06:07:38.561+0000] {logging_mixin.py:188} INFO - [2024-04-25T06:07:38.560+0000] {dag.py:3823} INFO - Setting next_dagrun for example_bash_operator to 2024-04-24 00:00:00+00:00, run_after=2024-04-25 00:00:00+00:00
[2024-04-25T06:07:38.628+0000] {processor.py:183} INFO - Processing /home/airflow/.local/lib/python3.8/site-packages/airflow/example_dags/example_bash_operator.py took 0.315 seconds
[2024-04-25T06:08:08.920+0000] {processor.py:161} INFO - Started process (PID=1034) to work on /home/airflow/.local/lib/python3.8/site-packages/airflow/example_dags/example_bash_operator.py
[2024-04-25T06:08:08.924+0000] {processor.py:830} INFO - Processing file /home/airflow/.local/lib/python3.8/site-packages/airflow/example_dags/example_bash_operator.py for tasks to queue
[2024-04-25T06:08:08.930+0000] {logging_mixin.py:188} INFO - [2024-04-25T06:08:08.929+0000] {dagbag.py:538} INFO - Filling up the DagBag from /home/airflow/.local/lib/python3.8/site-packages/airflow/example_dags/example_bash_operator.py
[2024-04-25T06:08:08.970+0000] {processor.py:840} INFO - DAG(s) 'example_bash_operator' retrieved from /home/airflow/.local/lib/python3.8/site-packages/airflow/example_dags/example_bash_operator.py
[2024-04-25T06:08:09.065+0000] {logging_mixin.py:188} INFO - [2024-04-25T06:08:09.064+0000] {dag.py:3036} INFO - Sync 1 DAGs
[2024-04-25T06:08:09.155+0000] {logging_mixin.py:188} INFO - [2024-04-25T06:08:09.154+0000] {dag.py:3823} INFO - Setting next_dagrun for example_bash_operator to 2024-04-24 00:00:00+00:00, run_after=2024-04-25 00:00:00+00:00
[2024-04-25T06:08:09.227+0000] {processor.py:183} INFO - Processing /home/airflow/.local/lib/python3.8/site-packages/airflow/example_dags/example_bash_operator.py took 0.318 seconds
[2024-04-25T06:08:39.818+0000] {processor.py:161} INFO - Started process (PID=1093) to work on /home/airflow/.local/lib/python3.8/site-packages/airflow/example_dags/example_bash_operator.py
[2024-04-25T06:08:39.821+0000] {processor.py:830} INFO - Processing file /home/airflow/.local/lib/python3.8/site-packages/airflow/example_dags/example_bash_operator.py for tasks to queue
[2024-04-25T06:08:39.826+0000] {logging_mixin.py:188} INFO - [2024-04-25T06:08:39.825+0000] {dagbag.py:538} INFO - Filling up the DagBag from /home/airflow/.local/lib/python3.8/site-packages/airflow/example_dags/example_bash_operator.py
[2024-04-25T06:08:39.862+0000] {processor.py:840} INFO - DAG(s) 'example_bash_operator' retrieved from /home/airflow/.local/lib/python3.8/site-packages/airflow/example_dags/example_bash_operator.py
[2024-04-25T06:08:39.948+0000] {logging_mixin.py:188} INFO - [2024-04-25T06:08:39.947+0000] {dag.py:3036} INFO - Sync 1 DAGs
[2024-04-25T06:08:40.015+0000] {logging_mixin.py:188} INFO - [2024-04-25T06:08:40.015+0000] {dag.py:3823} INFO - Setting next_dagrun for example_bash_operator to 2024-04-24 00:00:00+00:00, run_after=2024-04-25 00:00:00+00:00
[2024-04-25T06:08:40.061+0000] {processor.py:183} INFO - Processing /home/airflow/.local/lib/python3.8/site-packages/airflow/example_dags/example_bash_operator.py took 0.255 seconds
[2024-04-25T06:09:11.288+0000] {processor.py:161} INFO - Started process (PID=1152) to work on /home/airflow/.local/lib/python3.8/site-packages/airflow/example_dags/example_bash_operator.py
[2024-04-25T06:09:11.293+0000] {processor.py:830} INFO - Processing file /home/airflow/.local/lib/python3.8/site-packages/airflow/example_dags/example_bash_operator.py for tasks to queue
[2024-04-25T06:09:11.311+0000] {logging_mixin.py:188} INFO - [2024-04-25T06:09:11.301+0000] {dagbag.py:538} INFO - Filling up the DagBag from /home/airflow/.local/lib/python3.8/site-packages/airflow/example_dags/example_bash_operator.py
[2024-04-25T06:09:11.385+0000] {processor.py:840} INFO - DAG(s) 'example_bash_operator' retrieved from /home/airflow/.local/lib/python3.8/site-packages/airflow/example_dags/example_bash_operator.py
[2024-04-25T06:09:11.494+0000] {logging_mixin.py:188} INFO - [2024-04-25T06:09:11.494+0000] {dag.py:3036} INFO - Sync 1 DAGs
[2024-04-25T06:09:11.583+0000] {logging_mixin.py:188} INFO - [2024-04-25T06:09:11.582+0000] {dag.py:3823} INFO - Setting next_dagrun for example_bash_operator to 2024-04-24 00:00:00+00:00, run_after=2024-04-25 00:00:00+00:00
[2024-04-25T06:09:11.671+0000] {processor.py:183} INFO - Processing /home/airflow/.local/lib/python3.8/site-packages/airflow/example_dags/example_bash_operator.py took 0.394 seconds
[2024-04-25T06:09:42.950+0000] {processor.py:161} INFO - Started process (PID=1217) to work on /home/airflow/.local/lib/python3.8/site-packages/airflow/example_dags/example_bash_operator.py
[2024-04-25T06:09:42.955+0000] {processor.py:830} INFO - Processing file /home/airflow/.local/lib/python3.8/site-packages/airflow/example_dags/example_bash_operator.py for tasks to queue
[2024-04-25T06:09:42.962+0000] {logging_mixin.py:188} INFO - [2024-04-25T06:09:42.961+0000] {dagbag.py:538} INFO - Filling up the DagBag from /home/airflow/.local/lib/python3.8/site-packages/airflow/example_dags/example_bash_operator.py
[2024-04-25T06:09:43.011+0000] {processor.py:840} INFO - DAG(s) 'example_bash_operator' retrieved from /home/airflow/.local/lib/python3.8/site-packages/airflow/example_dags/example_bash_operator.py
[2024-04-25T06:09:43.157+0000] {logging_mixin.py:188} INFO - [2024-04-25T06:09:43.156+0000] {dag.py:3036} INFO - Sync 1 DAGs
[2024-04-25T06:09:43.253+0000] {logging_mixin.py:188} INFO - [2024-04-25T06:09:43.252+0000] {dag.py:3823} INFO - Setting next_dagrun for example_bash_operator to 2024-04-24 00:00:00+00:00, run_after=2024-04-25 00:00:00+00:00
[2024-04-25T06:09:43.324+0000] {processor.py:183} INFO - Processing /home/airflow/.local/lib/python3.8/site-packages/airflow/example_dags/example_bash_operator.py took 0.385 seconds
[2024-04-25T06:10:14.412+0000] {processor.py:161} INFO - Started process (PID=1276) to work on /home/airflow/.local/lib/python3.8/site-packages/airflow/example_dags/example_bash_operator.py
[2024-04-25T06:10:14.416+0000] {processor.py:830} INFO - Processing file /home/airflow/.local/lib/python3.8/site-packages/airflow/example_dags/example_bash_operator.py for tasks to queue
[2024-04-25T06:10:14.423+0000] {logging_mixin.py:188} INFO - [2024-04-25T06:10:14.422+0000] {dagbag.py:538} INFO - Filling up the DagBag from /home/airflow/.local/lib/python3.8/site-packages/airflow/example_dags/example_bash_operator.py
[2024-04-25T06:10:14.477+0000] {processor.py:840} INFO - DAG(s) 'example_bash_operator' retrieved from /home/airflow/.local/lib/python3.8/site-packages/airflow/example_dags/example_bash_operator.py
[2024-04-25T06:10:14.567+0000] {logging_mixin.py:188} INFO - [2024-04-25T06:10:14.566+0000] {dag.py:3036} INFO - Sync 1 DAGs
[2024-04-25T06:10:14.628+0000] {logging_mixin.py:188} INFO - [2024-04-25T06:10:14.628+0000] {dag.py:3823} INFO - Setting next_dagrun for example_bash_operator to 2024-04-24 00:00:00+00:00, run_after=2024-04-25 00:00:00+00:00
[2024-04-25T06:10:14.698+0000] {processor.py:183} INFO - Processing /home/airflow/.local/lib/python3.8/site-packages/airflow/example_dags/example_bash_operator.py took 0.298 seconds
[2024-04-25T06:52:37.432+0000] {processor.py:161} INFO - Started process (PID=110) to work on /home/airflow/.local/lib/python3.8/site-packages/airflow/example_dags/example_bash_operator.py
[2024-04-25T06:52:37.501+0000] {processor.py:830} INFO - Processing file /home/airflow/.local/lib/python3.8/site-packages/airflow/example_dags/example_bash_operator.py for tasks to queue
[2024-04-25T06:52:37.620+0000] {logging_mixin.py:188} INFO - [2024-04-25T06:52:37.577+0000] {dagbag.py:538} INFO - Filling up the DagBag from /home/airflow/.local/lib/python3.8/site-packages/airflow/example_dags/example_bash_operator.py
[2024-04-25T06:52:39.168+0000] {processor.py:840} INFO - DAG(s) 'example_bash_operator' retrieved from /home/airflow/.local/lib/python3.8/site-packages/airflow/example_dags/example_bash_operator.py
[2024-04-25T06:52:42.704+0000] {logging_mixin.py:188} INFO - [2024-04-25T06:52:42.671+0000] {dag.py:3036} INFO - Sync 1 DAGs
[2024-04-25T06:52:43.534+0000] {logging_mixin.py:188} INFO - [2024-04-25T06:52:43.532+0000] {dag.py:3823} INFO - Setting next_dagrun for example_bash_operator to 2024-04-24 00:00:00+00:00, run_after=2024-04-25 00:00:00+00:00
[2024-04-25T06:52:44.457+0000] {processor.py:183} INFO - Processing /home/airflow/.local/lib/python3.8/site-packages/airflow/example_dags/example_bash_operator.py took 7.370 seconds
[2024-04-25T06:53:33.181+0000] {processor.py:161} INFO - Started process (PID=180) to work on /home/airflow/.local/lib/python3.8/site-packages/airflow/example_dags/example_bash_operator.py
[2024-04-25T06:53:33.186+0000] {processor.py:830} INFO - Processing file /home/airflow/.local/lib/python3.8/site-packages/airflow/example_dags/example_bash_operator.py for tasks to queue
[2024-04-25T06:53:33.195+0000] {logging_mixin.py:188} INFO - [2024-04-25T06:53:33.193+0000] {dagbag.py:538} INFO - Filling up the DagBag from /home/airflow/.local/lib/python3.8/site-packages/airflow/example_dags/example_bash_operator.py
[2024-04-25T06:53:33.248+0000] {processor.py:840} INFO - DAG(s) 'example_bash_operator' retrieved from /home/airflow/.local/lib/python3.8/site-packages/airflow/example_dags/example_bash_operator.py
[2024-04-25T06:53:33.512+0000] {logging_mixin.py:188} INFO - [2024-04-25T06:53:33.507+0000] {dag.py:3036} INFO - Sync 1 DAGs
[2024-04-25T06:53:34.388+0000] {logging_mixin.py:188} INFO - [2024-04-25T06:53:34.360+0000] {dag.py:3823} INFO - Setting next_dagrun for example_bash_operator to 2024-04-24 00:00:00+00:00, run_after=2024-04-25 00:00:00+00:00
[2024-04-25T06:53:34.739+0000] {processor.py:183} INFO - Processing /home/airflow/.local/lib/python3.8/site-packages/airflow/example_dags/example_bash_operator.py took 1.571 seconds
[2024-04-25T06:54:11.146+0000] {processor.py:161} INFO - Started process (PID=256) to work on /home/airflow/.local/lib/python3.8/site-packages/airflow/example_dags/example_bash_operator.py
[2024-04-25T06:54:11.153+0000] {processor.py:830} INFO - Processing file /home/airflow/.local/lib/python3.8/site-packages/airflow/example_dags/example_bash_operator.py for tasks to queue
[2024-04-25T06:54:11.172+0000] {logging_mixin.py:188} INFO - [2024-04-25T06:54:11.170+0000] {dagbag.py:538} INFO - Filling up the DagBag from /home/airflow/.local/lib/python3.8/site-packages/airflow/example_dags/example_bash_operator.py
[2024-04-25T06:54:11.241+0000] {processor.py:840} INFO - DAG(s) 'example_bash_operator' retrieved from /home/airflow/.local/lib/python3.8/site-packages/airflow/example_dags/example_bash_operator.py
[2024-04-25T06:54:11.395+0000] {logging_mixin.py:188} INFO - [2024-04-25T06:54:11.394+0000] {dag.py:3036} INFO - Sync 1 DAGs
[2024-04-25T06:54:11.549+0000] {logging_mixin.py:188} INFO - [2024-04-25T06:54:11.548+0000] {dag.py:3823} INFO - Setting next_dagrun for example_bash_operator to 2024-04-24 00:00:00+00:00, run_after=2024-04-25 00:00:00+00:00
[2024-04-25T06:54:11.642+0000] {processor.py:183} INFO - Processing /home/airflow/.local/lib/python3.8/site-packages/airflow/example_dags/example_bash_operator.py took 0.511 seconds
[2024-04-25T06:54:47.581+0000] {processor.py:161} INFO - Started process (PID=326) to work on /home/airflow/.local/lib/python3.8/site-packages/airflow/example_dags/example_bash_operator.py
[2024-04-25T06:54:47.589+0000] {processor.py:830} INFO - Processing file /home/airflow/.local/lib/python3.8/site-packages/airflow/example_dags/example_bash_operator.py for tasks to queue
[2024-04-25T06:54:47.603+0000] {logging_mixin.py:188} INFO - [2024-04-25T06:54:47.601+0000] {dagbag.py:538} INFO - Filling up the DagBag from /home/airflow/.local/lib/python3.8/site-packages/airflow/example_dags/example_bash_operator.py
[2024-04-25T06:54:47.720+0000] {processor.py:840} INFO - DAG(s) 'example_bash_operator' retrieved from /home/airflow/.local/lib/python3.8/site-packages/airflow/example_dags/example_bash_operator.py
[2024-04-25T06:54:48.056+0000] {logging_mixin.py:188} INFO - [2024-04-25T06:54:48.055+0000] {dag.py:3036} INFO - Sync 1 DAGs
[2024-04-25T06:54:48.199+0000] {logging_mixin.py:188} INFO - [2024-04-25T06:54:48.198+0000] {dag.py:3823} INFO - Setting next_dagrun for example_bash_operator to 2024-04-24 00:00:00+00:00, run_after=2024-04-25 00:00:00+00:00
[2024-04-25T06:54:48.306+0000] {processor.py:183} INFO - Processing /home/airflow/.local/lib/python3.8/site-packages/airflow/example_dags/example_bash_operator.py took 0.757 seconds
[2024-04-25T06:55:23.838+0000] {processor.py:161} INFO - Started process (PID=395) to work on /home/airflow/.local/lib/python3.8/site-packages/airflow/example_dags/example_bash_operator.py
[2024-04-25T06:55:23.842+0000] {processor.py:830} INFO - Processing file /home/airflow/.local/lib/python3.8/site-packages/airflow/example_dags/example_bash_operator.py for tasks to queue
[2024-04-25T06:55:23.855+0000] {logging_mixin.py:188} INFO - [2024-04-25T06:55:23.854+0000] {dagbag.py:538} INFO - Filling up the DagBag from /home/airflow/.local/lib/python3.8/site-packages/airflow/example_dags/example_bash_operator.py
[2024-04-25T06:55:23.932+0000] {processor.py:840} INFO - DAG(s) 'example_bash_operator' retrieved from /home/airflow/.local/lib/python3.8/site-packages/airflow/example_dags/example_bash_operator.py
[2024-04-25T06:55:24.094+0000] {logging_mixin.py:188} INFO - [2024-04-25T06:55:24.094+0000] {dag.py:3036} INFO - Sync 1 DAGs
[2024-04-25T06:55:24.231+0000] {logging_mixin.py:188} INFO - [2024-04-25T06:55:24.230+0000] {dag.py:3823} INFO - Setting next_dagrun for example_bash_operator to 2024-04-24 00:00:00+00:00, run_after=2024-04-25 00:00:00+00:00
[2024-04-25T06:55:24.341+0000] {processor.py:183} INFO - Processing /home/airflow/.local/lib/python3.8/site-packages/airflow/example_dags/example_bash_operator.py took 0.523 seconds
[2024-04-25T06:56:00.090+0000] {processor.py:161} INFO - Started process (PID=465) to work on /home/airflow/.local/lib/python3.8/site-packages/airflow/example_dags/example_bash_operator.py
[2024-04-25T06:56:00.104+0000] {processor.py:830} INFO - Processing file /home/airflow/.local/lib/python3.8/site-packages/airflow/example_dags/example_bash_operator.py for tasks to queue
[2024-04-25T06:56:00.134+0000] {logging_mixin.py:188} INFO - [2024-04-25T06:56:00.132+0000] {dagbag.py:538} INFO - Filling up the DagBag from /home/airflow/.local/lib/python3.8/site-packages/airflow/example_dags/example_bash_operator.py
[2024-04-25T06:56:00.453+0000] {processor.py:840} INFO - DAG(s) 'example_bash_operator' retrieved from /home/airflow/.local/lib/python3.8/site-packages/airflow/example_dags/example_bash_operator.py
[2024-04-25T06:56:00.913+0000] {logging_mixin.py:188} INFO - [2024-04-25T06:56:00.912+0000] {dag.py:3036} INFO - Sync 1 DAGs
[2024-04-25T06:56:01.229+0000] {logging_mixin.py:188} INFO - [2024-04-25T06:56:01.228+0000] {dag.py:3823} INFO - Setting next_dagrun for example_bash_operator to 2024-04-24 00:00:00+00:00, run_after=2024-04-25 00:00:00+00:00
[2024-04-25T06:56:01.363+0000] {processor.py:183} INFO - Processing /home/airflow/.local/lib/python3.8/site-packages/airflow/example_dags/example_bash_operator.py took 1.388 seconds
[2024-04-25T06:56:36.909+0000] {processor.py:161} INFO - Started process (PID=535) to work on /home/airflow/.local/lib/python3.8/site-packages/airflow/example_dags/example_bash_operator.py
[2024-04-25T06:56:36.919+0000] {processor.py:830} INFO - Processing file /home/airflow/.local/lib/python3.8/site-packages/airflow/example_dags/example_bash_operator.py for tasks to queue
[2024-04-25T06:56:36.955+0000] {logging_mixin.py:188} INFO - [2024-04-25T06:56:36.953+0000] {dagbag.py:538} INFO - Filling up the DagBag from /home/airflow/.local/lib/python3.8/site-packages/airflow/example_dags/example_bash_operator.py
[2024-04-25T06:56:37.798+0000] {processor.py:840} INFO - DAG(s) 'example_bash_operator' retrieved from /home/airflow/.local/lib/python3.8/site-packages/airflow/example_dags/example_bash_operator.py
[2024-04-25T06:56:38.646+0000] {logging_mixin.py:188} INFO - [2024-04-25T06:56:38.645+0000] {dag.py:3036} INFO - Sync 1 DAGs
[2024-04-25T06:56:38.878+0000] {logging_mixin.py:188} INFO - [2024-04-25T06:56:38.874+0000] {dag.py:3823} INFO - Setting next_dagrun for example_bash_operator to 2024-04-24 00:00:00+00:00, run_after=2024-04-25 00:00:00+00:00
[2024-04-25T06:56:39.234+0000] {processor.py:183} INFO - Processing /home/airflow/.local/lib/python3.8/site-packages/airflow/example_dags/example_bash_operator.py took 2.338 seconds
[2024-04-25T06:57:37.483+0000] {processor.py:161} INFO - Started process (PID=613) to work on /home/airflow/.local/lib/python3.8/site-packages/airflow/example_dags/example_bash_operator.py
[2024-04-25T06:57:37.517+0000] {processor.py:830} INFO - Processing file /home/airflow/.local/lib/python3.8/site-packages/airflow/example_dags/example_bash_operator.py for tasks to queue
[2024-04-25T06:57:37.540+0000] {logging_mixin.py:188} INFO - [2024-04-25T06:57:37.536+0000] {dagbag.py:538} INFO - Filling up the DagBag from /home/airflow/.local/lib/python3.8/site-packages/airflow/example_dags/example_bash_operator.py
[2024-04-25T06:57:37.693+0000] {processor.py:840} INFO - DAG(s) 'example_bash_operator' retrieved from /home/airflow/.local/lib/python3.8/site-packages/airflow/example_dags/example_bash_operator.py
[2024-04-25T06:57:38.070+0000] {logging_mixin.py:188} INFO - [2024-04-25T06:57:38.067+0000] {dag.py:3036} INFO - Sync 1 DAGs
[2024-04-25T06:57:38.437+0000] {logging_mixin.py:188} INFO - [2024-04-25T06:57:38.435+0000] {dag.py:3823} INFO - Setting next_dagrun for example_bash_operator to 2024-04-24 00:00:00+00:00, run_after=2024-04-25 00:00:00+00:00
[2024-04-25T06:57:38.785+0000] {processor.py:183} INFO - Processing /home/airflow/.local/lib/python3.8/site-packages/airflow/example_dags/example_bash_operator.py took 1.325 seconds
[2024-04-25T07:04:54.239+0000] {processor.py:161} INFO - Started process (PID=754) to work on /home/airflow/.local/lib/python3.8/site-packages/airflow/example_dags/example_bash_operator.py
[2024-04-25T07:04:54.370+0000] {processor.py:830} INFO - Processing file /home/airflow/.local/lib/python3.8/site-packages/airflow/example_dags/example_bash_operator.py for tasks to queue
[2024-04-25T07:04:54.541+0000] {logging_mixin.py:188} INFO - [2024-04-25T07:04:54.387+0000] {dagbag.py:538} INFO - Filling up the DagBag from /home/airflow/.local/lib/python3.8/site-packages/airflow/example_dags/example_bash_operator.py
[2024-04-25T07:04:57.127+0000] {processor.py:840} INFO - DAG(s) 'example_bash_operator' retrieved from /home/airflow/.local/lib/python3.8/site-packages/airflow/example_dags/example_bash_operator.py
[2024-04-25T07:05:00.616+0000] {logging_mixin.py:188} INFO - [2024-04-25T07:05:00.584+0000] {dag.py:3036} INFO - Sync 1 DAGs
[2024-04-25T07:05:03.250+0000] {logging_mixin.py:188} INFO - [2024-04-25T07:05:03.090+0000] {dag.py:3823} INFO - Setting next_dagrun for example_bash_operator to 2024-04-24 00:00:00+00:00, run_after=2024-04-25 00:00:00+00:00
[2024-04-25T07:05:05.346+0000] {processor.py:183} INFO - Processing /home/airflow/.local/lib/python3.8/site-packages/airflow/example_dags/example_bash_operator.py took 11.434 seconds
[2024-04-25T07:51:08.736+0000] {processor.py:161} INFO - Started process (PID=69) to work on /home/airflow/.local/lib/python3.8/site-packages/airflow/example_dags/example_bash_operator.py
[2024-04-25T07:51:08.740+0000] {processor.py:830} INFO - Processing file /home/airflow/.local/lib/python3.8/site-packages/airflow/example_dags/example_bash_operator.py for tasks to queue
[2024-04-25T07:51:08.747+0000] {logging_mixin.py:188} INFO - [2024-04-25T07:51:08.746+0000] {dagbag.py:538} INFO - Filling up the DagBag from /home/airflow/.local/lib/python3.8/site-packages/airflow/example_dags/example_bash_operator.py
[2024-04-25T07:51:08.812+0000] {processor.py:840} INFO - DAG(s) 'example_bash_operator' retrieved from /home/airflow/.local/lib/python3.8/site-packages/airflow/example_dags/example_bash_operator.py
[2024-04-25T07:51:09.348+0000] {logging_mixin.py:188} INFO - [2024-04-25T07:51:09.347+0000] {dag.py:3036} INFO - Sync 1 DAGs
[2024-04-25T07:51:09.446+0000] {logging_mixin.py:188} INFO - [2024-04-25T07:51:09.445+0000] {dag.py:3823} INFO - Setting next_dagrun for example_bash_operator to 2024-04-24 00:00:00+00:00, run_after=2024-04-25 00:00:00+00:00
[2024-04-25T07:51:09.537+0000] {processor.py:183} INFO - Processing /home/airflow/.local/lib/python3.8/site-packages/airflow/example_dags/example_bash_operator.py took 0.813 seconds
[2024-04-25T07:51:40.936+0000] {processor.py:161} INFO - Started process (PID=139) to work on /home/airflow/.local/lib/python3.8/site-packages/airflow/example_dags/example_bash_operator.py
[2024-04-25T07:51:40.948+0000] {processor.py:830} INFO - Processing file /home/airflow/.local/lib/python3.8/site-packages/airflow/example_dags/example_bash_operator.py for tasks to queue
[2024-04-25T07:51:40.960+0000] {logging_mixin.py:188} INFO - [2024-04-25T07:51:40.958+0000] {dagbag.py:538} INFO - Filling up the DagBag from /home/airflow/.local/lib/python3.8/site-packages/airflow/example_dags/example_bash_operator.py
[2024-04-25T07:51:41.099+0000] {processor.py:840} INFO - DAG(s) 'example_bash_operator' retrieved from /home/airflow/.local/lib/python3.8/site-packages/airflow/example_dags/example_bash_operator.py
[2024-04-25T07:51:41.734+0000] {logging_mixin.py:188} INFO - [2024-04-25T07:51:41.732+0000] {dag.py:3036} INFO - Sync 1 DAGs
[2024-04-25T07:51:42.014+0000] {logging_mixin.py:188} INFO - [2024-04-25T07:51:42.013+0000] {dag.py:3823} INFO - Setting next_dagrun for example_bash_operator to 2024-04-24 00:00:00+00:00, run_after=2024-04-25 00:00:00+00:00
[2024-04-25T07:51:42.220+0000] {processor.py:183} INFO - Processing /home/airflow/.local/lib/python3.8/site-packages/airflow/example_dags/example_bash_operator.py took 1.453 seconds
[2024-04-25T07:52:21.158+0000] {processor.py:161} INFO - Started process (PID=209) to work on /home/airflow/.local/lib/python3.8/site-packages/airflow/example_dags/example_bash_operator.py
[2024-04-25T07:52:21.166+0000] {processor.py:830} INFO - Processing file /home/airflow/.local/lib/python3.8/site-packages/airflow/example_dags/example_bash_operator.py for tasks to queue
[2024-04-25T07:52:21.175+0000] {logging_mixin.py:188} INFO - [2024-04-25T07:52:21.174+0000] {dagbag.py:538} INFO - Filling up the DagBag from /home/airflow/.local/lib/python3.8/site-packages/airflow/example_dags/example_bash_operator.py
[2024-04-25T07:52:21.239+0000] {processor.py:840} INFO - DAG(s) 'example_bash_operator' retrieved from /home/airflow/.local/lib/python3.8/site-packages/airflow/example_dags/example_bash_operator.py
[2024-04-25T07:52:21.389+0000] {logging_mixin.py:188} INFO - [2024-04-25T07:52:21.388+0000] {dag.py:3036} INFO - Sync 1 DAGs
[2024-04-25T07:52:21.562+0000] {logging_mixin.py:188} INFO - [2024-04-25T07:52:21.560+0000] {dag.py:3823} INFO - Setting next_dagrun for example_bash_operator to 2024-04-24 00:00:00+00:00, run_after=2024-04-25 00:00:00+00:00
[2024-04-25T07:52:21.836+0000] {processor.py:183} INFO - Processing /home/airflow/.local/lib/python3.8/site-packages/airflow/example_dags/example_bash_operator.py took 0.695 seconds
[2024-04-25T07:52:53.370+0000] {processor.py:161} INFO - Started process (PID=279) to work on /home/airflow/.local/lib/python3.8/site-packages/airflow/example_dags/example_bash_operator.py
[2024-04-25T07:52:53.376+0000] {processor.py:830} INFO - Processing file /home/airflow/.local/lib/python3.8/site-packages/airflow/example_dags/example_bash_operator.py for tasks to queue
[2024-04-25T07:52:53.382+0000] {logging_mixin.py:188} INFO - [2024-04-25T07:52:53.381+0000] {dagbag.py:538} INFO - Filling up the DagBag from /home/airflow/.local/lib/python3.8/site-packages/airflow/example_dags/example_bash_operator.py
[2024-04-25T07:52:53.424+0000] {processor.py:840} INFO - DAG(s) 'example_bash_operator' retrieved from /home/airflow/.local/lib/python3.8/site-packages/airflow/example_dags/example_bash_operator.py
[2024-04-25T07:52:53.514+0000] {logging_mixin.py:188} INFO - [2024-04-25T07:52:53.514+0000] {dag.py:3036} INFO - Sync 1 DAGs
[2024-04-25T07:52:53.575+0000] {logging_mixin.py:188} INFO - [2024-04-25T07:52:53.574+0000] {dag.py:3823} INFO - Setting next_dagrun for example_bash_operator to 2024-04-24 00:00:00+00:00, run_after=2024-04-25 00:00:00+00:00
[2024-04-25T07:52:53.627+0000] {processor.py:183} INFO - Processing /home/airflow/.local/lib/python3.8/site-packages/airflow/example_dags/example_bash_operator.py took 0.271 seconds
[2024-04-25T07:53:31.333+0000] {processor.py:161} INFO - Started process (PID=355) to work on /home/airflow/.local/lib/python3.8/site-packages/airflow/example_dags/example_bash_operator.py
[2024-04-25T07:53:31.338+0000] {processor.py:830} INFO - Processing file /home/airflow/.local/lib/python3.8/site-packages/airflow/example_dags/example_bash_operator.py for tasks to queue
[2024-04-25T07:53:31.344+0000] {logging_mixin.py:188} INFO - [2024-04-25T07:53:31.343+0000] {dagbag.py:538} INFO - Filling up the DagBag from /home/airflow/.local/lib/python3.8/site-packages/airflow/example_dags/example_bash_operator.py
[2024-04-25T07:53:31.377+0000] {processor.py:840} INFO - DAG(s) 'example_bash_operator' retrieved from /home/airflow/.local/lib/python3.8/site-packages/airflow/example_dags/example_bash_operator.py
[2024-04-25T07:53:31.587+0000] {logging_mixin.py:188} INFO - [2024-04-25T07:53:31.585+0000] {dag.py:3036} INFO - Sync 1 DAGs
[2024-04-25T07:53:31.895+0000] {logging_mixin.py:188} INFO - [2024-04-25T07:53:31.894+0000] {dag.py:3823} INFO - Setting next_dagrun for example_bash_operator to 2024-04-24 00:00:00+00:00, run_after=2024-04-25 00:00:00+00:00
[2024-04-25T07:53:32.012+0000] {processor.py:183} INFO - Processing /home/airflow/.local/lib/python3.8/site-packages/airflow/example_dags/example_bash_operator.py took 0.688 seconds
