[2024-04-25T05:58:45.785+0000] {processor.py:161} INFO - Started process (PID=84) to work on /home/airflow/.local/lib/python3.8/site-packages/airflow/example_dags/example_task_group_decorator.py
[2024-04-25T05:58:45.813+0000] {processor.py:830} INFO - Processing file /home/airflow/.local/lib/python3.8/site-packages/airflow/example_dags/example_task_group_decorator.py for tasks to queue
[2024-04-25T05:58:46.065+0000] {logging_mixin.py:188} INFO - [2024-04-25T05:58:46.046+0000] {dagbag.py:538} INFO - Filling up the DagBag from /home/airflow/.local/lib/python3.8/site-packages/airflow/example_dags/example_task_group_decorator.py
[2024-04-25T05:58:46.648+0000] {processor.py:840} INFO - DAG(s) 'example_task_group_decorator' retrieved from /home/airflow/.local/lib/python3.8/site-packages/airflow/example_dags/example_task_group_decorator.py
[2024-04-25T05:58:49.082+0000] {logging_mixin.py:188} INFO - [2024-04-25T05:58:49.081+0000] {dag.py:3036} INFO - Sync 1 DAGs
[2024-04-25T05:58:49.420+0000] {logging_mixin.py:188} INFO - [2024-04-25T05:58:49.419+0000] {dag.py:3823} INFO - Setting next_dagrun for example_task_group_decorator to 2024-04-24 00:00:00+00:00, run_after=2024-04-25 00:00:00+00:00
[2024-04-25T05:58:49.918+0000] {processor.py:183} INFO - Processing /home/airflow/.local/lib/python3.8/site-packages/airflow/example_dags/example_task_group_decorator.py took 4.164 seconds
[2024-04-25T05:59:30.154+0000] {processor.py:161} INFO - Started process (PID=143) to work on /home/airflow/.local/lib/python3.8/site-packages/airflow/example_dags/example_task_group_decorator.py
[2024-04-25T05:59:30.160+0000] {processor.py:830} INFO - Processing file /home/airflow/.local/lib/python3.8/site-packages/airflow/example_dags/example_task_group_decorator.py for tasks to queue
[2024-04-25T05:59:30.176+0000] {logging_mixin.py:188} INFO - [2024-04-25T05:59:30.175+0000] {dagbag.py:538} INFO - Filling up the DagBag from /home/airflow/.local/lib/python3.8/site-packages/airflow/example_dags/example_task_group_decorator.py
[2024-04-25T05:59:30.311+0000] {processor.py:840} INFO - DAG(s) 'example_task_group_decorator' retrieved from /home/airflow/.local/lib/python3.8/site-packages/airflow/example_dags/example_task_group_decorator.py
[2024-04-25T05:59:30.496+0000] {logging_mixin.py:188} INFO - [2024-04-25T05:59:30.495+0000] {dag.py:3036} INFO - Sync 1 DAGs
[2024-04-25T05:59:30.617+0000] {logging_mixin.py:188} INFO - [2024-04-25T05:59:30.615+0000] {dag.py:3823} INFO - Setting next_dagrun for example_task_group_decorator to 2024-04-24 00:00:00+00:00, run_after=2024-04-25 00:00:00+00:00
[2024-04-25T05:59:30.752+0000] {processor.py:183} INFO - Processing /home/airflow/.local/lib/python3.8/site-packages/airflow/example_dags/example_task_group_decorator.py took 0.609 seconds
[2024-04-25T06:00:23.359+0000] {processor.py:161} INFO - Started process (PID=195) to work on /home/airflow/.local/lib/python3.8/site-packages/airflow/example_dags/example_task_group_decorator.py
[2024-04-25T06:00:23.364+0000] {processor.py:830} INFO - Processing file /home/airflow/.local/lib/python3.8/site-packages/airflow/example_dags/example_task_group_decorator.py for tasks to queue
[2024-04-25T06:00:23.373+0000] {logging_mixin.py:188} INFO - [2024-04-25T06:00:23.372+0000] {dagbag.py:538} INFO - Filling up the DagBag from /home/airflow/.local/lib/python3.8/site-packages/airflow/example_dags/example_task_group_decorator.py
[2024-04-25T06:00:23.452+0000] {processor.py:840} INFO - DAG(s) 'example_task_group_decorator' retrieved from /home/airflow/.local/lib/python3.8/site-packages/airflow/example_dags/example_task_group_decorator.py
[2024-04-25T06:00:23.643+0000] {logging_mixin.py:188} INFO - [2024-04-25T06:00:23.642+0000] {dag.py:3036} INFO - Sync 1 DAGs
[2024-04-25T06:00:23.772+0000] {logging_mixin.py:188} INFO - [2024-04-25T06:00:23.772+0000] {dag.py:3823} INFO - Setting next_dagrun for example_task_group_decorator to 2024-04-24 00:00:00+00:00, run_after=2024-04-25 00:00:00+00:00
[2024-04-25T06:00:23.897+0000] {processor.py:183} INFO - Processing /home/airflow/.local/lib/python3.8/site-packages/airflow/example_dags/example_task_group_decorator.py took 0.552 seconds
[2024-04-25T06:01:05.021+0000] {processor.py:161} INFO - Started process (PID=254) to work on /home/airflow/.local/lib/python3.8/site-packages/airflow/example_dags/example_task_group_decorator.py
[2024-04-25T06:01:05.039+0000] {processor.py:830} INFO - Processing file /home/airflow/.local/lib/python3.8/site-packages/airflow/example_dags/example_task_group_decorator.py for tasks to queue
[2024-04-25T06:01:05.052+0000] {logging_mixin.py:188} INFO - [2024-04-25T06:01:05.050+0000] {dagbag.py:538} INFO - Filling up the DagBag from /home/airflow/.local/lib/python3.8/site-packages/airflow/example_dags/example_task_group_decorator.py
[2024-04-25T06:01:05.163+0000] {processor.py:840} INFO - DAG(s) 'example_task_group_decorator' retrieved from /home/airflow/.local/lib/python3.8/site-packages/airflow/example_dags/example_task_group_decorator.py
[2024-04-25T06:01:05.454+0000] {logging_mixin.py:188} INFO - [2024-04-25T06:01:05.453+0000] {dag.py:3036} INFO - Sync 1 DAGs
[2024-04-25T06:01:06.595+0000] {logging_mixin.py:188} INFO - [2024-04-25T06:01:06.579+0000] {dag.py:3823} INFO - Setting next_dagrun for example_task_group_decorator to 2024-04-24 00:00:00+00:00, run_after=2024-04-25 00:00:00+00:00
[2024-04-25T06:01:06.832+0000] {processor.py:183} INFO - Processing /home/airflow/.local/lib/python3.8/site-packages/airflow/example_dags/example_task_group_decorator.py took 1.829 seconds
[2024-04-25T06:01:47.722+0000] {processor.py:161} INFO - Started process (PID=320) to work on /home/airflow/.local/lib/python3.8/site-packages/airflow/example_dags/example_task_group_decorator.py
[2024-04-25T06:01:47.726+0000] {processor.py:830} INFO - Processing file /home/airflow/.local/lib/python3.8/site-packages/airflow/example_dags/example_task_group_decorator.py for tasks to queue
[2024-04-25T06:01:47.731+0000] {logging_mixin.py:188} INFO - [2024-04-25T06:01:47.730+0000] {dagbag.py:538} INFO - Filling up the DagBag from /home/airflow/.local/lib/python3.8/site-packages/airflow/example_dags/example_task_group_decorator.py
[2024-04-25T06:01:47.777+0000] {processor.py:840} INFO - DAG(s) 'example_task_group_decorator' retrieved from /home/airflow/.local/lib/python3.8/site-packages/airflow/example_dags/example_task_group_decorator.py
[2024-04-25T06:01:47.901+0000] {logging_mixin.py:188} INFO - [2024-04-25T06:01:47.900+0000] {dag.py:3036} INFO - Sync 1 DAGs
[2024-04-25T06:01:48.479+0000] {logging_mixin.py:188} INFO - [2024-04-25T06:01:48.450+0000] {dag.py:3823} INFO - Setting next_dagrun for example_task_group_decorator to 2024-04-24 00:00:00+00:00, run_after=2024-04-25 00:00:00+00:00
[2024-04-25T06:01:48.808+0000] {processor.py:183} INFO - Processing /home/airflow/.local/lib/python3.8/site-packages/airflow/example_dags/example_task_group_decorator.py took 1.094 seconds
[2024-04-25T06:02:20.716+0000] {processor.py:161} INFO - Started process (PID=379) to work on /home/airflow/.local/lib/python3.8/site-packages/airflow/example_dags/example_task_group_decorator.py
[2024-04-25T06:02:20.719+0000] {processor.py:830} INFO - Processing file /home/airflow/.local/lib/python3.8/site-packages/airflow/example_dags/example_task_group_decorator.py for tasks to queue
[2024-04-25T06:02:20.728+0000] {logging_mixin.py:188} INFO - [2024-04-25T06:02:20.727+0000] {dagbag.py:538} INFO - Filling up the DagBag from /home/airflow/.local/lib/python3.8/site-packages/airflow/example_dags/example_task_group_decorator.py
[2024-04-25T06:02:20.790+0000] {processor.py:840} INFO - DAG(s) 'example_task_group_decorator' retrieved from /home/airflow/.local/lib/python3.8/site-packages/airflow/example_dags/example_task_group_decorator.py
[2024-04-25T06:02:21.098+0000] {logging_mixin.py:188} INFO - [2024-04-25T06:02:21.096+0000] {dag.py:3036} INFO - Sync 1 DAGs
[2024-04-25T06:02:21.237+0000] {logging_mixin.py:188} INFO - [2024-04-25T06:02:21.236+0000] {dag.py:3823} INFO - Setting next_dagrun for example_task_group_decorator to 2024-04-24 00:00:00+00:00, run_after=2024-04-25 00:00:00+00:00
[2024-04-25T06:02:21.314+0000] {processor.py:183} INFO - Processing /home/airflow/.local/lib/python3.8/site-packages/airflow/example_dags/example_task_group_decorator.py took 0.609 seconds
[2024-04-25T06:02:57.644+0000] {processor.py:161} INFO - Started process (PID=438) to work on /home/airflow/.local/lib/python3.8/site-packages/airflow/example_dags/example_task_group_decorator.py
[2024-04-25T06:02:57.649+0000] {processor.py:830} INFO - Processing file /home/airflow/.local/lib/python3.8/site-packages/airflow/example_dags/example_task_group_decorator.py for tasks to queue
[2024-04-25T06:02:57.655+0000] {logging_mixin.py:188} INFO - [2024-04-25T06:02:57.654+0000] {dagbag.py:538} INFO - Filling up the DagBag from /home/airflow/.local/lib/python3.8/site-packages/airflow/example_dags/example_task_group_decorator.py
[2024-04-25T06:02:58.102+0000] {processor.py:840} INFO - DAG(s) 'example_task_group_decorator' retrieved from /home/airflow/.local/lib/python3.8/site-packages/airflow/example_dags/example_task_group_decorator.py
[2024-04-25T06:02:58.213+0000] {logging_mixin.py:188} INFO - [2024-04-25T06:02:58.212+0000] {dag.py:3036} INFO - Sync 1 DAGs
[2024-04-25T06:02:58.306+0000] {logging_mixin.py:188} INFO - [2024-04-25T06:02:58.305+0000] {dag.py:3823} INFO - Setting next_dagrun for example_task_group_decorator to 2024-04-24 00:00:00+00:00, run_after=2024-04-25 00:00:00+00:00
[2024-04-25T06:02:58.468+0000] {processor.py:183} INFO - Processing /home/airflow/.local/lib/python3.8/site-packages/airflow/example_dags/example_task_group_decorator.py took 0.835 seconds
[2024-04-25T06:03:28.996+0000] {processor.py:161} INFO - Started process (PID=497) to work on /home/airflow/.local/lib/python3.8/site-packages/airflow/example_dags/example_task_group_decorator.py
[2024-04-25T06:03:28.999+0000] {processor.py:830} INFO - Processing file /home/airflow/.local/lib/python3.8/site-packages/airflow/example_dags/example_task_group_decorator.py for tasks to queue
[2024-04-25T06:03:29.007+0000] {logging_mixin.py:188} INFO - [2024-04-25T06:03:29.005+0000] {dagbag.py:538} INFO - Filling up the DagBag from /home/airflow/.local/lib/python3.8/site-packages/airflow/example_dags/example_task_group_decorator.py
[2024-04-25T06:03:29.062+0000] {processor.py:840} INFO - DAG(s) 'example_task_group_decorator' retrieved from /home/airflow/.local/lib/python3.8/site-packages/airflow/example_dags/example_task_group_decorator.py
[2024-04-25T06:03:29.164+0000] {logging_mixin.py:188} INFO - [2024-04-25T06:03:29.163+0000] {dag.py:3036} INFO - Sync 1 DAGs
[2024-04-25T06:03:29.251+0000] {logging_mixin.py:188} INFO - [2024-04-25T06:03:29.250+0000] {dag.py:3823} INFO - Setting next_dagrun for example_task_group_decorator to 2024-04-24 00:00:00+00:00, run_after=2024-04-25 00:00:00+00:00
[2024-04-25T06:03:29.323+0000] {processor.py:183} INFO - Processing /home/airflow/.local/lib/python3.8/site-packages/airflow/example_dags/example_task_group_decorator.py took 0.339 seconds
[2024-04-25T06:03:59.640+0000] {processor.py:161} INFO - Started process (PID=556) to work on /home/airflow/.local/lib/python3.8/site-packages/airflow/example_dags/example_task_group_decorator.py
[2024-04-25T06:03:59.643+0000] {processor.py:830} INFO - Processing file /home/airflow/.local/lib/python3.8/site-packages/airflow/example_dags/example_task_group_decorator.py for tasks to queue
[2024-04-25T06:03:59.647+0000] {logging_mixin.py:188} INFO - [2024-04-25T06:03:59.647+0000] {dagbag.py:538} INFO - Filling up the DagBag from /home/airflow/.local/lib/python3.8/site-packages/airflow/example_dags/example_task_group_decorator.py
[2024-04-25T06:03:59.687+0000] {processor.py:840} INFO - DAG(s) 'example_task_group_decorator' retrieved from /home/airflow/.local/lib/python3.8/site-packages/airflow/example_dags/example_task_group_decorator.py
[2024-04-25T06:03:59.739+0000] {logging_mixin.py:188} INFO - [2024-04-25T06:03:59.739+0000] {dag.py:3036} INFO - Sync 1 DAGs
[2024-04-25T06:03:59.809+0000] {logging_mixin.py:188} INFO - [2024-04-25T06:03:59.809+0000] {dag.py:3823} INFO - Setting next_dagrun for example_task_group_decorator to 2024-04-24 00:00:00+00:00, run_after=2024-04-25 00:00:00+00:00
[2024-04-25T06:03:59.858+0000] {processor.py:183} INFO - Processing /home/airflow/.local/lib/python3.8/site-packages/airflow/example_dags/example_task_group_decorator.py took 0.225 seconds
[2024-04-25T06:04:30.146+0000] {processor.py:161} INFO - Started process (PID=615) to work on /home/airflow/.local/lib/python3.8/site-packages/airflow/example_dags/example_task_group_decorator.py
[2024-04-25T06:04:30.148+0000] {processor.py:830} INFO - Processing file /home/airflow/.local/lib/python3.8/site-packages/airflow/example_dags/example_task_group_decorator.py for tasks to queue
[2024-04-25T06:04:30.151+0000] {logging_mixin.py:188} INFO - [2024-04-25T06:04:30.151+0000] {dagbag.py:538} INFO - Filling up the DagBag from /home/airflow/.local/lib/python3.8/site-packages/airflow/example_dags/example_task_group_decorator.py
[2024-04-25T06:04:30.171+0000] {processor.py:840} INFO - DAG(s) 'example_task_group_decorator' retrieved from /home/airflow/.local/lib/python3.8/site-packages/airflow/example_dags/example_task_group_decorator.py
[2024-04-25T06:04:30.203+0000] {logging_mixin.py:188} INFO - [2024-04-25T06:04:30.203+0000] {dag.py:3036} INFO - Sync 1 DAGs
[2024-04-25T06:04:30.229+0000] {logging_mixin.py:188} INFO - [2024-04-25T06:04:30.229+0000] {dag.py:3823} INFO - Setting next_dagrun for example_task_group_decorator to 2024-04-24 00:00:00+00:00, run_after=2024-04-25 00:00:00+00:00
[2024-04-25T06:04:30.254+0000] {processor.py:183} INFO - Processing /home/airflow/.local/lib/python3.8/site-packages/airflow/example_dags/example_task_group_decorator.py took 0.112 seconds
[2024-04-25T06:05:01.015+0000] {processor.py:161} INFO - Started process (PID=674) to work on /home/airflow/.local/lib/python3.8/site-packages/airflow/example_dags/example_task_group_decorator.py
[2024-04-25T06:05:01.017+0000] {processor.py:830} INFO - Processing file /home/airflow/.local/lib/python3.8/site-packages/airflow/example_dags/example_task_group_decorator.py for tasks to queue
[2024-04-25T06:05:01.019+0000] {logging_mixin.py:188} INFO - [2024-04-25T06:05:01.019+0000] {dagbag.py:538} INFO - Filling up the DagBag from /home/airflow/.local/lib/python3.8/site-packages/airflow/example_dags/example_task_group_decorator.py
[2024-04-25T06:05:01.036+0000] {processor.py:840} INFO - DAG(s) 'example_task_group_decorator' retrieved from /home/airflow/.local/lib/python3.8/site-packages/airflow/example_dags/example_task_group_decorator.py
[2024-04-25T06:05:01.062+0000] {logging_mixin.py:188} INFO - [2024-04-25T06:05:01.062+0000] {dag.py:3036} INFO - Sync 1 DAGs
[2024-04-25T06:05:01.087+0000] {logging_mixin.py:188} INFO - [2024-04-25T06:05:01.087+0000] {dag.py:3823} INFO - Setting next_dagrun for example_task_group_decorator to 2024-04-24 00:00:00+00:00, run_after=2024-04-25 00:00:00+00:00
[2024-04-25T06:05:01.110+0000] {processor.py:183} INFO - Processing /home/airflow/.local/lib/python3.8/site-packages/airflow/example_dags/example_task_group_decorator.py took 0.100 seconds
[2024-04-25T06:05:33.076+0000] {processor.py:161} INFO - Started process (PID=733) to work on /home/airflow/.local/lib/python3.8/site-packages/airflow/example_dags/example_task_group_decorator.py
[2024-04-25T06:05:33.079+0000] {processor.py:830} INFO - Processing file /home/airflow/.local/lib/python3.8/site-packages/airflow/example_dags/example_task_group_decorator.py for tasks to queue
[2024-04-25T06:05:33.084+0000] {logging_mixin.py:188} INFO - [2024-04-25T06:05:33.083+0000] {dagbag.py:538} INFO - Filling up the DagBag from /home/airflow/.local/lib/python3.8/site-packages/airflow/example_dags/example_task_group_decorator.py
[2024-04-25T06:05:33.127+0000] {processor.py:840} INFO - DAG(s) 'example_task_group_decorator' retrieved from /home/airflow/.local/lib/python3.8/site-packages/airflow/example_dags/example_task_group_decorator.py
[2024-04-25T06:05:33.198+0000] {logging_mixin.py:188} INFO - [2024-04-25T06:05:33.198+0000] {dag.py:3036} INFO - Sync 1 DAGs
[2024-04-25T06:05:33.250+0000] {logging_mixin.py:188} INFO - [2024-04-25T06:05:33.250+0000] {dag.py:3823} INFO - Setting next_dagrun for example_task_group_decorator to 2024-04-24 00:00:00+00:00, run_after=2024-04-25 00:00:00+00:00
[2024-04-25T06:05:33.298+0000] {processor.py:183} INFO - Processing /home/airflow/.local/lib/python3.8/site-packages/airflow/example_dags/example_task_group_decorator.py took 0.234 seconds
[2024-04-25T06:06:03.429+0000] {processor.py:161} INFO - Started process (PID=792) to work on /home/airflow/.local/lib/python3.8/site-packages/airflow/example_dags/example_task_group_decorator.py
[2024-04-25T06:06:03.433+0000] {processor.py:830} INFO - Processing file /home/airflow/.local/lib/python3.8/site-packages/airflow/example_dags/example_task_group_decorator.py for tasks to queue
[2024-04-25T06:06:03.438+0000] {logging_mixin.py:188} INFO - [2024-04-25T06:06:03.437+0000] {dagbag.py:538} INFO - Filling up the DagBag from /home/airflow/.local/lib/python3.8/site-packages/airflow/example_dags/example_task_group_decorator.py
[2024-04-25T06:06:03.487+0000] {processor.py:840} INFO - DAG(s) 'example_task_group_decorator' retrieved from /home/airflow/.local/lib/python3.8/site-packages/airflow/example_dags/example_task_group_decorator.py
[2024-04-25T06:06:03.578+0000] {logging_mixin.py:188} INFO - [2024-04-25T06:06:03.577+0000] {dag.py:3036} INFO - Sync 1 DAGs
[2024-04-25T06:06:03.648+0000] {logging_mixin.py:188} INFO - [2024-04-25T06:06:03.648+0000] {dag.py:3823} INFO - Setting next_dagrun for example_task_group_decorator to 2024-04-24 00:00:00+00:00, run_after=2024-04-25 00:00:00+00:00
[2024-04-25T06:06:03.700+0000] {processor.py:183} INFO - Processing /home/airflow/.local/lib/python3.8/site-packages/airflow/example_dags/example_task_group_decorator.py took 0.283 seconds
[2024-04-25T06:06:33.867+0000] {processor.py:161} INFO - Started process (PID=851) to work on /home/airflow/.local/lib/python3.8/site-packages/airflow/example_dags/example_task_group_decorator.py
[2024-04-25T06:06:33.871+0000] {processor.py:830} INFO - Processing file /home/airflow/.local/lib/python3.8/site-packages/airflow/example_dags/example_task_group_decorator.py for tasks to queue
[2024-04-25T06:06:33.875+0000] {logging_mixin.py:188} INFO - [2024-04-25T06:06:33.874+0000] {dagbag.py:538} INFO - Filling up the DagBag from /home/airflow/.local/lib/python3.8/site-packages/airflow/example_dags/example_task_group_decorator.py
[2024-04-25T06:06:33.906+0000] {processor.py:840} INFO - DAG(s) 'example_task_group_decorator' retrieved from /home/airflow/.local/lib/python3.8/site-packages/airflow/example_dags/example_task_group_decorator.py
[2024-04-25T06:06:33.968+0000] {logging_mixin.py:188} INFO - [2024-04-25T06:06:33.967+0000] {dag.py:3036} INFO - Sync 1 DAGs
[2024-04-25T06:06:34.020+0000] {logging_mixin.py:188} INFO - [2024-04-25T06:06:34.019+0000] {dag.py:3823} INFO - Setting next_dagrun for example_task_group_decorator to 2024-04-24 00:00:00+00:00, run_after=2024-04-25 00:00:00+00:00
[2024-04-25T06:06:34.056+0000] {processor.py:183} INFO - Processing /home/airflow/.local/lib/python3.8/site-packages/airflow/example_dags/example_task_group_decorator.py took 0.197 seconds
[2024-04-25T06:07:05.726+0000] {processor.py:161} INFO - Started process (PID=910) to work on /home/airflow/.local/lib/python3.8/site-packages/airflow/example_dags/example_task_group_decorator.py
[2024-04-25T06:07:05.732+0000] {processor.py:830} INFO - Processing file /home/airflow/.local/lib/python3.8/site-packages/airflow/example_dags/example_task_group_decorator.py for tasks to queue
[2024-04-25T06:07:05.743+0000] {logging_mixin.py:188} INFO - [2024-04-25T06:07:05.741+0000] {dagbag.py:538} INFO - Filling up the DagBag from /home/airflow/.local/lib/python3.8/site-packages/airflow/example_dags/example_task_group_decorator.py
[2024-04-25T06:07:06.029+0000] {processor.py:840} INFO - DAG(s) 'example_task_group_decorator' retrieved from /home/airflow/.local/lib/python3.8/site-packages/airflow/example_dags/example_task_group_decorator.py
[2024-04-25T06:07:06.170+0000] {logging_mixin.py:188} INFO - [2024-04-25T06:07:06.169+0000] {dag.py:3036} INFO - Sync 1 DAGs
[2024-04-25T06:07:06.286+0000] {logging_mixin.py:188} INFO - [2024-04-25T06:07:06.285+0000] {dag.py:3823} INFO - Setting next_dagrun for example_task_group_decorator to 2024-04-24 00:00:00+00:00, run_after=2024-04-25 00:00:00+00:00
[2024-04-25T06:07:06.362+0000] {processor.py:183} INFO - Processing /home/airflow/.local/lib/python3.8/site-packages/airflow/example_dags/example_task_group_decorator.py took 0.750 seconds
[2024-04-25T06:07:36.586+0000] {processor.py:161} INFO - Started process (PID=969) to work on /home/airflow/.local/lib/python3.8/site-packages/airflow/example_dags/example_task_group_decorator.py
[2024-04-25T06:07:36.588+0000] {processor.py:830} INFO - Processing file /home/airflow/.local/lib/python3.8/site-packages/airflow/example_dags/example_task_group_decorator.py for tasks to queue
[2024-04-25T06:07:36.592+0000] {logging_mixin.py:188} INFO - [2024-04-25T06:07:36.591+0000] {dagbag.py:538} INFO - Filling up the DagBag from /home/airflow/.local/lib/python3.8/site-packages/airflow/example_dags/example_task_group_decorator.py
[2024-04-25T06:07:36.631+0000] {processor.py:840} INFO - DAG(s) 'example_task_group_decorator' retrieved from /home/airflow/.local/lib/python3.8/site-packages/airflow/example_dags/example_task_group_decorator.py
[2024-04-25T06:07:36.687+0000] {logging_mixin.py:188} INFO - [2024-04-25T06:07:36.687+0000] {dag.py:3036} INFO - Sync 1 DAGs
[2024-04-25T06:07:36.727+0000] {logging_mixin.py:188} INFO - [2024-04-25T06:07:36.727+0000] {dag.py:3823} INFO - Setting next_dagrun for example_task_group_decorator to 2024-04-24 00:00:00+00:00, run_after=2024-04-25 00:00:00+00:00
[2024-04-25T06:07:36.765+0000] {processor.py:183} INFO - Processing /home/airflow/.local/lib/python3.8/site-packages/airflow/example_dags/example_task_group_decorator.py took 0.186 seconds
[2024-04-25T06:08:07.771+0000] {processor.py:161} INFO - Started process (PID=1028) to work on /home/airflow/.local/lib/python3.8/site-packages/airflow/example_dags/example_task_group_decorator.py
[2024-04-25T06:08:07.775+0000] {processor.py:830} INFO - Processing file /home/airflow/.local/lib/python3.8/site-packages/airflow/example_dags/example_task_group_decorator.py for tasks to queue
[2024-04-25T06:08:07.782+0000] {logging_mixin.py:188} INFO - [2024-04-25T06:08:07.781+0000] {dagbag.py:538} INFO - Filling up the DagBag from /home/airflow/.local/lib/python3.8/site-packages/airflow/example_dags/example_task_group_decorator.py
[2024-04-25T06:08:07.825+0000] {processor.py:840} INFO - DAG(s) 'example_task_group_decorator' retrieved from /home/airflow/.local/lib/python3.8/site-packages/airflow/example_dags/example_task_group_decorator.py
[2024-04-25T06:08:07.893+0000] {logging_mixin.py:188} INFO - [2024-04-25T06:08:07.892+0000] {dag.py:3036} INFO - Sync 1 DAGs
[2024-04-25T06:08:07.956+0000] {logging_mixin.py:188} INFO - [2024-04-25T06:08:07.955+0000] {dag.py:3823} INFO - Setting next_dagrun for example_task_group_decorator to 2024-04-24 00:00:00+00:00, run_after=2024-04-25 00:00:00+00:00
[2024-04-25T06:08:08.018+0000] {processor.py:183} INFO - Processing /home/airflow/.local/lib/python3.8/site-packages/airflow/example_dags/example_task_group_decorator.py took 0.258 seconds
[2024-04-25T06:08:38.605+0000] {processor.py:161} INFO - Started process (PID=1087) to work on /home/airflow/.local/lib/python3.8/site-packages/airflow/example_dags/example_task_group_decorator.py
[2024-04-25T06:08:38.608+0000] {processor.py:830} INFO - Processing file /home/airflow/.local/lib/python3.8/site-packages/airflow/example_dags/example_task_group_decorator.py for tasks to queue
[2024-04-25T06:08:38.613+0000] {logging_mixin.py:188} INFO - [2024-04-25T06:08:38.612+0000] {dagbag.py:538} INFO - Filling up the DagBag from /home/airflow/.local/lib/python3.8/site-packages/airflow/example_dags/example_task_group_decorator.py
[2024-04-25T06:08:38.646+0000] {processor.py:840} INFO - DAG(s) 'example_task_group_decorator' retrieved from /home/airflow/.local/lib/python3.8/site-packages/airflow/example_dags/example_task_group_decorator.py
[2024-04-25T06:08:38.725+0000] {logging_mixin.py:188} INFO - [2024-04-25T06:08:38.724+0000] {dag.py:3036} INFO - Sync 1 DAGs
[2024-04-25T06:08:38.789+0000] {logging_mixin.py:188} INFO - [2024-04-25T06:08:38.788+0000] {dag.py:3823} INFO - Setting next_dagrun for example_task_group_decorator to 2024-04-24 00:00:00+00:00, run_after=2024-04-25 00:00:00+00:00
[2024-04-25T06:08:38.833+0000] {processor.py:183} INFO - Processing /home/airflow/.local/lib/python3.8/site-packages/airflow/example_dags/example_task_group_decorator.py took 0.234 seconds
[2024-04-25T06:09:09.897+0000] {processor.py:161} INFO - Started process (PID=1146) to work on /home/airflow/.local/lib/python3.8/site-packages/airflow/example_dags/example_task_group_decorator.py
[2024-04-25T06:09:09.900+0000] {processor.py:830} INFO - Processing file /home/airflow/.local/lib/python3.8/site-packages/airflow/example_dags/example_task_group_decorator.py for tasks to queue
[2024-04-25T06:09:09.907+0000] {logging_mixin.py:188} INFO - [2024-04-25T06:09:09.906+0000] {dagbag.py:538} INFO - Filling up the DagBag from /home/airflow/.local/lib/python3.8/site-packages/airflow/example_dags/example_task_group_decorator.py
[2024-04-25T06:09:09.952+0000] {processor.py:840} INFO - DAG(s) 'example_task_group_decorator' retrieved from /home/airflow/.local/lib/python3.8/site-packages/airflow/example_dags/example_task_group_decorator.py
[2024-04-25T06:09:10.025+0000] {logging_mixin.py:188} INFO - [2024-04-25T06:09:10.023+0000] {dag.py:3036} INFO - Sync 1 DAGs
[2024-04-25T06:09:10.149+0000] {logging_mixin.py:188} INFO - [2024-04-25T06:09:10.148+0000] {dag.py:3823} INFO - Setting next_dagrun for example_task_group_decorator to 2024-04-24 00:00:00+00:00, run_after=2024-04-25 00:00:00+00:00
[2024-04-25T06:09:10.249+0000] {processor.py:183} INFO - Processing /home/airflow/.local/lib/python3.8/site-packages/airflow/example_dags/example_task_group_decorator.py took 0.361 seconds
[2024-04-25T06:09:41.600+0000] {processor.py:161} INFO - Started process (PID=1211) to work on /home/airflow/.local/lib/python3.8/site-packages/airflow/example_dags/example_task_group_decorator.py
[2024-04-25T06:09:41.605+0000] {processor.py:830} INFO - Processing file /home/airflow/.local/lib/python3.8/site-packages/airflow/example_dags/example_task_group_decorator.py for tasks to queue
[2024-04-25T06:09:41.612+0000] {logging_mixin.py:188} INFO - [2024-04-25T06:09:41.610+0000] {dagbag.py:538} INFO - Filling up the DagBag from /home/airflow/.local/lib/python3.8/site-packages/airflow/example_dags/example_task_group_decorator.py
[2024-04-25T06:09:41.658+0000] {processor.py:840} INFO - DAG(s) 'example_task_group_decorator' retrieved from /home/airflow/.local/lib/python3.8/site-packages/airflow/example_dags/example_task_group_decorator.py
[2024-04-25T06:09:41.739+0000] {logging_mixin.py:188} INFO - [2024-04-25T06:09:41.738+0000] {dag.py:3036} INFO - Sync 1 DAGs
[2024-04-25T06:09:41.801+0000] {logging_mixin.py:188} INFO - [2024-04-25T06:09:41.800+0000] {dag.py:3823} INFO - Setting next_dagrun for example_task_group_decorator to 2024-04-24 00:00:00+00:00, run_after=2024-04-25 00:00:00+00:00
[2024-04-25T06:09:41.856+0000] {processor.py:183} INFO - Processing /home/airflow/.local/lib/python3.8/site-packages/airflow/example_dags/example_task_group_decorator.py took 0.267 seconds
[2024-04-25T06:10:12.373+0000] {processor.py:161} INFO - Started process (PID=1268) to work on /home/airflow/.local/lib/python3.8/site-packages/airflow/example_dags/example_task_group_decorator.py
[2024-04-25T06:10:12.377+0000] {processor.py:830} INFO - Processing file /home/airflow/.local/lib/python3.8/site-packages/airflow/example_dags/example_task_group_decorator.py for tasks to queue
[2024-04-25T06:10:12.385+0000] {logging_mixin.py:188} INFO - [2024-04-25T06:10:12.384+0000] {dagbag.py:538} INFO - Filling up the DagBag from /home/airflow/.local/lib/python3.8/site-packages/airflow/example_dags/example_task_group_decorator.py
[2024-04-25T06:10:12.438+0000] {processor.py:840} INFO - DAG(s) 'example_task_group_decorator' retrieved from /home/airflow/.local/lib/python3.8/site-packages/airflow/example_dags/example_task_group_decorator.py
[2024-04-25T06:10:12.512+0000] {logging_mixin.py:188} INFO - [2024-04-25T06:10:12.512+0000] {dag.py:3036} INFO - Sync 1 DAGs
[2024-04-25T06:10:12.576+0000] {logging_mixin.py:188} INFO - [2024-04-25T06:10:12.576+0000] {dag.py:3823} INFO - Setting next_dagrun for example_task_group_decorator to 2024-04-24 00:00:00+00:00, run_after=2024-04-25 00:00:00+00:00
[2024-04-25T06:10:12.637+0000] {processor.py:183} INFO - Processing /home/airflow/.local/lib/python3.8/site-packages/airflow/example_dags/example_task_group_decorator.py took 0.276 seconds
[2024-04-25T06:10:43.136+0000] {processor.py:161} INFO - Started process (PID=1325) to work on /home/airflow/.local/lib/python3.8/site-packages/airflow/example_dags/example_task_group_decorator.py
[2024-04-25T06:10:43.144+0000] {processor.py:830} INFO - Processing file /home/airflow/.local/lib/python3.8/site-packages/airflow/example_dags/example_task_group_decorator.py for tasks to queue
[2024-04-25T06:10:43.154+0000] {logging_mixin.py:188} INFO - [2024-04-25T06:10:43.152+0000] {dagbag.py:538} INFO - Filling up the DagBag from /home/airflow/.local/lib/python3.8/site-packages/airflow/example_dags/example_task_group_decorator.py
[2024-04-25T06:10:43.288+0000] {processor.py:840} INFO - DAG(s) 'example_task_group_decorator' retrieved from /home/airflow/.local/lib/python3.8/site-packages/airflow/example_dags/example_task_group_decorator.py
[2024-04-25T06:10:43.496+0000] {logging_mixin.py:188} INFO - [2024-04-25T06:10:43.496+0000] {dag.py:3036} INFO - Sync 1 DAGs
[2024-04-25T06:10:43.685+0000] {logging_mixin.py:188} INFO - [2024-04-25T06:10:43.684+0000] {dag.py:3823} INFO - Setting next_dagrun for example_task_group_decorator to 2024-04-24 00:00:00+00:00, run_after=2024-04-25 00:00:00+00:00
[2024-04-25T06:10:43.829+0000] {processor.py:183} INFO - Processing /home/airflow/.local/lib/python3.8/site-packages/airflow/example_dags/example_task_group_decorator.py took 0.712 seconds
[2024-04-25T06:52:14.961+0000] {processor.py:161} INFO - Started process (PID=97) to work on /home/airflow/.local/lib/python3.8/site-packages/airflow/example_dags/example_task_group_decorator.py
[2024-04-25T06:52:15.051+0000] {processor.py:830} INFO - Processing file /home/airflow/.local/lib/python3.8/site-packages/airflow/example_dags/example_task_group_decorator.py for tasks to queue
[2024-04-25T06:52:15.144+0000] {logging_mixin.py:188} INFO - [2024-04-25T06:52:15.142+0000] {dagbag.py:538} INFO - Filling up the DagBag from /home/airflow/.local/lib/python3.8/site-packages/airflow/example_dags/example_task_group_decorator.py
[2024-04-25T06:52:15.379+0000] {processor.py:840} INFO - DAG(s) 'example_task_group_decorator' retrieved from /home/airflow/.local/lib/python3.8/site-packages/airflow/example_dags/example_task_group_decorator.py
[2024-04-25T06:52:17.412+0000] {logging_mixin.py:188} INFO - [2024-04-25T06:52:17.411+0000] {dag.py:3036} INFO - Sync 1 DAGs
[2024-04-25T06:52:17.749+0000] {logging_mixin.py:188} INFO - [2024-04-25T06:52:17.742+0000] {dag.py:3823} INFO - Setting next_dagrun for example_task_group_decorator to 2024-04-24 00:00:00+00:00, run_after=2024-04-25 00:00:00+00:00
[2024-04-25T06:52:18.041+0000] {processor.py:183} INFO - Processing /home/airflow/.local/lib/python3.8/site-packages/airflow/example_dags/example_task_group_decorator.py took 3.377 seconds
[2024-04-25T06:53:30.203+0000] {processor.py:161} INFO - Started process (PID=173) to work on /home/airflow/.local/lib/python3.8/site-packages/airflow/example_dags/example_task_group_decorator.py
[2024-04-25T06:53:30.278+0000] {processor.py:830} INFO - Processing file /home/airflow/.local/lib/python3.8/site-packages/airflow/example_dags/example_task_group_decorator.py for tasks to queue
[2024-04-25T06:53:30.443+0000] {logging_mixin.py:188} INFO - [2024-04-25T06:53:30.440+0000] {dagbag.py:538} INFO - Filling up the DagBag from /home/airflow/.local/lib/python3.8/site-packages/airflow/example_dags/example_task_group_decorator.py
[2024-04-25T06:53:30.640+0000] {processor.py:840} INFO - DAG(s) 'example_task_group_decorator' retrieved from /home/airflow/.local/lib/python3.8/site-packages/airflow/example_dags/example_task_group_decorator.py
[2024-04-25T06:53:30.793+0000] {logging_mixin.py:188} INFO - [2024-04-25T06:53:30.791+0000] {dag.py:3036} INFO - Sync 1 DAGs
[2024-04-25T06:53:31.022+0000] {logging_mixin.py:188} INFO - [2024-04-25T06:53:31.021+0000] {dag.py:3823} INFO - Setting next_dagrun for example_task_group_decorator to 2024-04-24 00:00:00+00:00, run_after=2024-04-25 00:00:00+00:00
[2024-04-25T06:53:31.206+0000] {processor.py:183} INFO - Processing /home/airflow/.local/lib/python3.8/site-packages/airflow/example_dags/example_task_group_decorator.py took 1.020 seconds
[2024-04-25T06:54:07.353+0000] {processor.py:161} INFO - Started process (PID=243) to work on /home/airflow/.local/lib/python3.8/site-packages/airflow/example_dags/example_task_group_decorator.py
[2024-04-25T06:54:07.363+0000] {processor.py:830} INFO - Processing file /home/airflow/.local/lib/python3.8/site-packages/airflow/example_dags/example_task_group_decorator.py for tasks to queue
[2024-04-25T06:54:07.373+0000] {logging_mixin.py:188} INFO - [2024-04-25T06:54:07.372+0000] {dagbag.py:538} INFO - Filling up the DagBag from /home/airflow/.local/lib/python3.8/site-packages/airflow/example_dags/example_task_group_decorator.py
[2024-04-25T06:54:07.985+0000] {processor.py:840} INFO - DAG(s) 'example_task_group_decorator' retrieved from /home/airflow/.local/lib/python3.8/site-packages/airflow/example_dags/example_task_group_decorator.py
[2024-04-25T06:54:08.329+0000] {logging_mixin.py:188} INFO - [2024-04-25T06:54:08.328+0000] {dag.py:3036} INFO - Sync 1 DAGs
[2024-04-25T06:54:08.505+0000] {logging_mixin.py:188} INFO - [2024-04-25T06:54:08.504+0000] {dag.py:3823} INFO - Setting next_dagrun for example_task_group_decorator to 2024-04-24 00:00:00+00:00, run_after=2024-04-25 00:00:00+00:00
[2024-04-25T06:54:08.642+0000] {processor.py:183} INFO - Processing /home/airflow/.local/lib/python3.8/site-packages/airflow/example_dags/example_task_group_decorator.py took 1.323 seconds
[2024-04-25T06:54:42.921+0000] {processor.py:161} INFO - Started process (PID=319) to work on /home/airflow/.local/lib/python3.8/site-packages/airflow/example_dags/example_task_group_decorator.py
[2024-04-25T06:54:42.929+0000] {processor.py:830} INFO - Processing file /home/airflow/.local/lib/python3.8/site-packages/airflow/example_dags/example_task_group_decorator.py for tasks to queue
[2024-04-25T06:54:42.944+0000] {logging_mixin.py:188} INFO - [2024-04-25T06:54:42.941+0000] {dagbag.py:538} INFO - Filling up the DagBag from /home/airflow/.local/lib/python3.8/site-packages/airflow/example_dags/example_task_group_decorator.py
[2024-04-25T06:54:43.028+0000] {processor.py:840} INFO - DAG(s) 'example_task_group_decorator' retrieved from /home/airflow/.local/lib/python3.8/site-packages/airflow/example_dags/example_task_group_decorator.py
[2024-04-25T06:54:43.175+0000] {logging_mixin.py:188} INFO - [2024-04-25T06:54:43.174+0000] {dag.py:3036} INFO - Sync 1 DAGs
[2024-04-25T06:54:43.357+0000] {logging_mixin.py:188} INFO - [2024-04-25T06:54:43.355+0000] {dag.py:3823} INFO - Setting next_dagrun for example_task_group_decorator to 2024-04-24 00:00:00+00:00, run_after=2024-04-25 00:00:00+00:00
[2024-04-25T06:54:43.449+0000] {processor.py:183} INFO - Processing /home/airflow/.local/lib/python3.8/site-packages/airflow/example_dags/example_task_group_decorator.py took 0.545 seconds
[2024-04-25T06:55:21.252+0000] {processor.py:161} INFO - Started process (PID=388) to work on /home/airflow/.local/lib/python3.8/site-packages/airflow/example_dags/example_task_group_decorator.py
[2024-04-25T06:55:21.259+0000] {processor.py:830} INFO - Processing file /home/airflow/.local/lib/python3.8/site-packages/airflow/example_dags/example_task_group_decorator.py for tasks to queue
[2024-04-25T06:55:21.269+0000] {logging_mixin.py:188} INFO - [2024-04-25T06:55:21.268+0000] {dagbag.py:538} INFO - Filling up the DagBag from /home/airflow/.local/lib/python3.8/site-packages/airflow/example_dags/example_task_group_decorator.py
[2024-04-25T06:55:21.361+0000] {processor.py:840} INFO - DAG(s) 'example_task_group_decorator' retrieved from /home/airflow/.local/lib/python3.8/site-packages/airflow/example_dags/example_task_group_decorator.py
[2024-04-25T06:55:21.501+0000] {logging_mixin.py:188} INFO - [2024-04-25T06:55:21.500+0000] {dag.py:3036} INFO - Sync 1 DAGs
[2024-04-25T06:55:21.598+0000] {logging_mixin.py:188} INFO - [2024-04-25T06:55:21.597+0000] {dag.py:3823} INFO - Setting next_dagrun for example_task_group_decorator to 2024-04-24 00:00:00+00:00, run_after=2024-04-25 00:00:00+00:00
[2024-04-25T06:55:21.692+0000] {processor.py:183} INFO - Processing /home/airflow/.local/lib/python3.8/site-packages/airflow/example_dags/example_task_group_decorator.py took 0.454 seconds
[2024-04-25T06:55:56.497+0000] {processor.py:161} INFO - Started process (PID=458) to work on /home/airflow/.local/lib/python3.8/site-packages/airflow/example_dags/example_task_group_decorator.py
[2024-04-25T06:55:56.512+0000] {processor.py:830} INFO - Processing file /home/airflow/.local/lib/python3.8/site-packages/airflow/example_dags/example_task_group_decorator.py for tasks to queue
[2024-04-25T06:55:56.519+0000] {logging_mixin.py:188} INFO - [2024-04-25T06:55:56.518+0000] {dagbag.py:538} INFO - Filling up the DagBag from /home/airflow/.local/lib/python3.8/site-packages/airflow/example_dags/example_task_group_decorator.py
[2024-04-25T06:55:56.634+0000] {processor.py:840} INFO - DAG(s) 'example_task_group_decorator' retrieved from /home/airflow/.local/lib/python3.8/site-packages/airflow/example_dags/example_task_group_decorator.py
[2024-04-25T06:55:56.761+0000] {logging_mixin.py:188} INFO - [2024-04-25T06:55:56.760+0000] {dag.py:3036} INFO - Sync 1 DAGs
[2024-04-25T06:55:56.899+0000] {logging_mixin.py:188} INFO - [2024-04-25T06:55:56.897+0000] {dag.py:3823} INFO - Setting next_dagrun for example_task_group_decorator to 2024-04-24 00:00:00+00:00, run_after=2024-04-25 00:00:00+00:00
[2024-04-25T06:55:56.999+0000] {processor.py:183} INFO - Processing /home/airflow/.local/lib/python3.8/site-packages/airflow/example_dags/example_task_group_decorator.py took 0.515 seconds
[2024-04-25T06:56:34.426+0000] {processor.py:161} INFO - Started process (PID=528) to work on /home/airflow/.local/lib/python3.8/site-packages/airflow/example_dags/example_task_group_decorator.py
[2024-04-25T06:56:34.432+0000] {processor.py:830} INFO - Processing file /home/airflow/.local/lib/python3.8/site-packages/airflow/example_dags/example_task_group_decorator.py for tasks to queue
[2024-04-25T06:56:34.442+0000] {logging_mixin.py:188} INFO - [2024-04-25T06:56:34.441+0000] {dagbag.py:538} INFO - Filling up the DagBag from /home/airflow/.local/lib/python3.8/site-packages/airflow/example_dags/example_task_group_decorator.py
[2024-04-25T06:56:34.517+0000] {processor.py:840} INFO - DAG(s) 'example_task_group_decorator' retrieved from /home/airflow/.local/lib/python3.8/site-packages/airflow/example_dags/example_task_group_decorator.py
[2024-04-25T06:56:34.635+0000] {logging_mixin.py:188} INFO - [2024-04-25T06:56:34.634+0000] {dag.py:3036} INFO - Sync 1 DAGs
[2024-04-25T06:56:34.765+0000] {logging_mixin.py:188} INFO - [2024-04-25T06:56:34.764+0000] {dag.py:3823} INFO - Setting next_dagrun for example_task_group_decorator to 2024-04-24 00:00:00+00:00, run_after=2024-04-25 00:00:00+00:00
[2024-04-25T06:56:34.888+0000] {processor.py:183} INFO - Processing /home/airflow/.local/lib/python3.8/site-packages/airflow/example_dags/example_task_group_decorator.py took 0.478 seconds
[2024-04-25T06:57:22.828+0000] {processor.py:161} INFO - Started process (PID=606) to work on /home/airflow/.local/lib/python3.8/site-packages/airflow/example_dags/example_task_group_decorator.py
[2024-04-25T06:57:25.667+0000] {processor.py:830} INFO - Processing file /home/airflow/.local/lib/python3.8/site-packages/airflow/example_dags/example_task_group_decorator.py for tasks to queue
[2024-04-25T06:57:28.290+0000] {logging_mixin.py:188} INFO - [2024-04-25T06:57:28.212+0000] {dagbag.py:538} INFO - Filling up the DagBag from /home/airflow/.local/lib/python3.8/site-packages/airflow/example_dags/example_task_group_decorator.py
[2024-04-25T06:57:32.088+0000] {processor.py:840} INFO - DAG(s) 'example_task_group_decorator' retrieved from /home/airflow/.local/lib/python3.8/site-packages/airflow/example_dags/example_task_group_decorator.py
[2024-04-25T06:57:32.994+0000] {logging_mixin.py:188} INFO - [2024-04-25T06:57:32.993+0000] {dag.py:3036} INFO - Sync 1 DAGs
[2024-04-25T06:57:33.315+0000] {logging_mixin.py:188} INFO - [2024-04-25T06:57:33.312+0000] {dag.py:3823} INFO - Setting next_dagrun for example_task_group_decorator to 2024-04-24 00:00:00+00:00, run_after=2024-04-25 00:00:00+00:00
[2024-04-25T06:57:33.609+0000] {processor.py:183} INFO - Processing /home/airflow/.local/lib/python3.8/site-packages/airflow/example_dags/example_task_group_decorator.py took 11.675 seconds
[2024-04-25T07:03:26.314+0000] {processor.py:161} INFO - Started process (PID=735) to work on /home/airflow/.local/lib/python3.8/site-packages/airflow/example_dags/example_task_group_decorator.py
[2024-04-25T07:03:26.452+0000] {processor.py:830} INFO - Processing file /home/airflow/.local/lib/python3.8/site-packages/airflow/example_dags/example_task_group_decorator.py for tasks to queue
[2024-04-25T07:03:26.485+0000] {logging_mixin.py:188} INFO - [2024-04-25T07:03:26.473+0000] {dagbag.py:538} INFO - Filling up the DagBag from /home/airflow/.local/lib/python3.8/site-packages/airflow/example_dags/example_task_group_decorator.py
[2024-04-25T07:03:30.270+0000] {processor.py:840} INFO - DAG(s) 'example_task_group_decorator' retrieved from /home/airflow/.local/lib/python3.8/site-packages/airflow/example_dags/example_task_group_decorator.py
[2024-04-25T07:03:33.754+0000] {logging_mixin.py:188} INFO - [2024-04-25T07:03:33.732+0000] {dag.py:3036} INFO - Sync 1 DAGs
[2024-04-25T07:03:36.501+0000] {logging_mixin.py:188} INFO - [2024-04-25T07:03:36.464+0000] {dag.py:3823} INFO - Setting next_dagrun for example_task_group_decorator to 2024-04-24 00:00:00+00:00, run_after=2024-04-25 00:00:00+00:00
[2024-04-25T07:03:43.525+0000] {processor.py:183} INFO - Processing /home/airflow/.local/lib/python3.8/site-packages/airflow/example_dags/example_task_group_decorator.py took 16.974 seconds
[2024-04-25T07:51:02.859+0000] {processor.py:161} INFO - Started process (PID=62) to work on /home/airflow/.local/lib/python3.8/site-packages/airflow/example_dags/example_task_group_decorator.py
[2024-04-25T07:51:02.868+0000] {processor.py:830} INFO - Processing file /home/airflow/.local/lib/python3.8/site-packages/airflow/example_dags/example_task_group_decorator.py for tasks to queue
[2024-04-25T07:51:02.878+0000] {logging_mixin.py:188} INFO - [2024-04-25T07:51:02.876+0000] {dagbag.py:538} INFO - Filling up the DagBag from /home/airflow/.local/lib/python3.8/site-packages/airflow/example_dags/example_task_group_decorator.py
[2024-04-25T07:51:02.966+0000] {processor.py:840} INFO - DAG(s) 'example_task_group_decorator' retrieved from /home/airflow/.local/lib/python3.8/site-packages/airflow/example_dags/example_task_group_decorator.py
[2024-04-25T07:51:03.441+0000] {logging_mixin.py:188} INFO - [2024-04-25T07:51:03.440+0000] {dag.py:3036} INFO - Sync 1 DAGs
[2024-04-25T07:51:03.534+0000] {logging_mixin.py:188} INFO - [2024-04-25T07:51:03.533+0000] {dag.py:3823} INFO - Setting next_dagrun for example_task_group_decorator to 2024-04-24 00:00:00+00:00, run_after=2024-04-25 00:00:00+00:00
[2024-04-25T07:51:03.644+0000] {processor.py:183} INFO - Processing /home/airflow/.local/lib/python3.8/site-packages/airflow/example_dags/example_task_group_decorator.py took 0.801 seconds
[2024-04-25T07:51:38.155+0000] {processor.py:161} INFO - Started process (PID=132) to work on /home/airflow/.local/lib/python3.8/site-packages/airflow/example_dags/example_task_group_decorator.py
[2024-04-25T07:51:38.163+0000] {processor.py:830} INFO - Processing file /home/airflow/.local/lib/python3.8/site-packages/airflow/example_dags/example_task_group_decorator.py for tasks to queue
[2024-04-25T07:51:38.174+0000] {logging_mixin.py:188} INFO - [2024-04-25T07:51:38.173+0000] {dagbag.py:538} INFO - Filling up the DagBag from /home/airflow/.local/lib/python3.8/site-packages/airflow/example_dags/example_task_group_decorator.py
[2024-04-25T07:51:38.257+0000] {processor.py:840} INFO - DAG(s) 'example_task_group_decorator' retrieved from /home/airflow/.local/lib/python3.8/site-packages/airflow/example_dags/example_task_group_decorator.py
[2024-04-25T07:51:38.470+0000] {logging_mixin.py:188} INFO - [2024-04-25T07:51:38.469+0000] {dag.py:3036} INFO - Sync 1 DAGs
[2024-04-25T07:51:38.618+0000] {logging_mixin.py:188} INFO - [2024-04-25T07:51:38.617+0000] {dag.py:3823} INFO - Setting next_dagrun for example_task_group_decorator to 2024-04-24 00:00:00+00:00, run_after=2024-04-25 00:00:00+00:00
[2024-04-25T07:51:38.712+0000] {processor.py:183} INFO - Processing /home/airflow/.local/lib/python3.8/site-packages/airflow/example_dags/example_task_group_decorator.py took 0.573 seconds
[2024-04-25T07:52:18.362+0000] {processor.py:161} INFO - Started process (PID=202) to work on /home/airflow/.local/lib/python3.8/site-packages/airflow/example_dags/example_task_group_decorator.py
[2024-04-25T07:52:18.371+0000] {processor.py:830} INFO - Processing file /home/airflow/.local/lib/python3.8/site-packages/airflow/example_dags/example_task_group_decorator.py for tasks to queue
[2024-04-25T07:52:18.389+0000] {logging_mixin.py:188} INFO - [2024-04-25T07:52:18.388+0000] {dagbag.py:538} INFO - Filling up the DagBag from /home/airflow/.local/lib/python3.8/site-packages/airflow/example_dags/example_task_group_decorator.py
[2024-04-25T07:52:18.549+0000] {processor.py:840} INFO - DAG(s) 'example_task_group_decorator' retrieved from /home/airflow/.local/lib/python3.8/site-packages/airflow/example_dags/example_task_group_decorator.py
[2024-04-25T07:52:18.717+0000] {logging_mixin.py:188} INFO - [2024-04-25T07:52:18.715+0000] {dag.py:3036} INFO - Sync 1 DAGs
[2024-04-25T07:52:18.963+0000] {logging_mixin.py:188} INFO - [2024-04-25T07:52:18.940+0000] {dag.py:3823} INFO - Setting next_dagrun for example_task_group_decorator to 2024-04-24 00:00:00+00:00, run_after=2024-04-25 00:00:00+00:00
[2024-04-25T07:52:19.251+0000] {processor.py:183} INFO - Processing /home/airflow/.local/lib/python3.8/site-packages/airflow/example_dags/example_task_group_decorator.py took 0.904 seconds
[2024-04-25T07:52:51.743+0000] {processor.py:161} INFO - Started process (PID=272) to work on /home/airflow/.local/lib/python3.8/site-packages/airflow/example_dags/example_task_group_decorator.py
[2024-04-25T07:52:51.749+0000] {processor.py:830} INFO - Processing file /home/airflow/.local/lib/python3.8/site-packages/airflow/example_dags/example_task_group_decorator.py for tasks to queue
[2024-04-25T07:52:51.755+0000] {logging_mixin.py:188} INFO - [2024-04-25T07:52:51.754+0000] {dagbag.py:538} INFO - Filling up the DagBag from /home/airflow/.local/lib/python3.8/site-packages/airflow/example_dags/example_task_group_decorator.py
[2024-04-25T07:52:51.793+0000] {processor.py:840} INFO - DAG(s) 'example_task_group_decorator' retrieved from /home/airflow/.local/lib/python3.8/site-packages/airflow/example_dags/example_task_group_decorator.py
[2024-04-25T07:52:51.846+0000] {logging_mixin.py:188} INFO - [2024-04-25T07:52:51.845+0000] {dag.py:3036} INFO - Sync 1 DAGs
[2024-04-25T07:52:51.888+0000] {logging_mixin.py:188} INFO - [2024-04-25T07:52:51.888+0000] {dag.py:3823} INFO - Setting next_dagrun for example_task_group_decorator to 2024-04-24 00:00:00+00:00, run_after=2024-04-25 00:00:00+00:00
[2024-04-25T07:52:51.928+0000] {processor.py:183} INFO - Processing /home/airflow/.local/lib/python3.8/site-packages/airflow/example_dags/example_task_group_decorator.py took 0.194 seconds
[2024-04-25T07:53:29.436+0000] {processor.py:161} INFO - Started process (PID=348) to work on /home/airflow/.local/lib/python3.8/site-packages/airflow/example_dags/example_task_group_decorator.py
[2024-04-25T07:53:29.445+0000] {processor.py:830} INFO - Processing file /home/airflow/.local/lib/python3.8/site-packages/airflow/example_dags/example_task_group_decorator.py for tasks to queue
[2024-04-25T07:53:29.451+0000] {logging_mixin.py:188} INFO - [2024-04-25T07:53:29.450+0000] {dagbag.py:538} INFO - Filling up the DagBag from /home/airflow/.local/lib/python3.8/site-packages/airflow/example_dags/example_task_group_decorator.py
[2024-04-25T07:53:29.497+0000] {processor.py:840} INFO - DAG(s) 'example_task_group_decorator' retrieved from /home/airflow/.local/lib/python3.8/site-packages/airflow/example_dags/example_task_group_decorator.py
[2024-04-25T07:53:29.577+0000] {logging_mixin.py:188} INFO - [2024-04-25T07:53:29.576+0000] {dag.py:3036} INFO - Sync 1 DAGs
[2024-04-25T07:53:29.656+0000] {logging_mixin.py:188} INFO - [2024-04-25T07:53:29.655+0000] {dag.py:3823} INFO - Setting next_dagrun for example_task_group_decorator to 2024-04-24 00:00:00+00:00, run_after=2024-04-25 00:00:00+00:00
[2024-04-25T07:53:29.720+0000] {processor.py:183} INFO - Processing /home/airflow/.local/lib/python3.8/site-packages/airflow/example_dags/example_task_group_decorator.py took 0.293 seconds
