[2024-04-25T05:59:21.007+0000] {processor.py:161} INFO - Started process (PID=124) to work on /home/airflow/.local/lib/python3.8/site-packages/airflow/example_dags/example_sensor_decorator.py
[2024-04-25T05:59:21.013+0000] {processor.py:830} INFO - Processing file /home/airflow/.local/lib/python3.8/site-packages/airflow/example_dags/example_sensor_decorator.py for tasks to queue
[2024-04-25T05:59:21.022+0000] {logging_mixin.py:188} INFO - [2024-04-25T05:59:21.019+0000] {dagbag.py:538} INFO - Filling up the DagBag from /home/airflow/.local/lib/python3.8/site-packages/airflow/example_dags/example_sensor_decorator.py
[2024-04-25T05:59:21.068+0000] {processor.py:840} INFO - DAG(s) 'example_sensor_decorator' retrieved from /home/airflow/.local/lib/python3.8/site-packages/airflow/example_dags/example_sensor_decorator.py
[2024-04-25T05:59:21.509+0000] {logging_mixin.py:188} INFO - [2024-04-25T05:59:21.508+0000] {dag.py:3036} INFO - Sync 1 DAGs
[2024-04-25T05:59:21.553+0000] {logging_mixin.py:188} INFO - [2024-04-25T05:59:21.552+0000] {dag.py:3823} INFO - Setting next_dagrun for example_sensor_decorator to None, run_after=None
[2024-04-25T05:59:21.648+0000] {processor.py:183} INFO - Processing /home/airflow/.local/lib/python3.8/site-packages/airflow/example_dags/example_sensor_decorator.py took 0.666 seconds
[2024-04-25T06:00:36.422+0000] {processor.py:161} INFO - Started process (PID=218) to work on /home/airflow/.local/lib/python3.8/site-packages/airflow/example_dags/example_sensor_decorator.py
[2024-04-25T06:00:36.436+0000] {processor.py:830} INFO - Processing file /home/airflow/.local/lib/python3.8/site-packages/airflow/example_dags/example_sensor_decorator.py for tasks to queue
[2024-04-25T06:00:36.449+0000] {logging_mixin.py:188} INFO - [2024-04-25T06:00:36.447+0000] {dagbag.py:538} INFO - Filling up the DagBag from /home/airflow/.local/lib/python3.8/site-packages/airflow/example_dags/example_sensor_decorator.py
[2024-04-25T06:00:36.491+0000] {processor.py:840} INFO - DAG(s) 'example_sensor_decorator' retrieved from /home/airflow/.local/lib/python3.8/site-packages/airflow/example_dags/example_sensor_decorator.py
[2024-04-25T06:00:36.591+0000] {logging_mixin.py:188} INFO - [2024-04-25T06:00:36.590+0000] {dag.py:3036} INFO - Sync 1 DAGs
[2024-04-25T06:00:36.644+0000] {logging_mixin.py:188} INFO - [2024-04-25T06:00:36.643+0000] {dag.py:3823} INFO - Setting next_dagrun for example_sensor_decorator to None, run_after=None
[2024-04-25T06:00:36.738+0000] {processor.py:183} INFO - Processing /home/airflow/.local/lib/python3.8/site-packages/airflow/example_dags/example_sensor_decorator.py took 0.329 seconds
[2024-04-25T06:01:14.222+0000] {processor.py:161} INFO - Started process (PID=280) to work on /home/airflow/.local/lib/python3.8/site-packages/airflow/example_dags/example_sensor_decorator.py
[2024-04-25T06:01:14.228+0000] {processor.py:830} INFO - Processing file /home/airflow/.local/lib/python3.8/site-packages/airflow/example_dags/example_sensor_decorator.py for tasks to queue
[2024-04-25T06:01:14.240+0000] {logging_mixin.py:188} INFO - [2024-04-25T06:01:14.238+0000] {dagbag.py:538} INFO - Filling up the DagBag from /home/airflow/.local/lib/python3.8/site-packages/airflow/example_dags/example_sensor_decorator.py
[2024-04-25T06:01:14.280+0000] {processor.py:840} INFO - DAG(s) 'example_sensor_decorator' retrieved from /home/airflow/.local/lib/python3.8/site-packages/airflow/example_dags/example_sensor_decorator.py
[2024-04-25T06:01:14.436+0000] {logging_mixin.py:188} INFO - [2024-04-25T06:01:14.435+0000] {dag.py:3036} INFO - Sync 1 DAGs
[2024-04-25T06:01:14.529+0000] {logging_mixin.py:188} INFO - [2024-04-25T06:01:14.529+0000] {dag.py:3823} INFO - Setting next_dagrun for example_sensor_decorator to None, run_after=None
[2024-04-25T06:01:14.627+0000] {processor.py:183} INFO - Processing /home/airflow/.local/lib/python3.8/site-packages/airflow/example_dags/example_sensor_decorator.py took 0.432 seconds
[2024-04-25T06:01:57.305+0000] {processor.py:161} INFO - Started process (PID=346) to work on /home/airflow/.local/lib/python3.8/site-packages/airflow/example_dags/example_sensor_decorator.py
[2024-04-25T06:01:57.308+0000] {processor.py:830} INFO - Processing file /home/airflow/.local/lib/python3.8/site-packages/airflow/example_dags/example_sensor_decorator.py for tasks to queue
[2024-04-25T06:01:57.315+0000] {logging_mixin.py:188} INFO - [2024-04-25T06:01:57.314+0000] {dagbag.py:538} INFO - Filling up the DagBag from /home/airflow/.local/lib/python3.8/site-packages/airflow/example_dags/example_sensor_decorator.py
[2024-04-25T06:01:57.342+0000] {processor.py:840} INFO - DAG(s) 'example_sensor_decorator' retrieved from /home/airflow/.local/lib/python3.8/site-packages/airflow/example_dags/example_sensor_decorator.py
[2024-04-25T06:01:57.404+0000] {logging_mixin.py:188} INFO - [2024-04-25T06:01:57.404+0000] {dag.py:3036} INFO - Sync 1 DAGs
[2024-04-25T06:01:57.452+0000] {logging_mixin.py:188} INFO - [2024-04-25T06:01:57.451+0000] {dag.py:3823} INFO - Setting next_dagrun for example_sensor_decorator to None, run_after=None
[2024-04-25T06:01:57.578+0000] {processor.py:183} INFO - Processing /home/airflow/.local/lib/python3.8/site-packages/airflow/example_dags/example_sensor_decorator.py took 0.280 seconds
[2024-04-25T06:02:29.557+0000] {processor.py:161} INFO - Started process (PID=405) to work on /home/airflow/.local/lib/python3.8/site-packages/airflow/example_dags/example_sensor_decorator.py
[2024-04-25T06:02:29.563+0000] {processor.py:830} INFO - Processing file /home/airflow/.local/lib/python3.8/site-packages/airflow/example_dags/example_sensor_decorator.py for tasks to queue
[2024-04-25T06:02:29.576+0000] {logging_mixin.py:188} INFO - [2024-04-25T06:02:29.574+0000] {dagbag.py:538} INFO - Filling up the DagBag from /home/airflow/.local/lib/python3.8/site-packages/airflow/example_dags/example_sensor_decorator.py
[2024-04-25T06:02:29.610+0000] {processor.py:840} INFO - DAG(s) 'example_sensor_decorator' retrieved from /home/airflow/.local/lib/python3.8/site-packages/airflow/example_dags/example_sensor_decorator.py
[2024-04-25T06:02:29.736+0000] {logging_mixin.py:188} INFO - [2024-04-25T06:02:29.735+0000] {dag.py:3036} INFO - Sync 1 DAGs
[2024-04-25T06:02:29.882+0000] {logging_mixin.py:188} INFO - [2024-04-25T06:02:29.881+0000] {dag.py:3823} INFO - Setting next_dagrun for example_sensor_decorator to None, run_after=None
[2024-04-25T06:02:29.998+0000] {processor.py:183} INFO - Processing /home/airflow/.local/lib/python3.8/site-packages/airflow/example_dags/example_sensor_decorator.py took 0.456 seconds
[2024-04-25T06:03:12.736+0000] {processor.py:161} INFO - Started process (PID=470) to work on /home/airflow/.local/lib/python3.8/site-packages/airflow/example_dags/example_sensor_decorator.py
[2024-04-25T06:03:12.758+0000] {processor.py:830} INFO - Processing file /home/airflow/.local/lib/python3.8/site-packages/airflow/example_dags/example_sensor_decorator.py for tasks to queue
[2024-04-25T06:03:12.773+0000] {logging_mixin.py:188} INFO - [2024-04-25T06:03:12.771+0000] {dagbag.py:538} INFO - Filling up the DagBag from /home/airflow/.local/lib/python3.8/site-packages/airflow/example_dags/example_sensor_decorator.py
[2024-04-25T06:03:12.870+0000] {processor.py:840} INFO - DAG(s) 'example_sensor_decorator' retrieved from /home/airflow/.local/lib/python3.8/site-packages/airflow/example_dags/example_sensor_decorator.py
[2024-04-25T06:03:13.028+0000] {logging_mixin.py:188} INFO - [2024-04-25T06:03:13.026+0000] {dag.py:3036} INFO - Sync 1 DAGs
[2024-04-25T06:03:13.102+0000] {logging_mixin.py:188} INFO - [2024-04-25T06:03:13.101+0000] {dag.py:3823} INFO - Setting next_dagrun for example_sensor_decorator to None, run_after=None
[2024-04-25T06:03:13.241+0000] {processor.py:183} INFO - Processing /home/airflow/.local/lib/python3.8/site-packages/airflow/example_dags/example_sensor_decorator.py took 0.645 seconds
[2024-04-25T06:03:43.655+0000] {processor.py:161} INFO - Started process (PID=529) to work on /home/airflow/.local/lib/python3.8/site-packages/airflow/example_dags/example_sensor_decorator.py
[2024-04-25T06:03:43.657+0000] {processor.py:830} INFO - Processing file /home/airflow/.local/lib/python3.8/site-packages/airflow/example_dags/example_sensor_decorator.py for tasks to queue
[2024-04-25T06:03:43.662+0000] {logging_mixin.py:188} INFO - [2024-04-25T06:03:43.661+0000] {dagbag.py:538} INFO - Filling up the DagBag from /home/airflow/.local/lib/python3.8/site-packages/airflow/example_dags/example_sensor_decorator.py
[2024-04-25T06:03:43.680+0000] {processor.py:840} INFO - DAG(s) 'example_sensor_decorator' retrieved from /home/airflow/.local/lib/python3.8/site-packages/airflow/example_dags/example_sensor_decorator.py
[2024-04-25T06:03:43.745+0000] {logging_mixin.py:188} INFO - [2024-04-25T06:03:43.745+0000] {dag.py:3036} INFO - Sync 1 DAGs
[2024-04-25T06:03:43.788+0000] {logging_mixin.py:188} INFO - [2024-04-25T06:03:43.788+0000] {dag.py:3823} INFO - Setting next_dagrun for example_sensor_decorator to None, run_after=None
[2024-04-25T06:03:43.846+0000] {processor.py:183} INFO - Processing /home/airflow/.local/lib/python3.8/site-packages/airflow/example_dags/example_sensor_decorator.py took 0.197 seconds
[2024-04-25T06:04:14.365+0000] {processor.py:161} INFO - Started process (PID=588) to work on /home/airflow/.local/lib/python3.8/site-packages/airflow/example_dags/example_sensor_decorator.py
[2024-04-25T06:04:14.370+0000] {processor.py:830} INFO - Processing file /home/airflow/.local/lib/python3.8/site-packages/airflow/example_dags/example_sensor_decorator.py for tasks to queue
[2024-04-25T06:04:14.378+0000] {logging_mixin.py:188} INFO - [2024-04-25T06:04:14.377+0000] {dagbag.py:538} INFO - Filling up the DagBag from /home/airflow/.local/lib/python3.8/site-packages/airflow/example_dags/example_sensor_decorator.py
[2024-04-25T06:04:14.398+0000] {processor.py:840} INFO - DAG(s) 'example_sensor_decorator' retrieved from /home/airflow/.local/lib/python3.8/site-packages/airflow/example_dags/example_sensor_decorator.py
[2024-04-25T06:04:14.482+0000] {logging_mixin.py:188} INFO - [2024-04-25T06:04:14.480+0000] {dag.py:3036} INFO - Sync 1 DAGs
[2024-04-25T06:04:14.544+0000] {logging_mixin.py:188} INFO - [2024-04-25T06:04:14.543+0000] {dag.py:3823} INFO - Setting next_dagrun for example_sensor_decorator to None, run_after=None
[2024-04-25T06:04:14.743+0000] {processor.py:183} INFO - Processing /home/airflow/.local/lib/python3.8/site-packages/airflow/example_dags/example_sensor_decorator.py took 0.393 seconds
[2024-04-25T06:04:45.561+0000] {processor.py:161} INFO - Started process (PID=647) to work on /home/airflow/.local/lib/python3.8/site-packages/airflow/example_dags/example_sensor_decorator.py
[2024-04-25T06:04:45.563+0000] {processor.py:830} INFO - Processing file /home/airflow/.local/lib/python3.8/site-packages/airflow/example_dags/example_sensor_decorator.py for tasks to queue
[2024-04-25T06:04:45.566+0000] {logging_mixin.py:188} INFO - [2024-04-25T06:04:45.565+0000] {dagbag.py:538} INFO - Filling up the DagBag from /home/airflow/.local/lib/python3.8/site-packages/airflow/example_dags/example_sensor_decorator.py
[2024-04-25T06:04:45.576+0000] {processor.py:840} INFO - DAG(s) 'example_sensor_decorator' retrieved from /home/airflow/.local/lib/python3.8/site-packages/airflow/example_dags/example_sensor_decorator.py
[2024-04-25T06:04:45.612+0000] {logging_mixin.py:188} INFO - [2024-04-25T06:04:45.612+0000] {dag.py:3036} INFO - Sync 1 DAGs
[2024-04-25T06:04:45.633+0000] {logging_mixin.py:188} INFO - [2024-04-25T06:04:45.633+0000] {dag.py:3823} INFO - Setting next_dagrun for example_sensor_decorator to None, run_after=None
[2024-04-25T06:04:45.671+0000] {processor.py:183} INFO - Processing /home/airflow/.local/lib/python3.8/site-packages/airflow/example_dags/example_sensor_decorator.py took 0.116 seconds
[2024-04-25T06:05:15.882+0000] {processor.py:161} INFO - Started process (PID=706) to work on /home/airflow/.local/lib/python3.8/site-packages/airflow/example_dags/example_sensor_decorator.py
[2024-04-25T06:05:15.891+0000] {processor.py:830} INFO - Processing file /home/airflow/.local/lib/python3.8/site-packages/airflow/example_dags/example_sensor_decorator.py for tasks to queue
[2024-04-25T06:05:15.901+0000] {logging_mixin.py:188} INFO - [2024-04-25T06:05:15.900+0000] {dagbag.py:538} INFO - Filling up the DagBag from /home/airflow/.local/lib/python3.8/site-packages/airflow/example_dags/example_sensor_decorator.py
[2024-04-25T06:05:15.944+0000] {processor.py:840} INFO - DAG(s) 'example_sensor_decorator' retrieved from /home/airflow/.local/lib/python3.8/site-packages/airflow/example_dags/example_sensor_decorator.py
[2024-04-25T06:05:16.187+0000] {logging_mixin.py:188} INFO - [2024-04-25T06:05:16.186+0000] {dag.py:3036} INFO - Sync 1 DAGs
[2024-04-25T06:05:16.333+0000] {logging_mixin.py:188} INFO - [2024-04-25T06:05:16.332+0000] {dag.py:3823} INFO - Setting next_dagrun for example_sensor_decorator to None, run_after=None
[2024-04-25T06:05:16.571+0000] {processor.py:183} INFO - Processing /home/airflow/.local/lib/python3.8/site-packages/airflow/example_dags/example_sensor_decorator.py took 0.712 seconds
[2024-04-25T06:05:47.161+0000] {processor.py:161} INFO - Started process (PID=765) to work on /home/airflow/.local/lib/python3.8/site-packages/airflow/example_dags/example_sensor_decorator.py
[2024-04-25T06:05:47.164+0000] {processor.py:830} INFO - Processing file /home/airflow/.local/lib/python3.8/site-packages/airflow/example_dags/example_sensor_decorator.py for tasks to queue
[2024-04-25T06:05:47.167+0000] {logging_mixin.py:188} INFO - [2024-04-25T06:05:47.167+0000] {dagbag.py:538} INFO - Filling up the DagBag from /home/airflow/.local/lib/python3.8/site-packages/airflow/example_dags/example_sensor_decorator.py
[2024-04-25T06:05:47.176+0000] {processor.py:840} INFO - DAG(s) 'example_sensor_decorator' retrieved from /home/airflow/.local/lib/python3.8/site-packages/airflow/example_dags/example_sensor_decorator.py
[2024-04-25T06:05:47.229+0000] {logging_mixin.py:188} INFO - [2024-04-25T06:05:47.228+0000] {dag.py:3036} INFO - Sync 1 DAGs
[2024-04-25T06:05:47.264+0000] {logging_mixin.py:188} INFO - [2024-04-25T06:05:47.263+0000] {dag.py:3823} INFO - Setting next_dagrun for example_sensor_decorator to None, run_after=None
[2024-04-25T06:05:47.328+0000] {processor.py:183} INFO - Processing /home/airflow/.local/lib/python3.8/site-packages/airflow/example_dags/example_sensor_decorator.py took 0.173 seconds
[2024-04-25T06:06:17.615+0000] {processor.py:161} INFO - Started process (PID=824) to work on /home/airflow/.local/lib/python3.8/site-packages/airflow/example_dags/example_sensor_decorator.py
[2024-04-25T06:06:17.617+0000] {processor.py:830} INFO - Processing file /home/airflow/.local/lib/python3.8/site-packages/airflow/example_dags/example_sensor_decorator.py for tasks to queue
[2024-04-25T06:06:17.621+0000] {logging_mixin.py:188} INFO - [2024-04-25T06:06:17.621+0000] {dagbag.py:538} INFO - Filling up the DagBag from /home/airflow/.local/lib/python3.8/site-packages/airflow/example_dags/example_sensor_decorator.py
[2024-04-25T06:06:17.633+0000] {processor.py:840} INFO - DAG(s) 'example_sensor_decorator' retrieved from /home/airflow/.local/lib/python3.8/site-packages/airflow/example_dags/example_sensor_decorator.py
[2024-04-25T06:06:17.667+0000] {logging_mixin.py:188} INFO - [2024-04-25T06:06:17.667+0000] {dag.py:3036} INFO - Sync 1 DAGs
[2024-04-25T06:06:17.681+0000] {logging_mixin.py:188} INFO - [2024-04-25T06:06:17.681+0000] {dag.py:3823} INFO - Setting next_dagrun for example_sensor_decorator to None, run_after=None
[2024-04-25T06:06:17.706+0000] {processor.py:183} INFO - Processing /home/airflow/.local/lib/python3.8/site-packages/airflow/example_dags/example_sensor_decorator.py took 0.097 seconds
[2024-04-25T06:06:48.112+0000] {processor.py:161} INFO - Started process (PID=883) to work on /home/airflow/.local/lib/python3.8/site-packages/airflow/example_dags/example_sensor_decorator.py
[2024-04-25T06:06:48.115+0000] {processor.py:830} INFO - Processing file /home/airflow/.local/lib/python3.8/site-packages/airflow/example_dags/example_sensor_decorator.py for tasks to queue
[2024-04-25T06:06:48.119+0000] {logging_mixin.py:188} INFO - [2024-04-25T06:06:48.118+0000] {dagbag.py:538} INFO - Filling up the DagBag from /home/airflow/.local/lib/python3.8/site-packages/airflow/example_dags/example_sensor_decorator.py
[2024-04-25T06:06:48.134+0000] {processor.py:840} INFO - DAG(s) 'example_sensor_decorator' retrieved from /home/airflow/.local/lib/python3.8/site-packages/airflow/example_dags/example_sensor_decorator.py
[2024-04-25T06:06:48.166+0000] {logging_mixin.py:188} INFO - [2024-04-25T06:06:48.166+0000] {dag.py:3036} INFO - Sync 1 DAGs
[2024-04-25T06:06:48.184+0000] {logging_mixin.py:188} INFO - [2024-04-25T06:06:48.183+0000] {dag.py:3823} INFO - Setting next_dagrun for example_sensor_decorator to None, run_after=None
[2024-04-25T06:06:48.219+0000] {processor.py:183} INFO - Processing /home/airflow/.local/lib/python3.8/site-packages/airflow/example_dags/example_sensor_decorator.py took 0.115 seconds
[2024-04-25T06:07:18.416+0000] {processor.py:161} INFO - Started process (PID=942) to work on /home/airflow/.local/lib/python3.8/site-packages/airflow/example_dags/example_sensor_decorator.py
[2024-04-25T06:07:18.418+0000] {processor.py:830} INFO - Processing file /home/airflow/.local/lib/python3.8/site-packages/airflow/example_dags/example_sensor_decorator.py for tasks to queue
[2024-04-25T06:07:18.421+0000] {logging_mixin.py:188} INFO - [2024-04-25T06:07:18.421+0000] {dagbag.py:538} INFO - Filling up the DagBag from /home/airflow/.local/lib/python3.8/site-packages/airflow/example_dags/example_sensor_decorator.py
[2024-04-25T06:07:18.432+0000] {processor.py:840} INFO - DAG(s) 'example_sensor_decorator' retrieved from /home/airflow/.local/lib/python3.8/site-packages/airflow/example_dags/example_sensor_decorator.py
[2024-04-25T06:07:18.479+0000] {logging_mixin.py:188} INFO - [2024-04-25T06:07:18.478+0000] {dag.py:3036} INFO - Sync 1 DAGs
[2024-04-25T06:07:18.513+0000] {logging_mixin.py:188} INFO - [2024-04-25T06:07:18.513+0000] {dag.py:3823} INFO - Setting next_dagrun for example_sensor_decorator to None, run_after=None
[2024-04-25T06:07:18.576+0000] {processor.py:183} INFO - Processing /home/airflow/.local/lib/python3.8/site-packages/airflow/example_dags/example_sensor_decorator.py took 0.166 seconds
[2024-04-25T06:07:49.030+0000] {processor.py:161} INFO - Started process (PID=1001) to work on /home/airflow/.local/lib/python3.8/site-packages/airflow/example_dags/example_sensor_decorator.py
[2024-04-25T06:07:49.031+0000] {processor.py:830} INFO - Processing file /home/airflow/.local/lib/python3.8/site-packages/airflow/example_dags/example_sensor_decorator.py for tasks to queue
[2024-04-25T06:07:49.034+0000] {logging_mixin.py:188} INFO - [2024-04-25T06:07:49.034+0000] {dagbag.py:538} INFO - Filling up the DagBag from /home/airflow/.local/lib/python3.8/site-packages/airflow/example_dags/example_sensor_decorator.py
[2024-04-25T06:07:49.043+0000] {processor.py:840} INFO - DAG(s) 'example_sensor_decorator' retrieved from /home/airflow/.local/lib/python3.8/site-packages/airflow/example_dags/example_sensor_decorator.py
[2024-04-25T06:07:49.073+0000] {logging_mixin.py:188} INFO - [2024-04-25T06:07:49.072+0000] {dag.py:3036} INFO - Sync 1 DAGs
[2024-04-25T06:07:49.098+0000] {logging_mixin.py:188} INFO - [2024-04-25T06:07:49.097+0000] {dag.py:3823} INFO - Setting next_dagrun for example_sensor_decorator to None, run_after=None
[2024-04-25T06:07:49.148+0000] {processor.py:183} INFO - Processing /home/airflow/.local/lib/python3.8/site-packages/airflow/example_dags/example_sensor_decorator.py took 0.123 seconds
[2024-04-25T06:08:19.664+0000] {processor.py:161} INFO - Started process (PID=1060) to work on /home/airflow/.local/lib/python3.8/site-packages/airflow/example_dags/example_sensor_decorator.py
[2024-04-25T06:08:19.668+0000] {processor.py:830} INFO - Processing file /home/airflow/.local/lib/python3.8/site-packages/airflow/example_dags/example_sensor_decorator.py for tasks to queue
[2024-04-25T06:08:19.675+0000] {logging_mixin.py:188} INFO - [2024-04-25T06:08:19.674+0000] {dagbag.py:538} INFO - Filling up the DagBag from /home/airflow/.local/lib/python3.8/site-packages/airflow/example_dags/example_sensor_decorator.py
[2024-04-25T06:08:19.695+0000] {processor.py:840} INFO - DAG(s) 'example_sensor_decorator' retrieved from /home/airflow/.local/lib/python3.8/site-packages/airflow/example_dags/example_sensor_decorator.py
[2024-04-25T06:08:19.761+0000] {logging_mixin.py:188} INFO - [2024-04-25T06:08:19.760+0000] {dag.py:3036} INFO - Sync 1 DAGs
[2024-04-25T06:08:19.791+0000] {logging_mixin.py:188} INFO - [2024-04-25T06:08:19.790+0000] {dag.py:3823} INFO - Setting next_dagrun for example_sensor_decorator to None, run_after=None
[2024-04-25T06:08:19.845+0000] {processor.py:183} INFO - Processing /home/airflow/.local/lib/python3.8/site-packages/airflow/example_dags/example_sensor_decorator.py took 0.193 seconds
[2024-04-25T06:08:50.861+0000] {processor.py:161} INFO - Started process (PID=1119) to work on /home/airflow/.local/lib/python3.8/site-packages/airflow/example_dags/example_sensor_decorator.py
[2024-04-25T06:08:50.865+0000] {processor.py:830} INFO - Processing file /home/airflow/.local/lib/python3.8/site-packages/airflow/example_dags/example_sensor_decorator.py for tasks to queue
[2024-04-25T06:08:50.869+0000] {logging_mixin.py:188} INFO - [2024-04-25T06:08:50.868+0000] {dagbag.py:538} INFO - Filling up the DagBag from /home/airflow/.local/lib/python3.8/site-packages/airflow/example_dags/example_sensor_decorator.py
[2024-04-25T06:08:50.882+0000] {processor.py:840} INFO - DAG(s) 'example_sensor_decorator' retrieved from /home/airflow/.local/lib/python3.8/site-packages/airflow/example_dags/example_sensor_decorator.py
[2024-04-25T06:08:50.927+0000] {logging_mixin.py:188} INFO - [2024-04-25T06:08:50.926+0000] {dag.py:3036} INFO - Sync 1 DAGs
[2024-04-25T06:08:50.955+0000] {logging_mixin.py:188} INFO - [2024-04-25T06:08:50.955+0000] {dag.py:3823} INFO - Setting next_dagrun for example_sensor_decorator to None, run_after=None
[2024-04-25T06:08:51.011+0000] {processor.py:183} INFO - Processing /home/airflow/.local/lib/python3.8/site-packages/airflow/example_dags/example_sensor_decorator.py took 0.158 seconds
[2024-04-25T06:09:21.456+0000] {processor.py:161} INFO - Started process (PID=1178) to work on /home/airflow/.local/lib/python3.8/site-packages/airflow/example_dags/example_sensor_decorator.py
[2024-04-25T06:09:21.459+0000] {processor.py:830} INFO - Processing file /home/airflow/.local/lib/python3.8/site-packages/airflow/example_dags/example_sensor_decorator.py for tasks to queue
[2024-04-25T06:09:21.464+0000] {logging_mixin.py:188} INFO - [2024-04-25T06:09:21.463+0000] {dagbag.py:538} INFO - Filling up the DagBag from /home/airflow/.local/lib/python3.8/site-packages/airflow/example_dags/example_sensor_decorator.py
[2024-04-25T06:09:21.479+0000] {processor.py:840} INFO - DAG(s) 'example_sensor_decorator' retrieved from /home/airflow/.local/lib/python3.8/site-packages/airflow/example_dags/example_sensor_decorator.py
[2024-04-25T06:09:21.528+0000] {logging_mixin.py:188} INFO - [2024-04-25T06:09:21.528+0000] {dag.py:3036} INFO - Sync 1 DAGs
[2024-04-25T06:09:21.552+0000] {logging_mixin.py:188} INFO - [2024-04-25T06:09:21.551+0000] {dag.py:3823} INFO - Setting next_dagrun for example_sensor_decorator to None, run_after=None
[2024-04-25T06:09:21.587+0000] {processor.py:183} INFO - Processing /home/airflow/.local/lib/python3.8/site-packages/airflow/example_dags/example_sensor_decorator.py took 0.142 seconds
[2024-04-25T06:09:52.854+0000] {processor.py:161} INFO - Started process (PID=1237) to work on /home/airflow/.local/lib/python3.8/site-packages/airflow/example_dags/example_sensor_decorator.py
[2024-04-25T06:09:52.859+0000] {processor.py:830} INFO - Processing file /home/airflow/.local/lib/python3.8/site-packages/airflow/example_dags/example_sensor_decorator.py for tasks to queue
[2024-04-25T06:09:52.869+0000] {logging_mixin.py:188} INFO - [2024-04-25T06:09:52.867+0000] {dagbag.py:538} INFO - Filling up the DagBag from /home/airflow/.local/lib/python3.8/site-packages/airflow/example_dags/example_sensor_decorator.py
[2024-04-25T06:09:52.909+0000] {processor.py:840} INFO - DAG(s) 'example_sensor_decorator' retrieved from /home/airflow/.local/lib/python3.8/site-packages/airflow/example_dags/example_sensor_decorator.py
[2024-04-25T06:09:53.211+0000] {logging_mixin.py:188} INFO - [2024-04-25T06:09:53.211+0000] {dag.py:3036} INFO - Sync 1 DAGs
[2024-04-25T06:09:53.440+0000] {logging_mixin.py:188} INFO - [2024-04-25T06:09:53.439+0000] {dag.py:3823} INFO - Setting next_dagrun for example_sensor_decorator to None, run_after=None
[2024-04-25T06:09:53.636+0000] {processor.py:183} INFO - Processing /home/airflow/.local/lib/python3.8/site-packages/airflow/example_dags/example_sensor_decorator.py took 0.797 seconds
[2024-04-25T06:10:23.764+0000] {processor.py:161} INFO - Started process (PID=1296) to work on /home/airflow/.local/lib/python3.8/site-packages/airflow/example_dags/example_sensor_decorator.py
[2024-04-25T06:10:23.767+0000] {processor.py:830} INFO - Processing file /home/airflow/.local/lib/python3.8/site-packages/airflow/example_dags/example_sensor_decorator.py for tasks to queue
[2024-04-25T06:10:23.773+0000] {logging_mixin.py:188} INFO - [2024-04-25T06:10:23.772+0000] {dagbag.py:538} INFO - Filling up the DagBag from /home/airflow/.local/lib/python3.8/site-packages/airflow/example_dags/example_sensor_decorator.py
[2024-04-25T06:10:23.794+0000] {processor.py:840} INFO - DAG(s) 'example_sensor_decorator' retrieved from /home/airflow/.local/lib/python3.8/site-packages/airflow/example_dags/example_sensor_decorator.py
[2024-04-25T06:10:23.856+0000] {logging_mixin.py:188} INFO - [2024-04-25T06:10:23.855+0000] {dag.py:3036} INFO - Sync 1 DAGs
[2024-04-25T06:10:23.887+0000] {logging_mixin.py:188} INFO - [2024-04-25T06:10:23.887+0000] {dag.py:3823} INFO - Setting next_dagrun for example_sensor_decorator to None, run_after=None
[2024-04-25T06:10:23.947+0000] {processor.py:183} INFO - Processing /home/airflow/.local/lib/python3.8/site-packages/airflow/example_dags/example_sensor_decorator.py took 0.195 seconds
[2024-04-25T06:53:15.589+0000] {processor.py:161} INFO - Started process (PID=143) to work on /home/airflow/.local/lib/python3.8/site-packages/airflow/example_dags/example_sensor_decorator.py
[2024-04-25T06:53:15.596+0000] {processor.py:830} INFO - Processing file /home/airflow/.local/lib/python3.8/site-packages/airflow/example_dags/example_sensor_decorator.py for tasks to queue
[2024-04-25T06:53:15.613+0000] {logging_mixin.py:188} INFO - [2024-04-25T06:53:15.612+0000] {dagbag.py:538} INFO - Filling up the DagBag from /home/airflow/.local/lib/python3.8/site-packages/airflow/example_dags/example_sensor_decorator.py
[2024-04-25T06:53:15.653+0000] {processor.py:840} INFO - DAG(s) 'example_sensor_decorator' retrieved from /home/airflow/.local/lib/python3.8/site-packages/airflow/example_dags/example_sensor_decorator.py
[2024-04-25T06:53:16.650+0000] {logging_mixin.py:188} INFO - [2024-04-25T06:53:16.649+0000] {dag.py:3036} INFO - Sync 1 DAGs
[2024-04-25T06:53:16.809+0000] {logging_mixin.py:188} INFO - [2024-04-25T06:53:16.804+0000] {dag.py:3823} INFO - Setting next_dagrun for example_sensor_decorator to None, run_after=None
[2024-04-25T06:53:16.908+0000] {processor.py:183} INFO - Processing /home/airflow/.local/lib/python3.8/site-packages/airflow/example_dags/example_sensor_decorator.py took 1.346 seconds
[2024-04-25T06:53:53.444+0000] {processor.py:161} INFO - Started process (PID=213) to work on /home/airflow/.local/lib/python3.8/site-packages/airflow/example_dags/example_sensor_decorator.py
[2024-04-25T06:53:53.452+0000] {processor.py:830} INFO - Processing file /home/airflow/.local/lib/python3.8/site-packages/airflow/example_dags/example_sensor_decorator.py for tasks to queue
[2024-04-25T06:53:53.461+0000] {logging_mixin.py:188} INFO - [2024-04-25T06:53:53.460+0000] {dagbag.py:538} INFO - Filling up the DagBag from /home/airflow/.local/lib/python3.8/site-packages/airflow/example_dags/example_sensor_decorator.py
[2024-04-25T06:53:53.492+0000] {processor.py:840} INFO - DAG(s) 'example_sensor_decorator' retrieved from /home/airflow/.local/lib/python3.8/site-packages/airflow/example_dags/example_sensor_decorator.py
[2024-04-25T06:53:53.637+0000] {logging_mixin.py:188} INFO - [2024-04-25T06:53:53.637+0000] {dag.py:3036} INFO - Sync 1 DAGs
[2024-04-25T06:53:53.749+0000] {logging_mixin.py:188} INFO - [2024-04-25T06:53:53.749+0000] {dag.py:3823} INFO - Setting next_dagrun for example_sensor_decorator to None, run_after=None
[2024-04-25T06:53:53.848+0000] {processor.py:183} INFO - Processing /home/airflow/.local/lib/python3.8/site-packages/airflow/example_dags/example_sensor_decorator.py took 0.422 seconds
[2024-04-25T06:54:25.970+0000] {processor.py:161} INFO - Started process (PID=283) to work on /home/airflow/.local/lib/python3.8/site-packages/airflow/example_dags/example_sensor_decorator.py
[2024-04-25T06:54:25.978+0000] {processor.py:830} INFO - Processing file /home/airflow/.local/lib/python3.8/site-packages/airflow/example_dags/example_sensor_decorator.py for tasks to queue
[2024-04-25T06:54:25.990+0000] {logging_mixin.py:188} INFO - [2024-04-25T06:54:25.988+0000] {dagbag.py:538} INFO - Filling up the DagBag from /home/airflow/.local/lib/python3.8/site-packages/airflow/example_dags/example_sensor_decorator.py
[2024-04-25T06:54:26.148+0000] {processor.py:840} INFO - DAG(s) 'example_sensor_decorator' retrieved from /home/airflow/.local/lib/python3.8/site-packages/airflow/example_dags/example_sensor_decorator.py
[2024-04-25T06:54:26.375+0000] {logging_mixin.py:188} INFO - [2024-04-25T06:54:26.374+0000] {dag.py:3036} INFO - Sync 1 DAGs
[2024-04-25T06:54:26.446+0000] {logging_mixin.py:188} INFO - [2024-04-25T06:54:26.445+0000] {dag.py:3823} INFO - Setting next_dagrun for example_sensor_decorator to None, run_after=None
[2024-04-25T06:54:26.532+0000] {processor.py:183} INFO - Processing /home/airflow/.local/lib/python3.8/site-packages/airflow/example_dags/example_sensor_decorator.py took 0.591 seconds
[2024-04-25T06:55:00.761+0000] {processor.py:161} INFO - Started process (PID=353) to work on /home/airflow/.local/lib/python3.8/site-packages/airflow/example_dags/example_sensor_decorator.py
[2024-04-25T06:55:00.766+0000] {processor.py:830} INFO - Processing file /home/airflow/.local/lib/python3.8/site-packages/airflow/example_dags/example_sensor_decorator.py for tasks to queue
[2024-04-25T06:55:00.779+0000] {logging_mixin.py:188} INFO - [2024-04-25T06:55:00.778+0000] {dagbag.py:538} INFO - Filling up the DagBag from /home/airflow/.local/lib/python3.8/site-packages/airflow/example_dags/example_sensor_decorator.py
[2024-04-25T06:55:00.864+0000] {processor.py:840} INFO - DAG(s) 'example_sensor_decorator' retrieved from /home/airflow/.local/lib/python3.8/site-packages/airflow/example_dags/example_sensor_decorator.py
[2024-04-25T06:55:01.001+0000] {logging_mixin.py:188} INFO - [2024-04-25T06:55:01.000+0000] {dag.py:3036} INFO - Sync 1 DAGs
[2024-04-25T06:55:01.073+0000] {logging_mixin.py:188} INFO - [2024-04-25T06:55:01.072+0000] {dag.py:3823} INFO - Setting next_dagrun for example_sensor_decorator to None, run_after=None
[2024-04-25T06:55:01.196+0000] {processor.py:183} INFO - Processing /home/airflow/.local/lib/python3.8/site-packages/airflow/example_dags/example_sensor_decorator.py took 0.462 seconds
[2024-04-25T06:55:31.305+0000] {processor.py:161} INFO - Started process (PID=422) to work on /home/airflow/.local/lib/python3.8/site-packages/airflow/example_dags/example_sensor_decorator.py
[2024-04-25T06:55:31.310+0000] {processor.py:830} INFO - Processing file /home/airflow/.local/lib/python3.8/site-packages/airflow/example_dags/example_sensor_decorator.py for tasks to queue
[2024-04-25T06:55:31.319+0000] {logging_mixin.py:188} INFO - [2024-04-25T06:55:31.318+0000] {dagbag.py:538} INFO - Filling up the DagBag from /home/airflow/.local/lib/python3.8/site-packages/airflow/example_dags/example_sensor_decorator.py
[2024-04-25T06:55:31.345+0000] {processor.py:840} INFO - DAG(s) 'example_sensor_decorator' retrieved from /home/airflow/.local/lib/python3.8/site-packages/airflow/example_dags/example_sensor_decorator.py
[2024-04-25T06:55:31.442+0000] {logging_mixin.py:188} INFO - [2024-04-25T06:55:31.441+0000] {dag.py:3036} INFO - Sync 1 DAGs
[2024-04-25T06:55:31.496+0000] {logging_mixin.py:188} INFO - [2024-04-25T06:55:31.495+0000] {dag.py:3823} INFO - Setting next_dagrun for example_sensor_decorator to None, run_after=None
[2024-04-25T06:55:31.572+0000] {processor.py:183} INFO - Processing /home/airflow/.local/lib/python3.8/site-packages/airflow/example_dags/example_sensor_decorator.py took 0.281 seconds
[2024-04-25T06:56:08.509+0000] {processor.py:161} INFO - Started process (PID=492) to work on /home/airflow/.local/lib/python3.8/site-packages/airflow/example_dags/example_sensor_decorator.py
[2024-04-25T06:56:08.513+0000] {processor.py:830} INFO - Processing file /home/airflow/.local/lib/python3.8/site-packages/airflow/example_dags/example_sensor_decorator.py for tasks to queue
[2024-04-25T06:56:08.521+0000] {logging_mixin.py:188} INFO - [2024-04-25T06:56:08.520+0000] {dagbag.py:538} INFO - Filling up the DagBag from /home/airflow/.local/lib/python3.8/site-packages/airflow/example_dags/example_sensor_decorator.py
[2024-04-25T06:56:08.541+0000] {processor.py:840} INFO - DAG(s) 'example_sensor_decorator' retrieved from /home/airflow/.local/lib/python3.8/site-packages/airflow/example_dags/example_sensor_decorator.py
[2024-04-25T06:56:08.625+0000] {logging_mixin.py:188} INFO - [2024-04-25T06:56:08.624+0000] {dag.py:3036} INFO - Sync 1 DAGs
[2024-04-25T06:56:08.691+0000] {logging_mixin.py:188} INFO - [2024-04-25T06:56:08.690+0000] {dag.py:3823} INFO - Setting next_dagrun for example_sensor_decorator to None, run_after=None
[2024-04-25T06:56:08.776+0000] {processor.py:183} INFO - Processing /home/airflow/.local/lib/python3.8/site-packages/airflow/example_dags/example_sensor_decorator.py took 0.279 seconds
[2024-04-25T06:56:49.437+0000] {processor.py:161} INFO - Started process (PID=570) to work on /home/airflow/.local/lib/python3.8/site-packages/airflow/example_dags/example_sensor_decorator.py
[2024-04-25T06:56:49.443+0000] {processor.py:830} INFO - Processing file /home/airflow/.local/lib/python3.8/site-packages/airflow/example_dags/example_sensor_decorator.py for tasks to queue
[2024-04-25T06:56:49.451+0000] {logging_mixin.py:188} INFO - [2024-04-25T06:56:49.449+0000] {dagbag.py:538} INFO - Filling up the DagBag from /home/airflow/.local/lib/python3.8/site-packages/airflow/example_dags/example_sensor_decorator.py
[2024-04-25T06:56:49.476+0000] {processor.py:840} INFO - DAG(s) 'example_sensor_decorator' retrieved from /home/airflow/.local/lib/python3.8/site-packages/airflow/example_dags/example_sensor_decorator.py
[2024-04-25T06:56:49.562+0000] {logging_mixin.py:188} INFO - [2024-04-25T06:56:49.561+0000] {dag.py:3036} INFO - Sync 1 DAGs
[2024-04-25T06:56:49.622+0000] {logging_mixin.py:188} INFO - [2024-04-25T06:56:49.621+0000] {dag.py:3823} INFO - Setting next_dagrun for example_sensor_decorator to None, run_after=None
[2024-04-25T06:56:49.719+0000] {processor.py:183} INFO - Processing /home/airflow/.local/lib/python3.8/site-packages/airflow/example_dags/example_sensor_decorator.py took 0.293 seconds
[2024-04-25T07:00:38.504+0000] {processor.py:161} INFO - Started process (PID=694) to work on /home/airflow/.local/lib/python3.8/site-packages/airflow/example_dags/example_sensor_decorator.py
[2024-04-25T07:00:38.536+0000] {processor.py:830} INFO - Processing file /home/airflow/.local/lib/python3.8/site-packages/airflow/example_dags/example_sensor_decorator.py for tasks to queue
[2024-04-25T07:00:38.564+0000] {logging_mixin.py:188} INFO - [2024-04-25T07:00:38.545+0000] {dagbag.py:538} INFO - Filling up the DagBag from /home/airflow/.local/lib/python3.8/site-packages/airflow/example_dags/example_sensor_decorator.py
[2024-04-25T07:00:38.743+0000] {processor.py:840} INFO - DAG(s) 'example_sensor_decorator' retrieved from /home/airflow/.local/lib/python3.8/site-packages/airflow/example_dags/example_sensor_decorator.py
[2024-04-25T07:00:40.833+0000] {logging_mixin.py:188} INFO - [2024-04-25T07:00:40.792+0000] {dag.py:3036} INFO - Sync 1 DAGs
[2024-04-25T07:00:43.060+0000] {logging_mixin.py:188} INFO - [2024-04-25T07:00:43.056+0000] {dag.py:3823} INFO - Setting next_dagrun for example_sensor_decorator to None, run_after=None
[2024-04-25T07:00:44.780+0000] {processor.py:183} INFO - Processing /home/airflow/.local/lib/python3.8/site-packages/airflow/example_dags/example_sensor_decorator.py took 6.325 seconds
[2024-04-25T07:51:17.790+0000] {processor.py:161} INFO - Started process (PID=96) to work on /home/airflow/.local/lib/python3.8/site-packages/airflow/example_dags/example_sensor_decorator.py
[2024-04-25T07:51:17.799+0000] {processor.py:830} INFO - Processing file /home/airflow/.local/lib/python3.8/site-packages/airflow/example_dags/example_sensor_decorator.py for tasks to queue
[2024-04-25T07:51:17.813+0000] {logging_mixin.py:188} INFO - [2024-04-25T07:51:17.811+0000] {dagbag.py:538} INFO - Filling up the DagBag from /home/airflow/.local/lib/python3.8/site-packages/airflow/example_dags/example_sensor_decorator.py
[2024-04-25T07:51:17.864+0000] {processor.py:840} INFO - DAG(s) 'example_sensor_decorator' retrieved from /home/airflow/.local/lib/python3.8/site-packages/airflow/example_dags/example_sensor_decorator.py
[2024-04-25T07:51:18.633+0000] {logging_mixin.py:188} INFO - [2024-04-25T07:51:18.625+0000] {dag.py:3036} INFO - Sync 1 DAGs
[2024-04-25T07:51:18.773+0000] {logging_mixin.py:188} INFO - [2024-04-25T07:51:18.772+0000] {dag.py:3823} INFO - Setting next_dagrun for example_sensor_decorator to None, run_after=None
[2024-04-25T07:51:18.962+0000] {processor.py:183} INFO - Processing /home/airflow/.local/lib/python3.8/site-packages/airflow/example_dags/example_sensor_decorator.py took 1.191 seconds
[2024-04-25T07:51:55.505+0000] {processor.py:161} INFO - Started process (PID=172) to work on /home/airflow/.local/lib/python3.8/site-packages/airflow/example_dags/example_sensor_decorator.py
[2024-04-25T07:51:55.514+0000] {processor.py:830} INFO - Processing file /home/airflow/.local/lib/python3.8/site-packages/airflow/example_dags/example_sensor_decorator.py for tasks to queue
[2024-04-25T07:51:55.529+0000] {logging_mixin.py:188} INFO - [2024-04-25T07:51:55.525+0000] {dagbag.py:538} INFO - Filling up the DagBag from /home/airflow/.local/lib/python3.8/site-packages/airflow/example_dags/example_sensor_decorator.py
[2024-04-25T07:51:55.567+0000] {processor.py:840} INFO - DAG(s) 'example_sensor_decorator' retrieved from /home/airflow/.local/lib/python3.8/site-packages/airflow/example_dags/example_sensor_decorator.py
[2024-04-25T07:51:55.682+0000] {logging_mixin.py:188} INFO - [2024-04-25T07:51:55.681+0000] {dag.py:3036} INFO - Sync 1 DAGs
[2024-04-25T07:51:55.755+0000] {logging_mixin.py:188} INFO - [2024-04-25T07:51:55.754+0000] {dag.py:3823} INFO - Setting next_dagrun for example_sensor_decorator to None, run_after=None
[2024-04-25T07:51:55.899+0000] {processor.py:183} INFO - Processing /home/airflow/.local/lib/python3.8/site-packages/airflow/example_dags/example_sensor_decorator.py took 0.419 seconds
[2024-04-25T07:52:32.146+0000] {processor.py:161} INFO - Started process (PID=241) to work on /home/airflow/.local/lib/python3.8/site-packages/airflow/example_dags/example_sensor_decorator.py
[2024-04-25T07:52:32.184+0000] {processor.py:830} INFO - Processing file /home/airflow/.local/lib/python3.8/site-packages/airflow/example_dags/example_sensor_decorator.py for tasks to queue
[2024-04-25T07:52:32.195+0000] {logging_mixin.py:188} INFO - [2024-04-25T07:52:32.194+0000] {dagbag.py:538} INFO - Filling up the DagBag from /home/airflow/.local/lib/python3.8/site-packages/airflow/example_dags/example_sensor_decorator.py
[2024-04-25T07:52:32.232+0000] {processor.py:840} INFO - DAG(s) 'example_sensor_decorator' retrieved from /home/airflow/.local/lib/python3.8/site-packages/airflow/example_dags/example_sensor_decorator.py
[2024-04-25T07:52:32.390+0000] {logging_mixin.py:188} INFO - [2024-04-25T07:52:32.389+0000] {dag.py:3036} INFO - Sync 1 DAGs
[2024-04-25T07:52:32.537+0000] {logging_mixin.py:188} INFO - [2024-04-25T07:52:32.532+0000] {dag.py:3823} INFO - Setting next_dagrun for example_sensor_decorator to None, run_after=None
[2024-04-25T07:52:32.661+0000] {processor.py:183} INFO - Processing /home/airflow/.local/lib/python3.8/site-packages/airflow/example_dags/example_sensor_decorator.py took 0.532 seconds
[2024-04-25T07:53:03.340+0000] {processor.py:161} INFO - Started process (PID=312) to work on /home/airflow/.local/lib/python3.8/site-packages/airflow/example_dags/example_sensor_decorator.py
[2024-04-25T07:53:03.345+0000] {processor.py:830} INFO - Processing file /home/airflow/.local/lib/python3.8/site-packages/airflow/example_dags/example_sensor_decorator.py for tasks to queue
[2024-04-25T07:53:03.351+0000] {logging_mixin.py:188} INFO - [2024-04-25T07:53:03.350+0000] {dagbag.py:538} INFO - Filling up the DagBag from /home/airflow/.local/lib/python3.8/site-packages/airflow/example_dags/example_sensor_decorator.py
[2024-04-25T07:53:03.381+0000] {processor.py:840} INFO - DAG(s) 'example_sensor_decorator' retrieved from /home/airflow/.local/lib/python3.8/site-packages/airflow/example_dags/example_sensor_decorator.py
[2024-04-25T07:53:03.496+0000] {logging_mixin.py:188} INFO - [2024-04-25T07:53:03.495+0000] {dag.py:3036} INFO - Sync 1 DAGs
[2024-04-25T07:53:03.546+0000] {logging_mixin.py:188} INFO - [2024-04-25T07:53:03.546+0000] {dag.py:3823} INFO - Setting next_dagrun for example_sensor_decorator to None, run_after=None
[2024-04-25T07:53:03.620+0000] {processor.py:183} INFO - Processing /home/airflow/.local/lib/python3.8/site-packages/airflow/example_dags/example_sensor_decorator.py took 0.288 seconds
[2024-04-25T07:53:43.930+0000] {processor.py:161} INFO - Started process (PID=382) to work on /home/airflow/.local/lib/python3.8/site-packages/airflow/example_dags/example_sensor_decorator.py
[2024-04-25T07:53:43.957+0000] {processor.py:830} INFO - Processing file /home/airflow/.local/lib/python3.8/site-packages/airflow/example_dags/example_sensor_decorator.py for tasks to queue
[2024-04-25T07:53:44.006+0000] {logging_mixin.py:188} INFO - [2024-04-25T07:53:43.999+0000] {dagbag.py:538} INFO - Filling up the DagBag from /home/airflow/.local/lib/python3.8/site-packages/airflow/example_dags/example_sensor_decorator.py
[2024-04-25T07:53:44.055+0000] {processor.py:840} INFO - DAG(s) 'example_sensor_decorator' retrieved from /home/airflow/.local/lib/python3.8/site-packages/airflow/example_dags/example_sensor_decorator.py
[2024-04-25T07:53:44.380+0000] {logging_mixin.py:188} INFO - [2024-04-25T07:53:44.379+0000] {dag.py:3036} INFO - Sync 1 DAGs
[2024-04-25T07:53:44.494+0000] {logging_mixin.py:188} INFO - [2024-04-25T07:53:44.493+0000] {dag.py:3823} INFO - Setting next_dagrun for example_sensor_decorator to None, run_after=None
[2024-04-25T07:53:44.679+0000] {processor.py:183} INFO - Processing /home/airflow/.local/lib/python3.8/site-packages/airflow/example_dags/example_sensor_decorator.py took 0.869 seconds
