[2024-04-25T05:59:17.488+0000] {processor.py:161} INFO - Started process (PID=120) to work on /home/airflow/.local/lib/python3.8/site-packages/airflow/example_dags/example_latest_only_with_trigger.py
[2024-04-25T05:59:17.493+0000] {processor.py:830} INFO - Processing file /home/airflow/.local/lib/python3.8/site-packages/airflow/example_dags/example_latest_only_with_trigger.py for tasks to queue
[2024-04-25T05:59:17.500+0000] {logging_mixin.py:188} INFO - [2024-04-25T05:59:17.499+0000] {dagbag.py:538} INFO - Filling up the DagBag from /home/airflow/.local/lib/python3.8/site-packages/airflow/example_dags/example_latest_only_with_trigger.py
[2024-04-25T05:59:17.528+0000] {processor.py:840} INFO - DAG(s) 'latest_only_with_trigger' retrieved from /home/airflow/.local/lib/python3.8/site-packages/airflow/example_dags/example_latest_only_with_trigger.py
[2024-04-25T05:59:18.175+0000] {logging_mixin.py:188} INFO - [2024-04-25T05:59:18.174+0000] {dag.py:3036} INFO - Sync 1 DAGs
[2024-04-25T05:59:18.412+0000] {logging_mixin.py:188} INFO - [2024-04-25T05:59:18.411+0000] {dag.py:3823} INFO - Setting next_dagrun for latest_only_with_trigger to 2024-04-25 00:00:00+00:00, run_after=2024-04-25 04:00:00+00:00
[2024-04-25T05:59:18.568+0000] {processor.py:183} INFO - Processing /home/airflow/.local/lib/python3.8/site-packages/airflow/example_dags/example_latest_only_with_trigger.py took 1.096 seconds
[2024-04-25T06:00:09.898+0000] {processor.py:161} INFO - Started process (PID=185) to work on /home/airflow/.local/lib/python3.8/site-packages/airflow/example_dags/example_latest_only_with_trigger.py
[2024-04-25T06:00:09.911+0000] {processor.py:830} INFO - Processing file /home/airflow/.local/lib/python3.8/site-packages/airflow/example_dags/example_latest_only_with_trigger.py for tasks to queue
[2024-04-25T06:00:09.921+0000] {logging_mixin.py:188} INFO - [2024-04-25T06:00:09.920+0000] {dagbag.py:538} INFO - Filling up the DagBag from /home/airflow/.local/lib/python3.8/site-packages/airflow/example_dags/example_latest_only_with_trigger.py
[2024-04-25T06:00:10.007+0000] {processor.py:840} INFO - DAG(s) 'latest_only_with_trigger' retrieved from /home/airflow/.local/lib/python3.8/site-packages/airflow/example_dags/example_latest_only_with_trigger.py
[2024-04-25T06:00:10.226+0000] {logging_mixin.py:188} INFO - [2024-04-25T06:00:10.225+0000] {dag.py:3036} INFO - Sync 1 DAGs
[2024-04-25T06:00:11.842+0000] {logging_mixin.py:188} INFO - [2024-04-25T06:00:11.837+0000] {dag.py:3823} INFO - Setting next_dagrun for latest_only_with_trigger to 2024-04-25 00:00:00+00:00, run_after=2024-04-25 04:00:00+00:00
[2024-04-25T06:00:12.345+0000] {processor.py:183} INFO - Processing /home/airflow/.local/lib/python3.8/site-packages/airflow/example_dags/example_latest_only_with_trigger.py took 2.476 seconds
[2024-04-25T06:00:43.751+0000] {processor.py:161} INFO - Started process (PID=244) to work on /home/airflow/.local/lib/python3.8/site-packages/airflow/example_dags/example_latest_only_with_trigger.py
[2024-04-25T06:00:43.756+0000] {processor.py:830} INFO - Processing file /home/airflow/.local/lib/python3.8/site-packages/airflow/example_dags/example_latest_only_with_trigger.py for tasks to queue
[2024-04-25T06:00:43.762+0000] {logging_mixin.py:188} INFO - [2024-04-25T06:00:43.761+0000] {dagbag.py:538} INFO - Filling up the DagBag from /home/airflow/.local/lib/python3.8/site-packages/airflow/example_dags/example_latest_only_with_trigger.py
[2024-04-25T06:00:43.786+0000] {processor.py:840} INFO - DAG(s) 'latest_only_with_trigger' retrieved from /home/airflow/.local/lib/python3.8/site-packages/airflow/example_dags/example_latest_only_with_trigger.py
[2024-04-25T06:00:43.868+0000] {logging_mixin.py:188} INFO - [2024-04-25T06:00:43.867+0000] {dag.py:3036} INFO - Sync 1 DAGs
[2024-04-25T06:00:43.952+0000] {logging_mixin.py:188} INFO - [2024-04-25T06:00:43.951+0000] {dag.py:3823} INFO - Setting next_dagrun for latest_only_with_trigger to 2024-04-25 00:00:00+00:00, run_after=2024-04-25 04:00:00+00:00
[2024-04-25T06:00:44.022+0000] {processor.py:183} INFO - Processing /home/airflow/.local/lib/python3.8/site-packages/airflow/example_dags/example_latest_only_with_trigger.py took 0.279 seconds
[2024-04-25T06:01:18.329+0000] {processor.py:161} INFO - Started process (PID=301) to work on /home/airflow/.local/lib/python3.8/site-packages/airflow/example_dags/example_latest_only_with_trigger.py
[2024-04-25T06:01:18.334+0000] {processor.py:830} INFO - Processing file /home/airflow/.local/lib/python3.8/site-packages/airflow/example_dags/example_latest_only_with_trigger.py for tasks to queue
[2024-04-25T06:01:18.341+0000] {logging_mixin.py:188} INFO - [2024-04-25T06:01:18.340+0000] {dagbag.py:538} INFO - Filling up the DagBag from /home/airflow/.local/lib/python3.8/site-packages/airflow/example_dags/example_latest_only_with_trigger.py
[2024-04-25T06:01:18.361+0000] {processor.py:840} INFO - DAG(s) 'latest_only_with_trigger' retrieved from /home/airflow/.local/lib/python3.8/site-packages/airflow/example_dags/example_latest_only_with_trigger.py
[2024-04-25T06:01:18.453+0000] {logging_mixin.py:188} INFO - [2024-04-25T06:01:18.452+0000] {dag.py:3036} INFO - Sync 1 DAGs
[2024-04-25T06:01:18.543+0000] {logging_mixin.py:188} INFO - [2024-04-25T06:01:18.542+0000] {dag.py:3823} INFO - Setting next_dagrun for latest_only_with_trigger to 2024-04-25 00:00:00+00:00, run_after=2024-04-25 04:00:00+00:00
[2024-04-25T06:01:18.618+0000] {processor.py:183} INFO - Processing /home/airflow/.local/lib/python3.8/site-packages/airflow/example_dags/example_latest_only_with_trigger.py took 0.301 seconds
[2024-04-25T06:02:03.296+0000] {processor.py:161} INFO - Started process (PID=361) to work on /home/airflow/.local/lib/python3.8/site-packages/airflow/example_dags/example_latest_only_with_trigger.py
[2024-04-25T06:02:03.319+0000] {processor.py:830} INFO - Processing file /home/airflow/.local/lib/python3.8/site-packages/airflow/example_dags/example_latest_only_with_trigger.py for tasks to queue
[2024-04-25T06:02:03.330+0000] {logging_mixin.py:188} INFO - [2024-04-25T06:02:03.328+0000] {dagbag.py:538} INFO - Filling up the DagBag from /home/airflow/.local/lib/python3.8/site-packages/airflow/example_dags/example_latest_only_with_trigger.py
[2024-04-25T06:02:03.394+0000] {processor.py:840} INFO - DAG(s) 'latest_only_with_trigger' retrieved from /home/airflow/.local/lib/python3.8/site-packages/airflow/example_dags/example_latest_only_with_trigger.py
[2024-04-25T06:02:03.471+0000] {logging_mixin.py:188} INFO - [2024-04-25T06:02:03.470+0000] {dag.py:3036} INFO - Sync 1 DAGs
[2024-04-25T06:02:03.573+0000] {logging_mixin.py:188} INFO - [2024-04-25T06:02:03.571+0000] {dag.py:3823} INFO - Setting next_dagrun for latest_only_with_trigger to 2024-04-25 00:00:00+00:00, run_after=2024-04-25 04:00:00+00:00
[2024-04-25T06:02:03.766+0000] {processor.py:183} INFO - Processing /home/airflow/.local/lib/python3.8/site-packages/airflow/example_dags/example_latest_only_with_trigger.py took 0.507 seconds
[2024-04-25T06:02:33.897+0000] {processor.py:161} INFO - Started process (PID=420) to work on /home/airflow/.local/lib/python3.8/site-packages/airflow/example_dags/example_latest_only_with_trigger.py
[2024-04-25T06:02:33.901+0000] {processor.py:830} INFO - Processing file /home/airflow/.local/lib/python3.8/site-packages/airflow/example_dags/example_latest_only_with_trigger.py for tasks to queue
[2024-04-25T06:02:33.906+0000] {logging_mixin.py:188} INFO - [2024-04-25T06:02:33.905+0000] {dagbag.py:538} INFO - Filling up the DagBag from /home/airflow/.local/lib/python3.8/site-packages/airflow/example_dags/example_latest_only_with_trigger.py
[2024-04-25T06:02:33.918+0000] {processor.py:840} INFO - DAG(s) 'latest_only_with_trigger' retrieved from /home/airflow/.local/lib/python3.8/site-packages/airflow/example_dags/example_latest_only_with_trigger.py
[2024-04-25T06:02:33.964+0000] {logging_mixin.py:188} INFO - [2024-04-25T06:02:33.963+0000] {dag.py:3036} INFO - Sync 1 DAGs
[2024-04-25T06:02:34.036+0000] {logging_mixin.py:188} INFO - [2024-04-25T06:02:34.035+0000] {dag.py:3823} INFO - Setting next_dagrun for latest_only_with_trigger to 2024-04-25 00:00:00+00:00, run_after=2024-04-25 04:00:00+00:00
[2024-04-25T06:02:34.096+0000] {processor.py:183} INFO - Processing /home/airflow/.local/lib/python3.8/site-packages/airflow/example_dags/example_latest_only_with_trigger.py took 0.206 seconds
[2024-04-25T06:03:17.854+0000] {processor.py:161} INFO - Started process (PID=484) to work on /home/airflow/.local/lib/python3.8/site-packages/airflow/example_dags/example_latest_only_with_trigger.py
[2024-04-25T06:03:17.859+0000] {processor.py:830} INFO - Processing file /home/airflow/.local/lib/python3.8/site-packages/airflow/example_dags/example_latest_only_with_trigger.py for tasks to queue
[2024-04-25T06:03:17.868+0000] {logging_mixin.py:188} INFO - [2024-04-25T06:03:17.866+0000] {dagbag.py:538} INFO - Filling up the DagBag from /home/airflow/.local/lib/python3.8/site-packages/airflow/example_dags/example_latest_only_with_trigger.py
[2024-04-25T06:03:17.885+0000] {processor.py:840} INFO - DAG(s) 'latest_only_with_trigger' retrieved from /home/airflow/.local/lib/python3.8/site-packages/airflow/example_dags/example_latest_only_with_trigger.py
[2024-04-25T06:03:17.978+0000] {logging_mixin.py:188} INFO - [2024-04-25T06:03:17.977+0000] {dag.py:3036} INFO - Sync 1 DAGs
[2024-04-25T06:03:18.057+0000] {logging_mixin.py:188} INFO - [2024-04-25T06:03:18.056+0000] {dag.py:3823} INFO - Setting next_dagrun for latest_only_with_trigger to 2024-04-25 00:00:00+00:00, run_after=2024-04-25 04:00:00+00:00
[2024-04-25T06:03:18.151+0000] {processor.py:183} INFO - Processing /home/airflow/.local/lib/python3.8/site-packages/airflow/example_dags/example_latest_only_with_trigger.py took 0.307 seconds
[2024-04-25T06:03:48.433+0000] {processor.py:161} INFO - Started process (PID=543) to work on /home/airflow/.local/lib/python3.8/site-packages/airflow/example_dags/example_latest_only_with_trigger.py
[2024-04-25T06:03:48.437+0000] {processor.py:830} INFO - Processing file /home/airflow/.local/lib/python3.8/site-packages/airflow/example_dags/example_latest_only_with_trigger.py for tasks to queue
[2024-04-25T06:03:48.442+0000] {logging_mixin.py:188} INFO - [2024-04-25T06:03:48.442+0000] {dagbag.py:538} INFO - Filling up the DagBag from /home/airflow/.local/lib/python3.8/site-packages/airflow/example_dags/example_latest_only_with_trigger.py
[2024-04-25T06:03:48.457+0000] {processor.py:840} INFO - DAG(s) 'latest_only_with_trigger' retrieved from /home/airflow/.local/lib/python3.8/site-packages/airflow/example_dags/example_latest_only_with_trigger.py
[2024-04-25T06:03:48.519+0000] {logging_mixin.py:188} INFO - [2024-04-25T06:03:48.518+0000] {dag.py:3036} INFO - Sync 1 DAGs
[2024-04-25T06:03:48.606+0000] {logging_mixin.py:188} INFO - [2024-04-25T06:03:48.605+0000] {dag.py:3823} INFO - Setting next_dagrun for latest_only_with_trigger to 2024-04-25 00:00:00+00:00, run_after=2024-04-25 04:00:00+00:00
[2024-04-25T06:03:48.666+0000] {processor.py:183} INFO - Processing /home/airflow/.local/lib/python3.8/site-packages/airflow/example_dags/example_latest_only_with_trigger.py took 0.243 seconds
[2024-04-25T06:04:19.047+0000] {processor.py:161} INFO - Started process (PID=602) to work on /home/airflow/.local/lib/python3.8/site-packages/airflow/example_dags/example_latest_only_with_trigger.py
[2024-04-25T06:04:19.050+0000] {processor.py:830} INFO - Processing file /home/airflow/.local/lib/python3.8/site-packages/airflow/example_dags/example_latest_only_with_trigger.py for tasks to queue
[2024-04-25T06:04:19.055+0000] {logging_mixin.py:188} INFO - [2024-04-25T06:04:19.055+0000] {dagbag.py:538} INFO - Filling up the DagBag from /home/airflow/.local/lib/python3.8/site-packages/airflow/example_dags/example_latest_only_with_trigger.py
[2024-04-25T06:04:19.072+0000] {processor.py:840} INFO - DAG(s) 'latest_only_with_trigger' retrieved from /home/airflow/.local/lib/python3.8/site-packages/airflow/example_dags/example_latest_only_with_trigger.py
[2024-04-25T06:04:19.134+0000] {logging_mixin.py:188} INFO - [2024-04-25T06:04:19.133+0000] {dag.py:3036} INFO - Sync 1 DAGs
[2024-04-25T06:04:19.186+0000] {logging_mixin.py:188} INFO - [2024-04-25T06:04:19.185+0000] {dag.py:3823} INFO - Setting next_dagrun for latest_only_with_trigger to 2024-04-25 00:00:00+00:00, run_after=2024-04-25 04:00:00+00:00
[2024-04-25T06:04:19.227+0000] {processor.py:183} INFO - Processing /home/airflow/.local/lib/python3.8/site-packages/airflow/example_dags/example_latest_only_with_trigger.py took 0.187 seconds
[2024-04-25T06:04:49.289+0000] {processor.py:161} INFO - Started process (PID=661) to work on /home/airflow/.local/lib/python3.8/site-packages/airflow/example_dags/example_latest_only_with_trigger.py
[2024-04-25T06:04:49.292+0000] {processor.py:830} INFO - Processing file /home/airflow/.local/lib/python3.8/site-packages/airflow/example_dags/example_latest_only_with_trigger.py for tasks to queue
[2024-04-25T06:04:49.296+0000] {logging_mixin.py:188} INFO - [2024-04-25T06:04:49.295+0000] {dagbag.py:538} INFO - Filling up the DagBag from /home/airflow/.local/lib/python3.8/site-packages/airflow/example_dags/example_latest_only_with_trigger.py
[2024-04-25T06:04:49.311+0000] {processor.py:840} INFO - DAG(s) 'latest_only_with_trigger' retrieved from /home/airflow/.local/lib/python3.8/site-packages/airflow/example_dags/example_latest_only_with_trigger.py
[2024-04-25T06:04:49.359+0000] {logging_mixin.py:188} INFO - [2024-04-25T06:04:49.358+0000] {dag.py:3036} INFO - Sync 1 DAGs
[2024-04-25T06:04:49.417+0000] {logging_mixin.py:188} INFO - [2024-04-25T06:04:49.416+0000] {dag.py:3823} INFO - Setting next_dagrun for latest_only_with_trigger to 2024-04-25 00:00:00+00:00, run_after=2024-04-25 04:00:00+00:00
[2024-04-25T06:04:49.483+0000] {processor.py:183} INFO - Processing /home/airflow/.local/lib/python3.8/site-packages/airflow/example_dags/example_latest_only_with_trigger.py took 0.201 seconds
[2024-04-25T06:05:21.909+0000] {processor.py:161} INFO - Started process (PID=720) to work on /home/airflow/.local/lib/python3.8/site-packages/airflow/example_dags/example_latest_only_with_trigger.py
[2024-04-25T06:05:21.913+0000] {processor.py:830} INFO - Processing file /home/airflow/.local/lib/python3.8/site-packages/airflow/example_dags/example_latest_only_with_trigger.py for tasks to queue
[2024-04-25T06:05:21.921+0000] {logging_mixin.py:188} INFO - [2024-04-25T06:05:21.920+0000] {dagbag.py:538} INFO - Filling up the DagBag from /home/airflow/.local/lib/python3.8/site-packages/airflow/example_dags/example_latest_only_with_trigger.py
[2024-04-25T06:05:21.950+0000] {processor.py:840} INFO - DAG(s) 'latest_only_with_trigger' retrieved from /home/airflow/.local/lib/python3.8/site-packages/airflow/example_dags/example_latest_only_with_trigger.py
[2024-04-25T06:05:22.053+0000] {logging_mixin.py:188} INFO - [2024-04-25T06:05:22.052+0000] {dag.py:3036} INFO - Sync 1 DAGs
[2024-04-25T06:05:22.188+0000] {logging_mixin.py:188} INFO - [2024-04-25T06:05:22.183+0000] {dag.py:3823} INFO - Setting next_dagrun for latest_only_with_trigger to 2024-04-25 00:00:00+00:00, run_after=2024-04-25 04:00:00+00:00
[2024-04-25T06:05:22.361+0000] {processor.py:183} INFO - Processing /home/airflow/.local/lib/python3.8/site-packages/airflow/example_dags/example_latest_only_with_trigger.py took 0.466 seconds
[2024-04-25T06:05:52.677+0000] {processor.py:161} INFO - Started process (PID=779) to work on /home/airflow/.local/lib/python3.8/site-packages/airflow/example_dags/example_latest_only_with_trigger.py
[2024-04-25T06:05:52.680+0000] {processor.py:830} INFO - Processing file /home/airflow/.local/lib/python3.8/site-packages/airflow/example_dags/example_latest_only_with_trigger.py for tasks to queue
[2024-04-25T06:05:52.683+0000] {logging_mixin.py:188} INFO - [2024-04-25T06:05:52.683+0000] {dagbag.py:538} INFO - Filling up the DagBag from /home/airflow/.local/lib/python3.8/site-packages/airflow/example_dags/example_latest_only_with_trigger.py
[2024-04-25T06:05:52.694+0000] {processor.py:840} INFO - DAG(s) 'latest_only_with_trigger' retrieved from /home/airflow/.local/lib/python3.8/site-packages/airflow/example_dags/example_latest_only_with_trigger.py
[2024-04-25T06:05:52.736+0000] {logging_mixin.py:188} INFO - [2024-04-25T06:05:52.735+0000] {dag.py:3036} INFO - Sync 1 DAGs
[2024-04-25T06:05:52.781+0000] {logging_mixin.py:188} INFO - [2024-04-25T06:05:52.780+0000] {dag.py:3823} INFO - Setting next_dagrun for latest_only_with_trigger to 2024-04-25 00:00:00+00:00, run_after=2024-04-25 04:00:00+00:00
[2024-04-25T06:05:52.825+0000] {processor.py:183} INFO - Processing /home/airflow/.local/lib/python3.8/site-packages/airflow/example_dags/example_latest_only_with_trigger.py took 0.155 seconds
[2024-04-25T06:06:23.536+0000] {processor.py:161} INFO - Started process (PID=838) to work on /home/airflow/.local/lib/python3.8/site-packages/airflow/example_dags/example_latest_only_with_trigger.py
[2024-04-25T06:06:23.538+0000] {processor.py:830} INFO - Processing file /home/airflow/.local/lib/python3.8/site-packages/airflow/example_dags/example_latest_only_with_trigger.py for tasks to queue
[2024-04-25T06:06:23.540+0000] {logging_mixin.py:188} INFO - [2024-04-25T06:06:23.540+0000] {dagbag.py:538} INFO - Filling up the DagBag from /home/airflow/.local/lib/python3.8/site-packages/airflow/example_dags/example_latest_only_with_trigger.py
[2024-04-25T06:06:23.547+0000] {processor.py:840} INFO - DAG(s) 'latest_only_with_trigger' retrieved from /home/airflow/.local/lib/python3.8/site-packages/airflow/example_dags/example_latest_only_with_trigger.py
[2024-04-25T06:06:23.577+0000] {logging_mixin.py:188} INFO - [2024-04-25T06:06:23.576+0000] {dag.py:3036} INFO - Sync 1 DAGs
[2024-04-25T06:06:23.609+0000] {logging_mixin.py:188} INFO - [2024-04-25T06:06:23.609+0000] {dag.py:3823} INFO - Setting next_dagrun for latest_only_with_trigger to 2024-04-25 00:00:00+00:00, run_after=2024-04-25 04:00:00+00:00
[2024-04-25T06:06:23.641+0000] {processor.py:183} INFO - Processing /home/airflow/.local/lib/python3.8/site-packages/airflow/example_dags/example_latest_only_with_trigger.py took 0.108 seconds
[2024-04-25T06:06:54.923+0000] {processor.py:161} INFO - Started process (PID=897) to work on /home/airflow/.local/lib/python3.8/site-packages/airflow/example_dags/example_latest_only_with_trigger.py
[2024-04-25T06:06:54.957+0000] {processor.py:830} INFO - Processing file /home/airflow/.local/lib/python3.8/site-packages/airflow/example_dags/example_latest_only_with_trigger.py for tasks to queue
[2024-04-25T06:06:54.968+0000] {logging_mixin.py:188} INFO - [2024-04-25T06:06:54.966+0000] {dagbag.py:538} INFO - Filling up the DagBag from /home/airflow/.local/lib/python3.8/site-packages/airflow/example_dags/example_latest_only_with_trigger.py
[2024-04-25T06:06:55.030+0000] {processor.py:840} INFO - DAG(s) 'latest_only_with_trigger' retrieved from /home/airflow/.local/lib/python3.8/site-packages/airflow/example_dags/example_latest_only_with_trigger.py
[2024-04-25T06:06:55.387+0000] {logging_mixin.py:188} INFO - [2024-04-25T06:06:55.385+0000] {dag.py:3036} INFO - Sync 1 DAGs
[2024-04-25T06:06:55.553+0000] {logging_mixin.py:188} INFO - [2024-04-25T06:06:55.553+0000] {dag.py:3823} INFO - Setting next_dagrun for latest_only_with_trigger to 2024-04-25 00:00:00+00:00, run_after=2024-04-25 04:00:00+00:00
[2024-04-25T06:06:55.690+0000] {processor.py:183} INFO - Processing /home/airflow/.local/lib/python3.8/site-packages/airflow/example_dags/example_latest_only_with_trigger.py took 0.780 seconds
[2024-04-25T06:07:26.332+0000] {processor.py:161} INFO - Started process (PID=956) to work on /home/airflow/.local/lib/python3.8/site-packages/airflow/example_dags/example_latest_only_with_trigger.py
[2024-04-25T06:07:26.337+0000] {processor.py:830} INFO - Processing file /home/airflow/.local/lib/python3.8/site-packages/airflow/example_dags/example_latest_only_with_trigger.py for tasks to queue
[2024-04-25T06:07:26.344+0000] {logging_mixin.py:188} INFO - [2024-04-25T06:07:26.343+0000] {dagbag.py:538} INFO - Filling up the DagBag from /home/airflow/.local/lib/python3.8/site-packages/airflow/example_dags/example_latest_only_with_trigger.py
[2024-04-25T06:07:26.370+0000] {processor.py:840} INFO - DAG(s) 'latest_only_with_trigger' retrieved from /home/airflow/.local/lib/python3.8/site-packages/airflow/example_dags/example_latest_only_with_trigger.py
[2024-04-25T06:07:26.450+0000] {logging_mixin.py:188} INFO - [2024-04-25T06:07:26.449+0000] {dag.py:3036} INFO - Sync 1 DAGs
[2024-04-25T06:07:26.528+0000] {logging_mixin.py:188} INFO - [2024-04-25T06:07:26.527+0000] {dag.py:3823} INFO - Setting next_dagrun for latest_only_with_trigger to 2024-04-25 00:00:00+00:00, run_after=2024-04-25 04:00:00+00:00
[2024-04-25T06:07:26.585+0000] {processor.py:183} INFO - Processing /home/airflow/.local/lib/python3.8/site-packages/airflow/example_dags/example_latest_only_with_trigger.py took 0.266 seconds
[2024-04-25T06:07:56.685+0000] {processor.py:161} INFO - Started process (PID=1015) to work on /home/airflow/.local/lib/python3.8/site-packages/airflow/example_dags/example_latest_only_with_trigger.py
[2024-04-25T06:07:56.689+0000] {processor.py:830} INFO - Processing file /home/airflow/.local/lib/python3.8/site-packages/airflow/example_dags/example_latest_only_with_trigger.py for tasks to queue
[2024-04-25T06:07:56.696+0000] {logging_mixin.py:188} INFO - [2024-04-25T06:07:56.695+0000] {dagbag.py:538} INFO - Filling up the DagBag from /home/airflow/.local/lib/python3.8/site-packages/airflow/example_dags/example_latest_only_with_trigger.py
[2024-04-25T06:07:56.728+0000] {processor.py:840} INFO - DAG(s) 'latest_only_with_trigger' retrieved from /home/airflow/.local/lib/python3.8/site-packages/airflow/example_dags/example_latest_only_with_trigger.py
[2024-04-25T06:07:56.803+0000] {logging_mixin.py:188} INFO - [2024-04-25T06:07:56.803+0000] {dag.py:3036} INFO - Sync 1 DAGs
[2024-04-25T06:07:56.969+0000] {logging_mixin.py:188} INFO - [2024-04-25T06:07:56.968+0000] {dag.py:3823} INFO - Setting next_dagrun for latest_only_with_trigger to 2024-04-25 00:00:00+00:00, run_after=2024-04-25 04:00:00+00:00
[2024-04-25T06:07:57.041+0000] {processor.py:183} INFO - Processing /home/airflow/.local/lib/python3.8/site-packages/airflow/example_dags/example_latest_only_with_trigger.py took 0.364 seconds
[2024-04-25T06:08:27.954+0000] {processor.py:161} INFO - Started process (PID=1074) to work on /home/airflow/.local/lib/python3.8/site-packages/airflow/example_dags/example_latest_only_with_trigger.py
[2024-04-25T06:08:27.957+0000] {processor.py:830} INFO - Processing file /home/airflow/.local/lib/python3.8/site-packages/airflow/example_dags/example_latest_only_with_trigger.py for tasks to queue
[2024-04-25T06:08:27.962+0000] {logging_mixin.py:188} INFO - [2024-04-25T06:08:27.961+0000] {dagbag.py:538} INFO - Filling up the DagBag from /home/airflow/.local/lib/python3.8/site-packages/airflow/example_dags/example_latest_only_with_trigger.py
[2024-04-25T06:08:27.974+0000] {processor.py:840} INFO - DAG(s) 'latest_only_with_trigger' retrieved from /home/airflow/.local/lib/python3.8/site-packages/airflow/example_dags/example_latest_only_with_trigger.py
[2024-04-25T06:08:28.006+0000] {logging_mixin.py:188} INFO - [2024-04-25T06:08:28.005+0000] {dag.py:3036} INFO - Sync 1 DAGs
[2024-04-25T06:08:28.032+0000] {logging_mixin.py:188} INFO - [2024-04-25T06:08:28.031+0000] {dag.py:3823} INFO - Setting next_dagrun for latest_only_with_trigger to 2024-04-25 00:00:00+00:00, run_after=2024-04-25 04:00:00+00:00
[2024-04-25T06:08:28.058+0000] {processor.py:183} INFO - Processing /home/airflow/.local/lib/python3.8/site-packages/airflow/example_dags/example_latest_only_with_trigger.py took 0.113 seconds
[2024-04-25T06:08:58.379+0000] {processor.py:161} INFO - Started process (PID=1133) to work on /home/airflow/.local/lib/python3.8/site-packages/airflow/example_dags/example_latest_only_with_trigger.py
[2024-04-25T06:08:58.385+0000] {processor.py:830} INFO - Processing file /home/airflow/.local/lib/python3.8/site-packages/airflow/example_dags/example_latest_only_with_trigger.py for tasks to queue
[2024-04-25T06:08:58.394+0000] {logging_mixin.py:188} INFO - [2024-04-25T06:08:58.393+0000] {dagbag.py:538} INFO - Filling up the DagBag from /home/airflow/.local/lib/python3.8/site-packages/airflow/example_dags/example_latest_only_with_trigger.py
[2024-04-25T06:08:58.426+0000] {processor.py:840} INFO - DAG(s) 'latest_only_with_trigger' retrieved from /home/airflow/.local/lib/python3.8/site-packages/airflow/example_dags/example_latest_only_with_trigger.py
[2024-04-25T06:08:58.505+0000] {logging_mixin.py:188} INFO - [2024-04-25T06:08:58.504+0000] {dag.py:3036} INFO - Sync 1 DAGs
[2024-04-25T06:08:58.604+0000] {logging_mixin.py:188} INFO - [2024-04-25T06:08:58.603+0000] {dag.py:3823} INFO - Setting next_dagrun for latest_only_with_trigger to 2024-04-25 00:00:00+00:00, run_after=2024-04-25 04:00:00+00:00
[2024-04-25T06:08:58.693+0000] {processor.py:183} INFO - Processing /home/airflow/.local/lib/python3.8/site-packages/airflow/example_dags/example_latest_only_with_trigger.py took 0.331 seconds
[2024-04-25T06:09:29.193+0000] {processor.py:161} INFO - Started process (PID=1192) to work on /home/airflow/.local/lib/python3.8/site-packages/airflow/example_dags/example_latest_only_with_trigger.py
[2024-04-25T06:09:29.195+0000] {processor.py:830} INFO - Processing file /home/airflow/.local/lib/python3.8/site-packages/airflow/example_dags/example_latest_only_with_trigger.py for tasks to queue
[2024-04-25T06:09:29.198+0000] {logging_mixin.py:188} INFO - [2024-04-25T06:09:29.198+0000] {dagbag.py:538} INFO - Filling up the DagBag from /home/airflow/.local/lib/python3.8/site-packages/airflow/example_dags/example_latest_only_with_trigger.py
[2024-04-25T06:09:29.208+0000] {processor.py:840} INFO - DAG(s) 'latest_only_with_trigger' retrieved from /home/airflow/.local/lib/python3.8/site-packages/airflow/example_dags/example_latest_only_with_trigger.py
[2024-04-25T06:09:29.245+0000] {logging_mixin.py:188} INFO - [2024-04-25T06:09:29.244+0000] {dag.py:3036} INFO - Sync 1 DAGs
[2024-04-25T06:09:29.282+0000] {logging_mixin.py:188} INFO - [2024-04-25T06:09:29.281+0000] {dag.py:3823} INFO - Setting next_dagrun for latest_only_with_trigger to 2024-04-25 00:00:00+00:00, run_after=2024-04-25 04:00:00+00:00
[2024-04-25T06:09:29.325+0000] {processor.py:183} INFO - Processing /home/airflow/.local/lib/python3.8/site-packages/airflow/example_dags/example_latest_only_with_trigger.py took 0.137 seconds
[2024-04-25T06:10:00.804+0000] {processor.py:161} INFO - Started process (PID=1251) to work on /home/airflow/.local/lib/python3.8/site-packages/airflow/example_dags/example_latest_only_with_trigger.py
[2024-04-25T06:10:00.809+0000] {processor.py:830} INFO - Processing file /home/airflow/.local/lib/python3.8/site-packages/airflow/example_dags/example_latest_only_with_trigger.py for tasks to queue
[2024-04-25T06:10:00.816+0000] {logging_mixin.py:188} INFO - [2024-04-25T06:10:00.815+0000] {dagbag.py:538} INFO - Filling up the DagBag from /home/airflow/.local/lib/python3.8/site-packages/airflow/example_dags/example_latest_only_with_trigger.py
[2024-04-25T06:10:00.833+0000] {processor.py:840} INFO - DAG(s) 'latest_only_with_trigger' retrieved from /home/airflow/.local/lib/python3.8/site-packages/airflow/example_dags/example_latest_only_with_trigger.py
[2024-04-25T06:10:00.901+0000] {logging_mixin.py:188} INFO - [2024-04-25T06:10:00.900+0000] {dag.py:3036} INFO - Sync 1 DAGs
[2024-04-25T06:10:00.985+0000] {logging_mixin.py:188} INFO - [2024-04-25T06:10:00.985+0000] {dag.py:3823} INFO - Setting next_dagrun for latest_only_with_trigger to 2024-04-25 00:00:00+00:00, run_after=2024-04-25 04:00:00+00:00
[2024-04-25T06:10:01.056+0000] {processor.py:183} INFO - Processing /home/airflow/.local/lib/python3.8/site-packages/airflow/example_dags/example_latest_only_with_trigger.py took 0.265 seconds
[2024-04-25T06:10:32.041+0000] {processor.py:161} INFO - Started process (PID=1310) to work on /home/airflow/.local/lib/python3.8/site-packages/airflow/example_dags/example_latest_only_with_trigger.py
[2024-04-25T06:10:32.045+0000] {processor.py:830} INFO - Processing file /home/airflow/.local/lib/python3.8/site-packages/airflow/example_dags/example_latest_only_with_trigger.py for tasks to queue
[2024-04-25T06:10:32.053+0000] {logging_mixin.py:188} INFO - [2024-04-25T06:10:32.052+0000] {dagbag.py:538} INFO - Filling up the DagBag from /home/airflow/.local/lib/python3.8/site-packages/airflow/example_dags/example_latest_only_with_trigger.py
[2024-04-25T06:10:32.076+0000] {processor.py:840} INFO - DAG(s) 'latest_only_with_trigger' retrieved from /home/airflow/.local/lib/python3.8/site-packages/airflow/example_dags/example_latest_only_with_trigger.py
[2024-04-25T06:10:32.136+0000] {logging_mixin.py:188} INFO - [2024-04-25T06:10:32.135+0000] {dag.py:3036} INFO - Sync 1 DAGs
[2024-04-25T06:10:32.194+0000] {logging_mixin.py:188} INFO - [2024-04-25T06:10:32.194+0000] {dag.py:3823} INFO - Setting next_dagrun for latest_only_with_trigger to 2024-04-25 00:00:00+00:00, run_after=2024-04-25 04:00:00+00:00
[2024-04-25T06:10:32.249+0000] {processor.py:183} INFO - Processing /home/airflow/.local/lib/python3.8/site-packages/airflow/example_dags/example_latest_only_with_trigger.py took 0.218 seconds
[2024-04-25T06:53:12.677+0000] {processor.py:161} INFO - Started process (PID=139) to work on /home/airflow/.local/lib/python3.8/site-packages/airflow/example_dags/example_latest_only_with_trigger.py
[2024-04-25T06:53:12.683+0000] {processor.py:830} INFO - Processing file /home/airflow/.local/lib/python3.8/site-packages/airflow/example_dags/example_latest_only_with_trigger.py for tasks to queue
[2024-04-25T06:53:12.693+0000] {logging_mixin.py:188} INFO - [2024-04-25T06:53:12.691+0000] {dagbag.py:538} INFO - Filling up the DagBag from /home/airflow/.local/lib/python3.8/site-packages/airflow/example_dags/example_latest_only_with_trigger.py
[2024-04-25T06:53:12.734+0000] {processor.py:840} INFO - DAG(s) 'latest_only_with_trigger' retrieved from /home/airflow/.local/lib/python3.8/site-packages/airflow/example_dags/example_latest_only_with_trigger.py
[2024-04-25T06:53:13.718+0000] {logging_mixin.py:188} INFO - [2024-04-25T06:53:13.717+0000] {dag.py:3036} INFO - Sync 1 DAGs
[2024-04-25T06:53:13.827+0000] {logging_mixin.py:188} INFO - [2024-04-25T06:53:13.825+0000] {dag.py:3823} INFO - Setting next_dagrun for latest_only_with_trigger to 2024-04-25 00:00:00+00:00, run_after=2024-04-25 04:00:00+00:00
[2024-04-25T06:53:13.945+0000] {processor.py:183} INFO - Processing /home/airflow/.local/lib/python3.8/site-packages/airflow/example_dags/example_latest_only_with_trigger.py took 1.285 seconds
[2024-04-25T06:53:51.922+0000] {processor.py:161} INFO - Started process (PID=209) to work on /home/airflow/.local/lib/python3.8/site-packages/airflow/example_dags/example_latest_only_with_trigger.py
[2024-04-25T06:53:51.931+0000] {processor.py:830} INFO - Processing file /home/airflow/.local/lib/python3.8/site-packages/airflow/example_dags/example_latest_only_with_trigger.py for tasks to queue
[2024-04-25T06:53:51.941+0000] {logging_mixin.py:188} INFO - [2024-04-25T06:53:51.940+0000] {dagbag.py:538} INFO - Filling up the DagBag from /home/airflow/.local/lib/python3.8/site-packages/airflow/example_dags/example_latest_only_with_trigger.py
[2024-04-25T06:53:51.969+0000] {processor.py:840} INFO - DAG(s) 'latest_only_with_trigger' retrieved from /home/airflow/.local/lib/python3.8/site-packages/airflow/example_dags/example_latest_only_with_trigger.py
[2024-04-25T06:53:52.370+0000] {logging_mixin.py:188} INFO - [2024-04-25T06:53:52.369+0000] {dag.py:3036} INFO - Sync 1 DAGs
[2024-04-25T06:53:52.512+0000] {logging_mixin.py:188} INFO - [2024-04-25T06:53:52.510+0000] {dag.py:3823} INFO - Setting next_dagrun for latest_only_with_trigger to 2024-04-25 00:00:00+00:00, run_after=2024-04-25 04:00:00+00:00
[2024-04-25T06:53:52.654+0000] {processor.py:183} INFO - Processing /home/airflow/.local/lib/python3.8/site-packages/airflow/example_dags/example_latest_only_with_trigger.py took 0.753 seconds
[2024-04-25T06:54:24.011+0000] {processor.py:161} INFO - Started process (PID=279) to work on /home/airflow/.local/lib/python3.8/site-packages/airflow/example_dags/example_latest_only_with_trigger.py
[2024-04-25T06:54:24.018+0000] {processor.py:830} INFO - Processing file /home/airflow/.local/lib/python3.8/site-packages/airflow/example_dags/example_latest_only_with_trigger.py for tasks to queue
[2024-04-25T06:54:24.033+0000] {logging_mixin.py:188} INFO - [2024-04-25T06:54:24.031+0000] {dagbag.py:538} INFO - Filling up the DagBag from /home/airflow/.local/lib/python3.8/site-packages/airflow/example_dags/example_latest_only_with_trigger.py
[2024-04-25T06:54:24.149+0000] {processor.py:840} INFO - DAG(s) 'latest_only_with_trigger' retrieved from /home/airflow/.local/lib/python3.8/site-packages/airflow/example_dags/example_latest_only_with_trigger.py
[2024-04-25T06:54:24.410+0000] {logging_mixin.py:188} INFO - [2024-04-25T06:54:24.409+0000] {dag.py:3036} INFO - Sync 1 DAGs
[2024-04-25T06:54:24.671+0000] {logging_mixin.py:188} INFO - [2024-04-25T06:54:24.670+0000] {dag.py:3823} INFO - Setting next_dagrun for latest_only_with_trigger to 2024-04-25 00:00:00+00:00, run_after=2024-04-25 04:00:00+00:00
[2024-04-25T06:54:24.941+0000] {processor.py:183} INFO - Processing /home/airflow/.local/lib/python3.8/site-packages/airflow/example_dags/example_latest_only_with_trigger.py took 0.944 seconds
[2024-04-25T06:54:58.823+0000] {processor.py:161} INFO - Started process (PID=349) to work on /home/airflow/.local/lib/python3.8/site-packages/airflow/example_dags/example_latest_only_with_trigger.py
[2024-04-25T06:54:58.828+0000] {processor.py:830} INFO - Processing file /home/airflow/.local/lib/python3.8/site-packages/airflow/example_dags/example_latest_only_with_trigger.py for tasks to queue
[2024-04-25T06:54:58.839+0000] {logging_mixin.py:188} INFO - [2024-04-25T06:54:58.838+0000] {dagbag.py:538} INFO - Filling up the DagBag from /home/airflow/.local/lib/python3.8/site-packages/airflow/example_dags/example_latest_only_with_trigger.py
[2024-04-25T06:54:58.919+0000] {processor.py:840} INFO - DAG(s) 'latest_only_with_trigger' retrieved from /home/airflow/.local/lib/python3.8/site-packages/airflow/example_dags/example_latest_only_with_trigger.py
[2024-04-25T06:54:59.152+0000] {logging_mixin.py:188} INFO - [2024-04-25T06:54:59.151+0000] {dag.py:3036} INFO - Sync 1 DAGs
[2024-04-25T06:54:59.377+0000] {logging_mixin.py:188} INFO - [2024-04-25T06:54:59.376+0000] {dag.py:3823} INFO - Setting next_dagrun for latest_only_with_trigger to 2024-04-25 00:00:00+00:00, run_after=2024-04-25 04:00:00+00:00
[2024-04-25T06:54:59.710+0000] {processor.py:183} INFO - Processing /home/airflow/.local/lib/python3.8/site-packages/airflow/example_dags/example_latest_only_with_trigger.py took 0.904 seconds
[2024-04-25T06:55:30.335+0000] {processor.py:161} INFO - Started process (PID=418) to work on /home/airflow/.local/lib/python3.8/site-packages/airflow/example_dags/example_latest_only_with_trigger.py
[2024-04-25T06:55:30.340+0000] {processor.py:830} INFO - Processing file /home/airflow/.local/lib/python3.8/site-packages/airflow/example_dags/example_latest_only_with_trigger.py for tasks to queue
[2024-04-25T06:55:30.352+0000] {logging_mixin.py:188} INFO - [2024-04-25T06:55:30.350+0000] {dagbag.py:538} INFO - Filling up the DagBag from /home/airflow/.local/lib/python3.8/site-packages/airflow/example_dags/example_latest_only_with_trigger.py
[2024-04-25T06:55:30.398+0000] {processor.py:840} INFO - DAG(s) 'latest_only_with_trigger' retrieved from /home/airflow/.local/lib/python3.8/site-packages/airflow/example_dags/example_latest_only_with_trigger.py
[2024-04-25T06:55:30.522+0000] {logging_mixin.py:188} INFO - [2024-04-25T06:55:30.522+0000] {dag.py:3036} INFO - Sync 1 DAGs
[2024-04-25T06:55:30.611+0000] {logging_mixin.py:188} INFO - [2024-04-25T06:55:30.609+0000] {dag.py:3823} INFO - Setting next_dagrun for latest_only_with_trigger to 2024-04-25 00:00:00+00:00, run_after=2024-04-25 04:00:00+00:00
[2024-04-25T06:55:30.709+0000] {processor.py:183} INFO - Processing /home/airflow/.local/lib/python3.8/site-packages/airflow/example_dags/example_latest_only_with_trigger.py took 0.390 seconds
[2024-04-25T06:56:07.658+0000] {processor.py:161} INFO - Started process (PID=488) to work on /home/airflow/.local/lib/python3.8/site-packages/airflow/example_dags/example_latest_only_with_trigger.py
[2024-04-25T06:56:07.663+0000] {processor.py:830} INFO - Processing file /home/airflow/.local/lib/python3.8/site-packages/airflow/example_dags/example_latest_only_with_trigger.py for tasks to queue
[2024-04-25T06:56:07.671+0000] {logging_mixin.py:188} INFO - [2024-04-25T06:56:07.670+0000] {dagbag.py:538} INFO - Filling up the DagBag from /home/airflow/.local/lib/python3.8/site-packages/airflow/example_dags/example_latest_only_with_trigger.py
[2024-04-25T06:56:07.693+0000] {processor.py:840} INFO - DAG(s) 'latest_only_with_trigger' retrieved from /home/airflow/.local/lib/python3.8/site-packages/airflow/example_dags/example_latest_only_with_trigger.py
[2024-04-25T06:56:07.776+0000] {logging_mixin.py:188} INFO - [2024-04-25T06:56:07.776+0000] {dag.py:3036} INFO - Sync 1 DAGs
[2024-04-25T06:56:07.869+0000] {logging_mixin.py:188} INFO - [2024-04-25T06:56:07.868+0000] {dag.py:3823} INFO - Setting next_dagrun for latest_only_with_trigger to 2024-04-25 00:00:00+00:00, run_after=2024-04-25 04:00:00+00:00
[2024-04-25T06:56:07.974+0000] {processor.py:183} INFO - Processing /home/airflow/.local/lib/python3.8/site-packages/airflow/example_dags/example_latest_only_with_trigger.py took 0.329 seconds
[2024-04-25T06:56:48.177+0000] {processor.py:161} INFO - Started process (PID=566) to work on /home/airflow/.local/lib/python3.8/site-packages/airflow/example_dags/example_latest_only_with_trigger.py
[2024-04-25T06:56:48.182+0000] {processor.py:830} INFO - Processing file /home/airflow/.local/lib/python3.8/site-packages/airflow/example_dags/example_latest_only_with_trigger.py for tasks to queue
[2024-04-25T06:56:48.189+0000] {logging_mixin.py:188} INFO - [2024-04-25T06:56:48.188+0000] {dagbag.py:538} INFO - Filling up the DagBag from /home/airflow/.local/lib/python3.8/site-packages/airflow/example_dags/example_latest_only_with_trigger.py
[2024-04-25T06:56:48.216+0000] {processor.py:840} INFO - DAG(s) 'latest_only_with_trigger' retrieved from /home/airflow/.local/lib/python3.8/site-packages/airflow/example_dags/example_latest_only_with_trigger.py
[2024-04-25T06:56:48.314+0000] {logging_mixin.py:188} INFO - [2024-04-25T06:56:48.313+0000] {dag.py:3036} INFO - Sync 1 DAGs
[2024-04-25T06:56:48.410+0000] {logging_mixin.py:188} INFO - [2024-04-25T06:56:48.409+0000] {dag.py:3823} INFO - Setting next_dagrun for latest_only_with_trigger to 2024-04-25 00:00:00+00:00, run_after=2024-04-25 04:00:00+00:00
[2024-04-25T06:56:48.484+0000] {processor.py:183} INFO - Processing /home/airflow/.local/lib/python3.8/site-packages/airflow/example_dags/example_latest_only_with_trigger.py took 0.323 seconds
[2024-04-25T07:00:15.638+0000] {processor.py:161} INFO - Started process (PID=684) to work on /home/airflow/.local/lib/python3.8/site-packages/airflow/example_dags/example_latest_only_with_trigger.py
[2024-04-25T07:00:16.015+0000] {processor.py:830} INFO - Processing file /home/airflow/.local/lib/python3.8/site-packages/airflow/example_dags/example_latest_only_with_trigger.py for tasks to queue
[2024-04-25T07:00:16.833+0000] {logging_mixin.py:188} INFO - [2024-04-25T07:00:16.638+0000] {dagbag.py:538} INFO - Filling up the DagBag from /home/airflow/.local/lib/python3.8/site-packages/airflow/example_dags/example_latest_only_with_trigger.py
[2024-04-25T07:00:18.121+0000] {processor.py:840} INFO - DAG(s) 'latest_only_with_trigger' retrieved from /home/airflow/.local/lib/python3.8/site-packages/airflow/example_dags/example_latest_only_with_trigger.py
[2024-04-25T07:00:25.288+0000] {logging_mixin.py:188} INFO - [2024-04-25T07:00:25.284+0000] {dag.py:3036} INFO - Sync 1 DAGs
[2024-04-25T07:00:28.279+0000] {logging_mixin.py:188} INFO - [2024-04-25T07:00:28.277+0000] {dag.py:3823} INFO - Setting next_dagrun for latest_only_with_trigger to 2024-04-25 00:00:00+00:00, run_after=2024-04-25 04:00:00+00:00
[2024-04-25T07:00:29.206+0000] {processor.py:183} INFO - Processing /home/airflow/.local/lib/python3.8/site-packages/airflow/example_dags/example_latest_only_with_trigger.py took 14.697 seconds
[2024-04-25T07:51:15.753+0000] {processor.py:161} INFO - Started process (PID=92) to work on /home/airflow/.local/lib/python3.8/site-packages/airflow/example_dags/example_latest_only_with_trigger.py
[2024-04-25T07:51:15.759+0000] {processor.py:830} INFO - Processing file /home/airflow/.local/lib/python3.8/site-packages/airflow/example_dags/example_latest_only_with_trigger.py for tasks to queue
[2024-04-25T07:51:15.767+0000] {logging_mixin.py:188} INFO - [2024-04-25T07:51:15.766+0000] {dagbag.py:538} INFO - Filling up the DagBag from /home/airflow/.local/lib/python3.8/site-packages/airflow/example_dags/example_latest_only_with_trigger.py
[2024-04-25T07:51:15.782+0000] {processor.py:840} INFO - DAG(s) 'latest_only_with_trigger' retrieved from /home/airflow/.local/lib/python3.8/site-packages/airflow/example_dags/example_latest_only_with_trigger.py
[2024-04-25T07:51:16.117+0000] {logging_mixin.py:188} INFO - [2024-04-25T07:51:16.113+0000] {dag.py:3036} INFO - Sync 1 DAGs
[2024-04-25T07:51:16.268+0000] {logging_mixin.py:188} INFO - [2024-04-25T07:51:16.267+0000] {dag.py:3823} INFO - Setting next_dagrun for latest_only_with_trigger to 2024-04-25 00:00:00+00:00, run_after=2024-04-25 04:00:00+00:00
[2024-04-25T07:51:16.491+0000] {processor.py:183} INFO - Processing /home/airflow/.local/lib/python3.8/site-packages/airflow/example_dags/example_latest_only_with_trigger.py took 0.751 seconds
[2024-04-25T07:51:53.659+0000] {processor.py:161} INFO - Started process (PID=162) to work on /home/airflow/.local/lib/python3.8/site-packages/airflow/example_dags/example_latest_only_with_trigger.py
[2024-04-25T07:51:53.702+0000] {processor.py:830} INFO - Processing file /home/airflow/.local/lib/python3.8/site-packages/airflow/example_dags/example_latest_only_with_trigger.py for tasks to queue
[2024-04-25T07:51:53.762+0000] {logging_mixin.py:188} INFO - [2024-04-25T07:51:53.753+0000] {dagbag.py:538} INFO - Filling up the DagBag from /home/airflow/.local/lib/python3.8/site-packages/airflow/example_dags/example_latest_only_with_trigger.py
[2024-04-25T07:51:53.842+0000] {processor.py:840} INFO - DAG(s) 'latest_only_with_trigger' retrieved from /home/airflow/.local/lib/python3.8/site-packages/airflow/example_dags/example_latest_only_with_trigger.py
[2024-04-25T07:51:54.039+0000] {logging_mixin.py:188} INFO - [2024-04-25T07:51:54.038+0000] {dag.py:3036} INFO - Sync 1 DAGs
[2024-04-25T07:51:54.152+0000] {logging_mixin.py:188} INFO - [2024-04-25T07:51:54.150+0000] {dag.py:3823} INFO - Setting next_dagrun for latest_only_with_trigger to 2024-04-25 00:00:00+00:00, run_after=2024-04-25 04:00:00+00:00
[2024-04-25T07:51:54.335+0000] {processor.py:183} INFO - Processing /home/airflow/.local/lib/python3.8/site-packages/airflow/example_dags/example_latest_only_with_trigger.py took 0.696 seconds
[2024-04-25T07:52:31.044+0000] {processor.py:161} INFO - Started process (PID=238) to work on /home/airflow/.local/lib/python3.8/site-packages/airflow/example_dags/example_latest_only_with_trigger.py
[2024-04-25T07:52:31.050+0000] {processor.py:830} INFO - Processing file /home/airflow/.local/lib/python3.8/site-packages/airflow/example_dags/example_latest_only_with_trigger.py for tasks to queue
[2024-04-25T07:52:31.060+0000] {logging_mixin.py:188} INFO - [2024-04-25T07:52:31.059+0000] {dagbag.py:538} INFO - Filling up the DagBag from /home/airflow/.local/lib/python3.8/site-packages/airflow/example_dags/example_latest_only_with_trigger.py
[2024-04-25T07:52:31.083+0000] {processor.py:840} INFO - DAG(s) 'latest_only_with_trigger' retrieved from /home/airflow/.local/lib/python3.8/site-packages/airflow/example_dags/example_latest_only_with_trigger.py
[2024-04-25T07:52:31.193+0000] {logging_mixin.py:188} INFO - [2024-04-25T07:52:31.192+0000] {dag.py:3036} INFO - Sync 1 DAGs
[2024-04-25T07:52:31.360+0000] {logging_mixin.py:188} INFO - [2024-04-25T07:52:31.360+0000] {dag.py:3823} INFO - Setting next_dagrun for latest_only_with_trigger to 2024-04-25 00:00:00+00:00, run_after=2024-04-25 04:00:00+00:00
[2024-04-25T07:52:31.505+0000] {processor.py:183} INFO - Processing /home/airflow/.local/lib/python3.8/site-packages/airflow/example_dags/example_latest_only_with_trigger.py took 0.476 seconds
[2024-04-25T07:53:01.871+0000] {processor.py:161} INFO - Started process (PID=308) to work on /home/airflow/.local/lib/python3.8/site-packages/airflow/example_dags/example_latest_only_with_trigger.py
[2024-04-25T07:53:01.877+0000] {processor.py:830} INFO - Processing file /home/airflow/.local/lib/python3.8/site-packages/airflow/example_dags/example_latest_only_with_trigger.py for tasks to queue
[2024-04-25T07:53:01.885+0000] {logging_mixin.py:188} INFO - [2024-04-25T07:53:01.884+0000] {dagbag.py:538} INFO - Filling up the DagBag from /home/airflow/.local/lib/python3.8/site-packages/airflow/example_dags/example_latest_only_with_trigger.py
[2024-04-25T07:53:01.912+0000] {processor.py:840} INFO - DAG(s) 'latest_only_with_trigger' retrieved from /home/airflow/.local/lib/python3.8/site-packages/airflow/example_dags/example_latest_only_with_trigger.py
[2024-04-25T07:53:02.002+0000] {logging_mixin.py:188} INFO - [2024-04-25T07:53:02.002+0000] {dag.py:3036} INFO - Sync 1 DAGs
[2024-04-25T07:53:02.118+0000] {logging_mixin.py:188} INFO - [2024-04-25T07:53:02.117+0000] {dag.py:3823} INFO - Setting next_dagrun for latest_only_with_trigger to 2024-04-25 00:00:00+00:00, run_after=2024-04-25 04:00:00+00:00
[2024-04-25T07:53:02.208+0000] {processor.py:183} INFO - Processing /home/airflow/.local/lib/python3.8/site-packages/airflow/example_dags/example_latest_only_with_trigger.py took 0.351 seconds
[2024-04-25T07:53:41.123+0000] {processor.py:161} INFO - Started process (PID=378) to work on /home/airflow/.local/lib/python3.8/site-packages/airflow/example_dags/example_latest_only_with_trigger.py
[2024-04-25T07:53:41.129+0000] {processor.py:830} INFO - Processing file /home/airflow/.local/lib/python3.8/site-packages/airflow/example_dags/example_latest_only_with_trigger.py for tasks to queue
[2024-04-25T07:53:41.136+0000] {logging_mixin.py:188} INFO - [2024-04-25T07:53:41.135+0000] {dagbag.py:538} INFO - Filling up the DagBag from /home/airflow/.local/lib/python3.8/site-packages/airflow/example_dags/example_latest_only_with_trigger.py
[2024-04-25T07:53:41.163+0000] {processor.py:840} INFO - DAG(s) 'latest_only_with_trigger' retrieved from /home/airflow/.local/lib/python3.8/site-packages/airflow/example_dags/example_latest_only_with_trigger.py
[2024-04-25T07:53:41.269+0000] {logging_mixin.py:188} INFO - [2024-04-25T07:53:41.269+0000] {dag.py:3036} INFO - Sync 1 DAGs
[2024-04-25T07:53:41.391+0000] {logging_mixin.py:188} INFO - [2024-04-25T07:53:41.389+0000] {dag.py:3823} INFO - Setting next_dagrun for latest_only_with_trigger to 2024-04-25 00:00:00+00:00, run_after=2024-04-25 04:00:00+00:00
[2024-04-25T07:53:41.621+0000] {processor.py:183} INFO - Processing /home/airflow/.local/lib/python3.8/site-packages/airflow/example_dags/example_latest_only_with_trigger.py took 0.490 seconds
