[2024-04-25T05:58:33.096+0000] {processor.py:161} INFO - Started process (PID=80) to work on /home/airflow/.local/lib/python3.8/site-packages/airflow/example_dags/example_setup_teardown.py
[2024-04-25T05:58:33.116+0000] {processor.py:830} INFO - Processing file /home/airflow/.local/lib/python3.8/site-packages/airflow/example_dags/example_setup_teardown.py for tasks to queue
[2024-04-25T05:58:33.127+0000] {logging_mixin.py:188} INFO - [2024-04-25T05:58:33.125+0000] {dagbag.py:538} INFO - Filling up the DagBag from /home/airflow/.local/lib/python3.8/site-packages/airflow/example_dags/example_setup_teardown.py
[2024-04-25T05:58:34.004+0000] {processor.py:840} INFO - DAG(s) 'example_setup_teardown' retrieved from /home/airflow/.local/lib/python3.8/site-packages/airflow/example_dags/example_setup_teardown.py
[2024-04-25T05:58:40.093+0000] {logging_mixin.py:188} INFO - [2024-04-25T05:58:40.088+0000] {dag.py:3036} INFO - Sync 1 DAGs
[2024-04-25T05:58:40.425+0000] {logging_mixin.py:188} INFO - [2024-04-25T05:58:40.423+0000] {dag.py:3823} INFO - Setting next_dagrun for example_setup_teardown to 2024-04-24 00:00:00+00:00, run_after=2024-04-25 00:00:00+00:00
[2024-04-25T05:58:40.826+0000] {processor.py:183} INFO - Processing /home/airflow/.local/lib/python3.8/site-packages/airflow/example_dags/example_setup_teardown.py took 7.753 seconds
[2024-04-25T05:59:28.439+0000] {processor.py:161} INFO - Started process (PID=139) to work on /home/airflow/.local/lib/python3.8/site-packages/airflow/example_dags/example_setup_teardown.py
[2024-04-25T05:59:28.446+0000] {processor.py:830} INFO - Processing file /home/airflow/.local/lib/python3.8/site-packages/airflow/example_dags/example_setup_teardown.py for tasks to queue
[2024-04-25T05:59:28.457+0000] {logging_mixin.py:188} INFO - [2024-04-25T05:59:28.455+0000] {dagbag.py:538} INFO - Filling up the DagBag from /home/airflow/.local/lib/python3.8/site-packages/airflow/example_dags/example_setup_teardown.py
[2024-04-25T05:59:28.492+0000] {processor.py:840} INFO - DAG(s) 'example_setup_teardown' retrieved from /home/airflow/.local/lib/python3.8/site-packages/airflow/example_dags/example_setup_teardown.py
[2024-04-25T05:59:28.588+0000] {logging_mixin.py:188} INFO - [2024-04-25T05:59:28.587+0000] {dag.py:3036} INFO - Sync 1 DAGs
[2024-04-25T05:59:28.708+0000] {logging_mixin.py:188} INFO - [2024-04-25T05:59:28.707+0000] {dag.py:3823} INFO - Setting next_dagrun for example_setup_teardown to 2024-04-24 00:00:00+00:00, run_after=2024-04-25 00:00:00+00:00
[2024-04-25T05:59:28.795+0000] {processor.py:183} INFO - Processing /home/airflow/.local/lib/python3.8/site-packages/airflow/example_dags/example_setup_teardown.py took 0.379 seconds
[2024-04-25T06:00:22.301+0000] {processor.py:161} INFO - Started process (PID=191) to work on /home/airflow/.local/lib/python3.8/site-packages/airflow/example_dags/example_setup_teardown.py
[2024-04-25T06:00:22.307+0000] {processor.py:830} INFO - Processing file /home/airflow/.local/lib/python3.8/site-packages/airflow/example_dags/example_setup_teardown.py for tasks to queue
[2024-04-25T06:00:22.344+0000] {logging_mixin.py:188} INFO - [2024-04-25T06:00:22.341+0000] {dagbag.py:538} INFO - Filling up the DagBag from /home/airflow/.local/lib/python3.8/site-packages/airflow/example_dags/example_setup_teardown.py
[2024-04-25T06:00:22.410+0000] {processor.py:840} INFO - DAG(s) 'example_setup_teardown' retrieved from /home/airflow/.local/lib/python3.8/site-packages/airflow/example_dags/example_setup_teardown.py
[2024-04-25T06:00:22.609+0000] {logging_mixin.py:188} INFO - [2024-04-25T06:00:22.609+0000] {dag.py:3036} INFO - Sync 1 DAGs
[2024-04-25T06:00:22.753+0000] {logging_mixin.py:188} INFO - [2024-04-25T06:00:22.752+0000] {dag.py:3823} INFO - Setting next_dagrun for example_setup_teardown to 2024-04-24 00:00:00+00:00, run_after=2024-04-25 00:00:00+00:00
[2024-04-25T06:00:22.837+0000] {processor.py:183} INFO - Processing /home/airflow/.local/lib/python3.8/site-packages/airflow/example_dags/example_setup_teardown.py took 0.579 seconds
[2024-04-25T06:01:03.110+0000] {processor.py:161} INFO - Started process (PID=250) to work on /home/airflow/.local/lib/python3.8/site-packages/airflow/example_dags/example_setup_teardown.py
[2024-04-25T06:01:03.117+0000] {processor.py:830} INFO - Processing file /home/airflow/.local/lib/python3.8/site-packages/airflow/example_dags/example_setup_teardown.py for tasks to queue
[2024-04-25T06:01:03.130+0000] {logging_mixin.py:188} INFO - [2024-04-25T06:01:03.128+0000] {dagbag.py:538} INFO - Filling up the DagBag from /home/airflow/.local/lib/python3.8/site-packages/airflow/example_dags/example_setup_teardown.py
[2024-04-25T06:01:03.175+0000] {processor.py:840} INFO - DAG(s) 'example_setup_teardown' retrieved from /home/airflow/.local/lib/python3.8/site-packages/airflow/example_dags/example_setup_teardown.py
[2024-04-25T06:01:03.381+0000] {logging_mixin.py:188} INFO - [2024-04-25T06:01:03.380+0000] {dag.py:3036} INFO - Sync 1 DAGs
[2024-04-25T06:01:03.515+0000] {logging_mixin.py:188} INFO - [2024-04-25T06:01:03.514+0000] {dag.py:3823} INFO - Setting next_dagrun for example_setup_teardown to 2024-04-24 00:00:00+00:00, run_after=2024-04-25 00:00:00+00:00
[2024-04-25T06:01:03.659+0000] {processor.py:183} INFO - Processing /home/airflow/.local/lib/python3.8/site-packages/airflow/example_dags/example_setup_teardown.py took 0.571 seconds
[2024-04-25T06:01:46.984+0000] {processor.py:161} INFO - Started process (PID=316) to work on /home/airflow/.local/lib/python3.8/site-packages/airflow/example_dags/example_setup_teardown.py
[2024-04-25T06:01:46.993+0000] {processor.py:830} INFO - Processing file /home/airflow/.local/lib/python3.8/site-packages/airflow/example_dags/example_setup_teardown.py for tasks to queue
[2024-04-25T06:01:47.002+0000] {logging_mixin.py:188} INFO - [2024-04-25T06:01:47.001+0000] {dagbag.py:538} INFO - Filling up the DagBag from /home/airflow/.local/lib/python3.8/site-packages/airflow/example_dags/example_setup_teardown.py
[2024-04-25T06:01:47.031+0000] {processor.py:840} INFO - DAG(s) 'example_setup_teardown' retrieved from /home/airflow/.local/lib/python3.8/site-packages/airflow/example_dags/example_setup_teardown.py
[2024-04-25T06:01:47.142+0000] {logging_mixin.py:188} INFO - [2024-04-25T06:01:47.141+0000] {dag.py:3036} INFO - Sync 1 DAGs
[2024-04-25T06:01:47.266+0000] {logging_mixin.py:188} INFO - [2024-04-25T06:01:47.266+0000] {dag.py:3823} INFO - Setting next_dagrun for example_setup_teardown to 2024-04-24 00:00:00+00:00, run_after=2024-04-25 00:00:00+00:00
[2024-04-25T06:01:47.340+0000] {processor.py:183} INFO - Processing /home/airflow/.local/lib/python3.8/site-packages/airflow/example_dags/example_setup_teardown.py took 0.369 seconds
[2024-04-25T06:02:19.715+0000] {processor.py:161} INFO - Started process (PID=375) to work on /home/airflow/.local/lib/python3.8/site-packages/airflow/example_dags/example_setup_teardown.py
[2024-04-25T06:02:19.754+0000] {processor.py:830} INFO - Processing file /home/airflow/.local/lib/python3.8/site-packages/airflow/example_dags/example_setup_teardown.py for tasks to queue
[2024-04-25T06:02:19.767+0000] {logging_mixin.py:188} INFO - [2024-04-25T06:02:19.765+0000] {dagbag.py:538} INFO - Filling up the DagBag from /home/airflow/.local/lib/python3.8/site-packages/airflow/example_dags/example_setup_teardown.py
[2024-04-25T06:02:19.801+0000] {processor.py:840} INFO - DAG(s) 'example_setup_teardown' retrieved from /home/airflow/.local/lib/python3.8/site-packages/airflow/example_dags/example_setup_teardown.py
[2024-04-25T06:02:19.910+0000] {logging_mixin.py:188} INFO - [2024-04-25T06:02:19.909+0000] {dag.py:3036} INFO - Sync 1 DAGs
[2024-04-25T06:02:20.033+0000] {logging_mixin.py:188} INFO - [2024-04-25T06:02:20.032+0000] {dag.py:3823} INFO - Setting next_dagrun for example_setup_teardown to 2024-04-24 00:00:00+00:00, run_after=2024-04-25 00:00:00+00:00
[2024-04-25T06:02:20.178+0000] {processor.py:183} INFO - Processing /home/airflow/.local/lib/python3.8/site-packages/airflow/example_dags/example_setup_teardown.py took 0.477 seconds
[2024-04-25T06:02:55.773+0000] {processor.py:161} INFO - Started process (PID=434) to work on /home/airflow/.local/lib/python3.8/site-packages/airflow/example_dags/example_setup_teardown.py
[2024-04-25T06:02:55.800+0000] {processor.py:830} INFO - Processing file /home/airflow/.local/lib/python3.8/site-packages/airflow/example_dags/example_setup_teardown.py for tasks to queue
[2024-04-25T06:02:55.813+0000] {logging_mixin.py:188} INFO - [2024-04-25T06:02:55.811+0000] {dagbag.py:538} INFO - Filling up the DagBag from /home/airflow/.local/lib/python3.8/site-packages/airflow/example_dags/example_setup_teardown.py
[2024-04-25T06:02:56.271+0000] {processor.py:840} INFO - DAG(s) 'example_setup_teardown' retrieved from /home/airflow/.local/lib/python3.8/site-packages/airflow/example_dags/example_setup_teardown.py
[2024-04-25T06:02:56.347+0000] {logging_mixin.py:188} INFO - [2024-04-25T06:02:56.346+0000] {dag.py:3036} INFO - Sync 1 DAGs
[2024-04-25T06:02:56.438+0000] {logging_mixin.py:188} INFO - [2024-04-25T06:02:56.438+0000] {dag.py:3823} INFO - Setting next_dagrun for example_setup_teardown to 2024-04-24 00:00:00+00:00, run_after=2024-04-25 00:00:00+00:00
[2024-04-25T06:02:56.528+0000] {processor.py:183} INFO - Processing /home/airflow/.local/lib/python3.8/site-packages/airflow/example_dags/example_setup_teardown.py took 0.776 seconds
[2024-04-25T06:03:27.148+0000] {processor.py:161} INFO - Started process (PID=493) to work on /home/airflow/.local/lib/python3.8/site-packages/airflow/example_dags/example_setup_teardown.py
[2024-04-25T06:03:27.152+0000] {processor.py:830} INFO - Processing file /home/airflow/.local/lib/python3.8/site-packages/airflow/example_dags/example_setup_teardown.py for tasks to queue
[2024-04-25T06:03:27.156+0000] {logging_mixin.py:188} INFO - [2024-04-25T06:03:27.156+0000] {dagbag.py:538} INFO - Filling up the DagBag from /home/airflow/.local/lib/python3.8/site-packages/airflow/example_dags/example_setup_teardown.py
[2024-04-25T06:03:27.175+0000] {processor.py:840} INFO - DAG(s) 'example_setup_teardown' retrieved from /home/airflow/.local/lib/python3.8/site-packages/airflow/example_dags/example_setup_teardown.py
[2024-04-25T06:03:27.237+0000] {logging_mixin.py:188} INFO - [2024-04-25T06:03:27.236+0000] {dag.py:3036} INFO - Sync 1 DAGs
[2024-04-25T06:03:27.307+0000] {logging_mixin.py:188} INFO - [2024-04-25T06:03:27.307+0000] {dag.py:3823} INFO - Setting next_dagrun for example_setup_teardown to 2024-04-24 00:00:00+00:00, run_after=2024-04-25 00:00:00+00:00
[2024-04-25T06:03:27.373+0000] {processor.py:183} INFO - Processing /home/airflow/.local/lib/python3.8/site-packages/airflow/example_dags/example_setup_teardown.py took 0.231 seconds
[2024-04-25T06:03:58.177+0000] {processor.py:161} INFO - Started process (PID=552) to work on /home/airflow/.local/lib/python3.8/site-packages/airflow/example_dags/example_setup_teardown.py
[2024-04-25T06:03:58.179+0000] {processor.py:830} INFO - Processing file /home/airflow/.local/lib/python3.8/site-packages/airflow/example_dags/example_setup_teardown.py for tasks to queue
[2024-04-25T06:03:58.182+0000] {logging_mixin.py:188} INFO - [2024-04-25T06:03:58.181+0000] {dagbag.py:538} INFO - Filling up the DagBag from /home/airflow/.local/lib/python3.8/site-packages/airflow/example_dags/example_setup_teardown.py
[2024-04-25T06:03:58.190+0000] {processor.py:840} INFO - DAG(s) 'example_setup_teardown' retrieved from /home/airflow/.local/lib/python3.8/site-packages/airflow/example_dags/example_setup_teardown.py
[2024-04-25T06:03:58.221+0000] {logging_mixin.py:188} INFO - [2024-04-25T06:03:58.220+0000] {dag.py:3036} INFO - Sync 1 DAGs
[2024-04-25T06:03:58.264+0000] {logging_mixin.py:188} INFO - [2024-04-25T06:03:58.264+0000] {dag.py:3823} INFO - Setting next_dagrun for example_setup_teardown to 2024-04-24 00:00:00+00:00, run_after=2024-04-25 00:00:00+00:00
[2024-04-25T06:03:58.313+0000] {processor.py:183} INFO - Processing /home/airflow/.local/lib/python3.8/site-packages/airflow/example_dags/example_setup_teardown.py took 0.141 seconds
[2024-04-25T06:04:28.936+0000] {processor.py:161} INFO - Started process (PID=611) to work on /home/airflow/.local/lib/python3.8/site-packages/airflow/example_dags/example_setup_teardown.py
[2024-04-25T06:04:28.938+0000] {processor.py:830} INFO - Processing file /home/airflow/.local/lib/python3.8/site-packages/airflow/example_dags/example_setup_teardown.py for tasks to queue
[2024-04-25T06:04:28.942+0000] {logging_mixin.py:188} INFO - [2024-04-25T06:04:28.942+0000] {dagbag.py:538} INFO - Filling up the DagBag from /home/airflow/.local/lib/python3.8/site-packages/airflow/example_dags/example_setup_teardown.py
[2024-04-25T06:04:28.955+0000] {processor.py:840} INFO - DAG(s) 'example_setup_teardown' retrieved from /home/airflow/.local/lib/python3.8/site-packages/airflow/example_dags/example_setup_teardown.py
[2024-04-25T06:04:28.991+0000] {logging_mixin.py:188} INFO - [2024-04-25T06:04:28.991+0000] {dag.py:3036} INFO - Sync 1 DAGs
[2024-04-25T06:04:29.017+0000] {logging_mixin.py:188} INFO - [2024-04-25T06:04:29.017+0000] {dag.py:3823} INFO - Setting next_dagrun for example_setup_teardown to 2024-04-24 00:00:00+00:00, run_after=2024-04-25 00:00:00+00:00
[2024-04-25T06:04:29.044+0000] {processor.py:183} INFO - Processing /home/airflow/.local/lib/python3.8/site-packages/airflow/example_dags/example_setup_teardown.py took 0.115 seconds
[2024-04-25T06:04:59.740+0000] {processor.py:161} INFO - Started process (PID=670) to work on /home/airflow/.local/lib/python3.8/site-packages/airflow/example_dags/example_setup_teardown.py
[2024-04-25T06:04:59.742+0000] {processor.py:830} INFO - Processing file /home/airflow/.local/lib/python3.8/site-packages/airflow/example_dags/example_setup_teardown.py for tasks to queue
[2024-04-25T06:04:59.744+0000] {logging_mixin.py:188} INFO - [2024-04-25T06:04:59.744+0000] {dagbag.py:538} INFO - Filling up the DagBag from /home/airflow/.local/lib/python3.8/site-packages/airflow/example_dags/example_setup_teardown.py
[2024-04-25T06:04:59.752+0000] {processor.py:840} INFO - DAG(s) 'example_setup_teardown' retrieved from /home/airflow/.local/lib/python3.8/site-packages/airflow/example_dags/example_setup_teardown.py
[2024-04-25T06:04:59.785+0000] {logging_mixin.py:188} INFO - [2024-04-25T06:04:59.784+0000] {dag.py:3036} INFO - Sync 1 DAGs
[2024-04-25T06:04:59.817+0000] {logging_mixin.py:188} INFO - [2024-04-25T06:04:59.816+0000] {dag.py:3823} INFO - Setting next_dagrun for example_setup_teardown to 2024-04-24 00:00:00+00:00, run_after=2024-04-25 00:00:00+00:00
[2024-04-25T06:04:59.847+0000] {processor.py:183} INFO - Processing /home/airflow/.local/lib/python3.8/site-packages/airflow/example_dags/example_setup_teardown.py took 0.111 seconds
[2024-04-25T06:05:32.461+0000] {processor.py:161} INFO - Started process (PID=729) to work on /home/airflow/.local/lib/python3.8/site-packages/airflow/example_dags/example_setup_teardown.py
[2024-04-25T06:05:32.466+0000] {processor.py:830} INFO - Processing file /home/airflow/.local/lib/python3.8/site-packages/airflow/example_dags/example_setup_teardown.py for tasks to queue
[2024-04-25T06:05:32.473+0000] {logging_mixin.py:188} INFO - [2024-04-25T06:05:32.472+0000] {dagbag.py:538} INFO - Filling up the DagBag from /home/airflow/.local/lib/python3.8/site-packages/airflow/example_dags/example_setup_teardown.py
[2024-04-25T06:05:32.491+0000] {processor.py:840} INFO - DAG(s) 'example_setup_teardown' retrieved from /home/airflow/.local/lib/python3.8/site-packages/airflow/example_dags/example_setup_teardown.py
[2024-04-25T06:05:32.595+0000] {logging_mixin.py:188} INFO - [2024-04-25T06:05:32.594+0000] {dag.py:3036} INFO - Sync 1 DAGs
[2024-04-25T06:05:32.659+0000] {logging_mixin.py:188} INFO - [2024-04-25T06:05:32.658+0000] {dag.py:3823} INFO - Setting next_dagrun for example_setup_teardown to 2024-04-24 00:00:00+00:00, run_after=2024-04-25 00:00:00+00:00
[2024-04-25T06:05:32.722+0000] {processor.py:183} INFO - Processing /home/airflow/.local/lib/python3.8/site-packages/airflow/example_dags/example_setup_teardown.py took 0.269 seconds
[2024-04-25T06:06:02.853+0000] {processor.py:161} INFO - Started process (PID=788) to work on /home/airflow/.local/lib/python3.8/site-packages/airflow/example_dags/example_setup_teardown.py
[2024-04-25T06:06:02.855+0000] {processor.py:830} INFO - Processing file /home/airflow/.local/lib/python3.8/site-packages/airflow/example_dags/example_setup_teardown.py for tasks to queue
[2024-04-25T06:06:02.859+0000] {logging_mixin.py:188} INFO - [2024-04-25T06:06:02.858+0000] {dagbag.py:538} INFO - Filling up the DagBag from /home/airflow/.local/lib/python3.8/site-packages/airflow/example_dags/example_setup_teardown.py
[2024-04-25T06:06:02.870+0000] {processor.py:840} INFO - DAG(s) 'example_setup_teardown' retrieved from /home/airflow/.local/lib/python3.8/site-packages/airflow/example_dags/example_setup_teardown.py
[2024-04-25T06:06:02.931+0000] {logging_mixin.py:188} INFO - [2024-04-25T06:06:02.931+0000] {dag.py:3036} INFO - Sync 1 DAGs
[2024-04-25T06:06:03.009+0000] {logging_mixin.py:188} INFO - [2024-04-25T06:06:03.008+0000] {dag.py:3823} INFO - Setting next_dagrun for example_setup_teardown to 2024-04-24 00:00:00+00:00, run_after=2024-04-25 00:00:00+00:00
[2024-04-25T06:06:03.087+0000] {processor.py:183} INFO - Processing /home/airflow/.local/lib/python3.8/site-packages/airflow/example_dags/example_setup_teardown.py took 0.238 seconds
[2024-04-25T06:06:33.472+0000] {processor.py:161} INFO - Started process (PID=847) to work on /home/airflow/.local/lib/python3.8/site-packages/airflow/example_dags/example_setup_teardown.py
[2024-04-25T06:06:33.475+0000] {processor.py:830} INFO - Processing file /home/airflow/.local/lib/python3.8/site-packages/airflow/example_dags/example_setup_teardown.py for tasks to queue
[2024-04-25T06:06:33.479+0000] {logging_mixin.py:188} INFO - [2024-04-25T06:06:33.479+0000] {dagbag.py:538} INFO - Filling up the DagBag from /home/airflow/.local/lib/python3.8/site-packages/airflow/example_dags/example_setup_teardown.py
[2024-04-25T06:06:33.492+0000] {processor.py:840} INFO - DAG(s) 'example_setup_teardown' retrieved from /home/airflow/.local/lib/python3.8/site-packages/airflow/example_dags/example_setup_teardown.py
[2024-04-25T06:06:33.533+0000] {logging_mixin.py:188} INFO - [2024-04-25T06:06:33.533+0000] {dag.py:3036} INFO - Sync 1 DAGs
[2024-04-25T06:06:33.572+0000] {logging_mixin.py:188} INFO - [2024-04-25T06:06:33.572+0000] {dag.py:3823} INFO - Setting next_dagrun for example_setup_teardown to 2024-04-24 00:00:00+00:00, run_after=2024-04-25 00:00:00+00:00
[2024-04-25T06:06:33.611+0000] {processor.py:183} INFO - Processing /home/airflow/.local/lib/python3.8/site-packages/airflow/example_dags/example_setup_teardown.py took 0.145 seconds
[2024-04-25T06:07:04.538+0000] {processor.py:161} INFO - Started process (PID=906) to work on /home/airflow/.local/lib/python3.8/site-packages/airflow/example_dags/example_setup_teardown.py
[2024-04-25T06:07:04.543+0000] {processor.py:830} INFO - Processing file /home/airflow/.local/lib/python3.8/site-packages/airflow/example_dags/example_setup_teardown.py for tasks to queue
[2024-04-25T06:07:04.550+0000] {logging_mixin.py:188} INFO - [2024-04-25T06:07:04.548+0000] {dagbag.py:538} INFO - Filling up the DagBag from /home/airflow/.local/lib/python3.8/site-packages/airflow/example_dags/example_setup_teardown.py
[2024-04-25T06:07:04.576+0000] {processor.py:840} INFO - DAG(s) 'example_setup_teardown' retrieved from /home/airflow/.local/lib/python3.8/site-packages/airflow/example_dags/example_setup_teardown.py
[2024-04-25T06:07:04.648+0000] {logging_mixin.py:188} INFO - [2024-04-25T06:07:04.648+0000] {dag.py:3036} INFO - Sync 1 DAGs
[2024-04-25T06:07:04.712+0000] {logging_mixin.py:188} INFO - [2024-04-25T06:07:04.711+0000] {dag.py:3823} INFO - Setting next_dagrun for example_setup_teardown to 2024-04-24 00:00:00+00:00, run_after=2024-04-25 00:00:00+00:00
[2024-04-25T06:07:04.777+0000] {processor.py:183} INFO - Processing /home/airflow/.local/lib/python3.8/site-packages/airflow/example_dags/example_setup_teardown.py took 0.251 seconds
[2024-04-25T06:07:35.727+0000] {processor.py:161} INFO - Started process (PID=965) to work on /home/airflow/.local/lib/python3.8/site-packages/airflow/example_dags/example_setup_teardown.py
[2024-04-25T06:07:35.732+0000] {processor.py:830} INFO - Processing file /home/airflow/.local/lib/python3.8/site-packages/airflow/example_dags/example_setup_teardown.py for tasks to queue
[2024-04-25T06:07:35.742+0000] {logging_mixin.py:188} INFO - [2024-04-25T06:07:35.741+0000] {dagbag.py:538} INFO - Filling up the DagBag from /home/airflow/.local/lib/python3.8/site-packages/airflow/example_dags/example_setup_teardown.py
[2024-04-25T06:07:35.784+0000] {processor.py:840} INFO - DAG(s) 'example_setup_teardown' retrieved from /home/airflow/.local/lib/python3.8/site-packages/airflow/example_dags/example_setup_teardown.py
[2024-04-25T06:07:35.840+0000] {logging_mixin.py:188} INFO - [2024-04-25T06:07:35.840+0000] {dag.py:3036} INFO - Sync 1 DAGs
[2024-04-25T06:07:35.900+0000] {logging_mixin.py:188} INFO - [2024-04-25T06:07:35.899+0000] {dag.py:3823} INFO - Setting next_dagrun for example_setup_teardown to 2024-04-24 00:00:00+00:00, run_after=2024-04-25 00:00:00+00:00
[2024-04-25T06:07:36.009+0000] {processor.py:183} INFO - Processing /home/airflow/.local/lib/python3.8/site-packages/airflow/example_dags/example_setup_teardown.py took 0.296 seconds
[2024-04-25T06:08:07.001+0000] {processor.py:161} INFO - Started process (PID=1024) to work on /home/airflow/.local/lib/python3.8/site-packages/airflow/example_dags/example_setup_teardown.py
[2024-04-25T06:08:07.006+0000] {processor.py:830} INFO - Processing file /home/airflow/.local/lib/python3.8/site-packages/airflow/example_dags/example_setup_teardown.py for tasks to queue
[2024-04-25T06:08:07.017+0000] {logging_mixin.py:188} INFO - [2024-04-25T06:08:07.015+0000] {dagbag.py:538} INFO - Filling up the DagBag from /home/airflow/.local/lib/python3.8/site-packages/airflow/example_dags/example_setup_teardown.py
[2024-04-25T06:08:07.048+0000] {processor.py:840} INFO - DAG(s) 'example_setup_teardown' retrieved from /home/airflow/.local/lib/python3.8/site-packages/airflow/example_dags/example_setup_teardown.py
[2024-04-25T06:08:07.124+0000] {logging_mixin.py:188} INFO - [2024-04-25T06:08:07.123+0000] {dag.py:3036} INFO - Sync 1 DAGs
[2024-04-25T06:08:07.182+0000] {logging_mixin.py:188} INFO - [2024-04-25T06:08:07.182+0000] {dag.py:3823} INFO - Setting next_dagrun for example_setup_teardown to 2024-04-24 00:00:00+00:00, run_after=2024-04-25 00:00:00+00:00
[2024-04-25T06:08:07.241+0000] {processor.py:183} INFO - Processing /home/airflow/.local/lib/python3.8/site-packages/airflow/example_dags/example_setup_teardown.py took 0.258 seconds
[2024-04-25T06:08:37.849+0000] {processor.py:161} INFO - Started process (PID=1083) to work on /home/airflow/.local/lib/python3.8/site-packages/airflow/example_dags/example_setup_teardown.py
[2024-04-25T06:08:37.852+0000] {processor.py:830} INFO - Processing file /home/airflow/.local/lib/python3.8/site-packages/airflow/example_dags/example_setup_teardown.py for tasks to queue
[2024-04-25T06:08:37.859+0000] {logging_mixin.py:188} INFO - [2024-04-25T06:08:37.858+0000] {dagbag.py:538} INFO - Filling up the DagBag from /home/airflow/.local/lib/python3.8/site-packages/airflow/example_dags/example_setup_teardown.py
[2024-04-25T06:08:37.890+0000] {processor.py:840} INFO - DAG(s) 'example_setup_teardown' retrieved from /home/airflow/.local/lib/python3.8/site-packages/airflow/example_dags/example_setup_teardown.py
[2024-04-25T06:08:38.011+0000] {logging_mixin.py:188} INFO - [2024-04-25T06:08:38.009+0000] {dag.py:3036} INFO - Sync 1 DAGs
[2024-04-25T06:08:38.058+0000] {logging_mixin.py:188} INFO - [2024-04-25T06:08:38.057+0000] {dag.py:3823} INFO - Setting next_dagrun for example_setup_teardown to 2024-04-24 00:00:00+00:00, run_after=2024-04-25 00:00:00+00:00
[2024-04-25T06:08:38.098+0000] {processor.py:183} INFO - Processing /home/airflow/.local/lib/python3.8/site-packages/airflow/example_dags/example_setup_teardown.py took 0.257 seconds
[2024-04-25T06:09:08.628+0000] {processor.py:161} INFO - Started process (PID=1140) to work on /home/airflow/.local/lib/python3.8/site-packages/airflow/example_dags/example_setup_teardown.py
[2024-04-25T06:09:08.633+0000] {processor.py:830} INFO - Processing file /home/airflow/.local/lib/python3.8/site-packages/airflow/example_dags/example_setup_teardown.py for tasks to queue
[2024-04-25T06:09:08.639+0000] {logging_mixin.py:188} INFO - [2024-04-25T06:09:08.638+0000] {dagbag.py:538} INFO - Filling up the DagBag from /home/airflow/.local/lib/python3.8/site-packages/airflow/example_dags/example_setup_teardown.py
[2024-04-25T06:09:08.664+0000] {processor.py:840} INFO - DAG(s) 'example_setup_teardown' retrieved from /home/airflow/.local/lib/python3.8/site-packages/airflow/example_dags/example_setup_teardown.py
[2024-04-25T06:09:08.740+0000] {logging_mixin.py:188} INFO - [2024-04-25T06:09:08.739+0000] {dag.py:3036} INFO - Sync 1 DAGs
[2024-04-25T06:09:08.791+0000] {logging_mixin.py:188} INFO - [2024-04-25T06:09:08.791+0000] {dag.py:3823} INFO - Setting next_dagrun for example_setup_teardown to 2024-04-24 00:00:00+00:00, run_after=2024-04-25 00:00:00+00:00
[2024-04-25T06:09:08.833+0000] {processor.py:183} INFO - Processing /home/airflow/.local/lib/python3.8/site-packages/airflow/example_dags/example_setup_teardown.py took 0.213 seconds
[2024-04-25T06:09:39.899+0000] {processor.py:161} INFO - Started process (PID=1198) to work on /home/airflow/.local/lib/python3.8/site-packages/airflow/example_dags/example_setup_teardown.py
[2024-04-25T06:09:39.907+0000] {processor.py:830} INFO - Processing file /home/airflow/.local/lib/python3.8/site-packages/airflow/example_dags/example_setup_teardown.py for tasks to queue
[2024-04-25T06:09:39.916+0000] {logging_mixin.py:188} INFO - [2024-04-25T06:09:39.915+0000] {dagbag.py:538} INFO - Filling up the DagBag from /home/airflow/.local/lib/python3.8/site-packages/airflow/example_dags/example_setup_teardown.py
[2024-04-25T06:09:39.941+0000] {processor.py:840} INFO - DAG(s) 'example_setup_teardown' retrieved from /home/airflow/.local/lib/python3.8/site-packages/airflow/example_dags/example_setup_teardown.py
[2024-04-25T06:09:40.013+0000] {logging_mixin.py:188} INFO - [2024-04-25T06:09:40.012+0000] {dag.py:3036} INFO - Sync 1 DAGs
[2024-04-25T06:09:40.082+0000] {logging_mixin.py:188} INFO - [2024-04-25T06:09:40.082+0000] {dag.py:3823} INFO - Setting next_dagrun for example_setup_teardown to 2024-04-24 00:00:00+00:00, run_after=2024-04-25 00:00:00+00:00
[2024-04-25T06:09:40.145+0000] {processor.py:183} INFO - Processing /home/airflow/.local/lib/python3.8/site-packages/airflow/example_dags/example_setup_teardown.py took 0.265 seconds
[2024-04-25T06:10:10.359+0000] {processor.py:161} INFO - Started process (PID=1256) to work on /home/airflow/.local/lib/python3.8/site-packages/airflow/example_dags/example_setup_teardown.py
[2024-04-25T06:10:10.364+0000] {processor.py:830} INFO - Processing file /home/airflow/.local/lib/python3.8/site-packages/airflow/example_dags/example_setup_teardown.py for tasks to queue
[2024-04-25T06:10:10.372+0000] {logging_mixin.py:188} INFO - [2024-04-25T06:10:10.371+0000] {dagbag.py:538} INFO - Filling up the DagBag from /home/airflow/.local/lib/python3.8/site-packages/airflow/example_dags/example_setup_teardown.py
[2024-04-25T06:10:10.402+0000] {processor.py:840} INFO - DAG(s) 'example_setup_teardown' retrieved from /home/airflow/.local/lib/python3.8/site-packages/airflow/example_dags/example_setup_teardown.py
[2024-04-25T06:10:10.482+0000] {logging_mixin.py:188} INFO - [2024-04-25T06:10:10.482+0000] {dag.py:3036} INFO - Sync 1 DAGs
[2024-04-25T06:10:10.559+0000] {logging_mixin.py:188} INFO - [2024-04-25T06:10:10.558+0000] {dag.py:3823} INFO - Setting next_dagrun for example_setup_teardown to 2024-04-24 00:00:00+00:00, run_after=2024-04-25 00:00:00+00:00
[2024-04-25T06:10:10.623+0000] {processor.py:183} INFO - Processing /home/airflow/.local/lib/python3.8/site-packages/airflow/example_dags/example_setup_teardown.py took 0.278 seconds
[2024-04-25T06:10:41.606+0000] {processor.py:161} INFO - Started process (PID=1315) to work on /home/airflow/.local/lib/python3.8/site-packages/airflow/example_dags/example_setup_teardown.py
[2024-04-25T06:10:41.612+0000] {processor.py:830} INFO - Processing file /home/airflow/.local/lib/python3.8/site-packages/airflow/example_dags/example_setup_teardown.py for tasks to queue
[2024-04-25T06:10:41.621+0000] {logging_mixin.py:188} INFO - [2024-04-25T06:10:41.620+0000] {dagbag.py:538} INFO - Filling up the DagBag from /home/airflow/.local/lib/python3.8/site-packages/airflow/example_dags/example_setup_teardown.py
[2024-04-25T06:10:41.654+0000] {processor.py:840} INFO - DAG(s) 'example_setup_teardown' retrieved from /home/airflow/.local/lib/python3.8/site-packages/airflow/example_dags/example_setup_teardown.py
[2024-04-25T06:10:41.751+0000] {logging_mixin.py:188} INFO - [2024-04-25T06:10:41.750+0000] {dag.py:3036} INFO - Sync 1 DAGs
[2024-04-25T06:10:41.872+0000] {logging_mixin.py:188} INFO - [2024-04-25T06:10:41.871+0000] {dag.py:3823} INFO - Setting next_dagrun for example_setup_teardown to 2024-04-24 00:00:00+00:00, run_after=2024-04-25 00:00:00+00:00
[2024-04-25T06:10:41.956+0000] {processor.py:183} INFO - Processing /home/airflow/.local/lib/python3.8/site-packages/airflow/example_dags/example_setup_teardown.py took 0.358 seconds
[2024-04-25T06:52:06.443+0000] {processor.py:161} INFO - Started process (PID=93) to work on /home/airflow/.local/lib/python3.8/site-packages/airflow/example_dags/example_setup_teardown.py
[2024-04-25T06:52:06.457+0000] {processor.py:830} INFO - Processing file /home/airflow/.local/lib/python3.8/site-packages/airflow/example_dags/example_setup_teardown.py for tasks to queue
[2024-04-25T06:52:06.543+0000] {logging_mixin.py:188} INFO - [2024-04-25T06:52:06.531+0000] {dagbag.py:538} INFO - Filling up the DagBag from /home/airflow/.local/lib/python3.8/site-packages/airflow/example_dags/example_setup_teardown.py
[2024-04-25T06:52:06.816+0000] {processor.py:840} INFO - DAG(s) 'example_setup_teardown' retrieved from /home/airflow/.local/lib/python3.8/site-packages/airflow/example_dags/example_setup_teardown.py
[2024-04-25T06:52:08.865+0000] {logging_mixin.py:188} INFO - [2024-04-25T06:52:08.862+0000] {dag.py:3036} INFO - Sync 1 DAGs
[2024-04-25T06:52:09.397+0000] {logging_mixin.py:188} INFO - [2024-04-25T06:52:09.395+0000] {dag.py:3823} INFO - Setting next_dagrun for example_setup_teardown to 2024-04-24 00:00:00+00:00, run_after=2024-04-25 00:00:00+00:00
[2024-04-25T06:52:10.050+0000] {processor.py:183} INFO - Processing /home/airflow/.local/lib/python3.8/site-packages/airflow/example_dags/example_setup_teardown.py took 3.645 seconds
[2024-04-25T06:53:28.135+0000] {processor.py:161} INFO - Started process (PID=169) to work on /home/airflow/.local/lib/python3.8/site-packages/airflow/example_dags/example_setup_teardown.py
[2024-04-25T06:53:28.154+0000] {processor.py:830} INFO - Processing file /home/airflow/.local/lib/python3.8/site-packages/airflow/example_dags/example_setup_teardown.py for tasks to queue
[2024-04-25T06:53:28.175+0000] {logging_mixin.py:188} INFO - [2024-04-25T06:53:28.171+0000] {dagbag.py:538} INFO - Filling up the DagBag from /home/airflow/.local/lib/python3.8/site-packages/airflow/example_dags/example_setup_teardown.py
[2024-04-25T06:53:28.235+0000] {processor.py:840} INFO - DAG(s) 'example_setup_teardown' retrieved from /home/airflow/.local/lib/python3.8/site-packages/airflow/example_dags/example_setup_teardown.py
[2024-04-25T06:53:28.721+0000] {logging_mixin.py:188} INFO - [2024-04-25T06:53:28.689+0000] {dag.py:3036} INFO - Sync 1 DAGs
[2024-04-25T06:53:28.983+0000] {logging_mixin.py:188} INFO - [2024-04-25T06:53:28.981+0000] {dag.py:3823} INFO - Setting next_dagrun for example_setup_teardown to 2024-04-24 00:00:00+00:00, run_after=2024-04-25 00:00:00+00:00
[2024-04-25T06:53:29.247+0000] {processor.py:183} INFO - Processing /home/airflow/.local/lib/python3.8/site-packages/airflow/example_dags/example_setup_teardown.py took 1.197 seconds
[2024-04-25T06:54:04.967+0000] {processor.py:161} INFO - Started process (PID=239) to work on /home/airflow/.local/lib/python3.8/site-packages/airflow/example_dags/example_setup_teardown.py
[2024-04-25T06:54:04.975+0000] {processor.py:830} INFO - Processing file /home/airflow/.local/lib/python3.8/site-packages/airflow/example_dags/example_setup_teardown.py for tasks to queue
[2024-04-25T06:54:04.982+0000] {logging_mixin.py:188} INFO - [2024-04-25T06:54:04.981+0000] {dagbag.py:538} INFO - Filling up the DagBag from /home/airflow/.local/lib/python3.8/site-packages/airflow/example_dags/example_setup_teardown.py
[2024-04-25T06:54:05.009+0000] {processor.py:840} INFO - DAG(s) 'example_setup_teardown' retrieved from /home/airflow/.local/lib/python3.8/site-packages/airflow/example_dags/example_setup_teardown.py
[2024-04-25T06:54:05.108+0000] {logging_mixin.py:188} INFO - [2024-04-25T06:54:05.107+0000] {dag.py:3036} INFO - Sync 1 DAGs
[2024-04-25T06:54:05.232+0000] {logging_mixin.py:188} INFO - [2024-04-25T06:54:05.231+0000] {dag.py:3823} INFO - Setting next_dagrun for example_setup_teardown to 2024-04-24 00:00:00+00:00, run_after=2024-04-25 00:00:00+00:00
[2024-04-25T06:54:05.316+0000] {processor.py:183} INFO - Processing /home/airflow/.local/lib/python3.8/site-packages/airflow/example_dags/example_setup_teardown.py took 0.369 seconds
[2024-04-25T06:54:35.514+0000] {processor.py:161} INFO - Started process (PID=294) to work on /home/airflow/.local/lib/python3.8/site-packages/airflow/example_dags/example_setup_teardown.py
[2024-04-25T06:54:35.519+0000] {processor.py:830} INFO - Processing file /home/airflow/.local/lib/python3.8/site-packages/airflow/example_dags/example_setup_teardown.py for tasks to queue
[2024-04-25T06:54:35.527+0000] {logging_mixin.py:188} INFO - [2024-04-25T06:54:35.526+0000] {dagbag.py:538} INFO - Filling up the DagBag from /home/airflow/.local/lib/python3.8/site-packages/airflow/example_dags/example_setup_teardown.py
[2024-04-25T06:54:35.553+0000] {processor.py:840} INFO - DAG(s) 'example_setup_teardown' retrieved from /home/airflow/.local/lib/python3.8/site-packages/airflow/example_dags/example_setup_teardown.py
[2024-04-25T06:54:35.653+0000] {logging_mixin.py:188} INFO - [2024-04-25T06:54:35.652+0000] {dag.py:3036} INFO - Sync 1 DAGs
[2024-04-25T06:54:35.750+0000] {logging_mixin.py:188} INFO - [2024-04-25T06:54:35.749+0000] {dag.py:3823} INFO - Setting next_dagrun for example_setup_teardown to 2024-04-24 00:00:00+00:00, run_after=2024-04-25 00:00:00+00:00
[2024-04-25T06:54:35.893+0000] {processor.py:183} INFO - Processing /home/airflow/.local/lib/python3.8/site-packages/airflow/example_dags/example_setup_teardown.py took 0.393 seconds
[2024-04-25T06:55:06.869+0000] {processor.py:161} INFO - Started process (PID=363) to work on /home/airflow/.local/lib/python3.8/site-packages/airflow/example_dags/example_setup_teardown.py
[2024-04-25T06:55:06.885+0000] {processor.py:830} INFO - Processing file /home/airflow/.local/lib/python3.8/site-packages/airflow/example_dags/example_setup_teardown.py for tasks to queue
[2024-04-25T06:55:06.905+0000] {logging_mixin.py:188} INFO - [2024-04-25T06:55:06.902+0000] {dagbag.py:538} INFO - Filling up the DagBag from /home/airflow/.local/lib/python3.8/site-packages/airflow/example_dags/example_setup_teardown.py
[2024-04-25T06:55:07.013+0000] {processor.py:840} INFO - DAG(s) 'example_setup_teardown' retrieved from /home/airflow/.local/lib/python3.8/site-packages/airflow/example_dags/example_setup_teardown.py
[2024-04-25T06:55:07.198+0000] {logging_mixin.py:188} INFO - [2024-04-25T06:55:07.197+0000] {dag.py:3036} INFO - Sync 1 DAGs
[2024-04-25T06:55:07.361+0000] {logging_mixin.py:188} INFO - [2024-04-25T06:55:07.360+0000] {dag.py:3823} INFO - Setting next_dagrun for example_setup_teardown to 2024-04-24 00:00:00+00:00, run_after=2024-04-25 00:00:00+00:00
[2024-04-25T06:55:07.492+0000] {processor.py:183} INFO - Processing /home/airflow/.local/lib/python3.8/site-packages/airflow/example_dags/example_setup_teardown.py took 0.724 seconds
[2024-04-25T06:55:37.802+0000] {processor.py:161} INFO - Started process (PID=431) to work on /home/airflow/.local/lib/python3.8/site-packages/airflow/example_dags/example_setup_teardown.py
[2024-04-25T06:55:37.810+0000] {processor.py:830} INFO - Processing file /home/airflow/.local/lib/python3.8/site-packages/airflow/example_dags/example_setup_teardown.py for tasks to queue
[2024-04-25T06:55:37.822+0000] {logging_mixin.py:188} INFO - [2024-04-25T06:55:37.821+0000] {dagbag.py:538} INFO - Filling up the DagBag from /home/airflow/.local/lib/python3.8/site-packages/airflow/example_dags/example_setup_teardown.py
[2024-04-25T06:55:37.860+0000] {processor.py:840} INFO - DAG(s) 'example_setup_teardown' retrieved from /home/airflow/.local/lib/python3.8/site-packages/airflow/example_dags/example_setup_teardown.py
[2024-04-25T06:55:37.953+0000] {logging_mixin.py:188} INFO - [2024-04-25T06:55:37.952+0000] {dag.py:3036} INFO - Sync 1 DAGs
[2024-04-25T06:55:38.073+0000] {logging_mixin.py:188} INFO - [2024-04-25T06:55:38.072+0000] {dag.py:3823} INFO - Setting next_dagrun for example_setup_teardown to 2024-04-24 00:00:00+00:00, run_after=2024-04-25 00:00:00+00:00
[2024-04-25T06:55:38.173+0000] {processor.py:183} INFO - Processing /home/airflow/.local/lib/python3.8/site-packages/airflow/example_dags/example_setup_teardown.py took 0.390 seconds
[2024-04-25T06:56:08.848+0000] {processor.py:161} INFO - Started process (PID=494) to work on /home/airflow/.local/lib/python3.8/site-packages/airflow/example_dags/example_setup_teardown.py
[2024-04-25T06:56:08.854+0000] {processor.py:830} INFO - Processing file /home/airflow/.local/lib/python3.8/site-packages/airflow/example_dags/example_setup_teardown.py for tasks to queue
[2024-04-25T06:56:08.862+0000] {logging_mixin.py:188} INFO - [2024-04-25T06:56:08.861+0000] {dagbag.py:538} INFO - Filling up the DagBag from /home/airflow/.local/lib/python3.8/site-packages/airflow/example_dags/example_setup_teardown.py
[2024-04-25T06:56:08.896+0000] {processor.py:840} INFO - DAG(s) 'example_setup_teardown' retrieved from /home/airflow/.local/lib/python3.8/site-packages/airflow/example_dags/example_setup_teardown.py
[2024-04-25T06:56:09.002+0000] {logging_mixin.py:188} INFO - [2024-04-25T06:56:09.001+0000] {dag.py:3036} INFO - Sync 1 DAGs
[2024-04-25T06:56:09.098+0000] {logging_mixin.py:188} INFO - [2024-04-25T06:56:09.098+0000] {dag.py:3823} INFO - Setting next_dagrun for example_setup_teardown to 2024-04-24 00:00:00+00:00, run_after=2024-04-25 00:00:00+00:00
[2024-04-25T06:56:09.295+0000] {processor.py:183} INFO - Processing /home/airflow/.local/lib/python3.8/site-packages/airflow/example_dags/example_setup_teardown.py took 0.459 seconds
[2024-04-25T06:56:42.396+0000] {processor.py:161} INFO - Started process (PID=551) to work on /home/airflow/.local/lib/python3.8/site-packages/airflow/example_dags/example_setup_teardown.py
[2024-04-25T06:56:42.403+0000] {processor.py:830} INFO - Processing file /home/airflow/.local/lib/python3.8/site-packages/airflow/example_dags/example_setup_teardown.py for tasks to queue
[2024-04-25T06:56:42.411+0000] {logging_mixin.py:188} INFO - [2024-04-25T06:56:42.410+0000] {dagbag.py:538} INFO - Filling up the DagBag from /home/airflow/.local/lib/python3.8/site-packages/airflow/example_dags/example_setup_teardown.py
[2024-04-25T06:56:42.443+0000] {processor.py:840} INFO - DAG(s) 'example_setup_teardown' retrieved from /home/airflow/.local/lib/python3.8/site-packages/airflow/example_dags/example_setup_teardown.py
[2024-04-25T06:56:42.534+0000] {logging_mixin.py:188} INFO - [2024-04-25T06:56:42.533+0000] {dag.py:3036} INFO - Sync 1 DAGs
[2024-04-25T06:56:42.631+0000] {logging_mixin.py:188} INFO - [2024-04-25T06:56:42.630+0000] {dag.py:3823} INFO - Setting next_dagrun for example_setup_teardown to 2024-04-24 00:00:00+00:00, run_after=2024-04-25 00:00:00+00:00
[2024-04-25T06:56:42.714+0000] {processor.py:183} INFO - Processing /home/airflow/.local/lib/python3.8/site-packages/airflow/example_dags/example_setup_teardown.py took 0.332 seconds
[2024-04-25T06:57:15.631+0000] {processor.py:161} INFO - Started process (PID=603) to work on /home/airflow/.local/lib/python3.8/site-packages/airflow/example_dags/example_setup_teardown.py
[2024-04-25T06:57:15.681+0000] {processor.py:830} INFO - Processing file /home/airflow/.local/lib/python3.8/site-packages/airflow/example_dags/example_setup_teardown.py for tasks to queue
[2024-04-25T06:57:15.744+0000] {logging_mixin.py:188} INFO - [2024-04-25T06:57:15.737+0000] {dagbag.py:538} INFO - Filling up the DagBag from /home/airflow/.local/lib/python3.8/site-packages/airflow/example_dags/example_setup_teardown.py
[2024-04-25T06:57:15.943+0000] {processor.py:840} INFO - DAG(s) 'example_setup_teardown' retrieved from /home/airflow/.local/lib/python3.8/site-packages/airflow/example_dags/example_setup_teardown.py
[2024-04-25T06:57:16.223+0000] {logging_mixin.py:188} INFO - [2024-04-25T06:57:16.222+0000] {dag.py:3036} INFO - Sync 1 DAGs
[2024-04-25T06:57:17.254+0000] {logging_mixin.py:188} INFO - [2024-04-25T06:57:17.252+0000] {dag.py:3823} INFO - Setting next_dagrun for example_setup_teardown to 2024-04-24 00:00:00+00:00, run_after=2024-04-25 00:00:00+00:00
[2024-04-25T06:57:17.510+0000] {processor.py:183} INFO - Processing /home/airflow/.local/lib/python3.8/site-packages/airflow/example_dags/example_setup_teardown.py took 1.912 seconds
[2024-04-25T07:03:05.056+0000] {processor.py:161} INFO - Started process (PID=725) to work on /home/airflow/.local/lib/python3.8/site-packages/airflow/example_dags/example_setup_teardown.py
[2024-04-25T07:03:05.207+0000] {processor.py:830} INFO - Processing file /home/airflow/.local/lib/python3.8/site-packages/airflow/example_dags/example_setup_teardown.py for tasks to queue
[2024-04-25T07:03:05.256+0000] {logging_mixin.py:188} INFO - [2024-04-25T07:03:05.254+0000] {dagbag.py:538} INFO - Filling up the DagBag from /home/airflow/.local/lib/python3.8/site-packages/airflow/example_dags/example_setup_teardown.py
[2024-04-25T07:03:06.200+0000] {processor.py:840} INFO - DAG(s) 'example_setup_teardown' retrieved from /home/airflow/.local/lib/python3.8/site-packages/airflow/example_dags/example_setup_teardown.py
[2024-04-25T07:03:08.521+0000] {logging_mixin.py:188} INFO - [2024-04-25T07:03:08.515+0000] {dag.py:3036} INFO - Sync 1 DAGs
[2024-04-25T07:03:09.903+0000] {logging_mixin.py:188} INFO - [2024-04-25T07:03:09.902+0000] {dag.py:3823} INFO - Setting next_dagrun for example_setup_teardown to 2024-04-24 00:00:00+00:00, run_after=2024-04-25 00:00:00+00:00
[2024-04-25T07:03:11.202+0000] {processor.py:183} INFO - Processing /home/airflow/.local/lib/python3.8/site-packages/airflow/example_dags/example_setup_teardown.py took 6.649 seconds
[2024-04-25T07:51:01.337+0000] {processor.py:161} INFO - Started process (PID=58) to work on /home/airflow/.local/lib/python3.8/site-packages/airflow/example_dags/example_setup_teardown.py
[2024-04-25T07:51:01.347+0000] {processor.py:830} INFO - Processing file /home/airflow/.local/lib/python3.8/site-packages/airflow/example_dags/example_setup_teardown.py for tasks to queue
[2024-04-25T07:51:01.356+0000] {logging_mixin.py:188} INFO - [2024-04-25T07:51:01.355+0000] {dagbag.py:538} INFO - Filling up the DagBag from /home/airflow/.local/lib/python3.8/site-packages/airflow/example_dags/example_setup_teardown.py
[2024-04-25T07:51:01.387+0000] {processor.py:840} INFO - DAG(s) 'example_setup_teardown' retrieved from /home/airflow/.local/lib/python3.8/site-packages/airflow/example_dags/example_setup_teardown.py
[2024-04-25T07:51:01.903+0000] {logging_mixin.py:188} INFO - [2024-04-25T07:51:01.902+0000] {dag.py:3036} INFO - Sync 1 DAGs
[2024-04-25T07:51:01.987+0000] {logging_mixin.py:188} INFO - [2024-04-25T07:51:01.986+0000] {dag.py:3823} INFO - Setting next_dagrun for example_setup_teardown to 2024-04-24 00:00:00+00:00, run_after=2024-04-25 00:00:00+00:00
[2024-04-25T07:51:02.074+0000] {processor.py:183} INFO - Processing /home/airflow/.local/lib/python3.8/site-packages/airflow/example_dags/example_setup_teardown.py took 0.746 seconds
[2024-04-25T07:51:36.163+0000] {processor.py:161} INFO - Started process (PID=128) to work on /home/airflow/.local/lib/python3.8/site-packages/airflow/example_dags/example_setup_teardown.py
[2024-04-25T07:51:36.175+0000] {processor.py:830} INFO - Processing file /home/airflow/.local/lib/python3.8/site-packages/airflow/example_dags/example_setup_teardown.py for tasks to queue
[2024-04-25T07:51:36.190+0000] {logging_mixin.py:188} INFO - [2024-04-25T07:51:36.188+0000] {dagbag.py:538} INFO - Filling up the DagBag from /home/airflow/.local/lib/python3.8/site-packages/airflow/example_dags/example_setup_teardown.py
[2024-04-25T07:51:36.282+0000] {processor.py:840} INFO - DAG(s) 'example_setup_teardown' retrieved from /home/airflow/.local/lib/python3.8/site-packages/airflow/example_dags/example_setup_teardown.py
[2024-04-25T07:51:36.401+0000] {logging_mixin.py:188} INFO - [2024-04-25T07:51:36.399+0000] {dag.py:3036} INFO - Sync 1 DAGs
[2024-04-25T07:51:36.707+0000] {logging_mixin.py:188} INFO - [2024-04-25T07:51:36.706+0000] {dag.py:3823} INFO - Setting next_dagrun for example_setup_teardown to 2024-04-24 00:00:00+00:00, run_after=2024-04-25 00:00:00+00:00
[2024-04-25T07:51:36.802+0000] {processor.py:183} INFO - Processing /home/airflow/.local/lib/python3.8/site-packages/airflow/example_dags/example_setup_teardown.py took 0.668 seconds
[2024-04-25T07:52:17.020+0000] {processor.py:161} INFO - Started process (PID=198) to work on /home/airflow/.local/lib/python3.8/site-packages/airflow/example_dags/example_setup_teardown.py
[2024-04-25T07:52:17.029+0000] {processor.py:830} INFO - Processing file /home/airflow/.local/lib/python3.8/site-packages/airflow/example_dags/example_setup_teardown.py for tasks to queue
[2024-04-25T07:52:17.037+0000] {logging_mixin.py:188} INFO - [2024-04-25T07:52:17.036+0000] {dagbag.py:538} INFO - Filling up the DagBag from /home/airflow/.local/lib/python3.8/site-packages/airflow/example_dags/example_setup_teardown.py
[2024-04-25T07:52:17.071+0000] {processor.py:840} INFO - DAG(s) 'example_setup_teardown' retrieved from /home/airflow/.local/lib/python3.8/site-packages/airflow/example_dags/example_setup_teardown.py
[2024-04-25T07:52:17.178+0000] {logging_mixin.py:188} INFO - [2024-04-25T07:52:17.177+0000] {dag.py:3036} INFO - Sync 1 DAGs
[2024-04-25T07:52:17.323+0000] {logging_mixin.py:188} INFO - [2024-04-25T07:52:17.322+0000] {dag.py:3823} INFO - Setting next_dagrun for example_setup_teardown to 2024-04-24 00:00:00+00:00, run_after=2024-04-25 00:00:00+00:00
[2024-04-25T07:52:17.456+0000] {processor.py:183} INFO - Processing /home/airflow/.local/lib/python3.8/site-packages/airflow/example_dags/example_setup_teardown.py took 0.455 seconds
[2024-04-25T07:52:51.118+0000] {processor.py:161} INFO - Started process (PID=268) to work on /home/airflow/.local/lib/python3.8/site-packages/airflow/example_dags/example_setup_teardown.py
[2024-04-25T07:52:51.127+0000] {processor.py:830} INFO - Processing file /home/airflow/.local/lib/python3.8/site-packages/airflow/example_dags/example_setup_teardown.py for tasks to queue
[2024-04-25T07:52:51.135+0000] {logging_mixin.py:188} INFO - [2024-04-25T07:52:51.134+0000] {dagbag.py:538} INFO - Filling up the DagBag from /home/airflow/.local/lib/python3.8/site-packages/airflow/example_dags/example_setup_teardown.py
[2024-04-25T07:52:51.161+0000] {processor.py:840} INFO - DAG(s) 'example_setup_teardown' retrieved from /home/airflow/.local/lib/python3.8/site-packages/airflow/example_dags/example_setup_teardown.py
[2024-04-25T07:52:51.229+0000] {logging_mixin.py:188} INFO - [2024-04-25T07:52:51.228+0000] {dag.py:3036} INFO - Sync 1 DAGs
[2024-04-25T07:52:51.290+0000] {logging_mixin.py:188} INFO - [2024-04-25T07:52:51.289+0000] {dag.py:3823} INFO - Setting next_dagrun for example_setup_teardown to 2024-04-24 00:00:00+00:00, run_after=2024-04-25 00:00:00+00:00
[2024-04-25T07:52:51.347+0000] {processor.py:183} INFO - Processing /home/airflow/.local/lib/python3.8/site-packages/airflow/example_dags/example_setup_teardown.py took 0.241 seconds
[2024-04-25T07:53:28.788+0000] {processor.py:161} INFO - Started process (PID=344) to work on /home/airflow/.local/lib/python3.8/site-packages/airflow/example_dags/example_setup_teardown.py
[2024-04-25T07:53:28.800+0000] {processor.py:830} INFO - Processing file /home/airflow/.local/lib/python3.8/site-packages/airflow/example_dags/example_setup_teardown.py for tasks to queue
[2024-04-25T07:53:28.807+0000] {logging_mixin.py:188} INFO - [2024-04-25T07:53:28.806+0000] {dagbag.py:538} INFO - Filling up the DagBag from /home/airflow/.local/lib/python3.8/site-packages/airflow/example_dags/example_setup_teardown.py
[2024-04-25T07:53:28.827+0000] {processor.py:840} INFO - DAG(s) 'example_setup_teardown' retrieved from /home/airflow/.local/lib/python3.8/site-packages/airflow/example_dags/example_setup_teardown.py
[2024-04-25T07:53:28.893+0000] {logging_mixin.py:188} INFO - [2024-04-25T07:53:28.892+0000] {dag.py:3036} INFO - Sync 1 DAGs
[2024-04-25T07:53:28.967+0000] {logging_mixin.py:188} INFO - [2024-04-25T07:53:28.966+0000] {dag.py:3823} INFO - Setting next_dagrun for example_setup_teardown to 2024-04-24 00:00:00+00:00, run_after=2024-04-25 00:00:00+00:00
[2024-04-25T07:53:29.040+0000] {processor.py:183} INFO - Processing /home/airflow/.local/lib/python3.8/site-packages/airflow/example_dags/example_setup_teardown.py took 0.260 seconds
