[2024-04-25T05:59:08.951+0000] {processor.py:161} INFO - Started process (PID=108) to work on /home/airflow/.local/lib/python3.8/site-packages/airflow/example_dags/example_complex.py
[2024-04-25T05:59:09.006+0000] {processor.py:830} INFO - Processing file /home/airflow/.local/lib/python3.8/site-packages/airflow/example_dags/example_complex.py for tasks to queue
[2024-04-25T05:59:09.017+0000] {logging_mixin.py:188} INFO - [2024-04-25T05:59:09.015+0000] {dagbag.py:538} INFO - Filling up the DagBag from /home/airflow/.local/lib/python3.8/site-packages/airflow/example_dags/example_complex.py
[2024-04-25T05:59:09.117+0000] {processor.py:840} INFO - DAG(s) 'example_complex' retrieved from /home/airflow/.local/lib/python3.8/site-packages/airflow/example_dags/example_complex.py
[2024-04-25T05:59:09.956+0000] {logging_mixin.py:188} INFO - [2024-04-25T05:59:09.955+0000] {dag.py:3036} INFO - Sync 1 DAGs
[2024-04-25T05:59:10.074+0000] {logging_mixin.py:188} INFO - [2024-04-25T05:59:10.073+0000] {dag.py:3823} INFO - Setting next_dagrun for example_complex to None, run_after=None
[2024-04-25T05:59:10.194+0000] {processor.py:183} INFO - Processing /home/airflow/.local/lib/python3.8/site-packages/airflow/example_dags/example_complex.py took 1.273 seconds
[2024-04-25T05:59:51.605+0000] {processor.py:161} INFO - Started process (PID=167) to work on /home/airflow/.local/lib/python3.8/site-packages/airflow/example_dags/example_complex.py
[2024-04-25T05:59:51.679+0000] {processor.py:830} INFO - Processing file /home/airflow/.local/lib/python3.8/site-packages/airflow/example_dags/example_complex.py for tasks to queue
[2024-04-25T05:59:51.711+0000] {logging_mixin.py:188} INFO - [2024-04-25T05:59:51.707+0000] {dagbag.py:538} INFO - Filling up the DagBag from /home/airflow/.local/lib/python3.8/site-packages/airflow/example_dags/example_complex.py
[2024-04-25T05:59:51.821+0000] {processor.py:840} INFO - DAG(s) 'example_complex' retrieved from /home/airflow/.local/lib/python3.8/site-packages/airflow/example_dags/example_complex.py
[2024-04-25T05:59:52.107+0000] {logging_mixin.py:188} INFO - [2024-04-25T05:59:52.106+0000] {dag.py:3036} INFO - Sync 1 DAGs
[2024-04-25T05:59:52.341+0000] {logging_mixin.py:188} INFO - [2024-04-25T05:59:52.340+0000] {dag.py:3823} INFO - Setting next_dagrun for example_complex to None, run_after=None
[2024-04-25T05:59:52.591+0000] {processor.py:183} INFO - Processing /home/airflow/.local/lib/python3.8/site-packages/airflow/example_dags/example_complex.py took 1.034 seconds
[2024-04-25T06:00:40.914+0000] {processor.py:161} INFO - Started process (PID=232) to work on /home/airflow/.local/lib/python3.8/site-packages/airflow/example_dags/example_complex.py
[2024-04-25T06:00:40.920+0000] {processor.py:830} INFO - Processing file /home/airflow/.local/lib/python3.8/site-packages/airflow/example_dags/example_complex.py for tasks to queue
[2024-04-25T06:00:40.930+0000] {logging_mixin.py:188} INFO - [2024-04-25T06:00:40.928+0000] {dagbag.py:538} INFO - Filling up the DagBag from /home/airflow/.local/lib/python3.8/site-packages/airflow/example_dags/example_complex.py
[2024-04-25T06:00:40.985+0000] {processor.py:840} INFO - DAG(s) 'example_complex' retrieved from /home/airflow/.local/lib/python3.8/site-packages/airflow/example_dags/example_complex.py
[2024-04-25T06:00:41.115+0000] {logging_mixin.py:188} INFO - [2024-04-25T06:00:41.114+0000] {dag.py:3036} INFO - Sync 1 DAGs
[2024-04-25T06:00:41.164+0000] {logging_mixin.py:188} INFO - [2024-04-25T06:00:41.164+0000] {dag.py:3823} INFO - Setting next_dagrun for example_complex to None, run_after=None
[2024-04-25T06:00:41.228+0000] {processor.py:183} INFO - Processing /home/airflow/.local/lib/python3.8/site-packages/airflow/example_dags/example_complex.py took 0.327 seconds
[2024-04-25T06:01:15.671+0000] {processor.py:161} INFO - Started process (PID=289) to work on /home/airflow/.local/lib/python3.8/site-packages/airflow/example_dags/example_complex.py
[2024-04-25T06:01:15.675+0000] {processor.py:830} INFO - Processing file /home/airflow/.local/lib/python3.8/site-packages/airflow/example_dags/example_complex.py for tasks to queue
[2024-04-25T06:01:15.683+0000] {logging_mixin.py:188} INFO - [2024-04-25T06:01:15.682+0000] {dagbag.py:538} INFO - Filling up the DagBag from /home/airflow/.local/lib/python3.8/site-packages/airflow/example_dags/example_complex.py
[2024-04-25T06:01:15.716+0000] {processor.py:840} INFO - DAG(s) 'example_complex' retrieved from /home/airflow/.local/lib/python3.8/site-packages/airflow/example_dags/example_complex.py
[2024-04-25T06:01:15.820+0000] {logging_mixin.py:188} INFO - [2024-04-25T06:01:15.820+0000] {dag.py:3036} INFO - Sync 1 DAGs
[2024-04-25T06:01:15.863+0000] {logging_mixin.py:188} INFO - [2024-04-25T06:01:15.862+0000] {dag.py:3823} INFO - Setting next_dagrun for example_complex to None, run_after=None
[2024-04-25T06:01:15.944+0000] {processor.py:183} INFO - Processing /home/airflow/.local/lib/python3.8/site-packages/airflow/example_dags/example_complex.py took 0.282 seconds
[2024-04-25T06:01:55.890+0000] {processor.py:161} INFO - Started process (PID=338) to work on /home/airflow/.local/lib/python3.8/site-packages/airflow/example_dags/example_complex.py
[2024-04-25T06:01:55.896+0000] {processor.py:830} INFO - Processing file /home/airflow/.local/lib/python3.8/site-packages/airflow/example_dags/example_complex.py for tasks to queue
[2024-04-25T06:01:55.902+0000] {logging_mixin.py:188} INFO - [2024-04-25T06:01:55.901+0000] {dagbag.py:538} INFO - Filling up the DagBag from /home/airflow/.local/lib/python3.8/site-packages/airflow/example_dags/example_complex.py
[2024-04-25T06:01:55.944+0000] {processor.py:840} INFO - DAG(s) 'example_complex' retrieved from /home/airflow/.local/lib/python3.8/site-packages/airflow/example_dags/example_complex.py
[2024-04-25T06:01:56.058+0000] {logging_mixin.py:188} INFO - [2024-04-25T06:01:56.058+0000] {dag.py:3036} INFO - Sync 1 DAGs
[2024-04-25T06:01:56.102+0000] {logging_mixin.py:188} INFO - [2024-04-25T06:01:56.101+0000] {dag.py:3823} INFO - Setting next_dagrun for example_complex to None, run_after=None
[2024-04-25T06:01:56.183+0000] {processor.py:183} INFO - Processing /home/airflow/.local/lib/python3.8/site-packages/airflow/example_dags/example_complex.py took 0.304 seconds
[2024-04-25T06:02:27.842+0000] {processor.py:161} INFO - Started process (PID=397) to work on /home/airflow/.local/lib/python3.8/site-packages/airflow/example_dags/example_complex.py
[2024-04-25T06:02:27.849+0000] {processor.py:830} INFO - Processing file /home/airflow/.local/lib/python3.8/site-packages/airflow/example_dags/example_complex.py for tasks to queue
[2024-04-25T06:02:27.855+0000] {logging_mixin.py:188} INFO - [2024-04-25T06:02:27.854+0000] {dagbag.py:538} INFO - Filling up the DagBag from /home/airflow/.local/lib/python3.8/site-packages/airflow/example_dags/example_complex.py
[2024-04-25T06:02:27.894+0000] {processor.py:840} INFO - DAG(s) 'example_complex' retrieved from /home/airflow/.local/lib/python3.8/site-packages/airflow/example_dags/example_complex.py
[2024-04-25T06:02:27.972+0000] {logging_mixin.py:188} INFO - [2024-04-25T06:02:27.971+0000] {dag.py:3036} INFO - Sync 1 DAGs
[2024-04-25T06:02:28.007+0000] {logging_mixin.py:188} INFO - [2024-04-25T06:02:28.006+0000] {dag.py:3823} INFO - Setting next_dagrun for example_complex to None, run_after=None
[2024-04-25T06:02:28.073+0000] {processor.py:183} INFO - Processing /home/airflow/.local/lib/python3.8/site-packages/airflow/example_dags/example_complex.py took 0.240 seconds
[2024-04-25T06:03:08.576+0000] {processor.py:161} INFO - Started process (PID=456) to work on /home/airflow/.local/lib/python3.8/site-packages/airflow/example_dags/example_complex.py
[2024-04-25T06:03:08.583+0000] {processor.py:830} INFO - Processing file /home/airflow/.local/lib/python3.8/site-packages/airflow/example_dags/example_complex.py for tasks to queue
[2024-04-25T06:03:08.594+0000] {logging_mixin.py:188} INFO - [2024-04-25T06:03:08.593+0000] {dagbag.py:538} INFO - Filling up the DagBag from /home/airflow/.local/lib/python3.8/site-packages/airflow/example_dags/example_complex.py
[2024-04-25T06:03:08.671+0000] {processor.py:840} INFO - DAG(s) 'example_complex' retrieved from /home/airflow/.local/lib/python3.8/site-packages/airflow/example_dags/example_complex.py
[2024-04-25T06:03:09.057+0000] {logging_mixin.py:188} INFO - [2024-04-25T06:03:09.056+0000] {dag.py:3036} INFO - Sync 1 DAGs
[2024-04-25T06:03:09.135+0000] {logging_mixin.py:188} INFO - [2024-04-25T06:03:09.135+0000] {dag.py:3823} INFO - Setting next_dagrun for example_complex to None, run_after=None
[2024-04-25T06:03:09.443+0000] {processor.py:183} INFO - Processing /home/airflow/.local/lib/python3.8/site-packages/airflow/example_dags/example_complex.py took 0.886 seconds
[2024-04-25T06:03:39.586+0000] {processor.py:161} INFO - Started process (PID=515) to work on /home/airflow/.local/lib/python3.8/site-packages/airflow/example_dags/example_complex.py
[2024-04-25T06:03:39.590+0000] {processor.py:830} INFO - Processing file /home/airflow/.local/lib/python3.8/site-packages/airflow/example_dags/example_complex.py for tasks to queue
[2024-04-25T06:03:39.600+0000] {logging_mixin.py:188} INFO - [2024-04-25T06:03:39.599+0000] {dagbag.py:538} INFO - Filling up the DagBag from /home/airflow/.local/lib/python3.8/site-packages/airflow/example_dags/example_complex.py
[2024-04-25T06:03:39.681+0000] {processor.py:840} INFO - DAG(s) 'example_complex' retrieved from /home/airflow/.local/lib/python3.8/site-packages/airflow/example_dags/example_complex.py
[2024-04-25T06:03:39.860+0000] {logging_mixin.py:188} INFO - [2024-04-25T06:03:39.859+0000] {dag.py:3036} INFO - Sync 1 DAGs
[2024-04-25T06:03:39.932+0000] {logging_mixin.py:188} INFO - [2024-04-25T06:03:39.931+0000] {dag.py:3823} INFO - Setting next_dagrun for example_complex to None, run_after=None
[2024-04-25T06:03:40.035+0000] {processor.py:183} INFO - Processing /home/airflow/.local/lib/python3.8/site-packages/airflow/example_dags/example_complex.py took 0.463 seconds
[2024-04-25T06:04:10.163+0000] {processor.py:161} INFO - Started process (PID=580) to work on /home/airflow/.local/lib/python3.8/site-packages/airflow/example_dags/example_complex.py
[2024-04-25T06:04:10.168+0000] {processor.py:830} INFO - Processing file /home/airflow/.local/lib/python3.8/site-packages/airflow/example_dags/example_complex.py for tasks to queue
[2024-04-25T06:04:10.176+0000] {logging_mixin.py:188} INFO - [2024-04-25T06:04:10.175+0000] {dagbag.py:538} INFO - Filling up the DagBag from /home/airflow/.local/lib/python3.8/site-packages/airflow/example_dags/example_complex.py
[2024-04-25T06:04:10.215+0000] {processor.py:840} INFO - DAG(s) 'example_complex' retrieved from /home/airflow/.local/lib/python3.8/site-packages/airflow/example_dags/example_complex.py
[2024-04-25T06:04:10.306+0000] {logging_mixin.py:188} INFO - [2024-04-25T06:04:10.306+0000] {dag.py:3036} INFO - Sync 1 DAGs
[2024-04-25T06:04:10.353+0000] {logging_mixin.py:188} INFO - [2024-04-25T06:04:10.352+0000] {dag.py:3823} INFO - Setting next_dagrun for example_complex to None, run_after=None
[2024-04-25T06:04:10.425+0000] {processor.py:183} INFO - Processing /home/airflow/.local/lib/python3.8/site-packages/airflow/example_dags/example_complex.py took 0.271 seconds
[2024-04-25T06:04:40.503+0000] {processor.py:161} INFO - Started process (PID=638) to work on /home/airflow/.local/lib/python3.8/site-packages/airflow/example_dags/example_complex.py
[2024-04-25T06:04:40.505+0000] {processor.py:830} INFO - Processing file /home/airflow/.local/lib/python3.8/site-packages/airflow/example_dags/example_complex.py for tasks to queue
[2024-04-25T06:04:40.507+0000] {logging_mixin.py:188} INFO - [2024-04-25T06:04:40.507+0000] {dagbag.py:538} INFO - Filling up the DagBag from /home/airflow/.local/lib/python3.8/site-packages/airflow/example_dags/example_complex.py
[2024-04-25T06:04:40.519+0000] {processor.py:840} INFO - DAG(s) 'example_complex' retrieved from /home/airflow/.local/lib/python3.8/site-packages/airflow/example_dags/example_complex.py
[2024-04-25T06:04:40.555+0000] {logging_mixin.py:188} INFO - [2024-04-25T06:04:40.554+0000] {dag.py:3036} INFO - Sync 1 DAGs
[2024-04-25T06:04:40.572+0000] {logging_mixin.py:188} INFO - [2024-04-25T06:04:40.571+0000] {dag.py:3823} INFO - Setting next_dagrun for example_complex to None, run_after=None
[2024-04-25T06:04:40.602+0000] {processor.py:183} INFO - Processing /home/airflow/.local/lib/python3.8/site-packages/airflow/example_dags/example_complex.py took 0.103 seconds
[2024-04-25T06:05:11.188+0000] {processor.py:161} INFO - Started process (PID=698) to work on /home/airflow/.local/lib/python3.8/site-packages/airflow/example_dags/example_complex.py
[2024-04-25T06:05:11.190+0000] {processor.py:830} INFO - Processing file /home/airflow/.local/lib/python3.8/site-packages/airflow/example_dags/example_complex.py for tasks to queue
[2024-04-25T06:05:11.195+0000] {logging_mixin.py:188} INFO - [2024-04-25T06:05:11.194+0000] {dagbag.py:538} INFO - Filling up the DagBag from /home/airflow/.local/lib/python3.8/site-packages/airflow/example_dags/example_complex.py
[2024-04-25T06:05:11.228+0000] {processor.py:840} INFO - DAG(s) 'example_complex' retrieved from /home/airflow/.local/lib/python3.8/site-packages/airflow/example_dags/example_complex.py
[2024-04-25T06:05:11.311+0000] {logging_mixin.py:188} INFO - [2024-04-25T06:05:11.310+0000] {dag.py:3036} INFO - Sync 1 DAGs
[2024-04-25T06:05:11.338+0000] {logging_mixin.py:188} INFO - [2024-04-25T06:05:11.337+0000] {dag.py:3823} INFO - Setting next_dagrun for example_complex to None, run_after=None
[2024-04-25T06:05:11.379+0000] {processor.py:183} INFO - Processing /home/airflow/.local/lib/python3.8/site-packages/airflow/example_dags/example_complex.py took 0.197 seconds
[2024-04-25T06:05:41.598+0000] {processor.py:161} INFO - Started process (PID=757) to work on /home/airflow/.local/lib/python3.8/site-packages/airflow/example_dags/example_complex.py
[2024-04-25T06:05:41.601+0000] {processor.py:830} INFO - Processing file /home/airflow/.local/lib/python3.8/site-packages/airflow/example_dags/example_complex.py for tasks to queue
[2024-04-25T06:05:41.606+0000] {logging_mixin.py:188} INFO - [2024-04-25T06:05:41.605+0000] {dagbag.py:538} INFO - Filling up the DagBag from /home/airflow/.local/lib/python3.8/site-packages/airflow/example_dags/example_complex.py
[2024-04-25T06:05:41.635+0000] {processor.py:840} INFO - DAG(s) 'example_complex' retrieved from /home/airflow/.local/lib/python3.8/site-packages/airflow/example_dags/example_complex.py
[2024-04-25T06:05:41.696+0000] {logging_mixin.py:188} INFO - [2024-04-25T06:05:41.695+0000] {dag.py:3036} INFO - Sync 1 DAGs
[2024-04-25T06:05:41.718+0000] {logging_mixin.py:188} INFO - [2024-04-25T06:05:41.718+0000] {dag.py:3823} INFO - Setting next_dagrun for example_complex to None, run_after=None
[2024-04-25T06:05:41.770+0000] {processor.py:183} INFO - Processing /home/airflow/.local/lib/python3.8/site-packages/airflow/example_dags/example_complex.py took 0.178 seconds
[2024-04-25T06:06:11.924+0000] {processor.py:161} INFO - Started process (PID=816) to work on /home/airflow/.local/lib/python3.8/site-packages/airflow/example_dags/example_complex.py
[2024-04-25T06:06:11.926+0000] {processor.py:830} INFO - Processing file /home/airflow/.local/lib/python3.8/site-packages/airflow/example_dags/example_complex.py for tasks to queue
[2024-04-25T06:06:11.929+0000] {logging_mixin.py:188} INFO - [2024-04-25T06:06:11.928+0000] {dagbag.py:538} INFO - Filling up the DagBag from /home/airflow/.local/lib/python3.8/site-packages/airflow/example_dags/example_complex.py
[2024-04-25T06:06:11.949+0000] {processor.py:840} INFO - DAG(s) 'example_complex' retrieved from /home/airflow/.local/lib/python3.8/site-packages/airflow/example_dags/example_complex.py
[2024-04-25T06:06:12.015+0000] {logging_mixin.py:188} INFO - [2024-04-25T06:06:12.015+0000] {dag.py:3036} INFO - Sync 1 DAGs
[2024-04-25T06:06:12.041+0000] {logging_mixin.py:188} INFO - [2024-04-25T06:06:12.041+0000] {dag.py:3823} INFO - Setting next_dagrun for example_complex to None, run_after=None
[2024-04-25T06:06:12.104+0000] {processor.py:183} INFO - Processing /home/airflow/.local/lib/python3.8/site-packages/airflow/example_dags/example_complex.py took 0.186 seconds
[2024-04-25T06:06:44.644+0000] {processor.py:161} INFO - Started process (PID=875) to work on /home/airflow/.local/lib/python3.8/site-packages/airflow/example_dags/example_complex.py
[2024-04-25T06:06:44.649+0000] {processor.py:830} INFO - Processing file /home/airflow/.local/lib/python3.8/site-packages/airflow/example_dags/example_complex.py for tasks to queue
[2024-04-25T06:06:44.657+0000] {logging_mixin.py:188} INFO - [2024-04-25T06:06:44.655+0000] {dagbag.py:538} INFO - Filling up the DagBag from /home/airflow/.local/lib/python3.8/site-packages/airflow/example_dags/example_complex.py
[2024-04-25T06:06:44.690+0000] {processor.py:840} INFO - DAG(s) 'example_complex' retrieved from /home/airflow/.local/lib/python3.8/site-packages/airflow/example_dags/example_complex.py
[2024-04-25T06:06:44.773+0000] {logging_mixin.py:188} INFO - [2024-04-25T06:06:44.772+0000] {dag.py:3036} INFO - Sync 1 DAGs
[2024-04-25T06:06:44.815+0000] {logging_mixin.py:188} INFO - [2024-04-25T06:06:44.814+0000] {dag.py:3823} INFO - Setting next_dagrun for example_complex to None, run_after=None
[2024-04-25T06:06:44.894+0000] {processor.py:183} INFO - Processing /home/airflow/.local/lib/python3.8/site-packages/airflow/example_dags/example_complex.py took 0.262 seconds
[2024-04-25T06:07:15.791+0000] {processor.py:161} INFO - Started process (PID=934) to work on /home/airflow/.local/lib/python3.8/site-packages/airflow/example_dags/example_complex.py
[2024-04-25T06:07:15.794+0000] {processor.py:830} INFO - Processing file /home/airflow/.local/lib/python3.8/site-packages/airflow/example_dags/example_complex.py for tasks to queue
[2024-04-25T06:07:15.798+0000] {logging_mixin.py:188} INFO - [2024-04-25T06:07:15.798+0000] {dagbag.py:538} INFO - Filling up the DagBag from /home/airflow/.local/lib/python3.8/site-packages/airflow/example_dags/example_complex.py
[2024-04-25T06:07:15.824+0000] {processor.py:840} INFO - DAG(s) 'example_complex' retrieved from /home/airflow/.local/lib/python3.8/site-packages/airflow/example_dags/example_complex.py
[2024-04-25T06:07:15.928+0000] {logging_mixin.py:188} INFO - [2024-04-25T06:07:15.927+0000] {dag.py:3036} INFO - Sync 1 DAGs
[2024-04-25T06:07:15.960+0000] {logging_mixin.py:188} INFO - [2024-04-25T06:07:15.960+0000] {dag.py:3823} INFO - Setting next_dagrun for example_complex to None, run_after=None
[2024-04-25T06:07:16.122+0000] {processor.py:183} INFO - Processing /home/airflow/.local/lib/python3.8/site-packages/airflow/example_dags/example_complex.py took 0.338 seconds
[2024-04-25T06:07:46.318+0000] {processor.py:161} INFO - Started process (PID=993) to work on /home/airflow/.local/lib/python3.8/site-packages/airflow/example_dags/example_complex.py
[2024-04-25T06:07:46.322+0000] {processor.py:830} INFO - Processing file /home/airflow/.local/lib/python3.8/site-packages/airflow/example_dags/example_complex.py for tasks to queue
[2024-04-25T06:07:46.328+0000] {logging_mixin.py:188} INFO - [2024-04-25T06:07:46.327+0000] {dagbag.py:538} INFO - Filling up the DagBag from /home/airflow/.local/lib/python3.8/site-packages/airflow/example_dags/example_complex.py
[2024-04-25T06:07:46.358+0000] {processor.py:840} INFO - DAG(s) 'example_complex' retrieved from /home/airflow/.local/lib/python3.8/site-packages/airflow/example_dags/example_complex.py
[2024-04-25T06:07:46.452+0000] {logging_mixin.py:188} INFO - [2024-04-25T06:07:46.452+0000] {dag.py:3036} INFO - Sync 1 DAGs
[2024-04-25T06:07:46.484+0000] {logging_mixin.py:188} INFO - [2024-04-25T06:07:46.483+0000] {dag.py:3823} INFO - Setting next_dagrun for example_complex to None, run_after=None
[2024-04-25T06:07:46.546+0000] {processor.py:183} INFO - Processing /home/airflow/.local/lib/python3.8/site-packages/airflow/example_dags/example_complex.py took 0.237 seconds
[2024-04-25T06:08:17.067+0000] {processor.py:161} INFO - Started process (PID=1052) to work on /home/airflow/.local/lib/python3.8/site-packages/airflow/example_dags/example_complex.py
[2024-04-25T06:08:17.070+0000] {processor.py:830} INFO - Processing file /home/airflow/.local/lib/python3.8/site-packages/airflow/example_dags/example_complex.py for tasks to queue
[2024-04-25T06:08:17.075+0000] {logging_mixin.py:188} INFO - [2024-04-25T06:08:17.074+0000] {dagbag.py:538} INFO - Filling up the DagBag from /home/airflow/.local/lib/python3.8/site-packages/airflow/example_dags/example_complex.py
[2024-04-25T06:08:17.098+0000] {processor.py:840} INFO - DAG(s) 'example_complex' retrieved from /home/airflow/.local/lib/python3.8/site-packages/airflow/example_dags/example_complex.py
[2024-04-25T06:08:17.180+0000] {logging_mixin.py:188} INFO - [2024-04-25T06:08:17.180+0000] {dag.py:3036} INFO - Sync 1 DAGs
[2024-04-25T06:08:17.222+0000] {logging_mixin.py:188} INFO - [2024-04-25T06:08:17.221+0000] {dag.py:3823} INFO - Setting next_dagrun for example_complex to None, run_after=None
[2024-04-25T06:08:17.281+0000] {processor.py:183} INFO - Processing /home/airflow/.local/lib/python3.8/site-packages/airflow/example_dags/example_complex.py took 0.222 seconds
[2024-04-25T06:08:47.778+0000] {processor.py:161} INFO - Started process (PID=1111) to work on /home/airflow/.local/lib/python3.8/site-packages/airflow/example_dags/example_complex.py
[2024-04-25T06:08:47.781+0000] {processor.py:830} INFO - Processing file /home/airflow/.local/lib/python3.8/site-packages/airflow/example_dags/example_complex.py for tasks to queue
[2024-04-25T06:08:47.785+0000] {logging_mixin.py:188} INFO - [2024-04-25T06:08:47.785+0000] {dagbag.py:538} INFO - Filling up the DagBag from /home/airflow/.local/lib/python3.8/site-packages/airflow/example_dags/example_complex.py
[2024-04-25T06:08:47.817+0000] {processor.py:840} INFO - DAG(s) 'example_complex' retrieved from /home/airflow/.local/lib/python3.8/site-packages/airflow/example_dags/example_complex.py
[2024-04-25T06:08:47.894+0000] {logging_mixin.py:188} INFO - [2024-04-25T06:08:47.893+0000] {dag.py:3036} INFO - Sync 1 DAGs
[2024-04-25T06:08:47.926+0000] {logging_mixin.py:188} INFO - [2024-04-25T06:08:47.926+0000] {dag.py:3823} INFO - Setting next_dagrun for example_complex to None, run_after=None
[2024-04-25T06:08:47.975+0000] {processor.py:183} INFO - Processing /home/airflow/.local/lib/python3.8/site-packages/airflow/example_dags/example_complex.py took 0.204 seconds
[2024-04-25T06:09:18.998+0000] {processor.py:161} INFO - Started process (PID=1170) to work on /home/airflow/.local/lib/python3.8/site-packages/airflow/example_dags/example_complex.py
[2024-04-25T06:09:19.001+0000] {processor.py:830} INFO - Processing file /home/airflow/.local/lib/python3.8/site-packages/airflow/example_dags/example_complex.py for tasks to queue
[2024-04-25T06:09:19.006+0000] {logging_mixin.py:188} INFO - [2024-04-25T06:09:19.005+0000] {dagbag.py:538} INFO - Filling up the DagBag from /home/airflow/.local/lib/python3.8/site-packages/airflow/example_dags/example_complex.py
[2024-04-25T06:09:19.045+0000] {processor.py:840} INFO - DAG(s) 'example_complex' retrieved from /home/airflow/.local/lib/python3.8/site-packages/airflow/example_dags/example_complex.py
[2024-04-25T06:09:19.153+0000] {logging_mixin.py:188} INFO - [2024-04-25T06:09:19.152+0000] {dag.py:3036} INFO - Sync 1 DAGs
[2024-04-25T06:09:19.195+0000] {logging_mixin.py:188} INFO - [2024-04-25T06:09:19.195+0000] {dag.py:3823} INFO - Setting next_dagrun for example_complex to None, run_after=None
[2024-04-25T06:09:19.266+0000] {processor.py:183} INFO - Processing /home/airflow/.local/lib/python3.8/site-packages/airflow/example_dags/example_complex.py took 0.277 seconds
[2024-04-25T06:09:49.475+0000] {processor.py:161} INFO - Started process (PID=1229) to work on /home/airflow/.local/lib/python3.8/site-packages/airflow/example_dags/example_complex.py
[2024-04-25T06:09:49.482+0000] {processor.py:830} INFO - Processing file /home/airflow/.local/lib/python3.8/site-packages/airflow/example_dags/example_complex.py for tasks to queue
[2024-04-25T06:09:49.494+0000] {logging_mixin.py:188} INFO - [2024-04-25T06:09:49.493+0000] {dagbag.py:538} INFO - Filling up the DagBag from /home/airflow/.local/lib/python3.8/site-packages/airflow/example_dags/example_complex.py
[2024-04-25T06:09:49.532+0000] {processor.py:840} INFO - DAG(s) 'example_complex' retrieved from /home/airflow/.local/lib/python3.8/site-packages/airflow/example_dags/example_complex.py
[2024-04-25T06:09:49.635+0000] {logging_mixin.py:188} INFO - [2024-04-25T06:09:49.634+0000] {dag.py:3036} INFO - Sync 1 DAGs
[2024-04-25T06:09:49.673+0000] {logging_mixin.py:188} INFO - [2024-04-25T06:09:49.673+0000] {dag.py:3823} INFO - Setting next_dagrun for example_complex to None, run_after=None
[2024-04-25T06:09:49.733+0000] {processor.py:183} INFO - Processing /home/airflow/.local/lib/python3.8/site-packages/airflow/example_dags/example_complex.py took 0.277 seconds
[2024-04-25T06:10:20.247+0000] {processor.py:161} INFO - Started process (PID=1287) to work on /home/airflow/.local/lib/python3.8/site-packages/airflow/example_dags/example_complex.py
[2024-04-25T06:10:20.253+0000] {processor.py:830} INFO - Processing file /home/airflow/.local/lib/python3.8/site-packages/airflow/example_dags/example_complex.py for tasks to queue
[2024-04-25T06:10:20.262+0000] {logging_mixin.py:188} INFO - [2024-04-25T06:10:20.260+0000] {dagbag.py:538} INFO - Filling up the DagBag from /home/airflow/.local/lib/python3.8/site-packages/airflow/example_dags/example_complex.py
[2024-04-25T06:10:20.338+0000] {processor.py:840} INFO - DAG(s) 'example_complex' retrieved from /home/airflow/.local/lib/python3.8/site-packages/airflow/example_dags/example_complex.py
[2024-04-25T06:10:20.589+0000] {logging_mixin.py:188} INFO - [2024-04-25T06:10:20.588+0000] {dag.py:3036} INFO - Sync 1 DAGs
[2024-04-25T06:10:20.648+0000] {logging_mixin.py:188} INFO - [2024-04-25T06:10:20.647+0000] {dag.py:3823} INFO - Setting next_dagrun for example_complex to None, run_after=None
[2024-04-25T06:10:20.748+0000] {processor.py:183} INFO - Processing /home/airflow/.local/lib/python3.8/site-packages/airflow/example_dags/example_complex.py took 0.514 seconds
[2024-04-25T06:52:59.916+0000] {processor.py:161} INFO - Started process (PID=121) to work on /home/airflow/.local/lib/python3.8/site-packages/airflow/example_dags/example_complex.py
[2024-04-25T06:52:59.931+0000] {processor.py:830} INFO - Processing file /home/airflow/.local/lib/python3.8/site-packages/airflow/example_dags/example_complex.py for tasks to queue
[2024-04-25T06:52:59.943+0000] {logging_mixin.py:188} INFO - [2024-04-25T06:52:59.941+0000] {dagbag.py:538} INFO - Filling up the DagBag from /home/airflow/.local/lib/python3.8/site-packages/airflow/example_dags/example_complex.py
[2024-04-25T06:53:00.096+0000] {processor.py:840} INFO - DAG(s) 'example_complex' retrieved from /home/airflow/.local/lib/python3.8/site-packages/airflow/example_dags/example_complex.py
[2024-04-25T06:53:02.643+0000] {logging_mixin.py:188} INFO - [2024-04-25T06:53:02.614+0000] {dag.py:3036} INFO - Sync 1 DAGs
[2024-04-25T06:53:02.865+0000] {logging_mixin.py:188} INFO - [2024-04-25T06:53:02.859+0000] {dag.py:3823} INFO - Setting next_dagrun for example_complex to None, run_after=None
[2024-04-25T06:53:03.284+0000] {processor.py:183} INFO - Processing /home/airflow/.local/lib/python3.8/site-packages/airflow/example_dags/example_complex.py took 3.434 seconds
[2024-04-25T06:53:42.587+0000] {processor.py:161} INFO - Started process (PID=197) to work on /home/airflow/.local/lib/python3.8/site-packages/airflow/example_dags/example_complex.py
[2024-04-25T06:53:42.597+0000] {processor.py:830} INFO - Processing file /home/airflow/.local/lib/python3.8/site-packages/airflow/example_dags/example_complex.py for tasks to queue
[2024-04-25T06:53:42.608+0000] {logging_mixin.py:188} INFO - [2024-04-25T06:53:42.606+0000] {dagbag.py:538} INFO - Filling up the DagBag from /home/airflow/.local/lib/python3.8/site-packages/airflow/example_dags/example_complex.py
[2024-04-25T06:53:42.762+0000] {processor.py:840} INFO - DAG(s) 'example_complex' retrieved from /home/airflow/.local/lib/python3.8/site-packages/airflow/example_dags/example_complex.py
[2024-04-25T06:53:44.053+0000] {logging_mixin.py:188} INFO - [2024-04-25T06:53:44.052+0000] {dag.py:3036} INFO - Sync 1 DAGs
[2024-04-25T06:53:44.301+0000] {logging_mixin.py:188} INFO - [2024-04-25T06:53:44.301+0000] {dag.py:3823} INFO - Setting next_dagrun for example_complex to None, run_after=None
[2024-04-25T06:53:44.487+0000] {processor.py:183} INFO - Processing /home/airflow/.local/lib/python3.8/site-packages/airflow/example_dags/example_complex.py took 1.916 seconds
[2024-04-25T06:54:17.469+0000] {processor.py:161} INFO - Started process (PID=267) to work on /home/airflow/.local/lib/python3.8/site-packages/airflow/example_dags/example_complex.py
[2024-04-25T06:54:17.482+0000] {processor.py:830} INFO - Processing file /home/airflow/.local/lib/python3.8/site-packages/airflow/example_dags/example_complex.py for tasks to queue
[2024-04-25T06:54:17.516+0000] {logging_mixin.py:188} INFO - [2024-04-25T06:54:17.511+0000] {dagbag.py:538} INFO - Filling up the DagBag from /home/airflow/.local/lib/python3.8/site-packages/airflow/example_dags/example_complex.py
[2024-04-25T06:54:17.592+0000] {processor.py:840} INFO - DAG(s) 'example_complex' retrieved from /home/airflow/.local/lib/python3.8/site-packages/airflow/example_dags/example_complex.py
[2024-04-25T06:54:18.930+0000] {logging_mixin.py:188} INFO - [2024-04-25T06:54:18.928+0000] {dag.py:3036} INFO - Sync 1 DAGs
[2024-04-25T06:54:19.010+0000] {logging_mixin.py:188} INFO - [2024-04-25T06:54:19.009+0000] {dag.py:3823} INFO - Setting next_dagrun for example_complex to None, run_after=None
[2024-04-25T06:54:19.241+0000] {processor.py:183} INFO - Processing /home/airflow/.local/lib/python3.8/site-packages/airflow/example_dags/example_complex.py took 1.805 seconds
[2024-04-25T06:54:52.753+0000] {processor.py:161} INFO - Started process (PID=337) to work on /home/airflow/.local/lib/python3.8/site-packages/airflow/example_dags/example_complex.py
[2024-04-25T06:54:52.760+0000] {processor.py:830} INFO - Processing file /home/airflow/.local/lib/python3.8/site-packages/airflow/example_dags/example_complex.py for tasks to queue
[2024-04-25T06:54:52.777+0000] {logging_mixin.py:188} INFO - [2024-04-25T06:54:52.775+0000] {dagbag.py:538} INFO - Filling up the DagBag from /home/airflow/.local/lib/python3.8/site-packages/airflow/example_dags/example_complex.py
[2024-04-25T06:54:52.833+0000] {processor.py:840} INFO - DAG(s) 'example_complex' retrieved from /home/airflow/.local/lib/python3.8/site-packages/airflow/example_dags/example_complex.py
[2024-04-25T06:54:53.104+0000] {logging_mixin.py:188} INFO - [2024-04-25T06:54:53.101+0000] {dag.py:3036} INFO - Sync 1 DAGs
[2024-04-25T06:54:53.233+0000] {logging_mixin.py:188} INFO - [2024-04-25T06:54:53.232+0000] {dag.py:3823} INFO - Setting next_dagrun for example_complex to None, run_after=None
[2024-04-25T06:54:53.432+0000] {processor.py:183} INFO - Processing /home/airflow/.local/lib/python3.8/site-packages/airflow/example_dags/example_complex.py took 0.697 seconds
[2024-04-25T06:55:27.059+0000] {processor.py:161} INFO - Started process (PID=406) to work on /home/airflow/.local/lib/python3.8/site-packages/airflow/example_dags/example_complex.py
[2024-04-25T06:55:27.066+0000] {processor.py:830} INFO - Processing file /home/airflow/.local/lib/python3.8/site-packages/airflow/example_dags/example_complex.py for tasks to queue
[2024-04-25T06:55:27.074+0000] {logging_mixin.py:188} INFO - [2024-04-25T06:55:27.073+0000] {dagbag.py:538} INFO - Filling up the DagBag from /home/airflow/.local/lib/python3.8/site-packages/airflow/example_dags/example_complex.py
[2024-04-25T06:55:27.163+0000] {processor.py:840} INFO - DAG(s) 'example_complex' retrieved from /home/airflow/.local/lib/python3.8/site-packages/airflow/example_dags/example_complex.py
[2024-04-25T06:55:27.332+0000] {logging_mixin.py:188} INFO - [2024-04-25T06:55:27.331+0000] {dag.py:3036} INFO - Sync 1 DAGs
[2024-04-25T06:55:27.414+0000] {logging_mixin.py:188} INFO - [2024-04-25T06:55:27.412+0000] {dag.py:3823} INFO - Setting next_dagrun for example_complex to None, run_after=None
[2024-04-25T06:55:27.684+0000] {processor.py:183} INFO - Processing /home/airflow/.local/lib/python3.8/site-packages/airflow/example_dags/example_complex.py took 0.642 seconds
[2024-04-25T06:56:04.970+0000] {processor.py:161} INFO - Started process (PID=476) to work on /home/airflow/.local/lib/python3.8/site-packages/airflow/example_dags/example_complex.py
[2024-04-25T06:56:04.985+0000] {processor.py:830} INFO - Processing file /home/airflow/.local/lib/python3.8/site-packages/airflow/example_dags/example_complex.py for tasks to queue
[2024-04-25T06:56:04.993+0000] {logging_mixin.py:188} INFO - [2024-04-25T06:56:04.991+0000] {dagbag.py:538} INFO - Filling up the DagBag from /home/airflow/.local/lib/python3.8/site-packages/airflow/example_dags/example_complex.py
[2024-04-25T06:56:05.041+0000] {processor.py:840} INFO - DAG(s) 'example_complex' retrieved from /home/airflow/.local/lib/python3.8/site-packages/airflow/example_dags/example_complex.py
[2024-04-25T06:56:05.177+0000] {logging_mixin.py:188} INFO - [2024-04-25T06:56:05.176+0000] {dag.py:3036} INFO - Sync 1 DAGs
[2024-04-25T06:56:05.226+0000] {logging_mixin.py:188} INFO - [2024-04-25T06:56:05.225+0000] {dag.py:3823} INFO - Setting next_dagrun for example_complex to None, run_after=None
[2024-04-25T06:56:05.295+0000] {processor.py:183} INFO - Processing /home/airflow/.local/lib/python3.8/site-packages/airflow/example_dags/example_complex.py took 0.340 seconds
[2024-04-25T06:56:42.855+0000] {processor.py:161} INFO - Started process (PID=554) to work on /home/airflow/.local/lib/python3.8/site-packages/airflow/example_dags/example_complex.py
[2024-04-25T06:56:42.861+0000] {processor.py:830} INFO - Processing file /home/airflow/.local/lib/python3.8/site-packages/airflow/example_dags/example_complex.py for tasks to queue
[2024-04-25T06:56:42.868+0000] {logging_mixin.py:188} INFO - [2024-04-25T06:56:42.867+0000] {dagbag.py:538} INFO - Filling up the DagBag from /home/airflow/.local/lib/python3.8/site-packages/airflow/example_dags/example_complex.py
[2024-04-25T06:56:42.920+0000] {processor.py:840} INFO - DAG(s) 'example_complex' retrieved from /home/airflow/.local/lib/python3.8/site-packages/airflow/example_dags/example_complex.py
[2024-04-25T06:56:43.055+0000] {logging_mixin.py:188} INFO - [2024-04-25T06:56:43.054+0000] {dag.py:3036} INFO - Sync 1 DAGs
[2024-04-25T06:56:43.121+0000] {logging_mixin.py:188} INFO - [2024-04-25T06:56:43.120+0000] {dag.py:3823} INFO - Setting next_dagrun for example_complex to None, run_after=None
[2024-04-25T06:56:43.236+0000] {processor.py:183} INFO - Processing /home/airflow/.local/lib/python3.8/site-packages/airflow/example_dags/example_complex.py took 0.394 seconds
[2024-04-25T06:57:45.710+0000] {processor.py:161} INFO - Started process (PID=629) to work on /home/airflow/.local/lib/python3.8/site-packages/airflow/example_dags/example_complex.py
[2024-04-25T06:57:45.730+0000] {processor.py:830} INFO - Processing file /home/airflow/.local/lib/python3.8/site-packages/airflow/example_dags/example_complex.py for tasks to queue
[2024-04-25T06:57:45.760+0000] {logging_mixin.py:188} INFO - [2024-04-25T06:57:45.758+0000] {dagbag.py:538} INFO - Filling up the DagBag from /home/airflow/.local/lib/python3.8/site-packages/airflow/example_dags/example_complex.py
[2024-04-25T06:57:45.928+0000] {processor.py:840} INFO - DAG(s) 'example_complex' retrieved from /home/airflow/.local/lib/python3.8/site-packages/airflow/example_dags/example_complex.py
[2024-04-25T06:57:46.687+0000] {logging_mixin.py:188} INFO - [2024-04-25T06:57:46.686+0000] {dag.py:3036} INFO - Sync 1 DAGs
[2024-04-25T06:57:46.856+0000] {logging_mixin.py:188} INFO - [2024-04-25T06:57:46.855+0000] {dag.py:3823} INFO - Setting next_dagrun for example_complex to None, run_after=None
[2024-04-25T06:57:46.979+0000] {processor.py:183} INFO - Processing /home/airflow/.local/lib/python3.8/site-packages/airflow/example_dags/example_complex.py took 1.290 seconds
[2024-04-25T07:09:54.127+0000] {processor.py:161} INFO - Started process (PID=777) to work on /home/airflow/.local/lib/python3.8/site-packages/airflow/example_dags/example_complex.py
[2024-04-25T07:09:55.215+0000] {processor.py:830} INFO - Processing file /home/airflow/.local/lib/python3.8/site-packages/airflow/example_dags/example_complex.py for tasks to queue
[2024-04-25T07:09:55.682+0000] {logging_mixin.py:188} INFO - [2024-04-25T07:09:55.494+0000] {dagbag.py:538} INFO - Filling up the DagBag from /home/airflow/.local/lib/python3.8/site-packages/airflow/example_dags/example_complex.py
[2024-04-25T07:10:20.483+0000] {processor.py:840} INFO - DAG(s) 'example_complex' retrieved from /home/airflow/.local/lib/python3.8/site-packages/airflow/example_dags/example_complex.py
[2024-04-25T07:10:42.525+0000] {logging_mixin.py:188} INFO - [2024-04-25T07:10:42.507+0000] {dag.py:3036} INFO - Sync 1 DAGs
[2024-04-25T07:51:12.674+0000] {processor.py:161} INFO - Started process (PID=80) to work on /home/airflow/.local/lib/python3.8/site-packages/airflow/example_dags/example_complex.py
[2024-04-25T07:51:12.680+0000] {processor.py:830} INFO - Processing file /home/airflow/.local/lib/python3.8/site-packages/airflow/example_dags/example_complex.py for tasks to queue
[2024-04-25T07:51:12.685+0000] {logging_mixin.py:188} INFO - [2024-04-25T07:51:12.684+0000] {dagbag.py:538} INFO - Filling up the DagBag from /home/airflow/.local/lib/python3.8/site-packages/airflow/example_dags/example_complex.py
[2024-04-25T07:51:12.721+0000] {processor.py:840} INFO - DAG(s) 'example_complex' retrieved from /home/airflow/.local/lib/python3.8/site-packages/airflow/example_dags/example_complex.py
[2024-04-25T07:51:13.095+0000] {logging_mixin.py:188} INFO - [2024-04-25T07:51:13.094+0000] {dag.py:3036} INFO - Sync 1 DAGs
[2024-04-25T07:51:13.128+0000] {logging_mixin.py:188} INFO - [2024-04-25T07:51:13.127+0000] {dag.py:3823} INFO - Setting next_dagrun for example_complex to None, run_after=None
[2024-04-25T07:51:13.191+0000] {processor.py:183} INFO - Processing /home/airflow/.local/lib/python3.8/site-packages/airflow/example_dags/example_complex.py took 0.526 seconds
[2024-04-25T07:51:47.514+0000] {processor.py:161} INFO - Started process (PID=150) to work on /home/airflow/.local/lib/python3.8/site-packages/airflow/example_dags/example_complex.py
[2024-04-25T07:51:47.524+0000] {processor.py:830} INFO - Processing file /home/airflow/.local/lib/python3.8/site-packages/airflow/example_dags/example_complex.py for tasks to queue
[2024-04-25T07:51:47.535+0000] {logging_mixin.py:188} INFO - [2024-04-25T07:51:47.533+0000] {dagbag.py:538} INFO - Filling up the DagBag from /home/airflow/.local/lib/python3.8/site-packages/airflow/example_dags/example_complex.py
[2024-04-25T07:51:47.628+0000] {processor.py:840} INFO - DAG(s) 'example_complex' retrieved from /home/airflow/.local/lib/python3.8/site-packages/airflow/example_dags/example_complex.py
[2024-04-25T07:51:47.930+0000] {logging_mixin.py:188} INFO - [2024-04-25T07:51:47.929+0000] {dag.py:3036} INFO - Sync 1 DAGs
[2024-04-25T07:51:48.115+0000] {logging_mixin.py:188} INFO - [2024-04-25T07:51:48.113+0000] {dag.py:3823} INFO - Setting next_dagrun for example_complex to None, run_after=None
[2024-04-25T07:51:48.302+0000] {processor.py:183} INFO - Processing /home/airflow/.local/lib/python3.8/site-packages/airflow/example_dags/example_complex.py took 0.810 seconds
[2024-04-25T07:52:27.376+0000] {processor.py:161} INFO - Started process (PID=226) to work on /home/airflow/.local/lib/python3.8/site-packages/airflow/example_dags/example_complex.py
[2024-04-25T07:52:27.388+0000] {processor.py:830} INFO - Processing file /home/airflow/.local/lib/python3.8/site-packages/airflow/example_dags/example_complex.py for tasks to queue
[2024-04-25T07:52:27.398+0000] {logging_mixin.py:188} INFO - [2024-04-25T07:52:27.396+0000] {dagbag.py:538} INFO - Filling up the DagBag from /home/airflow/.local/lib/python3.8/site-packages/airflow/example_dags/example_complex.py
[2024-04-25T07:52:27.501+0000] {processor.py:840} INFO - DAG(s) 'example_complex' retrieved from /home/airflow/.local/lib/python3.8/site-packages/airflow/example_dags/example_complex.py
[2024-04-25T07:52:27.773+0000] {logging_mixin.py:188} INFO - [2024-04-25T07:52:27.771+0000] {dag.py:3036} INFO - Sync 1 DAGs
[2024-04-25T07:52:27.847+0000] {logging_mixin.py:188} INFO - [2024-04-25T07:52:27.844+0000] {dag.py:3823} INFO - Setting next_dagrun for example_complex to None, run_after=None
[2024-04-25T07:52:27.960+0000] {processor.py:183} INFO - Processing /home/airflow/.local/lib/python3.8/site-packages/airflow/example_dags/example_complex.py took 0.613 seconds
[2024-04-25T07:52:58.324+0000] {processor.py:161} INFO - Started process (PID=296) to work on /home/airflow/.local/lib/python3.8/site-packages/airflow/example_dags/example_complex.py
[2024-04-25T07:52:58.328+0000] {processor.py:830} INFO - Processing file /home/airflow/.local/lib/python3.8/site-packages/airflow/example_dags/example_complex.py for tasks to queue
[2024-04-25T07:52:58.334+0000] {logging_mixin.py:188} INFO - [2024-04-25T07:52:58.333+0000] {dagbag.py:538} INFO - Filling up the DagBag from /home/airflow/.local/lib/python3.8/site-packages/airflow/example_dags/example_complex.py
[2024-04-25T07:52:58.369+0000] {processor.py:840} INFO - DAG(s) 'example_complex' retrieved from /home/airflow/.local/lib/python3.8/site-packages/airflow/example_dags/example_complex.py
[2024-04-25T07:52:58.494+0000] {logging_mixin.py:188} INFO - [2024-04-25T07:52:58.493+0000] {dag.py:3036} INFO - Sync 1 DAGs
[2024-04-25T07:52:58.537+0000] {logging_mixin.py:188} INFO - [2024-04-25T07:52:58.536+0000] {dag.py:3823} INFO - Setting next_dagrun for example_complex to None, run_after=None
[2024-04-25T07:52:58.607+0000] {processor.py:183} INFO - Processing /home/airflow/.local/lib/python3.8/site-packages/airflow/example_dags/example_complex.py took 0.293 seconds
[2024-04-25T07:53:36.187+0000] {processor.py:161} INFO - Started process (PID=366) to work on /home/airflow/.local/lib/python3.8/site-packages/airflow/example_dags/example_complex.py
[2024-04-25T07:53:36.196+0000] {processor.py:830} INFO - Processing file /home/airflow/.local/lib/python3.8/site-packages/airflow/example_dags/example_complex.py for tasks to queue
[2024-04-25T07:53:36.211+0000] {logging_mixin.py:188} INFO - [2024-04-25T07:53:36.209+0000] {dagbag.py:538} INFO - Filling up the DagBag from /home/airflow/.local/lib/python3.8/site-packages/airflow/example_dags/example_complex.py
[2024-04-25T07:53:36.318+0000] {processor.py:840} INFO - DAG(s) 'example_complex' retrieved from /home/airflow/.local/lib/python3.8/site-packages/airflow/example_dags/example_complex.py
[2024-04-25T07:53:36.494+0000] {logging_mixin.py:188} INFO - [2024-04-25T07:53:36.493+0000] {dag.py:3036} INFO - Sync 1 DAGs
[2024-04-25T07:53:36.556+0000] {logging_mixin.py:188} INFO - [2024-04-25T07:53:36.555+0000] {dag.py:3823} INFO - Setting next_dagrun for example_complex to None, run_after=None
[2024-04-25T07:53:36.658+0000] {processor.py:183} INFO - Processing /home/airflow/.local/lib/python3.8/site-packages/airflow/example_dags/example_complex.py took 0.488 seconds
