[2024-04-25T05:58:57.485+0000] {processor.py:161} INFO - Started process (PID=89) to work on /home/airflow/.local/lib/python3.8/site-packages/airflow/example_dags/example_dag_decorator.py
[2024-04-25T05:58:57.494+0000] {processor.py:830} INFO - Processing file /home/airflow/.local/lib/python3.8/site-packages/airflow/example_dags/example_dag_decorator.py for tasks to queue
[2024-04-25T05:58:57.513+0000] {logging_mixin.py:188} INFO - [2024-04-25T05:58:57.509+0000] {dagbag.py:538} INFO - Filling up the DagBag from /home/airflow/.local/lib/python3.8/site-packages/airflow/example_dags/example_dag_decorator.py
[2024-04-25T05:58:59.585+0000] {processor.py:840} INFO - DAG(s) 'example_dag_decorator' retrieved from /home/airflow/.local/lib/python3.8/site-packages/airflow/example_dags/example_dag_decorator.py
[2024-04-25T05:59:00.253+0000] {logging_mixin.py:188} INFO - [2024-04-25T05:59:00.251+0000] {dag.py:3036} INFO - Sync 1 DAGs
[2024-04-25T05:59:00.591+0000] {logging_mixin.py:188} INFO - [2024-04-25T05:59:00.587+0000] {dag.py:3823} INFO - Setting next_dagrun for example_dag_decorator to None, run_after=None
[2024-04-25T05:59:00.839+0000] {processor.py:183} INFO - Processing /home/airflow/.local/lib/python3.8/site-packages/airflow/example_dags/example_dag_decorator.py took 3.400 seconds
[2024-04-25T05:59:33.120+0000] {processor.py:161} INFO - Started process (PID=154) to work on /home/airflow/.local/lib/python3.8/site-packages/airflow/example_dags/example_dag_decorator.py
[2024-04-25T05:59:33.130+0000] {processor.py:830} INFO - Processing file /home/airflow/.local/lib/python3.8/site-packages/airflow/example_dags/example_dag_decorator.py for tasks to queue
[2024-04-25T05:59:33.140+0000] {logging_mixin.py:188} INFO - [2024-04-25T05:59:33.139+0000] {dagbag.py:538} INFO - Filling up the DagBag from /home/airflow/.local/lib/python3.8/site-packages/airflow/example_dags/example_dag_decorator.py
[2024-04-25T05:59:34.111+0000] {processor.py:840} INFO - DAG(s) 'example_dag_decorator' retrieved from /home/airflow/.local/lib/python3.8/site-packages/airflow/example_dags/example_dag_decorator.py
[2024-04-25T05:59:35.480+0000] {logging_mixin.py:188} INFO - [2024-04-25T05:59:35.479+0000] {dag.py:3036} INFO - Sync 1 DAGs
[2024-04-25T05:59:35.542+0000] {logging_mixin.py:188} INFO - [2024-04-25T05:59:35.540+0000] {dag.py:3823} INFO - Setting next_dagrun for example_dag_decorator to None, run_after=None
[2024-04-25T05:59:35.699+0000] {processor.py:183} INFO - Processing /home/airflow/.local/lib/python3.8/site-packages/airflow/example_dags/example_dag_decorator.py took 2.598 seconds
[2024-04-25T06:00:28.671+0000] {processor.py:161} INFO - Started process (PID=200) to work on /home/airflow/.local/lib/python3.8/site-packages/airflow/example_dags/example_dag_decorator.py
[2024-04-25T06:00:28.682+0000] {processor.py:830} INFO - Processing file /home/airflow/.local/lib/python3.8/site-packages/airflow/example_dags/example_dag_decorator.py for tasks to queue
[2024-04-25T06:00:28.704+0000] {logging_mixin.py:188} INFO - [2024-04-25T06:00:28.700+0000] {dagbag.py:538} INFO - Filling up the DagBag from /home/airflow/.local/lib/python3.8/site-packages/airflow/example_dags/example_dag_decorator.py
[2024-04-25T06:00:30.116+0000] {processor.py:840} INFO - DAG(s) 'example_dag_decorator' retrieved from /home/airflow/.local/lib/python3.8/site-packages/airflow/example_dags/example_dag_decorator.py
[2024-04-25T06:00:31.804+0000] {logging_mixin.py:188} INFO - [2024-04-25T06:00:31.803+0000] {dag.py:3036} INFO - Sync 1 DAGs
[2024-04-25T06:00:32.333+0000] {logging_mixin.py:188} INFO - [2024-04-25T06:00:32.327+0000] {dag.py:3823} INFO - Setting next_dagrun for example_dag_decorator to None, run_after=None
[2024-04-25T06:00:32.730+0000] {processor.py:183} INFO - Processing /home/airflow/.local/lib/python3.8/site-packages/airflow/example_dags/example_dag_decorator.py took 4.075 seconds
[2024-04-25T06:01:07.795+0000] {processor.py:161} INFO - Started process (PID=265) to work on /home/airflow/.local/lib/python3.8/site-packages/airflow/example_dags/example_dag_decorator.py
[2024-04-25T06:01:07.801+0000] {processor.py:830} INFO - Processing file /home/airflow/.local/lib/python3.8/site-packages/airflow/example_dags/example_dag_decorator.py for tasks to queue
[2024-04-25T06:01:07.812+0000] {logging_mixin.py:188} INFO - [2024-04-25T06:01:07.811+0000] {dagbag.py:538} INFO - Filling up the DagBag from /home/airflow/.local/lib/python3.8/site-packages/airflow/example_dags/example_dag_decorator.py
[2024-04-25T06:01:09.184+0000] {processor.py:840} INFO - DAG(s) 'example_dag_decorator' retrieved from /home/airflow/.local/lib/python3.8/site-packages/airflow/example_dags/example_dag_decorator.py
[2024-04-25T06:01:11.010+0000] {logging_mixin.py:188} INFO - [2024-04-25T06:01:11.009+0000] {dag.py:3036} INFO - Sync 1 DAGs
[2024-04-25T06:01:11.055+0000] {logging_mixin.py:188} INFO - [2024-04-25T06:01:11.054+0000] {dag.py:3823} INFO - Setting next_dagrun for example_dag_decorator to None, run_after=None
[2024-04-25T06:01:11.135+0000] {processor.py:183} INFO - Processing /home/airflow/.local/lib/python3.8/site-packages/airflow/example_dags/example_dag_decorator.py took 3.362 seconds
[2024-04-25T06:01:50.814+0000] {processor.py:161} INFO - Started process (PID=325) to work on /home/airflow/.local/lib/python3.8/site-packages/airflow/example_dags/example_dag_decorator.py
[2024-04-25T06:01:50.821+0000] {processor.py:830} INFO - Processing file /home/airflow/.local/lib/python3.8/site-packages/airflow/example_dags/example_dag_decorator.py for tasks to queue
[2024-04-25T06:01:50.831+0000] {logging_mixin.py:188} INFO - [2024-04-25T06:01:50.829+0000] {dagbag.py:538} INFO - Filling up the DagBag from /home/airflow/.local/lib/python3.8/site-packages/airflow/example_dags/example_dag_decorator.py
[2024-04-25T06:01:51.604+0000] {processor.py:840} INFO - DAG(s) 'example_dag_decorator' retrieved from /home/airflow/.local/lib/python3.8/site-packages/airflow/example_dags/example_dag_decorator.py
[2024-04-25T06:01:54.698+0000] {logging_mixin.py:188} INFO - [2024-04-25T06:01:54.698+0000] {dag.py:3036} INFO - Sync 1 DAGs
[2024-04-25T06:01:54.768+0000] {logging_mixin.py:188} INFO - [2024-04-25T06:01:54.767+0000] {dag.py:3823} INFO - Setting next_dagrun for example_dag_decorator to None, run_after=None
[2024-04-25T06:01:54.852+0000] {processor.py:183} INFO - Processing /home/airflow/.local/lib/python3.8/site-packages/airflow/example_dags/example_dag_decorator.py took 4.068 seconds
[2024-04-25T06:02:26.018+0000] {processor.py:161} INFO - Started process (PID=389) to work on /home/airflow/.local/lib/python3.8/site-packages/airflow/example_dags/example_dag_decorator.py
[2024-04-25T06:02:26.023+0000] {processor.py:830} INFO - Processing file /home/airflow/.local/lib/python3.8/site-packages/airflow/example_dags/example_dag_decorator.py for tasks to queue
[2024-04-25T06:02:26.032+0000] {logging_mixin.py:188} INFO - [2024-04-25T06:02:26.031+0000] {dagbag.py:538} INFO - Filling up the DagBag from /home/airflow/.local/lib/python3.8/site-packages/airflow/example_dags/example_dag_decorator.py
[2024-04-25T06:02:26.640+0000] {processor.py:840} INFO - DAG(s) 'example_dag_decorator' retrieved from /home/airflow/.local/lib/python3.8/site-packages/airflow/example_dags/example_dag_decorator.py
[2024-04-25T06:02:26.964+0000] {logging_mixin.py:188} INFO - [2024-04-25T06:02:26.963+0000] {dag.py:3036} INFO - Sync 1 DAGs
[2024-04-25T06:02:26.992+0000] {logging_mixin.py:188} INFO - [2024-04-25T06:02:26.991+0000] {dag.py:3823} INFO - Setting next_dagrun for example_dag_decorator to None, run_after=None
[2024-04-25T06:02:27.045+0000] {processor.py:183} INFO - Processing /home/airflow/.local/lib/python3.8/site-packages/airflow/example_dags/example_dag_decorator.py took 1.038 seconds
[2024-04-25T06:03:01.500+0000] {processor.py:161} INFO - Started process (PID=446) to work on /home/airflow/.local/lib/python3.8/site-packages/airflow/example_dags/example_dag_decorator.py
[2024-04-25T06:03:01.506+0000] {processor.py:830} INFO - Processing file /home/airflow/.local/lib/python3.8/site-packages/airflow/example_dags/example_dag_decorator.py for tasks to queue
[2024-04-25T06:03:01.517+0000] {logging_mixin.py:188} INFO - [2024-04-25T06:03:01.515+0000] {dagbag.py:538} INFO - Filling up the DagBag from /home/airflow/.local/lib/python3.8/site-packages/airflow/example_dags/example_dag_decorator.py
[2024-04-25T06:03:02.823+0000] {processor.py:840} INFO - DAG(s) 'example_dag_decorator' retrieved from /home/airflow/.local/lib/python3.8/site-packages/airflow/example_dags/example_dag_decorator.py
[2024-04-25T06:03:04.732+0000] {logging_mixin.py:188} INFO - [2024-04-25T06:03:04.731+0000] {dag.py:3036} INFO - Sync 1 DAGs
[2024-04-25T06:03:05.061+0000] {logging_mixin.py:188} INFO - [2024-04-25T06:03:05.059+0000] {dag.py:3823} INFO - Setting next_dagrun for example_dag_decorator to None, run_after=None
[2024-04-25T06:03:05.384+0000] {processor.py:183} INFO - Processing /home/airflow/.local/lib/python3.8/site-packages/airflow/example_dags/example_dag_decorator.py took 3.908 seconds
[2024-04-25T06:03:35.985+0000] {processor.py:161} INFO - Started process (PID=507) to work on /home/airflow/.local/lib/python3.8/site-packages/airflow/example_dags/example_dag_decorator.py
[2024-04-25T06:03:35.991+0000] {processor.py:830} INFO - Processing file /home/airflow/.local/lib/python3.8/site-packages/airflow/example_dags/example_dag_decorator.py for tasks to queue
[2024-04-25T06:03:36.002+0000] {logging_mixin.py:188} INFO - [2024-04-25T06:03:36.000+0000] {dagbag.py:538} INFO - Filling up the DagBag from /home/airflow/.local/lib/python3.8/site-packages/airflow/example_dags/example_dag_decorator.py
[2024-04-25T06:03:36.518+0000] {processor.py:840} INFO - DAG(s) 'example_dag_decorator' retrieved from /home/airflow/.local/lib/python3.8/site-packages/airflow/example_dags/example_dag_decorator.py
[2024-04-25T06:03:38.111+0000] {logging_mixin.py:188} INFO - [2024-04-25T06:03:38.109+0000] {dag.py:3036} INFO - Sync 1 DAGs
[2024-04-25T06:03:38.191+0000] {logging_mixin.py:188} INFO - [2024-04-25T06:03:38.190+0000] {dag.py:3823} INFO - Setting next_dagrun for example_dag_decorator to None, run_after=None
[2024-04-25T06:03:38.323+0000] {processor.py:183} INFO - Processing /home/airflow/.local/lib/python3.8/site-packages/airflow/example_dags/example_dag_decorator.py took 2.355 seconds
[2024-04-25T06:04:08.690+0000] {processor.py:161} INFO - Started process (PID=567) to work on /home/airflow/.local/lib/python3.8/site-packages/airflow/example_dags/example_dag_decorator.py
[2024-04-25T06:04:08.692+0000] {processor.py:830} INFO - Processing file /home/airflow/.local/lib/python3.8/site-packages/airflow/example_dags/example_dag_decorator.py for tasks to queue
[2024-04-25T06:04:08.696+0000] {logging_mixin.py:188} INFO - [2024-04-25T06:04:08.696+0000] {dagbag.py:538} INFO - Filling up the DagBag from /home/airflow/.local/lib/python3.8/site-packages/airflow/example_dags/example_dag_decorator.py
[2024-04-25T06:04:08.856+0000] {processor.py:840} INFO - DAG(s) 'example_dag_decorator' retrieved from /home/airflow/.local/lib/python3.8/site-packages/airflow/example_dags/example_dag_decorator.py
[2024-04-25T06:04:09.058+0000] {logging_mixin.py:188} INFO - [2024-04-25T06:04:09.057+0000] {dag.py:3036} INFO - Sync 1 DAGs
[2024-04-25T06:04:09.085+0000] {logging_mixin.py:188} INFO - [2024-04-25T06:04:09.084+0000] {dag.py:3823} INFO - Setting next_dagrun for example_dag_decorator to None, run_after=None
[2024-04-25T06:04:09.139+0000] {processor.py:183} INFO - Processing /home/airflow/.local/lib/python3.8/site-packages/airflow/example_dags/example_dag_decorator.py took 0.458 seconds
[2024-04-25T06:04:39.935+0000] {processor.py:161} INFO - Started process (PID=627) to work on /home/airflow/.local/lib/python3.8/site-packages/airflow/example_dags/example_dag_decorator.py
[2024-04-25T06:04:39.939+0000] {processor.py:830} INFO - Processing file /home/airflow/.local/lib/python3.8/site-packages/airflow/example_dags/example_dag_decorator.py for tasks to queue
[2024-04-25T06:04:39.943+0000] {logging_mixin.py:188} INFO - [2024-04-25T06:04:39.942+0000] {dagbag.py:538} INFO - Filling up the DagBag from /home/airflow/.local/lib/python3.8/site-packages/airflow/example_dags/example_dag_decorator.py
[2024-04-25T06:04:40.098+0000] {processor.py:840} INFO - DAG(s) 'example_dag_decorator' retrieved from /home/airflow/.local/lib/python3.8/site-packages/airflow/example_dags/example_dag_decorator.py
[2024-04-25T06:04:40.273+0000] {logging_mixin.py:188} INFO - [2024-04-25T06:04:40.272+0000] {dag.py:3036} INFO - Sync 1 DAGs
[2024-04-25T06:04:40.288+0000] {logging_mixin.py:188} INFO - [2024-04-25T06:04:40.288+0000] {dag.py:3823} INFO - Setting next_dagrun for example_dag_decorator to None, run_after=None
[2024-04-25T06:04:40.320+0000] {processor.py:183} INFO - Processing /home/airflow/.local/lib/python3.8/site-packages/airflow/example_dags/example_dag_decorator.py took 0.391 seconds
[2024-04-25T06:05:10.483+0000] {processor.py:161} INFO - Started process (PID=693) to work on /home/airflow/.local/lib/python3.8/site-packages/airflow/example_dags/example_dag_decorator.py
[2024-04-25T06:05:10.486+0000] {processor.py:830} INFO - Processing file /home/airflow/.local/lib/python3.8/site-packages/airflow/example_dags/example_dag_decorator.py for tasks to queue
[2024-04-25T06:05:10.494+0000] {logging_mixin.py:188} INFO - [2024-04-25T06:05:10.492+0000] {dagbag.py:538} INFO - Filling up the DagBag from /home/airflow/.local/lib/python3.8/site-packages/airflow/example_dags/example_dag_decorator.py
[2024-04-25T06:05:10.822+0000] {processor.py:840} INFO - DAG(s) 'example_dag_decorator' retrieved from /home/airflow/.local/lib/python3.8/site-packages/airflow/example_dags/example_dag_decorator.py
[2024-04-25T06:05:10.991+0000] {logging_mixin.py:188} INFO - [2024-04-25T06:05:10.990+0000] {dag.py:3036} INFO - Sync 1 DAGs
[2024-04-25T06:05:11.011+0000] {logging_mixin.py:188} INFO - [2024-04-25T06:05:11.010+0000] {dag.py:3823} INFO - Setting next_dagrun for example_dag_decorator to None, run_after=None
[2024-04-25T06:05:11.054+0000] {processor.py:183} INFO - Processing /home/airflow/.local/lib/python3.8/site-packages/airflow/example_dags/example_dag_decorator.py took 0.579 seconds
[2024-04-25T06:05:41.097+0000] {processor.py:161} INFO - Started process (PID=754) to work on /home/airflow/.local/lib/python3.8/site-packages/airflow/example_dags/example_dag_decorator.py
[2024-04-25T06:05:41.099+0000] {processor.py:830} INFO - Processing file /home/airflow/.local/lib/python3.8/site-packages/airflow/example_dags/example_dag_decorator.py for tasks to queue
[2024-04-25T06:05:41.102+0000] {logging_mixin.py:188} INFO - [2024-04-25T06:05:41.102+0000] {dagbag.py:538} INFO - Filling up the DagBag from /home/airflow/.local/lib/python3.8/site-packages/airflow/example_dags/example_dag_decorator.py
[2024-04-25T06:05:41.216+0000] {processor.py:840} INFO - DAG(s) 'example_dag_decorator' retrieved from /home/airflow/.local/lib/python3.8/site-packages/airflow/example_dags/example_dag_decorator.py
[2024-04-25T06:05:41.354+0000] {logging_mixin.py:188} INFO - [2024-04-25T06:05:41.354+0000] {dag.py:3036} INFO - Sync 1 DAGs
[2024-04-25T06:05:41.370+0000] {logging_mixin.py:188} INFO - [2024-04-25T06:05:41.370+0000] {dag.py:3823} INFO - Setting next_dagrun for example_dag_decorator to None, run_after=None
[2024-04-25T06:05:41.400+0000] {processor.py:183} INFO - Processing /home/airflow/.local/lib/python3.8/site-packages/airflow/example_dags/example_dag_decorator.py took 0.308 seconds
[2024-04-25T06:06:11.497+0000] {processor.py:161} INFO - Started process (PID=813) to work on /home/airflow/.local/lib/python3.8/site-packages/airflow/example_dags/example_dag_decorator.py
[2024-04-25T06:06:11.499+0000] {processor.py:830} INFO - Processing file /home/airflow/.local/lib/python3.8/site-packages/airflow/example_dags/example_dag_decorator.py for tasks to queue
[2024-04-25T06:06:11.502+0000] {logging_mixin.py:188} INFO - [2024-04-25T06:06:11.501+0000] {dagbag.py:538} INFO - Filling up the DagBag from /home/airflow/.local/lib/python3.8/site-packages/airflow/example_dags/example_dag_decorator.py
[2024-04-25T06:06:11.613+0000] {processor.py:840} INFO - DAG(s) 'example_dag_decorator' retrieved from /home/airflow/.local/lib/python3.8/site-packages/airflow/example_dags/example_dag_decorator.py
[2024-04-25T06:06:11.649+0000] {logging_mixin.py:188} INFO - [2024-04-25T06:06:11.648+0000] {dag.py:3036} INFO - Sync 1 DAGs
[2024-04-25T06:06:11.667+0000] {logging_mixin.py:188} INFO - [2024-04-25T06:06:11.666+0000] {dag.py:3823} INFO - Setting next_dagrun for example_dag_decorator to None, run_after=None
[2024-04-25T06:06:11.695+0000] {processor.py:183} INFO - Processing /home/airflow/.local/lib/python3.8/site-packages/airflow/example_dags/example_dag_decorator.py took 0.202 seconds
[2024-04-25T06:06:41.951+0000] {processor.py:161} INFO - Started process (PID=868) to work on /home/airflow/.local/lib/python3.8/site-packages/airflow/example_dags/example_dag_decorator.py
[2024-04-25T06:06:41.954+0000] {processor.py:830} INFO - Processing file /home/airflow/.local/lib/python3.8/site-packages/airflow/example_dags/example_dag_decorator.py for tasks to queue
[2024-04-25T06:06:41.958+0000] {logging_mixin.py:188} INFO - [2024-04-25T06:06:41.957+0000] {dagbag.py:538} INFO - Filling up the DagBag from /home/airflow/.local/lib/python3.8/site-packages/airflow/example_dags/example_dag_decorator.py
[2024-04-25T06:06:42.701+0000] {processor.py:840} INFO - DAG(s) 'example_dag_decorator' retrieved from /home/airflow/.local/lib/python3.8/site-packages/airflow/example_dags/example_dag_decorator.py
[2024-04-25T06:06:43.839+0000] {logging_mixin.py:188} INFO - [2024-04-25T06:06:43.838+0000] {dag.py:3036} INFO - Sync 1 DAGs
[2024-04-25T06:06:43.954+0000] {logging_mixin.py:188} INFO - [2024-04-25T06:06:43.953+0000] {dag.py:3823} INFO - Setting next_dagrun for example_dag_decorator to None, run_after=None
[2024-04-25T06:06:44.086+0000] {processor.py:183} INFO - Processing /home/airflow/.local/lib/python3.8/site-packages/airflow/example_dags/example_dag_decorator.py took 2.144 seconds
[2024-04-25T06:07:14.406+0000] {processor.py:161} INFO - Started process (PID=929) to work on /home/airflow/.local/lib/python3.8/site-packages/airflow/example_dags/example_dag_decorator.py
[2024-04-25T06:07:14.413+0000] {processor.py:830} INFO - Processing file /home/airflow/.local/lib/python3.8/site-packages/airflow/example_dags/example_dag_decorator.py for tasks to queue
[2024-04-25T06:07:14.422+0000] {logging_mixin.py:188} INFO - [2024-04-25T06:07:14.421+0000] {dagbag.py:538} INFO - Filling up the DagBag from /home/airflow/.local/lib/python3.8/site-packages/airflow/example_dags/example_dag_decorator.py
[2024-04-25T06:07:15.045+0000] {processor.py:840} INFO - DAG(s) 'example_dag_decorator' retrieved from /home/airflow/.local/lib/python3.8/site-packages/airflow/example_dags/example_dag_decorator.py
[2024-04-25T06:07:15.120+0000] {logging_mixin.py:188} INFO - [2024-04-25T06:07:15.119+0000] {dag.py:3036} INFO - Sync 1 DAGs
[2024-04-25T06:07:15.161+0000] {logging_mixin.py:188} INFO - [2024-04-25T06:07:15.160+0000] {dag.py:3823} INFO - Setting next_dagrun for example_dag_decorator to None, run_after=None
[2024-04-25T06:07:15.231+0000] {processor.py:183} INFO - Processing /home/airflow/.local/lib/python3.8/site-packages/airflow/example_dags/example_dag_decorator.py took 0.838 seconds
[2024-04-25T06:07:45.433+0000] {processor.py:161} INFO - Started process (PID=989) to work on /home/airflow/.local/lib/python3.8/site-packages/airflow/example_dags/example_dag_decorator.py
[2024-04-25T06:07:45.439+0000] {processor.py:830} INFO - Processing file /home/airflow/.local/lib/python3.8/site-packages/airflow/example_dags/example_dag_decorator.py for tasks to queue
[2024-04-25T06:07:45.448+0000] {logging_mixin.py:188} INFO - [2024-04-25T06:07:45.446+0000] {dagbag.py:538} INFO - Filling up the DagBag from /home/airflow/.local/lib/python3.8/site-packages/airflow/example_dags/example_dag_decorator.py
[2024-04-25T06:07:45.731+0000] {processor.py:840} INFO - DAG(s) 'example_dag_decorator' retrieved from /home/airflow/.local/lib/python3.8/site-packages/airflow/example_dags/example_dag_decorator.py
[2024-04-25T06:07:45.836+0000] {logging_mixin.py:188} INFO - [2024-04-25T06:07:45.834+0000] {dag.py:3036} INFO - Sync 1 DAGs
[2024-04-25T06:07:45.917+0000] {logging_mixin.py:188} INFO - [2024-04-25T06:07:45.916+0000] {dag.py:3823} INFO - Setting next_dagrun for example_dag_decorator to None, run_after=None
[2024-04-25T06:07:45.978+0000] {processor.py:183} INFO - Processing /home/airflow/.local/lib/python3.8/site-packages/airflow/example_dags/example_dag_decorator.py took 0.559 seconds
[2024-04-25T06:08:16.128+0000] {processor.py:161} INFO - Started process (PID=1047) to work on /home/airflow/.local/lib/python3.8/site-packages/airflow/example_dags/example_dag_decorator.py
[2024-04-25T06:08:16.131+0000] {processor.py:830} INFO - Processing file /home/airflow/.local/lib/python3.8/site-packages/airflow/example_dags/example_dag_decorator.py for tasks to queue
[2024-04-25T06:08:16.135+0000] {logging_mixin.py:188} INFO - [2024-04-25T06:08:16.134+0000] {dagbag.py:538} INFO - Filling up the DagBag from /home/airflow/.local/lib/python3.8/site-packages/airflow/example_dags/example_dag_decorator.py
[2024-04-25T06:08:16.356+0000] {processor.py:840} INFO - DAG(s) 'example_dag_decorator' retrieved from /home/airflow/.local/lib/python3.8/site-packages/airflow/example_dags/example_dag_decorator.py
[2024-04-25T06:08:16.724+0000] {logging_mixin.py:188} INFO - [2024-04-25T06:08:16.723+0000] {dag.py:3036} INFO - Sync 1 DAGs
[2024-04-25T06:08:16.751+0000] {logging_mixin.py:188} INFO - [2024-04-25T06:08:16.751+0000] {dag.py:3823} INFO - Setting next_dagrun for example_dag_decorator to None, run_after=None
[2024-04-25T06:08:16.828+0000] {processor.py:183} INFO - Processing /home/airflow/.local/lib/python3.8/site-packages/airflow/example_dags/example_dag_decorator.py took 0.707 seconds
[2024-04-25T06:08:47.028+0000] {processor.py:161} INFO - Started process (PID=1108) to work on /home/airflow/.local/lib/python3.8/site-packages/airflow/example_dags/example_dag_decorator.py
[2024-04-25T06:08:47.032+0000] {processor.py:830} INFO - Processing file /home/airflow/.local/lib/python3.8/site-packages/airflow/example_dags/example_dag_decorator.py for tasks to queue
[2024-04-25T06:08:47.037+0000] {logging_mixin.py:188} INFO - [2024-04-25T06:08:47.036+0000] {dagbag.py:538} INFO - Filling up the DagBag from /home/airflow/.local/lib/python3.8/site-packages/airflow/example_dags/example_dag_decorator.py
[2024-04-25T06:08:47.228+0000] {processor.py:840} INFO - DAG(s) 'example_dag_decorator' retrieved from /home/airflow/.local/lib/python3.8/site-packages/airflow/example_dags/example_dag_decorator.py
[2024-04-25T06:08:47.478+0000] {logging_mixin.py:188} INFO - [2024-04-25T06:08:47.478+0000] {dag.py:3036} INFO - Sync 1 DAGs
[2024-04-25T06:08:47.497+0000] {logging_mixin.py:188} INFO - [2024-04-25T06:08:47.497+0000] {dag.py:3823} INFO - Setting next_dagrun for example_dag_decorator to None, run_after=None
[2024-04-25T06:08:47.536+0000] {processor.py:183} INFO - Processing /home/airflow/.local/lib/python3.8/site-packages/airflow/example_dags/example_dag_decorator.py took 0.516 seconds
[2024-04-25T06:09:18.331+0000] {processor.py:161} INFO - Started process (PID=1167) to work on /home/airflow/.local/lib/python3.8/site-packages/airflow/example_dags/example_dag_decorator.py
[2024-04-25T06:09:18.333+0000] {processor.py:830} INFO - Processing file /home/airflow/.local/lib/python3.8/site-packages/airflow/example_dags/example_dag_decorator.py for tasks to queue
[2024-04-25T06:09:18.337+0000] {logging_mixin.py:188} INFO - [2024-04-25T06:09:18.337+0000] {dagbag.py:538} INFO - Filling up the DagBag from /home/airflow/.local/lib/python3.8/site-packages/airflow/example_dags/example_dag_decorator.py
[2024-04-25T06:09:18.551+0000] {processor.py:840} INFO - DAG(s) 'example_dag_decorator' retrieved from /home/airflow/.local/lib/python3.8/site-packages/airflow/example_dags/example_dag_decorator.py
[2024-04-25T06:09:18.913+0000] {logging_mixin.py:188} INFO - [2024-04-25T06:09:18.912+0000] {dag.py:3036} INFO - Sync 1 DAGs
[2024-04-25T06:09:18.952+0000] {logging_mixin.py:188} INFO - [2024-04-25T06:09:18.951+0000] {dag.py:3823} INFO - Setting next_dagrun for example_dag_decorator to None, run_after=None
[2024-04-25T06:09:19.018+0000] {processor.py:183} INFO - Processing /home/airflow/.local/lib/python3.8/site-packages/airflow/example_dags/example_dag_decorator.py took 0.694 seconds
[2024-04-25T06:09:49.441+0000] {processor.py:161} INFO - Started process (PID=1228) to work on /home/airflow/.local/lib/python3.8/site-packages/airflow/example_dags/example_dag_decorator.py
[2024-04-25T06:09:49.448+0000] {processor.py:830} INFO - Processing file /home/airflow/.local/lib/python3.8/site-packages/airflow/example_dags/example_dag_decorator.py for tasks to queue
[2024-04-25T06:09:49.457+0000] {logging_mixin.py:188} INFO - [2024-04-25T06:09:49.455+0000] {dagbag.py:538} INFO - Filling up the DagBag from /home/airflow/.local/lib/python3.8/site-packages/airflow/example_dags/example_dag_decorator.py
[2024-04-25T06:09:49.760+0000] {processor.py:840} INFO - DAG(s) 'example_dag_decorator' retrieved from /home/airflow/.local/lib/python3.8/site-packages/airflow/example_dags/example_dag_decorator.py
[2024-04-25T06:09:50.140+0000] {logging_mixin.py:188} INFO - [2024-04-25T06:09:50.140+0000] {dag.py:3036} INFO - Sync 1 DAGs
[2024-04-25T06:09:50.193+0000] {logging_mixin.py:188} INFO - [2024-04-25T06:09:50.192+0000] {dag.py:3823} INFO - Setting next_dagrun for example_dag_decorator to None, run_after=None
[2024-04-25T06:09:50.307+0000] {processor.py:183} INFO - Processing /home/airflow/.local/lib/python3.8/site-packages/airflow/example_dags/example_dag_decorator.py took 0.877 seconds
[2024-04-25T06:10:20.877+0000] {processor.py:161} INFO - Started process (PID=1289) to work on /home/airflow/.local/lib/python3.8/site-packages/airflow/example_dags/example_dag_decorator.py
[2024-04-25T06:10:20.883+0000] {processor.py:830} INFO - Processing file /home/airflow/.local/lib/python3.8/site-packages/airflow/example_dags/example_dag_decorator.py for tasks to queue
[2024-04-25T06:10:20.894+0000] {logging_mixin.py:188} INFO - [2024-04-25T06:10:20.892+0000] {dagbag.py:538} INFO - Filling up the DagBag from /home/airflow/.local/lib/python3.8/site-packages/airflow/example_dags/example_dag_decorator.py
[2024-04-25T06:10:21.303+0000] {processor.py:840} INFO - DAG(s) 'example_dag_decorator' retrieved from /home/airflow/.local/lib/python3.8/site-packages/airflow/example_dags/example_dag_decorator.py
[2024-04-25T06:10:21.735+0000] {logging_mixin.py:188} INFO - [2024-04-25T06:10:21.733+0000] {dag.py:3036} INFO - Sync 1 DAGs
[2024-04-25T06:10:21.784+0000] {logging_mixin.py:188} INFO - [2024-04-25T06:10:21.783+0000] {dag.py:3823} INFO - Setting next_dagrun for example_dag_decorator to None, run_after=None
[2024-04-25T06:10:22.171+0000] {processor.py:183} INFO - Processing /home/airflow/.local/lib/python3.8/site-packages/airflow/example_dags/example_dag_decorator.py took 1.318 seconds
[2024-04-25T06:52:26.377+0000] {processor.py:161} INFO - Started process (PID=102) to work on /home/airflow/.local/lib/python3.8/site-packages/airflow/example_dags/example_dag_decorator.py
[2024-04-25T06:52:26.413+0000] {processor.py:830} INFO - Processing file /home/airflow/.local/lib/python3.8/site-packages/airflow/example_dags/example_dag_decorator.py for tasks to queue
[2024-04-25T06:52:26.426+0000] {logging_mixin.py:188} INFO - [2024-04-25T06:52:26.424+0000] {dagbag.py:538} INFO - Filling up the DagBag from /home/airflow/.local/lib/python3.8/site-packages/airflow/example_dags/example_dag_decorator.py
[2024-04-25T06:52:31.219+0000] {processor.py:840} INFO - DAG(s) 'example_dag_decorator' retrieved from /home/airflow/.local/lib/python3.8/site-packages/airflow/example_dags/example_dag_decorator.py
[2024-04-25T06:52:36.660+0000] {logging_mixin.py:188} INFO - [2024-04-25T06:52:36.449+0000] {dag.py:3036} INFO - Sync 1 DAGs
[2024-04-25T06:52:37.986+0000] {logging_mixin.py:188} INFO - [2024-04-25T06:52:37.967+0000] {dag.py:3823} INFO - Setting next_dagrun for example_dag_decorator to None, run_after=None
[2024-04-25T06:52:40.524+0000] {processor.py:183} INFO - Processing /home/airflow/.local/lib/python3.8/site-packages/airflow/example_dags/example_dag_decorator.py took 14.384 seconds
[2024-04-25T06:53:32.005+0000] {processor.py:161} INFO - Started process (PID=178) to work on /home/airflow/.local/lib/python3.8/site-packages/airflow/example_dags/example_dag_decorator.py
[2024-04-25T06:53:32.065+0000] {processor.py:830} INFO - Processing file /home/airflow/.local/lib/python3.8/site-packages/airflow/example_dags/example_dag_decorator.py for tasks to queue
[2024-04-25T06:53:32.081+0000] {logging_mixin.py:188} INFO - [2024-04-25T06:53:32.077+0000] {dagbag.py:538} INFO - Filling up the DagBag from /home/airflow/.local/lib/python3.8/site-packages/airflow/example_dags/example_dag_decorator.py
[2024-04-25T06:53:32.797+0000] {processor.py:840} INFO - DAG(s) 'example_dag_decorator' retrieved from /home/airflow/.local/lib/python3.8/site-packages/airflow/example_dags/example_dag_decorator.py
[2024-04-25T06:53:33.851+0000] {logging_mixin.py:188} INFO - [2024-04-25T06:53:33.816+0000] {dag.py:3036} INFO - Sync 1 DAGs
[2024-04-25T06:53:34.155+0000] {logging_mixin.py:188} INFO - [2024-04-25T06:53:34.154+0000] {dag.py:3823} INFO - Setting next_dagrun for example_dag_decorator to None, run_after=None
[2024-04-25T06:53:34.687+0000] {processor.py:183} INFO - Processing /home/airflow/.local/lib/python3.8/site-packages/airflow/example_dags/example_dag_decorator.py took 2.700 seconds
[2024-04-25T06:54:10.237+0000] {processor.py:161} INFO - Started process (PID=254) to work on /home/airflow/.local/lib/python3.8/site-packages/airflow/example_dags/example_dag_decorator.py
[2024-04-25T06:54:10.244+0000] {processor.py:830} INFO - Processing file /home/airflow/.local/lib/python3.8/site-packages/airflow/example_dags/example_dag_decorator.py for tasks to queue
[2024-04-25T06:54:10.254+0000] {logging_mixin.py:188} INFO - [2024-04-25T06:54:10.253+0000] {dagbag.py:538} INFO - Filling up the DagBag from /home/airflow/.local/lib/python3.8/site-packages/airflow/example_dags/example_dag_decorator.py
[2024-04-25T06:54:10.742+0000] {processor.py:840} INFO - DAG(s) 'example_dag_decorator' retrieved from /home/airflow/.local/lib/python3.8/site-packages/airflow/example_dags/example_dag_decorator.py
[2024-04-25T06:54:11.390+0000] {logging_mixin.py:188} INFO - [2024-04-25T06:54:11.390+0000] {dag.py:3036} INFO - Sync 1 DAGs
[2024-04-25T06:54:11.454+0000] {logging_mixin.py:188} INFO - [2024-04-25T06:54:11.450+0000] {dag.py:3823} INFO - Setting next_dagrun for example_dag_decorator to None, run_after=None
[2024-04-25T06:54:11.574+0000] {processor.py:183} INFO - Processing /home/airflow/.local/lib/python3.8/site-packages/airflow/example_dags/example_dag_decorator.py took 1.347 seconds
[2024-04-25T06:54:44.646+0000] {processor.py:161} INFO - Started process (PID=324) to work on /home/airflow/.local/lib/python3.8/site-packages/airflow/example_dags/example_dag_decorator.py
[2024-04-25T06:54:44.661+0000] {processor.py:830} INFO - Processing file /home/airflow/.local/lib/python3.8/site-packages/airflow/example_dags/example_dag_decorator.py for tasks to queue
[2024-04-25T06:54:44.676+0000] {logging_mixin.py:188} INFO - [2024-04-25T06:54:44.674+0000] {dagbag.py:538} INFO - Filling up the DagBag from /home/airflow/.local/lib/python3.8/site-packages/airflow/example_dags/example_dag_decorator.py
[2024-04-25T06:54:47.105+0000] {processor.py:840} INFO - DAG(s) 'example_dag_decorator' retrieved from /home/airflow/.local/lib/python3.8/site-packages/airflow/example_dags/example_dag_decorator.py
[2024-04-25T06:54:48.228+0000] {logging_mixin.py:188} INFO - [2024-04-25T06:54:48.227+0000] {dag.py:3036} INFO - Sync 1 DAGs
[2024-04-25T06:54:48.287+0000] {logging_mixin.py:188} INFO - [2024-04-25T06:54:48.286+0000] {dag.py:3823} INFO - Setting next_dagrun for example_dag_decorator to None, run_after=None
[2024-04-25T06:54:49.332+0000] {processor.py:183} INFO - Processing /home/airflow/.local/lib/python3.8/site-packages/airflow/example_dags/example_dag_decorator.py took 4.702 seconds
[2024-04-25T06:55:22.724+0000] {processor.py:161} INFO - Started process (PID=393) to work on /home/airflow/.local/lib/python3.8/site-packages/airflow/example_dags/example_dag_decorator.py
[2024-04-25T06:55:22.736+0000] {processor.py:830} INFO - Processing file /home/airflow/.local/lib/python3.8/site-packages/airflow/example_dags/example_dag_decorator.py for tasks to queue
[2024-04-25T06:55:22.746+0000] {logging_mixin.py:188} INFO - [2024-04-25T06:55:22.745+0000] {dagbag.py:538} INFO - Filling up the DagBag from /home/airflow/.local/lib/python3.8/site-packages/airflow/example_dags/example_dag_decorator.py
[2024-04-25T06:55:23.441+0000] {processor.py:840} INFO - DAG(s) 'example_dag_decorator' retrieved from /home/airflow/.local/lib/python3.8/site-packages/airflow/example_dags/example_dag_decorator.py
[2024-04-25T06:55:24.073+0000] {logging_mixin.py:188} INFO - [2024-04-25T06:55:24.073+0000] {dag.py:3036} INFO - Sync 1 DAGs
[2024-04-25T06:55:24.143+0000] {logging_mixin.py:188} INFO - [2024-04-25T06:55:24.142+0000] {dag.py:3823} INFO - Setting next_dagrun for example_dag_decorator to None, run_after=None
[2024-04-25T06:55:24.281+0000] {processor.py:183} INFO - Processing /home/airflow/.local/lib/python3.8/site-packages/airflow/example_dags/example_dag_decorator.py took 1.572 seconds
[2024-04-25T06:55:58.713+0000] {processor.py:161} INFO - Started process (PID=463) to work on /home/airflow/.local/lib/python3.8/site-packages/airflow/example_dags/example_dag_decorator.py
[2024-04-25T06:55:58.720+0000] {processor.py:830} INFO - Processing file /home/airflow/.local/lib/python3.8/site-packages/airflow/example_dags/example_dag_decorator.py for tasks to queue
[2024-04-25T06:55:58.765+0000] {logging_mixin.py:188} INFO - [2024-04-25T06:55:58.763+0000] {dagbag.py:538} INFO - Filling up the DagBag from /home/airflow/.local/lib/python3.8/site-packages/airflow/example_dags/example_dag_decorator.py
[2024-04-25T06:55:59.268+0000] {processor.py:840} INFO - DAG(s) 'example_dag_decorator' retrieved from /home/airflow/.local/lib/python3.8/site-packages/airflow/example_dags/example_dag_decorator.py
[2024-04-25T06:56:01.845+0000] {logging_mixin.py:188} INFO - [2024-04-25T06:56:01.844+0000] {dag.py:3036} INFO - Sync 1 DAGs
[2024-04-25T06:56:01.884+0000] {logging_mixin.py:188} INFO - [2024-04-25T06:56:01.883+0000] {dag.py:3823} INFO - Setting next_dagrun for example_dag_decorator to None, run_after=None
[2024-04-25T06:56:02.137+0000] {processor.py:183} INFO - Processing /home/airflow/.local/lib/python3.8/site-packages/airflow/example_dags/example_dag_decorator.py took 3.443 seconds
[2024-04-25T06:56:35.976+0000] {processor.py:161} INFO - Started process (PID=533) to work on /home/airflow/.local/lib/python3.8/site-packages/airflow/example_dags/example_dag_decorator.py
[2024-04-25T06:56:35.983+0000] {processor.py:830} INFO - Processing file /home/airflow/.local/lib/python3.8/site-packages/airflow/example_dags/example_dag_decorator.py for tasks to queue
[2024-04-25T06:56:35.998+0000] {logging_mixin.py:188} INFO - [2024-04-25T06:56:35.996+0000] {dagbag.py:538} INFO - Filling up the DagBag from /home/airflow/.local/lib/python3.8/site-packages/airflow/example_dags/example_dag_decorator.py
[2024-04-25T06:56:38.512+0000] {processor.py:840} INFO - DAG(s) 'example_dag_decorator' retrieved from /home/airflow/.local/lib/python3.8/site-packages/airflow/example_dags/example_dag_decorator.py
[2024-04-25T06:56:39.799+0000] {logging_mixin.py:188} INFO - [2024-04-25T06:56:39.798+0000] {dag.py:3036} INFO - Sync 1 DAGs
[2024-04-25T06:56:39.863+0000] {logging_mixin.py:188} INFO - [2024-04-25T06:56:39.862+0000] {dag.py:3823} INFO - Setting next_dagrun for example_dag_decorator to None, run_after=None
[2024-04-25T06:56:39.955+0000] {processor.py:183} INFO - Processing /home/airflow/.local/lib/python3.8/site-packages/airflow/example_dags/example_dag_decorator.py took 3.993 seconds
[2024-04-25T06:57:36.359+0000] {processor.py:161} INFO - Started process (PID=611) to work on /home/airflow/.local/lib/python3.8/site-packages/airflow/example_dags/example_dag_decorator.py
[2024-04-25T06:57:36.396+0000] {processor.py:830} INFO - Processing file /home/airflow/.local/lib/python3.8/site-packages/airflow/example_dags/example_dag_decorator.py for tasks to queue
[2024-04-25T06:57:36.409+0000] {logging_mixin.py:188} INFO - [2024-04-25T06:57:36.407+0000] {dagbag.py:538} INFO - Filling up the DagBag from /home/airflow/.local/lib/python3.8/site-packages/airflow/example_dags/example_dag_decorator.py
[2024-04-25T06:57:38.351+0000] {processor.py:840} INFO - DAG(s) 'example_dag_decorator' retrieved from /home/airflow/.local/lib/python3.8/site-packages/airflow/example_dags/example_dag_decorator.py
[2024-04-25T06:57:41.064+0000] {logging_mixin.py:188} INFO - [2024-04-25T06:57:41.063+0000] {dag.py:3036} INFO - Sync 1 DAGs
[2024-04-25T06:57:41.143+0000] {logging_mixin.py:188} INFO - [2024-04-25T06:57:41.142+0000] {dag.py:3823} INFO - Setting next_dagrun for example_dag_decorator to None, run_after=None
[2024-04-25T06:57:41.351+0000] {processor.py:183} INFO - Processing /home/airflow/.local/lib/python3.8/site-packages/airflow/example_dags/example_dag_decorator.py took 5.012 seconds
[2024-04-25T07:04:09.408+0000] {processor.py:161} INFO - Started process (PID=746) to work on /home/airflow/.local/lib/python3.8/site-packages/airflow/example_dags/example_dag_decorator.py
[2024-04-25T07:04:10.570+0000] {processor.py:830} INFO - Processing file /home/airflow/.local/lib/python3.8/site-packages/airflow/example_dags/example_dag_decorator.py for tasks to queue
[2024-04-25T07:04:10.922+0000] {logging_mixin.py:188} INFO - [2024-04-25T07:04:10.615+0000] {dagbag.py:538} INFO - Filling up the DagBag from /home/airflow/.local/lib/python3.8/site-packages/airflow/example_dags/example_dag_decorator.py
[2024-04-25T07:04:41.259+0000] {logging_mixin.py:188} INFO - [2024-04-25T07:04:41.101+0000] {timeout.py:68} ERROR - Process timed out, PID: 746
[2024-04-25T07:04:41.802+0000] {logging_mixin.py:188} INFO - [2024-04-25T07:04:41.423+0000] {dagbag.py:348} ERROR - Failed to import: /home/airflow/.local/lib/python3.8/site-packages/airflow/example_dags/example_dag_decorator.py
Traceback (most recent call last):
  File "/home/airflow/.local/lib/python3.8/site-packages/airflow/models/dagbag.py", line 344, in parse
    loader.exec_module(new_module)
  File "<frozen importlib._bootstrap_external>", line 843, in exec_module
  File "<frozen importlib._bootstrap>", line 219, in _call_with_frames_removed
  File "/home/airflow/.local/lib/python3.8/site-packages/airflow/example_dags/example_dag_decorator.py", line 33, in <module>
    class GetRequestOperator(BaseOperator):
  File "/home/airflow/.local/lib/python3.8/site-packages/airflow/models/baseoperator.py", line 457, in __new__
    new_cls = super().__new__(cls, name, bases, namespace, **kwargs)
  File "/usr/local/lib/python3.8/abc.py", line 85, in __new__
    cls = super().__new__(mcls, name, bases, namespace, **kwargs)
  File "/home/airflow/.local/lib/python3.8/site-packages/airflow/utils/timeout.py", line 69, in handle_timeout
    raise AirflowTaskTimeout(self.error_message)
airflow.exceptions.AirflowTaskTimeout: DagBag import timeout for /home/airflow/.local/lib/python3.8/site-packages/airflow/example_dags/example_dag_decorator.py after 30.0s.
Please take a look at these docs to improve your DAG import time:
* https://airflow.apache.org/docs/apache-airflow/2.8.1/best-practices.html#top-level-python-code
* https://airflow.apache.org/docs/apache-airflow/2.8.1/best-practices.html#reducing-dag-complexity, PID: 746
[2024-04-25T07:04:41.965+0000] {processor.py:842} WARNING - No viable dags retrieved from /home/airflow/.local/lib/python3.8/site-packages/airflow/example_dags/example_dag_decorator.py
[2024-04-25T07:04:48.570+0000] {processor.py:183} INFO - Processing /home/airflow/.local/lib/python3.8/site-packages/airflow/example_dags/example_dag_decorator.py took 40.591 seconds
[2024-04-25T07:51:06.461+0000] {processor.py:161} INFO - Started process (PID=67) to work on /home/airflow/.local/lib/python3.8/site-packages/airflow/example_dags/example_dag_decorator.py
[2024-04-25T07:51:06.471+0000] {processor.py:830} INFO - Processing file /home/airflow/.local/lib/python3.8/site-packages/airflow/example_dags/example_dag_decorator.py for tasks to queue
[2024-04-25T07:51:06.478+0000] {logging_mixin.py:188} INFO - [2024-04-25T07:51:06.477+0000] {dagbag.py:538} INFO - Filling up the DagBag from /home/airflow/.local/lib/python3.8/site-packages/airflow/example_dags/example_dag_decorator.py
[2024-04-25T07:51:07.211+0000] {processor.py:840} INFO - DAG(s) 'example_dag_decorator' retrieved from /home/airflow/.local/lib/python3.8/site-packages/airflow/example_dags/example_dag_decorator.py
[2024-04-25T07:51:08.412+0000] {logging_mixin.py:188} INFO - [2024-04-25T07:51:08.410+0000] {dag.py:3036} INFO - Sync 1 DAGs
[2024-04-25T07:51:08.501+0000] {logging_mixin.py:188} INFO - [2024-04-25T07:51:08.500+0000] {dag.py:3823} INFO - Setting next_dagrun for example_dag_decorator to None, run_after=None
[2024-04-25T07:51:08.628+0000] {processor.py:183} INFO - Processing /home/airflow/.local/lib/python3.8/site-packages/airflow/example_dags/example_dag_decorator.py took 2.181 seconds
[2024-04-25T07:51:39.954+0000] {processor.py:161} INFO - Started process (PID=137) to work on /home/airflow/.local/lib/python3.8/site-packages/airflow/example_dags/example_dag_decorator.py
[2024-04-25T07:51:39.963+0000] {processor.py:830} INFO - Processing file /home/airflow/.local/lib/python3.8/site-packages/airflow/example_dags/example_dag_decorator.py for tasks to queue
[2024-04-25T07:51:39.974+0000] {logging_mixin.py:188} INFO - [2024-04-25T07:51:39.973+0000] {dagbag.py:538} INFO - Filling up the DagBag from /home/airflow/.local/lib/python3.8/site-packages/airflow/example_dags/example_dag_decorator.py
[2024-04-25T07:51:40.508+0000] {processor.py:840} INFO - DAG(s) 'example_dag_decorator' retrieved from /home/airflow/.local/lib/python3.8/site-packages/airflow/example_dags/example_dag_decorator.py
[2024-04-25T07:51:41.875+0000] {logging_mixin.py:188} INFO - [2024-04-25T07:51:41.872+0000] {dag.py:3036} INFO - Sync 1 DAGs
[2024-04-25T07:51:42.011+0000] {logging_mixin.py:188} INFO - [2024-04-25T07:51:42.010+0000] {dag.py:3823} INFO - Setting next_dagrun for example_dag_decorator to None, run_after=None
[2024-04-25T07:51:42.197+0000] {processor.py:183} INFO - Processing /home/airflow/.local/lib/python3.8/site-packages/airflow/example_dags/example_dag_decorator.py took 2.401 seconds
[2024-04-25T07:52:20.304+0000] {processor.py:161} INFO - Started process (PID=207) to work on /home/airflow/.local/lib/python3.8/site-packages/airflow/example_dags/example_dag_decorator.py
[2024-04-25T07:52:20.312+0000] {processor.py:830} INFO - Processing file /home/airflow/.local/lib/python3.8/site-packages/airflow/example_dags/example_dag_decorator.py for tasks to queue
[2024-04-25T07:52:20.321+0000] {logging_mixin.py:188} INFO - [2024-04-25T07:52:20.320+0000] {dagbag.py:538} INFO - Filling up the DagBag from /home/airflow/.local/lib/python3.8/site-packages/airflow/example_dags/example_dag_decorator.py
[2024-04-25T07:52:20.913+0000] {processor.py:840} INFO - DAG(s) 'example_dag_decorator' retrieved from /home/airflow/.local/lib/python3.8/site-packages/airflow/example_dags/example_dag_decorator.py
[2024-04-25T07:52:21.623+0000] {logging_mixin.py:188} INFO - [2024-04-25T07:52:21.622+0000] {dag.py:3036} INFO - Sync 1 DAGs
[2024-04-25T07:52:21.855+0000] {logging_mixin.py:188} INFO - [2024-04-25T07:52:21.854+0000] {dag.py:3823} INFO - Setting next_dagrun for example_dag_decorator to None, run_after=None
[2024-04-25T07:52:22.141+0000] {processor.py:183} INFO - Processing /home/airflow/.local/lib/python3.8/site-packages/airflow/example_dags/example_dag_decorator.py took 1.858 seconds
[2024-04-25T07:52:52.899+0000] {processor.py:161} INFO - Started process (PID=277) to work on /home/airflow/.local/lib/python3.8/site-packages/airflow/example_dags/example_dag_decorator.py
[2024-04-25T07:52:52.904+0000] {processor.py:830} INFO - Processing file /home/airflow/.local/lib/python3.8/site-packages/airflow/example_dags/example_dag_decorator.py for tasks to queue
[2024-04-25T07:52:52.913+0000] {logging_mixin.py:188} INFO - [2024-04-25T07:52:52.912+0000] {dagbag.py:538} INFO - Filling up the DagBag from /home/airflow/.local/lib/python3.8/site-packages/airflow/example_dags/example_dag_decorator.py
[2024-04-25T07:52:53.340+0000] {processor.py:840} INFO - DAG(s) 'example_dag_decorator' retrieved from /home/airflow/.local/lib/python3.8/site-packages/airflow/example_dags/example_dag_decorator.py
[2024-04-25T07:52:53.918+0000] {logging_mixin.py:188} INFO - [2024-04-25T07:52:53.917+0000] {dag.py:3036} INFO - Sync 1 DAGs
[2024-04-25T07:52:53.960+0000] {logging_mixin.py:188} INFO - [2024-04-25T07:52:53.960+0000] {dag.py:3823} INFO - Setting next_dagrun for example_dag_decorator to None, run_after=None
[2024-04-25T07:52:54.026+0000] {processor.py:183} INFO - Processing /home/airflow/.local/lib/python3.8/site-packages/airflow/example_dags/example_dag_decorator.py took 1.142 seconds
[2024-04-25T07:53:30.874+0000] {processor.py:161} INFO - Started process (PID=353) to work on /home/airflow/.local/lib/python3.8/site-packages/airflow/example_dags/example_dag_decorator.py
[2024-04-25T07:53:30.880+0000] {processor.py:830} INFO - Processing file /home/airflow/.local/lib/python3.8/site-packages/airflow/example_dags/example_dag_decorator.py for tasks to queue
[2024-04-25T07:53:30.887+0000] {logging_mixin.py:188} INFO - [2024-04-25T07:53:30.886+0000] {dagbag.py:538} INFO - Filling up the DagBag from /home/airflow/.local/lib/python3.8/site-packages/airflow/example_dags/example_dag_decorator.py
[2024-04-25T07:53:31.241+0000] {processor.py:840} INFO - DAG(s) 'example_dag_decorator' retrieved from /home/airflow/.local/lib/python3.8/site-packages/airflow/example_dags/example_dag_decorator.py
[2024-04-25T07:53:32.654+0000] {logging_mixin.py:188} INFO - [2024-04-25T07:53:32.653+0000] {dag.py:3036} INFO - Sync 1 DAGs
[2024-04-25T07:53:32.685+0000] {logging_mixin.py:188} INFO - [2024-04-25T07:53:32.684+0000] {dag.py:3823} INFO - Setting next_dagrun for example_dag_decorator to None, run_after=None
[2024-04-25T07:53:32.760+0000] {processor.py:183} INFO - Processing /home/airflow/.local/lib/python3.8/site-packages/airflow/example_dags/example_dag_decorator.py took 1.899 seconds
