[2024-04-25T05:58:53.808+0000] {processor.py:161} INFO - Started process (PID=87) to work on /home/airflow/.local/lib/python3.8/site-packages/airflow/example_dags/example_time_delta_sensor_async.py
[2024-04-25T05:58:53.813+0000] {processor.py:830} INFO - Processing file /home/airflow/.local/lib/python3.8/site-packages/airflow/example_dags/example_time_delta_sensor_async.py for tasks to queue
[2024-04-25T05:58:53.829+0000] {logging_mixin.py:188} INFO - [2024-04-25T05:58:53.827+0000] {dagbag.py:538} INFO - Filling up the DagBag from /home/airflow/.local/lib/python3.8/site-packages/airflow/example_dags/example_time_delta_sensor_async.py
[2024-04-25T05:58:53.882+0000] {processor.py:840} INFO - DAG(s) 'example_time_delta_sensor_async' retrieved from /home/airflow/.local/lib/python3.8/site-packages/airflow/example_dags/example_time_delta_sensor_async.py
[2024-04-25T05:58:55.531+0000] {logging_mixin.py:188} INFO - [2024-04-25T05:58:55.529+0000] {dag.py:3036} INFO - Sync 1 DAGs
[2024-04-25T05:58:56.220+0000] {logging_mixin.py:188} INFO - [2024-04-25T05:58:56.216+0000] {dag.py:3823} INFO - Setting next_dagrun for example_time_delta_sensor_async to None, run_after=None
[2024-04-25T05:58:56.626+0000] {processor.py:183} INFO - Processing /home/airflow/.local/lib/python3.8/site-packages/airflow/example_dags/example_time_delta_sensor_async.py took 2.838 seconds
[2024-04-25T05:59:32.346+0000] {processor.py:161} INFO - Started process (PID=152) to work on /home/airflow/.local/lib/python3.8/site-packages/airflow/example_dags/example_time_delta_sensor_async.py
[2024-04-25T05:59:32.357+0000] {processor.py:830} INFO - Processing file /home/airflow/.local/lib/python3.8/site-packages/airflow/example_dags/example_time_delta_sensor_async.py for tasks to queue
[2024-04-25T05:59:32.371+0000] {logging_mixin.py:188} INFO - [2024-04-25T05:59:32.369+0000] {dagbag.py:538} INFO - Filling up the DagBag from /home/airflow/.local/lib/python3.8/site-packages/airflow/example_dags/example_time_delta_sensor_async.py
[2024-04-25T05:59:32.457+0000] {processor.py:840} INFO - DAG(s) 'example_time_delta_sensor_async' retrieved from /home/airflow/.local/lib/python3.8/site-packages/airflow/example_dags/example_time_delta_sensor_async.py
[2024-04-25T05:59:32.616+0000] {logging_mixin.py:188} INFO - [2024-04-25T05:59:32.615+0000] {dag.py:3036} INFO - Sync 1 DAGs
[2024-04-25T05:59:32.740+0000] {logging_mixin.py:188} INFO - [2024-04-25T05:59:32.723+0000] {dag.py:3823} INFO - Setting next_dagrun for example_time_delta_sensor_async to None, run_after=None
[2024-04-25T05:59:32.953+0000] {processor.py:183} INFO - Processing /home/airflow/.local/lib/python3.8/site-packages/airflow/example_dags/example_time_delta_sensor_async.py took 0.624 seconds
[2024-04-25T06:00:26.394+0000] {processor.py:161} INFO - Started process (PID=198) to work on /home/airflow/.local/lib/python3.8/site-packages/airflow/example_dags/example_time_delta_sensor_async.py
[2024-04-25T06:00:26.542+0000] {processor.py:830} INFO - Processing file /home/airflow/.local/lib/python3.8/site-packages/airflow/example_dags/example_time_delta_sensor_async.py for tasks to queue
[2024-04-25T06:00:26.565+0000] {logging_mixin.py:188} INFO - [2024-04-25T06:00:26.563+0000] {dagbag.py:538} INFO - Filling up the DagBag from /home/airflow/.local/lib/python3.8/site-packages/airflow/example_dags/example_time_delta_sensor_async.py
[2024-04-25T06:00:26.605+0000] {processor.py:840} INFO - DAG(s) 'example_time_delta_sensor_async' retrieved from /home/airflow/.local/lib/python3.8/site-packages/airflow/example_dags/example_time_delta_sensor_async.py
[2024-04-25T06:00:27.431+0000] {logging_mixin.py:188} INFO - [2024-04-25T06:00:27.429+0000] {dag.py:3036} INFO - Sync 1 DAGs
[2024-04-25T06:00:27.755+0000] {logging_mixin.py:188} INFO - [2024-04-25T06:00:27.754+0000] {dag.py:3823} INFO - Setting next_dagrun for example_time_delta_sensor_async to None, run_after=None
[2024-04-25T06:00:28.468+0000] {processor.py:183} INFO - Processing /home/airflow/.local/lib/python3.8/site-packages/airflow/example_dags/example_time_delta_sensor_async.py took 2.927 seconds
[2024-04-25T06:01:07.339+0000] {processor.py:161} INFO - Started process (PID=263) to work on /home/airflow/.local/lib/python3.8/site-packages/airflow/example_dags/example_time_delta_sensor_async.py
[2024-04-25T06:01:07.345+0000] {processor.py:830} INFO - Processing file /home/airflow/.local/lib/python3.8/site-packages/airflow/example_dags/example_time_delta_sensor_async.py for tasks to queue
[2024-04-25T06:01:07.353+0000] {logging_mixin.py:188} INFO - [2024-04-25T06:01:07.352+0000] {dagbag.py:538} INFO - Filling up the DagBag from /home/airflow/.local/lib/python3.8/site-packages/airflow/example_dags/example_time_delta_sensor_async.py
[2024-04-25T06:01:07.376+0000] {processor.py:840} INFO - DAG(s) 'example_time_delta_sensor_async' retrieved from /home/airflow/.local/lib/python3.8/site-packages/airflow/example_dags/example_time_delta_sensor_async.py
[2024-04-25T06:01:07.474+0000] {logging_mixin.py:188} INFO - [2024-04-25T06:01:07.472+0000] {dag.py:3036} INFO - Sync 1 DAGs
[2024-04-25T06:01:07.535+0000] {logging_mixin.py:188} INFO - [2024-04-25T06:01:07.534+0000] {dag.py:3823} INFO - Setting next_dagrun for example_time_delta_sensor_async to None, run_after=None
[2024-04-25T06:01:07.670+0000] {processor.py:183} INFO - Processing /home/airflow/.local/lib/python3.8/site-packages/airflow/example_dags/example_time_delta_sensor_async.py took 0.348 seconds
[2024-04-25T06:01:50.087+0000] {processor.py:161} INFO - Started process (PID=323) to work on /home/airflow/.local/lib/python3.8/site-packages/airflow/example_dags/example_time_delta_sensor_async.py
[2024-04-25T06:01:50.095+0000] {processor.py:830} INFO - Processing file /home/airflow/.local/lib/python3.8/site-packages/airflow/example_dags/example_time_delta_sensor_async.py for tasks to queue
[2024-04-25T06:01:50.103+0000] {logging_mixin.py:188} INFO - [2024-04-25T06:01:50.102+0000] {dagbag.py:538} INFO - Filling up the DagBag from /home/airflow/.local/lib/python3.8/site-packages/airflow/example_dags/example_time_delta_sensor_async.py
[2024-04-25T06:01:50.133+0000] {processor.py:840} INFO - DAG(s) 'example_time_delta_sensor_async' retrieved from /home/airflow/.local/lib/python3.8/site-packages/airflow/example_dags/example_time_delta_sensor_async.py
[2024-04-25T06:01:50.436+0000] {logging_mixin.py:188} INFO - [2024-04-25T06:01:50.435+0000] {dag.py:3036} INFO - Sync 1 DAGs
[2024-04-25T06:01:50.578+0000] {logging_mixin.py:188} INFO - [2024-04-25T06:01:50.576+0000] {dag.py:3823} INFO - Setting next_dagrun for example_time_delta_sensor_async to None, run_after=None
[2024-04-25T06:01:50.699+0000] {processor.py:183} INFO - Processing /home/airflow/.local/lib/python3.8/site-packages/airflow/example_dags/example_time_delta_sensor_async.py took 0.629 seconds
[2024-04-25T06:02:21.735+0000] {processor.py:161} INFO - Started process (PID=382) to work on /home/airflow/.local/lib/python3.8/site-packages/airflow/example_dags/example_time_delta_sensor_async.py
[2024-04-25T06:02:21.739+0000] {processor.py:830} INFO - Processing file /home/airflow/.local/lib/python3.8/site-packages/airflow/example_dags/example_time_delta_sensor_async.py for tasks to queue
[2024-04-25T06:02:21.747+0000] {logging_mixin.py:188} INFO - [2024-04-25T06:02:21.746+0000] {dagbag.py:538} INFO - Filling up the DagBag from /home/airflow/.local/lib/python3.8/site-packages/airflow/example_dags/example_time_delta_sensor_async.py
[2024-04-25T06:02:21.769+0000] {processor.py:840} INFO - DAG(s) 'example_time_delta_sensor_async' retrieved from /home/airflow/.local/lib/python3.8/site-packages/airflow/example_dags/example_time_delta_sensor_async.py
[2024-04-25T06:02:21.858+0000] {logging_mixin.py:188} INFO - [2024-04-25T06:02:21.857+0000] {dag.py:3036} INFO - Sync 1 DAGs
[2024-04-25T06:02:21.918+0000] {logging_mixin.py:188} INFO - [2024-04-25T06:02:21.918+0000] {dag.py:3823} INFO - Setting next_dagrun for example_time_delta_sensor_async to None, run_after=None
[2024-04-25T06:02:22.017+0000] {processor.py:183} INFO - Processing /home/airflow/.local/lib/python3.8/site-packages/airflow/example_dags/example_time_delta_sensor_async.py took 0.296 seconds
[2024-04-25T06:02:59.166+0000] {processor.py:161} INFO - Started process (PID=441) to work on /home/airflow/.local/lib/python3.8/site-packages/airflow/example_dags/example_time_delta_sensor_async.py
[2024-04-25T06:02:59.176+0000] {processor.py:830} INFO - Processing file /home/airflow/.local/lib/python3.8/site-packages/airflow/example_dags/example_time_delta_sensor_async.py for tasks to queue
[2024-04-25T06:02:59.190+0000] {logging_mixin.py:188} INFO - [2024-04-25T06:02:59.188+0000] {dagbag.py:538} INFO - Filling up the DagBag from /home/airflow/.local/lib/python3.8/site-packages/airflow/example_dags/example_time_delta_sensor_async.py
[2024-04-25T06:02:59.216+0000] {processor.py:840} INFO - DAG(s) 'example_time_delta_sensor_async' retrieved from /home/airflow/.local/lib/python3.8/site-packages/airflow/example_dags/example_time_delta_sensor_async.py
[2024-04-25T06:02:59.333+0000] {logging_mixin.py:188} INFO - [2024-04-25T06:02:59.332+0000] {dag.py:3036} INFO - Sync 1 DAGs
[2024-04-25T06:02:59.416+0000] {logging_mixin.py:188} INFO - [2024-04-25T06:02:59.415+0000] {dag.py:3823} INFO - Setting next_dagrun for example_time_delta_sensor_async to None, run_after=None
[2024-04-25T06:02:59.538+0000] {processor.py:183} INFO - Processing /home/airflow/.local/lib/python3.8/site-packages/airflow/example_dags/example_time_delta_sensor_async.py took 0.407 seconds
[2024-04-25T06:03:29.961+0000] {processor.py:161} INFO - Started process (PID=500) to work on /home/airflow/.local/lib/python3.8/site-packages/airflow/example_dags/example_time_delta_sensor_async.py
[2024-04-25T06:03:29.966+0000] {processor.py:830} INFO - Processing file /home/airflow/.local/lib/python3.8/site-packages/airflow/example_dags/example_time_delta_sensor_async.py for tasks to queue
[2024-04-25T06:03:29.974+0000] {logging_mixin.py:188} INFO - [2024-04-25T06:03:29.973+0000] {dagbag.py:538} INFO - Filling up the DagBag from /home/airflow/.local/lib/python3.8/site-packages/airflow/example_dags/example_time_delta_sensor_async.py
[2024-04-25T06:03:29.994+0000] {processor.py:840} INFO - DAG(s) 'example_time_delta_sensor_async' retrieved from /home/airflow/.local/lib/python3.8/site-packages/airflow/example_dags/example_time_delta_sensor_async.py
[2024-04-25T06:03:30.367+0000] {logging_mixin.py:188} INFO - [2024-04-25T06:03:30.363+0000] {dag.py:3036} INFO - Sync 1 DAGs
[2024-04-25T06:03:30.516+0000] {logging_mixin.py:188} INFO - [2024-04-25T06:03:30.515+0000] {dag.py:3823} INFO - Setting next_dagrun for example_time_delta_sensor_async to None, run_after=None
[2024-04-25T06:03:30.649+0000] {processor.py:183} INFO - Processing /home/airflow/.local/lib/python3.8/site-packages/airflow/example_dags/example_time_delta_sensor_async.py took 0.700 seconds
[2024-04-25T06:04:00.961+0000] {processor.py:161} INFO - Started process (PID=559) to work on /home/airflow/.local/lib/python3.8/site-packages/airflow/example_dags/example_time_delta_sensor_async.py
[2024-04-25T06:04:00.965+0000] {processor.py:830} INFO - Processing file /home/airflow/.local/lib/python3.8/site-packages/airflow/example_dags/example_time_delta_sensor_async.py for tasks to queue
[2024-04-25T06:04:00.971+0000] {logging_mixin.py:188} INFO - [2024-04-25T06:04:00.971+0000] {dagbag.py:538} INFO - Filling up the DagBag from /home/airflow/.local/lib/python3.8/site-packages/airflow/example_dags/example_time_delta_sensor_async.py
[2024-04-25T06:04:00.984+0000] {processor.py:840} INFO - DAG(s) 'example_time_delta_sensor_async' retrieved from /home/airflow/.local/lib/python3.8/site-packages/airflow/example_dags/example_time_delta_sensor_async.py
[2024-04-25T06:04:01.038+0000] {logging_mixin.py:188} INFO - [2024-04-25T06:04:01.038+0000] {dag.py:3036} INFO - Sync 1 DAGs
[2024-04-25T06:04:01.065+0000] {logging_mixin.py:188} INFO - [2024-04-25T06:04:01.064+0000] {dag.py:3823} INFO - Setting next_dagrun for example_time_delta_sensor_async to None, run_after=None
[2024-04-25T06:04:01.111+0000] {processor.py:183} INFO - Processing /home/airflow/.local/lib/python3.8/site-packages/airflow/example_dags/example_time_delta_sensor_async.py took 0.159 seconds
[2024-04-25T06:04:31.325+0000] {processor.py:161} INFO - Started process (PID=618) to work on /home/airflow/.local/lib/python3.8/site-packages/airflow/example_dags/example_time_delta_sensor_async.py
[2024-04-25T06:04:31.328+0000] {processor.py:830} INFO - Processing file /home/airflow/.local/lib/python3.8/site-packages/airflow/example_dags/example_time_delta_sensor_async.py for tasks to queue
[2024-04-25T06:04:31.330+0000] {logging_mixin.py:188} INFO - [2024-04-25T06:04:31.330+0000] {dagbag.py:538} INFO - Filling up the DagBag from /home/airflow/.local/lib/python3.8/site-packages/airflow/example_dags/example_time_delta_sensor_async.py
[2024-04-25T06:04:31.337+0000] {processor.py:840} INFO - DAG(s) 'example_time_delta_sensor_async' retrieved from /home/airflow/.local/lib/python3.8/site-packages/airflow/example_dags/example_time_delta_sensor_async.py
[2024-04-25T06:04:31.367+0000] {logging_mixin.py:188} INFO - [2024-04-25T06:04:31.367+0000] {dag.py:3036} INFO - Sync 1 DAGs
[2024-04-25T06:04:31.387+0000] {logging_mixin.py:188} INFO - [2024-04-25T06:04:31.387+0000] {dag.py:3823} INFO - Setting next_dagrun for example_time_delta_sensor_async to None, run_after=None
[2024-04-25T06:04:31.421+0000] {processor.py:183} INFO - Processing /home/airflow/.local/lib/python3.8/site-packages/airflow/example_dags/example_time_delta_sensor_async.py took 0.100 seconds
[2024-04-25T06:05:02.215+0000] {processor.py:161} INFO - Started process (PID=677) to work on /home/airflow/.local/lib/python3.8/site-packages/airflow/example_dags/example_time_delta_sensor_async.py
[2024-04-25T06:05:02.217+0000] {processor.py:830} INFO - Processing file /home/airflow/.local/lib/python3.8/site-packages/airflow/example_dags/example_time_delta_sensor_async.py for tasks to queue
[2024-04-25T06:05:02.220+0000] {logging_mixin.py:188} INFO - [2024-04-25T06:05:02.219+0000] {dagbag.py:538} INFO - Filling up the DagBag from /home/airflow/.local/lib/python3.8/site-packages/airflow/example_dags/example_time_delta_sensor_async.py
[2024-04-25T06:05:02.226+0000] {processor.py:840} INFO - DAG(s) 'example_time_delta_sensor_async' retrieved from /home/airflow/.local/lib/python3.8/site-packages/airflow/example_dags/example_time_delta_sensor_async.py
[2024-04-25T06:05:02.252+0000] {logging_mixin.py:188} INFO - [2024-04-25T06:05:02.251+0000] {dag.py:3036} INFO - Sync 1 DAGs
[2024-04-25T06:05:02.269+0000] {logging_mixin.py:188} INFO - [2024-04-25T06:05:02.269+0000] {dag.py:3823} INFO - Setting next_dagrun for example_time_delta_sensor_async to None, run_after=None
[2024-04-25T06:05:02.296+0000] {processor.py:183} INFO - Processing /home/airflow/.local/lib/python3.8/site-packages/airflow/example_dags/example_time_delta_sensor_async.py took 0.086 seconds
[2024-04-25T06:05:33.645+0000] {processor.py:161} INFO - Started process (PID=736) to work on /home/airflow/.local/lib/python3.8/site-packages/airflow/example_dags/example_time_delta_sensor_async.py
[2024-04-25T06:05:33.652+0000] {processor.py:830} INFO - Processing file /home/airflow/.local/lib/python3.8/site-packages/airflow/example_dags/example_time_delta_sensor_async.py for tasks to queue
[2024-04-25T06:05:33.657+0000] {logging_mixin.py:188} INFO - [2024-04-25T06:05:33.656+0000] {dagbag.py:538} INFO - Filling up the DagBag from /home/airflow/.local/lib/python3.8/site-packages/airflow/example_dags/example_time_delta_sensor_async.py
[2024-04-25T06:05:33.671+0000] {processor.py:840} INFO - DAG(s) 'example_time_delta_sensor_async' retrieved from /home/airflow/.local/lib/python3.8/site-packages/airflow/example_dags/example_time_delta_sensor_async.py
[2024-04-25T06:05:33.728+0000] {logging_mixin.py:188} INFO - [2024-04-25T06:05:33.727+0000] {dag.py:3036} INFO - Sync 1 DAGs
[2024-04-25T06:05:33.754+0000] {logging_mixin.py:188} INFO - [2024-04-25T06:05:33.753+0000] {dag.py:3823} INFO - Setting next_dagrun for example_time_delta_sensor_async to None, run_after=None
[2024-04-25T06:05:33.800+0000] {processor.py:183} INFO - Processing /home/airflow/.local/lib/python3.8/site-packages/airflow/example_dags/example_time_delta_sensor_async.py took 0.162 seconds
[2024-04-25T06:06:04.093+0000] {processor.py:161} INFO - Started process (PID=795) to work on /home/airflow/.local/lib/python3.8/site-packages/airflow/example_dags/example_time_delta_sensor_async.py
[2024-04-25T06:06:04.096+0000] {processor.py:830} INFO - Processing file /home/airflow/.local/lib/python3.8/site-packages/airflow/example_dags/example_time_delta_sensor_async.py for tasks to queue
[2024-04-25T06:06:04.101+0000] {logging_mixin.py:188} INFO - [2024-04-25T06:06:04.100+0000] {dagbag.py:538} INFO - Filling up the DagBag from /home/airflow/.local/lib/python3.8/site-packages/airflow/example_dags/example_time_delta_sensor_async.py
[2024-04-25T06:06:04.115+0000] {processor.py:840} INFO - DAG(s) 'example_time_delta_sensor_async' retrieved from /home/airflow/.local/lib/python3.8/site-packages/airflow/example_dags/example_time_delta_sensor_async.py
[2024-04-25T06:06:04.170+0000] {logging_mixin.py:188} INFO - [2024-04-25T06:06:04.169+0000] {dag.py:3036} INFO - Sync 1 DAGs
[2024-04-25T06:06:04.199+0000] {logging_mixin.py:188} INFO - [2024-04-25T06:06:04.198+0000] {dag.py:3823} INFO - Setting next_dagrun for example_time_delta_sensor_async to None, run_after=None
[2024-04-25T06:06:04.251+0000] {processor.py:183} INFO - Processing /home/airflow/.local/lib/python3.8/site-packages/airflow/example_dags/example_time_delta_sensor_async.py took 0.167 seconds
[2024-04-25T06:06:34.332+0000] {processor.py:161} INFO - Started process (PID=854) to work on /home/airflow/.local/lib/python3.8/site-packages/airflow/example_dags/example_time_delta_sensor_async.py
[2024-04-25T06:06:34.334+0000] {processor.py:830} INFO - Processing file /home/airflow/.local/lib/python3.8/site-packages/airflow/example_dags/example_time_delta_sensor_async.py for tasks to queue
[2024-04-25T06:06:34.337+0000] {logging_mixin.py:188} INFO - [2024-04-25T06:06:34.337+0000] {dagbag.py:538} INFO - Filling up the DagBag from /home/airflow/.local/lib/python3.8/site-packages/airflow/example_dags/example_time_delta_sensor_async.py
[2024-04-25T06:06:34.345+0000] {processor.py:840} INFO - DAG(s) 'example_time_delta_sensor_async' retrieved from /home/airflow/.local/lib/python3.8/site-packages/airflow/example_dags/example_time_delta_sensor_async.py
[2024-04-25T06:06:34.381+0000] {logging_mixin.py:188} INFO - [2024-04-25T06:06:34.381+0000] {dag.py:3036} INFO - Sync 1 DAGs
[2024-04-25T06:06:34.401+0000] {logging_mixin.py:188} INFO - [2024-04-25T06:06:34.401+0000] {dag.py:3823} INFO - Setting next_dagrun for example_time_delta_sensor_async to None, run_after=None
[2024-04-25T06:06:34.441+0000] {processor.py:183} INFO - Processing /home/airflow/.local/lib/python3.8/site-packages/airflow/example_dags/example_time_delta_sensor_async.py took 0.113 seconds
[2024-04-25T06:07:06.440+0000] {processor.py:161} INFO - Started process (PID=912) to work on /home/airflow/.local/lib/python3.8/site-packages/airflow/example_dags/example_time_delta_sensor_async.py
[2024-04-25T06:07:06.444+0000] {processor.py:830} INFO - Processing file /home/airflow/.local/lib/python3.8/site-packages/airflow/example_dags/example_time_delta_sensor_async.py for tasks to queue
[2024-04-25T06:07:06.465+0000] {logging_mixin.py:188} INFO - [2024-04-25T06:07:06.463+0000] {dagbag.py:538} INFO - Filling up the DagBag from /home/airflow/.local/lib/python3.8/site-packages/airflow/example_dags/example_time_delta_sensor_async.py
[2024-04-25T06:07:06.481+0000] {processor.py:840} INFO - DAG(s) 'example_time_delta_sensor_async' retrieved from /home/airflow/.local/lib/python3.8/site-packages/airflow/example_dags/example_time_delta_sensor_async.py
[2024-04-25T06:07:06.546+0000] {logging_mixin.py:188} INFO - [2024-04-25T06:07:06.545+0000] {dag.py:3036} INFO - Sync 1 DAGs
[2024-04-25T06:07:06.587+0000] {logging_mixin.py:188} INFO - [2024-04-25T06:07:06.586+0000] {dag.py:3823} INFO - Setting next_dagrun for example_time_delta_sensor_async to None, run_after=None
[2024-04-25T06:07:06.642+0000] {processor.py:183} INFO - Processing /home/airflow/.local/lib/python3.8/site-packages/airflow/example_dags/example_time_delta_sensor_async.py took 0.211 seconds
[2024-04-25T06:07:36.819+0000] {processor.py:161} INFO - Started process (PID=971) to work on /home/airflow/.local/lib/python3.8/site-packages/airflow/example_dags/example_time_delta_sensor_async.py
[2024-04-25T06:07:36.822+0000] {processor.py:830} INFO - Processing file /home/airflow/.local/lib/python3.8/site-packages/airflow/example_dags/example_time_delta_sensor_async.py for tasks to queue
[2024-04-25T06:07:36.827+0000] {logging_mixin.py:188} INFO - [2024-04-25T06:07:36.826+0000] {dagbag.py:538} INFO - Filling up the DagBag from /home/airflow/.local/lib/python3.8/site-packages/airflow/example_dags/example_time_delta_sensor_async.py
[2024-04-25T06:07:36.842+0000] {processor.py:840} INFO - DAG(s) 'example_time_delta_sensor_async' retrieved from /home/airflow/.local/lib/python3.8/site-packages/airflow/example_dags/example_time_delta_sensor_async.py
[2024-04-25T06:07:37.231+0000] {logging_mixin.py:188} INFO - [2024-04-25T06:07:37.229+0000] {dag.py:3036} INFO - Sync 1 DAGs
[2024-04-25T06:07:37.343+0000] {logging_mixin.py:188} INFO - [2024-04-25T06:07:37.342+0000] {dag.py:3823} INFO - Setting next_dagrun for example_time_delta_sensor_async to None, run_after=None
[2024-04-25T06:07:37.594+0000] {processor.py:183} INFO - Processing /home/airflow/.local/lib/python3.8/site-packages/airflow/example_dags/example_time_delta_sensor_async.py took 0.783 seconds
[2024-04-25T06:08:07.935+0000] {processor.py:161} INFO - Started process (PID=1029) to work on /home/airflow/.local/lib/python3.8/site-packages/airflow/example_dags/example_time_delta_sensor_async.py
[2024-04-25T06:08:07.938+0000] {processor.py:830} INFO - Processing file /home/airflow/.local/lib/python3.8/site-packages/airflow/example_dags/example_time_delta_sensor_async.py for tasks to queue
[2024-04-25T06:08:07.943+0000] {logging_mixin.py:188} INFO - [2024-04-25T06:08:07.942+0000] {dagbag.py:538} INFO - Filling up the DagBag from /home/airflow/.local/lib/python3.8/site-packages/airflow/example_dags/example_time_delta_sensor_async.py
[2024-04-25T06:08:07.957+0000] {processor.py:840} INFO - DAG(s) 'example_time_delta_sensor_async' retrieved from /home/airflow/.local/lib/python3.8/site-packages/airflow/example_dags/example_time_delta_sensor_async.py
[2024-04-25T06:08:08.023+0000] {logging_mixin.py:188} INFO - [2024-04-25T06:08:08.022+0000] {dag.py:3036} INFO - Sync 1 DAGs
[2024-04-25T06:08:08.087+0000] {logging_mixin.py:188} INFO - [2024-04-25T06:08:08.086+0000] {dag.py:3823} INFO - Setting next_dagrun for example_time_delta_sensor_async to None, run_after=None
[2024-04-25T06:08:08.149+0000] {processor.py:183} INFO - Processing /home/airflow/.local/lib/python3.8/site-packages/airflow/example_dags/example_time_delta_sensor_async.py took 0.221 seconds
[2024-04-25T06:08:38.919+0000] {processor.py:161} INFO - Started process (PID=1089) to work on /home/airflow/.local/lib/python3.8/site-packages/airflow/example_dags/example_time_delta_sensor_async.py
[2024-04-25T06:08:38.923+0000] {processor.py:830} INFO - Processing file /home/airflow/.local/lib/python3.8/site-packages/airflow/example_dags/example_time_delta_sensor_async.py for tasks to queue
[2024-04-25T06:08:38.933+0000] {logging_mixin.py:188} INFO - [2024-04-25T06:08:38.931+0000] {dagbag.py:538} INFO - Filling up the DagBag from /home/airflow/.local/lib/python3.8/site-packages/airflow/example_dags/example_time_delta_sensor_async.py
[2024-04-25T06:08:38.959+0000] {processor.py:840} INFO - DAG(s) 'example_time_delta_sensor_async' retrieved from /home/airflow/.local/lib/python3.8/site-packages/airflow/example_dags/example_time_delta_sensor_async.py
[2024-04-25T06:08:39.038+0000] {logging_mixin.py:188} INFO - [2024-04-25T06:08:39.037+0000] {dag.py:3036} INFO - Sync 1 DAGs
[2024-04-25T06:08:39.079+0000] {logging_mixin.py:188} INFO - [2024-04-25T06:08:39.079+0000] {dag.py:3823} INFO - Setting next_dagrun for example_time_delta_sensor_async to None, run_after=None
[2024-04-25T06:08:39.193+0000] {processor.py:183} INFO - Processing /home/airflow/.local/lib/python3.8/site-packages/airflow/example_dags/example_time_delta_sensor_async.py took 0.287 seconds
[2024-04-25T06:09:10.699+0000] {processor.py:161} INFO - Started process (PID=1149) to work on /home/airflow/.local/lib/python3.8/site-packages/airflow/example_dags/example_time_delta_sensor_async.py
[2024-04-25T06:09:10.702+0000] {processor.py:830} INFO - Processing file /home/airflow/.local/lib/python3.8/site-packages/airflow/example_dags/example_time_delta_sensor_async.py for tasks to queue
[2024-04-25T06:09:10.707+0000] {logging_mixin.py:188} INFO - [2024-04-25T06:09:10.706+0000] {dagbag.py:538} INFO - Filling up the DagBag from /home/airflow/.local/lib/python3.8/site-packages/airflow/example_dags/example_time_delta_sensor_async.py
[2024-04-25T06:09:10.718+0000] {processor.py:840} INFO - DAG(s) 'example_time_delta_sensor_async' retrieved from /home/airflow/.local/lib/python3.8/site-packages/airflow/example_dags/example_time_delta_sensor_async.py
[2024-04-25T06:09:10.762+0000] {logging_mixin.py:188} INFO - [2024-04-25T06:09:10.761+0000] {dag.py:3036} INFO - Sync 1 DAGs
[2024-04-25T06:09:10.787+0000] {logging_mixin.py:188} INFO - [2024-04-25T06:09:10.787+0000] {dag.py:3823} INFO - Setting next_dagrun for example_time_delta_sensor_async to None, run_after=None
[2024-04-25T06:09:10.831+0000] {processor.py:183} INFO - Processing /home/airflow/.local/lib/python3.8/site-packages/airflow/example_dags/example_time_delta_sensor_async.py took 0.139 seconds
[2024-04-25T06:09:42.162+0000] {processor.py:161} INFO - Started process (PID=1213) to work on /home/airflow/.local/lib/python3.8/site-packages/airflow/example_dags/example_time_delta_sensor_async.py
[2024-04-25T06:09:42.166+0000] {processor.py:830} INFO - Processing file /home/airflow/.local/lib/python3.8/site-packages/airflow/example_dags/example_time_delta_sensor_async.py for tasks to queue
[2024-04-25T06:09:42.171+0000] {logging_mixin.py:188} INFO - [2024-04-25T06:09:42.170+0000] {dagbag.py:538} INFO - Filling up the DagBag from /home/airflow/.local/lib/python3.8/site-packages/airflow/example_dags/example_time_delta_sensor_async.py
[2024-04-25T06:09:42.184+0000] {processor.py:840} INFO - DAG(s) 'example_time_delta_sensor_async' retrieved from /home/airflow/.local/lib/python3.8/site-packages/airflow/example_dags/example_time_delta_sensor_async.py
[2024-04-25T06:09:42.255+0000] {logging_mixin.py:188} INFO - [2024-04-25T06:09:42.254+0000] {dag.py:3036} INFO - Sync 1 DAGs
[2024-04-25T06:09:42.300+0000] {logging_mixin.py:188} INFO - [2024-04-25T06:09:42.299+0000] {dag.py:3823} INFO - Setting next_dagrun for example_time_delta_sensor_async to None, run_after=None
[2024-04-25T06:09:42.368+0000] {processor.py:183} INFO - Processing /home/airflow/.local/lib/python3.8/site-packages/airflow/example_dags/example_time_delta_sensor_async.py took 0.215 seconds
[2024-04-25T06:10:13.740+0000] {processor.py:161} INFO - Started process (PID=1272) to work on /home/airflow/.local/lib/python3.8/site-packages/airflow/example_dags/example_time_delta_sensor_async.py
[2024-04-25T06:10:13.743+0000] {processor.py:830} INFO - Processing file /home/airflow/.local/lib/python3.8/site-packages/airflow/example_dags/example_time_delta_sensor_async.py for tasks to queue
[2024-04-25T06:10:13.749+0000] {logging_mixin.py:188} INFO - [2024-04-25T06:10:13.748+0000] {dagbag.py:538} INFO - Filling up the DagBag from /home/airflow/.local/lib/python3.8/site-packages/airflow/example_dags/example_time_delta_sensor_async.py
[2024-04-25T06:10:13.763+0000] {processor.py:840} INFO - DAG(s) 'example_time_delta_sensor_async' retrieved from /home/airflow/.local/lib/python3.8/site-packages/airflow/example_dags/example_time_delta_sensor_async.py
[2024-04-25T06:10:13.818+0000] {logging_mixin.py:188} INFO - [2024-04-25T06:10:13.817+0000] {dag.py:3036} INFO - Sync 1 DAGs
[2024-04-25T06:10:13.861+0000] {logging_mixin.py:188} INFO - [2024-04-25T06:10:13.860+0000] {dag.py:3823} INFO - Setting next_dagrun for example_time_delta_sensor_async to None, run_after=None
[2024-04-25T06:10:13.921+0000] {processor.py:183} INFO - Processing /home/airflow/.local/lib/python3.8/site-packages/airflow/example_dags/example_time_delta_sensor_async.py took 0.189 seconds
[2024-04-25T06:52:21.668+0000] {processor.py:161} INFO - Started process (PID=100) to work on /home/airflow/.local/lib/python3.8/site-packages/airflow/example_dags/example_time_delta_sensor_async.py
[2024-04-25T06:52:21.727+0000] {processor.py:830} INFO - Processing file /home/airflow/.local/lib/python3.8/site-packages/airflow/example_dags/example_time_delta_sensor_async.py for tasks to queue
[2024-04-25T06:52:21.799+0000] {logging_mixin.py:188} INFO - [2024-04-25T06:52:21.797+0000] {dagbag.py:538} INFO - Filling up the DagBag from /home/airflow/.local/lib/python3.8/site-packages/airflow/example_dags/example_time_delta_sensor_async.py
[2024-04-25T06:52:22.207+0000] {processor.py:840} INFO - DAG(s) 'example_time_delta_sensor_async' retrieved from /home/airflow/.local/lib/python3.8/site-packages/airflow/example_dags/example_time_delta_sensor_async.py
[2024-04-25T06:52:24.685+0000] {logging_mixin.py:188} INFO - [2024-04-25T06:52:24.663+0000] {dag.py:3036} INFO - Sync 1 DAGs
[2024-04-25T06:52:25.491+0000] {logging_mixin.py:188} INFO - [2024-04-25T06:52:25.482+0000] {dag.py:3823} INFO - Setting next_dagrun for example_time_delta_sensor_async to None, run_after=None
[2024-04-25T06:52:25.821+0000] {processor.py:183} INFO - Processing /home/airflow/.local/lib/python3.8/site-packages/airflow/example_dags/example_time_delta_sensor_async.py took 4.302 seconds
[2024-04-25T06:53:31.524+0000] {processor.py:161} INFO - Started process (PID=176) to work on /home/airflow/.local/lib/python3.8/site-packages/airflow/example_dags/example_time_delta_sensor_async.py
[2024-04-25T06:53:31.533+0000] {processor.py:830} INFO - Processing file /home/airflow/.local/lib/python3.8/site-packages/airflow/example_dags/example_time_delta_sensor_async.py for tasks to queue
[2024-04-25T06:53:31.541+0000] {logging_mixin.py:188} INFO - [2024-04-25T06:53:31.540+0000] {dagbag.py:538} INFO - Filling up the DagBag from /home/airflow/.local/lib/python3.8/site-packages/airflow/example_dags/example_time_delta_sensor_async.py
[2024-04-25T06:53:31.561+0000] {processor.py:840} INFO - DAG(s) 'example_time_delta_sensor_async' retrieved from /home/airflow/.local/lib/python3.8/site-packages/airflow/example_dags/example_time_delta_sensor_async.py
[2024-04-25T06:53:31.736+0000] {logging_mixin.py:188} INFO - [2024-04-25T06:53:31.735+0000] {dag.py:3036} INFO - Sync 1 DAGs
[2024-04-25T06:53:31.785+0000] {logging_mixin.py:188} INFO - [2024-04-25T06:53:31.784+0000] {dag.py:3823} INFO - Setting next_dagrun for example_time_delta_sensor_async to None, run_after=None
[2024-04-25T06:53:31.865+0000] {processor.py:183} INFO - Processing /home/airflow/.local/lib/python3.8/site-packages/airflow/example_dags/example_time_delta_sensor_async.py took 0.358 seconds
[2024-04-25T06:54:09.764+0000] {processor.py:161} INFO - Started process (PID=252) to work on /home/airflow/.local/lib/python3.8/site-packages/airflow/example_dags/example_time_delta_sensor_async.py
[2024-04-25T06:54:09.773+0000] {processor.py:830} INFO - Processing file /home/airflow/.local/lib/python3.8/site-packages/airflow/example_dags/example_time_delta_sensor_async.py for tasks to queue
[2024-04-25T06:54:09.783+0000] {logging_mixin.py:188} INFO - [2024-04-25T06:54:09.782+0000] {dagbag.py:538} INFO - Filling up the DagBag from /home/airflow/.local/lib/python3.8/site-packages/airflow/example_dags/example_time_delta_sensor_async.py
[2024-04-25T06:54:09.813+0000] {processor.py:840} INFO - DAG(s) 'example_time_delta_sensor_async' retrieved from /home/airflow/.local/lib/python3.8/site-packages/airflow/example_dags/example_time_delta_sensor_async.py
[2024-04-25T06:54:09.935+0000] {logging_mixin.py:188} INFO - [2024-04-25T06:54:09.934+0000] {dag.py:3036} INFO - Sync 1 DAGs
[2024-04-25T06:54:10.037+0000] {logging_mixin.py:188} INFO - [2024-04-25T06:54:10.036+0000] {dag.py:3823} INFO - Setting next_dagrun for example_time_delta_sensor_async to None, run_after=None
[2024-04-25T06:54:10.127+0000] {processor.py:183} INFO - Processing /home/airflow/.local/lib/python3.8/site-packages/airflow/example_dags/example_time_delta_sensor_async.py took 0.376 seconds
[2024-04-25T06:54:44.082+0000] {processor.py:161} INFO - Started process (PID=322) to work on /home/airflow/.local/lib/python3.8/site-packages/airflow/example_dags/example_time_delta_sensor_async.py
[2024-04-25T06:54:44.091+0000] {processor.py:830} INFO - Processing file /home/airflow/.local/lib/python3.8/site-packages/airflow/example_dags/example_time_delta_sensor_async.py for tasks to queue
[2024-04-25T06:54:44.110+0000] {logging_mixin.py:188} INFO - [2024-04-25T06:54:44.109+0000] {dagbag.py:538} INFO - Filling up the DagBag from /home/airflow/.local/lib/python3.8/site-packages/airflow/example_dags/example_time_delta_sensor_async.py
[2024-04-25T06:54:44.140+0000] {processor.py:840} INFO - DAG(s) 'example_time_delta_sensor_async' retrieved from /home/airflow/.local/lib/python3.8/site-packages/airflow/example_dags/example_time_delta_sensor_async.py
[2024-04-25T06:54:44.252+0000] {logging_mixin.py:188} INFO - [2024-04-25T06:54:44.251+0000] {dag.py:3036} INFO - Sync 1 DAGs
[2024-04-25T06:54:44.352+0000] {logging_mixin.py:188} INFO - [2024-04-25T06:54:44.351+0000] {dag.py:3823} INFO - Setting next_dagrun for example_time_delta_sensor_async to None, run_after=None
[2024-04-25T06:54:44.509+0000] {processor.py:183} INFO - Processing /home/airflow/.local/lib/python3.8/site-packages/airflow/example_dags/example_time_delta_sensor_async.py took 0.444 seconds
[2024-04-25T06:55:22.375+0000] {processor.py:161} INFO - Started process (PID=391) to work on /home/airflow/.local/lib/python3.8/site-packages/airflow/example_dags/example_time_delta_sensor_async.py
[2024-04-25T06:55:22.380+0000] {processor.py:830} INFO - Processing file /home/airflow/.local/lib/python3.8/site-packages/airflow/example_dags/example_time_delta_sensor_async.py for tasks to queue
[2024-04-25T06:55:22.389+0000] {logging_mixin.py:188} INFO - [2024-04-25T06:55:22.388+0000] {dagbag.py:538} INFO - Filling up the DagBag from /home/airflow/.local/lib/python3.8/site-packages/airflow/example_dags/example_time_delta_sensor_async.py
[2024-04-25T06:55:22.413+0000] {processor.py:840} INFO - DAG(s) 'example_time_delta_sensor_async' retrieved from /home/airflow/.local/lib/python3.8/site-packages/airflow/example_dags/example_time_delta_sensor_async.py
[2024-04-25T06:55:22.501+0000] {logging_mixin.py:188} INFO - [2024-04-25T06:55:22.500+0000] {dag.py:3036} INFO - Sync 1 DAGs
[2024-04-25T06:55:22.552+0000] {logging_mixin.py:188} INFO - [2024-04-25T06:55:22.551+0000] {dag.py:3823} INFO - Setting next_dagrun for example_time_delta_sensor_async to None, run_after=None
[2024-04-25T06:55:22.628+0000] {processor.py:183} INFO - Processing /home/airflow/.local/lib/python3.8/site-packages/airflow/example_dags/example_time_delta_sensor_async.py took 0.277 seconds
[2024-04-25T06:55:58.171+0000] {processor.py:161} INFO - Started process (PID=461) to work on /home/airflow/.local/lib/python3.8/site-packages/airflow/example_dags/example_time_delta_sensor_async.py
[2024-04-25T06:55:58.182+0000] {processor.py:830} INFO - Processing file /home/airflow/.local/lib/python3.8/site-packages/airflow/example_dags/example_time_delta_sensor_async.py for tasks to queue
[2024-04-25T06:55:58.194+0000] {logging_mixin.py:188} INFO - [2024-04-25T06:55:58.192+0000] {dagbag.py:538} INFO - Filling up the DagBag from /home/airflow/.local/lib/python3.8/site-packages/airflow/example_dags/example_time_delta_sensor_async.py
[2024-04-25T06:55:58.220+0000] {processor.py:840} INFO - DAG(s) 'example_time_delta_sensor_async' retrieved from /home/airflow/.local/lib/python3.8/site-packages/airflow/example_dags/example_time_delta_sensor_async.py
[2024-04-25T06:55:58.445+0000] {logging_mixin.py:188} INFO - [2024-04-25T06:55:58.444+0000] {dag.py:3036} INFO - Sync 1 DAGs
[2024-04-25T06:55:58.527+0000] {logging_mixin.py:188} INFO - [2024-04-25T06:55:58.526+0000] {dag.py:3823} INFO - Setting next_dagrun for example_time_delta_sensor_async to None, run_after=None
[2024-04-25T06:55:58.629+0000] {processor.py:183} INFO - Processing /home/airflow/.local/lib/python3.8/site-packages/airflow/example_dags/example_time_delta_sensor_async.py took 0.474 seconds
[2024-04-25T06:56:35.561+0000] {processor.py:161} INFO - Started process (PID=531) to work on /home/airflow/.local/lib/python3.8/site-packages/airflow/example_dags/example_time_delta_sensor_async.py
[2024-04-25T06:56:35.574+0000] {processor.py:830} INFO - Processing file /home/airflow/.local/lib/python3.8/site-packages/airflow/example_dags/example_time_delta_sensor_async.py for tasks to queue
[2024-04-25T06:56:35.583+0000] {logging_mixin.py:188} INFO - [2024-04-25T06:56:35.582+0000] {dagbag.py:538} INFO - Filling up the DagBag from /home/airflow/.local/lib/python3.8/site-packages/airflow/example_dags/example_time_delta_sensor_async.py
[2024-04-25T06:56:35.607+0000] {processor.py:840} INFO - DAG(s) 'example_time_delta_sensor_async' retrieved from /home/airflow/.local/lib/python3.8/site-packages/airflow/example_dags/example_time_delta_sensor_async.py
[2024-04-25T06:56:35.704+0000] {logging_mixin.py:188} INFO - [2024-04-25T06:56:35.703+0000] {dag.py:3036} INFO - Sync 1 DAGs
[2024-04-25T06:56:35.767+0000] {logging_mixin.py:188} INFO - [2024-04-25T06:56:35.766+0000] {dag.py:3823} INFO - Setting next_dagrun for example_time_delta_sensor_async to None, run_after=None
[2024-04-25T06:56:35.857+0000] {processor.py:183} INFO - Processing /home/airflow/.local/lib/python3.8/site-packages/airflow/example_dags/example_time_delta_sensor_async.py took 0.310 seconds
[2024-04-25T06:57:35.053+0000] {processor.py:161} INFO - Started process (PID=609) to work on /home/airflow/.local/lib/python3.8/site-packages/airflow/example_dags/example_time_delta_sensor_async.py
[2024-04-25T06:57:35.182+0000] {processor.py:830} INFO - Processing file /home/airflow/.local/lib/python3.8/site-packages/airflow/example_dags/example_time_delta_sensor_async.py for tasks to queue
[2024-04-25T06:57:35.251+0000] {logging_mixin.py:188} INFO - [2024-04-25T06:57:35.249+0000] {dagbag.py:538} INFO - Filling up the DagBag from /home/airflow/.local/lib/python3.8/site-packages/airflow/example_dags/example_time_delta_sensor_async.py
[2024-04-25T06:57:35.400+0000] {processor.py:840} INFO - DAG(s) 'example_time_delta_sensor_async' retrieved from /home/airflow/.local/lib/python3.8/site-packages/airflow/example_dags/example_time_delta_sensor_async.py
[2024-04-25T06:57:35.628+0000] {logging_mixin.py:188} INFO - [2024-04-25T06:57:35.626+0000] {dag.py:3036} INFO - Sync 1 DAGs
[2024-04-25T06:57:35.865+0000] {logging_mixin.py:188} INFO - [2024-04-25T06:57:35.864+0000] {dag.py:3823} INFO - Setting next_dagrun for example_time_delta_sensor_async to None, run_after=None
[2024-04-25T06:57:36.102+0000] {processor.py:183} INFO - Processing /home/airflow/.local/lib/python3.8/site-packages/airflow/example_dags/example_time_delta_sensor_async.py took 1.096 seconds
[2024-04-25T07:03:48.840+0000] {processor.py:161} INFO - Started process (PID=738) to work on /home/airflow/.local/lib/python3.8/site-packages/airflow/example_dags/example_time_delta_sensor_async.py
[2024-04-25T07:03:48.975+0000] {processor.py:830} INFO - Processing file /home/airflow/.local/lib/python3.8/site-packages/airflow/example_dags/example_time_delta_sensor_async.py for tasks to queue
[2024-04-25T07:03:49.071+0000] {logging_mixin.py:188} INFO - [2024-04-25T07:03:48.991+0000] {dagbag.py:538} INFO - Filling up the DagBag from /home/airflow/.local/lib/python3.8/site-packages/airflow/example_dags/example_time_delta_sensor_async.py
[2024-04-25T07:03:49.895+0000] {processor.py:840} INFO - DAG(s) 'example_time_delta_sensor_async' retrieved from /home/airflow/.local/lib/python3.8/site-packages/airflow/example_dags/example_time_delta_sensor_async.py
[2024-04-25T07:03:56.745+0000] {logging_mixin.py:188} INFO - [2024-04-25T07:03:56.615+0000] {dag.py:3036} INFO - Sync 1 DAGs
[2024-04-25T07:03:58.583+0000] {logging_mixin.py:188} INFO - [2024-04-25T07:03:58.579+0000] {dag.py:3823} INFO - Setting next_dagrun for example_time_delta_sensor_async to None, run_after=None
[2024-04-25T07:04:03.334+0000] {processor.py:183} INFO - Processing /home/airflow/.local/lib/python3.8/site-packages/airflow/example_dags/example_time_delta_sensor_async.py took 15.184 seconds
[2024-04-25T07:51:05.224+0000] {processor.py:161} INFO - Started process (PID=65) to work on /home/airflow/.local/lib/python3.8/site-packages/airflow/example_dags/example_time_delta_sensor_async.py
[2024-04-25T07:51:05.234+0000] {processor.py:830} INFO - Processing file /home/airflow/.local/lib/python3.8/site-packages/airflow/example_dags/example_time_delta_sensor_async.py for tasks to queue
[2024-04-25T07:51:05.245+0000] {logging_mixin.py:188} INFO - [2024-04-25T07:51:05.243+0000] {dagbag.py:538} INFO - Filling up the DagBag from /home/airflow/.local/lib/python3.8/site-packages/airflow/example_dags/example_time_delta_sensor_async.py
[2024-04-25T07:51:05.295+0000] {processor.py:840} INFO - DAG(s) 'example_time_delta_sensor_async' retrieved from /home/airflow/.local/lib/python3.8/site-packages/airflow/example_dags/example_time_delta_sensor_async.py
[2024-04-25T07:51:05.970+0000] {logging_mixin.py:188} INFO - [2024-04-25T07:51:05.969+0000] {dag.py:3036} INFO - Sync 1 DAGs
[2024-04-25T07:51:06.275+0000] {logging_mixin.py:188} INFO - [2024-04-25T07:51:06.238+0000] {dag.py:3823} INFO - Setting next_dagrun for example_time_delta_sensor_async to None, run_after=None
[2024-04-25T07:51:06.398+0000] {processor.py:183} INFO - Processing /home/airflow/.local/lib/python3.8/site-packages/airflow/example_dags/example_time_delta_sensor_async.py took 1.204 seconds
[2024-04-25T07:51:39.472+0000] {processor.py:161} INFO - Started process (PID=135) to work on /home/airflow/.local/lib/python3.8/site-packages/airflow/example_dags/example_time_delta_sensor_async.py
[2024-04-25T07:51:39.479+0000] {processor.py:830} INFO - Processing file /home/airflow/.local/lib/python3.8/site-packages/airflow/example_dags/example_time_delta_sensor_async.py for tasks to queue
[2024-04-25T07:51:39.487+0000] {logging_mixin.py:188} INFO - [2024-04-25T07:51:39.486+0000] {dagbag.py:538} INFO - Filling up the DagBag from /home/airflow/.local/lib/python3.8/site-packages/airflow/example_dags/example_time_delta_sensor_async.py
[2024-04-25T07:51:39.512+0000] {processor.py:840} INFO - DAG(s) 'example_time_delta_sensor_async' retrieved from /home/airflow/.local/lib/python3.8/site-packages/airflow/example_dags/example_time_delta_sensor_async.py
[2024-04-25T07:51:39.659+0000] {logging_mixin.py:188} INFO - [2024-04-25T07:51:39.658+0000] {dag.py:3036} INFO - Sync 1 DAGs
[2024-04-25T07:51:39.728+0000] {logging_mixin.py:188} INFO - [2024-04-25T07:51:39.727+0000] {dag.py:3823} INFO - Setting next_dagrun for example_time_delta_sensor_async to None, run_after=None
[2024-04-25T07:51:39.830+0000] {processor.py:183} INFO - Processing /home/airflow/.local/lib/python3.8/site-packages/airflow/example_dags/example_time_delta_sensor_async.py took 0.379 seconds
[2024-04-25T07:52:19.810+0000] {processor.py:161} INFO - Started process (PID=205) to work on /home/airflow/.local/lib/python3.8/site-packages/airflow/example_dags/example_time_delta_sensor_async.py
[2024-04-25T07:52:19.819+0000] {processor.py:830} INFO - Processing file /home/airflow/.local/lib/python3.8/site-packages/airflow/example_dags/example_time_delta_sensor_async.py for tasks to queue
[2024-04-25T07:52:19.836+0000] {logging_mixin.py:188} INFO - [2024-04-25T07:52:19.834+0000] {dagbag.py:538} INFO - Filling up the DagBag from /home/airflow/.local/lib/python3.8/site-packages/airflow/example_dags/example_time_delta_sensor_async.py
[2024-04-25T07:52:19.889+0000] {processor.py:840} INFO - DAG(s) 'example_time_delta_sensor_async' retrieved from /home/airflow/.local/lib/python3.8/site-packages/airflow/example_dags/example_time_delta_sensor_async.py
[2024-04-25T07:52:20.016+0000] {logging_mixin.py:188} INFO - [2024-04-25T07:52:20.015+0000] {dag.py:3036} INFO - Sync 1 DAGs
[2024-04-25T07:52:20.088+0000] {logging_mixin.py:188} INFO - [2024-04-25T07:52:20.087+0000] {dag.py:3823} INFO - Setting next_dagrun for example_time_delta_sensor_async to None, run_after=None
[2024-04-25T07:52:20.197+0000] {processor.py:183} INFO - Processing /home/airflow/.local/lib/python3.8/site-packages/airflow/example_dags/example_time_delta_sensor_async.py took 0.435 seconds
[2024-04-25T07:52:52.545+0000] {processor.py:161} INFO - Started process (PID=275) to work on /home/airflow/.local/lib/python3.8/site-packages/airflow/example_dags/example_time_delta_sensor_async.py
[2024-04-25T07:52:52.552+0000] {processor.py:830} INFO - Processing file /home/airflow/.local/lib/python3.8/site-packages/airflow/example_dags/example_time_delta_sensor_async.py for tasks to queue
[2024-04-25T07:52:52.562+0000] {logging_mixin.py:188} INFO - [2024-04-25T07:52:52.561+0000] {dagbag.py:538} INFO - Filling up the DagBag from /home/airflow/.local/lib/python3.8/site-packages/airflow/example_dags/example_time_delta_sensor_async.py
[2024-04-25T07:52:52.606+0000] {processor.py:840} INFO - DAG(s) 'example_time_delta_sensor_async' retrieved from /home/airflow/.local/lib/python3.8/site-packages/airflow/example_dags/example_time_delta_sensor_async.py
[2024-04-25T07:52:52.692+0000] {logging_mixin.py:188} INFO - [2024-04-25T07:52:52.692+0000] {dag.py:3036} INFO - Sync 1 DAGs
[2024-04-25T07:52:52.741+0000] {logging_mixin.py:188} INFO - [2024-04-25T07:52:52.740+0000] {dag.py:3823} INFO - Setting next_dagrun for example_time_delta_sensor_async to None, run_after=None
[2024-04-25T07:52:52.814+0000] {processor.py:183} INFO - Processing /home/airflow/.local/lib/python3.8/site-packages/airflow/example_dags/example_time_delta_sensor_async.py took 0.280 seconds
[2024-04-25T07:53:30.295+0000] {processor.py:161} INFO - Started process (PID=351) to work on /home/airflow/.local/lib/python3.8/site-packages/airflow/example_dags/example_time_delta_sensor_async.py
[2024-04-25T07:53:30.301+0000] {processor.py:830} INFO - Processing file /home/airflow/.local/lib/python3.8/site-packages/airflow/example_dags/example_time_delta_sensor_async.py for tasks to queue
[2024-04-25T07:53:30.311+0000] {logging_mixin.py:188} INFO - [2024-04-25T07:53:30.310+0000] {dagbag.py:538} INFO - Filling up the DagBag from /home/airflow/.local/lib/python3.8/site-packages/airflow/example_dags/example_time_delta_sensor_async.py
[2024-04-25T07:53:30.330+0000] {processor.py:840} INFO - DAG(s) 'example_time_delta_sensor_async' retrieved from /home/airflow/.local/lib/python3.8/site-packages/airflow/example_dags/example_time_delta_sensor_async.py
[2024-04-25T07:53:30.427+0000] {logging_mixin.py:188} INFO - [2024-04-25T07:53:30.426+0000] {dag.py:3036} INFO - Sync 1 DAGs
[2024-04-25T07:53:30.516+0000] {logging_mixin.py:188} INFO - [2024-04-25T07:53:30.508+0000] {dag.py:3823} INFO - Setting next_dagrun for example_time_delta_sensor_async to None, run_after=None
[2024-04-25T07:53:30.674+0000] {processor.py:183} INFO - Processing /home/airflow/.local/lib/python3.8/site-packages/airflow/example_dags/example_time_delta_sensor_async.py took 0.395 seconds
