[2024-04-25T05:58:40.928+0000] {processor.py:161} INFO - Started process (PID=81) to work on /home/airflow/.local/lib/python3.8/site-packages/airflow/example_dags/example_skip_dag.py
[2024-04-25T05:58:40.941+0000] {processor.py:830} INFO - Processing file /home/airflow/.local/lib/python3.8/site-packages/airflow/example_dags/example_skip_dag.py for tasks to queue
[2024-04-25T05:58:40.956+0000] {logging_mixin.py:188} INFO - [2024-04-25T05:58:40.953+0000] {dagbag.py:538} INFO - Filling up the DagBag from /home/airflow/.local/lib/python3.8/site-packages/airflow/example_dags/example_skip_dag.py
[2024-04-25T05:58:41.179+0000] {processor.py:840} INFO - DAG(s) 'example_skip_dag' retrieved from /home/airflow/.local/lib/python3.8/site-packages/airflow/example_dags/example_skip_dag.py
[2024-04-25T05:58:44.492+0000] {logging_mixin.py:188} INFO - [2024-04-25T05:58:44.477+0000] {dag.py:3036} INFO - Sync 1 DAGs
[2024-04-25T05:58:44.778+0000] {logging_mixin.py:188} INFO - [2024-04-25T05:58:44.777+0000] {dag.py:3823} INFO - Setting next_dagrun for example_skip_dag to 2024-04-24 00:00:00+00:00, run_after=2024-04-25 00:00:00+00:00
[2024-04-25T05:58:45.016+0000] {processor.py:183} INFO - Processing /home/airflow/.local/lib/python3.8/site-packages/airflow/example_dags/example_skip_dag.py took 4.127 seconds
[2024-04-25T05:59:28.948+0000] {processor.py:161} INFO - Started process (PID=140) to work on /home/airflow/.local/lib/python3.8/site-packages/airflow/example_dags/example_skip_dag.py
[2024-04-25T05:59:28.959+0000] {processor.py:830} INFO - Processing file /home/airflow/.local/lib/python3.8/site-packages/airflow/example_dags/example_skip_dag.py for tasks to queue
[2024-04-25T05:59:28.979+0000] {logging_mixin.py:188} INFO - [2024-04-25T05:59:28.977+0000] {dagbag.py:538} INFO - Filling up the DagBag from /home/airflow/.local/lib/python3.8/site-packages/airflow/example_dags/example_skip_dag.py
[2024-04-25T05:59:29.053+0000] {processor.py:840} INFO - DAG(s) 'example_skip_dag' retrieved from /home/airflow/.local/lib/python3.8/site-packages/airflow/example_dags/example_skip_dag.py
[2024-04-25T05:59:29.189+0000] {logging_mixin.py:188} INFO - [2024-04-25T05:59:29.188+0000] {dag.py:3036} INFO - Sync 1 DAGs
[2024-04-25T05:59:29.342+0000] {logging_mixin.py:188} INFO - [2024-04-25T05:59:29.341+0000] {dag.py:3823} INFO - Setting next_dagrun for example_skip_dag to 2024-04-24 00:00:00+00:00, run_after=2024-04-25 00:00:00+00:00
[2024-04-25T05:59:29.486+0000] {processor.py:183} INFO - Processing /home/airflow/.local/lib/python3.8/site-packages/airflow/example_dags/example_skip_dag.py took 0.611 seconds
[2024-04-25T06:00:22.746+0000] {processor.py:161} INFO - Started process (PID=192) to work on /home/airflow/.local/lib/python3.8/site-packages/airflow/example_dags/example_skip_dag.py
[2024-04-25T06:00:22.752+0000] {processor.py:830} INFO - Processing file /home/airflow/.local/lib/python3.8/site-packages/airflow/example_dags/example_skip_dag.py for tasks to queue
[2024-04-25T06:00:22.760+0000] {logging_mixin.py:188} INFO - [2024-04-25T06:00:22.759+0000] {dagbag.py:538} INFO - Filling up the DagBag from /home/airflow/.local/lib/python3.8/site-packages/airflow/example_dags/example_skip_dag.py
[2024-04-25T06:00:22.793+0000] {processor.py:840} INFO - DAG(s) 'example_skip_dag' retrieved from /home/airflow/.local/lib/python3.8/site-packages/airflow/example_dags/example_skip_dag.py
[2024-04-25T06:00:22.899+0000] {logging_mixin.py:188} INFO - [2024-04-25T06:00:22.899+0000] {dag.py:3036} INFO - Sync 1 DAGs
[2024-04-25T06:00:23.007+0000] {logging_mixin.py:188} INFO - [2024-04-25T06:00:23.006+0000] {dag.py:3823} INFO - Setting next_dagrun for example_skip_dag to 2024-04-24 00:00:00+00:00, run_after=2024-04-25 00:00:00+00:00
[2024-04-25T06:00:23.094+0000] {processor.py:183} INFO - Processing /home/airflow/.local/lib/python3.8/site-packages/airflow/example_dags/example_skip_dag.py took 0.360 seconds
[2024-04-25T06:01:03.665+0000] {processor.py:161} INFO - Started process (PID=251) to work on /home/airflow/.local/lib/python3.8/site-packages/airflow/example_dags/example_skip_dag.py
[2024-04-25T06:01:03.673+0000] {processor.py:830} INFO - Processing file /home/airflow/.local/lib/python3.8/site-packages/airflow/example_dags/example_skip_dag.py for tasks to queue
[2024-04-25T06:01:03.682+0000] {logging_mixin.py:188} INFO - [2024-04-25T06:01:03.681+0000] {dagbag.py:538} INFO - Filling up the DagBag from /home/airflow/.local/lib/python3.8/site-packages/airflow/example_dags/example_skip_dag.py
[2024-04-25T06:01:03.826+0000] {processor.py:840} INFO - DAG(s) 'example_skip_dag' retrieved from /home/airflow/.local/lib/python3.8/site-packages/airflow/example_dags/example_skip_dag.py
[2024-04-25T06:01:04.214+0000] {logging_mixin.py:188} INFO - [2024-04-25T06:01:04.211+0000] {dag.py:3036} INFO - Sync 1 DAGs
[2024-04-25T06:01:04.419+0000] {logging_mixin.py:188} INFO - [2024-04-25T06:01:04.418+0000] {dag.py:3823} INFO - Setting next_dagrun for example_skip_dag to 2024-04-24 00:00:00+00:00, run_after=2024-04-25 00:00:00+00:00
[2024-04-25T06:01:04.594+0000] {processor.py:183} INFO - Processing /home/airflow/.local/lib/python3.8/site-packages/airflow/example_dags/example_skip_dag.py took 0.948 seconds
[2024-04-25T06:01:47.009+0000] {processor.py:161} INFO - Started process (PID=317) to work on /home/airflow/.local/lib/python3.8/site-packages/airflow/example_dags/example_skip_dag.py
[2024-04-25T06:01:47.014+0000] {processor.py:830} INFO - Processing file /home/airflow/.local/lib/python3.8/site-packages/airflow/example_dags/example_skip_dag.py for tasks to queue
[2024-04-25T06:01:47.022+0000] {logging_mixin.py:188} INFO - [2024-04-25T06:01:47.020+0000] {dagbag.py:538} INFO - Filling up the DagBag from /home/airflow/.local/lib/python3.8/site-packages/airflow/example_dags/example_skip_dag.py
[2024-04-25T06:01:47.056+0000] {processor.py:840} INFO - DAG(s) 'example_skip_dag' retrieved from /home/airflow/.local/lib/python3.8/site-packages/airflow/example_dags/example_skip_dag.py
[2024-04-25T06:01:47.172+0000] {logging_mixin.py:188} INFO - [2024-04-25T06:01:47.172+0000] {dag.py:3036} INFO - Sync 1 DAGs
[2024-04-25T06:01:47.272+0000] {logging_mixin.py:188} INFO - [2024-04-25T06:01:47.272+0000] {dag.py:3823} INFO - Setting next_dagrun for example_skip_dag to 2024-04-24 00:00:00+00:00, run_after=2024-04-25 00:00:00+00:00
[2024-04-25T06:01:47.346+0000] {processor.py:183} INFO - Processing /home/airflow/.local/lib/python3.8/site-packages/airflow/example_dags/example_skip_dag.py took 0.352 seconds
[2024-04-25T06:02:20.070+0000] {processor.py:161} INFO - Started process (PID=376) to work on /home/airflow/.local/lib/python3.8/site-packages/airflow/example_dags/example_skip_dag.py
[2024-04-25T06:02:20.085+0000] {processor.py:830} INFO - Processing file /home/airflow/.local/lib/python3.8/site-packages/airflow/example_dags/example_skip_dag.py for tasks to queue
[2024-04-25T06:02:20.095+0000] {logging_mixin.py:188} INFO - [2024-04-25T06:02:20.093+0000] {dagbag.py:538} INFO - Filling up the DagBag from /home/airflow/.local/lib/python3.8/site-packages/airflow/example_dags/example_skip_dag.py
[2024-04-25T06:02:20.153+0000] {processor.py:840} INFO - DAG(s) 'example_skip_dag' retrieved from /home/airflow/.local/lib/python3.8/site-packages/airflow/example_dags/example_skip_dag.py
[2024-04-25T06:02:20.262+0000] {logging_mixin.py:188} INFO - [2024-04-25T06:02:20.261+0000] {dag.py:3036} INFO - Sync 1 DAGs
[2024-04-25T06:02:20.391+0000] {logging_mixin.py:188} INFO - [2024-04-25T06:02:20.389+0000] {dag.py:3823} INFO - Setting next_dagrun for example_skip_dag to 2024-04-24 00:00:00+00:00, run_after=2024-04-25 00:00:00+00:00
[2024-04-25T06:02:20.495+0000] {processor.py:183} INFO - Processing /home/airflow/.local/lib/python3.8/site-packages/airflow/example_dags/example_skip_dag.py took 0.441 seconds
[2024-04-25T06:02:55.880+0000] {processor.py:161} INFO - Started process (PID=435) to work on /home/airflow/.local/lib/python3.8/site-packages/airflow/example_dags/example_skip_dag.py
[2024-04-25T06:02:55.888+0000] {processor.py:830} INFO - Processing file /home/airflow/.local/lib/python3.8/site-packages/airflow/example_dags/example_skip_dag.py for tasks to queue
[2024-04-25T06:02:55.896+0000] {logging_mixin.py:188} INFO - [2024-04-25T06:02:55.895+0000] {dagbag.py:538} INFO - Filling up the DagBag from /home/airflow/.local/lib/python3.8/site-packages/airflow/example_dags/example_skip_dag.py
[2024-04-25T06:02:56.334+0000] {processor.py:840} INFO - DAG(s) 'example_skip_dag' retrieved from /home/airflow/.local/lib/python3.8/site-packages/airflow/example_dags/example_skip_dag.py
[2024-04-25T06:02:56.422+0000] {logging_mixin.py:188} INFO - [2024-04-25T06:02:56.421+0000] {dag.py:3036} INFO - Sync 1 DAGs
[2024-04-25T06:02:56.520+0000] {logging_mixin.py:188} INFO - [2024-04-25T06:02:56.519+0000] {dag.py:3823} INFO - Setting next_dagrun for example_skip_dag to 2024-04-24 00:00:00+00:00, run_after=2024-04-25 00:00:00+00:00
[2024-04-25T06:02:56.634+0000] {processor.py:183} INFO - Processing /home/airflow/.local/lib/python3.8/site-packages/airflow/example_dags/example_skip_dag.py took 0.769 seconds
[2024-04-25T06:03:27.159+0000] {processor.py:161} INFO - Started process (PID=494) to work on /home/airflow/.local/lib/python3.8/site-packages/airflow/example_dags/example_skip_dag.py
[2024-04-25T06:03:27.162+0000] {processor.py:830} INFO - Processing file /home/airflow/.local/lib/python3.8/site-packages/airflow/example_dags/example_skip_dag.py for tasks to queue
[2024-04-25T06:03:27.166+0000] {logging_mixin.py:188} INFO - [2024-04-25T06:03:27.165+0000] {dagbag.py:538} INFO - Filling up the DagBag from /home/airflow/.local/lib/python3.8/site-packages/airflow/example_dags/example_skip_dag.py
[2024-04-25T06:03:27.186+0000] {processor.py:840} INFO - DAG(s) 'example_skip_dag' retrieved from /home/airflow/.local/lib/python3.8/site-packages/airflow/example_dags/example_skip_dag.py
[2024-04-25T06:03:27.247+0000] {logging_mixin.py:188} INFO - [2024-04-25T06:03:27.247+0000] {dag.py:3036} INFO - Sync 1 DAGs
[2024-04-25T06:03:27.317+0000] {logging_mixin.py:188} INFO - [2024-04-25T06:03:27.316+0000] {dag.py:3823} INFO - Setting next_dagrun for example_skip_dag to 2024-04-24 00:00:00+00:00, run_after=2024-04-25 00:00:00+00:00
[2024-04-25T06:03:27.385+0000] {processor.py:183} INFO - Processing /home/airflow/.local/lib/python3.8/site-packages/airflow/example_dags/example_skip_dag.py took 0.233 seconds
[2024-04-25T06:03:58.183+0000] {processor.py:161} INFO - Started process (PID=553) to work on /home/airflow/.local/lib/python3.8/site-packages/airflow/example_dags/example_skip_dag.py
[2024-04-25T06:03:58.185+0000] {processor.py:830} INFO - Processing file /home/airflow/.local/lib/python3.8/site-packages/airflow/example_dags/example_skip_dag.py for tasks to queue
[2024-04-25T06:03:58.187+0000] {logging_mixin.py:188} INFO - [2024-04-25T06:03:58.187+0000] {dagbag.py:538} INFO - Filling up the DagBag from /home/airflow/.local/lib/python3.8/site-packages/airflow/example_dags/example_skip_dag.py
[2024-04-25T06:03:58.196+0000] {processor.py:840} INFO - DAG(s) 'example_skip_dag' retrieved from /home/airflow/.local/lib/python3.8/site-packages/airflow/example_dags/example_skip_dag.py
[2024-04-25T06:03:58.231+0000] {logging_mixin.py:188} INFO - [2024-04-25T06:03:58.231+0000] {dag.py:3036} INFO - Sync 1 DAGs
[2024-04-25T06:03:58.277+0000] {logging_mixin.py:188} INFO - [2024-04-25T06:03:58.277+0000] {dag.py:3823} INFO - Setting next_dagrun for example_skip_dag to 2024-04-24 00:00:00+00:00, run_after=2024-04-25 00:00:00+00:00
[2024-04-25T06:03:58.329+0000] {processor.py:183} INFO - Processing /home/airflow/.local/lib/python3.8/site-packages/airflow/example_dags/example_skip_dag.py took 0.151 seconds
[2024-04-25T06:04:28.944+0000] {processor.py:161} INFO - Started process (PID=612) to work on /home/airflow/.local/lib/python3.8/site-packages/airflow/example_dags/example_skip_dag.py
[2024-04-25T06:04:28.946+0000] {processor.py:830} INFO - Processing file /home/airflow/.local/lib/python3.8/site-packages/airflow/example_dags/example_skip_dag.py for tasks to queue
[2024-04-25T06:04:28.950+0000] {logging_mixin.py:188} INFO - [2024-04-25T06:04:28.949+0000] {dagbag.py:538} INFO - Filling up the DagBag from /home/airflow/.local/lib/python3.8/site-packages/airflow/example_dags/example_skip_dag.py
[2024-04-25T06:04:28.964+0000] {processor.py:840} INFO - DAG(s) 'example_skip_dag' retrieved from /home/airflow/.local/lib/python3.8/site-packages/airflow/example_dags/example_skip_dag.py
[2024-04-25T06:04:28.997+0000] {logging_mixin.py:188} INFO - [2024-04-25T06:04:28.996+0000] {dag.py:3036} INFO - Sync 1 DAGs
[2024-04-25T06:04:29.022+0000] {logging_mixin.py:188} INFO - [2024-04-25T06:04:29.022+0000] {dag.py:3823} INFO - Setting next_dagrun for example_skip_dag to 2024-04-24 00:00:00+00:00, run_after=2024-04-25 00:00:00+00:00
[2024-04-25T06:04:29.048+0000] {processor.py:183} INFO - Processing /home/airflow/.local/lib/python3.8/site-packages/airflow/example_dags/example_skip_dag.py took 0.111 seconds
[2024-04-25T06:04:59.746+0000] {processor.py:161} INFO - Started process (PID=671) to work on /home/airflow/.local/lib/python3.8/site-packages/airflow/example_dags/example_skip_dag.py
[2024-04-25T06:04:59.747+0000] {processor.py:830} INFO - Processing file /home/airflow/.local/lib/python3.8/site-packages/airflow/example_dags/example_skip_dag.py for tasks to queue
[2024-04-25T06:04:59.750+0000] {logging_mixin.py:188} INFO - [2024-04-25T06:04:59.750+0000] {dagbag.py:538} INFO - Filling up the DagBag from /home/airflow/.local/lib/python3.8/site-packages/airflow/example_dags/example_skip_dag.py
[2024-04-25T06:04:59.760+0000] {processor.py:840} INFO - DAG(s) 'example_skip_dag' retrieved from /home/airflow/.local/lib/python3.8/site-packages/airflow/example_dags/example_skip_dag.py
[2024-04-25T06:04:59.797+0000] {logging_mixin.py:188} INFO - [2024-04-25T06:04:59.797+0000] {dag.py:3036} INFO - Sync 1 DAGs
[2024-04-25T06:04:59.828+0000] {logging_mixin.py:188} INFO - [2024-04-25T06:04:59.828+0000] {dag.py:3823} INFO - Setting next_dagrun for example_skip_dag to 2024-04-24 00:00:00+00:00, run_after=2024-04-25 00:00:00+00:00
[2024-04-25T06:04:59.859+0000] {processor.py:183} INFO - Processing /home/airflow/.local/lib/python3.8/site-packages/airflow/example_dags/example_skip_dag.py took 0.117 seconds
[2024-04-25T06:05:32.480+0000] {processor.py:161} INFO - Started process (PID=730) to work on /home/airflow/.local/lib/python3.8/site-packages/airflow/example_dags/example_skip_dag.py
[2024-04-25T06:05:32.484+0000] {processor.py:830} INFO - Processing file /home/airflow/.local/lib/python3.8/site-packages/airflow/example_dags/example_skip_dag.py for tasks to queue
[2024-04-25T06:05:32.490+0000] {logging_mixin.py:188} INFO - [2024-04-25T06:05:32.489+0000] {dagbag.py:538} INFO - Filling up the DagBag from /home/airflow/.local/lib/python3.8/site-packages/airflow/example_dags/example_skip_dag.py
[2024-04-25T06:05:32.541+0000] {processor.py:840} INFO - DAG(s) 'example_skip_dag' retrieved from /home/airflow/.local/lib/python3.8/site-packages/airflow/example_dags/example_skip_dag.py
[2024-04-25T06:05:32.615+0000] {logging_mixin.py:188} INFO - [2024-04-25T06:05:32.614+0000] {dag.py:3036} INFO - Sync 1 DAGs
[2024-04-25T06:05:32.673+0000] {logging_mixin.py:188} INFO - [2024-04-25T06:05:32.673+0000] {dag.py:3823} INFO - Setting next_dagrun for example_skip_dag to 2024-04-24 00:00:00+00:00, run_after=2024-04-25 00:00:00+00:00
[2024-04-25T06:05:32.731+0000] {processor.py:183} INFO - Processing /home/airflow/.local/lib/python3.8/site-packages/airflow/example_dags/example_skip_dag.py took 0.260 seconds
[2024-04-25T06:06:02.864+0000] {processor.py:161} INFO - Started process (PID=789) to work on /home/airflow/.local/lib/python3.8/site-packages/airflow/example_dags/example_skip_dag.py
[2024-04-25T06:06:02.866+0000] {processor.py:830} INFO - Processing file /home/airflow/.local/lib/python3.8/site-packages/airflow/example_dags/example_skip_dag.py for tasks to queue
[2024-04-25T06:06:02.869+0000] {logging_mixin.py:188} INFO - [2024-04-25T06:06:02.869+0000] {dagbag.py:538} INFO - Filling up the DagBag from /home/airflow/.local/lib/python3.8/site-packages/airflow/example_dags/example_skip_dag.py
[2024-04-25T06:06:02.881+0000] {processor.py:840} INFO - DAG(s) 'example_skip_dag' retrieved from /home/airflow/.local/lib/python3.8/site-packages/airflow/example_dags/example_skip_dag.py
[2024-04-25T06:06:02.955+0000] {logging_mixin.py:188} INFO - [2024-04-25T06:06:02.954+0000] {dag.py:3036} INFO - Sync 1 DAGs
[2024-04-25T06:06:03.040+0000] {logging_mixin.py:188} INFO - [2024-04-25T06:06:03.039+0000] {dag.py:3823} INFO - Setting next_dagrun for example_skip_dag to 2024-04-24 00:00:00+00:00, run_after=2024-04-25 00:00:00+00:00
[2024-04-25T06:06:03.111+0000] {processor.py:183} INFO - Processing /home/airflow/.local/lib/python3.8/site-packages/airflow/example_dags/example_skip_dag.py took 0.253 seconds
[2024-04-25T06:06:33.606+0000] {processor.py:161} INFO - Started process (PID=848) to work on /home/airflow/.local/lib/python3.8/site-packages/airflow/example_dags/example_skip_dag.py
[2024-04-25T06:06:33.608+0000] {processor.py:830} INFO - Processing file /home/airflow/.local/lib/python3.8/site-packages/airflow/example_dags/example_skip_dag.py for tasks to queue
[2024-04-25T06:06:33.612+0000] {logging_mixin.py:188} INFO - [2024-04-25T06:06:33.611+0000] {dagbag.py:538} INFO - Filling up the DagBag from /home/airflow/.local/lib/python3.8/site-packages/airflow/example_dags/example_skip_dag.py
[2024-04-25T06:06:33.624+0000] {processor.py:840} INFO - DAG(s) 'example_skip_dag' retrieved from /home/airflow/.local/lib/python3.8/site-packages/airflow/example_dags/example_skip_dag.py
[2024-04-25T06:06:33.671+0000] {logging_mixin.py:188} INFO - [2024-04-25T06:06:33.671+0000] {dag.py:3036} INFO - Sync 1 DAGs
[2024-04-25T06:06:33.717+0000] {logging_mixin.py:188} INFO - [2024-04-25T06:06:33.716+0000] {dag.py:3823} INFO - Setting next_dagrun for example_skip_dag to 2024-04-24 00:00:00+00:00, run_after=2024-04-25 00:00:00+00:00
[2024-04-25T06:06:33.763+0000] {processor.py:183} INFO - Processing /home/airflow/.local/lib/python3.8/site-packages/airflow/example_dags/example_skip_dag.py took 0.164 seconds
[2024-04-25T06:07:04.775+0000] {processor.py:161} INFO - Started process (PID=907) to work on /home/airflow/.local/lib/python3.8/site-packages/airflow/example_dags/example_skip_dag.py
[2024-04-25T06:07:04.779+0000] {processor.py:830} INFO - Processing file /home/airflow/.local/lib/python3.8/site-packages/airflow/example_dags/example_skip_dag.py for tasks to queue
[2024-04-25T06:07:04.785+0000] {logging_mixin.py:188} INFO - [2024-04-25T06:07:04.784+0000] {dagbag.py:538} INFO - Filling up the DagBag from /home/airflow/.local/lib/python3.8/site-packages/airflow/example_dags/example_skip_dag.py
[2024-04-25T06:07:04.815+0000] {processor.py:840} INFO - DAG(s) 'example_skip_dag' retrieved from /home/airflow/.local/lib/python3.8/site-packages/airflow/example_dags/example_skip_dag.py
[2024-04-25T06:07:04.924+0000] {logging_mixin.py:188} INFO - [2024-04-25T06:07:04.923+0000] {dag.py:3036} INFO - Sync 1 DAGs
[2024-04-25T06:07:05.109+0000] {logging_mixin.py:188} INFO - [2024-04-25T06:07:05.108+0000] {dag.py:3823} INFO - Setting next_dagrun for example_skip_dag to 2024-04-24 00:00:00+00:00, run_after=2024-04-25 00:00:00+00:00
[2024-04-25T06:07:05.250+0000] {processor.py:183} INFO - Processing /home/airflow/.local/lib/python3.8/site-packages/airflow/example_dags/example_skip_dag.py took 0.484 seconds
[2024-04-25T06:07:36.077+0000] {processor.py:161} INFO - Started process (PID=966) to work on /home/airflow/.local/lib/python3.8/site-packages/airflow/example_dags/example_skip_dag.py
[2024-04-25T06:07:36.081+0000] {processor.py:830} INFO - Processing file /home/airflow/.local/lib/python3.8/site-packages/airflow/example_dags/example_skip_dag.py for tasks to queue
[2024-04-25T06:07:36.086+0000] {logging_mixin.py:188} INFO - [2024-04-25T06:07:36.085+0000] {dagbag.py:538} INFO - Filling up the DagBag from /home/airflow/.local/lib/python3.8/site-packages/airflow/example_dags/example_skip_dag.py
[2024-04-25T06:07:36.101+0000] {processor.py:840} INFO - DAG(s) 'example_skip_dag' retrieved from /home/airflow/.local/lib/python3.8/site-packages/airflow/example_dags/example_skip_dag.py
[2024-04-25T06:07:36.156+0000] {logging_mixin.py:188} INFO - [2024-04-25T06:07:36.155+0000] {dag.py:3036} INFO - Sync 1 DAGs
[2024-04-25T06:07:36.221+0000] {logging_mixin.py:188} INFO - [2024-04-25T06:07:36.221+0000] {dag.py:3823} INFO - Setting next_dagrun for example_skip_dag to 2024-04-24 00:00:00+00:00, run_after=2024-04-25 00:00:00+00:00
[2024-04-25T06:07:36.280+0000] {processor.py:183} INFO - Processing /home/airflow/.local/lib/python3.8/site-packages/airflow/example_dags/example_skip_dag.py took 0.211 seconds
[2024-04-25T06:08:07.236+0000] {processor.py:161} INFO - Started process (PID=1025) to work on /home/airflow/.local/lib/python3.8/site-packages/airflow/example_dags/example_skip_dag.py
[2024-04-25T06:08:07.239+0000] {processor.py:830} INFO - Processing file /home/airflow/.local/lib/python3.8/site-packages/airflow/example_dags/example_skip_dag.py for tasks to queue
[2024-04-25T06:08:07.247+0000] {logging_mixin.py:188} INFO - [2024-04-25T06:08:07.245+0000] {dagbag.py:538} INFO - Filling up the DagBag from /home/airflow/.local/lib/python3.8/site-packages/airflow/example_dags/example_skip_dag.py
[2024-04-25T06:08:07.272+0000] {processor.py:840} INFO - DAG(s) 'example_skip_dag' retrieved from /home/airflow/.local/lib/python3.8/site-packages/airflow/example_dags/example_skip_dag.py
[2024-04-25T06:08:07.391+0000] {logging_mixin.py:188} INFO - [2024-04-25T06:08:07.390+0000] {dag.py:3036} INFO - Sync 1 DAGs
[2024-04-25T06:08:07.495+0000] {logging_mixin.py:188} INFO - [2024-04-25T06:08:07.494+0000] {dag.py:3823} INFO - Setting next_dagrun for example_skip_dag to 2024-04-24 00:00:00+00:00, run_after=2024-04-25 00:00:00+00:00
[2024-04-25T06:08:07.588+0000] {processor.py:183} INFO - Processing /home/airflow/.local/lib/python3.8/site-packages/airflow/example_dags/example_skip_dag.py took 0.360 seconds
[2024-04-25T06:08:38.148+0000] {processor.py:161} INFO - Started process (PID=1084) to work on /home/airflow/.local/lib/python3.8/site-packages/airflow/example_dags/example_skip_dag.py
[2024-04-25T06:08:38.151+0000] {processor.py:830} INFO - Processing file /home/airflow/.local/lib/python3.8/site-packages/airflow/example_dags/example_skip_dag.py for tasks to queue
[2024-04-25T06:08:38.156+0000] {logging_mixin.py:188} INFO - [2024-04-25T06:08:38.155+0000] {dagbag.py:538} INFO - Filling up the DagBag from /home/airflow/.local/lib/python3.8/site-packages/airflow/example_dags/example_skip_dag.py
[2024-04-25T06:08:38.170+0000] {processor.py:840} INFO - DAG(s) 'example_skip_dag' retrieved from /home/airflow/.local/lib/python3.8/site-packages/airflow/example_dags/example_skip_dag.py
[2024-04-25T06:08:38.280+0000] {logging_mixin.py:188} INFO - [2024-04-25T06:08:38.279+0000] {dag.py:3036} INFO - Sync 1 DAGs
[2024-04-25T06:08:38.330+0000] {logging_mixin.py:188} INFO - [2024-04-25T06:08:38.330+0000] {dag.py:3823} INFO - Setting next_dagrun for example_skip_dag to 2024-04-24 00:00:00+00:00, run_after=2024-04-25 00:00:00+00:00
[2024-04-25T06:08:38.370+0000] {processor.py:183} INFO - Processing /home/airflow/.local/lib/python3.8/site-packages/airflow/example_dags/example_skip_dag.py took 0.229 seconds
[2024-04-25T06:09:08.940+0000] {processor.py:161} INFO - Started process (PID=1142) to work on /home/airflow/.local/lib/python3.8/site-packages/airflow/example_dags/example_skip_dag.py
[2024-04-25T06:09:08.943+0000] {processor.py:830} INFO - Processing file /home/airflow/.local/lib/python3.8/site-packages/airflow/example_dags/example_skip_dag.py for tasks to queue
[2024-04-25T06:09:08.948+0000] {logging_mixin.py:188} INFO - [2024-04-25T06:09:08.947+0000] {dagbag.py:538} INFO - Filling up the DagBag from /home/airflow/.local/lib/python3.8/site-packages/airflow/example_dags/example_skip_dag.py
[2024-04-25T06:09:08.962+0000] {processor.py:840} INFO - DAG(s) 'example_skip_dag' retrieved from /home/airflow/.local/lib/python3.8/site-packages/airflow/example_dags/example_skip_dag.py
[2024-04-25T06:09:09.023+0000] {logging_mixin.py:188} INFO - [2024-04-25T06:09:09.022+0000] {dag.py:3036} INFO - Sync 1 DAGs
[2024-04-25T06:09:09.216+0000] {logging_mixin.py:188} INFO - [2024-04-25T06:09:09.214+0000] {dag.py:3823} INFO - Setting next_dagrun for example_skip_dag to 2024-04-24 00:00:00+00:00, run_after=2024-04-25 00:00:00+00:00
[2024-04-25T06:09:09.289+0000] {processor.py:183} INFO - Processing /home/airflow/.local/lib/python3.8/site-packages/airflow/example_dags/example_skip_dag.py took 0.355 seconds
[2024-04-25T06:09:40.203+0000] {processor.py:161} INFO - Started process (PID=1200) to work on /home/airflow/.local/lib/python3.8/site-packages/airflow/example_dags/example_skip_dag.py
[2024-04-25T06:09:40.207+0000] {processor.py:830} INFO - Processing file /home/airflow/.local/lib/python3.8/site-packages/airflow/example_dags/example_skip_dag.py for tasks to queue
[2024-04-25T06:09:40.212+0000] {logging_mixin.py:188} INFO - [2024-04-25T06:09:40.211+0000] {dagbag.py:538} INFO - Filling up the DagBag from /home/airflow/.local/lib/python3.8/site-packages/airflow/example_dags/example_skip_dag.py
[2024-04-25T06:09:40.232+0000] {processor.py:840} INFO - DAG(s) 'example_skip_dag' retrieved from /home/airflow/.local/lib/python3.8/site-packages/airflow/example_dags/example_skip_dag.py
[2024-04-25T06:09:40.297+0000] {logging_mixin.py:188} INFO - [2024-04-25T06:09:40.296+0000] {dag.py:3036} INFO - Sync 1 DAGs
[2024-04-25T06:09:40.403+0000] {logging_mixin.py:188} INFO - [2024-04-25T06:09:40.403+0000] {dag.py:3823} INFO - Setting next_dagrun for example_skip_dag to 2024-04-24 00:00:00+00:00, run_after=2024-04-25 00:00:00+00:00
[2024-04-25T06:09:40.496+0000] {processor.py:183} INFO - Processing /home/airflow/.local/lib/python3.8/site-packages/airflow/example_dags/example_skip_dag.py took 0.302 seconds
[2024-04-25T06:10:10.625+0000] {processor.py:161} INFO - Started process (PID=1257) to work on /home/airflow/.local/lib/python3.8/site-packages/airflow/example_dags/example_skip_dag.py
[2024-04-25T06:10:10.631+0000] {processor.py:830} INFO - Processing file /home/airflow/.local/lib/python3.8/site-packages/airflow/example_dags/example_skip_dag.py for tasks to queue
[2024-04-25T06:10:10.639+0000] {logging_mixin.py:188} INFO - [2024-04-25T06:10:10.638+0000] {dagbag.py:538} INFO - Filling up the DagBag from /home/airflow/.local/lib/python3.8/site-packages/airflow/example_dags/example_skip_dag.py
[2024-04-25T06:10:10.666+0000] {processor.py:840} INFO - DAG(s) 'example_skip_dag' retrieved from /home/airflow/.local/lib/python3.8/site-packages/airflow/example_dags/example_skip_dag.py
[2024-04-25T06:10:10.724+0000] {logging_mixin.py:188} INFO - [2024-04-25T06:10:10.724+0000] {dag.py:3036} INFO - Sync 1 DAGs
[2024-04-25T06:10:10.785+0000] {logging_mixin.py:188} INFO - [2024-04-25T06:10:10.785+0000] {dag.py:3823} INFO - Setting next_dagrun for example_skip_dag to 2024-04-24 00:00:00+00:00, run_after=2024-04-25 00:00:00+00:00
[2024-04-25T06:10:10.843+0000] {processor.py:183} INFO - Processing /home/airflow/.local/lib/python3.8/site-packages/airflow/example_dags/example_skip_dag.py took 0.228 seconds
[2024-04-25T06:10:41.624+0000] {processor.py:161} INFO - Started process (PID=1316) to work on /home/airflow/.local/lib/python3.8/site-packages/airflow/example_dags/example_skip_dag.py
[2024-04-25T06:10:41.630+0000] {processor.py:830} INFO - Processing file /home/airflow/.local/lib/python3.8/site-packages/airflow/example_dags/example_skip_dag.py for tasks to queue
[2024-04-25T06:10:41.639+0000] {logging_mixin.py:188} INFO - [2024-04-25T06:10:41.638+0000] {dagbag.py:538} INFO - Filling up the DagBag from /home/airflow/.local/lib/python3.8/site-packages/airflow/example_dags/example_skip_dag.py
[2024-04-25T06:10:41.675+0000] {processor.py:840} INFO - DAG(s) 'example_skip_dag' retrieved from /home/airflow/.local/lib/python3.8/site-packages/airflow/example_dags/example_skip_dag.py
[2024-04-25T06:10:41.766+0000] {logging_mixin.py:188} INFO - [2024-04-25T06:10:41.765+0000] {dag.py:3036} INFO - Sync 1 DAGs
[2024-04-25T06:10:41.894+0000] {logging_mixin.py:188} INFO - [2024-04-25T06:10:41.893+0000] {dag.py:3823} INFO - Setting next_dagrun for example_skip_dag to 2024-04-24 00:00:00+00:00, run_after=2024-04-25 00:00:00+00:00
[2024-04-25T06:10:41.985+0000] {processor.py:183} INFO - Processing /home/airflow/.local/lib/python3.8/site-packages/airflow/example_dags/example_skip_dag.py took 0.371 seconds
[2024-04-25T06:52:06.876+0000] {processor.py:161} INFO - Started process (PID=94) to work on /home/airflow/.local/lib/python3.8/site-packages/airflow/example_dags/example_skip_dag.py
[2024-04-25T06:52:06.903+0000] {processor.py:830} INFO - Processing file /home/airflow/.local/lib/python3.8/site-packages/airflow/example_dags/example_skip_dag.py for tasks to queue
[2024-04-25T06:52:07.006+0000] {logging_mixin.py:188} INFO - [2024-04-25T06:52:07.004+0000] {dagbag.py:538} INFO - Filling up the DagBag from /home/airflow/.local/lib/python3.8/site-packages/airflow/example_dags/example_skip_dag.py
[2024-04-25T06:52:07.154+0000] {processor.py:840} INFO - DAG(s) 'example_skip_dag' retrieved from /home/airflow/.local/lib/python3.8/site-packages/airflow/example_dags/example_skip_dag.py
[2024-04-25T06:52:09.102+0000] {logging_mixin.py:188} INFO - [2024-04-25T06:52:09.099+0000] {dag.py:3036} INFO - Sync 1 DAGs
[2024-04-25T06:52:09.563+0000] {logging_mixin.py:188} INFO - [2024-04-25T06:52:09.561+0000] {dag.py:3823} INFO - Setting next_dagrun for example_skip_dag to 2024-04-24 00:00:00+00:00, run_after=2024-04-25 00:00:00+00:00
[2024-04-25T06:52:10.131+0000] {processor.py:183} INFO - Processing /home/airflow/.local/lib/python3.8/site-packages/airflow/example_dags/example_skip_dag.py took 3.339 seconds
[2024-04-25T06:53:28.844+0000] {processor.py:161} INFO - Started process (PID=170) to work on /home/airflow/.local/lib/python3.8/site-packages/airflow/example_dags/example_skip_dag.py
[2024-04-25T06:53:28.856+0000] {processor.py:830} INFO - Processing file /home/airflow/.local/lib/python3.8/site-packages/airflow/example_dags/example_skip_dag.py for tasks to queue
[2024-04-25T06:53:28.873+0000] {logging_mixin.py:188} INFO - [2024-04-25T06:53:28.871+0000] {dagbag.py:538} INFO - Filling up the DagBag from /home/airflow/.local/lib/python3.8/site-packages/airflow/example_dags/example_skip_dag.py
[2024-04-25T06:53:28.918+0000] {processor.py:840} INFO - DAG(s) 'example_skip_dag' retrieved from /home/airflow/.local/lib/python3.8/site-packages/airflow/example_dags/example_skip_dag.py
[2024-04-25T06:53:29.106+0000] {logging_mixin.py:188} INFO - [2024-04-25T06:53:29.104+0000] {dag.py:3036} INFO - Sync 1 DAGs
[2024-04-25T06:53:29.389+0000] {logging_mixin.py:188} INFO - [2024-04-25T06:53:29.387+0000] {dag.py:3823} INFO - Setting next_dagrun for example_skip_dag to 2024-04-24 00:00:00+00:00, run_after=2024-04-25 00:00:00+00:00
[2024-04-25T06:53:29.585+0000] {processor.py:183} INFO - Processing /home/airflow/.local/lib/python3.8/site-packages/airflow/example_dags/example_skip_dag.py took 0.765 seconds
[2024-04-25T06:54:05.516+0000] {processor.py:161} INFO - Started process (PID=240) to work on /home/airflow/.local/lib/python3.8/site-packages/airflow/example_dags/example_skip_dag.py
[2024-04-25T06:54:05.522+0000] {processor.py:830} INFO - Processing file /home/airflow/.local/lib/python3.8/site-packages/airflow/example_dags/example_skip_dag.py for tasks to queue
[2024-04-25T06:54:05.533+0000] {logging_mixin.py:188} INFO - [2024-04-25T06:54:05.531+0000] {dagbag.py:538} INFO - Filling up the DagBag from /home/airflow/.local/lib/python3.8/site-packages/airflow/example_dags/example_skip_dag.py
[2024-04-25T06:54:05.564+0000] {processor.py:840} INFO - DAG(s) 'example_skip_dag' retrieved from /home/airflow/.local/lib/python3.8/site-packages/airflow/example_dags/example_skip_dag.py
[2024-04-25T06:54:05.680+0000] {logging_mixin.py:188} INFO - [2024-04-25T06:54:05.679+0000] {dag.py:3036} INFO - Sync 1 DAGs
[2024-04-25T06:54:05.822+0000] {logging_mixin.py:188} INFO - [2024-04-25T06:54:05.820+0000] {dag.py:3823} INFO - Setting next_dagrun for example_skip_dag to 2024-04-24 00:00:00+00:00, run_after=2024-04-25 00:00:00+00:00
[2024-04-25T06:54:05.928+0000] {processor.py:183} INFO - Processing /home/airflow/.local/lib/python3.8/site-packages/airflow/example_dags/example_skip_dag.py took 0.427 seconds
[2024-04-25T06:54:41.824+0000] {processor.py:161} INFO - Started process (PID=316) to work on /home/airflow/.local/lib/python3.8/site-packages/airflow/example_dags/example_skip_dag.py
[2024-04-25T06:54:41.830+0000] {processor.py:830} INFO - Processing file /home/airflow/.local/lib/python3.8/site-packages/airflow/example_dags/example_skip_dag.py for tasks to queue
[2024-04-25T06:54:41.841+0000] {logging_mixin.py:188} INFO - [2024-04-25T06:54:41.839+0000] {dagbag.py:538} INFO - Filling up the DagBag from /home/airflow/.local/lib/python3.8/site-packages/airflow/example_dags/example_skip_dag.py
[2024-04-25T06:54:41.886+0000] {processor.py:840} INFO - DAG(s) 'example_skip_dag' retrieved from /home/airflow/.local/lib/python3.8/site-packages/airflow/example_dags/example_skip_dag.py
[2024-04-25T06:54:42.055+0000] {logging_mixin.py:188} INFO - [2024-04-25T06:54:42.054+0000] {dag.py:3036} INFO - Sync 1 DAGs
[2024-04-25T06:54:42.217+0000] {logging_mixin.py:188} INFO - [2024-04-25T06:54:42.216+0000] {dag.py:3823} INFO - Setting next_dagrun for example_skip_dag to 2024-04-24 00:00:00+00:00, run_after=2024-04-25 00:00:00+00:00
[2024-04-25T06:54:42.448+0000] {processor.py:183} INFO - Processing /home/airflow/.local/lib/python3.8/site-packages/airflow/example_dags/example_skip_dag.py took 0.640 seconds
[2024-04-25T06:55:20.771+0000] {processor.py:161} INFO - Started process (PID=385) to work on /home/airflow/.local/lib/python3.8/site-packages/airflow/example_dags/example_skip_dag.py
[2024-04-25T06:55:20.776+0000] {processor.py:830} INFO - Processing file /home/airflow/.local/lib/python3.8/site-packages/airflow/example_dags/example_skip_dag.py for tasks to queue
[2024-04-25T06:55:20.783+0000] {logging_mixin.py:188} INFO - [2024-04-25T06:55:20.782+0000] {dagbag.py:538} INFO - Filling up the DagBag from /home/airflow/.local/lib/python3.8/site-packages/airflow/example_dags/example_skip_dag.py
[2024-04-25T06:55:20.820+0000] {processor.py:840} INFO - DAG(s) 'example_skip_dag' retrieved from /home/airflow/.local/lib/python3.8/site-packages/airflow/example_dags/example_skip_dag.py
[2024-04-25T06:55:20.918+0000] {logging_mixin.py:188} INFO - [2024-04-25T06:55:20.917+0000] {dag.py:3036} INFO - Sync 1 DAGs
[2024-04-25T06:55:21.034+0000] {logging_mixin.py:188} INFO - [2024-04-25T06:55:21.033+0000] {dag.py:3823} INFO - Setting next_dagrun for example_skip_dag to 2024-04-24 00:00:00+00:00, run_after=2024-04-25 00:00:00+00:00
[2024-04-25T06:55:21.119+0000] {processor.py:183} INFO - Processing /home/airflow/.local/lib/python3.8/site-packages/airflow/example_dags/example_skip_dag.py took 0.366 seconds
[2024-04-25T06:55:55.687+0000] {processor.py:161} INFO - Started process (PID=455) to work on /home/airflow/.local/lib/python3.8/site-packages/airflow/example_dags/example_skip_dag.py
[2024-04-25T06:55:55.697+0000] {processor.py:830} INFO - Processing file /home/airflow/.local/lib/python3.8/site-packages/airflow/example_dags/example_skip_dag.py for tasks to queue
[2024-04-25T06:55:55.705+0000] {logging_mixin.py:188} INFO - [2024-04-25T06:55:55.704+0000] {dagbag.py:538} INFO - Filling up the DagBag from /home/airflow/.local/lib/python3.8/site-packages/airflow/example_dags/example_skip_dag.py
[2024-04-25T06:55:55.739+0000] {processor.py:840} INFO - DAG(s) 'example_skip_dag' retrieved from /home/airflow/.local/lib/python3.8/site-packages/airflow/example_dags/example_skip_dag.py
[2024-04-25T06:55:55.862+0000] {logging_mixin.py:188} INFO - [2024-04-25T06:55:55.861+0000] {dag.py:3036} INFO - Sync 1 DAGs
[2024-04-25T06:55:56.033+0000] {logging_mixin.py:188} INFO - [2024-04-25T06:55:56.032+0000] {dag.py:3823} INFO - Setting next_dagrun for example_skip_dag to 2024-04-24 00:00:00+00:00, run_after=2024-04-25 00:00:00+00:00
[2024-04-25T06:55:56.161+0000] {processor.py:183} INFO - Processing /home/airflow/.local/lib/python3.8/site-packages/airflow/example_dags/example_skip_dag.py took 0.489 seconds
[2024-04-25T06:56:33.517+0000] {processor.py:161} INFO - Started process (PID=525) to work on /home/airflow/.local/lib/python3.8/site-packages/airflow/example_dags/example_skip_dag.py
[2024-04-25T06:56:33.523+0000] {processor.py:830} INFO - Processing file /home/airflow/.local/lib/python3.8/site-packages/airflow/example_dags/example_skip_dag.py for tasks to queue
[2024-04-25T06:56:33.537+0000] {logging_mixin.py:188} INFO - [2024-04-25T06:56:33.534+0000] {dagbag.py:538} INFO - Filling up the DagBag from /home/airflow/.local/lib/python3.8/site-packages/airflow/example_dags/example_skip_dag.py
[2024-04-25T06:56:33.599+0000] {processor.py:840} INFO - DAG(s) 'example_skip_dag' retrieved from /home/airflow/.local/lib/python3.8/site-packages/airflow/example_dags/example_skip_dag.py
[2024-04-25T06:56:33.711+0000] {logging_mixin.py:188} INFO - [2024-04-25T06:56:33.711+0000] {dag.py:3036} INFO - Sync 1 DAGs
[2024-04-25T06:56:33.846+0000] {logging_mixin.py:188} INFO - [2024-04-25T06:56:33.845+0000] {dag.py:3823} INFO - Setting next_dagrun for example_skip_dag to 2024-04-24 00:00:00+00:00, run_after=2024-04-25 00:00:00+00:00
[2024-04-25T06:56:33.959+0000] {processor.py:183} INFO - Processing /home/airflow/.local/lib/python3.8/site-packages/airflow/example_dags/example_skip_dag.py took 0.457 seconds
[2024-04-25T06:57:13.139+0000] {processor.py:161} INFO - Started process (PID=601) to work on /home/airflow/.local/lib/python3.8/site-packages/airflow/example_dags/example_skip_dag.py
[2024-04-25T06:57:13.221+0000] {processor.py:830} INFO - Processing file /home/airflow/.local/lib/python3.8/site-packages/airflow/example_dags/example_skip_dag.py for tasks to queue
[2024-04-25T06:57:13.565+0000] {logging_mixin.py:188} INFO - [2024-04-25T06:57:13.561+0000] {dagbag.py:538} INFO - Filling up the DagBag from /home/airflow/.local/lib/python3.8/site-packages/airflow/example_dags/example_skip_dag.py
[2024-04-25T06:57:13.655+0000] {processor.py:840} INFO - DAG(s) 'example_skip_dag' retrieved from /home/airflow/.local/lib/python3.8/site-packages/airflow/example_dags/example_skip_dag.py
[2024-04-25T06:57:14.038+0000] {logging_mixin.py:188} INFO - [2024-04-25T06:57:14.033+0000] {dag.py:3036} INFO - Sync 1 DAGs
[2024-04-25T06:57:14.425+0000] {logging_mixin.py:188} INFO - [2024-04-25T06:57:14.424+0000] {dag.py:3823} INFO - Setting next_dagrun for example_skip_dag to 2024-04-24 00:00:00+00:00, run_after=2024-04-25 00:00:00+00:00
[2024-04-25T06:57:14.573+0000] {processor.py:183} INFO - Processing /home/airflow/.local/lib/python3.8/site-packages/airflow/example_dags/example_skip_dag.py took 1.464 seconds
[2024-04-25T06:58:22.730+0000] {processor.py:161} INFO - Started process (PID=653) to work on /home/airflow/.local/lib/python3.8/site-packages/airflow/example_dags/example_skip_dag.py
[2024-04-25T06:58:22.772+0000] {processor.py:830} INFO - Processing file /home/airflow/.local/lib/python3.8/site-packages/airflow/example_dags/example_skip_dag.py for tasks to queue
[2024-04-25T06:58:22.792+0000] {logging_mixin.py:188} INFO - [2024-04-25T06:58:22.791+0000] {dagbag.py:538} INFO - Filling up the DagBag from /home/airflow/.local/lib/python3.8/site-packages/airflow/example_dags/example_skip_dag.py
[2024-04-25T06:58:22.983+0000] {processor.py:840} INFO - DAG(s) 'example_skip_dag' retrieved from /home/airflow/.local/lib/python3.8/site-packages/airflow/example_dags/example_skip_dag.py
[2024-04-25T06:58:24.254+0000] {logging_mixin.py:188} INFO - [2024-04-25T06:58:24.226+0000] {dag.py:3036} INFO - Sync 1 DAGs
[2024-04-25T06:58:25.245+0000] {logging_mixin.py:188} INFO - [2024-04-25T06:58:25.237+0000] {dag.py:3823} INFO - Setting next_dagrun for example_skip_dag to 2024-04-24 00:00:00+00:00, run_after=2024-04-25 00:00:00+00:00
[2024-04-25T06:58:25.941+0000] {processor.py:183} INFO - Processing /home/airflow/.local/lib/python3.8/site-packages/airflow/example_dags/example_skip_dag.py took 3.414 seconds
[2024-04-25T07:03:11.878+0000] {processor.py:161} INFO - Started process (PID=726) to work on /home/airflow/.local/lib/python3.8/site-packages/airflow/example_dags/example_skip_dag.py
[2024-04-25T07:03:11.910+0000] {processor.py:830} INFO - Processing file /home/airflow/.local/lib/python3.8/site-packages/airflow/example_dags/example_skip_dag.py for tasks to queue
[2024-04-25T07:03:11.935+0000] {logging_mixin.py:188} INFO - [2024-04-25T07:03:11.931+0000] {dagbag.py:538} INFO - Filling up the DagBag from /home/airflow/.local/lib/python3.8/site-packages/airflow/example_dags/example_skip_dag.py
[2024-04-25T07:03:12.313+0000] {processor.py:840} INFO - DAG(s) 'example_skip_dag' retrieved from /home/airflow/.local/lib/python3.8/site-packages/airflow/example_dags/example_skip_dag.py
[2024-04-25T07:03:13.211+0000] {logging_mixin.py:188} INFO - [2024-04-25T07:03:13.205+0000] {dag.py:3036} INFO - Sync 1 DAGs
[2024-04-25T07:03:13.768+0000] {logging_mixin.py:188} INFO - [2024-04-25T07:03:13.767+0000] {dag.py:3823} INFO - Setting next_dagrun for example_skip_dag to 2024-04-24 00:00:00+00:00, run_after=2024-04-25 00:00:00+00:00
[2024-04-25T07:03:15.249+0000] {processor.py:183} INFO - Processing /home/airflow/.local/lib/python3.8/site-packages/airflow/example_dags/example_skip_dag.py took 3.480 seconds
[2024-04-25T07:51:01.360+0000] {processor.py:161} INFO - Started process (PID=59) to work on /home/airflow/.local/lib/python3.8/site-packages/airflow/example_dags/example_skip_dag.py
[2024-04-25T07:51:01.368+0000] {processor.py:830} INFO - Processing file /home/airflow/.local/lib/python3.8/site-packages/airflow/example_dags/example_skip_dag.py for tasks to queue
[2024-04-25T07:51:01.375+0000] {logging_mixin.py:188} INFO - [2024-04-25T07:51:01.374+0000] {dagbag.py:538} INFO - Filling up the DagBag from /home/airflow/.local/lib/python3.8/site-packages/airflow/example_dags/example_skip_dag.py
[2024-04-25T07:51:01.487+0000] {processor.py:840} INFO - DAG(s) 'example_skip_dag' retrieved from /home/airflow/.local/lib/python3.8/site-packages/airflow/example_dags/example_skip_dag.py
[2024-04-25T07:51:01.906+0000] {logging_mixin.py:188} INFO - [2024-04-25T07:51:01.905+0000] {dag.py:3036} INFO - Sync 1 DAGs
[2024-04-25T07:51:01.986+0000] {logging_mixin.py:188} INFO - [2024-04-25T07:51:01.985+0000] {dag.py:3823} INFO - Setting next_dagrun for example_skip_dag to 2024-04-24 00:00:00+00:00, run_after=2024-04-25 00:00:00+00:00
[2024-04-25T07:51:02.070+0000] {processor.py:183} INFO - Processing /home/airflow/.local/lib/python3.8/site-packages/airflow/example_dags/example_skip_dag.py took 0.722 seconds
[2024-04-25T07:51:36.381+0000] {processor.py:161} INFO - Started process (PID=129) to work on /home/airflow/.local/lib/python3.8/site-packages/airflow/example_dags/example_skip_dag.py
[2024-04-25T07:51:36.390+0000] {processor.py:830} INFO - Processing file /home/airflow/.local/lib/python3.8/site-packages/airflow/example_dags/example_skip_dag.py for tasks to queue
[2024-04-25T07:51:36.407+0000] {logging_mixin.py:188} INFO - [2024-04-25T07:51:36.405+0000] {dagbag.py:538} INFO - Filling up the DagBag from /home/airflow/.local/lib/python3.8/site-packages/airflow/example_dags/example_skip_dag.py
[2024-04-25T07:51:36.477+0000] {processor.py:840} INFO - DAG(s) 'example_skip_dag' retrieved from /home/airflow/.local/lib/python3.8/site-packages/airflow/example_dags/example_skip_dag.py
[2024-04-25T07:51:36.707+0000] {logging_mixin.py:188} INFO - [2024-04-25T07:51:36.706+0000] {dag.py:3036} INFO - Sync 1 DAGs
[2024-04-25T07:51:36.851+0000] {logging_mixin.py:188} INFO - [2024-04-25T07:51:36.850+0000] {dag.py:3823} INFO - Setting next_dagrun for example_skip_dag to 2024-04-24 00:00:00+00:00, run_after=2024-04-25 00:00:00+00:00
[2024-04-25T07:51:37.352+0000] {processor.py:183} INFO - Processing /home/airflow/.local/lib/python3.8/site-packages/airflow/example_dags/example_skip_dag.py took 0.990 seconds
[2024-04-25T07:52:17.138+0000] {processor.py:161} INFO - Started process (PID=199) to work on /home/airflow/.local/lib/python3.8/site-packages/airflow/example_dags/example_skip_dag.py
[2024-04-25T07:52:17.145+0000] {processor.py:830} INFO - Processing file /home/airflow/.local/lib/python3.8/site-packages/airflow/example_dags/example_skip_dag.py for tasks to queue
[2024-04-25T07:52:17.156+0000] {logging_mixin.py:188} INFO - [2024-04-25T07:52:17.155+0000] {dagbag.py:538} INFO - Filling up the DagBag from /home/airflow/.local/lib/python3.8/site-packages/airflow/example_dags/example_skip_dag.py
[2024-04-25T07:52:17.203+0000] {processor.py:840} INFO - DAG(s) 'example_skip_dag' retrieved from /home/airflow/.local/lib/python3.8/site-packages/airflow/example_dags/example_skip_dag.py
[2024-04-25T07:52:17.339+0000] {logging_mixin.py:188} INFO - [2024-04-25T07:52:17.338+0000] {dag.py:3036} INFO - Sync 1 DAGs
[2024-04-25T07:52:17.486+0000] {logging_mixin.py:188} INFO - [2024-04-25T07:52:17.485+0000] {dag.py:3823} INFO - Setting next_dagrun for example_skip_dag to 2024-04-24 00:00:00+00:00, run_after=2024-04-25 00:00:00+00:00
[2024-04-25T07:52:17.709+0000] {processor.py:183} INFO - Processing /home/airflow/.local/lib/python3.8/site-packages/airflow/example_dags/example_skip_dag.py took 0.589 seconds
[2024-04-25T07:52:51.143+0000] {processor.py:161} INFO - Started process (PID=269) to work on /home/airflow/.local/lib/python3.8/site-packages/airflow/example_dags/example_skip_dag.py
[2024-04-25T07:52:51.150+0000] {processor.py:830} INFO - Processing file /home/airflow/.local/lib/python3.8/site-packages/airflow/example_dags/example_skip_dag.py for tasks to queue
[2024-04-25T07:52:51.163+0000] {logging_mixin.py:188} INFO - [2024-04-25T07:52:51.162+0000] {dagbag.py:538} INFO - Filling up the DagBag from /home/airflow/.local/lib/python3.8/site-packages/airflow/example_dags/example_skip_dag.py
[2024-04-25T07:52:51.185+0000] {processor.py:840} INFO - DAG(s) 'example_skip_dag' retrieved from /home/airflow/.local/lib/python3.8/site-packages/airflow/example_dags/example_skip_dag.py
[2024-04-25T07:52:51.256+0000] {logging_mixin.py:188} INFO - [2024-04-25T07:52:51.255+0000] {dag.py:3036} INFO - Sync 1 DAGs
[2024-04-25T07:52:51.310+0000] {logging_mixin.py:188} INFO - [2024-04-25T07:52:51.309+0000] {dag.py:3823} INFO - Setting next_dagrun for example_skip_dag to 2024-04-24 00:00:00+00:00, run_after=2024-04-25 00:00:00+00:00
[2024-04-25T07:52:51.374+0000] {processor.py:183} INFO - Processing /home/airflow/.local/lib/python3.8/site-packages/airflow/example_dags/example_skip_dag.py took 0.245 seconds
[2024-04-25T07:53:28.826+0000] {processor.py:161} INFO - Started process (PID=345) to work on /home/airflow/.local/lib/python3.8/site-packages/airflow/example_dags/example_skip_dag.py
[2024-04-25T07:53:28.835+0000] {processor.py:830} INFO - Processing file /home/airflow/.local/lib/python3.8/site-packages/airflow/example_dags/example_skip_dag.py for tasks to queue
[2024-04-25T07:53:28.841+0000] {logging_mixin.py:188} INFO - [2024-04-25T07:53:28.840+0000] {dagbag.py:538} INFO - Filling up the DagBag from /home/airflow/.local/lib/python3.8/site-packages/airflow/example_dags/example_skip_dag.py
[2024-04-25T07:53:28.864+0000] {processor.py:840} INFO - DAG(s) 'example_skip_dag' retrieved from /home/airflow/.local/lib/python3.8/site-packages/airflow/example_dags/example_skip_dag.py
[2024-04-25T07:53:28.933+0000] {logging_mixin.py:188} INFO - [2024-04-25T07:53:28.933+0000] {dag.py:3036} INFO - Sync 1 DAGs
[2024-04-25T07:53:29.013+0000] {logging_mixin.py:188} INFO - [2024-04-25T07:53:29.012+0000] {dag.py:3823} INFO - Setting next_dagrun for example_skip_dag to 2024-04-24 00:00:00+00:00, run_after=2024-04-25 00:00:00+00:00
[2024-04-25T07:53:29.089+0000] {processor.py:183} INFO - Processing /home/airflow/.local/lib/python3.8/site-packages/airflow/example_dags/example_skip_dag.py took 0.272 seconds
