[2024-04-25T05:59:17.216+0000] {processor.py:161} INFO - Started process (PID=119) to work on /home/airflow/.local/lib/python3.8/site-packages/airflow/example_dags/example_python_decorator.py
[2024-04-25T05:59:17.220+0000] {processor.py:830} INFO - Processing file /home/airflow/.local/lib/python3.8/site-packages/airflow/example_dags/example_python_decorator.py for tasks to queue
[2024-04-25T05:59:17.229+0000] {logging_mixin.py:188} INFO - [2024-04-25T05:59:17.228+0000] {dagbag.py:538} INFO - Filling up the DagBag from /home/airflow/.local/lib/python3.8/site-packages/airflow/example_dags/example_python_decorator.py
[2024-04-25T05:59:17.315+0000] {processor.py:840} INFO - DAG(s) 'example_python_decorator' retrieved from /home/airflow/.local/lib/python3.8/site-packages/airflow/example_dags/example_python_decorator.py
[2024-04-25T05:59:17.825+0000] {logging_mixin.py:188} INFO - [2024-04-25T05:59:17.824+0000] {dag.py:3036} INFO - Sync 1 DAGs
[2024-04-25T05:59:17.885+0000] {logging_mixin.py:188} INFO - [2024-04-25T05:59:17.884+0000] {dag.py:3823} INFO - Setting next_dagrun for example_python_decorator to None, run_after=None
[2024-04-25T05:59:17.979+0000] {processor.py:183} INFO - Processing /home/airflow/.local/lib/python3.8/site-packages/airflow/example_dags/example_python_decorator.py took 0.774 seconds
[2024-04-25T06:00:09.318+0000] {processor.py:161} INFO - Started process (PID=184) to work on /home/airflow/.local/lib/python3.8/site-packages/airflow/example_dags/example_python_decorator.py
[2024-04-25T06:00:09.337+0000] {processor.py:830} INFO - Processing file /home/airflow/.local/lib/python3.8/site-packages/airflow/example_dags/example_python_decorator.py for tasks to queue
[2024-04-25T06:00:09.364+0000] {logging_mixin.py:188} INFO - [2024-04-25T06:00:09.362+0000] {dagbag.py:538} INFO - Filling up the DagBag from /home/airflow/.local/lib/python3.8/site-packages/airflow/example_dags/example_python_decorator.py
[2024-04-25T06:00:09.887+0000] {processor.py:840} INFO - DAG(s) 'example_python_decorator' retrieved from /home/airflow/.local/lib/python3.8/site-packages/airflow/example_dags/example_python_decorator.py
[2024-04-25T06:00:10.171+0000] {logging_mixin.py:188} INFO - [2024-04-25T06:00:10.170+0000] {dag.py:3036} INFO - Sync 1 DAGs
[2024-04-25T06:00:10.368+0000] {logging_mixin.py:188} INFO - [2024-04-25T06:00:10.345+0000] {dag.py:3823} INFO - Setting next_dagrun for example_python_decorator to None, run_after=None
[2024-04-25T06:00:11.663+0000] {processor.py:183} INFO - Processing /home/airflow/.local/lib/python3.8/site-packages/airflow/example_dags/example_python_decorator.py took 2.418 seconds
[2024-04-25T06:00:43.579+0000] {processor.py:161} INFO - Started process (PID=243) to work on /home/airflow/.local/lib/python3.8/site-packages/airflow/example_dags/example_python_decorator.py
[2024-04-25T06:00:43.585+0000] {processor.py:830} INFO - Processing file /home/airflow/.local/lib/python3.8/site-packages/airflow/example_dags/example_python_decorator.py for tasks to queue
[2024-04-25T06:00:43.593+0000] {logging_mixin.py:188} INFO - [2024-04-25T06:00:43.592+0000] {dagbag.py:538} INFO - Filling up the DagBag from /home/airflow/.local/lib/python3.8/site-packages/airflow/example_dags/example_python_decorator.py
[2024-04-25T06:00:43.639+0000] {processor.py:840} INFO - DAG(s) 'example_python_decorator' retrieved from /home/airflow/.local/lib/python3.8/site-packages/airflow/example_dags/example_python_decorator.py
[2024-04-25T06:00:43.722+0000] {logging_mixin.py:188} INFO - [2024-04-25T06:00:43.721+0000] {dag.py:3036} INFO - Sync 1 DAGs
[2024-04-25T06:00:43.762+0000] {logging_mixin.py:188} INFO - [2024-04-25T06:00:43.761+0000] {dag.py:3823} INFO - Setting next_dagrun for example_python_decorator to None, run_after=None
[2024-04-25T06:00:43.832+0000] {processor.py:183} INFO - Processing /home/airflow/.local/lib/python3.8/site-packages/airflow/example_dags/example_python_decorator.py took 0.269 seconds
[2024-04-25T06:01:18.222+0000] {processor.py:161} INFO - Started process (PID=300) to work on /home/airflow/.local/lib/python3.8/site-packages/airflow/example_dags/example_python_decorator.py
[2024-04-25T06:01:18.229+0000] {processor.py:830} INFO - Processing file /home/airflow/.local/lib/python3.8/site-packages/airflow/example_dags/example_python_decorator.py for tasks to queue
[2024-04-25T06:01:18.240+0000] {logging_mixin.py:188} INFO - [2024-04-25T06:01:18.239+0000] {dagbag.py:538} INFO - Filling up the DagBag from /home/airflow/.local/lib/python3.8/site-packages/airflow/example_dags/example_python_decorator.py
[2024-04-25T06:01:18.309+0000] {processor.py:840} INFO - DAG(s) 'example_python_decorator' retrieved from /home/airflow/.local/lib/python3.8/site-packages/airflow/example_dags/example_python_decorator.py
[2024-04-25T06:01:18.397+0000] {logging_mixin.py:188} INFO - [2024-04-25T06:01:18.397+0000] {dag.py:3036} INFO - Sync 1 DAGs
[2024-04-25T06:01:18.454+0000] {logging_mixin.py:188} INFO - [2024-04-25T06:01:18.453+0000] {dag.py:3823} INFO - Setting next_dagrun for example_python_decorator to None, run_after=None
[2024-04-25T06:01:18.533+0000] {processor.py:183} INFO - Processing /home/airflow/.local/lib/python3.8/site-packages/airflow/example_dags/example_python_decorator.py took 0.328 seconds
[2024-04-25T06:02:02.993+0000] {processor.py:161} INFO - Started process (PID=360) to work on /home/airflow/.local/lib/python3.8/site-packages/airflow/example_dags/example_python_decorator.py
[2024-04-25T06:02:02.996+0000] {processor.py:830} INFO - Processing file /home/airflow/.local/lib/python3.8/site-packages/airflow/example_dags/example_python_decorator.py for tasks to queue
[2024-04-25T06:02:03.001+0000] {logging_mixin.py:188} INFO - [2024-04-25T06:02:03.001+0000] {dagbag.py:538} INFO - Filling up the DagBag from /home/airflow/.local/lib/python3.8/site-packages/airflow/example_dags/example_python_decorator.py
[2024-04-25T06:02:03.208+0000] {processor.py:840} INFO - DAG(s) 'example_python_decorator' retrieved from /home/airflow/.local/lib/python3.8/site-packages/airflow/example_dags/example_python_decorator.py
[2024-04-25T06:02:03.354+0000] {logging_mixin.py:188} INFO - [2024-04-25T06:02:03.353+0000] {dag.py:3036} INFO - Sync 1 DAGs
[2024-04-25T06:02:03.437+0000] {logging_mixin.py:188} INFO - [2024-04-25T06:02:03.436+0000] {dag.py:3823} INFO - Setting next_dagrun for example_python_decorator to None, run_after=None
[2024-04-25T06:02:03.504+0000] {processor.py:183} INFO - Processing /home/airflow/.local/lib/python3.8/site-packages/airflow/example_dags/example_python_decorator.py took 0.520 seconds
[2024-04-25T06:02:33.589+0000] {processor.py:161} INFO - Started process (PID=419) to work on /home/airflow/.local/lib/python3.8/site-packages/airflow/example_dags/example_python_decorator.py
[2024-04-25T06:02:33.592+0000] {processor.py:830} INFO - Processing file /home/airflow/.local/lib/python3.8/site-packages/airflow/example_dags/example_python_decorator.py for tasks to queue
[2024-04-25T06:02:33.597+0000] {logging_mixin.py:188} INFO - [2024-04-25T06:02:33.596+0000] {dagbag.py:538} INFO - Filling up the DagBag from /home/airflow/.local/lib/python3.8/site-packages/airflow/example_dags/example_python_decorator.py
[2024-04-25T06:02:33.661+0000] {processor.py:840} INFO - DAG(s) 'example_python_decorator' retrieved from /home/airflow/.local/lib/python3.8/site-packages/airflow/example_dags/example_python_decorator.py
[2024-04-25T06:02:33.722+0000] {logging_mixin.py:188} INFO - [2024-04-25T06:02:33.721+0000] {dag.py:3036} INFO - Sync 1 DAGs
[2024-04-25T06:02:33.763+0000] {logging_mixin.py:188} INFO - [2024-04-25T06:02:33.762+0000] {dag.py:3823} INFO - Setting next_dagrun for example_python_decorator to None, run_after=None
[2024-04-25T06:02:33.846+0000] {processor.py:183} INFO - Processing /home/airflow/.local/lib/python3.8/site-packages/airflow/example_dags/example_python_decorator.py took 0.266 seconds
[2024-04-25T06:03:17.674+0000] {processor.py:161} INFO - Started process (PID=483) to work on /home/airflow/.local/lib/python3.8/site-packages/airflow/example_dags/example_python_decorator.py
[2024-04-25T06:03:17.678+0000] {processor.py:830} INFO - Processing file /home/airflow/.local/lib/python3.8/site-packages/airflow/example_dags/example_python_decorator.py for tasks to queue
[2024-04-25T06:03:17.683+0000] {logging_mixin.py:188} INFO - [2024-04-25T06:03:17.682+0000] {dagbag.py:538} INFO - Filling up the DagBag from /home/airflow/.local/lib/python3.8/site-packages/airflow/example_dags/example_python_decorator.py
[2024-04-25T06:03:17.725+0000] {processor.py:840} INFO - DAG(s) 'example_python_decorator' retrieved from /home/airflow/.local/lib/python3.8/site-packages/airflow/example_dags/example_python_decorator.py
[2024-04-25T06:03:17.817+0000] {logging_mixin.py:188} INFO - [2024-04-25T06:03:17.815+0000] {dag.py:3036} INFO - Sync 1 DAGs
[2024-04-25T06:03:17.863+0000] {logging_mixin.py:188} INFO - [2024-04-25T06:03:17.862+0000] {dag.py:3823} INFO - Setting next_dagrun for example_python_decorator to None, run_after=None
[2024-04-25T06:03:17.933+0000] {processor.py:183} INFO - Processing /home/airflow/.local/lib/python3.8/site-packages/airflow/example_dags/example_python_decorator.py took 0.271 seconds
[2024-04-25T06:03:48.317+0000] {processor.py:161} INFO - Started process (PID=542) to work on /home/airflow/.local/lib/python3.8/site-packages/airflow/example_dags/example_python_decorator.py
[2024-04-25T06:03:48.321+0000] {processor.py:830} INFO - Processing file /home/airflow/.local/lib/python3.8/site-packages/airflow/example_dags/example_python_decorator.py for tasks to queue
[2024-04-25T06:03:48.327+0000] {logging_mixin.py:188} INFO - [2024-04-25T06:03:48.326+0000] {dagbag.py:538} INFO - Filling up the DagBag from /home/airflow/.local/lib/python3.8/site-packages/airflow/example_dags/example_python_decorator.py
[2024-04-25T06:03:48.360+0000] {processor.py:840} INFO - DAG(s) 'example_python_decorator' retrieved from /home/airflow/.local/lib/python3.8/site-packages/airflow/example_dags/example_python_decorator.py
[2024-04-25T06:03:48.425+0000] {logging_mixin.py:188} INFO - [2024-04-25T06:03:48.424+0000] {dag.py:3036} INFO - Sync 1 DAGs
[2024-04-25T06:03:48.461+0000] {logging_mixin.py:188} INFO - [2024-04-25T06:03:48.460+0000] {dag.py:3823} INFO - Setting next_dagrun for example_python_decorator to None, run_after=None
[2024-04-25T06:03:48.522+0000] {processor.py:183} INFO - Processing /home/airflow/.local/lib/python3.8/site-packages/airflow/example_dags/example_python_decorator.py took 0.213 seconds
[2024-04-25T06:04:18.923+0000] {processor.py:161} INFO - Started process (PID=601) to work on /home/airflow/.local/lib/python3.8/site-packages/airflow/example_dags/example_python_decorator.py
[2024-04-25T06:04:18.926+0000] {processor.py:830} INFO - Processing file /home/airflow/.local/lib/python3.8/site-packages/airflow/example_dags/example_python_decorator.py for tasks to queue
[2024-04-25T06:04:18.930+0000] {logging_mixin.py:188} INFO - [2024-04-25T06:04:18.930+0000] {dagbag.py:538} INFO - Filling up the DagBag from /home/airflow/.local/lib/python3.8/site-packages/airflow/example_dags/example_python_decorator.py
[2024-04-25T06:04:18.965+0000] {processor.py:840} INFO - DAG(s) 'example_python_decorator' retrieved from /home/airflow/.local/lib/python3.8/site-packages/airflow/example_dags/example_python_decorator.py
[2024-04-25T06:04:19.029+0000] {logging_mixin.py:188} INFO - [2024-04-25T06:04:19.028+0000] {dag.py:3036} INFO - Sync 1 DAGs
[2024-04-25T06:04:19.056+0000] {logging_mixin.py:188} INFO - [2024-04-25T06:04:19.056+0000] {dag.py:3823} INFO - Setting next_dagrun for example_python_decorator to None, run_after=None
[2024-04-25T06:04:19.111+0000] {processor.py:183} INFO - Processing /home/airflow/.local/lib/python3.8/site-packages/airflow/example_dags/example_python_decorator.py took 0.198 seconds
[2024-04-25T06:04:49.253+0000] {processor.py:161} INFO - Started process (PID=660) to work on /home/airflow/.local/lib/python3.8/site-packages/airflow/example_dags/example_python_decorator.py
[2024-04-25T06:04:49.256+0000] {processor.py:830} INFO - Processing file /home/airflow/.local/lib/python3.8/site-packages/airflow/example_dags/example_python_decorator.py for tasks to queue
[2024-04-25T06:04:49.264+0000] {logging_mixin.py:188} INFO - [2024-04-25T06:04:49.263+0000] {dagbag.py:538} INFO - Filling up the DagBag from /home/airflow/.local/lib/python3.8/site-packages/airflow/example_dags/example_python_decorator.py
[2024-04-25T06:04:49.298+0000] {processor.py:840} INFO - DAG(s) 'example_python_decorator' retrieved from /home/airflow/.local/lib/python3.8/site-packages/airflow/example_dags/example_python_decorator.py
[2024-04-25T06:04:49.346+0000] {logging_mixin.py:188} INFO - [2024-04-25T06:04:49.345+0000] {dag.py:3036} INFO - Sync 1 DAGs
[2024-04-25T06:04:49.374+0000] {logging_mixin.py:188} INFO - [2024-04-25T06:04:49.374+0000] {dag.py:3823} INFO - Setting next_dagrun for example_python_decorator to None, run_after=None
[2024-04-25T06:04:49.421+0000] {processor.py:183} INFO - Processing /home/airflow/.local/lib/python3.8/site-packages/airflow/example_dags/example_python_decorator.py took 0.176 seconds
[2024-04-25T06:05:21.689+0000] {processor.py:161} INFO - Started process (PID=719) to work on /home/airflow/.local/lib/python3.8/site-packages/airflow/example_dags/example_python_decorator.py
[2024-04-25T06:05:21.695+0000] {processor.py:830} INFO - Processing file /home/airflow/.local/lib/python3.8/site-packages/airflow/example_dags/example_python_decorator.py for tasks to queue
[2024-04-25T06:05:21.703+0000] {logging_mixin.py:188} INFO - [2024-04-25T06:05:21.701+0000] {dagbag.py:538} INFO - Filling up the DagBag from /home/airflow/.local/lib/python3.8/site-packages/airflow/example_dags/example_python_decorator.py
[2024-04-25T06:05:21.758+0000] {processor.py:840} INFO - DAG(s) 'example_python_decorator' retrieved from /home/airflow/.local/lib/python3.8/site-packages/airflow/example_dags/example_python_decorator.py
[2024-04-25T06:05:21.858+0000] {logging_mixin.py:188} INFO - [2024-04-25T06:05:21.857+0000] {dag.py:3036} INFO - Sync 1 DAGs
[2024-04-25T06:05:21.915+0000] {logging_mixin.py:188} INFO - [2024-04-25T06:05:21.914+0000] {dag.py:3823} INFO - Setting next_dagrun for example_python_decorator to None, run_after=None
[2024-04-25T06:05:22.008+0000] {processor.py:183} INFO - Processing /home/airflow/.local/lib/python3.8/site-packages/airflow/example_dags/example_python_decorator.py took 0.336 seconds
[2024-04-25T06:05:52.641+0000] {processor.py:161} INFO - Started process (PID=778) to work on /home/airflow/.local/lib/python3.8/site-packages/airflow/example_dags/example_python_decorator.py
[2024-04-25T06:05:52.644+0000] {processor.py:830} INFO - Processing file /home/airflow/.local/lib/python3.8/site-packages/airflow/example_dags/example_python_decorator.py for tasks to queue
[2024-04-25T06:05:52.648+0000] {logging_mixin.py:188} INFO - [2024-04-25T06:05:52.648+0000] {dagbag.py:538} INFO - Filling up the DagBag from /home/airflow/.local/lib/python3.8/site-packages/airflow/example_dags/example_python_decorator.py
[2024-04-25T06:05:52.675+0000] {processor.py:840} INFO - DAG(s) 'example_python_decorator' retrieved from /home/airflow/.local/lib/python3.8/site-packages/airflow/example_dags/example_python_decorator.py
[2024-04-25T06:05:52.717+0000] {logging_mixin.py:188} INFO - [2024-04-25T06:05:52.716+0000] {dag.py:3036} INFO - Sync 1 DAGs
[2024-04-25T06:05:52.739+0000] {logging_mixin.py:188} INFO - [2024-04-25T06:05:52.739+0000] {dag.py:3823} INFO - Setting next_dagrun for example_python_decorator to None, run_after=None
[2024-04-25T06:05:52.781+0000] {processor.py:183} INFO - Processing /home/airflow/.local/lib/python3.8/site-packages/airflow/example_dags/example_python_decorator.py took 0.148 seconds
[2024-04-25T06:06:23.524+0000] {processor.py:161} INFO - Started process (PID=837) to work on /home/airflow/.local/lib/python3.8/site-packages/airflow/example_dags/example_python_decorator.py
[2024-04-25T06:06:23.525+0000] {processor.py:830} INFO - Processing file /home/airflow/.local/lib/python3.8/site-packages/airflow/example_dags/example_python_decorator.py for tasks to queue
[2024-04-25T06:06:23.527+0000] {logging_mixin.py:188} INFO - [2024-04-25T06:06:23.527+0000] {dagbag.py:538} INFO - Filling up the DagBag from /home/airflow/.local/lib/python3.8/site-packages/airflow/example_dags/example_python_decorator.py
[2024-04-25T06:06:23.541+0000] {processor.py:840} INFO - DAG(s) 'example_python_decorator' retrieved from /home/airflow/.local/lib/python3.8/site-packages/airflow/example_dags/example_python_decorator.py
[2024-04-25T06:06:23.572+0000] {logging_mixin.py:188} INFO - [2024-04-25T06:06:23.571+0000] {dag.py:3036} INFO - Sync 1 DAGs
[2024-04-25T06:06:23.589+0000] {logging_mixin.py:188} INFO - [2024-04-25T06:06:23.589+0000] {dag.py:3823} INFO - Setting next_dagrun for example_python_decorator to None, run_after=None
[2024-04-25T06:06:23.622+0000] {processor.py:183} INFO - Processing /home/airflow/.local/lib/python3.8/site-packages/airflow/example_dags/example_python_decorator.py took 0.102 seconds
[2024-04-25T06:06:54.828+0000] {processor.py:161} INFO - Started process (PID=896) to work on /home/airflow/.local/lib/python3.8/site-packages/airflow/example_dags/example_python_decorator.py
[2024-04-25T06:06:54.834+0000] {processor.py:830} INFO - Processing file /home/airflow/.local/lib/python3.8/site-packages/airflow/example_dags/example_python_decorator.py for tasks to queue
[2024-04-25T06:06:54.848+0000] {logging_mixin.py:188} INFO - [2024-04-25T06:06:54.840+0000] {dagbag.py:538} INFO - Filling up the DagBag from /home/airflow/.local/lib/python3.8/site-packages/airflow/example_dags/example_python_decorator.py
[2024-04-25T06:06:54.901+0000] {processor.py:840} INFO - DAG(s) 'example_python_decorator' retrieved from /home/airflow/.local/lib/python3.8/site-packages/airflow/example_dags/example_python_decorator.py
[2024-04-25T06:06:55.019+0000] {logging_mixin.py:188} INFO - [2024-04-25T06:06:55.017+0000] {dag.py:3036} INFO - Sync 1 DAGs
[2024-04-25T06:06:55.250+0000] {logging_mixin.py:188} INFO - [2024-04-25T06:06:55.249+0000] {dag.py:3823} INFO - Setting next_dagrun for example_python_decorator to None, run_after=None
[2024-04-25T06:06:55.352+0000] {processor.py:183} INFO - Processing /home/airflow/.local/lib/python3.8/site-packages/airflow/example_dags/example_python_decorator.py took 0.541 seconds
[2024-04-25T06:07:25.808+0000] {processor.py:161} INFO - Started process (PID=955) to work on /home/airflow/.local/lib/python3.8/site-packages/airflow/example_dags/example_python_decorator.py
[2024-04-25T06:07:25.811+0000] {processor.py:830} INFO - Processing file /home/airflow/.local/lib/python3.8/site-packages/airflow/example_dags/example_python_decorator.py for tasks to queue
[2024-04-25T06:07:25.816+0000] {logging_mixin.py:188} INFO - [2024-04-25T06:07:25.815+0000] {dagbag.py:538} INFO - Filling up the DagBag from /home/airflow/.local/lib/python3.8/site-packages/airflow/example_dags/example_python_decorator.py
[2024-04-25T06:07:25.841+0000] {processor.py:840} INFO - DAG(s) 'example_python_decorator' retrieved from /home/airflow/.local/lib/python3.8/site-packages/airflow/example_dags/example_python_decorator.py
[2024-04-25T06:07:25.952+0000] {logging_mixin.py:188} INFO - [2024-04-25T06:07:25.946+0000] {dag.py:3036} INFO - Sync 1 DAGs
[2024-04-25T06:07:26.074+0000] {logging_mixin.py:188} INFO - [2024-04-25T06:07:26.072+0000] {dag.py:3823} INFO - Setting next_dagrun for example_python_decorator to None, run_after=None
[2024-04-25T06:07:26.245+0000] {processor.py:183} INFO - Processing /home/airflow/.local/lib/python3.8/site-packages/airflow/example_dags/example_python_decorator.py took 0.443 seconds
[2024-04-25T06:07:56.646+0000] {processor.py:161} INFO - Started process (PID=1014) to work on /home/airflow/.local/lib/python3.8/site-packages/airflow/example_dags/example_python_decorator.py
[2024-04-25T06:07:56.650+0000] {processor.py:830} INFO - Processing file /home/airflow/.local/lib/python3.8/site-packages/airflow/example_dags/example_python_decorator.py for tasks to queue
[2024-04-25T06:07:56.659+0000] {logging_mixin.py:188} INFO - [2024-04-25T06:07:56.658+0000] {dagbag.py:538} INFO - Filling up the DagBag from /home/airflow/.local/lib/python3.8/site-packages/airflow/example_dags/example_python_decorator.py
[2024-04-25T06:07:56.698+0000] {processor.py:840} INFO - DAG(s) 'example_python_decorator' retrieved from /home/airflow/.local/lib/python3.8/site-packages/airflow/example_dags/example_python_decorator.py
[2024-04-25T06:07:56.783+0000] {logging_mixin.py:188} INFO - [2024-04-25T06:07:56.781+0000] {dag.py:3036} INFO - Sync 1 DAGs
[2024-04-25T06:07:56.867+0000] {logging_mixin.py:188} INFO - [2024-04-25T06:07:56.867+0000] {dag.py:3823} INFO - Setting next_dagrun for example_python_decorator to None, run_after=None
[2024-04-25T06:07:56.959+0000] {processor.py:183} INFO - Processing /home/airflow/.local/lib/python3.8/site-packages/airflow/example_dags/example_python_decorator.py took 0.322 seconds
[2024-04-25T06:08:27.942+0000] {processor.py:161} INFO - Started process (PID=1073) to work on /home/airflow/.local/lib/python3.8/site-packages/airflow/example_dags/example_python_decorator.py
[2024-04-25T06:08:27.945+0000] {processor.py:830} INFO - Processing file /home/airflow/.local/lib/python3.8/site-packages/airflow/example_dags/example_python_decorator.py for tasks to queue
[2024-04-25T06:08:27.951+0000] {logging_mixin.py:188} INFO - [2024-04-25T06:08:27.950+0000] {dagbag.py:538} INFO - Filling up the DagBag from /home/airflow/.local/lib/python3.8/site-packages/airflow/example_dags/example_python_decorator.py
[2024-04-25T06:08:27.981+0000] {processor.py:840} INFO - DAG(s) 'example_python_decorator' retrieved from /home/airflow/.local/lib/python3.8/site-packages/airflow/example_dags/example_python_decorator.py
[2024-04-25T06:08:28.010+0000] {logging_mixin.py:188} INFO - [2024-04-25T06:08:28.010+0000] {dag.py:3036} INFO - Sync 1 DAGs
[2024-04-25T06:08:28.024+0000] {logging_mixin.py:188} INFO - [2024-04-25T06:08:28.024+0000] {dag.py:3823} INFO - Setting next_dagrun for example_python_decorator to None, run_after=None
[2024-04-25T06:08:28.050+0000] {processor.py:183} INFO - Processing /home/airflow/.local/lib/python3.8/site-packages/airflow/example_dags/example_python_decorator.py took 0.116 seconds
[2024-04-25T06:08:58.308+0000] {processor.py:161} INFO - Started process (PID=1132) to work on /home/airflow/.local/lib/python3.8/site-packages/airflow/example_dags/example_python_decorator.py
[2024-04-25T06:08:58.312+0000] {processor.py:830} INFO - Processing file /home/airflow/.local/lib/python3.8/site-packages/airflow/example_dags/example_python_decorator.py for tasks to queue
[2024-04-25T06:08:58.319+0000] {logging_mixin.py:188} INFO - [2024-04-25T06:08:58.319+0000] {dagbag.py:538} INFO - Filling up the DagBag from /home/airflow/.local/lib/python3.8/site-packages/airflow/example_dags/example_python_decorator.py
[2024-04-25T06:08:58.388+0000] {processor.py:840} INFO - DAG(s) 'example_python_decorator' retrieved from /home/airflow/.local/lib/python3.8/site-packages/airflow/example_dags/example_python_decorator.py
[2024-04-25T06:08:58.478+0000] {logging_mixin.py:188} INFO - [2024-04-25T06:08:58.477+0000] {dag.py:3036} INFO - Sync 1 DAGs
[2024-04-25T06:08:58.525+0000] {logging_mixin.py:188} INFO - [2024-04-25T06:08:58.524+0000] {dag.py:3823} INFO - Setting next_dagrun for example_python_decorator to None, run_after=None
[2024-04-25T06:08:58.614+0000] {processor.py:183} INFO - Processing /home/airflow/.local/lib/python3.8/site-packages/airflow/example_dags/example_python_decorator.py took 0.319 seconds
[2024-04-25T06:09:29.172+0000] {processor.py:161} INFO - Started process (PID=1191) to work on /home/airflow/.local/lib/python3.8/site-packages/airflow/example_dags/example_python_decorator.py
[2024-04-25T06:09:29.174+0000] {processor.py:830} INFO - Processing file /home/airflow/.local/lib/python3.8/site-packages/airflow/example_dags/example_python_decorator.py for tasks to queue
[2024-04-25T06:09:29.178+0000] {logging_mixin.py:188} INFO - [2024-04-25T06:09:29.177+0000] {dagbag.py:538} INFO - Filling up the DagBag from /home/airflow/.local/lib/python3.8/site-packages/airflow/example_dags/example_python_decorator.py
[2024-04-25T06:09:29.200+0000] {processor.py:840} INFO - DAG(s) 'example_python_decorator' retrieved from /home/airflow/.local/lib/python3.8/site-packages/airflow/example_dags/example_python_decorator.py
[2024-04-25T06:09:29.237+0000] {logging_mixin.py:188} INFO - [2024-04-25T06:09:29.237+0000] {dag.py:3036} INFO - Sync 1 DAGs
[2024-04-25T06:09:29.257+0000] {logging_mixin.py:188} INFO - [2024-04-25T06:09:29.257+0000] {dag.py:3823} INFO - Setting next_dagrun for example_python_decorator to None, run_after=None
[2024-04-25T06:09:29.296+0000] {processor.py:183} INFO - Processing /home/airflow/.local/lib/python3.8/site-packages/airflow/example_dags/example_python_decorator.py took 0.129 seconds
[2024-04-25T06:10:00.742+0000] {processor.py:161} INFO - Started process (PID=1250) to work on /home/airflow/.local/lib/python3.8/site-packages/airflow/example_dags/example_python_decorator.py
[2024-04-25T06:10:00.755+0000] {processor.py:830} INFO - Processing file /home/airflow/.local/lib/python3.8/site-packages/airflow/example_dags/example_python_decorator.py for tasks to queue
[2024-04-25T06:10:00.768+0000] {logging_mixin.py:188} INFO - [2024-04-25T06:10:00.766+0000] {dagbag.py:538} INFO - Filling up the DagBag from /home/airflow/.local/lib/python3.8/site-packages/airflow/example_dags/example_python_decorator.py
[2024-04-25T06:10:00.818+0000] {processor.py:840} INFO - DAG(s) 'example_python_decorator' retrieved from /home/airflow/.local/lib/python3.8/site-packages/airflow/example_dags/example_python_decorator.py
[2024-04-25T06:10:00.888+0000] {logging_mixin.py:188} INFO - [2024-04-25T06:10:00.887+0000] {dag.py:3036} INFO - Sync 1 DAGs
[2024-04-25T06:10:00.929+0000] {logging_mixin.py:188} INFO - [2024-04-25T06:10:00.928+0000] {dag.py:3823} INFO - Setting next_dagrun for example_python_decorator to None, run_after=None
[2024-04-25T06:10:01.017+0000] {processor.py:183} INFO - Processing /home/airflow/.local/lib/python3.8/site-packages/airflow/example_dags/example_python_decorator.py took 0.304 seconds
[2024-04-25T06:10:31.995+0000] {processor.py:161} INFO - Started process (PID=1309) to work on /home/airflow/.local/lib/python3.8/site-packages/airflow/example_dags/example_python_decorator.py
[2024-04-25T06:10:31.998+0000] {processor.py:830} INFO - Processing file /home/airflow/.local/lib/python3.8/site-packages/airflow/example_dags/example_python_decorator.py for tasks to queue
[2024-04-25T06:10:32.006+0000] {logging_mixin.py:188} INFO - [2024-04-25T06:10:32.004+0000] {dagbag.py:538} INFO - Filling up the DagBag from /home/airflow/.local/lib/python3.8/site-packages/airflow/example_dags/example_python_decorator.py
[2024-04-25T06:10:32.050+0000] {processor.py:840} INFO - DAG(s) 'example_python_decorator' retrieved from /home/airflow/.local/lib/python3.8/site-packages/airflow/example_dags/example_python_decorator.py
[2024-04-25T06:10:32.124+0000] {logging_mixin.py:188} INFO - [2024-04-25T06:10:32.124+0000] {dag.py:3036} INFO - Sync 1 DAGs
[2024-04-25T06:10:32.161+0000] {logging_mixin.py:188} INFO - [2024-04-25T06:10:32.161+0000] {dag.py:3823} INFO - Setting next_dagrun for example_python_decorator to None, run_after=None
[2024-04-25T06:10:32.211+0000] {processor.py:183} INFO - Processing /home/airflow/.local/lib/python3.8/site-packages/airflow/example_dags/example_python_decorator.py took 0.225 seconds
[2024-04-25T06:53:12.447+0000] {processor.py:161} INFO - Started process (PID=138) to work on /home/airflow/.local/lib/python3.8/site-packages/airflow/example_dags/example_python_decorator.py
[2024-04-25T06:53:12.454+0000] {processor.py:830} INFO - Processing file /home/airflow/.local/lib/python3.8/site-packages/airflow/example_dags/example_python_decorator.py for tasks to queue
[2024-04-25T06:53:12.464+0000] {logging_mixin.py:188} INFO - [2024-04-25T06:53:12.463+0000] {dagbag.py:538} INFO - Filling up the DagBag from /home/airflow/.local/lib/python3.8/site-packages/airflow/example_dags/example_python_decorator.py
[2024-04-25T06:53:12.542+0000] {processor.py:840} INFO - DAG(s) 'example_python_decorator' retrieved from /home/airflow/.local/lib/python3.8/site-packages/airflow/example_dags/example_python_decorator.py
[2024-04-25T06:53:13.405+0000] {logging_mixin.py:188} INFO - [2024-04-25T06:53:13.404+0000] {dag.py:3036} INFO - Sync 1 DAGs
[2024-04-25T06:53:13.476+0000] {logging_mixin.py:188} INFO - [2024-04-25T06:53:13.474+0000] {dag.py:3823} INFO - Setting next_dagrun for example_python_decorator to None, run_after=None
[2024-04-25T06:53:13.599+0000] {processor.py:183} INFO - Processing /home/airflow/.local/lib/python3.8/site-packages/airflow/example_dags/example_python_decorator.py took 1.169 seconds
[2024-04-25T06:53:51.597+0000] {processor.py:161} INFO - Started process (PID=208) to work on /home/airflow/.local/lib/python3.8/site-packages/airflow/example_dags/example_python_decorator.py
[2024-04-25T06:53:51.603+0000] {processor.py:830} INFO - Processing file /home/airflow/.local/lib/python3.8/site-packages/airflow/example_dags/example_python_decorator.py for tasks to queue
[2024-04-25T06:53:51.612+0000] {logging_mixin.py:188} INFO - [2024-04-25T06:53:51.610+0000] {dagbag.py:538} INFO - Filling up the DagBag from /home/airflow/.local/lib/python3.8/site-packages/airflow/example_dags/example_python_decorator.py
[2024-04-25T06:53:51.766+0000] {processor.py:840} INFO - DAG(s) 'example_python_decorator' retrieved from /home/airflow/.local/lib/python3.8/site-packages/airflow/example_dags/example_python_decorator.py
[2024-04-25T06:53:51.930+0000] {logging_mixin.py:188} INFO - [2024-04-25T06:53:51.929+0000] {dag.py:3036} INFO - Sync 1 DAGs
[2024-04-25T06:53:52.045+0000] {logging_mixin.py:188} INFO - [2024-04-25T06:53:52.043+0000] {dag.py:3823} INFO - Setting next_dagrun for example_python_decorator to None, run_after=None
[2024-04-25T06:53:52.307+0000] {processor.py:183} INFO - Processing /home/airflow/.local/lib/python3.8/site-packages/airflow/example_dags/example_python_decorator.py took 0.730 seconds
[2024-04-25T06:54:23.452+0000] {processor.py:161} INFO - Started process (PID=278) to work on /home/airflow/.local/lib/python3.8/site-packages/airflow/example_dags/example_python_decorator.py
[2024-04-25T06:54:23.461+0000] {processor.py:830} INFO - Processing file /home/airflow/.local/lib/python3.8/site-packages/airflow/example_dags/example_python_decorator.py for tasks to queue
[2024-04-25T06:54:23.473+0000] {logging_mixin.py:188} INFO - [2024-04-25T06:54:23.470+0000] {dagbag.py:538} INFO - Filling up the DagBag from /home/airflow/.local/lib/python3.8/site-packages/airflow/example_dags/example_python_decorator.py
[2024-04-25T06:54:23.739+0000] {processor.py:840} INFO - DAG(s) 'example_python_decorator' retrieved from /home/airflow/.local/lib/python3.8/site-packages/airflow/example_dags/example_python_decorator.py
[2024-04-25T06:54:23.973+0000] {logging_mixin.py:188} INFO - [2024-04-25T06:54:23.972+0000] {dag.py:3036} INFO - Sync 1 DAGs
[2024-04-25T06:54:24.091+0000] {logging_mixin.py:188} INFO - [2024-04-25T06:54:24.090+0000] {dag.py:3823} INFO - Setting next_dagrun for example_python_decorator to None, run_after=None
[2024-04-25T06:54:24.253+0000] {processor.py:183} INFO - Processing /home/airflow/.local/lib/python3.8/site-packages/airflow/example_dags/example_python_decorator.py took 0.817 seconds
[2024-04-25T06:54:58.247+0000] {processor.py:161} INFO - Started process (PID=348) to work on /home/airflow/.local/lib/python3.8/site-packages/airflow/example_dags/example_python_decorator.py
[2024-04-25T06:54:58.254+0000] {processor.py:830} INFO - Processing file /home/airflow/.local/lib/python3.8/site-packages/airflow/example_dags/example_python_decorator.py for tasks to queue
[2024-04-25T06:54:58.263+0000] {logging_mixin.py:188} INFO - [2024-04-25T06:54:58.262+0000] {dagbag.py:538} INFO - Filling up the DagBag from /home/airflow/.local/lib/python3.8/site-packages/airflow/example_dags/example_python_decorator.py
[2024-04-25T06:54:58.375+0000] {processor.py:840} INFO - DAG(s) 'example_python_decorator' retrieved from /home/airflow/.local/lib/python3.8/site-packages/airflow/example_dags/example_python_decorator.py
[2024-04-25T06:54:58.563+0000] {logging_mixin.py:188} INFO - [2024-04-25T06:54:58.563+0000] {dag.py:3036} INFO - Sync 1 DAGs
[2024-04-25T06:54:58.715+0000] {logging_mixin.py:188} INFO - [2024-04-25T06:54:58.714+0000] {dag.py:3823} INFO - Setting next_dagrun for example_python_decorator to None, run_after=None
[2024-04-25T06:54:58.977+0000] {processor.py:183} INFO - Processing /home/airflow/.local/lib/python3.8/site-packages/airflow/example_dags/example_python_decorator.py took 0.747 seconds
[2024-04-25T06:55:30.215+0000] {processor.py:161} INFO - Started process (PID=417) to work on /home/airflow/.local/lib/python3.8/site-packages/airflow/example_dags/example_python_decorator.py
[2024-04-25T06:55:30.222+0000] {processor.py:830} INFO - Processing file /home/airflow/.local/lib/python3.8/site-packages/airflow/example_dags/example_python_decorator.py for tasks to queue
[2024-04-25T06:55:30.234+0000] {logging_mixin.py:188} INFO - [2024-04-25T06:55:30.233+0000] {dagbag.py:538} INFO - Filling up the DagBag from /home/airflow/.local/lib/python3.8/site-packages/airflow/example_dags/example_python_decorator.py
[2024-04-25T06:55:30.358+0000] {processor.py:840} INFO - DAG(s) 'example_python_decorator' retrieved from /home/airflow/.local/lib/python3.8/site-packages/airflow/example_dags/example_python_decorator.py
[2024-04-25T06:55:30.484+0000] {logging_mixin.py:188} INFO - [2024-04-25T06:55:30.483+0000] {dag.py:3036} INFO - Sync 1 DAGs
[2024-04-25T06:55:30.564+0000] {logging_mixin.py:188} INFO - [2024-04-25T06:55:30.562+0000] {dag.py:3823} INFO - Setting next_dagrun for example_python_decorator to None, run_after=None
[2024-04-25T06:55:30.660+0000] {processor.py:183} INFO - Processing /home/airflow/.local/lib/python3.8/site-packages/airflow/example_dags/example_python_decorator.py took 0.474 seconds
[2024-04-25T06:56:07.484+0000] {processor.py:161} INFO - Started process (PID=487) to work on /home/airflow/.local/lib/python3.8/site-packages/airflow/example_dags/example_python_decorator.py
[2024-04-25T06:56:07.488+0000] {processor.py:830} INFO - Processing file /home/airflow/.local/lib/python3.8/site-packages/airflow/example_dags/example_python_decorator.py for tasks to queue
[2024-04-25T06:56:07.496+0000] {logging_mixin.py:188} INFO - [2024-04-25T06:56:07.495+0000] {dagbag.py:538} INFO - Filling up the DagBag from /home/airflow/.local/lib/python3.8/site-packages/airflow/example_dags/example_python_decorator.py
[2024-04-25T06:56:07.564+0000] {processor.py:840} INFO - DAG(s) 'example_python_decorator' retrieved from /home/airflow/.local/lib/python3.8/site-packages/airflow/example_dags/example_python_decorator.py
[2024-04-25T06:56:07.664+0000] {logging_mixin.py:188} INFO - [2024-04-25T06:56:07.663+0000] {dag.py:3036} INFO - Sync 1 DAGs
[2024-04-25T06:56:07.711+0000] {logging_mixin.py:188} INFO - [2024-04-25T06:56:07.710+0000] {dag.py:3823} INFO - Setting next_dagrun for example_python_decorator to None, run_after=None
[2024-04-25T06:56:07.784+0000] {processor.py:183} INFO - Processing /home/airflow/.local/lib/python3.8/site-packages/airflow/example_dags/example_python_decorator.py took 0.311 seconds
[2024-04-25T06:56:47.805+0000] {processor.py:161} INFO - Started process (PID=565) to work on /home/airflow/.local/lib/python3.8/site-packages/airflow/example_dags/example_python_decorator.py
[2024-04-25T06:56:47.810+0000] {processor.py:830} INFO - Processing file /home/airflow/.local/lib/python3.8/site-packages/airflow/example_dags/example_python_decorator.py for tasks to queue
[2024-04-25T06:56:47.820+0000] {logging_mixin.py:188} INFO - [2024-04-25T06:56:47.819+0000] {dagbag.py:538} INFO - Filling up the DagBag from /home/airflow/.local/lib/python3.8/site-packages/airflow/example_dags/example_python_decorator.py
[2024-04-25T06:56:47.882+0000] {processor.py:840} INFO - DAG(s) 'example_python_decorator' retrieved from /home/airflow/.local/lib/python3.8/site-packages/airflow/example_dags/example_python_decorator.py
[2024-04-25T06:56:47.961+0000] {logging_mixin.py:188} INFO - [2024-04-25T06:56:47.960+0000] {dag.py:3036} INFO - Sync 1 DAGs
[2024-04-25T06:56:48.014+0000] {logging_mixin.py:188} INFO - [2024-04-25T06:56:48.013+0000] {dag.py:3823} INFO - Setting next_dagrun for example_python_decorator to None, run_after=None
[2024-04-25T06:56:48.092+0000] {processor.py:183} INFO - Processing /home/airflow/.local/lib/python3.8/site-packages/airflow/example_dags/example_python_decorator.py took 0.303 seconds
[2024-04-25T07:00:01.879+0000] {processor.py:161} INFO - Started process (PID=677) to work on /home/airflow/.local/lib/python3.8/site-packages/airflow/example_dags/example_python_decorator.py
[2024-04-25T07:00:02.258+0000] {processor.py:830} INFO - Processing file /home/airflow/.local/lib/python3.8/site-packages/airflow/example_dags/example_python_decorator.py for tasks to queue
[2024-04-25T07:00:02.554+0000] {logging_mixin.py:188} INFO - [2024-04-25T07:00:02.487+0000] {dagbag.py:538} INFO - Filling up the DagBag from /home/airflow/.local/lib/python3.8/site-packages/airflow/example_dags/example_python_decorator.py
[2024-04-25T07:00:11.311+0000] {processor.py:840} INFO - DAG(s) 'example_python_decorator' retrieved from /home/airflow/.local/lib/python3.8/site-packages/airflow/example_dags/example_python_decorator.py
[2024-04-25T07:00:15.249+0000] {logging_mixin.py:188} INFO - [2024-04-25T07:00:15.234+0000] {dag.py:3036} INFO - Sync 1 DAGs
[2024-04-25T07:00:18.163+0000] {logging_mixin.py:188} INFO - [2024-04-25T07:00:18.161+0000] {dag.py:3823} INFO - Setting next_dagrun for example_python_decorator to None, run_after=None
[2024-04-25T07:00:22.363+0000] {processor.py:183} INFO - Processing /home/airflow/.local/lib/python3.8/site-packages/airflow/example_dags/example_python_decorator.py took 22.632 seconds
[2024-04-25T07:51:15.628+0000] {processor.py:161} INFO - Started process (PID=91) to work on /home/airflow/.local/lib/python3.8/site-packages/airflow/example_dags/example_python_decorator.py
[2024-04-25T07:51:15.633+0000] {processor.py:830} INFO - Processing file /home/airflow/.local/lib/python3.8/site-packages/airflow/example_dags/example_python_decorator.py for tasks to queue
[2024-04-25T07:51:15.639+0000] {logging_mixin.py:188} INFO - [2024-04-25T07:51:15.638+0000] {dagbag.py:538} INFO - Filling up the DagBag from /home/airflow/.local/lib/python3.8/site-packages/airflow/example_dags/example_python_decorator.py
[2024-04-25T07:51:15.683+0000] {processor.py:840} INFO - DAG(s) 'example_python_decorator' retrieved from /home/airflow/.local/lib/python3.8/site-packages/airflow/example_dags/example_python_decorator.py
[2024-04-25T07:51:15.981+0000] {logging_mixin.py:188} INFO - [2024-04-25T07:51:15.980+0000] {dag.py:3036} INFO - Sync 1 DAGs
[2024-04-25T07:51:16.033+0000] {logging_mixin.py:188} INFO - [2024-04-25T07:51:16.032+0000] {dag.py:3823} INFO - Setting next_dagrun for example_python_decorator to None, run_after=None
[2024-04-25T07:51:16.128+0000] {processor.py:183} INFO - Processing /home/airflow/.local/lib/python3.8/site-packages/airflow/example_dags/example_python_decorator.py took 0.510 seconds
[2024-04-25T07:51:53.472+0000] {processor.py:161} INFO - Started process (PID=161) to work on /home/airflow/.local/lib/python3.8/site-packages/airflow/example_dags/example_python_decorator.py
[2024-04-25T07:51:53.481+0000] {processor.py:830} INFO - Processing file /home/airflow/.local/lib/python3.8/site-packages/airflow/example_dags/example_python_decorator.py for tasks to queue
[2024-04-25T07:51:53.493+0000] {logging_mixin.py:188} INFO - [2024-04-25T07:51:53.491+0000] {dagbag.py:538} INFO - Filling up the DagBag from /home/airflow/.local/lib/python3.8/site-packages/airflow/example_dags/example_python_decorator.py
[2024-04-25T07:51:53.762+0000] {processor.py:840} INFO - DAG(s) 'example_python_decorator' retrieved from /home/airflow/.local/lib/python3.8/site-packages/airflow/example_dags/example_python_decorator.py
[2024-04-25T07:51:53.978+0000] {logging_mixin.py:188} INFO - [2024-04-25T07:51:53.977+0000] {dag.py:3036} INFO - Sync 1 DAGs
[2024-04-25T07:51:54.052+0000] {logging_mixin.py:188} INFO - [2024-04-25T07:51:54.051+0000] {dag.py:3823} INFO - Setting next_dagrun for example_python_decorator to None, run_after=None
[2024-04-25T07:51:54.143+0000] {processor.py:183} INFO - Processing /home/airflow/.local/lib/python3.8/site-packages/airflow/example_dags/example_python_decorator.py took 0.694 seconds
[2024-04-25T07:52:30.887+0000] {processor.py:161} INFO - Started process (PID=237) to work on /home/airflow/.local/lib/python3.8/site-packages/airflow/example_dags/example_python_decorator.py
[2024-04-25T07:52:30.894+0000] {processor.py:830} INFO - Processing file /home/airflow/.local/lib/python3.8/site-packages/airflow/example_dags/example_python_decorator.py for tasks to queue
[2024-04-25T07:52:30.904+0000] {logging_mixin.py:188} INFO - [2024-04-25T07:52:30.903+0000] {dagbag.py:538} INFO - Filling up the DagBag from /home/airflow/.local/lib/python3.8/site-packages/airflow/example_dags/example_python_decorator.py
[2024-04-25T07:52:30.977+0000] {processor.py:840} INFO - DAG(s) 'example_python_decorator' retrieved from /home/airflow/.local/lib/python3.8/site-packages/airflow/example_dags/example_python_decorator.py
[2024-04-25T07:52:31.096+0000] {logging_mixin.py:188} INFO - [2024-04-25T07:52:31.095+0000] {dag.py:3036} INFO - Sync 1 DAGs
[2024-04-25T07:52:31.156+0000] {logging_mixin.py:188} INFO - [2024-04-25T07:52:31.154+0000] {dag.py:3823} INFO - Setting next_dagrun for example_python_decorator to None, run_after=None
[2024-04-25T07:52:31.288+0000] {processor.py:183} INFO - Processing /home/airflow/.local/lib/python3.8/site-packages/airflow/example_dags/example_python_decorator.py took 0.416 seconds
[2024-04-25T07:53:01.661+0000] {processor.py:161} INFO - Started process (PID=307) to work on /home/airflow/.local/lib/python3.8/site-packages/airflow/example_dags/example_python_decorator.py
[2024-04-25T07:53:01.668+0000] {processor.py:830} INFO - Processing file /home/airflow/.local/lib/python3.8/site-packages/airflow/example_dags/example_python_decorator.py for tasks to queue
[2024-04-25T07:53:01.676+0000] {logging_mixin.py:188} INFO - [2024-04-25T07:53:01.675+0000] {dagbag.py:538} INFO - Filling up the DagBag from /home/airflow/.local/lib/python3.8/site-packages/airflow/example_dags/example_python_decorator.py
[2024-04-25T07:53:01.735+0000] {processor.py:840} INFO - DAG(s) 'example_python_decorator' retrieved from /home/airflow/.local/lib/python3.8/site-packages/airflow/example_dags/example_python_decorator.py
[2024-04-25T07:53:01.837+0000] {logging_mixin.py:188} INFO - [2024-04-25T07:53:01.836+0000] {dag.py:3036} INFO - Sync 1 DAGs
[2024-04-25T07:53:01.888+0000] {logging_mixin.py:188} INFO - [2024-04-25T07:53:01.888+0000] {dag.py:3823} INFO - Setting next_dagrun for example_python_decorator to None, run_after=None
[2024-04-25T07:53:01.966+0000] {processor.py:183} INFO - Processing /home/airflow/.local/lib/python3.8/site-packages/airflow/example_dags/example_python_decorator.py took 0.321 seconds
[2024-04-25T07:53:40.725+0000] {processor.py:161} INFO - Started process (PID=377) to work on /home/airflow/.local/lib/python3.8/site-packages/airflow/example_dags/example_python_decorator.py
[2024-04-25T07:53:40.733+0000] {processor.py:830} INFO - Processing file /home/airflow/.local/lib/python3.8/site-packages/airflow/example_dags/example_python_decorator.py for tasks to queue
[2024-04-25T07:53:40.743+0000] {logging_mixin.py:188} INFO - [2024-04-25T07:53:40.741+0000] {dagbag.py:538} INFO - Filling up the DagBag from /home/airflow/.local/lib/python3.8/site-packages/airflow/example_dags/example_python_decorator.py
[2024-04-25T07:53:40.817+0000] {processor.py:840} INFO - DAG(s) 'example_python_decorator' retrieved from /home/airflow/.local/lib/python3.8/site-packages/airflow/example_dags/example_python_decorator.py
[2024-04-25T07:53:40.933+0000] {logging_mixin.py:188} INFO - [2024-04-25T07:53:40.932+0000] {dag.py:3036} INFO - Sync 1 DAGs
[2024-04-25T07:53:40.992+0000] {logging_mixin.py:188} INFO - [2024-04-25T07:53:40.990+0000] {dag.py:3823} INFO - Setting next_dagrun for example_python_decorator to None, run_after=None
[2024-04-25T07:53:41.087+0000] {processor.py:183} INFO - Processing /home/airflow/.local/lib/python3.8/site-packages/airflow/example_dags/example_python_decorator.py took 0.379 seconds
