[2024-04-25T05:59:22.648+0000] {processor.py:161} INFO - Started process (PID=128) to work on /home/airflow/.local/lib/python3.8/site-packages/airflow/example_dags/example_sla_dag.py
[2024-04-25T05:59:22.653+0000] {processor.py:830} INFO - Processing file /home/airflow/.local/lib/python3.8/site-packages/airflow/example_dags/example_sla_dag.py for tasks to queue
[2024-04-25T05:59:22.659+0000] {logging_mixin.py:188} INFO - [2024-04-25T05:59:22.658+0000] {dagbag.py:538} INFO - Filling up the DagBag from /home/airflow/.local/lib/python3.8/site-packages/airflow/example_dags/example_sla_dag.py
[2024-04-25T05:59:22.654+0000] {processor.py:840} INFO - DAG(s) 'example_sla_dag' retrieved from /home/airflow/.local/lib/python3.8/site-packages/airflow/example_dags/example_sla_dag.py
[2024-04-25T05:59:23.151+0000] {logging_mixin.py:188} INFO - [2024-04-25T05:59:23.150+0000] {dag.py:3036} INFO - Sync 1 DAGs
[2024-04-25T05:59:23.269+0000] {logging_mixin.py:188} INFO - [2024-04-25T05:59:23.267+0000] {dag.py:3823} INFO - Setting next_dagrun for example_sla_dag to 2024-04-25 05:56:00+00:00, run_after=2024-04-25 05:58:00+00:00
[2024-04-25T05:59:23.398+0000] {processor.py:183} INFO - Processing /home/airflow/.local/lib/python3.8/site-packages/airflow/example_dags/example_sla_dag.py took 0.827 seconds
[2024-04-25T06:00:37.479+0000] {processor.py:161} INFO - Started process (PID=222) to work on /home/airflow/.local/lib/python3.8/site-packages/airflow/example_dags/example_sla_dag.py
[2024-04-25T06:00:37.484+0000] {processor.py:830} INFO - Processing file /home/airflow/.local/lib/python3.8/site-packages/airflow/example_dags/example_sla_dag.py for tasks to queue
[2024-04-25T06:00:37.494+0000] {logging_mixin.py:188} INFO - [2024-04-25T06:00:37.493+0000] {dagbag.py:538} INFO - Filling up the DagBag from /home/airflow/.local/lib/python3.8/site-packages/airflow/example_dags/example_sla_dag.py
[2024-04-25T06:00:37.553+0000] {processor.py:840} INFO - DAG(s) 'example_sla_dag' retrieved from /home/airflow/.local/lib/python3.8/site-packages/airflow/example_dags/example_sla_dag.py
[2024-04-25T06:00:37.677+0000] {logging_mixin.py:188} INFO - [2024-04-25T06:00:37.676+0000] {dag.py:3036} INFO - Sync 1 DAGs
[2024-04-25T06:00:37.844+0000] {logging_mixin.py:188} INFO - [2024-04-25T06:00:37.843+0000] {dag.py:3823} INFO - Setting next_dagrun for example_sla_dag to 2024-04-25 05:58:00+00:00, run_after=2024-04-25 06:00:00+00:00
[2024-04-25T06:00:37.958+0000] {processor.py:183} INFO - Processing /home/airflow/.local/lib/python3.8/site-packages/airflow/example_dags/example_sla_dag.py took 0.496 seconds
[2024-04-25T06:01:15.055+0000] {processor.py:161} INFO - Started process (PID=284) to work on /home/airflow/.local/lib/python3.8/site-packages/airflow/example_dags/example_sla_dag.py
[2024-04-25T06:01:15.062+0000] {processor.py:830} INFO - Processing file /home/airflow/.local/lib/python3.8/site-packages/airflow/example_dags/example_sla_dag.py for tasks to queue
[2024-04-25T06:01:15.070+0000] {logging_mixin.py:188} INFO - [2024-04-25T06:01:15.068+0000] {dagbag.py:538} INFO - Filling up the DagBag from /home/airflow/.local/lib/python3.8/site-packages/airflow/example_dags/example_sla_dag.py
[2024-04-25T06:01:15.107+0000] {processor.py:840} INFO - DAG(s) 'example_sla_dag' retrieved from /home/airflow/.local/lib/python3.8/site-packages/airflow/example_dags/example_sla_dag.py
[2024-04-25T06:01:15.183+0000] {logging_mixin.py:188} INFO - [2024-04-25T06:01:15.182+0000] {dag.py:3036} INFO - Sync 1 DAGs
[2024-04-25T06:01:15.278+0000] {logging_mixin.py:188} INFO - [2024-04-25T06:01:15.277+0000] {dag.py:3823} INFO - Setting next_dagrun for example_sla_dag to 2024-04-25 05:58:00+00:00, run_after=2024-04-25 06:00:00+00:00
[2024-04-25T06:01:15.351+0000] {processor.py:183} INFO - Processing /home/airflow/.local/lib/python3.8/site-packages/airflow/example_dags/example_sla_dag.py took 0.314 seconds
[2024-04-25T06:01:58.128+0000] {processor.py:161} INFO - Started process (PID=350) to work on /home/airflow/.local/lib/python3.8/site-packages/airflow/example_dags/example_sla_dag.py
[2024-04-25T06:01:58.133+0000] {processor.py:830} INFO - Processing file /home/airflow/.local/lib/python3.8/site-packages/airflow/example_dags/example_sla_dag.py for tasks to queue
[2024-04-25T06:01:58.141+0000] {logging_mixin.py:188} INFO - [2024-04-25T06:01:58.140+0000] {dagbag.py:538} INFO - Filling up the DagBag from /home/airflow/.local/lib/python3.8/site-packages/airflow/example_dags/example_sla_dag.py
[2024-04-25T06:01:58.179+0000] {processor.py:840} INFO - DAG(s) 'example_sla_dag' retrieved from /home/airflow/.local/lib/python3.8/site-packages/airflow/example_dags/example_sla_dag.py
[2024-04-25T06:01:58.273+0000] {logging_mixin.py:188} INFO - [2024-04-25T06:01:58.271+0000] {dag.py:3036} INFO - Sync 1 DAGs
[2024-04-25T06:01:58.386+0000] {logging_mixin.py:188} INFO - [2024-04-25T06:01:58.386+0000] {dag.py:3823} INFO - Setting next_dagrun for example_sla_dag to 2024-04-25 05:58:00+00:00, run_after=2024-04-25 06:00:00+00:00
[2024-04-25T06:01:58.503+0000] {processor.py:183} INFO - Processing /home/airflow/.local/lib/python3.8/site-packages/airflow/example_dags/example_sla_dag.py took 0.390 seconds
[2024-04-25T06:02:30.496+0000] {processor.py:161} INFO - Started process (PID=408) to work on /home/airflow/.local/lib/python3.8/site-packages/airflow/example_dags/example_sla_dag.py
[2024-04-25T06:02:30.501+0000] {processor.py:830} INFO - Processing file /home/airflow/.local/lib/python3.8/site-packages/airflow/example_dags/example_sla_dag.py for tasks to queue
[2024-04-25T06:02:30.506+0000] {logging_mixin.py:188} INFO - [2024-04-25T06:02:30.505+0000] {dagbag.py:538} INFO - Filling up the DagBag from /home/airflow/.local/lib/python3.8/site-packages/airflow/example_dags/example_sla_dag.py
[2024-04-25T06:02:30.536+0000] {processor.py:840} INFO - DAG(s) 'example_sla_dag' retrieved from /home/airflow/.local/lib/python3.8/site-packages/airflow/example_dags/example_sla_dag.py
[2024-04-25T06:02:30.592+0000] {logging_mixin.py:188} INFO - [2024-04-25T06:02:30.591+0000] {dag.py:3036} INFO - Sync 1 DAGs
[2024-04-25T06:02:30.677+0000] {logging_mixin.py:188} INFO - [2024-04-25T06:02:30.676+0000] {dag.py:3823} INFO - Setting next_dagrun for example_sla_dag to 2024-04-25 06:00:00+00:00, run_after=2024-04-25 06:02:00+00:00
[2024-04-25T06:02:30.741+0000] {processor.py:183} INFO - Processing /home/airflow/.local/lib/python3.8/site-packages/airflow/example_dags/example_sla_dag.py took 0.255 seconds
[2024-04-25T06:03:14.000+0000] {processor.py:161} INFO - Started process (PID=473) to work on /home/airflow/.local/lib/python3.8/site-packages/airflow/example_dags/example_sla_dag.py
[2024-04-25T06:03:14.009+0000] {processor.py:830} INFO - Processing file /home/airflow/.local/lib/python3.8/site-packages/airflow/example_dags/example_sla_dag.py for tasks to queue
[2024-04-25T06:03:14.031+0000] {logging_mixin.py:188} INFO - [2024-04-25T06:03:14.030+0000] {dagbag.py:538} INFO - Filling up the DagBag from /home/airflow/.local/lib/python3.8/site-packages/airflow/example_dags/example_sla_dag.py
[2024-04-25T06:03:14.093+0000] {processor.py:840} INFO - DAG(s) 'example_sla_dag' retrieved from /home/airflow/.local/lib/python3.8/site-packages/airflow/example_dags/example_sla_dag.py
[2024-04-25T06:03:14.215+0000] {logging_mixin.py:188} INFO - [2024-04-25T06:03:14.214+0000] {dag.py:3036} INFO - Sync 1 DAGs
[2024-04-25T06:03:14.389+0000] {logging_mixin.py:188} INFO - [2024-04-25T06:03:14.388+0000] {dag.py:3823} INFO - Setting next_dagrun for example_sla_dag to 2024-04-25 06:00:00+00:00, run_after=2024-04-25 06:02:00+00:00
[2024-04-25T06:03:14.510+0000] {processor.py:183} INFO - Processing /home/airflow/.local/lib/python3.8/site-packages/airflow/example_dags/example_sla_dag.py took 0.528 seconds
[2024-04-25T06:03:44.992+0000] {processor.py:161} INFO - Started process (PID=532) to work on /home/airflow/.local/lib/python3.8/site-packages/airflow/example_dags/example_sla_dag.py
[2024-04-25T06:03:44.995+0000] {processor.py:830} INFO - Processing file /home/airflow/.local/lib/python3.8/site-packages/airflow/example_dags/example_sla_dag.py for tasks to queue
[2024-04-25T06:03:44.999+0000] {logging_mixin.py:188} INFO - [2024-04-25T06:03:44.998+0000] {dagbag.py:538} INFO - Filling up the DagBag from /home/airflow/.local/lib/python3.8/site-packages/airflow/example_dags/example_sla_dag.py
[2024-04-25T06:03:45.020+0000] {processor.py:840} INFO - DAG(s) 'example_sla_dag' retrieved from /home/airflow/.local/lib/python3.8/site-packages/airflow/example_dags/example_sla_dag.py
[2024-04-25T06:03:45.107+0000] {logging_mixin.py:188} INFO - [2024-04-25T06:03:45.106+0000] {dag.py:3036} INFO - Sync 1 DAGs
[2024-04-25T06:03:45.206+0000] {logging_mixin.py:188} INFO - [2024-04-25T06:03:45.205+0000] {dag.py:3823} INFO - Setting next_dagrun for example_sla_dag to 2024-04-25 06:00:00+00:00, run_after=2024-04-25 06:02:00+00:00
[2024-04-25T06:03:45.284+0000] {processor.py:183} INFO - Processing /home/airflow/.local/lib/python3.8/site-packages/airflow/example_dags/example_sla_dag.py took 0.298 seconds
[2024-04-25T06:04:15.505+0000] {processor.py:161} INFO - Started process (PID=591) to work on /home/airflow/.local/lib/python3.8/site-packages/airflow/example_dags/example_sla_dag.py
[2024-04-25T06:04:15.509+0000] {processor.py:830} INFO - Processing file /home/airflow/.local/lib/python3.8/site-packages/airflow/example_dags/example_sla_dag.py for tasks to queue
[2024-04-25T06:04:15.515+0000] {logging_mixin.py:188} INFO - [2024-04-25T06:04:15.514+0000] {dagbag.py:538} INFO - Filling up the DagBag from /home/airflow/.local/lib/python3.8/site-packages/airflow/example_dags/example_sla_dag.py
[2024-04-25T06:04:15.543+0000] {processor.py:840} INFO - DAG(s) 'example_sla_dag' retrieved from /home/airflow/.local/lib/python3.8/site-packages/airflow/example_dags/example_sla_dag.py
[2024-04-25T06:04:15.643+0000] {logging_mixin.py:188} INFO - [2024-04-25T06:04:15.643+0000] {dag.py:3036} INFO - Sync 1 DAGs
[2024-04-25T06:04:15.734+0000] {logging_mixin.py:188} INFO - [2024-04-25T06:04:15.733+0000] {dag.py:3823} INFO - Setting next_dagrun for example_sla_dag to 2024-04-25 06:02:00+00:00, run_after=2024-04-25 06:04:00+00:00
[2024-04-25T06:04:15.802+0000] {processor.py:183} INFO - Processing /home/airflow/.local/lib/python3.8/site-packages/airflow/example_dags/example_sla_dag.py took 0.305 seconds
[2024-04-25T06:04:45.921+0000] {processor.py:161} INFO - Started process (PID=650) to work on /home/airflow/.local/lib/python3.8/site-packages/airflow/example_dags/example_sla_dag.py
[2024-04-25T06:04:45.924+0000] {processor.py:830} INFO - Processing file /home/airflow/.local/lib/python3.8/site-packages/airflow/example_dags/example_sla_dag.py for tasks to queue
[2024-04-25T06:04:45.928+0000] {logging_mixin.py:188} INFO - [2024-04-25T06:04:45.927+0000] {dagbag.py:538} INFO - Filling up the DagBag from /home/airflow/.local/lib/python3.8/site-packages/airflow/example_dags/example_sla_dag.py
[2024-04-25T06:04:45.943+0000] {processor.py:840} INFO - DAG(s) 'example_sla_dag' retrieved from /home/airflow/.local/lib/python3.8/site-packages/airflow/example_dags/example_sla_dag.py
[2024-04-25T06:04:45.984+0000] {logging_mixin.py:188} INFO - [2024-04-25T06:04:45.984+0000] {dag.py:3036} INFO - Sync 1 DAGs
[2024-04-25T06:04:46.045+0000] {logging_mixin.py:188} INFO - [2024-04-25T06:04:46.044+0000] {dag.py:3823} INFO - Setting next_dagrun for example_sla_dag to 2024-04-25 06:02:00+00:00, run_after=2024-04-25 06:04:00+00:00
[2024-04-25T06:04:46.090+0000] {processor.py:183} INFO - Processing /home/airflow/.local/lib/python3.8/site-packages/airflow/example_dags/example_sla_dag.py took 0.175 seconds
[2024-04-25T06:05:17.738+0000] {processor.py:161} INFO - Started process (PID=709) to work on /home/airflow/.local/lib/python3.8/site-packages/airflow/example_dags/example_sla_dag.py
[2024-04-25T06:05:17.743+0000] {processor.py:830} INFO - Processing file /home/airflow/.local/lib/python3.8/site-packages/airflow/example_dags/example_sla_dag.py for tasks to queue
[2024-04-25T06:05:17.750+0000] {logging_mixin.py:188} INFO - [2024-04-25T06:05:17.749+0000] {dagbag.py:538} INFO - Filling up the DagBag from /home/airflow/.local/lib/python3.8/site-packages/airflow/example_dags/example_sla_dag.py
[2024-04-25T06:05:17.789+0000] {processor.py:840} INFO - DAG(s) 'example_sla_dag' retrieved from /home/airflow/.local/lib/python3.8/site-packages/airflow/example_dags/example_sla_dag.py
[2024-04-25T06:05:17.869+0000] {logging_mixin.py:188} INFO - [2024-04-25T06:05:17.868+0000] {dag.py:3036} INFO - Sync 1 DAGs
[2024-04-25T06:05:18.063+0000] {logging_mixin.py:188} INFO - [2024-04-25T06:05:18.062+0000] {dag.py:3823} INFO - Setting next_dagrun for example_sla_dag to 2024-04-25 06:02:00+00:00, run_after=2024-04-25 06:04:00+00:00
[2024-04-25T06:05:18.272+0000] {processor.py:183} INFO - Processing /home/airflow/.local/lib/python3.8/site-packages/airflow/example_dags/example_sla_dag.py took 0.544 seconds
[2024-04-25T06:05:48.535+0000] {processor.py:161} INFO - Started process (PID=768) to work on /home/airflow/.local/lib/python3.8/site-packages/airflow/example_dags/example_sla_dag.py
[2024-04-25T06:05:48.537+0000] {processor.py:830} INFO - Processing file /home/airflow/.local/lib/python3.8/site-packages/airflow/example_dags/example_sla_dag.py for tasks to queue
[2024-04-25T06:05:48.539+0000] {logging_mixin.py:188} INFO - [2024-04-25T06:05:48.539+0000] {dagbag.py:538} INFO - Filling up the DagBag from /home/airflow/.local/lib/python3.8/site-packages/airflow/example_dags/example_sla_dag.py
[2024-04-25T06:05:48.552+0000] {processor.py:840} INFO - DAG(s) 'example_sla_dag' retrieved from /home/airflow/.local/lib/python3.8/site-packages/airflow/example_dags/example_sla_dag.py
[2024-04-25T06:05:48.585+0000] {logging_mixin.py:188} INFO - [2024-04-25T06:05:48.585+0000] {dag.py:3036} INFO - Sync 1 DAGs
[2024-04-25T06:05:48.628+0000] {logging_mixin.py:188} INFO - [2024-04-25T06:05:48.628+0000] {dag.py:3823} INFO - Setting next_dagrun for example_sla_dag to 2024-04-25 06:02:00+00:00, run_after=2024-04-25 06:04:00+00:00
[2024-04-25T06:05:48.661+0000] {processor.py:183} INFO - Processing /home/airflow/.local/lib/python3.8/site-packages/airflow/example_dags/example_sla_dag.py took 0.131 seconds
[2024-04-25T06:06:18.892+0000] {processor.py:161} INFO - Started process (PID=827) to work on /home/airflow/.local/lib/python3.8/site-packages/airflow/example_dags/example_sla_dag.py
[2024-04-25T06:06:18.894+0000] {processor.py:830} INFO - Processing file /home/airflow/.local/lib/python3.8/site-packages/airflow/example_dags/example_sla_dag.py for tasks to queue
[2024-04-25T06:06:18.896+0000] {logging_mixin.py:188} INFO - [2024-04-25T06:06:18.896+0000] {dagbag.py:538} INFO - Filling up the DagBag from /home/airflow/.local/lib/python3.8/site-packages/airflow/example_dags/example_sla_dag.py
[2024-04-25T06:06:18.907+0000] {processor.py:840} INFO - DAG(s) 'example_sla_dag' retrieved from /home/airflow/.local/lib/python3.8/site-packages/airflow/example_dags/example_sla_dag.py
[2024-04-25T06:06:18.933+0000] {logging_mixin.py:188} INFO - [2024-04-25T06:06:18.933+0000] {dag.py:3036} INFO - Sync 1 DAGs
[2024-04-25T06:06:18.962+0000] {logging_mixin.py:188} INFO - [2024-04-25T06:06:18.961+0000] {dag.py:3823} INFO - Setting next_dagrun for example_sla_dag to 2024-04-25 06:04:00+00:00, run_after=2024-04-25 06:06:00+00:00
[2024-04-25T06:06:18.986+0000] {processor.py:183} INFO - Processing /home/airflow/.local/lib/python3.8/site-packages/airflow/example_dags/example_sla_dag.py took 0.098 seconds
[2024-04-25T06:06:49.545+0000] {processor.py:161} INFO - Started process (PID=886) to work on /home/airflow/.local/lib/python3.8/site-packages/airflow/example_dags/example_sla_dag.py
[2024-04-25T06:06:49.548+0000] {processor.py:830} INFO - Processing file /home/airflow/.local/lib/python3.8/site-packages/airflow/example_dags/example_sla_dag.py for tasks to queue
[2024-04-25T06:06:49.552+0000] {logging_mixin.py:188} INFO - [2024-04-25T06:06:49.551+0000] {dagbag.py:538} INFO - Filling up the DagBag from /home/airflow/.local/lib/python3.8/site-packages/airflow/example_dags/example_sla_dag.py
[2024-04-25T06:06:49.571+0000] {processor.py:840} INFO - DAG(s) 'example_sla_dag' retrieved from /home/airflow/.local/lib/python3.8/site-packages/airflow/example_dags/example_sla_dag.py
[2024-04-25T06:06:49.605+0000] {logging_mixin.py:188} INFO - [2024-04-25T06:06:49.605+0000] {dag.py:3036} INFO - Sync 1 DAGs
[2024-04-25T06:06:49.638+0000] {logging_mixin.py:188} INFO - [2024-04-25T06:06:49.638+0000] {dag.py:3823} INFO - Setting next_dagrun for example_sla_dag to 2024-04-25 06:04:00+00:00, run_after=2024-04-25 06:06:00+00:00
[2024-04-25T06:06:49.678+0000] {processor.py:183} INFO - Processing /home/airflow/.local/lib/python3.8/site-packages/airflow/example_dags/example_sla_dag.py took 0.140 seconds
[2024-04-25T06:07:19.867+0000] {processor.py:161} INFO - Started process (PID=945) to work on /home/airflow/.local/lib/python3.8/site-packages/airflow/example_dags/example_sla_dag.py
[2024-04-25T06:07:19.869+0000] {processor.py:830} INFO - Processing file /home/airflow/.local/lib/python3.8/site-packages/airflow/example_dags/example_sla_dag.py for tasks to queue
[2024-04-25T06:07:19.874+0000] {logging_mixin.py:188} INFO - [2024-04-25T06:07:19.873+0000] {dagbag.py:538} INFO - Filling up the DagBag from /home/airflow/.local/lib/python3.8/site-packages/airflow/example_dags/example_sla_dag.py
[2024-04-25T06:07:19.890+0000] {processor.py:840} INFO - DAG(s) 'example_sla_dag' retrieved from /home/airflow/.local/lib/python3.8/site-packages/airflow/example_dags/example_sla_dag.py
[2024-04-25T06:07:19.928+0000] {logging_mixin.py:188} INFO - [2024-04-25T06:07:19.927+0000] {dag.py:3036} INFO - Sync 1 DAGs
[2024-04-25T06:07:19.986+0000] {logging_mixin.py:188} INFO - [2024-04-25T06:07:19.985+0000] {dag.py:3823} INFO - Setting next_dagrun for example_sla_dag to 2024-04-25 06:04:00+00:00, run_after=2024-04-25 06:06:00+00:00
[2024-04-25T06:07:20.037+0000] {processor.py:183} INFO - Processing /home/airflow/.local/lib/python3.8/site-packages/airflow/example_dags/example_sla_dag.py took 0.177 seconds
[2024-04-25T06:07:50.806+0000] {processor.py:161} INFO - Started process (PID=1004) to work on /home/airflow/.local/lib/python3.8/site-packages/airflow/example_dags/example_sla_dag.py
[2024-04-25T06:07:50.810+0000] {processor.py:830} INFO - Processing file /home/airflow/.local/lib/python3.8/site-packages/airflow/example_dags/example_sla_dag.py for tasks to queue
[2024-04-25T06:07:50.816+0000] {logging_mixin.py:188} INFO - [2024-04-25T06:07:50.815+0000] {dagbag.py:538} INFO - Filling up the DagBag from /home/airflow/.local/lib/python3.8/site-packages/airflow/example_dags/example_sla_dag.py
[2024-04-25T06:07:50.838+0000] {processor.py:840} INFO - DAG(s) 'example_sla_dag' retrieved from /home/airflow/.local/lib/python3.8/site-packages/airflow/example_dags/example_sla_dag.py
[2024-04-25T06:07:50.892+0000] {logging_mixin.py:188} INFO - [2024-04-25T06:07:50.891+0000] {dag.py:3036} INFO - Sync 1 DAGs
[2024-04-25T06:07:50.991+0000] {logging_mixin.py:188} INFO - [2024-04-25T06:07:50.990+0000] {dag.py:3823} INFO - Setting next_dagrun for example_sla_dag to 2024-04-25 06:04:00+00:00, run_after=2024-04-25 06:06:00+00:00
[2024-04-25T06:07:51.069+0000] {processor.py:183} INFO - Processing /home/airflow/.local/lib/python3.8/site-packages/airflow/example_dags/example_sla_dag.py took 0.275 seconds
[2024-04-25T06:08:21.143+0000] {processor.py:161} INFO - Started process (PID=1063) to work on /home/airflow/.local/lib/python3.8/site-packages/airflow/example_dags/example_sla_dag.py
[2024-04-25T06:08:21.145+0000] {processor.py:830} INFO - Processing file /home/airflow/.local/lib/python3.8/site-packages/airflow/example_dags/example_sla_dag.py for tasks to queue
[2024-04-25T06:08:21.150+0000] {logging_mixin.py:188} INFO - [2024-04-25T06:08:21.149+0000] {dagbag.py:538} INFO - Filling up the DagBag from /home/airflow/.local/lib/python3.8/site-packages/airflow/example_dags/example_sla_dag.py
[2024-04-25T06:08:21.173+0000] {processor.py:840} INFO - DAG(s) 'example_sla_dag' retrieved from /home/airflow/.local/lib/python3.8/site-packages/airflow/example_dags/example_sla_dag.py
[2024-04-25T06:08:21.215+0000] {logging_mixin.py:188} INFO - [2024-04-25T06:08:21.214+0000] {dag.py:3036} INFO - Sync 1 DAGs
[2024-04-25T06:08:21.266+0000] {logging_mixin.py:188} INFO - [2024-04-25T06:08:21.265+0000] {dag.py:3823} INFO - Setting next_dagrun for example_sla_dag to 2024-04-25 06:06:00+00:00, run_after=2024-04-25 06:08:00+00:00
[2024-04-25T06:08:21.307+0000] {processor.py:183} INFO - Processing /home/airflow/.local/lib/python3.8/site-packages/airflow/example_dags/example_sla_dag.py took 0.172 seconds
[2024-04-25T06:08:52.256+0000] {processor.py:161} INFO - Started process (PID=1122) to work on /home/airflow/.local/lib/python3.8/site-packages/airflow/example_dags/example_sla_dag.py
[2024-04-25T06:08:52.264+0000] {processor.py:830} INFO - Processing file /home/airflow/.local/lib/python3.8/site-packages/airflow/example_dags/example_sla_dag.py for tasks to queue
[2024-04-25T06:08:52.330+0000] {logging_mixin.py:188} INFO - [2024-04-25T06:08:52.315+0000] {dagbag.py:538} INFO - Filling up the DagBag from /home/airflow/.local/lib/python3.8/site-packages/airflow/example_dags/example_sla_dag.py
[2024-04-25T06:08:52.449+0000] {processor.py:840} INFO - DAG(s) 'example_sla_dag' retrieved from /home/airflow/.local/lib/python3.8/site-packages/airflow/example_dags/example_sla_dag.py
[2024-04-25T06:08:52.581+0000] {logging_mixin.py:188} INFO - [2024-04-25T06:08:52.580+0000] {dag.py:3036} INFO - Sync 1 DAGs
[2024-04-25T06:08:52.799+0000] {logging_mixin.py:188} INFO - [2024-04-25T06:08:52.799+0000] {dag.py:3823} INFO - Setting next_dagrun for example_sla_dag to 2024-04-25 06:06:00+00:00, run_after=2024-04-25 06:08:00+00:00
[2024-04-25T06:08:52.883+0000] {processor.py:183} INFO - Processing /home/airflow/.local/lib/python3.8/site-packages/airflow/example_dags/example_sla_dag.py took 0.646 seconds
[2024-04-25T06:09:23.534+0000] {processor.py:161} INFO - Started process (PID=1182) to work on /home/airflow/.local/lib/python3.8/site-packages/airflow/example_dags/example_sla_dag.py
[2024-04-25T06:09:23.536+0000] {processor.py:830} INFO - Processing file /home/airflow/.local/lib/python3.8/site-packages/airflow/example_dags/example_sla_dag.py for tasks to queue
[2024-04-25T06:09:23.538+0000] {logging_mixin.py:188} INFO - [2024-04-25T06:09:23.538+0000] {dagbag.py:538} INFO - Filling up the DagBag from /home/airflow/.local/lib/python3.8/site-packages/airflow/example_dags/example_sla_dag.py
[2024-04-25T06:09:23.549+0000] {processor.py:840} INFO - DAG(s) 'example_sla_dag' retrieved from /home/airflow/.local/lib/python3.8/site-packages/airflow/example_dags/example_sla_dag.py
[2024-04-25T06:09:23.577+0000] {logging_mixin.py:188} INFO - [2024-04-25T06:09:23.577+0000] {dag.py:3036} INFO - Sync 1 DAGs
[2024-04-25T06:09:23.615+0000] {logging_mixin.py:188} INFO - [2024-04-25T06:09:23.615+0000] {dag.py:3823} INFO - Setting next_dagrun for example_sla_dag to 2024-04-25 06:06:00+00:00, run_after=2024-04-25 06:08:00+00:00
[2024-04-25T06:09:23.646+0000] {processor.py:183} INFO - Processing /home/airflow/.local/lib/python3.8/site-packages/airflow/example_dags/example_sla_dag.py took 0.116 seconds
[2024-04-25T06:09:53.943+0000] {processor.py:161} INFO - Started process (PID=1240) to work on /home/airflow/.local/lib/python3.8/site-packages/airflow/example_dags/example_sla_dag.py
[2024-04-25T06:09:53.949+0000] {processor.py:830} INFO - Processing file /home/airflow/.local/lib/python3.8/site-packages/airflow/example_dags/example_sla_dag.py for tasks to queue
[2024-04-25T06:09:53.958+0000] {logging_mixin.py:188} INFO - [2024-04-25T06:09:53.957+0000] {dagbag.py:538} INFO - Filling up the DagBag from /home/airflow/.local/lib/python3.8/site-packages/airflow/example_dags/example_sla_dag.py
[2024-04-25T06:09:54.009+0000] {processor.py:840} INFO - DAG(s) 'example_sla_dag' retrieved from /home/airflow/.local/lib/python3.8/site-packages/airflow/example_dags/example_sla_dag.py
[2024-04-25T06:09:54.100+0000] {logging_mixin.py:188} INFO - [2024-04-25T06:09:54.100+0000] {dag.py:3036} INFO - Sync 1 DAGs
[2024-04-25T06:09:54.207+0000] {logging_mixin.py:188} INFO - [2024-04-25T06:09:54.206+0000] {dag.py:3823} INFO - Setting next_dagrun for example_sla_dag to 2024-04-25 06:06:00+00:00, run_after=2024-04-25 06:08:00+00:00
[2024-04-25T06:09:54.293+0000] {processor.py:183} INFO - Processing /home/airflow/.local/lib/python3.8/site-packages/airflow/example_dags/example_sla_dag.py took 0.370 seconds
[2024-04-25T06:10:24.568+0000] {processor.py:161} INFO - Started process (PID=1299) to work on /home/airflow/.local/lib/python3.8/site-packages/airflow/example_dags/example_sla_dag.py
[2024-04-25T06:10:24.575+0000] {processor.py:830} INFO - Processing file /home/airflow/.local/lib/python3.8/site-packages/airflow/example_dags/example_sla_dag.py for tasks to queue
[2024-04-25T06:10:24.581+0000] {logging_mixin.py:188} INFO - [2024-04-25T06:10:24.580+0000] {dagbag.py:538} INFO - Filling up the DagBag from /home/airflow/.local/lib/python3.8/site-packages/airflow/example_dags/example_sla_dag.py
[2024-04-25T06:10:24.623+0000] {processor.py:840} INFO - DAG(s) 'example_sla_dag' retrieved from /home/airflow/.local/lib/python3.8/site-packages/airflow/example_dags/example_sla_dag.py
[2024-04-25T06:10:24.714+0000] {logging_mixin.py:188} INFO - [2024-04-25T06:10:24.713+0000] {dag.py:3036} INFO - Sync 1 DAGs
[2024-04-25T06:10:24.805+0000] {logging_mixin.py:188} INFO - [2024-04-25T06:10:24.805+0000] {dag.py:3823} INFO - Setting next_dagrun for example_sla_dag to 2024-04-25 06:08:00+00:00, run_after=2024-04-25 06:10:00+00:00
[2024-04-25T06:10:24.866+0000] {processor.py:183} INFO - Processing /home/airflow/.local/lib/python3.8/site-packages/airflow/example_dags/example_sla_dag.py took 0.309 seconds
[2024-04-25T06:53:19.120+0000] {processor.py:161} INFO - Started process (PID=147) to work on /home/airflow/.local/lib/python3.8/site-packages/airflow/example_dags/example_sla_dag.py
[2024-04-25T06:53:19.130+0000] {processor.py:830} INFO - Processing file /home/airflow/.local/lib/python3.8/site-packages/airflow/example_dags/example_sla_dag.py for tasks to queue
[2024-04-25T06:53:19.141+0000] {logging_mixin.py:188} INFO - [2024-04-25T06:53:19.138+0000] {dagbag.py:538} INFO - Filling up the DagBag from /home/airflow/.local/lib/python3.8/site-packages/airflow/example_dags/example_sla_dag.py
[2024-04-25T06:53:19.188+0000] {processor.py:840} INFO - DAG(s) 'example_sla_dag' retrieved from /home/airflow/.local/lib/python3.8/site-packages/airflow/example_dags/example_sla_dag.py
[2024-04-25T06:53:19.832+0000] {logging_mixin.py:188} INFO - [2024-04-25T06:53:19.831+0000] {dag.py:3036} INFO - Sync 1 DAGs
[2024-04-25T06:53:19.966+0000] {logging_mixin.py:188} INFO - [2024-04-25T06:53:19.964+0000] {dag.py:3823} INFO - Setting next_dagrun for example_sla_dag to 2024-04-25 06:50:00+00:00, run_after=2024-04-25 06:52:00+00:00
[2024-04-25T06:53:20.076+0000] {processor.py:183} INFO - Processing /home/airflow/.local/lib/python3.8/site-packages/airflow/example_dags/example_sla_dag.py took 0.972 seconds
[2024-04-25T06:53:55.031+0000] {processor.py:161} INFO - Started process (PID=217) to work on /home/airflow/.local/lib/python3.8/site-packages/airflow/example_dags/example_sla_dag.py
[2024-04-25T06:53:55.037+0000] {processor.py:830} INFO - Processing file /home/airflow/.local/lib/python3.8/site-packages/airflow/example_dags/example_sla_dag.py for tasks to queue
[2024-04-25T06:53:55.045+0000] {logging_mixin.py:188} INFO - [2024-04-25T06:53:55.044+0000] {dagbag.py:538} INFO - Filling up the DagBag from /home/airflow/.local/lib/python3.8/site-packages/airflow/example_dags/example_sla_dag.py
[2024-04-25T06:53:55.104+0000] {processor.py:840} INFO - DAG(s) 'example_sla_dag' retrieved from /home/airflow/.local/lib/python3.8/site-packages/airflow/example_dags/example_sla_dag.py
[2024-04-25T06:53:55.241+0000] {logging_mixin.py:188} INFO - [2024-04-25T06:53:55.238+0000] {dag.py:3036} INFO - Sync 1 DAGs
[2024-04-25T06:53:55.449+0000] {logging_mixin.py:188} INFO - [2024-04-25T06:53:55.446+0000] {dag.py:3823} INFO - Setting next_dagrun for example_sla_dag to 2024-04-25 06:50:00+00:00, run_after=2024-04-25 06:52:00+00:00
[2024-04-25T06:53:55.614+0000] {processor.py:183} INFO - Processing /home/airflow/.local/lib/python3.8/site-packages/airflow/example_dags/example_sla_dag.py took 0.605 seconds
[2024-04-25T06:54:28.016+0000] {processor.py:161} INFO - Started process (PID=287) to work on /home/airflow/.local/lib/python3.8/site-packages/airflow/example_dags/example_sla_dag.py
[2024-04-25T06:54:28.024+0000] {processor.py:830} INFO - Processing file /home/airflow/.local/lib/python3.8/site-packages/airflow/example_dags/example_sla_dag.py for tasks to queue
[2024-04-25T06:54:28.033+0000] {logging_mixin.py:188} INFO - [2024-04-25T06:54:28.032+0000] {dagbag.py:538} INFO - Filling up the DagBag from /home/airflow/.local/lib/python3.8/site-packages/airflow/example_dags/example_sla_dag.py
[2024-04-25T06:54:28.080+0000] {processor.py:840} INFO - DAG(s) 'example_sla_dag' retrieved from /home/airflow/.local/lib/python3.8/site-packages/airflow/example_dags/example_sla_dag.py
[2024-04-25T06:54:28.222+0000] {logging_mixin.py:188} INFO - [2024-04-25T06:54:28.221+0000] {dag.py:3036} INFO - Sync 1 DAGs
[2024-04-25T06:54:28.462+0000] {logging_mixin.py:188} INFO - [2024-04-25T06:54:28.461+0000] {dag.py:3823} INFO - Setting next_dagrun for example_sla_dag to 2024-04-25 06:52:00+00:00, run_after=2024-04-25 06:54:00+00:00
[2024-04-25T06:54:28.569+0000] {processor.py:183} INFO - Processing /home/airflow/.local/lib/python3.8/site-packages/airflow/example_dags/example_sla_dag.py took 0.588 seconds
[2024-04-25T06:55:02.258+0000] {processor.py:161} INFO - Started process (PID=357) to work on /home/airflow/.local/lib/python3.8/site-packages/airflow/example_dags/example_sla_dag.py
[2024-04-25T06:55:02.275+0000] {processor.py:830} INFO - Processing file /home/airflow/.local/lib/python3.8/site-packages/airflow/example_dags/example_sla_dag.py for tasks to queue
[2024-04-25T06:55:02.285+0000] {logging_mixin.py:188} INFO - [2024-04-25T06:55:02.284+0000] {dagbag.py:538} INFO - Filling up the DagBag from /home/airflow/.local/lib/python3.8/site-packages/airflow/example_dags/example_sla_dag.py
[2024-04-25T06:55:02.327+0000] {processor.py:840} INFO - DAG(s) 'example_sla_dag' retrieved from /home/airflow/.local/lib/python3.8/site-packages/airflow/example_dags/example_sla_dag.py
[2024-04-25T06:55:02.429+0000] {logging_mixin.py:188} INFO - [2024-04-25T06:55:02.424+0000] {dag.py:3036} INFO - Sync 1 DAGs
[2024-04-25T06:55:02.630+0000] {logging_mixin.py:188} INFO - [2024-04-25T06:55:02.629+0000] {dag.py:3823} INFO - Setting next_dagrun for example_sla_dag to 2024-04-25 06:52:00+00:00, run_after=2024-04-25 06:54:00+00:00
[2024-04-25T06:55:02.729+0000] {processor.py:183} INFO - Processing /home/airflow/.local/lib/python3.8/site-packages/airflow/example_dags/example_sla_dag.py took 0.498 seconds
[2024-04-25T06:55:35.040+0000] {processor.py:161} INFO - Started process (PID=427) to work on /home/airflow/.local/lib/python3.8/site-packages/airflow/example_dags/example_sla_dag.py
[2024-04-25T06:55:35.048+0000] {processor.py:830} INFO - Processing file /home/airflow/.local/lib/python3.8/site-packages/airflow/example_dags/example_sla_dag.py for tasks to queue
[2024-04-25T06:55:35.062+0000] {logging_mixin.py:188} INFO - [2024-04-25T06:55:35.061+0000] {dagbag.py:538} INFO - Filling up the DagBag from /home/airflow/.local/lib/python3.8/site-packages/airflow/example_dags/example_sla_dag.py
[2024-04-25T06:55:35.103+0000] {processor.py:840} INFO - DAG(s) 'example_sla_dag' retrieved from /home/airflow/.local/lib/python3.8/site-packages/airflow/example_dags/example_sla_dag.py
[2024-04-25T06:55:35.200+0000] {logging_mixin.py:188} INFO - [2024-04-25T06:55:35.199+0000] {dag.py:3036} INFO - Sync 1 DAGs
[2024-04-25T06:55:35.369+0000] {logging_mixin.py:188} INFO - [2024-04-25T06:55:35.368+0000] {dag.py:3823} INFO - Setting next_dagrun for example_sla_dag to 2024-04-25 06:52:00+00:00, run_after=2024-04-25 06:54:00+00:00
[2024-04-25T06:55:35.471+0000] {processor.py:183} INFO - Processing /home/airflow/.local/lib/python3.8/site-packages/airflow/example_dags/example_sla_dag.py took 0.451 seconds
[2024-04-25T06:56:10.574+0000] {processor.py:161} INFO - Started process (PID=504) to work on /home/airflow/.local/lib/python3.8/site-packages/airflow/example_dags/example_sla_dag.py
[2024-04-25T06:56:10.591+0000] {processor.py:830} INFO - Processing file /home/airflow/.local/lib/python3.8/site-packages/airflow/example_dags/example_sla_dag.py for tasks to queue
[2024-04-25T06:56:10.601+0000] {logging_mixin.py:188} INFO - [2024-04-25T06:56:10.600+0000] {dagbag.py:538} INFO - Filling up the DagBag from /home/airflow/.local/lib/python3.8/site-packages/airflow/example_dags/example_sla_dag.py
[2024-04-25T06:56:10.648+0000] {processor.py:840} INFO - DAG(s) 'example_sla_dag' retrieved from /home/airflow/.local/lib/python3.8/site-packages/airflow/example_dags/example_sla_dag.py
[2024-04-25T06:56:10.769+0000] {logging_mixin.py:188} INFO - [2024-04-25T06:56:10.769+0000] {dag.py:3036} INFO - Sync 1 DAGs
[2024-04-25T06:56:11.044+0000] {logging_mixin.py:188} INFO - [2024-04-25T06:56:11.043+0000] {dag.py:3823} INFO - Setting next_dagrun for example_sla_dag to 2024-04-25 06:54:00+00:00, run_after=2024-04-25 06:56:00+00:00
[2024-04-25T06:56:11.178+0000] {processor.py:183} INFO - Processing /home/airflow/.local/lib/python3.8/site-packages/airflow/example_dags/example_sla_dag.py took 0.701 seconds
[2024-04-25T06:56:50.254+0000] {processor.py:161} INFO - Started process (PID=574) to work on /home/airflow/.local/lib/python3.8/site-packages/airflow/example_dags/example_sla_dag.py
[2024-04-25T06:56:50.260+0000] {processor.py:830} INFO - Processing file /home/airflow/.local/lib/python3.8/site-packages/airflow/example_dags/example_sla_dag.py for tasks to queue
[2024-04-25T06:56:50.270+0000] {logging_mixin.py:188} INFO - [2024-04-25T06:56:50.268+0000] {dagbag.py:538} INFO - Filling up the DagBag from /home/airflow/.local/lib/python3.8/site-packages/airflow/example_dags/example_sla_dag.py
[2024-04-25T06:56:50.316+0000] {processor.py:840} INFO - DAG(s) 'example_sla_dag' retrieved from /home/airflow/.local/lib/python3.8/site-packages/airflow/example_dags/example_sla_dag.py
[2024-04-25T06:56:50.392+0000] {logging_mixin.py:188} INFO - [2024-04-25T06:56:50.391+0000] {dag.py:3036} INFO - Sync 1 DAGs
[2024-04-25T06:56:50.522+0000] {logging_mixin.py:188} INFO - [2024-04-25T06:56:50.522+0000] {dag.py:3823} INFO - Setting next_dagrun for example_sla_dag to 2024-04-25 06:54:00+00:00, run_after=2024-04-25 06:56:00+00:00
[2024-04-25T06:56:50.597+0000] {processor.py:183} INFO - Processing /home/airflow/.local/lib/python3.8/site-packages/airflow/example_dags/example_sla_dag.py took 0.357 seconds
[2024-04-25T07:01:09.736+0000] {processor.py:161} INFO - Started process (PID=698) to work on /home/airflow/.local/lib/python3.8/site-packages/airflow/example_dags/example_sla_dag.py
[2024-04-25T07:01:10.071+0000] {processor.py:830} INFO - Processing file /home/airflow/.local/lib/python3.8/site-packages/airflow/example_dags/example_sla_dag.py for tasks to queue
[2024-04-25T07:01:10.849+0000] {logging_mixin.py:188} INFO - [2024-04-25T07:01:10.606+0000] {dagbag.py:538} INFO - Filling up the DagBag from /home/airflow/.local/lib/python3.8/site-packages/airflow/example_dags/example_sla_dag.py
[2024-04-25T07:01:15.495+0000] {processor.py:840} INFO - DAG(s) 'example_sla_dag' retrieved from /home/airflow/.local/lib/python3.8/site-packages/airflow/example_dags/example_sla_dag.py
[2024-04-25T07:01:29.180+0000] {logging_mixin.py:188} INFO - [2024-04-25T07:01:29.052+0000] {dag.py:3036} INFO - Sync 1 DAGs
[2024-04-25T07:01:32.702+0000] {logging_mixin.py:188} INFO - [2024-04-25T07:01:32.526+0000] {dag.py:3823} INFO - Setting next_dagrun for example_sla_dag to 2024-04-25 06:58:00+00:00, run_after=2024-04-25 07:00:00+00:00
[2024-04-25T07:01:34.450+0000] {processor.py:183} INFO - Processing /home/airflow/.local/lib/python3.8/site-packages/airflow/example_dags/example_sla_dag.py took 26.068 seconds
[2024-04-25T07:51:20.967+0000] {processor.py:161} INFO - Started process (PID=100) to work on /home/airflow/.local/lib/python3.8/site-packages/airflow/example_dags/example_sla_dag.py
[2024-04-25T07:51:20.971+0000] {processor.py:830} INFO - Processing file /home/airflow/.local/lib/python3.8/site-packages/airflow/example_dags/example_sla_dag.py for tasks to queue
[2024-04-25T07:51:20.978+0000] {logging_mixin.py:188} INFO - [2024-04-25T07:51:20.977+0000] {dagbag.py:538} INFO - Filling up the DagBag from /home/airflow/.local/lib/python3.8/site-packages/airflow/example_dags/example_sla_dag.py
[2024-04-25T07:51:21.003+0000] {processor.py:840} INFO - DAG(s) 'example_sla_dag' retrieved from /home/airflow/.local/lib/python3.8/site-packages/airflow/example_dags/example_sla_dag.py
[2024-04-25T07:51:21.433+0000] {logging_mixin.py:188} INFO - [2024-04-25T07:51:21.433+0000] {dag.py:3036} INFO - Sync 1 DAGs
[2024-04-25T07:51:21.518+0000] {logging_mixin.py:188} INFO - [2024-04-25T07:51:21.517+0000] {dag.py:3823} INFO - Setting next_dagrun for example_sla_dag to 2024-04-25 07:48:00+00:00, run_after=2024-04-25 07:50:00+00:00
[2024-04-25T07:51:21.580+0000] {processor.py:183} INFO - Processing /home/airflow/.local/lib/python3.8/site-packages/airflow/example_dags/example_sla_dag.py took 0.628 seconds
[2024-04-25T07:51:56.951+0000] {processor.py:161} INFO - Started process (PID=176) to work on /home/airflow/.local/lib/python3.8/site-packages/airflow/example_dags/example_sla_dag.py
[2024-04-25T07:51:56.958+0000] {processor.py:830} INFO - Processing file /home/airflow/.local/lib/python3.8/site-packages/airflow/example_dags/example_sla_dag.py for tasks to queue
[2024-04-25T07:51:56.970+0000] {logging_mixin.py:188} INFO - [2024-04-25T07:51:56.968+0000] {dagbag.py:538} INFO - Filling up the DagBag from /home/airflow/.local/lib/python3.8/site-packages/airflow/example_dags/example_sla_dag.py
[2024-04-25T07:51:57.032+0000] {processor.py:840} INFO - DAG(s) 'example_sla_dag' retrieved from /home/airflow/.local/lib/python3.8/site-packages/airflow/example_dags/example_sla_dag.py
[2024-04-25T07:51:57.189+0000] {logging_mixin.py:188} INFO - [2024-04-25T07:51:57.188+0000] {dag.py:3036} INFO - Sync 1 DAGs
[2024-04-25T07:51:57.322+0000] {logging_mixin.py:188} INFO - [2024-04-25T07:51:57.321+0000] {dag.py:3823} INFO - Setting next_dagrun for example_sla_dag to 2024-04-25 07:48:00+00:00, run_after=2024-04-25 07:50:00+00:00
[2024-04-25T07:51:57.432+0000] {processor.py:183} INFO - Processing /home/airflow/.local/lib/python3.8/site-packages/airflow/example_dags/example_sla_dag.py took 0.499 seconds
[2024-04-25T07:52:33.570+0000] {processor.py:161} INFO - Started process (PID=246) to work on /home/airflow/.local/lib/python3.8/site-packages/airflow/example_dags/example_sla_dag.py
[2024-04-25T07:52:33.581+0000] {processor.py:830} INFO - Processing file /home/airflow/.local/lib/python3.8/site-packages/airflow/example_dags/example_sla_dag.py for tasks to queue
[2024-04-25T07:52:33.598+0000] {logging_mixin.py:188} INFO - [2024-04-25T07:52:33.596+0000] {dagbag.py:538} INFO - Filling up the DagBag from /home/airflow/.local/lib/python3.8/site-packages/airflow/example_dags/example_sla_dag.py
[2024-04-25T07:52:33.664+0000] {processor.py:840} INFO - DAG(s) 'example_sla_dag' retrieved from /home/airflow/.local/lib/python3.8/site-packages/airflow/example_dags/example_sla_dag.py
[2024-04-25T07:52:33.790+0000] {logging_mixin.py:188} INFO - [2024-04-25T07:52:33.789+0000] {dag.py:3036} INFO - Sync 1 DAGs
[2024-04-25T07:52:33.931+0000] {logging_mixin.py:188} INFO - [2024-04-25T07:52:33.930+0000] {dag.py:3823} INFO - Setting next_dagrun for example_sla_dag to 2024-04-25 07:50:00+00:00, run_after=2024-04-25 07:52:00+00:00
[2024-04-25T07:52:34.029+0000] {processor.py:183} INFO - Processing /home/airflow/.local/lib/python3.8/site-packages/airflow/example_dags/example_sla_dag.py took 0.478 seconds
[2024-04-25T07:53:04.447+0000] {processor.py:161} INFO - Started process (PID=316) to work on /home/airflow/.local/lib/python3.8/site-packages/airflow/example_dags/example_sla_dag.py
[2024-04-25T07:53:04.452+0000] {processor.py:830} INFO - Processing file /home/airflow/.local/lib/python3.8/site-packages/airflow/example_dags/example_sla_dag.py for tasks to queue
[2024-04-25T07:53:04.460+0000] {logging_mixin.py:188} INFO - [2024-04-25T07:53:04.459+0000] {dagbag.py:538} INFO - Filling up the DagBag from /home/airflow/.local/lib/python3.8/site-packages/airflow/example_dags/example_sla_dag.py
[2024-04-25T07:53:04.484+0000] {processor.py:840} INFO - DAG(s) 'example_sla_dag' retrieved from /home/airflow/.local/lib/python3.8/site-packages/airflow/example_dags/example_sla_dag.py
[2024-04-25T07:53:04.543+0000] {logging_mixin.py:188} INFO - [2024-04-25T07:53:04.543+0000] {dag.py:3036} INFO - Sync 1 DAGs
[2024-04-25T07:53:04.618+0000] {logging_mixin.py:188} INFO - [2024-04-25T07:53:04.618+0000] {dag.py:3823} INFO - Setting next_dagrun for example_sla_dag to 2024-04-25 07:50:00+00:00, run_after=2024-04-25 07:52:00+00:00
[2024-04-25T07:53:04.677+0000] {processor.py:183} INFO - Processing /home/airflow/.local/lib/python3.8/site-packages/airflow/example_dags/example_sla_dag.py took 0.240 seconds
[2024-04-25T07:53:45.324+0000] {processor.py:161} INFO - Started process (PID=386) to work on /home/airflow/.local/lib/python3.8/site-packages/airflow/example_dags/example_sla_dag.py
[2024-04-25T07:53:45.330+0000] {processor.py:830} INFO - Processing file /home/airflow/.local/lib/python3.8/site-packages/airflow/example_dags/example_sla_dag.py for tasks to queue
[2024-04-25T07:53:45.339+0000] {logging_mixin.py:188} INFO - [2024-04-25T07:53:45.337+0000] {dagbag.py:538} INFO - Filling up the DagBag from /home/airflow/.local/lib/python3.8/site-packages/airflow/example_dags/example_sla_dag.py
[2024-04-25T07:53:45.371+0000] {processor.py:840} INFO - DAG(s) 'example_sla_dag' retrieved from /home/airflow/.local/lib/python3.8/site-packages/airflow/example_dags/example_sla_dag.py
[2024-04-25T07:53:45.464+0000] {logging_mixin.py:188} INFO - [2024-04-25T07:53:45.463+0000] {dag.py:3036} INFO - Sync 1 DAGs
[2024-04-25T07:53:45.620+0000] {logging_mixin.py:188} INFO - [2024-04-25T07:53:45.614+0000] {dag.py:3823} INFO - Setting next_dagrun for example_sla_dag to 2024-04-25 07:50:00+00:00, run_after=2024-04-25 07:52:00+00:00
[2024-04-25T07:53:45.752+0000] {processor.py:183} INFO - Processing /home/airflow/.local/lib/python3.8/site-packages/airflow/example_dags/example_sla_dag.py took 0.439 seconds
