[2024-04-25T05:59:14.163+0000] {processor.py:161} INFO - Started process (PID=116) to work on /home/airflow/.local/lib/python3.8/site-packages/airflow/example_dags/example_dynamic_task_mapping_with_no_taskflow_operators.py
[2024-04-25T05:59:14.172+0000] {processor.py:830} INFO - Processing file /home/airflow/.local/lib/python3.8/site-packages/airflow/example_dags/example_dynamic_task_mapping_with_no_taskflow_operators.py for tasks to queue
[2024-04-25T05:59:14.181+0000] {logging_mixin.py:188} INFO - [2024-04-25T05:59:14.179+0000] {dagbag.py:538} INFO - Filling up the DagBag from /home/airflow/.local/lib/python3.8/site-packages/airflow/example_dags/example_dynamic_task_mapping_with_no_taskflow_operators.py
[2024-04-25T05:59:14.315+0000] {processor.py:840} INFO - DAG(s) 'example_dynamic_task_mapping_with_no_taskflow_operators' retrieved from /home/airflow/.local/lib/python3.8/site-packages/airflow/example_dags/example_dynamic_task_mapping_with_no_taskflow_operators.py
[2024-04-25T05:59:14.829+0000] {logging_mixin.py:188} INFO - [2024-04-25T05:59:14.828+0000] {dag.py:3036} INFO - Sync 1 DAGs
[2024-04-25T05:59:15.034+0000] {logging_mixin.py:188} INFO - [2024-04-25T05:59:15.032+0000] {dag.py:3823} INFO - Setting next_dagrun for example_dynamic_task_mapping_with_no_taskflow_operators to 2024-04-24 00:00:00+00:00, run_after=2024-04-25 00:00:00+00:00
[2024-04-25T05:59:15.151+0000] {processor.py:183} INFO - Processing /home/airflow/.local/lib/python3.8/site-packages/airflow/example_dags/example_dynamic_task_mapping_with_no_taskflow_operators.py took 1.011 seconds
[2024-04-25T05:59:58.859+0000] {processor.py:161} INFO - Started process (PID=175) to work on /home/airflow/.local/lib/python3.8/site-packages/airflow/example_dags/example_dynamic_task_mapping_with_no_taskflow_operators.py
[2024-04-25T05:59:58.901+0000] {processor.py:830} INFO - Processing file /home/airflow/.local/lib/python3.8/site-packages/airflow/example_dags/example_dynamic_task_mapping_with_no_taskflow_operators.py for tasks to queue
[2024-04-25T05:59:58.930+0000] {logging_mixin.py:188} INFO - [2024-04-25T05:59:58.927+0000] {dagbag.py:538} INFO - Filling up the DagBag from /home/airflow/.local/lib/python3.8/site-packages/airflow/example_dags/example_dynamic_task_mapping_with_no_taskflow_operators.py
[2024-04-25T05:59:59.218+0000] {processor.py:840} INFO - DAG(s) 'example_dynamic_task_mapping_with_no_taskflow_operators' retrieved from /home/airflow/.local/lib/python3.8/site-packages/airflow/example_dags/example_dynamic_task_mapping_with_no_taskflow_operators.py
[2024-04-25T06:00:00.366+0000] {logging_mixin.py:188} INFO - [2024-04-25T06:00:00.323+0000] {dag.py:3036} INFO - Sync 1 DAGs
[2024-04-25T06:00:04.144+0000] {logging_mixin.py:188} INFO - [2024-04-25T06:00:03.968+0000] {dag.py:3823} INFO - Setting next_dagrun for example_dynamic_task_mapping_with_no_taskflow_operators to 2024-04-24 00:00:00+00:00, run_after=2024-04-25 00:00:00+00:00
[2024-04-25T06:00:04.621+0000] {processor.py:183} INFO - Processing /home/airflow/.local/lib/python3.8/site-packages/airflow/example_dags/example_dynamic_task_mapping_with_no_taskflow_operators.py took 5.871 seconds
[2024-04-25T06:00:42.614+0000] {processor.py:161} INFO - Started process (PID=240) to work on /home/airflow/.local/lib/python3.8/site-packages/airflow/example_dags/example_dynamic_task_mapping_with_no_taskflow_operators.py
[2024-04-25T06:00:42.619+0000] {processor.py:830} INFO - Processing file /home/airflow/.local/lib/python3.8/site-packages/airflow/example_dags/example_dynamic_task_mapping_with_no_taskflow_operators.py for tasks to queue
[2024-04-25T06:00:42.627+0000] {logging_mixin.py:188} INFO - [2024-04-25T06:00:42.625+0000] {dagbag.py:538} INFO - Filling up the DagBag from /home/airflow/.local/lib/python3.8/site-packages/airflow/example_dags/example_dynamic_task_mapping_with_no_taskflow_operators.py
[2024-04-25T06:00:42.650+0000] {processor.py:840} INFO - DAG(s) 'example_dynamic_task_mapping_with_no_taskflow_operators' retrieved from /home/airflow/.local/lib/python3.8/site-packages/airflow/example_dags/example_dynamic_task_mapping_with_no_taskflow_operators.py
[2024-04-25T06:00:42.765+0000] {logging_mixin.py:188} INFO - [2024-04-25T06:00:42.763+0000] {dag.py:3036} INFO - Sync 1 DAGs
[2024-04-25T06:00:42.927+0000] {logging_mixin.py:188} INFO - [2024-04-25T06:00:42.925+0000] {dag.py:3823} INFO - Setting next_dagrun for example_dynamic_task_mapping_with_no_taskflow_operators to 2024-04-24 00:00:00+00:00, run_after=2024-04-25 00:00:00+00:00
[2024-04-25T06:00:43.040+0000] {processor.py:183} INFO - Processing /home/airflow/.local/lib/python3.8/site-packages/airflow/example_dags/example_dynamic_task_mapping_with_no_taskflow_operators.py took 0.436 seconds
[2024-04-25T06:01:17.304+0000] {processor.py:161} INFO - Started process (PID=297) to work on /home/airflow/.local/lib/python3.8/site-packages/airflow/example_dags/example_dynamic_task_mapping_with_no_taskflow_operators.py
[2024-04-25T06:01:17.309+0000] {processor.py:830} INFO - Processing file /home/airflow/.local/lib/python3.8/site-packages/airflow/example_dags/example_dynamic_task_mapping_with_no_taskflow_operators.py for tasks to queue
[2024-04-25T06:01:17.316+0000] {logging_mixin.py:188} INFO - [2024-04-25T06:01:17.315+0000] {dagbag.py:538} INFO - Filling up the DagBag from /home/airflow/.local/lib/python3.8/site-packages/airflow/example_dags/example_dynamic_task_mapping_with_no_taskflow_operators.py
[2024-04-25T06:01:17.342+0000] {processor.py:840} INFO - DAG(s) 'example_dynamic_task_mapping_with_no_taskflow_operators' retrieved from /home/airflow/.local/lib/python3.8/site-packages/airflow/example_dags/example_dynamic_task_mapping_with_no_taskflow_operators.py
[2024-04-25T06:01:17.425+0000] {logging_mixin.py:188} INFO - [2024-04-25T06:01:17.424+0000] {dag.py:3036} INFO - Sync 1 DAGs
[2024-04-25T06:01:17.530+0000] {logging_mixin.py:188} INFO - [2024-04-25T06:01:17.529+0000] {dag.py:3823} INFO - Setting next_dagrun for example_dynamic_task_mapping_with_no_taskflow_operators to 2024-04-24 00:00:00+00:00, run_after=2024-04-25 00:00:00+00:00
[2024-04-25T06:01:17.600+0000] {processor.py:183} INFO - Processing /home/airflow/.local/lib/python3.8/site-packages/airflow/example_dags/example_dynamic_task_mapping_with_no_taskflow_operators.py took 0.306 seconds
[2024-04-25T06:02:02.208+0000] {processor.py:161} INFO - Started process (PID=357) to work on /home/airflow/.local/lib/python3.8/site-packages/airflow/example_dags/example_dynamic_task_mapping_with_no_taskflow_operators.py
[2024-04-25T06:02:02.215+0000] {processor.py:830} INFO - Processing file /home/airflow/.local/lib/python3.8/site-packages/airflow/example_dags/example_dynamic_task_mapping_with_no_taskflow_operators.py for tasks to queue
[2024-04-25T06:02:02.229+0000] {logging_mixin.py:188} INFO - [2024-04-25T06:02:02.227+0000] {dagbag.py:538} INFO - Filling up the DagBag from /home/airflow/.local/lib/python3.8/site-packages/airflow/example_dags/example_dynamic_task_mapping_with_no_taskflow_operators.py
[2024-04-25T06:02:02.279+0000] {processor.py:840} INFO - DAG(s) 'example_dynamic_task_mapping_with_no_taskflow_operators' retrieved from /home/airflow/.local/lib/python3.8/site-packages/airflow/example_dags/example_dynamic_task_mapping_with_no_taskflow_operators.py
[2024-04-25T06:02:02.403+0000] {logging_mixin.py:188} INFO - [2024-04-25T06:02:02.402+0000] {dag.py:3036} INFO - Sync 1 DAGs
[2024-04-25T06:02:02.518+0000] {logging_mixin.py:188} INFO - [2024-04-25T06:02:02.517+0000] {dag.py:3823} INFO - Setting next_dagrun for example_dynamic_task_mapping_with_no_taskflow_operators to 2024-04-24 00:00:00+00:00, run_after=2024-04-25 00:00:00+00:00
[2024-04-25T06:02:02.588+0000] {processor.py:183} INFO - Processing /home/airflow/.local/lib/python3.8/site-packages/airflow/example_dags/example_dynamic_task_mapping_with_no_taskflow_operators.py took 0.434 seconds
[2024-04-25T06:02:32.861+0000] {processor.py:161} INFO - Started process (PID=416) to work on /home/airflow/.local/lib/python3.8/site-packages/airflow/example_dags/example_dynamic_task_mapping_with_no_taskflow_operators.py
[2024-04-25T06:02:32.863+0000] {processor.py:830} INFO - Processing file /home/airflow/.local/lib/python3.8/site-packages/airflow/example_dags/example_dynamic_task_mapping_with_no_taskflow_operators.py for tasks to queue
[2024-04-25T06:02:32.866+0000] {logging_mixin.py:188} INFO - [2024-04-25T06:02:32.866+0000] {dagbag.py:538} INFO - Filling up the DagBag from /home/airflow/.local/lib/python3.8/site-packages/airflow/example_dags/example_dynamic_task_mapping_with_no_taskflow_operators.py
[2024-04-25T06:02:32.881+0000] {processor.py:840} INFO - DAG(s) 'example_dynamic_task_mapping_with_no_taskflow_operators' retrieved from /home/airflow/.local/lib/python3.8/site-packages/airflow/example_dags/example_dynamic_task_mapping_with_no_taskflow_operators.py
[2024-04-25T06:02:32.943+0000] {logging_mixin.py:188} INFO - [2024-04-25T06:02:32.941+0000] {dag.py:3036} INFO - Sync 1 DAGs
[2024-04-25T06:02:33.077+0000] {logging_mixin.py:188} INFO - [2024-04-25T06:02:33.076+0000] {dag.py:3823} INFO - Setting next_dagrun for example_dynamic_task_mapping_with_no_taskflow_operators to 2024-04-24 00:00:00+00:00, run_after=2024-04-25 00:00:00+00:00
[2024-04-25T06:02:33.132+0000] {processor.py:183} INFO - Processing /home/airflow/.local/lib/python3.8/site-packages/airflow/example_dags/example_dynamic_task_mapping_with_no_taskflow_operators.py took 0.276 seconds
[2024-04-25T06:03:17.073+0000] {processor.py:161} INFO - Started process (PID=480) to work on /home/airflow/.local/lib/python3.8/site-packages/airflow/example_dags/example_dynamic_task_mapping_with_no_taskflow_operators.py
[2024-04-25T06:03:17.082+0000] {processor.py:830} INFO - Processing file /home/airflow/.local/lib/python3.8/site-packages/airflow/example_dags/example_dynamic_task_mapping_with_no_taskflow_operators.py for tasks to queue
[2024-04-25T06:03:17.096+0000] {logging_mixin.py:188} INFO - [2024-04-25T06:03:17.095+0000] {dagbag.py:538} INFO - Filling up the DagBag from /home/airflow/.local/lib/python3.8/site-packages/airflow/example_dags/example_dynamic_task_mapping_with_no_taskflow_operators.py
[2024-04-25T06:03:17.134+0000] {processor.py:840} INFO - DAG(s) 'example_dynamic_task_mapping_with_no_taskflow_operators' retrieved from /home/airflow/.local/lib/python3.8/site-packages/airflow/example_dags/example_dynamic_task_mapping_with_no_taskflow_operators.py
[2024-04-25T06:03:17.236+0000] {logging_mixin.py:188} INFO - [2024-04-25T06:03:17.235+0000] {dag.py:3036} INFO - Sync 1 DAGs
[2024-04-25T06:03:17.349+0000] {logging_mixin.py:188} INFO - [2024-04-25T06:03:17.348+0000] {dag.py:3823} INFO - Setting next_dagrun for example_dynamic_task_mapping_with_no_taskflow_operators to 2024-04-24 00:00:00+00:00, run_after=2024-04-25 00:00:00+00:00
[2024-04-25T06:03:17.418+0000] {processor.py:183} INFO - Processing /home/airflow/.local/lib/python3.8/site-packages/airflow/example_dags/example_dynamic_task_mapping_with_no_taskflow_operators.py took 0.370 seconds
[2024-04-25T06:03:47.799+0000] {processor.py:161} INFO - Started process (PID=539) to work on /home/airflow/.local/lib/python3.8/site-packages/airflow/example_dags/example_dynamic_task_mapping_with_no_taskflow_operators.py
[2024-04-25T06:03:47.801+0000] {processor.py:830} INFO - Processing file /home/airflow/.local/lib/python3.8/site-packages/airflow/example_dags/example_dynamic_task_mapping_with_no_taskflow_operators.py for tasks to queue
[2024-04-25T06:03:47.804+0000] {logging_mixin.py:188} INFO - [2024-04-25T06:03:47.804+0000] {dagbag.py:538} INFO - Filling up the DagBag from /home/airflow/.local/lib/python3.8/site-packages/airflow/example_dags/example_dynamic_task_mapping_with_no_taskflow_operators.py
[2024-04-25T06:03:47.816+0000] {processor.py:840} INFO - DAG(s) 'example_dynamic_task_mapping_with_no_taskflow_operators' retrieved from /home/airflow/.local/lib/python3.8/site-packages/airflow/example_dags/example_dynamic_task_mapping_with_no_taskflow_operators.py
[2024-04-25T06:03:47.877+0000] {logging_mixin.py:188} INFO - [2024-04-25T06:03:47.876+0000] {dag.py:3036} INFO - Sync 1 DAGs
[2024-04-25T06:03:47.951+0000] {logging_mixin.py:188} INFO - [2024-04-25T06:03:47.950+0000] {dag.py:3823} INFO - Setting next_dagrun for example_dynamic_task_mapping_with_no_taskflow_operators to 2024-04-24 00:00:00+00:00, run_after=2024-04-25 00:00:00+00:00
[2024-04-25T06:03:48.007+0000] {processor.py:183} INFO - Processing /home/airflow/.local/lib/python3.8/site-packages/airflow/example_dags/example_dynamic_task_mapping_with_no_taskflow_operators.py took 0.214 seconds
[2024-04-25T06:04:18.359+0000] {processor.py:161} INFO - Started process (PID=598) to work on /home/airflow/.local/lib/python3.8/site-packages/airflow/example_dags/example_dynamic_task_mapping_with_no_taskflow_operators.py
[2024-04-25T06:04:18.362+0000] {processor.py:830} INFO - Processing file /home/airflow/.local/lib/python3.8/site-packages/airflow/example_dags/example_dynamic_task_mapping_with_no_taskflow_operators.py for tasks to queue
[2024-04-25T06:04:18.371+0000] {logging_mixin.py:188} INFO - [2024-04-25T06:04:18.369+0000] {dagbag.py:538} INFO - Filling up the DagBag from /home/airflow/.local/lib/python3.8/site-packages/airflow/example_dags/example_dynamic_task_mapping_with_no_taskflow_operators.py
[2024-04-25T06:04:18.403+0000] {processor.py:840} INFO - DAG(s) 'example_dynamic_task_mapping_with_no_taskflow_operators' retrieved from /home/airflow/.local/lib/python3.8/site-packages/airflow/example_dags/example_dynamic_task_mapping_with_no_taskflow_operators.py
[2024-04-25T06:04:18.478+0000] {logging_mixin.py:188} INFO - [2024-04-25T06:04:18.478+0000] {dag.py:3036} INFO - Sync 1 DAGs
[2024-04-25T06:04:18.546+0000] {logging_mixin.py:188} INFO - [2024-04-25T06:04:18.545+0000] {dag.py:3823} INFO - Setting next_dagrun for example_dynamic_task_mapping_with_no_taskflow_operators to 2024-04-24 00:00:00+00:00, run_after=2024-04-25 00:00:00+00:00
[2024-04-25T06:04:18.630+0000] {processor.py:183} INFO - Processing /home/airflow/.local/lib/python3.8/site-packages/airflow/example_dags/example_dynamic_task_mapping_with_no_taskflow_operators.py took 0.283 seconds
[2024-04-25T06:04:48.707+0000] {processor.py:161} INFO - Started process (PID=656) to work on /home/airflow/.local/lib/python3.8/site-packages/airflow/example_dags/example_dynamic_task_mapping_with_no_taskflow_operators.py
[2024-04-25T06:04:48.709+0000] {processor.py:830} INFO - Processing file /home/airflow/.local/lib/python3.8/site-packages/airflow/example_dags/example_dynamic_task_mapping_with_no_taskflow_operators.py for tasks to queue
[2024-04-25T06:04:48.712+0000] {logging_mixin.py:188} INFO - [2024-04-25T06:04:48.711+0000] {dagbag.py:538} INFO - Filling up the DagBag from /home/airflow/.local/lib/python3.8/site-packages/airflow/example_dags/example_dynamic_task_mapping_with_no_taskflow_operators.py
[2024-04-25T06:04:48.724+0000] {processor.py:840} INFO - DAG(s) 'example_dynamic_task_mapping_with_no_taskflow_operators' retrieved from /home/airflow/.local/lib/python3.8/site-packages/airflow/example_dags/example_dynamic_task_mapping_with_no_taskflow_operators.py
[2024-04-25T06:04:48.759+0000] {logging_mixin.py:188} INFO - [2024-04-25T06:04:48.758+0000] {dag.py:3036} INFO - Sync 1 DAGs
[2024-04-25T06:04:48.793+0000] {logging_mixin.py:188} INFO - [2024-04-25T06:04:48.793+0000] {dag.py:3823} INFO - Setting next_dagrun for example_dynamic_task_mapping_with_no_taskflow_operators to 2024-04-24 00:00:00+00:00, run_after=2024-04-25 00:00:00+00:00
[2024-04-25T06:04:48.823+0000] {processor.py:183} INFO - Processing /home/airflow/.local/lib/python3.8/site-packages/airflow/example_dags/example_dynamic_task_mapping_with_no_taskflow_operators.py took 0.121 seconds
[2024-04-25T06:05:19.371+0000] {processor.py:161} INFO - Started process (PID=716) to work on /home/airflow/.local/lib/python3.8/site-packages/airflow/example_dags/example_dynamic_task_mapping_with_no_taskflow_operators.py
[2024-04-25T06:05:19.377+0000] {processor.py:830} INFO - Processing file /home/airflow/.local/lib/python3.8/site-packages/airflow/example_dags/example_dynamic_task_mapping_with_no_taskflow_operators.py for tasks to queue
[2024-04-25T06:05:19.389+0000] {logging_mixin.py:188} INFO - [2024-04-25T06:05:19.387+0000] {dagbag.py:538} INFO - Filling up the DagBag from /home/airflow/.local/lib/python3.8/site-packages/airflow/example_dags/example_dynamic_task_mapping_with_no_taskflow_operators.py
[2024-04-25T06:05:19.486+0000] {processor.py:840} INFO - DAG(s) 'example_dynamic_task_mapping_with_no_taskflow_operators' retrieved from /home/airflow/.local/lib/python3.8/site-packages/airflow/example_dags/example_dynamic_task_mapping_with_no_taskflow_operators.py
[2024-04-25T06:05:19.650+0000] {logging_mixin.py:188} INFO - [2024-04-25T06:05:19.649+0000] {dag.py:3036} INFO - Sync 1 DAGs
[2024-04-25T06:05:19.985+0000] {logging_mixin.py:188} INFO - [2024-04-25T06:05:19.984+0000] {dag.py:3823} INFO - Setting next_dagrun for example_dynamic_task_mapping_with_no_taskflow_operators to 2024-04-24 00:00:00+00:00, run_after=2024-04-25 00:00:00+00:00
[2024-04-25T06:05:20.536+0000] {processor.py:183} INFO - Processing /home/airflow/.local/lib/python3.8/site-packages/airflow/example_dags/example_dynamic_task_mapping_with_no_taskflow_operators.py took 1.199 seconds
[2024-04-25T06:05:51.313+0000] {processor.py:161} INFO - Started process (PID=775) to work on /home/airflow/.local/lib/python3.8/site-packages/airflow/example_dags/example_dynamic_task_mapping_with_no_taskflow_operators.py
[2024-04-25T06:05:51.316+0000] {processor.py:830} INFO - Processing file /home/airflow/.local/lib/python3.8/site-packages/airflow/example_dags/example_dynamic_task_mapping_with_no_taskflow_operators.py for tasks to queue
[2024-04-25T06:05:51.321+0000] {logging_mixin.py:188} INFO - [2024-04-25T06:05:51.320+0000] {dagbag.py:538} INFO - Filling up the DagBag from /home/airflow/.local/lib/python3.8/site-packages/airflow/example_dags/example_dynamic_task_mapping_with_no_taskflow_operators.py
[2024-04-25T06:05:51.332+0000] {processor.py:840} INFO - DAG(s) 'example_dynamic_task_mapping_with_no_taskflow_operators' retrieved from /home/airflow/.local/lib/python3.8/site-packages/airflow/example_dags/example_dynamic_task_mapping_with_no_taskflow_operators.py
[2024-04-25T06:05:51.362+0000] {logging_mixin.py:188} INFO - [2024-04-25T06:05:51.361+0000] {dag.py:3036} INFO - Sync 1 DAGs
[2024-04-25T06:05:51.388+0000] {logging_mixin.py:188} INFO - [2024-04-25T06:05:51.388+0000] {dag.py:3823} INFO - Setting next_dagrun for example_dynamic_task_mapping_with_no_taskflow_operators to 2024-04-24 00:00:00+00:00, run_after=2024-04-25 00:00:00+00:00
[2024-04-25T06:05:51.417+0000] {processor.py:183} INFO - Processing /home/airflow/.local/lib/python3.8/site-packages/airflow/example_dags/example_dynamic_task_mapping_with_no_taskflow_operators.py took 0.111 seconds
[2024-04-25T06:06:22.248+0000] {processor.py:161} INFO - Started process (PID=834) to work on /home/airflow/.local/lib/python3.8/site-packages/airflow/example_dags/example_dynamic_task_mapping_with_no_taskflow_operators.py
[2024-04-25T06:06:22.251+0000] {processor.py:830} INFO - Processing file /home/airflow/.local/lib/python3.8/site-packages/airflow/example_dags/example_dynamic_task_mapping_with_no_taskflow_operators.py for tasks to queue
[2024-04-25T06:06:22.255+0000] {logging_mixin.py:188} INFO - [2024-04-25T06:06:22.254+0000] {dagbag.py:538} INFO - Filling up the DagBag from /home/airflow/.local/lib/python3.8/site-packages/airflow/example_dags/example_dynamic_task_mapping_with_no_taskflow_operators.py
[2024-04-25T06:06:22.266+0000] {processor.py:840} INFO - DAG(s) 'example_dynamic_task_mapping_with_no_taskflow_operators' retrieved from /home/airflow/.local/lib/python3.8/site-packages/airflow/example_dags/example_dynamic_task_mapping_with_no_taskflow_operators.py
[2024-04-25T06:06:22.299+0000] {logging_mixin.py:188} INFO - [2024-04-25T06:06:22.298+0000] {dag.py:3036} INFO - Sync 1 DAGs
[2024-04-25T06:06:22.325+0000] {logging_mixin.py:188} INFO - [2024-04-25T06:06:22.325+0000] {dag.py:3823} INFO - Setting next_dagrun for example_dynamic_task_mapping_with_no_taskflow_operators to 2024-04-24 00:00:00+00:00, run_after=2024-04-25 00:00:00+00:00
[2024-04-25T06:06:22.349+0000] {processor.py:183} INFO - Processing /home/airflow/.local/lib/python3.8/site-packages/airflow/example_dags/example_dynamic_task_mapping_with_no_taskflow_operators.py took 0.106 seconds
[2024-04-25T06:06:53.019+0000] {processor.py:161} INFO - Started process (PID=893) to work on /home/airflow/.local/lib/python3.8/site-packages/airflow/example_dags/example_dynamic_task_mapping_with_no_taskflow_operators.py
[2024-04-25T06:06:53.024+0000] {processor.py:830} INFO - Processing file /home/airflow/.local/lib/python3.8/site-packages/airflow/example_dags/example_dynamic_task_mapping_with_no_taskflow_operators.py for tasks to queue
[2024-04-25T06:06:53.028+0000] {logging_mixin.py:188} INFO - [2024-04-25T06:06:53.028+0000] {dagbag.py:538} INFO - Filling up the DagBag from /home/airflow/.local/lib/python3.8/site-packages/airflow/example_dags/example_dynamic_task_mapping_with_no_taskflow_operators.py
[2024-04-25T06:06:53.042+0000] {processor.py:840} INFO - DAG(s) 'example_dynamic_task_mapping_with_no_taskflow_operators' retrieved from /home/airflow/.local/lib/python3.8/site-packages/airflow/example_dags/example_dynamic_task_mapping_with_no_taskflow_operators.py
[2024-04-25T06:06:53.070+0000] {logging_mixin.py:188} INFO - [2024-04-25T06:06:53.070+0000] {dag.py:3036} INFO - Sync 1 DAGs
[2024-04-25T06:06:53.099+0000] {logging_mixin.py:188} INFO - [2024-04-25T06:06:53.098+0000] {dag.py:3823} INFO - Setting next_dagrun for example_dynamic_task_mapping_with_no_taskflow_operators to 2024-04-24 00:00:00+00:00, run_after=2024-04-25 00:00:00+00:00
[2024-04-25T06:06:53.128+0000] {processor.py:183} INFO - Processing /home/airflow/.local/lib/python3.8/site-packages/airflow/example_dags/example_dynamic_task_mapping_with_no_taskflow_operators.py took 0.116 seconds
[2024-04-25T06:07:23.481+0000] {processor.py:161} INFO - Started process (PID=952) to work on /home/airflow/.local/lib/python3.8/site-packages/airflow/example_dags/example_dynamic_task_mapping_with_no_taskflow_operators.py
[2024-04-25T06:07:23.482+0000] {processor.py:830} INFO - Processing file /home/airflow/.local/lib/python3.8/site-packages/airflow/example_dags/example_dynamic_task_mapping_with_no_taskflow_operators.py for tasks to queue
[2024-04-25T06:07:23.485+0000] {logging_mixin.py:188} INFO - [2024-04-25T06:07:23.484+0000] {dagbag.py:538} INFO - Filling up the DagBag from /home/airflow/.local/lib/python3.8/site-packages/airflow/example_dags/example_dynamic_task_mapping_with_no_taskflow_operators.py
[2024-04-25T06:07:23.492+0000] {processor.py:840} INFO - DAG(s) 'example_dynamic_task_mapping_with_no_taskflow_operators' retrieved from /home/airflow/.local/lib/python3.8/site-packages/airflow/example_dags/example_dynamic_task_mapping_with_no_taskflow_operators.py
[2024-04-25T06:07:23.518+0000] {logging_mixin.py:188} INFO - [2024-04-25T06:07:23.517+0000] {dag.py:3036} INFO - Sync 1 DAGs
[2024-04-25T06:07:23.556+0000] {logging_mixin.py:188} INFO - [2024-04-25T06:07:23.555+0000] {dag.py:3823} INFO - Setting next_dagrun for example_dynamic_task_mapping_with_no_taskflow_operators to 2024-04-24 00:00:00+00:00, run_after=2024-04-25 00:00:00+00:00
[2024-04-25T06:07:23.590+0000] {processor.py:183} INFO - Processing /home/airflow/.local/lib/python3.8/site-packages/airflow/example_dags/example_dynamic_task_mapping_with_no_taskflow_operators.py took 0.113 seconds
[2024-04-25T06:07:53.935+0000] {processor.py:161} INFO - Started process (PID=1011) to work on /home/airflow/.local/lib/python3.8/site-packages/airflow/example_dags/example_dynamic_task_mapping_with_no_taskflow_operators.py
[2024-04-25T06:07:53.942+0000] {processor.py:830} INFO - Processing file /home/airflow/.local/lib/python3.8/site-packages/airflow/example_dags/example_dynamic_task_mapping_with_no_taskflow_operators.py for tasks to queue
[2024-04-25T06:07:53.952+0000] {logging_mixin.py:188} INFO - [2024-04-25T06:07:53.950+0000] {dagbag.py:538} INFO - Filling up the DagBag from /home/airflow/.local/lib/python3.8/site-packages/airflow/example_dags/example_dynamic_task_mapping_with_no_taskflow_operators.py
[2024-04-25T06:07:53.988+0000] {processor.py:840} INFO - DAG(s) 'example_dynamic_task_mapping_with_no_taskflow_operators' retrieved from /home/airflow/.local/lib/python3.8/site-packages/airflow/example_dags/example_dynamic_task_mapping_with_no_taskflow_operators.py
[2024-04-25T06:07:54.078+0000] {logging_mixin.py:188} INFO - [2024-04-25T06:07:54.077+0000] {dag.py:3036} INFO - Sync 1 DAGs
[2024-04-25T06:07:54.164+0000] {logging_mixin.py:188} INFO - [2024-04-25T06:07:54.163+0000] {dag.py:3823} INFO - Setting next_dagrun for example_dynamic_task_mapping_with_no_taskflow_operators to 2024-04-24 00:00:00+00:00, run_after=2024-04-25 00:00:00+00:00
[2024-04-25T06:07:54.235+0000] {processor.py:183} INFO - Processing /home/airflow/.local/lib/python3.8/site-packages/airflow/example_dags/example_dynamic_task_mapping_with_no_taskflow_operators.py took 0.316 seconds
[2024-04-25T06:08:24.559+0000] {processor.py:161} INFO - Started process (PID=1069) to work on /home/airflow/.local/lib/python3.8/site-packages/airflow/example_dags/example_dynamic_task_mapping_with_no_taskflow_operators.py
[2024-04-25T06:08:24.561+0000] {processor.py:830} INFO - Processing file /home/airflow/.local/lib/python3.8/site-packages/airflow/example_dags/example_dynamic_task_mapping_with_no_taskflow_operators.py for tasks to queue
[2024-04-25T06:08:24.563+0000] {logging_mixin.py:188} INFO - [2024-04-25T06:08:24.563+0000] {dagbag.py:538} INFO - Filling up the DagBag from /home/airflow/.local/lib/python3.8/site-packages/airflow/example_dags/example_dynamic_task_mapping_with_no_taskflow_operators.py
[2024-04-25T06:08:24.571+0000] {processor.py:840} INFO - DAG(s) 'example_dynamic_task_mapping_with_no_taskflow_operators' retrieved from /home/airflow/.local/lib/python3.8/site-packages/airflow/example_dags/example_dynamic_task_mapping_with_no_taskflow_operators.py
[2024-04-25T06:08:24.599+0000] {logging_mixin.py:188} INFO - [2024-04-25T06:08:24.599+0000] {dag.py:3036} INFO - Sync 1 DAGs
[2024-04-25T06:08:24.631+0000] {logging_mixin.py:188} INFO - [2024-04-25T06:08:24.631+0000] {dag.py:3823} INFO - Setting next_dagrun for example_dynamic_task_mapping_with_no_taskflow_operators to 2024-04-24 00:00:00+00:00, run_after=2024-04-25 00:00:00+00:00
[2024-04-25T06:08:24.661+0000] {processor.py:183} INFO - Processing /home/airflow/.local/lib/python3.8/site-packages/airflow/example_dags/example_dynamic_task_mapping_with_no_taskflow_operators.py took 0.105 seconds
[2024-04-25T06:08:55.235+0000] {processor.py:161} INFO - Started process (PID=1128) to work on /home/airflow/.local/lib/python3.8/site-packages/airflow/example_dags/example_dynamic_task_mapping_with_no_taskflow_operators.py
[2024-04-25T06:08:55.245+0000] {processor.py:830} INFO - Processing file /home/airflow/.local/lib/python3.8/site-packages/airflow/example_dags/example_dynamic_task_mapping_with_no_taskflow_operators.py for tasks to queue
[2024-04-25T06:08:55.254+0000] {logging_mixin.py:188} INFO - [2024-04-25T06:08:55.253+0000] {dagbag.py:538} INFO - Filling up the DagBag from /home/airflow/.local/lib/python3.8/site-packages/airflow/example_dags/example_dynamic_task_mapping_with_no_taskflow_operators.py
[2024-04-25T06:08:55.277+0000] {processor.py:840} INFO - DAG(s) 'example_dynamic_task_mapping_with_no_taskflow_operators' retrieved from /home/airflow/.local/lib/python3.8/site-packages/airflow/example_dags/example_dynamic_task_mapping_with_no_taskflow_operators.py
[2024-04-25T06:08:55.358+0000] {logging_mixin.py:188} INFO - [2024-04-25T06:08:55.357+0000] {dag.py:3036} INFO - Sync 1 DAGs
[2024-04-25T06:08:55.481+0000] {logging_mixin.py:188} INFO - [2024-04-25T06:08:55.480+0000] {dag.py:3823} INFO - Setting next_dagrun for example_dynamic_task_mapping_with_no_taskflow_operators to 2024-04-24 00:00:00+00:00, run_after=2024-04-25 00:00:00+00:00
[2024-04-25T06:08:55.561+0000] {processor.py:183} INFO - Processing /home/airflow/.local/lib/python3.8/site-packages/airflow/example_dags/example_dynamic_task_mapping_with_no_taskflow_operators.py took 0.337 seconds
[2024-04-25T06:09:25.758+0000] {processor.py:161} INFO - Started process (PID=1186) to work on /home/airflow/.local/lib/python3.8/site-packages/airflow/example_dags/example_dynamic_task_mapping_with_no_taskflow_operators.py
[2024-04-25T06:09:25.761+0000] {processor.py:830} INFO - Processing file /home/airflow/.local/lib/python3.8/site-packages/airflow/example_dags/example_dynamic_task_mapping_with_no_taskflow_operators.py for tasks to queue
[2024-04-25T06:09:25.768+0000] {logging_mixin.py:188} INFO - [2024-04-25T06:09:25.767+0000] {dagbag.py:538} INFO - Filling up the DagBag from /home/airflow/.local/lib/python3.8/site-packages/airflow/example_dags/example_dynamic_task_mapping_with_no_taskflow_operators.py
[2024-04-25T06:09:25.782+0000] {processor.py:840} INFO - DAG(s) 'example_dynamic_task_mapping_with_no_taskflow_operators' retrieved from /home/airflow/.local/lib/python3.8/site-packages/airflow/example_dags/example_dynamic_task_mapping_with_no_taskflow_operators.py
[2024-04-25T06:09:25.826+0000] {logging_mixin.py:188} INFO - [2024-04-25T06:09:25.826+0000] {dag.py:3036} INFO - Sync 1 DAGs
[2024-04-25T06:09:25.886+0000] {logging_mixin.py:188} INFO - [2024-04-25T06:09:25.886+0000] {dag.py:3823} INFO - Setting next_dagrun for example_dynamic_task_mapping_with_no_taskflow_operators to 2024-04-24 00:00:00+00:00, run_after=2024-04-25 00:00:00+00:00
[2024-04-25T06:09:25.954+0000] {processor.py:183} INFO - Processing /home/airflow/.local/lib/python3.8/site-packages/airflow/example_dags/example_dynamic_task_mapping_with_no_taskflow_operators.py took 0.203 seconds
[2024-04-25T06:09:56.293+0000] {processor.py:161} INFO - Started process (PID=1246) to work on /home/airflow/.local/lib/python3.8/site-packages/airflow/example_dags/example_dynamic_task_mapping_with_no_taskflow_operators.py
[2024-04-25T06:09:56.298+0000] {processor.py:830} INFO - Processing file /home/airflow/.local/lib/python3.8/site-packages/airflow/example_dags/example_dynamic_task_mapping_with_no_taskflow_operators.py for tasks to queue
[2024-04-25T06:09:56.308+0000] {logging_mixin.py:188} INFO - [2024-04-25T06:09:56.307+0000] {dagbag.py:538} INFO - Filling up the DagBag from /home/airflow/.local/lib/python3.8/site-packages/airflow/example_dags/example_dynamic_task_mapping_with_no_taskflow_operators.py
[2024-04-25T06:09:56.336+0000] {processor.py:840} INFO - DAG(s) 'example_dynamic_task_mapping_with_no_taskflow_operators' retrieved from /home/airflow/.local/lib/python3.8/site-packages/airflow/example_dags/example_dynamic_task_mapping_with_no_taskflow_operators.py
[2024-04-25T06:09:56.455+0000] {logging_mixin.py:188} INFO - [2024-04-25T06:09:56.453+0000] {dag.py:3036} INFO - Sync 1 DAGs
[2024-04-25T06:09:56.551+0000] {logging_mixin.py:188} INFO - [2024-04-25T06:09:56.549+0000] {dag.py:3823} INFO - Setting next_dagrun for example_dynamic_task_mapping_with_no_taskflow_operators to 2024-04-24 00:00:00+00:00, run_after=2024-04-25 00:00:00+00:00
[2024-04-25T06:09:56.679+0000] {processor.py:183} INFO - Processing /home/airflow/.local/lib/python3.8/site-packages/airflow/example_dags/example_dynamic_task_mapping_with_no_taskflow_operators.py took 0.400 seconds
[2024-04-25T06:10:27.233+0000] {processor.py:161} INFO - Started process (PID=1305) to work on /home/airflow/.local/lib/python3.8/site-packages/airflow/example_dags/example_dynamic_task_mapping_with_no_taskflow_operators.py
[2024-04-25T06:10:27.238+0000] {processor.py:830} INFO - Processing file /home/airflow/.local/lib/python3.8/site-packages/airflow/example_dags/example_dynamic_task_mapping_with_no_taskflow_operators.py for tasks to queue
[2024-04-25T06:10:27.243+0000] {logging_mixin.py:188} INFO - [2024-04-25T06:10:27.242+0000] {dagbag.py:538} INFO - Filling up the DagBag from /home/airflow/.local/lib/python3.8/site-packages/airflow/example_dags/example_dynamic_task_mapping_with_no_taskflow_operators.py
[2024-04-25T06:10:27.260+0000] {processor.py:840} INFO - DAG(s) 'example_dynamic_task_mapping_with_no_taskflow_operators' retrieved from /home/airflow/.local/lib/python3.8/site-packages/airflow/example_dags/example_dynamic_task_mapping_with_no_taskflow_operators.py
[2024-04-25T06:10:27.316+0000] {logging_mixin.py:188} INFO - [2024-04-25T06:10:27.315+0000] {dag.py:3036} INFO - Sync 1 DAGs
[2024-04-25T06:10:27.396+0000] {logging_mixin.py:188} INFO - [2024-04-25T06:10:27.395+0000] {dag.py:3823} INFO - Setting next_dagrun for example_dynamic_task_mapping_with_no_taskflow_operators to 2024-04-24 00:00:00+00:00, run_after=2024-04-25 00:00:00+00:00
[2024-04-25T06:10:27.465+0000] {processor.py:183} INFO - Processing /home/airflow/.local/lib/python3.8/site-packages/airflow/example_dags/example_dynamic_task_mapping_with_no_taskflow_operators.py took 0.240 seconds
[2024-04-25T06:53:10.071+0000] {processor.py:161} INFO - Started process (PID=135) to work on /home/airflow/.local/lib/python3.8/site-packages/airflow/example_dags/example_dynamic_task_mapping_with_no_taskflow_operators.py
[2024-04-25T06:53:10.081+0000] {processor.py:830} INFO - Processing file /home/airflow/.local/lib/python3.8/site-packages/airflow/example_dags/example_dynamic_task_mapping_with_no_taskflow_operators.py for tasks to queue
[2024-04-25T06:53:10.090+0000] {logging_mixin.py:188} INFO - [2024-04-25T06:53:10.088+0000] {dagbag.py:538} INFO - Filling up the DagBag from /home/airflow/.local/lib/python3.8/site-packages/airflow/example_dags/example_dynamic_task_mapping_with_no_taskflow_operators.py
[2024-04-25T06:53:10.170+0000] {processor.py:840} INFO - DAG(s) 'example_dynamic_task_mapping_with_no_taskflow_operators' retrieved from /home/airflow/.local/lib/python3.8/site-packages/airflow/example_dags/example_dynamic_task_mapping_with_no_taskflow_operators.py
[2024-04-25T06:53:10.983+0000] {logging_mixin.py:188} INFO - [2024-04-25T06:53:10.982+0000] {dag.py:3036} INFO - Sync 1 DAGs
[2024-04-25T06:53:11.111+0000] {logging_mixin.py:188} INFO - [2024-04-25T06:53:11.110+0000] {dag.py:3823} INFO - Setting next_dagrun for example_dynamic_task_mapping_with_no_taskflow_operators to 2024-04-24 00:00:00+00:00, run_after=2024-04-25 00:00:00+00:00
[2024-04-25T06:53:11.227+0000] {processor.py:183} INFO - Processing /home/airflow/.local/lib/python3.8/site-packages/airflow/example_dags/example_dynamic_task_mapping_with_no_taskflow_operators.py took 1.183 seconds
[2024-04-25T06:53:49.898+0000] {processor.py:161} INFO - Started process (PID=205) to work on /home/airflow/.local/lib/python3.8/site-packages/airflow/example_dags/example_dynamic_task_mapping_with_no_taskflow_operators.py
[2024-04-25T06:53:49.906+0000] {processor.py:830} INFO - Processing file /home/airflow/.local/lib/python3.8/site-packages/airflow/example_dags/example_dynamic_task_mapping_with_no_taskflow_operators.py for tasks to queue
[2024-04-25T06:53:49.916+0000] {logging_mixin.py:188} INFO - [2024-04-25T06:53:49.915+0000] {dagbag.py:538} INFO - Filling up the DagBag from /home/airflow/.local/lib/python3.8/site-packages/airflow/example_dags/example_dynamic_task_mapping_with_no_taskflow_operators.py
[2024-04-25T06:53:49.946+0000] {processor.py:840} INFO - DAG(s) 'example_dynamic_task_mapping_with_no_taskflow_operators' retrieved from /home/airflow/.local/lib/python3.8/site-packages/airflow/example_dags/example_dynamic_task_mapping_with_no_taskflow_operators.py
[2024-04-25T06:53:50.108+0000] {logging_mixin.py:188} INFO - [2024-04-25T06:53:50.107+0000] {dag.py:3036} INFO - Sync 1 DAGs
[2024-04-25T06:53:50.339+0000] {logging_mixin.py:188} INFO - [2024-04-25T06:53:50.336+0000] {dag.py:3823} INFO - Setting next_dagrun for example_dynamic_task_mapping_with_no_taskflow_operators to 2024-04-24 00:00:00+00:00, run_after=2024-04-25 00:00:00+00:00
[2024-04-25T06:53:50.520+0000] {processor.py:183} INFO - Processing /home/airflow/.local/lib/python3.8/site-packages/airflow/example_dags/example_dynamic_task_mapping_with_no_taskflow_operators.py took 0.635 seconds
[2024-04-25T06:54:21.408+0000] {processor.py:161} INFO - Started process (PID=274) to work on /home/airflow/.local/lib/python3.8/site-packages/airflow/example_dags/example_dynamic_task_mapping_with_no_taskflow_operators.py
[2024-04-25T06:54:21.414+0000] {processor.py:830} INFO - Processing file /home/airflow/.local/lib/python3.8/site-packages/airflow/example_dags/example_dynamic_task_mapping_with_no_taskflow_operators.py for tasks to queue
[2024-04-25T06:54:21.444+0000] {logging_mixin.py:188} INFO - [2024-04-25T06:54:21.442+0000] {dagbag.py:538} INFO - Filling up the DagBag from /home/airflow/.local/lib/python3.8/site-packages/airflow/example_dags/example_dynamic_task_mapping_with_no_taskflow_operators.py
[2024-04-25T06:54:21.473+0000] {processor.py:840} INFO - DAG(s) 'example_dynamic_task_mapping_with_no_taskflow_operators' retrieved from /home/airflow/.local/lib/python3.8/site-packages/airflow/example_dags/example_dynamic_task_mapping_with_no_taskflow_operators.py
[2024-04-25T06:54:21.764+0000] {logging_mixin.py:188} INFO - [2024-04-25T06:54:21.763+0000] {dag.py:3036} INFO - Sync 1 DAGs
[2024-04-25T06:54:21.941+0000] {logging_mixin.py:188} INFO - [2024-04-25T06:54:21.940+0000] {dag.py:3823} INFO - Setting next_dagrun for example_dynamic_task_mapping_with_no_taskflow_operators to 2024-04-24 00:00:00+00:00, run_after=2024-04-25 00:00:00+00:00
[2024-04-25T06:54:22.045+0000] {processor.py:183} INFO - Processing /home/airflow/.local/lib/python3.8/site-packages/airflow/example_dags/example_dynamic_task_mapping_with_no_taskflow_operators.py took 0.691 seconds
[2024-04-25T06:54:56.742+0000] {processor.py:161} INFO - Started process (PID=344) to work on /home/airflow/.local/lib/python3.8/site-packages/airflow/example_dags/example_dynamic_task_mapping_with_no_taskflow_operators.py
[2024-04-25T06:54:56.760+0000] {processor.py:830} INFO - Processing file /home/airflow/.local/lib/python3.8/site-packages/airflow/example_dags/example_dynamic_task_mapping_with_no_taskflow_operators.py for tasks to queue
[2024-04-25T06:54:56.780+0000] {logging_mixin.py:188} INFO - [2024-04-25T06:54:56.776+0000] {dagbag.py:538} INFO - Filling up the DagBag from /home/airflow/.local/lib/python3.8/site-packages/airflow/example_dags/example_dynamic_task_mapping_with_no_taskflow_operators.py
[2024-04-25T06:54:56.831+0000] {processor.py:840} INFO - DAG(s) 'example_dynamic_task_mapping_with_no_taskflow_operators' retrieved from /home/airflow/.local/lib/python3.8/site-packages/airflow/example_dags/example_dynamic_task_mapping_with_no_taskflow_operators.py
[2024-04-25T06:54:56.986+0000] {logging_mixin.py:188} INFO - [2024-04-25T06:54:56.985+0000] {dag.py:3036} INFO - Sync 1 DAGs
[2024-04-25T06:54:57.257+0000] {logging_mixin.py:188} INFO - [2024-04-25T06:54:57.256+0000] {dag.py:3823} INFO - Setting next_dagrun for example_dynamic_task_mapping_with_no_taskflow_operators to 2024-04-24 00:00:00+00:00, run_after=2024-04-25 00:00:00+00:00
[2024-04-25T06:54:57.383+0000] {processor.py:183} INFO - Processing /home/airflow/.local/lib/python3.8/site-packages/airflow/example_dags/example_dynamic_task_mapping_with_no_taskflow_operators.py took 0.664 seconds
[2024-04-25T06:55:29.133+0000] {processor.py:161} INFO - Started process (PID=414) to work on /home/airflow/.local/lib/python3.8/site-packages/airflow/example_dags/example_dynamic_task_mapping_with_no_taskflow_operators.py
[2024-04-25T06:55:29.139+0000] {processor.py:830} INFO - Processing file /home/airflow/.local/lib/python3.8/site-packages/airflow/example_dags/example_dynamic_task_mapping_with_no_taskflow_operators.py for tasks to queue
[2024-04-25T06:55:29.147+0000] {logging_mixin.py:188} INFO - [2024-04-25T06:55:29.146+0000] {dagbag.py:538} INFO - Filling up the DagBag from /home/airflow/.local/lib/python3.8/site-packages/airflow/example_dags/example_dynamic_task_mapping_with_no_taskflow_operators.py
[2024-04-25T06:55:29.191+0000] {processor.py:840} INFO - DAG(s) 'example_dynamic_task_mapping_with_no_taskflow_operators' retrieved from /home/airflow/.local/lib/python3.8/site-packages/airflow/example_dags/example_dynamic_task_mapping_with_no_taskflow_operators.py
[2024-04-25T06:55:29.282+0000] {logging_mixin.py:188} INFO - [2024-04-25T06:55:29.281+0000] {dag.py:3036} INFO - Sync 1 DAGs
[2024-04-25T06:55:29.389+0000] {logging_mixin.py:188} INFO - [2024-04-25T06:55:29.388+0000] {dag.py:3823} INFO - Setting next_dagrun for example_dynamic_task_mapping_with_no_taskflow_operators to 2024-04-24 00:00:00+00:00, run_after=2024-04-25 00:00:00+00:00
[2024-04-25T06:55:29.482+0000] {processor.py:183} INFO - Processing /home/airflow/.local/lib/python3.8/site-packages/airflow/example_dags/example_dynamic_task_mapping_with_no_taskflow_operators.py took 0.363 seconds
[2024-04-25T06:56:06.652+0000] {processor.py:161} INFO - Started process (PID=484) to work on /home/airflow/.local/lib/python3.8/site-packages/airflow/example_dags/example_dynamic_task_mapping_with_no_taskflow_operators.py
[2024-04-25T06:56:06.657+0000] {processor.py:830} INFO - Processing file /home/airflow/.local/lib/python3.8/site-packages/airflow/example_dags/example_dynamic_task_mapping_with_no_taskflow_operators.py for tasks to queue
[2024-04-25T06:56:06.664+0000] {logging_mixin.py:188} INFO - [2024-04-25T06:56:06.663+0000] {dagbag.py:538} INFO - Filling up the DagBag from /home/airflow/.local/lib/python3.8/site-packages/airflow/example_dags/example_dynamic_task_mapping_with_no_taskflow_operators.py
[2024-04-25T06:56:06.693+0000] {processor.py:840} INFO - DAG(s) 'example_dynamic_task_mapping_with_no_taskflow_operators' retrieved from /home/airflow/.local/lib/python3.8/site-packages/airflow/example_dags/example_dynamic_task_mapping_with_no_taskflow_operators.py
[2024-04-25T06:56:06.788+0000] {logging_mixin.py:188} INFO - [2024-04-25T06:56:06.787+0000] {dag.py:3036} INFO - Sync 1 DAGs
[2024-04-25T06:56:06.902+0000] {logging_mixin.py:188} INFO - [2024-04-25T06:56:06.901+0000] {dag.py:3823} INFO - Setting next_dagrun for example_dynamic_task_mapping_with_no_taskflow_operators to 2024-04-24 00:00:00+00:00, run_after=2024-04-25 00:00:00+00:00
[2024-04-25T06:56:07.017+0000] {processor.py:183} INFO - Processing /home/airflow/.local/lib/python3.8/site-packages/airflow/example_dags/example_dynamic_task_mapping_with_no_taskflow_operators.py took 0.379 seconds
[2024-04-25T06:56:46.893+0000] {processor.py:161} INFO - Started process (PID=562) to work on /home/airflow/.local/lib/python3.8/site-packages/airflow/example_dags/example_dynamic_task_mapping_with_no_taskflow_operators.py
[2024-04-25T06:56:46.900+0000] {processor.py:830} INFO - Processing file /home/airflow/.local/lib/python3.8/site-packages/airflow/example_dags/example_dynamic_task_mapping_with_no_taskflow_operators.py for tasks to queue
[2024-04-25T06:56:46.908+0000] {logging_mixin.py:188} INFO - [2024-04-25T06:56:46.907+0000] {dagbag.py:538} INFO - Filling up the DagBag from /home/airflow/.local/lib/python3.8/site-packages/airflow/example_dags/example_dynamic_task_mapping_with_no_taskflow_operators.py
[2024-04-25T06:56:46.936+0000] {processor.py:840} INFO - DAG(s) 'example_dynamic_task_mapping_with_no_taskflow_operators' retrieved from /home/airflow/.local/lib/python3.8/site-packages/airflow/example_dags/example_dynamic_task_mapping_with_no_taskflow_operators.py
[2024-04-25T06:56:47.009+0000] {logging_mixin.py:188} INFO - [2024-04-25T06:56:47.008+0000] {dag.py:3036} INFO - Sync 1 DAGs
[2024-04-25T06:56:47.111+0000] {logging_mixin.py:188} INFO - [2024-04-25T06:56:47.109+0000] {dag.py:3823} INFO - Setting next_dagrun for example_dynamic_task_mapping_with_no_taskflow_operators to 2024-04-24 00:00:00+00:00, run_after=2024-04-25 00:00:00+00:00
[2024-04-25T06:56:47.616+0000] {processor.py:183} INFO - Processing /home/airflow/.local/lib/python3.8/site-packages/airflow/example_dags/example_dynamic_task_mapping_with_no_taskflow_operators.py took 0.751 seconds
[2024-04-25T06:59:22.767+0000] {processor.py:161} INFO - Started process (PID=668) to work on /home/airflow/.local/lib/python3.8/site-packages/airflow/example_dags/example_dynamic_task_mapping_with_no_taskflow_operators.py
[2024-04-25T06:59:23.002+0000] {processor.py:830} INFO - Processing file /home/airflow/.local/lib/python3.8/site-packages/airflow/example_dags/example_dynamic_task_mapping_with_no_taskflow_operators.py for tasks to queue
[2024-04-25T06:59:23.050+0000] {logging_mixin.py:188} INFO - [2024-04-25T06:59:23.046+0000] {dagbag.py:538} INFO - Filling up the DagBag from /home/airflow/.local/lib/python3.8/site-packages/airflow/example_dags/example_dynamic_task_mapping_with_no_taskflow_operators.py
[2024-04-25T06:59:24.139+0000] {processor.py:840} INFO - DAG(s) 'example_dynamic_task_mapping_with_no_taskflow_operators' retrieved from /home/airflow/.local/lib/python3.8/site-packages/airflow/example_dags/example_dynamic_task_mapping_with_no_taskflow_operators.py
[2024-04-25T06:59:26.712+0000] {logging_mixin.py:188} INFO - [2024-04-25T06:59:26.711+0000] {dag.py:3036} INFO - Sync 1 DAGs
[2024-04-25T06:59:28.315+0000] {logging_mixin.py:188} INFO - [2024-04-25T06:59:28.314+0000] {dag.py:3823} INFO - Setting next_dagrun for example_dynamic_task_mapping_with_no_taskflow_operators to 2024-04-24 00:00:00+00:00, run_after=2024-04-25 00:00:00+00:00
[2024-04-25T06:59:30.444+0000] {processor.py:183} INFO - Processing /home/airflow/.local/lib/python3.8/site-packages/airflow/example_dags/example_dynamic_task_mapping_with_no_taskflow_operators.py took 8.004 seconds
[2024-04-25T07:51:14.780+0000] {processor.py:161} INFO - Started process (PID=88) to work on /home/airflow/.local/lib/python3.8/site-packages/airflow/example_dags/example_dynamic_task_mapping_with_no_taskflow_operators.py
[2024-04-25T07:51:14.785+0000] {processor.py:830} INFO - Processing file /home/airflow/.local/lib/python3.8/site-packages/airflow/example_dags/example_dynamic_task_mapping_with_no_taskflow_operators.py for tasks to queue
[2024-04-25T07:51:14.791+0000] {logging_mixin.py:188} INFO - [2024-04-25T07:51:14.790+0000] {dagbag.py:538} INFO - Filling up the DagBag from /home/airflow/.local/lib/python3.8/site-packages/airflow/example_dags/example_dynamic_task_mapping_with_no_taskflow_operators.py
[2024-04-25T07:51:14.807+0000] {processor.py:840} INFO - DAG(s) 'example_dynamic_task_mapping_with_no_taskflow_operators' retrieved from /home/airflow/.local/lib/python3.8/site-packages/airflow/example_dags/example_dynamic_task_mapping_with_no_taskflow_operators.py
[2024-04-25T07:51:15.079+0000] {logging_mixin.py:188} INFO - [2024-04-25T07:51:15.078+0000] {dag.py:3036} INFO - Sync 1 DAGs
[2024-04-25T07:51:15.141+0000] {logging_mixin.py:188} INFO - [2024-04-25T07:51:15.140+0000] {dag.py:3823} INFO - Setting next_dagrun for example_dynamic_task_mapping_with_no_taskflow_operators to 2024-04-24 00:00:00+00:00, run_after=2024-04-25 00:00:00+00:00
[2024-04-25T07:51:15.203+0000] {processor.py:183} INFO - Processing /home/airflow/.local/lib/python3.8/site-packages/airflow/example_dags/example_dynamic_task_mapping_with_no_taskflow_operators.py took 0.431 seconds
[2024-04-25T07:51:50.760+0000] {processor.py:161} INFO - Started process (PID=158) to work on /home/airflow/.local/lib/python3.8/site-packages/airflow/example_dags/example_dynamic_task_mapping_with_no_taskflow_operators.py
[2024-04-25T07:51:50.798+0000] {processor.py:830} INFO - Processing file /home/airflow/.local/lib/python3.8/site-packages/airflow/example_dags/example_dynamic_task_mapping_with_no_taskflow_operators.py for tasks to queue
[2024-04-25T07:51:50.825+0000] {logging_mixin.py:188} INFO - [2024-04-25T07:51:50.820+0000] {dagbag.py:538} INFO - Filling up the DagBag from /home/airflow/.local/lib/python3.8/site-packages/airflow/example_dags/example_dynamic_task_mapping_with_no_taskflow_operators.py
[2024-04-25T07:51:50.887+0000] {processor.py:840} INFO - DAG(s) 'example_dynamic_task_mapping_with_no_taskflow_operators' retrieved from /home/airflow/.local/lib/python3.8/site-packages/airflow/example_dags/example_dynamic_task_mapping_with_no_taskflow_operators.py
[2024-04-25T07:51:51.140+0000] {logging_mixin.py:188} INFO - [2024-04-25T07:51:51.139+0000] {dag.py:3036} INFO - Sync 1 DAGs
[2024-04-25T07:51:51.536+0000] {logging_mixin.py:188} INFO - [2024-04-25T07:51:51.521+0000] {dag.py:3823} INFO - Setting next_dagrun for example_dynamic_task_mapping_with_no_taskflow_operators to 2024-04-24 00:00:00+00:00, run_after=2024-04-25 00:00:00+00:00
[2024-04-25T07:51:52.036+0000] {processor.py:183} INFO - Processing /home/airflow/.local/lib/python3.8/site-packages/airflow/example_dags/example_dynamic_task_mapping_with_no_taskflow_operators.py took 1.306 seconds
[2024-04-25T07:52:29.647+0000] {processor.py:161} INFO - Started process (PID=234) to work on /home/airflow/.local/lib/python3.8/site-packages/airflow/example_dags/example_dynamic_task_mapping_with_no_taskflow_operators.py
[2024-04-25T07:52:29.675+0000] {processor.py:830} INFO - Processing file /home/airflow/.local/lib/python3.8/site-packages/airflow/example_dags/example_dynamic_task_mapping_with_no_taskflow_operators.py for tasks to queue
[2024-04-25T07:52:29.684+0000] {logging_mixin.py:188} INFO - [2024-04-25T07:52:29.682+0000] {dagbag.py:538} INFO - Filling up the DagBag from /home/airflow/.local/lib/python3.8/site-packages/airflow/example_dags/example_dynamic_task_mapping_with_no_taskflow_operators.py
[2024-04-25T07:52:29.730+0000] {processor.py:840} INFO - DAG(s) 'example_dynamic_task_mapping_with_no_taskflow_operators' retrieved from /home/airflow/.local/lib/python3.8/site-packages/airflow/example_dags/example_dynamic_task_mapping_with_no_taskflow_operators.py
[2024-04-25T07:52:29.836+0000] {logging_mixin.py:188} INFO - [2024-04-25T07:52:29.834+0000] {dag.py:3036} INFO - Sync 1 DAGs
[2024-04-25T07:52:29.990+0000] {logging_mixin.py:188} INFO - [2024-04-25T07:52:29.988+0000] {dag.py:3823} INFO - Setting next_dagrun for example_dynamic_task_mapping_with_no_taskflow_operators to 2024-04-24 00:00:00+00:00, run_after=2024-04-25 00:00:00+00:00
[2024-04-25T07:52:30.083+0000] {processor.py:183} INFO - Processing /home/airflow/.local/lib/python3.8/site-packages/airflow/example_dags/example_dynamic_task_mapping_with_no_taskflow_operators.py took 0.456 seconds
[2024-04-25T07:53:00.828+0000] {processor.py:161} INFO - Started process (PID=304) to work on /home/airflow/.local/lib/python3.8/site-packages/airflow/example_dags/example_dynamic_task_mapping_with_no_taskflow_operators.py
[2024-04-25T07:53:00.835+0000] {processor.py:830} INFO - Processing file /home/airflow/.local/lib/python3.8/site-packages/airflow/example_dags/example_dynamic_task_mapping_with_no_taskflow_operators.py for tasks to queue
[2024-04-25T07:53:00.845+0000] {logging_mixin.py:188} INFO - [2024-04-25T07:53:00.844+0000] {dagbag.py:538} INFO - Filling up the DagBag from /home/airflow/.local/lib/python3.8/site-packages/airflow/example_dags/example_dynamic_task_mapping_with_no_taskflow_operators.py
[2024-04-25T07:53:00.867+0000] {processor.py:840} INFO - DAG(s) 'example_dynamic_task_mapping_with_no_taskflow_operators' retrieved from /home/airflow/.local/lib/python3.8/site-packages/airflow/example_dags/example_dynamic_task_mapping_with_no_taskflow_operators.py
[2024-04-25T07:53:00.942+0000] {logging_mixin.py:188} INFO - [2024-04-25T07:53:00.941+0000] {dag.py:3036} INFO - Sync 1 DAGs
[2024-04-25T07:53:01.045+0000] {logging_mixin.py:188} INFO - [2024-04-25T07:53:01.044+0000] {dag.py:3823} INFO - Setting next_dagrun for example_dynamic_task_mapping_with_no_taskflow_operators to 2024-04-24 00:00:00+00:00, run_after=2024-04-25 00:00:00+00:00
[2024-04-25T07:53:01.177+0000] {processor.py:183} INFO - Processing /home/airflow/.local/lib/python3.8/site-packages/airflow/example_dags/example_dynamic_task_mapping_with_no_taskflow_operators.py took 0.364 seconds
[2024-04-25T07:53:39.623+0000] {processor.py:161} INFO - Started process (PID=374) to work on /home/airflow/.local/lib/python3.8/site-packages/airflow/example_dags/example_dynamic_task_mapping_with_no_taskflow_operators.py
[2024-04-25T07:53:39.638+0000] {processor.py:830} INFO - Processing file /home/airflow/.local/lib/python3.8/site-packages/airflow/example_dags/example_dynamic_task_mapping_with_no_taskflow_operators.py for tasks to queue
[2024-04-25T07:53:39.658+0000] {logging_mixin.py:188} INFO - [2024-04-25T07:53:39.656+0000] {dagbag.py:538} INFO - Filling up the DagBag from /home/airflow/.local/lib/python3.8/site-packages/airflow/example_dags/example_dynamic_task_mapping_with_no_taskflow_operators.py
[2024-04-25T07:53:39.700+0000] {processor.py:840} INFO - DAG(s) 'example_dynamic_task_mapping_with_no_taskflow_operators' retrieved from /home/airflow/.local/lib/python3.8/site-packages/airflow/example_dags/example_dynamic_task_mapping_with_no_taskflow_operators.py
[2024-04-25T07:53:39.814+0000] {logging_mixin.py:188} INFO - [2024-04-25T07:53:39.812+0000] {dag.py:3036} INFO - Sync 1 DAGs
[2024-04-25T07:53:39.935+0000] {logging_mixin.py:188} INFO - [2024-04-25T07:53:39.934+0000] {dag.py:3823} INFO - Setting next_dagrun for example_dynamic_task_mapping_with_no_taskflow_operators to 2024-04-24 00:00:00+00:00, run_after=2024-04-25 00:00:00+00:00
[2024-04-25T07:53:40.039+0000] {processor.py:183} INFO - Processing /home/airflow/.local/lib/python3.8/site-packages/airflow/example_dags/example_dynamic_task_mapping_with_no_taskflow_operators.py took 0.447 seconds
