[2024-04-25T05:58:41.136+0000] {processor.py:161} INFO - Started process (PID=82) to work on /home/airflow/.local/lib/python3.8/site-packages/airflow/example_dags/example_task_group.py
[2024-04-25T05:58:41.179+0000] {processor.py:830} INFO - Processing file /home/airflow/.local/lib/python3.8/site-packages/airflow/example_dags/example_task_group.py for tasks to queue
[2024-04-25T05:58:41.195+0000] {logging_mixin.py:188} INFO - [2024-04-25T05:58:41.194+0000] {dagbag.py:538} INFO - Filling up the DagBag from /home/airflow/.local/lib/python3.8/site-packages/airflow/example_dags/example_task_group.py
[2024-04-25T05:58:41.286+0000] {processor.py:840} INFO - DAG(s) 'example_task_group' retrieved from /home/airflow/.local/lib/python3.8/site-packages/airflow/example_dags/example_task_group.py
[2024-04-25T05:58:44.576+0000] {logging_mixin.py:188} INFO - [2024-04-25T05:58:44.569+0000] {dag.py:3036} INFO - Sync 1 DAGs
[2024-04-25T05:58:44.878+0000] {logging_mixin.py:188} INFO - [2024-04-25T05:58:44.876+0000] {dag.py:3823} INFO - Setting next_dagrun for example_task_group to 2024-04-24 00:00:00+00:00, run_after=2024-04-25 00:00:00+00:00
[2024-04-25T05:58:45.206+0000] {processor.py:183} INFO - Processing /home/airflow/.local/lib/python3.8/site-packages/airflow/example_dags/example_task_group.py took 4.149 seconds
[2024-04-25T05:59:29.512+0000] {processor.py:161} INFO - Started process (PID=141) to work on /home/airflow/.local/lib/python3.8/site-packages/airflow/example_dags/example_task_group.py
[2024-04-25T05:59:29.530+0000] {processor.py:830} INFO - Processing file /home/airflow/.local/lib/python3.8/site-packages/airflow/example_dags/example_task_group.py for tasks to queue
[2024-04-25T05:59:29.543+0000] {logging_mixin.py:188} INFO - [2024-04-25T05:59:29.541+0000] {dagbag.py:538} INFO - Filling up the DagBag from /home/airflow/.local/lib/python3.8/site-packages/airflow/example_dags/example_task_group.py
[2024-04-25T05:59:29.608+0000] {processor.py:840} INFO - DAG(s) 'example_task_group' retrieved from /home/airflow/.local/lib/python3.8/site-packages/airflow/example_dags/example_task_group.py
[2024-04-25T05:59:29.719+0000] {logging_mixin.py:188} INFO - [2024-04-25T05:59:29.718+0000] {dag.py:3036} INFO - Sync 1 DAGs
[2024-04-25T05:59:29.945+0000] {logging_mixin.py:188} INFO - [2024-04-25T05:59:29.944+0000] {dag.py:3823} INFO - Setting next_dagrun for example_task_group to 2024-04-24 00:00:00+00:00, run_after=2024-04-25 00:00:00+00:00
[2024-04-25T05:59:30.068+0000] {processor.py:183} INFO - Processing /home/airflow/.local/lib/python3.8/site-packages/airflow/example_dags/example_task_group.py took 0.569 seconds
[2024-04-25T06:00:22.929+0000] {processor.py:161} INFO - Started process (PID=193) to work on /home/airflow/.local/lib/python3.8/site-packages/airflow/example_dags/example_task_group.py
[2024-04-25T06:00:22.935+0000] {processor.py:830} INFO - Processing file /home/airflow/.local/lib/python3.8/site-packages/airflow/example_dags/example_task_group.py for tasks to queue
[2024-04-25T06:00:22.943+0000] {logging_mixin.py:188} INFO - [2024-04-25T06:00:22.941+0000] {dagbag.py:538} INFO - Filling up the DagBag from /home/airflow/.local/lib/python3.8/site-packages/airflow/example_dags/example_task_group.py
[2024-04-25T06:00:22.975+0000] {processor.py:840} INFO - DAG(s) 'example_task_group' retrieved from /home/airflow/.local/lib/python3.8/site-packages/airflow/example_dags/example_task_group.py
[2024-04-25T06:00:23.068+0000] {logging_mixin.py:188} INFO - [2024-04-25T06:00:23.066+0000] {dag.py:3036} INFO - Sync 1 DAGs
[2024-04-25T06:00:23.183+0000] {logging_mixin.py:188} INFO - [2024-04-25T06:00:23.182+0000] {dag.py:3823} INFO - Setting next_dagrun for example_task_group to 2024-04-24 00:00:00+00:00, run_after=2024-04-25 00:00:00+00:00
[2024-04-25T06:00:23.275+0000] {processor.py:183} INFO - Processing /home/airflow/.local/lib/python3.8/site-packages/airflow/example_dags/example_task_group.py took 0.360 seconds
[2024-04-25T06:01:04.105+0000] {processor.py:161} INFO - Started process (PID=252) to work on /home/airflow/.local/lib/python3.8/site-packages/airflow/example_dags/example_task_group.py
[2024-04-25T06:01:04.116+0000] {processor.py:830} INFO - Processing file /home/airflow/.local/lib/python3.8/site-packages/airflow/example_dags/example_task_group.py for tasks to queue
[2024-04-25T06:01:04.131+0000] {logging_mixin.py:188} INFO - [2024-04-25T06:01:04.126+0000] {dagbag.py:538} INFO - Filling up the DagBag from /home/airflow/.local/lib/python3.8/site-packages/airflow/example_dags/example_task_group.py
[2024-04-25T06:01:04.233+0000] {processor.py:840} INFO - DAG(s) 'example_task_group' retrieved from /home/airflow/.local/lib/python3.8/site-packages/airflow/example_dags/example_task_group.py
[2024-04-25T06:01:04.371+0000] {logging_mixin.py:188} INFO - [2024-04-25T06:01:04.370+0000] {dag.py:3036} INFO - Sync 1 DAGs
[2024-04-25T06:01:04.530+0000] {logging_mixin.py:188} INFO - [2024-04-25T06:01:04.530+0000] {dag.py:3823} INFO - Setting next_dagrun for example_task_group to 2024-04-24 00:00:00+00:00, run_after=2024-04-25 00:00:00+00:00
[2024-04-25T06:01:04.648+0000] {processor.py:183} INFO - Processing /home/airflow/.local/lib/python3.8/site-packages/airflow/example_dags/example_task_group.py took 0.586 seconds
[2024-04-25T06:01:47.403+0000] {processor.py:161} INFO - Started process (PID=318) to work on /home/airflow/.local/lib/python3.8/site-packages/airflow/example_dags/example_task_group.py
[2024-04-25T06:01:47.407+0000] {processor.py:830} INFO - Processing file /home/airflow/.local/lib/python3.8/site-packages/airflow/example_dags/example_task_group.py for tasks to queue
[2024-04-25T06:01:47.413+0000] {logging_mixin.py:188} INFO - [2024-04-25T06:01:47.412+0000] {dagbag.py:538} INFO - Filling up the DagBag from /home/airflow/.local/lib/python3.8/site-packages/airflow/example_dags/example_task_group.py
[2024-04-25T06:01:47.434+0000] {processor.py:840} INFO - DAG(s) 'example_task_group' retrieved from /home/airflow/.local/lib/python3.8/site-packages/airflow/example_dags/example_task_group.py
[2024-04-25T06:01:47.508+0000] {logging_mixin.py:188} INFO - [2024-04-25T06:01:47.508+0000] {dag.py:3036} INFO - Sync 1 DAGs
[2024-04-25T06:01:47.595+0000] {logging_mixin.py:188} INFO - [2024-04-25T06:01:47.595+0000] {dag.py:3823} INFO - Setting next_dagrun for example_task_group to 2024-04-24 00:00:00+00:00, run_after=2024-04-25 00:00:00+00:00
[2024-04-25T06:01:47.654+0000] {processor.py:183} INFO - Processing /home/airflow/.local/lib/python3.8/site-packages/airflow/example_dags/example_task_group.py took 0.261 seconds
[2024-04-25T06:02:20.272+0000] {processor.py:161} INFO - Started process (PID=377) to work on /home/airflow/.local/lib/python3.8/site-packages/airflow/example_dags/example_task_group.py
[2024-04-25T06:02:20.280+0000] {processor.py:830} INFO - Processing file /home/airflow/.local/lib/python3.8/site-packages/airflow/example_dags/example_task_group.py for tasks to queue
[2024-04-25T06:02:20.289+0000] {logging_mixin.py:188} INFO - [2024-04-25T06:02:20.288+0000] {dagbag.py:538} INFO - Filling up the DagBag from /home/airflow/.local/lib/python3.8/site-packages/airflow/example_dags/example_task_group.py
[2024-04-25T06:02:20.329+0000] {processor.py:840} INFO - DAG(s) 'example_task_group' retrieved from /home/airflow/.local/lib/python3.8/site-packages/airflow/example_dags/example_task_group.py
[2024-04-25T06:02:20.426+0000] {logging_mixin.py:188} INFO - [2024-04-25T06:02:20.425+0000] {dag.py:3036} INFO - Sync 1 DAGs
[2024-04-25T06:02:20.541+0000] {logging_mixin.py:188} INFO - [2024-04-25T06:02:20.540+0000] {dag.py:3823} INFO - Setting next_dagrun for example_task_group to 2024-04-24 00:00:00+00:00, run_after=2024-04-25 00:00:00+00:00
[2024-04-25T06:02:20.635+0000] {processor.py:183} INFO - Processing /home/airflow/.local/lib/python3.8/site-packages/airflow/example_dags/example_task_group.py took 0.374 seconds
[2024-04-25T06:02:56.652+0000] {processor.py:161} INFO - Started process (PID=436) to work on /home/airflow/.local/lib/python3.8/site-packages/airflow/example_dags/example_task_group.py
[2024-04-25T06:02:56.663+0000] {processor.py:830} INFO - Processing file /home/airflow/.local/lib/python3.8/site-packages/airflow/example_dags/example_task_group.py for tasks to queue
[2024-04-25T06:02:56.678+0000] {logging_mixin.py:188} INFO - [2024-04-25T06:02:56.675+0000] {dagbag.py:538} INFO - Filling up the DagBag from /home/airflow/.local/lib/python3.8/site-packages/airflow/example_dags/example_task_group.py
[2024-04-25T06:02:57.196+0000] {processor.py:840} INFO - DAG(s) 'example_task_group' retrieved from /home/airflow/.local/lib/python3.8/site-packages/airflow/example_dags/example_task_group.py
[2024-04-25T06:02:57.329+0000] {logging_mixin.py:188} INFO - [2024-04-25T06:02:57.328+0000] {dag.py:3036} INFO - Sync 1 DAGs
[2024-04-25T06:02:57.449+0000] {logging_mixin.py:188} INFO - [2024-04-25T06:02:57.447+0000] {dag.py:3823} INFO - Setting next_dagrun for example_task_group to 2024-04-24 00:00:00+00:00, run_after=2024-04-25 00:00:00+00:00
[2024-04-25T06:02:57.549+0000] {processor.py:183} INFO - Processing /home/airflow/.local/lib/python3.8/site-packages/airflow/example_dags/example_task_group.py took 0.919 seconds
[2024-04-25T06:03:28.539+0000] {processor.py:161} INFO - Started process (PID=495) to work on /home/airflow/.local/lib/python3.8/site-packages/airflow/example_dags/example_task_group.py
[2024-04-25T06:03:28.543+0000] {processor.py:830} INFO - Processing file /home/airflow/.local/lib/python3.8/site-packages/airflow/example_dags/example_task_group.py for tasks to queue
[2024-04-25T06:03:28.557+0000] {logging_mixin.py:188} INFO - [2024-04-25T06:03:28.555+0000] {dagbag.py:538} INFO - Filling up the DagBag from /home/airflow/.local/lib/python3.8/site-packages/airflow/example_dags/example_task_group.py
[2024-04-25T06:03:28.593+0000] {processor.py:840} INFO - DAG(s) 'example_task_group' retrieved from /home/airflow/.local/lib/python3.8/site-packages/airflow/example_dags/example_task_group.py
[2024-04-25T06:03:28.725+0000] {logging_mixin.py:188} INFO - [2024-04-25T06:03:28.724+0000] {dag.py:3036} INFO - Sync 1 DAGs
[2024-04-25T06:03:28.895+0000] {logging_mixin.py:188} INFO - [2024-04-25T06:03:28.894+0000] {dag.py:3823} INFO - Setting next_dagrun for example_task_group to 2024-04-24 00:00:00+00:00, run_after=2024-04-25 00:00:00+00:00
[2024-04-25T06:03:28.978+0000] {processor.py:183} INFO - Processing /home/airflow/.local/lib/python3.8/site-packages/airflow/example_dags/example_task_group.py took 0.462 seconds
[2024-04-25T06:03:59.373+0000] {processor.py:161} INFO - Started process (PID=554) to work on /home/airflow/.local/lib/python3.8/site-packages/airflow/example_dags/example_task_group.py
[2024-04-25T06:03:59.376+0000] {processor.py:830} INFO - Processing file /home/airflow/.local/lib/python3.8/site-packages/airflow/example_dags/example_task_group.py for tasks to queue
[2024-04-25T06:03:59.381+0000] {logging_mixin.py:188} INFO - [2024-04-25T06:03:59.380+0000] {dagbag.py:538} INFO - Filling up the DagBag from /home/airflow/.local/lib/python3.8/site-packages/airflow/example_dags/example_task_group.py
[2024-04-25T06:03:59.392+0000] {processor.py:840} INFO - DAG(s) 'example_task_group' retrieved from /home/airflow/.local/lib/python3.8/site-packages/airflow/example_dags/example_task_group.py
[2024-04-25T06:03:59.460+0000] {logging_mixin.py:188} INFO - [2024-04-25T06:03:59.459+0000] {dag.py:3036} INFO - Sync 1 DAGs
[2024-04-25T06:03:59.555+0000] {logging_mixin.py:188} INFO - [2024-04-25T06:03:59.554+0000] {dag.py:3823} INFO - Setting next_dagrun for example_task_group to 2024-04-24 00:00:00+00:00, run_after=2024-04-25 00:00:00+00:00
[2024-04-25T06:03:59.627+0000] {processor.py:183} INFO - Processing /home/airflow/.local/lib/python3.8/site-packages/airflow/example_dags/example_task_group.py took 0.262 seconds
[2024-04-25T06:04:30.037+0000] {processor.py:161} INFO - Started process (PID=613) to work on /home/airflow/.local/lib/python3.8/site-packages/airflow/example_dags/example_task_group.py
[2024-04-25T06:04:30.038+0000] {processor.py:830} INFO - Processing file /home/airflow/.local/lib/python3.8/site-packages/airflow/example_dags/example_task_group.py for tasks to queue
[2024-04-25T06:04:30.041+0000] {logging_mixin.py:188} INFO - [2024-04-25T06:04:30.041+0000] {dagbag.py:538} INFO - Filling up the DagBag from /home/airflow/.local/lib/python3.8/site-packages/airflow/example_dags/example_task_group.py
[2024-04-25T06:04:30.050+0000] {processor.py:840} INFO - DAG(s) 'example_task_group' retrieved from /home/airflow/.local/lib/python3.8/site-packages/airflow/example_dags/example_task_group.py
[2024-04-25T06:04:30.076+0000] {logging_mixin.py:188} INFO - [2024-04-25T06:04:30.076+0000] {dag.py:3036} INFO - Sync 1 DAGs
[2024-04-25T06:04:30.103+0000] {logging_mixin.py:188} INFO - [2024-04-25T06:04:30.103+0000] {dag.py:3823} INFO - Setting next_dagrun for example_task_group to 2024-04-24 00:00:00+00:00, run_after=2024-04-25 00:00:00+00:00
[2024-04-25T06:04:30.131+0000] {processor.py:183} INFO - Processing /home/airflow/.local/lib/python3.8/site-packages/airflow/example_dags/example_task_group.py took 0.098 seconds
[2024-04-25T06:05:00.895+0000] {processor.py:161} INFO - Started process (PID=672) to work on /home/airflow/.local/lib/python3.8/site-packages/airflow/example_dags/example_task_group.py
[2024-04-25T06:05:00.898+0000] {processor.py:830} INFO - Processing file /home/airflow/.local/lib/python3.8/site-packages/airflow/example_dags/example_task_group.py for tasks to queue
[2024-04-25T06:05:00.902+0000] {logging_mixin.py:188} INFO - [2024-04-25T06:05:00.901+0000] {dagbag.py:538} INFO - Filling up the DagBag from /home/airflow/.local/lib/python3.8/site-packages/airflow/example_dags/example_task_group.py
[2024-04-25T06:05:00.916+0000] {processor.py:840} INFO - DAG(s) 'example_task_group' retrieved from /home/airflow/.local/lib/python3.8/site-packages/airflow/example_dags/example_task_group.py
[2024-04-25T06:05:00.950+0000] {logging_mixin.py:188} INFO - [2024-04-25T06:05:00.949+0000] {dag.py:3036} INFO - Sync 1 DAGs
[2024-04-25T06:05:00.976+0000] {logging_mixin.py:188} INFO - [2024-04-25T06:05:00.975+0000] {dag.py:3823} INFO - Setting next_dagrun for example_task_group to 2024-04-24 00:00:00+00:00, run_after=2024-04-25 00:00:00+00:00
[2024-04-25T06:05:01.004+0000] {processor.py:183} INFO - Processing /home/airflow/.local/lib/python3.8/site-packages/airflow/example_dags/example_task_group.py took 0.116 seconds
[2024-04-25T06:05:32.775+0000] {processor.py:161} INFO - Started process (PID=731) to work on /home/airflow/.local/lib/python3.8/site-packages/airflow/example_dags/example_task_group.py
[2024-04-25T06:05:32.779+0000] {processor.py:830} INFO - Processing file /home/airflow/.local/lib/python3.8/site-packages/airflow/example_dags/example_task_group.py for tasks to queue
[2024-04-25T06:05:32.784+0000] {logging_mixin.py:188} INFO - [2024-04-25T06:05:32.783+0000] {dagbag.py:538} INFO - Filling up the DagBag from /home/airflow/.local/lib/python3.8/site-packages/airflow/example_dags/example_task_group.py
[2024-04-25T06:05:32.801+0000] {processor.py:840} INFO - DAG(s) 'example_task_group' retrieved from /home/airflow/.local/lib/python3.8/site-packages/airflow/example_dags/example_task_group.py
[2024-04-25T06:05:32.862+0000] {logging_mixin.py:188} INFO - [2024-04-25T06:05:32.862+0000] {dag.py:3036} INFO - Sync 1 DAGs
[2024-04-25T06:05:32.938+0000] {logging_mixin.py:188} INFO - [2024-04-25T06:05:32.937+0000] {dag.py:3823} INFO - Setting next_dagrun for example_task_group to 2024-04-24 00:00:00+00:00, run_after=2024-04-25 00:00:00+00:00
[2024-04-25T06:05:32.990+0000] {processor.py:183} INFO - Processing /home/airflow/.local/lib/python3.8/site-packages/airflow/example_dags/example_task_group.py took 0.223 seconds
[2024-04-25T06:06:03.152+0000] {processor.py:161} INFO - Started process (PID=790) to work on /home/airflow/.local/lib/python3.8/site-packages/airflow/example_dags/example_task_group.py
[2024-04-25T06:06:03.155+0000] {processor.py:830} INFO - Processing file /home/airflow/.local/lib/python3.8/site-packages/airflow/example_dags/example_task_group.py for tasks to queue
[2024-04-25T06:06:03.161+0000] {logging_mixin.py:188} INFO - [2024-04-25T06:06:03.161+0000] {dagbag.py:538} INFO - Filling up the DagBag from /home/airflow/.local/lib/python3.8/site-packages/airflow/example_dags/example_task_group.py
[2024-04-25T06:06:03.183+0000] {processor.py:840} INFO - DAG(s) 'example_task_group' retrieved from /home/airflow/.local/lib/python3.8/site-packages/airflow/example_dags/example_task_group.py
[2024-04-25T06:06:03.240+0000] {logging_mixin.py:188} INFO - [2024-04-25T06:06:03.239+0000] {dag.py:3036} INFO - Sync 1 DAGs
[2024-04-25T06:06:03.305+0000] {logging_mixin.py:188} INFO - [2024-04-25T06:06:03.305+0000] {dag.py:3823} INFO - Setting next_dagrun for example_task_group to 2024-04-24 00:00:00+00:00, run_after=2024-04-25 00:00:00+00:00
[2024-04-25T06:06:03.359+0000] {processor.py:183} INFO - Processing /home/airflow/.local/lib/python3.8/site-packages/airflow/example_dags/example_task_group.py took 0.217 seconds
[2024-04-25T06:06:33.651+0000] {processor.py:161} INFO - Started process (PID=849) to work on /home/airflow/.local/lib/python3.8/site-packages/airflow/example_dags/example_task_group.py
[2024-04-25T06:06:33.654+0000] {processor.py:830} INFO - Processing file /home/airflow/.local/lib/python3.8/site-packages/airflow/example_dags/example_task_group.py for tasks to queue
[2024-04-25T06:06:33.660+0000] {logging_mixin.py:188} INFO - [2024-04-25T06:06:33.659+0000] {dagbag.py:538} INFO - Filling up the DagBag from /home/airflow/.local/lib/python3.8/site-packages/airflow/example_dags/example_task_group.py
[2024-04-25T06:06:33.675+0000] {processor.py:840} INFO - DAG(s) 'example_task_group' retrieved from /home/airflow/.local/lib/python3.8/site-packages/airflow/example_dags/example_task_group.py
[2024-04-25T06:06:33.723+0000] {logging_mixin.py:188} INFO - [2024-04-25T06:06:33.722+0000] {dag.py:3036} INFO - Sync 1 DAGs
[2024-04-25T06:06:33.776+0000] {logging_mixin.py:188} INFO - [2024-04-25T06:06:33.776+0000] {dag.py:3823} INFO - Setting next_dagrun for example_task_group to 2024-04-24 00:00:00+00:00, run_after=2024-04-25 00:00:00+00:00
[2024-04-25T06:06:33.821+0000] {processor.py:183} INFO - Processing /home/airflow/.local/lib/python3.8/site-packages/airflow/example_dags/example_task_group.py took 0.177 seconds
[2024-04-25T06:07:04.859+0000] {processor.py:161} INFO - Started process (PID=908) to work on /home/airflow/.local/lib/python3.8/site-packages/airflow/example_dags/example_task_group.py
[2024-04-25T06:07:04.867+0000] {processor.py:830} INFO - Processing file /home/airflow/.local/lib/python3.8/site-packages/airflow/example_dags/example_task_group.py for tasks to queue
[2024-04-25T06:07:04.883+0000] {logging_mixin.py:188} INFO - [2024-04-25T06:07:04.882+0000] {dagbag.py:538} INFO - Filling up the DagBag from /home/airflow/.local/lib/python3.8/site-packages/airflow/example_dags/example_task_group.py
[2024-04-25T06:07:04.914+0000] {processor.py:840} INFO - DAG(s) 'example_task_group' retrieved from /home/airflow/.local/lib/python3.8/site-packages/airflow/example_dags/example_task_group.py
[2024-04-25T06:07:05.049+0000] {logging_mixin.py:188} INFO - [2024-04-25T06:07:05.046+0000] {dag.py:3036} INFO - Sync 1 DAGs
[2024-04-25T06:07:05.236+0000] {logging_mixin.py:188} INFO - [2024-04-25T06:07:05.234+0000] {dag.py:3823} INFO - Setting next_dagrun for example_task_group to 2024-04-24 00:00:00+00:00, run_after=2024-04-25 00:00:00+00:00
[2024-04-25T06:07:05.409+0000] {processor.py:183} INFO - Processing /home/airflow/.local/lib/python3.8/site-packages/airflow/example_dags/example_task_group.py took 0.567 seconds
[2024-04-25T06:07:36.090+0000] {processor.py:161} INFO - Started process (PID=967) to work on /home/airflow/.local/lib/python3.8/site-packages/airflow/example_dags/example_task_group.py
[2024-04-25T06:07:36.093+0000] {processor.py:830} INFO - Processing file /home/airflow/.local/lib/python3.8/site-packages/airflow/example_dags/example_task_group.py for tasks to queue
[2024-04-25T06:07:36.098+0000] {logging_mixin.py:188} INFO - [2024-04-25T06:07:36.097+0000] {dagbag.py:538} INFO - Filling up the DagBag from /home/airflow/.local/lib/python3.8/site-packages/airflow/example_dags/example_task_group.py
[2024-04-25T06:07:36.119+0000] {processor.py:840} INFO - DAG(s) 'example_task_group' retrieved from /home/airflow/.local/lib/python3.8/site-packages/airflow/example_dags/example_task_group.py
[2024-04-25T06:07:36.177+0000] {logging_mixin.py:188} INFO - [2024-04-25T06:07:36.176+0000] {dag.py:3036} INFO - Sync 1 DAGs
[2024-04-25T06:07:36.240+0000] {logging_mixin.py:188} INFO - [2024-04-25T06:07:36.239+0000] {dag.py:3823} INFO - Setting next_dagrun for example_task_group to 2024-04-24 00:00:00+00:00, run_after=2024-04-25 00:00:00+00:00
[2024-04-25T06:07:36.307+0000] {processor.py:183} INFO - Processing /home/airflow/.local/lib/python3.8/site-packages/airflow/example_dags/example_task_group.py took 0.225 seconds
[2024-04-25T06:08:07.321+0000] {processor.py:161} INFO - Started process (PID=1026) to work on /home/airflow/.local/lib/python3.8/site-packages/airflow/example_dags/example_task_group.py
[2024-04-25T06:08:07.327+0000] {processor.py:830} INFO - Processing file /home/airflow/.local/lib/python3.8/site-packages/airflow/example_dags/example_task_group.py for tasks to queue
[2024-04-25T06:08:07.338+0000] {logging_mixin.py:188} INFO - [2024-04-25T06:08:07.336+0000] {dagbag.py:538} INFO - Filling up the DagBag from /home/airflow/.local/lib/python3.8/site-packages/airflow/example_dags/example_task_group.py
[2024-04-25T06:08:07.382+0000] {processor.py:840} INFO - DAG(s) 'example_task_group' retrieved from /home/airflow/.local/lib/python3.8/site-packages/airflow/example_dags/example_task_group.py
[2024-04-25T06:08:07.480+0000] {logging_mixin.py:188} INFO - [2024-04-25T06:08:07.479+0000] {dag.py:3036} INFO - Sync 1 DAGs
[2024-04-25T06:08:07.595+0000] {logging_mixin.py:188} INFO - [2024-04-25T06:08:07.593+0000] {dag.py:3823} INFO - Setting next_dagrun for example_task_group to 2024-04-24 00:00:00+00:00, run_after=2024-04-25 00:00:00+00:00
[2024-04-25T06:08:07.699+0000] {processor.py:183} INFO - Processing /home/airflow/.local/lib/python3.8/site-packages/airflow/example_dags/example_task_group.py took 0.396 seconds
[2024-04-25T06:08:38.415+0000] {processor.py:161} INFO - Started process (PID=1085) to work on /home/airflow/.local/lib/python3.8/site-packages/airflow/example_dags/example_task_group.py
[2024-04-25T06:08:38.418+0000] {processor.py:830} INFO - Processing file /home/airflow/.local/lib/python3.8/site-packages/airflow/example_dags/example_task_group.py for tasks to queue
[2024-04-25T06:08:38.423+0000] {logging_mixin.py:188} INFO - [2024-04-25T06:08:38.422+0000] {dagbag.py:538} INFO - Filling up the DagBag from /home/airflow/.local/lib/python3.8/site-packages/airflow/example_dags/example_task_group.py
[2024-04-25T06:08:38.437+0000] {processor.py:840} INFO - DAG(s) 'example_task_group' retrieved from /home/airflow/.local/lib/python3.8/site-packages/airflow/example_dags/example_task_group.py
[2024-04-25T06:08:38.488+0000] {logging_mixin.py:188} INFO - [2024-04-25T06:08:38.487+0000] {dag.py:3036} INFO - Sync 1 DAGs
[2024-04-25T06:08:38.526+0000] {logging_mixin.py:188} INFO - [2024-04-25T06:08:38.526+0000] {dag.py:3823} INFO - Setting next_dagrun for example_task_group to 2024-04-24 00:00:00+00:00, run_after=2024-04-25 00:00:00+00:00
[2024-04-25T06:08:38.561+0000] {processor.py:183} INFO - Processing /home/airflow/.local/lib/python3.8/site-packages/airflow/example_dags/example_task_group.py took 0.154 seconds
[2024-04-25T06:09:09.339+0000] {processor.py:161} INFO - Started process (PID=1144) to work on /home/airflow/.local/lib/python3.8/site-packages/airflow/example_dags/example_task_group.py
[2024-04-25T06:09:09.342+0000] {processor.py:830} INFO - Processing file /home/airflow/.local/lib/python3.8/site-packages/airflow/example_dags/example_task_group.py for tasks to queue
[2024-04-25T06:09:09.349+0000] {logging_mixin.py:188} INFO - [2024-04-25T06:09:09.347+0000] {dagbag.py:538} INFO - Filling up the DagBag from /home/airflow/.local/lib/python3.8/site-packages/airflow/example_dags/example_task_group.py
[2024-04-25T06:09:09.369+0000] {processor.py:840} INFO - DAG(s) 'example_task_group' retrieved from /home/airflow/.local/lib/python3.8/site-packages/airflow/example_dags/example_task_group.py
[2024-04-25T06:09:09.431+0000] {logging_mixin.py:188} INFO - [2024-04-25T06:09:09.430+0000] {dag.py:3036} INFO - Sync 1 DAGs
[2024-04-25T06:09:09.541+0000] {logging_mixin.py:188} INFO - [2024-04-25T06:09:09.540+0000] {dag.py:3823} INFO - Setting next_dagrun for example_task_group to 2024-04-24 00:00:00+00:00, run_after=2024-04-25 00:00:00+00:00
[2024-04-25T06:09:09.629+0000] {processor.py:183} INFO - Processing /home/airflow/.local/lib/python3.8/site-packages/airflow/example_dags/example_task_group.py took 0.298 seconds
[2024-04-25T06:09:40.564+0000] {processor.py:161} INFO - Started process (PID=1201) to work on /home/airflow/.local/lib/python3.8/site-packages/airflow/example_dags/example_task_group.py
[2024-04-25T06:09:40.567+0000] {processor.py:830} INFO - Processing file /home/airflow/.local/lib/python3.8/site-packages/airflow/example_dags/example_task_group.py for tasks to queue
[2024-04-25T06:09:40.573+0000] {logging_mixin.py:188} INFO - [2024-04-25T06:09:40.572+0000] {dagbag.py:538} INFO - Filling up the DagBag from /home/airflow/.local/lib/python3.8/site-packages/airflow/example_dags/example_task_group.py
[2024-04-25T06:09:40.595+0000] {processor.py:840} INFO - DAG(s) 'example_task_group' retrieved from /home/airflow/.local/lib/python3.8/site-packages/airflow/example_dags/example_task_group.py
[2024-04-25T06:09:40.682+0000] {logging_mixin.py:188} INFO - [2024-04-25T06:09:40.681+0000] {dag.py:3036} INFO - Sync 1 DAGs
[2024-04-25T06:09:40.763+0000] {logging_mixin.py:188} INFO - [2024-04-25T06:09:40.762+0000] {dag.py:3823} INFO - Setting next_dagrun for example_task_group to 2024-04-24 00:00:00+00:00, run_after=2024-04-25 00:00:00+00:00
[2024-04-25T06:09:40.836+0000] {processor.py:183} INFO - Processing /home/airflow/.local/lib/python3.8/site-packages/airflow/example_dags/example_task_group.py took 0.285 seconds
[2024-04-25T06:10:10.899+0000] {processor.py:161} INFO - Started process (PID=1258) to work on /home/airflow/.local/lib/python3.8/site-packages/airflow/example_dags/example_task_group.py
[2024-04-25T06:10:10.902+0000] {processor.py:830} INFO - Processing file /home/airflow/.local/lib/python3.8/site-packages/airflow/example_dags/example_task_group.py for tasks to queue
[2024-04-25T06:10:10.910+0000] {logging_mixin.py:188} INFO - [2024-04-25T06:10:10.909+0000] {dagbag.py:538} INFO - Filling up the DagBag from /home/airflow/.local/lib/python3.8/site-packages/airflow/example_dags/example_task_group.py
[2024-04-25T06:10:10.928+0000] {processor.py:840} INFO - DAG(s) 'example_task_group' retrieved from /home/airflow/.local/lib/python3.8/site-packages/airflow/example_dags/example_task_group.py
[2024-04-25T06:10:10.986+0000] {logging_mixin.py:188} INFO - [2024-04-25T06:10:10.985+0000] {dag.py:3036} INFO - Sync 1 DAGs
[2024-04-25T06:10:11.046+0000] {logging_mixin.py:188} INFO - [2024-04-25T06:10:11.045+0000] {dag.py:3823} INFO - Setting next_dagrun for example_task_group to 2024-04-24 00:00:00+00:00, run_after=2024-04-25 00:00:00+00:00
[2024-04-25T06:10:11.096+0000] {processor.py:183} INFO - Processing /home/airflow/.local/lib/python3.8/site-packages/airflow/example_dags/example_task_group.py took 0.207 seconds
[2024-04-25T06:10:42.039+0000] {processor.py:161} INFO - Started process (PID=1323) to work on /home/airflow/.local/lib/python3.8/site-packages/airflow/example_dags/example_task_group.py
[2024-04-25T06:10:42.045+0000] {processor.py:830} INFO - Processing file /home/airflow/.local/lib/python3.8/site-packages/airflow/example_dags/example_task_group.py for tasks to queue
[2024-04-25T06:10:42.056+0000] {logging_mixin.py:188} INFO - [2024-04-25T06:10:42.054+0000] {dagbag.py:538} INFO - Filling up the DagBag from /home/airflow/.local/lib/python3.8/site-packages/airflow/example_dags/example_task_group.py
[2024-04-25T06:10:42.083+0000] {processor.py:840} INFO - DAG(s) 'example_task_group' retrieved from /home/airflow/.local/lib/python3.8/site-packages/airflow/example_dags/example_task_group.py
[2024-04-25T06:10:42.192+0000] {logging_mixin.py:188} INFO - [2024-04-25T06:10:42.191+0000] {dag.py:3036} INFO - Sync 1 DAGs
[2024-04-25T06:10:42.281+0000] {logging_mixin.py:188} INFO - [2024-04-25T06:10:42.281+0000] {dag.py:3823} INFO - Setting next_dagrun for example_task_group to 2024-04-24 00:00:00+00:00, run_after=2024-04-25 00:00:00+00:00
[2024-04-25T06:10:42.361+0000] {processor.py:183} INFO - Processing /home/airflow/.local/lib/python3.8/site-packages/airflow/example_dags/example_task_group.py took 0.338 seconds
[2024-04-25T06:52:10.359+0000] {processor.py:161} INFO - Started process (PID=95) to work on /home/airflow/.local/lib/python3.8/site-packages/airflow/example_dags/example_task_group.py
[2024-04-25T06:52:10.373+0000] {processor.py:830} INFO - Processing file /home/airflow/.local/lib/python3.8/site-packages/airflow/example_dags/example_task_group.py for tasks to queue
[2024-04-25T06:52:10.392+0000] {logging_mixin.py:188} INFO - [2024-04-25T06:52:10.389+0000] {dagbag.py:538} INFO - Filling up the DagBag from /home/airflow/.local/lib/python3.8/site-packages/airflow/example_dags/example_task_group.py
[2024-04-25T06:52:10.566+0000] {processor.py:840} INFO - DAG(s) 'example_task_group' retrieved from /home/airflow/.local/lib/python3.8/site-packages/airflow/example_dags/example_task_group.py
[2024-04-25T06:52:13.244+0000] {logging_mixin.py:188} INFO - [2024-04-25T06:52:13.243+0000] {dag.py:3036} INFO - Sync 1 DAGs
[2024-04-25T06:52:13.418+0000] {logging_mixin.py:188} INFO - [2024-04-25T06:52:13.417+0000] {dag.py:3823} INFO - Setting next_dagrun for example_task_group to 2024-04-24 00:00:00+00:00, run_after=2024-04-25 00:00:00+00:00
[2024-04-25T06:52:14.083+0000] {processor.py:183} INFO - Processing /home/airflow/.local/lib/python3.8/site-packages/airflow/example_dags/example_task_group.py took 3.750 seconds
[2024-04-25T06:53:29.511+0000] {processor.py:161} INFO - Started process (PID=171) to work on /home/airflow/.local/lib/python3.8/site-packages/airflow/example_dags/example_task_group.py
[2024-04-25T06:53:29.527+0000] {processor.py:830} INFO - Processing file /home/airflow/.local/lib/python3.8/site-packages/airflow/example_dags/example_task_group.py for tasks to queue
[2024-04-25T06:53:29.551+0000] {logging_mixin.py:188} INFO - [2024-04-25T06:53:29.550+0000] {dagbag.py:538} INFO - Filling up the DagBag from /home/airflow/.local/lib/python3.8/site-packages/airflow/example_dags/example_task_group.py
[2024-04-25T06:53:29.592+0000] {processor.py:840} INFO - DAG(s) 'example_task_group' retrieved from /home/airflow/.local/lib/python3.8/site-packages/airflow/example_dags/example_task_group.py
[2024-04-25T06:53:29.756+0000] {logging_mixin.py:188} INFO - [2024-04-25T06:53:29.742+0000] {dag.py:3036} INFO - Sync 1 DAGs
[2024-04-25T06:53:29.886+0000] {logging_mixin.py:188} INFO - [2024-04-25T06:53:29.885+0000] {dag.py:3823} INFO - Setting next_dagrun for example_task_group to 2024-04-24 00:00:00+00:00, run_after=2024-04-25 00:00:00+00:00
[2024-04-25T06:53:30.082+0000] {processor.py:183} INFO - Processing /home/airflow/.local/lib/python3.8/site-packages/airflow/example_dags/example_task_group.py took 0.619 seconds
[2024-04-25T06:54:05.826+0000] {processor.py:161} INFO - Started process (PID=241) to work on /home/airflow/.local/lib/python3.8/site-packages/airflow/example_dags/example_task_group.py
[2024-04-25T06:54:05.838+0000] {processor.py:830} INFO - Processing file /home/airflow/.local/lib/python3.8/site-packages/airflow/example_dags/example_task_group.py for tasks to queue
[2024-04-25T06:54:05.849+0000] {logging_mixin.py:188} INFO - [2024-04-25T06:54:05.847+0000] {dagbag.py:538} INFO - Filling up the DagBag from /home/airflow/.local/lib/python3.8/site-packages/airflow/example_dags/example_task_group.py
[2024-04-25T06:54:05.884+0000] {processor.py:840} INFO - DAG(s) 'example_task_group' retrieved from /home/airflow/.local/lib/python3.8/site-packages/airflow/example_dags/example_task_group.py
[2024-04-25T06:54:06.015+0000] {logging_mixin.py:188} INFO - [2024-04-25T06:54:06.014+0000] {dag.py:3036} INFO - Sync 1 DAGs
[2024-04-25T06:54:06.130+0000] {logging_mixin.py:188} INFO - [2024-04-25T06:54:06.129+0000] {dag.py:3823} INFO - Setting next_dagrun for example_task_group to 2024-04-24 00:00:00+00:00, run_after=2024-04-25 00:00:00+00:00
[2024-04-25T06:54:06.228+0000] {processor.py:183} INFO - Processing /home/airflow/.local/lib/python3.8/site-packages/airflow/example_dags/example_task_group.py took 0.423 seconds
[2024-04-25T06:54:41.882+0000] {processor.py:161} INFO - Started process (PID=317) to work on /home/airflow/.local/lib/python3.8/site-packages/airflow/example_dags/example_task_group.py
[2024-04-25T06:54:41.887+0000] {processor.py:830} INFO - Processing file /home/airflow/.local/lib/python3.8/site-packages/airflow/example_dags/example_task_group.py for tasks to queue
[2024-04-25T06:54:41.896+0000] {logging_mixin.py:188} INFO - [2024-04-25T06:54:41.894+0000] {dagbag.py:538} INFO - Filling up the DagBag from /home/airflow/.local/lib/python3.8/site-packages/airflow/example_dags/example_task_group.py
[2024-04-25T06:54:41.933+0000] {processor.py:840} INFO - DAG(s) 'example_task_group' retrieved from /home/airflow/.local/lib/python3.8/site-packages/airflow/example_dags/example_task_group.py
[2024-04-25T06:54:42.054+0000] {logging_mixin.py:188} INFO - [2024-04-25T06:54:42.053+0000] {dag.py:3036} INFO - Sync 1 DAGs
[2024-04-25T06:54:42.218+0000] {logging_mixin.py:188} INFO - [2024-04-25T06:54:42.216+0000] {dag.py:3823} INFO - Setting next_dagrun for example_task_group to 2024-04-24 00:00:00+00:00, run_after=2024-04-25 00:00:00+00:00
[2024-04-25T06:54:42.459+0000] {processor.py:183} INFO - Processing /home/airflow/.local/lib/python3.8/site-packages/airflow/example_dags/example_task_group.py took 0.591 seconds
[2024-04-25T06:55:20.823+0000] {processor.py:161} INFO - Started process (PID=386) to work on /home/airflow/.local/lib/python3.8/site-packages/airflow/example_dags/example_task_group.py
[2024-04-25T06:55:20.829+0000] {processor.py:830} INFO - Processing file /home/airflow/.local/lib/python3.8/site-packages/airflow/example_dags/example_task_group.py for tasks to queue
[2024-04-25T06:55:20.838+0000] {logging_mixin.py:188} INFO - [2024-04-25T06:55:20.837+0000] {dagbag.py:538} INFO - Filling up the DagBag from /home/airflow/.local/lib/python3.8/site-packages/airflow/example_dags/example_task_group.py
[2024-04-25T06:55:20.873+0000] {processor.py:840} INFO - DAG(s) 'example_task_group' retrieved from /home/airflow/.local/lib/python3.8/site-packages/airflow/example_dags/example_task_group.py
[2024-04-25T06:55:20.977+0000] {logging_mixin.py:188} INFO - [2024-04-25T06:55:20.976+0000] {dag.py:3036} INFO - Sync 1 DAGs
[2024-04-25T06:55:21.076+0000] {logging_mixin.py:188} INFO - [2024-04-25T06:55:21.075+0000] {dag.py:3823} INFO - Setting next_dagrun for example_task_group to 2024-04-24 00:00:00+00:00, run_after=2024-04-25 00:00:00+00:00
[2024-04-25T06:55:21.165+0000] {processor.py:183} INFO - Processing /home/airflow/.local/lib/python3.8/site-packages/airflow/example_dags/example_task_group.py took 0.356 seconds
[2024-04-25T06:55:55.976+0000] {processor.py:161} INFO - Started process (PID=456) to work on /home/airflow/.local/lib/python3.8/site-packages/airflow/example_dags/example_task_group.py
[2024-04-25T06:55:55.991+0000] {processor.py:830} INFO - Processing file /home/airflow/.local/lib/python3.8/site-packages/airflow/example_dags/example_task_group.py for tasks to queue
[2024-04-25T06:55:56.002+0000] {logging_mixin.py:188} INFO - [2024-04-25T06:55:56.001+0000] {dagbag.py:538} INFO - Filling up the DagBag from /home/airflow/.local/lib/python3.8/site-packages/airflow/example_dags/example_task_group.py
[2024-04-25T06:55:56.042+0000] {processor.py:840} INFO - DAG(s) 'example_task_group' retrieved from /home/airflow/.local/lib/python3.8/site-packages/airflow/example_dags/example_task_group.py
[2024-04-25T06:55:56.202+0000] {logging_mixin.py:188} INFO - [2024-04-25T06:55:56.200+0000] {dag.py:3036} INFO - Sync 1 DAGs
[2024-04-25T06:55:56.344+0000] {logging_mixin.py:188} INFO - [2024-04-25T06:55:56.343+0000] {dag.py:3823} INFO - Setting next_dagrun for example_task_group to 2024-04-24 00:00:00+00:00, run_after=2024-04-25 00:00:00+00:00
[2024-04-25T06:55:56.428+0000] {processor.py:183} INFO - Processing /home/airflow/.local/lib/python3.8/site-packages/airflow/example_dags/example_task_group.py took 0.468 seconds
[2024-04-25T06:56:33.924+0000] {processor.py:161} INFO - Started process (PID=526) to work on /home/airflow/.local/lib/python3.8/site-packages/airflow/example_dags/example_task_group.py
[2024-04-25T06:56:33.935+0000] {processor.py:830} INFO - Processing file /home/airflow/.local/lib/python3.8/site-packages/airflow/example_dags/example_task_group.py for tasks to queue
[2024-04-25T06:56:33.949+0000] {logging_mixin.py:188} INFO - [2024-04-25T06:56:33.948+0000] {dagbag.py:538} INFO - Filling up the DagBag from /home/airflow/.local/lib/python3.8/site-packages/airflow/example_dags/example_task_group.py
[2024-04-25T06:56:34.024+0000] {processor.py:840} INFO - DAG(s) 'example_task_group' retrieved from /home/airflow/.local/lib/python3.8/site-packages/airflow/example_dags/example_task_group.py
[2024-04-25T06:56:34.130+0000] {logging_mixin.py:188} INFO - [2024-04-25T06:56:34.129+0000] {dag.py:3036} INFO - Sync 1 DAGs
[2024-04-25T06:56:34.249+0000] {logging_mixin.py:188} INFO - [2024-04-25T06:56:34.248+0000] {dag.py:3823} INFO - Setting next_dagrun for example_task_group to 2024-04-24 00:00:00+00:00, run_after=2024-04-25 00:00:00+00:00
[2024-04-25T06:56:34.343+0000] {processor.py:183} INFO - Processing /home/airflow/.local/lib/python3.8/site-packages/airflow/example_dags/example_task_group.py took 0.450 seconds
[2024-04-25T06:57:15.900+0000] {processor.py:161} INFO - Started process (PID=604) to work on /home/airflow/.local/lib/python3.8/site-packages/airflow/example_dags/example_task_group.py
[2024-04-25T06:57:15.915+0000] {processor.py:830} INFO - Processing file /home/airflow/.local/lib/python3.8/site-packages/airflow/example_dags/example_task_group.py for tasks to queue
[2024-04-25T06:57:16.001+0000] {logging_mixin.py:188} INFO - [2024-04-25T06:57:15.999+0000] {dagbag.py:538} INFO - Filling up the DagBag from /home/airflow/.local/lib/python3.8/site-packages/airflow/example_dags/example_task_group.py
[2024-04-25T06:57:16.129+0000] {processor.py:840} INFO - DAG(s) 'example_task_group' retrieved from /home/airflow/.local/lib/python3.8/site-packages/airflow/example_dags/example_task_group.py
[2024-04-25T06:57:17.230+0000] {logging_mixin.py:188} INFO - [2024-04-25T06:57:17.229+0000] {dag.py:3036} INFO - Sync 1 DAGs
[2024-04-25T06:57:17.735+0000] {logging_mixin.py:188} INFO - [2024-04-25T06:57:17.734+0000] {dag.py:3823} INFO - Setting next_dagrun for example_task_group to 2024-04-24 00:00:00+00:00, run_after=2024-04-25 00:00:00+00:00
[2024-04-25T06:57:18.027+0000] {processor.py:183} INFO - Processing /home/airflow/.local/lib/python3.8/site-packages/airflow/example_dags/example_task_group.py took 2.146 seconds
[2024-04-25T07:03:17.264+0000] {processor.py:161} INFO - Started process (PID=727) to work on /home/airflow/.local/lib/python3.8/site-packages/airflow/example_dags/example_task_group.py
[2024-04-25T07:03:17.369+0000] {processor.py:830} INFO - Processing file /home/airflow/.local/lib/python3.8/site-packages/airflow/example_dags/example_task_group.py for tasks to queue
[2024-04-25T07:03:17.601+0000] {logging_mixin.py:188} INFO - [2024-04-25T07:03:17.416+0000] {dagbag.py:538} INFO - Filling up the DagBag from /home/airflow/.local/lib/python3.8/site-packages/airflow/example_dags/example_task_group.py
[2024-04-25T07:03:18.537+0000] {processor.py:840} INFO - DAG(s) 'example_task_group' retrieved from /home/airflow/.local/lib/python3.8/site-packages/airflow/example_dags/example_task_group.py
[2024-04-25T07:03:20.377+0000] {logging_mixin.py:188} INFO - [2024-04-25T07:03:20.376+0000] {dag.py:3036} INFO - Sync 1 DAGs
[2024-04-25T07:03:21.837+0000] {logging_mixin.py:188} INFO - [2024-04-25T07:03:21.835+0000] {dag.py:3823} INFO - Setting next_dagrun for example_task_group to 2024-04-24 00:00:00+00:00, run_after=2024-04-25 00:00:00+00:00
[2024-04-25T07:03:23.106+0000] {processor.py:183} INFO - Processing /home/airflow/.local/lib/python3.8/site-packages/airflow/example_dags/example_task_group.py took 5.980 seconds
[2024-04-25T07:51:02.139+0000] {processor.py:161} INFO - Started process (PID=60) to work on /home/airflow/.local/lib/python3.8/site-packages/airflow/example_dags/example_task_group.py
[2024-04-25T07:51:02.148+0000] {processor.py:830} INFO - Processing file /home/airflow/.local/lib/python3.8/site-packages/airflow/example_dags/example_task_group.py for tasks to queue
[2024-04-25T07:51:02.156+0000] {logging_mixin.py:188} INFO - [2024-04-25T07:51:02.155+0000] {dagbag.py:538} INFO - Filling up the DagBag from /home/airflow/.local/lib/python3.8/site-packages/airflow/example_dags/example_task_group.py
[2024-04-25T07:51:02.204+0000] {processor.py:840} INFO - DAG(s) 'example_task_group' retrieved from /home/airflow/.local/lib/python3.8/site-packages/airflow/example_dags/example_task_group.py
[2024-04-25T07:51:02.614+0000] {logging_mixin.py:188} INFO - [2024-04-25T07:51:02.613+0000] {dag.py:3036} INFO - Sync 1 DAGs
[2024-04-25T07:51:02.690+0000] {logging_mixin.py:188} INFO - [2024-04-25T07:51:02.689+0000] {dag.py:3823} INFO - Setting next_dagrun for example_task_group to 2024-04-24 00:00:00+00:00, run_after=2024-04-25 00:00:00+00:00
[2024-04-25T07:51:02.763+0000] {processor.py:183} INFO - Processing /home/airflow/.local/lib/python3.8/site-packages/airflow/example_dags/example_task_group.py took 0.634 seconds
[2024-04-25T07:51:36.931+0000] {processor.py:161} INFO - Started process (PID=130) to work on /home/airflow/.local/lib/python3.8/site-packages/airflow/example_dags/example_task_group.py
[2024-04-25T07:51:36.938+0000] {processor.py:830} INFO - Processing file /home/airflow/.local/lib/python3.8/site-packages/airflow/example_dags/example_task_group.py for tasks to queue
[2024-04-25T07:51:36.963+0000] {logging_mixin.py:188} INFO - [2024-04-25T07:51:36.946+0000] {dagbag.py:538} INFO - Filling up the DagBag from /home/airflow/.local/lib/python3.8/site-packages/airflow/example_dags/example_task_group.py
[2024-04-25T07:51:37.468+0000] {processor.py:840} INFO - DAG(s) 'example_task_group' retrieved from /home/airflow/.local/lib/python3.8/site-packages/airflow/example_dags/example_task_group.py
[2024-04-25T07:51:37.720+0000] {logging_mixin.py:188} INFO - [2024-04-25T07:51:37.719+0000] {dag.py:3036} INFO - Sync 1 DAGs
[2024-04-25T07:51:37.873+0000] {logging_mixin.py:188} INFO - [2024-04-25T07:51:37.872+0000] {dag.py:3823} INFO - Setting next_dagrun for example_task_group to 2024-04-24 00:00:00+00:00, run_after=2024-04-25 00:00:00+00:00
[2024-04-25T07:51:38.042+0000] {processor.py:183} INFO - Processing /home/airflow/.local/lib/python3.8/site-packages/airflow/example_dags/example_task_group.py took 1.154 seconds
[2024-04-25T07:52:17.614+0000] {processor.py:161} INFO - Started process (PID=200) to work on /home/airflow/.local/lib/python3.8/site-packages/airflow/example_dags/example_task_group.py
[2024-04-25T07:52:17.622+0000] {processor.py:830} INFO - Processing file /home/airflow/.local/lib/python3.8/site-packages/airflow/example_dags/example_task_group.py for tasks to queue
[2024-04-25T07:52:17.633+0000] {logging_mixin.py:188} INFO - [2024-04-25T07:52:17.632+0000] {dagbag.py:538} INFO - Filling up the DagBag from /home/airflow/.local/lib/python3.8/site-packages/airflow/example_dags/example_task_group.py
[2024-04-25T07:52:17.721+0000] {processor.py:840} INFO - DAG(s) 'example_task_group' retrieved from /home/airflow/.local/lib/python3.8/site-packages/airflow/example_dags/example_task_group.py
[2024-04-25T07:52:17.944+0000] {logging_mixin.py:188} INFO - [2024-04-25T07:52:17.943+0000] {dag.py:3036} INFO - Sync 1 DAGs
[2024-04-25T07:52:18.116+0000] {logging_mixin.py:188} INFO - [2024-04-25T07:52:18.115+0000] {dag.py:3823} INFO - Setting next_dagrun for example_task_group to 2024-04-24 00:00:00+00:00, run_after=2024-04-25 00:00:00+00:00
[2024-04-25T07:52:18.208+0000] {processor.py:183} INFO - Processing /home/airflow/.local/lib/python3.8/site-packages/airflow/example_dags/example_task_group.py took 0.622 seconds
[2024-04-25T07:52:51.420+0000] {processor.py:161} INFO - Started process (PID=270) to work on /home/airflow/.local/lib/python3.8/site-packages/airflow/example_dags/example_task_group.py
[2024-04-25T07:52:51.427+0000] {processor.py:830} INFO - Processing file /home/airflow/.local/lib/python3.8/site-packages/airflow/example_dags/example_task_group.py for tasks to queue
[2024-04-25T07:52:51.434+0000] {logging_mixin.py:188} INFO - [2024-04-25T07:52:51.433+0000] {dagbag.py:538} INFO - Filling up the DagBag from /home/airflow/.local/lib/python3.8/site-packages/airflow/example_dags/example_task_group.py
[2024-04-25T07:52:51.462+0000] {processor.py:840} INFO - DAG(s) 'example_task_group' retrieved from /home/airflow/.local/lib/python3.8/site-packages/airflow/example_dags/example_task_group.py
[2024-04-25T07:52:51.558+0000] {logging_mixin.py:188} INFO - [2024-04-25T07:52:51.557+0000] {dag.py:3036} INFO - Sync 1 DAGs
[2024-04-25T07:52:51.628+0000] {logging_mixin.py:188} INFO - [2024-04-25T07:52:51.627+0000] {dag.py:3823} INFO - Setting next_dagrun for example_task_group to 2024-04-24 00:00:00+00:00, run_after=2024-04-25 00:00:00+00:00
[2024-04-25T07:52:51.691+0000] {processor.py:183} INFO - Processing /home/airflow/.local/lib/python3.8/site-packages/airflow/example_dags/example_task_group.py took 0.284 seconds
[2024-04-25T07:53:29.109+0000] {processor.py:161} INFO - Started process (PID=346) to work on /home/airflow/.local/lib/python3.8/site-packages/airflow/example_dags/example_task_group.py
[2024-04-25T07:53:29.117+0000] {processor.py:830} INFO - Processing file /home/airflow/.local/lib/python3.8/site-packages/airflow/example_dags/example_task_group.py for tasks to queue
[2024-04-25T07:53:29.127+0000] {logging_mixin.py:188} INFO - [2024-04-25T07:53:29.126+0000] {dagbag.py:538} INFO - Filling up the DagBag from /home/airflow/.local/lib/python3.8/site-packages/airflow/example_dags/example_task_group.py
[2024-04-25T07:53:29.150+0000] {processor.py:840} INFO - DAG(s) 'example_task_group' retrieved from /home/airflow/.local/lib/python3.8/site-packages/airflow/example_dags/example_task_group.py
[2024-04-25T07:53:29.219+0000] {logging_mixin.py:188} INFO - [2024-04-25T07:53:29.219+0000] {dag.py:3036} INFO - Sync 1 DAGs
[2024-04-25T07:53:29.287+0000] {logging_mixin.py:188} INFO - [2024-04-25T07:53:29.286+0000] {dag.py:3823} INFO - Setting next_dagrun for example_task_group to 2024-04-24 00:00:00+00:00, run_after=2024-04-25 00:00:00+00:00
[2024-04-25T07:53:29.368+0000] {processor.py:183} INFO - Processing /home/airflow/.local/lib/python3.8/site-packages/airflow/example_dags/example_task_group.py took 0.273 seconds
