[2024-04-25T05:59:10.888+0000] {processor.py:161} INFO - Started process (PID=110) to work on /home/airflow/.local/lib/python3.8/site-packages/airflow/example_dags/example_nested_branch_dag.py
[2024-04-25T05:59:10.894+0000] {processor.py:830} INFO - Processing file /home/airflow/.local/lib/python3.8/site-packages/airflow/example_dags/example_nested_branch_dag.py for tasks to queue
[2024-04-25T05:59:10.903+0000] {logging_mixin.py:188} INFO - [2024-04-25T05:59:10.901+0000] {dagbag.py:538} INFO - Filling up the DagBag from /home/airflow/.local/lib/python3.8/site-packages/airflow/example_dags/example_nested_branch_dag.py
[2024-04-25T05:59:10.950+0000] {processor.py:840} INFO - DAG(s) 'example_nested_branch_dag' retrieved from /home/airflow/.local/lib/python3.8/site-packages/airflow/example_dags/example_nested_branch_dag.py
[2024-04-25T05:59:11.480+0000] {logging_mixin.py:188} INFO - [2024-04-25T05:59:11.480+0000] {dag.py:3036} INFO - Sync 1 DAGs
[2024-04-25T05:59:11.564+0000] {logging_mixin.py:188} INFO - [2024-04-25T05:59:11.563+0000] {dag.py:3823} INFO - Setting next_dagrun for example_nested_branch_dag to 2024-04-24 00:00:00+00:00, run_after=2024-04-25 00:00:00+00:00
[2024-04-25T05:59:11.645+0000] {processor.py:183} INFO - Processing /home/airflow/.local/lib/python3.8/site-packages/airflow/example_dags/example_nested_branch_dag.py took 0.772 seconds
[2024-04-25T05:59:52.782+0000] {processor.py:161} INFO - Started process (PID=169) to work on /home/airflow/.local/lib/python3.8/site-packages/airflow/example_dags/example_nested_branch_dag.py
[2024-04-25T05:59:52.800+0000] {processor.py:830} INFO - Processing file /home/airflow/.local/lib/python3.8/site-packages/airflow/example_dags/example_nested_branch_dag.py for tasks to queue
[2024-04-25T05:59:52.813+0000] {logging_mixin.py:188} INFO - [2024-04-25T05:59:52.812+0000] {dagbag.py:538} INFO - Filling up the DagBag from /home/airflow/.local/lib/python3.8/site-packages/airflow/example_dags/example_nested_branch_dag.py
[2024-04-25T05:59:52.917+0000] {processor.py:840} INFO - DAG(s) 'example_nested_branch_dag' retrieved from /home/airflow/.local/lib/python3.8/site-packages/airflow/example_dags/example_nested_branch_dag.py
[2024-04-25T05:59:53.577+0000] {logging_mixin.py:188} INFO - [2024-04-25T05:59:53.575+0000] {dag.py:3036} INFO - Sync 1 DAGs
[2024-04-25T05:59:54.089+0000] {logging_mixin.py:188} INFO - [2024-04-25T05:59:54.045+0000] {dag.py:3823} INFO - Setting next_dagrun for example_nested_branch_dag to 2024-04-24 00:00:00+00:00, run_after=2024-04-25 00:00:00+00:00
[2024-04-25T05:59:54.599+0000] {processor.py:183} INFO - Processing /home/airflow/.local/lib/python3.8/site-packages/airflow/example_dags/example_nested_branch_dag.py took 1.844 seconds
[2024-04-25T06:00:41.302+0000] {processor.py:161} INFO - Started process (PID=234) to work on /home/airflow/.local/lib/python3.8/site-packages/airflow/example_dags/example_nested_branch_dag.py
[2024-04-25T06:00:41.306+0000] {processor.py:830} INFO - Processing file /home/airflow/.local/lib/python3.8/site-packages/airflow/example_dags/example_nested_branch_dag.py for tasks to queue
[2024-04-25T06:00:41.312+0000] {logging_mixin.py:188} INFO - [2024-04-25T06:00:41.311+0000] {dagbag.py:538} INFO - Filling up the DagBag from /home/airflow/.local/lib/python3.8/site-packages/airflow/example_dags/example_nested_branch_dag.py
[2024-04-25T06:00:41.349+0000] {processor.py:840} INFO - DAG(s) 'example_nested_branch_dag' retrieved from /home/airflow/.local/lib/python3.8/site-packages/airflow/example_dags/example_nested_branch_dag.py
[2024-04-25T06:00:41.434+0000] {logging_mixin.py:188} INFO - [2024-04-25T06:00:41.432+0000] {dag.py:3036} INFO - Sync 1 DAGs
[2024-04-25T06:00:41.582+0000] {logging_mixin.py:188} INFO - [2024-04-25T06:00:41.581+0000] {dag.py:3823} INFO - Setting next_dagrun for example_nested_branch_dag to 2024-04-24 00:00:00+00:00, run_after=2024-04-25 00:00:00+00:00
[2024-04-25T06:00:41.685+0000] {processor.py:183} INFO - Processing /home/airflow/.local/lib/python3.8/site-packages/airflow/example_dags/example_nested_branch_dag.py took 0.395 seconds
[2024-04-25T06:01:16.326+0000] {processor.py:161} INFO - Started process (PID=291) to work on /home/airflow/.local/lib/python3.8/site-packages/airflow/example_dags/example_nested_branch_dag.py
[2024-04-25T06:01:16.331+0000] {processor.py:830} INFO - Processing file /home/airflow/.local/lib/python3.8/site-packages/airflow/example_dags/example_nested_branch_dag.py for tasks to queue
[2024-04-25T06:01:16.338+0000] {logging_mixin.py:188} INFO - [2024-04-25T06:01:16.337+0000] {dagbag.py:538} INFO - Filling up the DagBag from /home/airflow/.local/lib/python3.8/site-packages/airflow/example_dags/example_nested_branch_dag.py
[2024-04-25T06:01:16.375+0000] {processor.py:840} INFO - DAG(s) 'example_nested_branch_dag' retrieved from /home/airflow/.local/lib/python3.8/site-packages/airflow/example_dags/example_nested_branch_dag.py
[2024-04-25T06:01:16.457+0000] {logging_mixin.py:188} INFO - [2024-04-25T06:01:16.457+0000] {dag.py:3036} INFO - Sync 1 DAGs
[2024-04-25T06:01:16.576+0000] {logging_mixin.py:188} INFO - [2024-04-25T06:01:16.575+0000] {dag.py:3823} INFO - Setting next_dagrun for example_nested_branch_dag to 2024-04-24 00:00:00+00:00, run_after=2024-04-25 00:00:00+00:00
[2024-04-25T06:01:16.675+0000] {processor.py:183} INFO - Processing /home/airflow/.local/lib/python3.8/site-packages/airflow/example_dags/example_nested_branch_dag.py took 0.362 seconds
[2024-04-25T06:01:56.242+0000] {processor.py:161} INFO - Started process (PID=340) to work on /home/airflow/.local/lib/python3.8/site-packages/airflow/example_dags/example_nested_branch_dag.py
[2024-04-25T06:01:56.246+0000] {processor.py:830} INFO - Processing file /home/airflow/.local/lib/python3.8/site-packages/airflow/example_dags/example_nested_branch_dag.py for tasks to queue
[2024-04-25T06:01:56.251+0000] {logging_mixin.py:188} INFO - [2024-04-25T06:01:56.250+0000] {dagbag.py:538} INFO - Filling up the DagBag from /home/airflow/.local/lib/python3.8/site-packages/airflow/example_dags/example_nested_branch_dag.py
[2024-04-25T06:01:56.285+0000] {processor.py:840} INFO - DAG(s) 'example_nested_branch_dag' retrieved from /home/airflow/.local/lib/python3.8/site-packages/airflow/example_dags/example_nested_branch_dag.py
[2024-04-25T06:01:56.358+0000] {logging_mixin.py:188} INFO - [2024-04-25T06:01:56.357+0000] {dag.py:3036} INFO - Sync 1 DAGs
[2024-04-25T06:01:56.442+0000] {logging_mixin.py:188} INFO - [2024-04-25T06:01:56.440+0000] {dag.py:3823} INFO - Setting next_dagrun for example_nested_branch_dag to 2024-04-24 00:00:00+00:00, run_after=2024-04-25 00:00:00+00:00
[2024-04-25T06:01:56.509+0000] {processor.py:183} INFO - Processing /home/airflow/.local/lib/python3.8/site-packages/airflow/example_dags/example_nested_branch_dag.py took 0.275 seconds
[2024-04-25T06:02:28.375+0000] {processor.py:161} INFO - Started process (PID=399) to work on /home/airflow/.local/lib/python3.8/site-packages/airflow/example_dags/example_nested_branch_dag.py
[2024-04-25T06:02:28.380+0000] {processor.py:830} INFO - Processing file /home/airflow/.local/lib/python3.8/site-packages/airflow/example_dags/example_nested_branch_dag.py for tasks to queue
[2024-04-25T06:02:28.385+0000] {logging_mixin.py:188} INFO - [2024-04-25T06:02:28.384+0000] {dagbag.py:538} INFO - Filling up the DagBag from /home/airflow/.local/lib/python3.8/site-packages/airflow/example_dags/example_nested_branch_dag.py
[2024-04-25T06:02:28.412+0000] {processor.py:840} INFO - DAG(s) 'example_nested_branch_dag' retrieved from /home/airflow/.local/lib/python3.8/site-packages/airflow/example_dags/example_nested_branch_dag.py
[2024-04-25T06:02:28.486+0000] {logging_mixin.py:188} INFO - [2024-04-25T06:02:28.486+0000] {dag.py:3036} INFO - Sync 1 DAGs
[2024-04-25T06:02:28.544+0000] {logging_mixin.py:188} INFO - [2024-04-25T06:02:28.543+0000] {dag.py:3823} INFO - Setting next_dagrun for example_nested_branch_dag to 2024-04-24 00:00:00+00:00, run_after=2024-04-25 00:00:00+00:00
[2024-04-25T06:02:28.598+0000] {processor.py:183} INFO - Processing /home/airflow/.local/lib/python3.8/site-packages/airflow/example_dags/example_nested_branch_dag.py took 0.234 seconds
[2024-04-25T06:03:09.669+0000] {processor.py:161} INFO - Started process (PID=464) to work on /home/airflow/.local/lib/python3.8/site-packages/airflow/example_dags/example_nested_branch_dag.py
[2024-04-25T06:03:09.679+0000] {processor.py:830} INFO - Processing file /home/airflow/.local/lib/python3.8/site-packages/airflow/example_dags/example_nested_branch_dag.py for tasks to queue
[2024-04-25T06:03:09.691+0000] {logging_mixin.py:188} INFO - [2024-04-25T06:03:09.689+0000] {dagbag.py:538} INFO - Filling up the DagBag from /home/airflow/.local/lib/python3.8/site-packages/airflow/example_dags/example_nested_branch_dag.py
[2024-04-25T06:03:09.785+0000] {processor.py:840} INFO - DAG(s) 'example_nested_branch_dag' retrieved from /home/airflow/.local/lib/python3.8/site-packages/airflow/example_dags/example_nested_branch_dag.py
[2024-04-25T06:03:09.995+0000] {logging_mixin.py:188} INFO - [2024-04-25T06:03:09.993+0000] {dag.py:3036} INFO - Sync 1 DAGs
[2024-04-25T06:03:10.147+0000] {logging_mixin.py:188} INFO - [2024-04-25T06:03:10.145+0000] {dag.py:3823} INFO - Setting next_dagrun for example_nested_branch_dag to 2024-04-24 00:00:00+00:00, run_after=2024-04-25 00:00:00+00:00
[2024-04-25T06:03:10.282+0000] {processor.py:183} INFO - Processing /home/airflow/.local/lib/python3.8/site-packages/airflow/example_dags/example_nested_branch_dag.py took 0.642 seconds
[2024-04-25T06:03:40.460+0000] {processor.py:161} INFO - Started process (PID=523) to work on /home/airflow/.local/lib/python3.8/site-packages/airflow/example_dags/example_nested_branch_dag.py
[2024-04-25T06:03:40.465+0000] {processor.py:830} INFO - Processing file /home/airflow/.local/lib/python3.8/site-packages/airflow/example_dags/example_nested_branch_dag.py for tasks to queue
[2024-04-25T06:03:40.474+0000] {logging_mixin.py:188} INFO - [2024-04-25T06:03:40.472+0000] {dagbag.py:538} INFO - Filling up the DagBag from /home/airflow/.local/lib/python3.8/site-packages/airflow/example_dags/example_nested_branch_dag.py
[2024-04-25T06:03:40.512+0000] {processor.py:840} INFO - DAG(s) 'example_nested_branch_dag' retrieved from /home/airflow/.local/lib/python3.8/site-packages/airflow/example_dags/example_nested_branch_dag.py
[2024-04-25T06:03:40.606+0000] {logging_mixin.py:188} INFO - [2024-04-25T06:03:40.605+0000] {dag.py:3036} INFO - Sync 1 DAGs
[2024-04-25T06:03:40.701+0000] {logging_mixin.py:188} INFO - [2024-04-25T06:03:40.700+0000] {dag.py:3823} INFO - Setting next_dagrun for example_nested_branch_dag to 2024-04-24 00:00:00+00:00, run_after=2024-04-25 00:00:00+00:00
[2024-04-25T06:03:40.774+0000] {processor.py:183} INFO - Processing /home/airflow/.local/lib/python3.8/site-packages/airflow/example_dags/example_nested_branch_dag.py took 0.326 seconds
[2024-04-25T06:04:11.575+0000] {processor.py:161} INFO - Started process (PID=582) to work on /home/airflow/.local/lib/python3.8/site-packages/airflow/example_dags/example_nested_branch_dag.py
[2024-04-25T06:04:11.580+0000] {processor.py:830} INFO - Processing file /home/airflow/.local/lib/python3.8/site-packages/airflow/example_dags/example_nested_branch_dag.py for tasks to queue
[2024-04-25T06:04:11.588+0000] {logging_mixin.py:188} INFO - [2024-04-25T06:04:11.587+0000] {dagbag.py:538} INFO - Filling up the DagBag from /home/airflow/.local/lib/python3.8/site-packages/airflow/example_dags/example_nested_branch_dag.py
[2024-04-25T06:04:11.634+0000] {processor.py:840} INFO - DAG(s) 'example_nested_branch_dag' retrieved from /home/airflow/.local/lib/python3.8/site-packages/airflow/example_dags/example_nested_branch_dag.py
[2024-04-25T06:04:11.736+0000] {logging_mixin.py:188} INFO - [2024-04-25T06:04:11.735+0000] {dag.py:3036} INFO - Sync 1 DAGs
[2024-04-25T06:04:11.817+0000] {logging_mixin.py:188} INFO - [2024-04-25T06:04:11.815+0000] {dag.py:3823} INFO - Setting next_dagrun for example_nested_branch_dag to 2024-04-24 00:00:00+00:00, run_after=2024-04-25 00:00:00+00:00
[2024-04-25T06:04:11.879+0000] {processor.py:183} INFO - Processing /home/airflow/.local/lib/python3.8/site-packages/airflow/example_dags/example_nested_branch_dag.py took 0.324 seconds
[2024-04-25T06:04:42.047+0000] {processor.py:161} INFO - Started process (PID=642) to work on /home/airflow/.local/lib/python3.8/site-packages/airflow/example_dags/example_nested_branch_dag.py
[2024-04-25T06:04:42.049+0000] {processor.py:830} INFO - Processing file /home/airflow/.local/lib/python3.8/site-packages/airflow/example_dags/example_nested_branch_dag.py for tasks to queue
[2024-04-25T06:04:42.052+0000] {logging_mixin.py:188} INFO - [2024-04-25T06:04:42.051+0000] {dagbag.py:538} INFO - Filling up the DagBag from /home/airflow/.local/lib/python3.8/site-packages/airflow/example_dags/example_nested_branch_dag.py
[2024-04-25T06:04:42.068+0000] {processor.py:840} INFO - DAG(s) 'example_nested_branch_dag' retrieved from /home/airflow/.local/lib/python3.8/site-packages/airflow/example_dags/example_nested_branch_dag.py
[2024-04-25T06:04:42.098+0000] {logging_mixin.py:188} INFO - [2024-04-25T06:04:42.098+0000] {dag.py:3036} INFO - Sync 1 DAGs
[2024-04-25T06:04:42.129+0000] {logging_mixin.py:188} INFO - [2024-04-25T06:04:42.129+0000] {dag.py:3823} INFO - Setting next_dagrun for example_nested_branch_dag to 2024-04-24 00:00:00+00:00, run_after=2024-04-25 00:00:00+00:00
[2024-04-25T06:04:42.157+0000] {processor.py:183} INFO - Processing /home/airflow/.local/lib/python3.8/site-packages/airflow/example_dags/example_nested_branch_dag.py took 0.114 seconds
[2024-04-25T06:05:12.435+0000] {processor.py:161} INFO - Started process (PID=700) to work on /home/airflow/.local/lib/python3.8/site-packages/airflow/example_dags/example_nested_branch_dag.py
[2024-04-25T06:05:12.437+0000] {processor.py:830} INFO - Processing file /home/airflow/.local/lib/python3.8/site-packages/airflow/example_dags/example_nested_branch_dag.py for tasks to queue
[2024-04-25T06:05:12.441+0000] {logging_mixin.py:188} INFO - [2024-04-25T06:05:12.441+0000] {dagbag.py:538} INFO - Filling up the DagBag from /home/airflow/.local/lib/python3.8/site-packages/airflow/example_dags/example_nested_branch_dag.py
[2024-04-25T06:05:12.466+0000] {processor.py:840} INFO - DAG(s) 'example_nested_branch_dag' retrieved from /home/airflow/.local/lib/python3.8/site-packages/airflow/example_dags/example_nested_branch_dag.py
[2024-04-25T06:05:12.504+0000] {logging_mixin.py:188} INFO - [2024-04-25T06:05:12.503+0000] {dag.py:3036} INFO - Sync 1 DAGs
[2024-04-25T06:05:12.537+0000] {logging_mixin.py:188} INFO - [2024-04-25T06:05:12.537+0000] {dag.py:3823} INFO - Setting next_dagrun for example_nested_branch_dag to 2024-04-24 00:00:00+00:00, run_after=2024-04-25 00:00:00+00:00
[2024-04-25T06:05:12.569+0000] {processor.py:183} INFO - Processing /home/airflow/.local/lib/python3.8/site-packages/airflow/example_dags/example_nested_branch_dag.py took 0.141 seconds
[2024-04-25T06:05:42.824+0000] {processor.py:161} INFO - Started process (PID=759) to work on /home/airflow/.local/lib/python3.8/site-packages/airflow/example_dags/example_nested_branch_dag.py
[2024-04-25T06:05:42.827+0000] {processor.py:830} INFO - Processing file /home/airflow/.local/lib/python3.8/site-packages/airflow/example_dags/example_nested_branch_dag.py for tasks to queue
[2024-04-25T06:05:42.831+0000] {logging_mixin.py:188} INFO - [2024-04-25T06:05:42.830+0000] {dagbag.py:538} INFO - Filling up the DagBag from /home/airflow/.local/lib/python3.8/site-packages/airflow/example_dags/example_nested_branch_dag.py
[2024-04-25T06:05:42.852+0000] {processor.py:840} INFO - DAG(s) 'example_nested_branch_dag' retrieved from /home/airflow/.local/lib/python3.8/site-packages/airflow/example_dags/example_nested_branch_dag.py
[2024-04-25T06:05:42.886+0000] {logging_mixin.py:188} INFO - [2024-04-25T06:05:42.886+0000] {dag.py:3036} INFO - Sync 1 DAGs
[2024-04-25T06:05:42.913+0000] {logging_mixin.py:188} INFO - [2024-04-25T06:05:42.912+0000] {dag.py:3823} INFO - Setting next_dagrun for example_nested_branch_dag to 2024-04-24 00:00:00+00:00, run_after=2024-04-25 00:00:00+00:00
[2024-04-25T06:05:42.940+0000] {processor.py:183} INFO - Processing /home/airflow/.local/lib/python3.8/site-packages/airflow/example_dags/example_nested_branch_dag.py took 0.123 seconds
[2024-04-25T06:06:13.163+0000] {processor.py:161} INFO - Started process (PID=818) to work on /home/airflow/.local/lib/python3.8/site-packages/airflow/example_dags/example_nested_branch_dag.py
[2024-04-25T06:06:13.166+0000] {processor.py:830} INFO - Processing file /home/airflow/.local/lib/python3.8/site-packages/airflow/example_dags/example_nested_branch_dag.py for tasks to queue
[2024-04-25T06:06:13.170+0000] {logging_mixin.py:188} INFO - [2024-04-25T06:06:13.170+0000] {dagbag.py:538} INFO - Filling up the DagBag from /home/airflow/.local/lib/python3.8/site-packages/airflow/example_dags/example_nested_branch_dag.py
[2024-04-25T06:06:13.194+0000] {processor.py:840} INFO - DAG(s) 'example_nested_branch_dag' retrieved from /home/airflow/.local/lib/python3.8/site-packages/airflow/example_dags/example_nested_branch_dag.py
[2024-04-25T06:06:13.230+0000] {logging_mixin.py:188} INFO - [2024-04-25T06:06:13.230+0000] {dag.py:3036} INFO - Sync 1 DAGs
[2024-04-25T06:06:13.263+0000] {logging_mixin.py:188} INFO - [2024-04-25T06:06:13.262+0000] {dag.py:3823} INFO - Setting next_dagrun for example_nested_branch_dag to 2024-04-24 00:00:00+00:00, run_after=2024-04-25 00:00:00+00:00
[2024-04-25T06:06:13.288+0000] {processor.py:183} INFO - Processing /home/airflow/.local/lib/python3.8/site-packages/airflow/example_dags/example_nested_branch_dag.py took 0.131 seconds
[2024-04-25T06:06:44.991+0000] {processor.py:161} INFO - Started process (PID=877) to work on /home/airflow/.local/lib/python3.8/site-packages/airflow/example_dags/example_nested_branch_dag.py
[2024-04-25T06:06:44.995+0000] {processor.py:830} INFO - Processing file /home/airflow/.local/lib/python3.8/site-packages/airflow/example_dags/example_nested_branch_dag.py for tasks to queue
[2024-04-25T06:06:45.002+0000] {logging_mixin.py:188} INFO - [2024-04-25T06:06:45.001+0000] {dagbag.py:538} INFO - Filling up the DagBag from /home/airflow/.local/lib/python3.8/site-packages/airflow/example_dags/example_nested_branch_dag.py
[2024-04-25T06:06:45.057+0000] {processor.py:840} INFO - DAG(s) 'example_nested_branch_dag' retrieved from /home/airflow/.local/lib/python3.8/site-packages/airflow/example_dags/example_nested_branch_dag.py
[2024-04-25T06:06:45.167+0000] {logging_mixin.py:188} INFO - [2024-04-25T06:06:45.164+0000] {dag.py:3036} INFO - Sync 1 DAGs
[2024-04-25T06:06:45.279+0000] {logging_mixin.py:188} INFO - [2024-04-25T06:06:45.278+0000] {dag.py:3823} INFO - Setting next_dagrun for example_nested_branch_dag to 2024-04-24 00:00:00+00:00, run_after=2024-04-25 00:00:00+00:00
[2024-04-25T06:06:45.340+0000] {processor.py:183} INFO - Processing /home/airflow/.local/lib/python3.8/site-packages/airflow/example_dags/example_nested_branch_dag.py took 0.360 seconds
[2024-04-25T06:07:16.191+0000] {processor.py:161} INFO - Started process (PID=936) to work on /home/airflow/.local/lib/python3.8/site-packages/airflow/example_dags/example_nested_branch_dag.py
[2024-04-25T06:07:16.194+0000] {processor.py:830} INFO - Processing file /home/airflow/.local/lib/python3.8/site-packages/airflow/example_dags/example_nested_branch_dag.py for tasks to queue
[2024-04-25T06:07:16.202+0000] {logging_mixin.py:188} INFO - [2024-04-25T06:07:16.201+0000] {dagbag.py:538} INFO - Filling up the DagBag from /home/airflow/.local/lib/python3.8/site-packages/airflow/example_dags/example_nested_branch_dag.py
[2024-04-25T06:07:16.232+0000] {processor.py:840} INFO - DAG(s) 'example_nested_branch_dag' retrieved from /home/airflow/.local/lib/python3.8/site-packages/airflow/example_dags/example_nested_branch_dag.py
[2024-04-25T06:07:16.289+0000] {logging_mixin.py:188} INFO - [2024-04-25T06:07:16.289+0000] {dag.py:3036} INFO - Sync 1 DAGs
[2024-04-25T06:07:16.377+0000] {logging_mixin.py:188} INFO - [2024-04-25T06:07:16.377+0000] {dag.py:3823} INFO - Setting next_dagrun for example_nested_branch_dag to 2024-04-24 00:00:00+00:00, run_after=2024-04-25 00:00:00+00:00
[2024-04-25T06:07:16.451+0000] {processor.py:183} INFO - Processing /home/airflow/.local/lib/python3.8/site-packages/airflow/example_dags/example_nested_branch_dag.py took 0.269 seconds
[2024-04-25T06:07:46.606+0000] {processor.py:161} INFO - Started process (PID=995) to work on /home/airflow/.local/lib/python3.8/site-packages/airflow/example_dags/example_nested_branch_dag.py
[2024-04-25T06:07:46.611+0000] {processor.py:830} INFO - Processing file /home/airflow/.local/lib/python3.8/site-packages/airflow/example_dags/example_nested_branch_dag.py for tasks to queue
[2024-04-25T06:07:46.617+0000] {logging_mixin.py:188} INFO - [2024-04-25T06:07:46.616+0000] {dagbag.py:538} INFO - Filling up the DagBag from /home/airflow/.local/lib/python3.8/site-packages/airflow/example_dags/example_nested_branch_dag.py
[2024-04-25T06:07:46.638+0000] {processor.py:840} INFO - DAG(s) 'example_nested_branch_dag' retrieved from /home/airflow/.local/lib/python3.8/site-packages/airflow/example_dags/example_nested_branch_dag.py
[2024-04-25T06:07:46.679+0000] {logging_mixin.py:188} INFO - [2024-04-25T06:07:46.678+0000] {dag.py:3036} INFO - Sync 1 DAGs
[2024-04-25T06:07:46.722+0000] {logging_mixin.py:188} INFO - [2024-04-25T06:07:46.722+0000] {dag.py:3823} INFO - Setting next_dagrun for example_nested_branch_dag to 2024-04-24 00:00:00+00:00, run_after=2024-04-25 00:00:00+00:00
[2024-04-25T06:07:46.760+0000] {processor.py:183} INFO - Processing /home/airflow/.local/lib/python3.8/site-packages/airflow/example_dags/example_nested_branch_dag.py took 0.164 seconds
[2024-04-25T06:08:17.386+0000] {processor.py:161} INFO - Started process (PID=1054) to work on /home/airflow/.local/lib/python3.8/site-packages/airflow/example_dags/example_nested_branch_dag.py
[2024-04-25T06:08:17.392+0000] {processor.py:830} INFO - Processing file /home/airflow/.local/lib/python3.8/site-packages/airflow/example_dags/example_nested_branch_dag.py for tasks to queue
[2024-04-25T06:08:17.402+0000] {logging_mixin.py:188} INFO - [2024-04-25T06:08:17.401+0000] {dagbag.py:538} INFO - Filling up the DagBag from /home/airflow/.local/lib/python3.8/site-packages/airflow/example_dags/example_nested_branch_dag.py
[2024-04-25T06:08:17.457+0000] {processor.py:840} INFO - DAG(s) 'example_nested_branch_dag' retrieved from /home/airflow/.local/lib/python3.8/site-packages/airflow/example_dags/example_nested_branch_dag.py
[2024-04-25T06:08:17.530+0000] {logging_mixin.py:188} INFO - [2024-04-25T06:08:17.530+0000] {dag.py:3036} INFO - Sync 1 DAGs
[2024-04-25T06:08:17.602+0000] {logging_mixin.py:188} INFO - [2024-04-25T06:08:17.601+0000] {dag.py:3823} INFO - Setting next_dagrun for example_nested_branch_dag to 2024-04-24 00:00:00+00:00, run_after=2024-04-25 00:00:00+00:00
[2024-04-25T06:08:17.662+0000] {processor.py:183} INFO - Processing /home/airflow/.local/lib/python3.8/site-packages/airflow/example_dags/example_nested_branch_dag.py took 0.292 seconds
[2024-04-25T06:08:48.022+0000] {processor.py:161} INFO - Started process (PID=1113) to work on /home/airflow/.local/lib/python3.8/site-packages/airflow/example_dags/example_nested_branch_dag.py
[2024-04-25T06:08:48.027+0000] {processor.py:830} INFO - Processing file /home/airflow/.local/lib/python3.8/site-packages/airflow/example_dags/example_nested_branch_dag.py for tasks to queue
[2024-04-25T06:08:48.034+0000] {logging_mixin.py:188} INFO - [2024-04-25T06:08:48.033+0000] {dagbag.py:538} INFO - Filling up the DagBag from /home/airflow/.local/lib/python3.8/site-packages/airflow/example_dags/example_nested_branch_dag.py
[2024-04-25T06:08:48.071+0000] {processor.py:840} INFO - DAG(s) 'example_nested_branch_dag' retrieved from /home/airflow/.local/lib/python3.8/site-packages/airflow/example_dags/example_nested_branch_dag.py
[2024-04-25T06:08:48.124+0000] {logging_mixin.py:188} INFO - [2024-04-25T06:08:48.123+0000] {dag.py:3036} INFO - Sync 1 DAGs
[2024-04-25T06:08:48.166+0000] {logging_mixin.py:188} INFO - [2024-04-25T06:08:48.165+0000] {dag.py:3823} INFO - Setting next_dagrun for example_nested_branch_dag to 2024-04-24 00:00:00+00:00, run_after=2024-04-25 00:00:00+00:00
[2024-04-25T06:08:48.201+0000] {processor.py:183} INFO - Processing /home/airflow/.local/lib/python3.8/site-packages/airflow/example_dags/example_nested_branch_dag.py took 0.187 seconds
[2024-04-25T06:09:19.327+0000] {processor.py:161} INFO - Started process (PID=1172) to work on /home/airflow/.local/lib/python3.8/site-packages/airflow/example_dags/example_nested_branch_dag.py
[2024-04-25T06:09:19.332+0000] {processor.py:830} INFO - Processing file /home/airflow/.local/lib/python3.8/site-packages/airflow/example_dags/example_nested_branch_dag.py for tasks to queue
[2024-04-25T06:09:19.337+0000] {logging_mixin.py:188} INFO - [2024-04-25T06:09:19.336+0000] {dagbag.py:538} INFO - Filling up the DagBag from /home/airflow/.local/lib/python3.8/site-packages/airflow/example_dags/example_nested_branch_dag.py
[2024-04-25T06:09:19.366+0000] {processor.py:840} INFO - DAG(s) 'example_nested_branch_dag' retrieved from /home/airflow/.local/lib/python3.8/site-packages/airflow/example_dags/example_nested_branch_dag.py
[2024-04-25T06:09:19.428+0000] {logging_mixin.py:188} INFO - [2024-04-25T06:09:19.427+0000] {dag.py:3036} INFO - Sync 1 DAGs
[2024-04-25T06:09:19.535+0000] {logging_mixin.py:188} INFO - [2024-04-25T06:09:19.535+0000] {dag.py:3823} INFO - Setting next_dagrun for example_nested_branch_dag to 2024-04-24 00:00:00+00:00, run_after=2024-04-25 00:00:00+00:00
[2024-04-25T06:09:19.602+0000] {processor.py:183} INFO - Processing /home/airflow/.local/lib/python3.8/site-packages/airflow/example_dags/example_nested_branch_dag.py took 0.283 seconds
[2024-04-25T06:09:50.132+0000] {processor.py:161} INFO - Started process (PID=1231) to work on /home/airflow/.local/lib/python3.8/site-packages/airflow/example_dags/example_nested_branch_dag.py
[2024-04-25T06:09:50.136+0000] {processor.py:830} INFO - Processing file /home/airflow/.local/lib/python3.8/site-packages/airflow/example_dags/example_nested_branch_dag.py for tasks to queue
[2024-04-25T06:09:50.143+0000] {logging_mixin.py:188} INFO - [2024-04-25T06:09:50.142+0000] {dagbag.py:538} INFO - Filling up the DagBag from /home/airflow/.local/lib/python3.8/site-packages/airflow/example_dags/example_nested_branch_dag.py
[2024-04-25T06:09:50.193+0000] {processor.py:840} INFO - DAG(s) 'example_nested_branch_dag' retrieved from /home/airflow/.local/lib/python3.8/site-packages/airflow/example_dags/example_nested_branch_dag.py
[2024-04-25T06:09:50.321+0000] {logging_mixin.py:188} INFO - [2024-04-25T06:09:50.320+0000] {dag.py:3036} INFO - Sync 1 DAGs
[2024-04-25T06:09:50.471+0000] {logging_mixin.py:188} INFO - [2024-04-25T06:09:50.470+0000] {dag.py:3823} INFO - Setting next_dagrun for example_nested_branch_dag to 2024-04-24 00:00:00+00:00, run_after=2024-04-25 00:00:00+00:00
[2024-04-25T06:09:50.616+0000] {processor.py:183} INFO - Processing /home/airflow/.local/lib/python3.8/site-packages/airflow/example_dags/example_nested_branch_dag.py took 0.499 seconds
[2024-04-25T06:10:20.961+0000] {processor.py:161} INFO - Started process (PID=1290) to work on /home/airflow/.local/lib/python3.8/site-packages/airflow/example_dags/example_nested_branch_dag.py
[2024-04-25T06:10:20.969+0000] {processor.py:830} INFO - Processing file /home/airflow/.local/lib/python3.8/site-packages/airflow/example_dags/example_nested_branch_dag.py for tasks to queue
[2024-04-25T06:10:20.977+0000] {logging_mixin.py:188} INFO - [2024-04-25T06:10:20.976+0000] {dagbag.py:538} INFO - Filling up the DagBag from /home/airflow/.local/lib/python3.8/site-packages/airflow/example_dags/example_nested_branch_dag.py
[2024-04-25T06:10:21.068+0000] {processor.py:840} INFO - DAG(s) 'example_nested_branch_dag' retrieved from /home/airflow/.local/lib/python3.8/site-packages/airflow/example_dags/example_nested_branch_dag.py
[2024-04-25T06:10:21.157+0000] {logging_mixin.py:188} INFO - [2024-04-25T06:10:21.156+0000] {dag.py:3036} INFO - Sync 1 DAGs
[2024-04-25T06:10:21.241+0000] {logging_mixin.py:188} INFO - [2024-04-25T06:10:21.240+0000] {dag.py:3823} INFO - Setting next_dagrun for example_nested_branch_dag to 2024-04-24 00:00:00+00:00, run_after=2024-04-25 00:00:00+00:00
[2024-04-25T06:10:21.319+0000] {processor.py:183} INFO - Processing /home/airflow/.local/lib/python3.8/site-packages/airflow/example_dags/example_nested_branch_dag.py took 0.383 seconds
[2024-04-25T06:53:03.522+0000] {processor.py:161} INFO - Started process (PID=123) to work on /home/airflow/.local/lib/python3.8/site-packages/airflow/example_dags/example_nested_branch_dag.py
[2024-04-25T06:53:03.564+0000] {processor.py:830} INFO - Processing file /home/airflow/.local/lib/python3.8/site-packages/airflow/example_dags/example_nested_branch_dag.py for tasks to queue
[2024-04-25T06:53:03.583+0000] {logging_mixin.py:188} INFO - [2024-04-25T06:53:03.577+0000] {dagbag.py:538} INFO - Filling up the DagBag from /home/airflow/.local/lib/python3.8/site-packages/airflow/example_dags/example_nested_branch_dag.py
[2024-04-25T06:53:03.738+0000] {processor.py:840} INFO - DAG(s) 'example_nested_branch_dag' retrieved from /home/airflow/.local/lib/python3.8/site-packages/airflow/example_dags/example_nested_branch_dag.py
[2024-04-25T06:53:05.520+0000] {logging_mixin.py:188} INFO - [2024-04-25T06:53:05.518+0000] {dag.py:3036} INFO - Sync 1 DAGs
[2024-04-25T06:53:06.192+0000] {logging_mixin.py:188} INFO - [2024-04-25T06:53:06.191+0000] {dag.py:3823} INFO - Setting next_dagrun for example_nested_branch_dag to 2024-04-24 00:00:00+00:00, run_after=2024-04-25 00:00:00+00:00
[2024-04-25T06:53:06.385+0000] {processor.py:183} INFO - Processing /home/airflow/.local/lib/python3.8/site-packages/airflow/example_dags/example_nested_branch_dag.py took 2.890 seconds
[2024-04-25T06:53:44.721+0000] {processor.py:161} INFO - Started process (PID=199) to work on /home/airflow/.local/lib/python3.8/site-packages/airflow/example_dags/example_nested_branch_dag.py
[2024-04-25T06:53:44.734+0000] {processor.py:830} INFO - Processing file /home/airflow/.local/lib/python3.8/site-packages/airflow/example_dags/example_nested_branch_dag.py for tasks to queue
[2024-04-25T06:53:44.762+0000] {logging_mixin.py:188} INFO - [2024-04-25T06:53:44.755+0000] {dagbag.py:538} INFO - Filling up the DagBag from /home/airflow/.local/lib/python3.8/site-packages/airflow/example_dags/example_nested_branch_dag.py
[2024-04-25T06:53:44.884+0000] {processor.py:840} INFO - DAG(s) 'example_nested_branch_dag' retrieved from /home/airflow/.local/lib/python3.8/site-packages/airflow/example_dags/example_nested_branch_dag.py
[2024-04-25T06:53:45.285+0000] {logging_mixin.py:188} INFO - [2024-04-25T06:53:45.265+0000] {dag.py:3036} INFO - Sync 1 DAGs
[2024-04-25T06:53:47.327+0000] {logging_mixin.py:188} INFO - [2024-04-25T06:53:47.326+0000] {dag.py:3823} INFO - Setting next_dagrun for example_nested_branch_dag to 2024-04-24 00:00:00+00:00, run_after=2024-04-25 00:00:00+00:00
[2024-04-25T06:53:47.800+0000] {processor.py:183} INFO - Processing /home/airflow/.local/lib/python3.8/site-packages/airflow/example_dags/example_nested_branch_dag.py took 3.130 seconds
[2024-04-25T06:54:19.569+0000] {processor.py:161} INFO - Started process (PID=269) to work on /home/airflow/.local/lib/python3.8/site-packages/airflow/example_dags/example_nested_branch_dag.py
[2024-04-25T06:54:19.574+0000] {processor.py:830} INFO - Processing file /home/airflow/.local/lib/python3.8/site-packages/airflow/example_dags/example_nested_branch_dag.py for tasks to queue
[2024-04-25T06:54:19.586+0000] {logging_mixin.py:188} INFO - [2024-04-25T06:54:19.584+0000] {dagbag.py:538} INFO - Filling up the DagBag from /home/airflow/.local/lib/python3.8/site-packages/airflow/example_dags/example_nested_branch_dag.py
[2024-04-25T06:54:19.677+0000] {processor.py:840} INFO - DAG(s) 'example_nested_branch_dag' retrieved from /home/airflow/.local/lib/python3.8/site-packages/airflow/example_dags/example_nested_branch_dag.py
[2024-04-25T06:54:19.803+0000] {logging_mixin.py:188} INFO - [2024-04-25T06:54:19.803+0000] {dag.py:3036} INFO - Sync 1 DAGs
[2024-04-25T06:54:19.982+0000] {logging_mixin.py:188} INFO - [2024-04-25T06:54:19.981+0000] {dag.py:3823} INFO - Setting next_dagrun for example_nested_branch_dag to 2024-04-24 00:00:00+00:00, run_after=2024-04-25 00:00:00+00:00
[2024-04-25T06:54:20.110+0000] {processor.py:183} INFO - Processing /home/airflow/.local/lib/python3.8/site-packages/airflow/example_dags/example_nested_branch_dag.py took 0.569 seconds
[2024-04-25T06:54:53.776+0000] {processor.py:161} INFO - Started process (PID=339) to work on /home/airflow/.local/lib/python3.8/site-packages/airflow/example_dags/example_nested_branch_dag.py
[2024-04-25T06:54:53.782+0000] {processor.py:830} INFO - Processing file /home/airflow/.local/lib/python3.8/site-packages/airflow/example_dags/example_nested_branch_dag.py for tasks to queue
[2024-04-25T06:54:53.793+0000] {logging_mixin.py:188} INFO - [2024-04-25T06:54:53.791+0000] {dagbag.py:538} INFO - Filling up the DagBag from /home/airflow/.local/lib/python3.8/site-packages/airflow/example_dags/example_nested_branch_dag.py
[2024-04-25T06:54:53.850+0000] {processor.py:840} INFO - DAG(s) 'example_nested_branch_dag' retrieved from /home/airflow/.local/lib/python3.8/site-packages/airflow/example_dags/example_nested_branch_dag.py
[2024-04-25T06:54:54.075+0000] {logging_mixin.py:188} INFO - [2024-04-25T06:54:54.073+0000] {dag.py:3036} INFO - Sync 1 DAGs
[2024-04-25T06:54:54.239+0000] {logging_mixin.py:188} INFO - [2024-04-25T06:54:54.237+0000] {dag.py:3823} INFO - Setting next_dagrun for example_nested_branch_dag to 2024-04-24 00:00:00+00:00, run_after=2024-04-25 00:00:00+00:00
[2024-04-25T06:54:54.352+0000] {processor.py:183} INFO - Processing /home/airflow/.local/lib/python3.8/site-packages/airflow/example_dags/example_nested_branch_dag.py took 0.599 seconds
[2024-04-25T06:55:27.772+0000] {processor.py:161} INFO - Started process (PID=408) to work on /home/airflow/.local/lib/python3.8/site-packages/airflow/example_dags/example_nested_branch_dag.py
[2024-04-25T06:55:27.779+0000] {processor.py:830} INFO - Processing file /home/airflow/.local/lib/python3.8/site-packages/airflow/example_dags/example_nested_branch_dag.py for tasks to queue
[2024-04-25T06:55:27.794+0000] {logging_mixin.py:188} INFO - [2024-04-25T06:55:27.792+0000] {dagbag.py:538} INFO - Filling up the DagBag from /home/airflow/.local/lib/python3.8/site-packages/airflow/example_dags/example_nested_branch_dag.py
[2024-04-25T06:55:27.855+0000] {processor.py:840} INFO - DAG(s) 'example_nested_branch_dag' retrieved from /home/airflow/.local/lib/python3.8/site-packages/airflow/example_dags/example_nested_branch_dag.py
[2024-04-25T06:55:27.970+0000] {logging_mixin.py:188} INFO - [2024-04-25T06:55:27.970+0000] {dag.py:3036} INFO - Sync 1 DAGs
[2024-04-25T06:55:28.074+0000] {logging_mixin.py:188} INFO - [2024-04-25T06:55:28.073+0000] {dag.py:3823} INFO - Setting next_dagrun for example_nested_branch_dag to 2024-04-24 00:00:00+00:00, run_after=2024-04-25 00:00:00+00:00
[2024-04-25T06:55:28.183+0000] {processor.py:183} INFO - Processing /home/airflow/.local/lib/python3.8/site-packages/airflow/example_dags/example_nested_branch_dag.py took 0.427 seconds
[2024-04-25T06:56:05.367+0000] {processor.py:161} INFO - Started process (PID=478) to work on /home/airflow/.local/lib/python3.8/site-packages/airflow/example_dags/example_nested_branch_dag.py
[2024-04-25T06:56:05.372+0000] {processor.py:830} INFO - Processing file /home/airflow/.local/lib/python3.8/site-packages/airflow/example_dags/example_nested_branch_dag.py for tasks to queue
[2024-04-25T06:56:05.381+0000] {logging_mixin.py:188} INFO - [2024-04-25T06:56:05.379+0000] {dagbag.py:538} INFO - Filling up the DagBag from /home/airflow/.local/lib/python3.8/site-packages/airflow/example_dags/example_nested_branch_dag.py
[2024-04-25T06:56:05.436+0000] {processor.py:840} INFO - DAG(s) 'example_nested_branch_dag' retrieved from /home/airflow/.local/lib/python3.8/site-packages/airflow/example_dags/example_nested_branch_dag.py
[2024-04-25T06:56:05.579+0000] {logging_mixin.py:188} INFO - [2024-04-25T06:56:05.578+0000] {dag.py:3036} INFO - Sync 1 DAGs
[2024-04-25T06:56:05.731+0000] {logging_mixin.py:188} INFO - [2024-04-25T06:56:05.730+0000] {dag.py:3823} INFO - Setting next_dagrun for example_nested_branch_dag to 2024-04-24 00:00:00+00:00, run_after=2024-04-25 00:00:00+00:00
[2024-04-25T06:56:05.803+0000] {processor.py:183} INFO - Processing /home/airflow/.local/lib/python3.8/site-packages/airflow/example_dags/example_nested_branch_dag.py took 0.450 seconds
[2024-04-25T06:56:43.829+0000] {processor.py:161} INFO - Started process (PID=556) to work on /home/airflow/.local/lib/python3.8/site-packages/airflow/example_dags/example_nested_branch_dag.py
[2024-04-25T06:56:43.835+0000] {processor.py:830} INFO - Processing file /home/airflow/.local/lib/python3.8/site-packages/airflow/example_dags/example_nested_branch_dag.py for tasks to queue
[2024-04-25T06:56:43.842+0000] {logging_mixin.py:188} INFO - [2024-04-25T06:56:43.841+0000] {dagbag.py:538} INFO - Filling up the DagBag from /home/airflow/.local/lib/python3.8/site-packages/airflow/example_dags/example_nested_branch_dag.py
[2024-04-25T06:56:43.891+0000] {processor.py:840} INFO - DAG(s) 'example_nested_branch_dag' retrieved from /home/airflow/.local/lib/python3.8/site-packages/airflow/example_dags/example_nested_branch_dag.py
[2024-04-25T06:56:43.989+0000] {logging_mixin.py:188} INFO - [2024-04-25T06:56:43.988+0000] {dag.py:3036} INFO - Sync 1 DAGs
[2024-04-25T06:56:44.081+0000] {logging_mixin.py:188} INFO - [2024-04-25T06:56:44.080+0000] {dag.py:3823} INFO - Setting next_dagrun for example_nested_branch_dag to 2024-04-24 00:00:00+00:00, run_after=2024-04-25 00:00:00+00:00
[2024-04-25T06:56:45.067+0000] {processor.py:183} INFO - Processing /home/airflow/.local/lib/python3.8/site-packages/airflow/example_dags/example_nested_branch_dag.py took 1.252 seconds
[2024-04-25T06:58:32.370+0000] {processor.py:161} INFO - Started process (PID=656) to work on /home/airflow/.local/lib/python3.8/site-packages/airflow/example_dags/example_nested_branch_dag.py
[2024-04-25T06:58:32.436+0000] {processor.py:830} INFO - Processing file /home/airflow/.local/lib/python3.8/site-packages/airflow/example_dags/example_nested_branch_dag.py for tasks to queue
[2024-04-25T06:58:32.728+0000] {logging_mixin.py:188} INFO - [2024-04-25T06:58:32.572+0000] {dagbag.py:538} INFO - Filling up the DagBag from /home/airflow/.local/lib/python3.8/site-packages/airflow/example_dags/example_nested_branch_dag.py
[2024-04-25T06:58:33.119+0000] {processor.py:840} INFO - DAG(s) 'example_nested_branch_dag' retrieved from /home/airflow/.local/lib/python3.8/site-packages/airflow/example_dags/example_nested_branch_dag.py
[2024-04-25T06:58:34.944+0000] {logging_mixin.py:188} INFO - [2024-04-25T06:58:34.940+0000] {dag.py:3036} INFO - Sync 1 DAGs
[2024-04-25T06:58:42.753+0000] {logging_mixin.py:188} INFO - [2024-04-25T06:58:42.669+0000] {dag.py:3823} INFO - Setting next_dagrun for example_nested_branch_dag to 2024-04-24 00:00:00+00:00, run_after=2024-04-25 00:00:00+00:00
[2024-04-25T06:58:51.506+0000] {processor.py:183} INFO - Processing /home/airflow/.local/lib/python3.8/site-packages/airflow/example_dags/example_nested_branch_dag.py took 19.134 seconds
[2024-04-25T07:10:45.546+0000] {processor.py:161} INFO - Started process (PID=779) to work on /home/airflow/.local/lib/python3.8/site-packages/airflow/example_dags/example_nested_branch_dag.py
[2024-04-25T07:10:45.621+0000] {processor.py:830} INFO - Processing file /home/airflow/.local/lib/python3.8/site-packages/airflow/example_dags/example_nested_branch_dag.py for tasks to queue
[2024-04-25T07:10:45.687+0000] {logging_mixin.py:188} INFO - [2024-04-25T07:10:45.667+0000] {dagbag.py:538} INFO - Filling up the DagBag from /home/airflow/.local/lib/python3.8/site-packages/airflow/example_dags/example_nested_branch_dag.py
[2024-04-25T07:10:46.521+0000] {processor.py:840} INFO - DAG(s) 'example_nested_branch_dag' retrieved from /home/airflow/.local/lib/python3.8/site-packages/airflow/example_dags/example_nested_branch_dag.py
[2024-04-25T07:10:49.351+0000] {logging_mixin.py:188} INFO - [2024-04-25T07:10:49.148+0000] {dag.py:3036} INFO - Sync 1 DAGs
[2024-04-25T07:10:51.348+0000] {logging_mixin.py:188} INFO - [2024-04-25T07:10:51.332+0000] {dag.py:3823} INFO - Setting next_dagrun for example_nested_branch_dag to 2024-04-24 00:00:00+00:00, run_after=2024-04-25 00:00:00+00:00
[2024-04-25T07:10:53.047+0000] {processor.py:183} INFO - Processing /home/airflow/.local/lib/python3.8/site-packages/airflow/example_dags/example_nested_branch_dag.py took 7.655 seconds
[2024-04-25T07:51:13.255+0000] {processor.py:161} INFO - Started process (PID=82) to work on /home/airflow/.local/lib/python3.8/site-packages/airflow/example_dags/example_nested_branch_dag.py
[2024-04-25T07:51:13.262+0000] {processor.py:830} INFO - Processing file /home/airflow/.local/lib/python3.8/site-packages/airflow/example_dags/example_nested_branch_dag.py for tasks to queue
[2024-04-25T07:51:13.271+0000] {logging_mixin.py:188} INFO - [2024-04-25T07:51:13.269+0000] {dagbag.py:538} INFO - Filling up the DagBag from /home/airflow/.local/lib/python3.8/site-packages/airflow/example_dags/example_nested_branch_dag.py
[2024-04-25T07:51:13.303+0000] {processor.py:840} INFO - DAG(s) 'example_nested_branch_dag' retrieved from /home/airflow/.local/lib/python3.8/site-packages/airflow/example_dags/example_nested_branch_dag.py
[2024-04-25T07:51:13.617+0000] {logging_mixin.py:188} INFO - [2024-04-25T07:51:13.616+0000] {dag.py:3036} INFO - Sync 1 DAGs
[2024-04-25T07:51:13.670+0000] {logging_mixin.py:188} INFO - [2024-04-25T07:51:13.670+0000] {dag.py:3823} INFO - Setting next_dagrun for example_nested_branch_dag to 2024-04-24 00:00:00+00:00, run_after=2024-04-25 00:00:00+00:00
[2024-04-25T07:51:13.726+0000] {processor.py:183} INFO - Processing /home/airflow/.local/lib/python3.8/site-packages/airflow/example_dags/example_nested_branch_dag.py took 0.483 seconds
[2024-04-25T07:51:48.415+0000] {processor.py:161} INFO - Started process (PID=152) to work on /home/airflow/.local/lib/python3.8/site-packages/airflow/example_dags/example_nested_branch_dag.py
[2024-04-25T07:51:48.424+0000] {processor.py:830} INFO - Processing file /home/airflow/.local/lib/python3.8/site-packages/airflow/example_dags/example_nested_branch_dag.py for tasks to queue
[2024-04-25T07:51:48.436+0000] {logging_mixin.py:188} INFO - [2024-04-25T07:51:48.434+0000] {dagbag.py:538} INFO - Filling up the DagBag from /home/airflow/.local/lib/python3.8/site-packages/airflow/example_dags/example_nested_branch_dag.py
[2024-04-25T07:51:48.507+0000] {processor.py:840} INFO - DAG(s) 'example_nested_branch_dag' retrieved from /home/airflow/.local/lib/python3.8/site-packages/airflow/example_dags/example_nested_branch_dag.py
[2024-04-25T07:51:48.696+0000] {logging_mixin.py:188} INFO - [2024-04-25T07:51:48.694+0000] {dag.py:3036} INFO - Sync 1 DAGs
[2024-04-25T07:51:48.884+0000] {logging_mixin.py:188} INFO - [2024-04-25T07:51:48.881+0000] {dag.py:3823} INFO - Setting next_dagrun for example_nested_branch_dag to 2024-04-24 00:00:00+00:00, run_after=2024-04-25 00:00:00+00:00
[2024-04-25T07:51:49.028+0000] {processor.py:183} INFO - Processing /home/airflow/.local/lib/python3.8/site-packages/airflow/example_dags/example_nested_branch_dag.py took 0.633 seconds
[2024-04-25T07:52:28.055+0000] {processor.py:161} INFO - Started process (PID=228) to work on /home/airflow/.local/lib/python3.8/site-packages/airflow/example_dags/example_nested_branch_dag.py
[2024-04-25T07:52:28.062+0000] {processor.py:830} INFO - Processing file /home/airflow/.local/lib/python3.8/site-packages/airflow/example_dags/example_nested_branch_dag.py for tasks to queue
[2024-04-25T07:52:28.070+0000] {logging_mixin.py:188} INFO - [2024-04-25T07:52:28.069+0000] {dagbag.py:538} INFO - Filling up the DagBag from /home/airflow/.local/lib/python3.8/site-packages/airflow/example_dags/example_nested_branch_dag.py
[2024-04-25T07:52:28.132+0000] {processor.py:840} INFO - DAG(s) 'example_nested_branch_dag' retrieved from /home/airflow/.local/lib/python3.8/site-packages/airflow/example_dags/example_nested_branch_dag.py
[2024-04-25T07:52:28.259+0000] {logging_mixin.py:188} INFO - [2024-04-25T07:52:28.259+0000] {dag.py:3036} INFO - Sync 1 DAGs
[2024-04-25T07:52:28.402+0000] {logging_mixin.py:188} INFO - [2024-04-25T07:52:28.401+0000] {dag.py:3823} INFO - Setting next_dagrun for example_nested_branch_dag to 2024-04-24 00:00:00+00:00, run_after=2024-04-25 00:00:00+00:00
[2024-04-25T07:52:28.537+0000] {processor.py:183} INFO - Processing /home/airflow/.local/lib/python3.8/site-packages/airflow/example_dags/example_nested_branch_dag.py took 0.503 seconds
[2024-04-25T07:52:58.665+0000] {processor.py:161} INFO - Started process (PID=298) to work on /home/airflow/.local/lib/python3.8/site-packages/airflow/example_dags/example_nested_branch_dag.py
[2024-04-25T07:52:58.669+0000] {processor.py:830} INFO - Processing file /home/airflow/.local/lib/python3.8/site-packages/airflow/example_dags/example_nested_branch_dag.py for tasks to queue
[2024-04-25T07:52:58.675+0000] {logging_mixin.py:188} INFO - [2024-04-25T07:52:58.674+0000] {dagbag.py:538} INFO - Filling up the DagBag from /home/airflow/.local/lib/python3.8/site-packages/airflow/example_dags/example_nested_branch_dag.py
[2024-04-25T07:52:58.702+0000] {processor.py:840} INFO - DAG(s) 'example_nested_branch_dag' retrieved from /home/airflow/.local/lib/python3.8/site-packages/airflow/example_dags/example_nested_branch_dag.py
[2024-04-25T07:52:58.772+0000] {logging_mixin.py:188} INFO - [2024-04-25T07:52:58.772+0000] {dag.py:3036} INFO - Sync 1 DAGs
[2024-04-25T07:52:58.835+0000] {logging_mixin.py:188} INFO - [2024-04-25T07:52:58.834+0000] {dag.py:3823} INFO - Setting next_dagrun for example_nested_branch_dag to 2024-04-24 00:00:00+00:00, run_after=2024-04-25 00:00:00+00:00
[2024-04-25T07:52:58.908+0000] {processor.py:183} INFO - Processing /home/airflow/.local/lib/python3.8/site-packages/airflow/example_dags/example_nested_branch_dag.py took 0.253 seconds
[2024-04-25T07:53:36.753+0000] {processor.py:161} INFO - Started process (PID=368) to work on /home/airflow/.local/lib/python3.8/site-packages/airflow/example_dags/example_nested_branch_dag.py
[2024-04-25T07:53:36.764+0000] {processor.py:830} INFO - Processing file /home/airflow/.local/lib/python3.8/site-packages/airflow/example_dags/example_nested_branch_dag.py for tasks to queue
[2024-04-25T07:53:36.774+0000] {logging_mixin.py:188} INFO - [2024-04-25T07:53:36.772+0000] {dagbag.py:538} INFO - Filling up the DagBag from /home/airflow/.local/lib/python3.8/site-packages/airflow/example_dags/example_nested_branch_dag.py
[2024-04-25T07:53:36.828+0000] {processor.py:840} INFO - DAG(s) 'example_nested_branch_dag' retrieved from /home/airflow/.local/lib/python3.8/site-packages/airflow/example_dags/example_nested_branch_dag.py
[2024-04-25T07:53:36.978+0000] {logging_mixin.py:188} INFO - [2024-04-25T07:53:36.977+0000] {dag.py:3036} INFO - Sync 1 DAGs
[2024-04-25T07:53:37.694+0000] {logging_mixin.py:188} INFO - [2024-04-25T07:53:37.692+0000] {dag.py:3823} INFO - Setting next_dagrun for example_nested_branch_dag to 2024-04-24 00:00:00+00:00, run_after=2024-04-25 00:00:00+00:00
[2024-04-25T07:53:37.816+0000] {processor.py:183} INFO - Processing /home/airflow/.local/lib/python3.8/site-packages/airflow/example_dags/example_nested_branch_dag.py took 1.078 seconds
