[2024-04-25T05:59:12.632+0000] {processor.py:161} INFO - Started process (PID=114) to work on /home/airflow/.local/lib/python3.8/site-packages/airflow/example_dags/tutorial.py
[2024-04-25T05:59:12.637+0000] {processor.py:830} INFO - Processing file /home/airflow/.local/lib/python3.8/site-packages/airflow/example_dags/tutorial.py for tasks to queue
[2024-04-25T05:59:12.649+0000] {logging_mixin.py:188} INFO - [2024-04-25T05:59:12.648+0000] {dagbag.py:538} INFO - Filling up the DagBag from /home/airflow/.local/lib/python3.8/site-packages/airflow/example_dags/tutorial.py
[2024-04-25T05:59:12.678+0000] {processor.py:840} INFO - DAG(s) 'tutorial' retrieved from /home/airflow/.local/lib/python3.8/site-packages/airflow/example_dags/tutorial.py
[2024-04-25T05:59:13.637+0000] {logging_mixin.py:188} INFO - [2024-04-25T05:59:13.636+0000] {dag.py:3036} INFO - Sync 1 DAGs
[2024-04-25T05:59:13.728+0000] {logging_mixin.py:188} INFO - [2024-04-25T05:59:13.726+0000] {dag.py:3823} INFO - Setting next_dagrun for tutorial to 2024-04-24 00:00:00+00:00, run_after=2024-04-25 00:00:00+00:00
[2024-04-25T05:59:14.003+0000] {processor.py:183} INFO - Processing /home/airflow/.local/lib/python3.8/site-packages/airflow/example_dags/tutorial.py took 1.386 seconds
[2024-04-25T05:59:56.709+0000] {processor.py:161} INFO - Started process (PID=173) to work on /home/airflow/.local/lib/python3.8/site-packages/airflow/example_dags/tutorial.py
[2024-04-25T05:59:56.718+0000] {processor.py:830} INFO - Processing file /home/airflow/.local/lib/python3.8/site-packages/airflow/example_dags/tutorial.py for tasks to queue
[2024-04-25T05:59:56.728+0000] {logging_mixin.py:188} INFO - [2024-04-25T05:59:56.727+0000] {dagbag.py:538} INFO - Filling up the DagBag from /home/airflow/.local/lib/python3.8/site-packages/airflow/example_dags/tutorial.py
[2024-04-25T05:59:56.834+0000] {processor.py:840} INFO - DAG(s) 'tutorial' retrieved from /home/airflow/.local/lib/python3.8/site-packages/airflow/example_dags/tutorial.py
[2024-04-25T05:59:57.108+0000] {logging_mixin.py:188} INFO - [2024-04-25T05:59:57.107+0000] {dag.py:3036} INFO - Sync 1 DAGs
[2024-04-25T05:59:57.438+0000] {logging_mixin.py:188} INFO - [2024-04-25T05:59:57.435+0000] {dag.py:3823} INFO - Setting next_dagrun for tutorial to 2024-04-24 00:00:00+00:00, run_after=2024-04-25 00:00:00+00:00
[2024-04-25T05:59:57.919+0000] {processor.py:183} INFO - Processing /home/airflow/.local/lib/python3.8/site-packages/airflow/example_dags/tutorial.py took 1.259 seconds
[2024-04-25T06:00:42.211+0000] {processor.py:161} INFO - Started process (PID=238) to work on /home/airflow/.local/lib/python3.8/site-packages/airflow/example_dags/tutorial.py
[2024-04-25T06:00:42.218+0000] {processor.py:830} INFO - Processing file /home/airflow/.local/lib/python3.8/site-packages/airflow/example_dags/tutorial.py for tasks to queue
[2024-04-25T06:00:42.227+0000] {logging_mixin.py:188} INFO - [2024-04-25T06:00:42.225+0000] {dagbag.py:538} INFO - Filling up the DagBag from /home/airflow/.local/lib/python3.8/site-packages/airflow/example_dags/tutorial.py
[2024-04-25T06:00:42.253+0000] {processor.py:840} INFO - DAG(s) 'tutorial' retrieved from /home/airflow/.local/lib/python3.8/site-packages/airflow/example_dags/tutorial.py
[2024-04-25T06:00:42.348+0000] {logging_mixin.py:188} INFO - [2024-04-25T06:00:42.347+0000] {dag.py:3036} INFO - Sync 1 DAGs
[2024-04-25T06:00:42.445+0000] {logging_mixin.py:188} INFO - [2024-04-25T06:00:42.444+0000] {dag.py:3823} INFO - Setting next_dagrun for tutorial to 2024-04-24 00:00:00+00:00, run_after=2024-04-25 00:00:00+00:00
[2024-04-25T06:00:42.542+0000] {processor.py:183} INFO - Processing /home/airflow/.local/lib/python3.8/site-packages/airflow/example_dags/tutorial.py took 0.344 seconds
[2024-04-25T06:01:16.973+0000] {processor.py:161} INFO - Started process (PID=295) to work on /home/airflow/.local/lib/python3.8/site-packages/airflow/example_dags/tutorial.py
[2024-04-25T06:01:16.977+0000] {processor.py:830} INFO - Processing file /home/airflow/.local/lib/python3.8/site-packages/airflow/example_dags/tutorial.py for tasks to queue
[2024-04-25T06:01:16.985+0000] {logging_mixin.py:188} INFO - [2024-04-25T06:01:16.983+0000] {dagbag.py:538} INFO - Filling up the DagBag from /home/airflow/.local/lib/python3.8/site-packages/airflow/example_dags/tutorial.py
[2024-04-25T06:01:17.002+0000] {processor.py:840} INFO - DAG(s) 'tutorial' retrieved from /home/airflow/.local/lib/python3.8/site-packages/airflow/example_dags/tutorial.py
[2024-04-25T06:01:17.067+0000] {logging_mixin.py:188} INFO - [2024-04-25T06:01:17.067+0000] {dag.py:3036} INFO - Sync 1 DAGs
[2024-04-25T06:01:17.151+0000] {logging_mixin.py:188} INFO - [2024-04-25T06:01:17.150+0000] {dag.py:3823} INFO - Setting next_dagrun for tutorial to 2024-04-24 00:00:00+00:00, run_after=2024-04-25 00:00:00+00:00
[2024-04-25T06:01:17.227+0000] {processor.py:183} INFO - Processing /home/airflow/.local/lib/python3.8/site-packages/airflow/example_dags/tutorial.py took 0.267 seconds
[2024-04-25T06:02:00.873+0000] {processor.py:161} INFO - Started process (PID=355) to work on /home/airflow/.local/lib/python3.8/site-packages/airflow/example_dags/tutorial.py
[2024-04-25T06:02:00.879+0000] {processor.py:830} INFO - Processing file /home/airflow/.local/lib/python3.8/site-packages/airflow/example_dags/tutorial.py for tasks to queue
[2024-04-25T06:02:00.896+0000] {logging_mixin.py:188} INFO - [2024-04-25T06:02:00.895+0000] {dagbag.py:538} INFO - Filling up the DagBag from /home/airflow/.local/lib/python3.8/site-packages/airflow/example_dags/tutorial.py
[2024-04-25T06:02:00.923+0000] {processor.py:840} INFO - DAG(s) 'tutorial' retrieved from /home/airflow/.local/lib/python3.8/site-packages/airflow/example_dags/tutorial.py
[2024-04-25T06:02:01.017+0000] {logging_mixin.py:188} INFO - [2024-04-25T06:02:01.016+0000] {dag.py:3036} INFO - Sync 1 DAGs
[2024-04-25T06:02:01.138+0000] {logging_mixin.py:188} INFO - [2024-04-25T06:02:01.136+0000] {dag.py:3823} INFO - Setting next_dagrun for tutorial to 2024-04-24 00:00:00+00:00, run_after=2024-04-25 00:00:00+00:00
[2024-04-25T06:02:01.498+0000] {processor.py:183} INFO - Processing /home/airflow/.local/lib/python3.8/site-packages/airflow/example_dags/tutorial.py took 0.639 seconds
[2024-04-25T06:02:31.610+0000] {processor.py:161} INFO - Started process (PID=414) to work on /home/airflow/.local/lib/python3.8/site-packages/airflow/example_dags/tutorial.py
[2024-04-25T06:02:31.612+0000] {processor.py:830} INFO - Processing file /home/airflow/.local/lib/python3.8/site-packages/airflow/example_dags/tutorial.py for tasks to queue
[2024-04-25T06:02:31.617+0000] {logging_mixin.py:188} INFO - [2024-04-25T06:02:31.616+0000] {dagbag.py:538} INFO - Filling up the DagBag from /home/airflow/.local/lib/python3.8/site-packages/airflow/example_dags/tutorial.py
[2024-04-25T06:02:31.635+0000] {processor.py:840} INFO - DAG(s) 'tutorial' retrieved from /home/airflow/.local/lib/python3.8/site-packages/airflow/example_dags/tutorial.py
[2024-04-25T06:02:31.688+0000] {logging_mixin.py:188} INFO - [2024-04-25T06:02:31.687+0000] {dag.py:3036} INFO - Sync 1 DAGs
[2024-04-25T06:02:31.750+0000] {logging_mixin.py:188} INFO - [2024-04-25T06:02:31.749+0000] {dag.py:3823} INFO - Setting next_dagrun for tutorial to 2024-04-24 00:00:00+00:00, run_after=2024-04-25 00:00:00+00:00
[2024-04-25T06:02:31.804+0000] {processor.py:183} INFO - Processing /home/airflow/.local/lib/python3.8/site-packages/airflow/example_dags/tutorial.py took 0.201 seconds
[2024-04-25T06:03:16.001+0000] {processor.py:161} INFO - Started process (PID=478) to work on /home/airflow/.local/lib/python3.8/site-packages/airflow/example_dags/tutorial.py
[2024-04-25T06:03:16.025+0000] {processor.py:830} INFO - Processing file /home/airflow/.local/lib/python3.8/site-packages/airflow/example_dags/tutorial.py for tasks to queue
[2024-04-25T06:03:16.042+0000] {logging_mixin.py:188} INFO - [2024-04-25T06:03:16.039+0000] {dagbag.py:538} INFO - Filling up the DagBag from /home/airflow/.local/lib/python3.8/site-packages/airflow/example_dags/tutorial.py
[2024-04-25T06:03:16.082+0000] {processor.py:840} INFO - DAG(s) 'tutorial' retrieved from /home/airflow/.local/lib/python3.8/site-packages/airflow/example_dags/tutorial.py
[2024-04-25T06:03:16.184+0000] {logging_mixin.py:188} INFO - [2024-04-25T06:03:16.183+0000] {dag.py:3036} INFO - Sync 1 DAGs
[2024-04-25T06:03:16.336+0000] {logging_mixin.py:188} INFO - [2024-04-25T06:03:16.330+0000] {dag.py:3823} INFO - Setting next_dagrun for tutorial to 2024-04-24 00:00:00+00:00, run_after=2024-04-25 00:00:00+00:00
[2024-04-25T06:03:16.465+0000] {processor.py:183} INFO - Processing /home/airflow/.local/lib/python3.8/site-packages/airflow/example_dags/tutorial.py took 0.490 seconds
[2024-04-25T06:03:46.781+0000] {processor.py:161} INFO - Started process (PID=537) to work on /home/airflow/.local/lib/python3.8/site-packages/airflow/example_dags/tutorial.py
[2024-04-25T06:03:46.784+0000] {processor.py:830} INFO - Processing file /home/airflow/.local/lib/python3.8/site-packages/airflow/example_dags/tutorial.py for tasks to queue
[2024-04-25T06:03:46.790+0000] {logging_mixin.py:188} INFO - [2024-04-25T06:03:46.789+0000] {dagbag.py:538} INFO - Filling up the DagBag from /home/airflow/.local/lib/python3.8/site-packages/airflow/example_dags/tutorial.py
[2024-04-25T06:03:46.804+0000] {processor.py:840} INFO - DAG(s) 'tutorial' retrieved from /home/airflow/.local/lib/python3.8/site-packages/airflow/example_dags/tutorial.py
[2024-04-25T06:03:46.858+0000] {logging_mixin.py:188} INFO - [2024-04-25T06:03:46.858+0000] {dag.py:3036} INFO - Sync 1 DAGs
[2024-04-25T06:03:46.915+0000] {logging_mixin.py:188} INFO - [2024-04-25T06:03:46.914+0000] {dag.py:3823} INFO - Setting next_dagrun for tutorial to 2024-04-24 00:00:00+00:00, run_after=2024-04-25 00:00:00+00:00
[2024-04-25T06:03:46.966+0000] {processor.py:183} INFO - Processing /home/airflow/.local/lib/python3.8/site-packages/airflow/example_dags/tutorial.py took 0.194 seconds
[2024-04-25T06:04:17.167+0000] {processor.py:161} INFO - Started process (PID=596) to work on /home/airflow/.local/lib/python3.8/site-packages/airflow/example_dags/tutorial.py
[2024-04-25T06:04:17.170+0000] {processor.py:830} INFO - Processing file /home/airflow/.local/lib/python3.8/site-packages/airflow/example_dags/tutorial.py for tasks to queue
[2024-04-25T06:04:17.176+0000] {logging_mixin.py:188} INFO - [2024-04-25T06:04:17.175+0000] {dagbag.py:538} INFO - Filling up the DagBag from /home/airflow/.local/lib/python3.8/site-packages/airflow/example_dags/tutorial.py
[2024-04-25T06:04:17.193+0000] {processor.py:840} INFO - DAG(s) 'tutorial' retrieved from /home/airflow/.local/lib/python3.8/site-packages/airflow/example_dags/tutorial.py
[2024-04-25T06:04:17.275+0000] {logging_mixin.py:188} INFO - [2024-04-25T06:04:17.274+0000] {dag.py:3036} INFO - Sync 1 DAGs
[2024-04-25T06:04:17.350+0000] {logging_mixin.py:188} INFO - [2024-04-25T06:04:17.349+0000] {dag.py:3823} INFO - Setting next_dagrun for tutorial to 2024-04-24 00:00:00+00:00, run_after=2024-04-25 00:00:00+00:00
[2024-04-25T06:04:17.407+0000] {processor.py:183} INFO - Processing /home/airflow/.local/lib/python3.8/site-packages/airflow/example_dags/tutorial.py took 0.251 seconds
[2024-04-25T06:04:47.513+0000] {processor.py:161} INFO - Started process (PID=655) to work on /home/airflow/.local/lib/python3.8/site-packages/airflow/example_dags/tutorial.py
[2024-04-25T06:04:47.516+0000] {processor.py:830} INFO - Processing file /home/airflow/.local/lib/python3.8/site-packages/airflow/example_dags/tutorial.py for tasks to queue
[2024-04-25T06:04:47.520+0000] {logging_mixin.py:188} INFO - [2024-04-25T06:04:47.519+0000] {dagbag.py:538} INFO - Filling up the DagBag from /home/airflow/.local/lib/python3.8/site-packages/airflow/example_dags/tutorial.py
[2024-04-25T06:04:47.533+0000] {processor.py:840} INFO - DAG(s) 'tutorial' retrieved from /home/airflow/.local/lib/python3.8/site-packages/airflow/example_dags/tutorial.py
[2024-04-25T06:04:47.584+0000] {logging_mixin.py:188} INFO - [2024-04-25T06:04:47.584+0000] {dag.py:3036} INFO - Sync 1 DAGs
[2024-04-25T06:04:47.633+0000] {logging_mixin.py:188} INFO - [2024-04-25T06:04:47.632+0000] {dag.py:3823} INFO - Setting next_dagrun for tutorial to 2024-04-24 00:00:00+00:00, run_after=2024-04-25 00:00:00+00:00
[2024-04-25T06:04:47.671+0000] {processor.py:183} INFO - Processing /home/airflow/.local/lib/python3.8/site-packages/airflow/example_dags/tutorial.py took 0.165 seconds
[2024-04-25T06:05:18.514+0000] {processor.py:161} INFO - Started process (PID=713) to work on /home/airflow/.local/lib/python3.8/site-packages/airflow/example_dags/tutorial.py
[2024-04-25T06:05:18.524+0000] {processor.py:830} INFO - Processing file /home/airflow/.local/lib/python3.8/site-packages/airflow/example_dags/tutorial.py for tasks to queue
[2024-04-25T06:05:18.533+0000] {logging_mixin.py:188} INFO - [2024-04-25T06:05:18.532+0000] {dagbag.py:538} INFO - Filling up the DagBag from /home/airflow/.local/lib/python3.8/site-packages/airflow/example_dags/tutorial.py
[2024-04-25T06:05:18.592+0000] {processor.py:840} INFO - DAG(s) 'tutorial' retrieved from /home/airflow/.local/lib/python3.8/site-packages/airflow/example_dags/tutorial.py
[2024-04-25T06:05:18.759+0000] {logging_mixin.py:188} INFO - [2024-04-25T06:05:18.758+0000] {dag.py:3036} INFO - Sync 1 DAGs
[2024-04-25T06:05:19.040+0000] {logging_mixin.py:188} INFO - [2024-04-25T06:05:19.040+0000] {dag.py:3823} INFO - Setting next_dagrun for tutorial to 2024-04-24 00:00:00+00:00, run_after=2024-04-25 00:00:00+00:00
[2024-04-25T06:05:19.225+0000] {processor.py:183} INFO - Processing /home/airflow/.local/lib/python3.8/site-packages/airflow/example_dags/tutorial.py took 0.725 seconds
[2024-04-25T06:05:49.888+0000] {processor.py:161} INFO - Started process (PID=772) to work on /home/airflow/.local/lib/python3.8/site-packages/airflow/example_dags/tutorial.py
[2024-04-25T06:05:49.892+0000] {processor.py:830} INFO - Processing file /home/airflow/.local/lib/python3.8/site-packages/airflow/example_dags/tutorial.py for tasks to queue
[2024-04-25T06:05:49.901+0000] {logging_mixin.py:188} INFO - [2024-04-25T06:05:49.899+0000] {dagbag.py:538} INFO - Filling up the DagBag from /home/airflow/.local/lib/python3.8/site-packages/airflow/example_dags/tutorial.py
[2024-04-25T06:05:49.930+0000] {processor.py:840} INFO - DAG(s) 'tutorial' retrieved from /home/airflow/.local/lib/python3.8/site-packages/airflow/example_dags/tutorial.py
[2024-04-25T06:05:50.028+0000] {logging_mixin.py:188} INFO - [2024-04-25T06:05:50.028+0000] {dag.py:3036} INFO - Sync 1 DAGs
[2024-04-25T06:05:50.125+0000] {logging_mixin.py:188} INFO - [2024-04-25T06:05:50.125+0000] {dag.py:3823} INFO - Setting next_dagrun for tutorial to 2024-04-24 00:00:00+00:00, run_after=2024-04-25 00:00:00+00:00
[2024-04-25T06:05:50.224+0000] {processor.py:183} INFO - Processing /home/airflow/.local/lib/python3.8/site-packages/airflow/example_dags/tutorial.py took 0.356 seconds
[2024-04-25T06:06:21.094+0000] {processor.py:161} INFO - Started process (PID=831) to work on /home/airflow/.local/lib/python3.8/site-packages/airflow/example_dags/tutorial.py
[2024-04-25T06:06:21.097+0000] {processor.py:830} INFO - Processing file /home/airflow/.local/lib/python3.8/site-packages/airflow/example_dags/tutorial.py for tasks to queue
[2024-04-25T06:06:21.101+0000] {logging_mixin.py:188} INFO - [2024-04-25T06:06:21.101+0000] {dagbag.py:538} INFO - Filling up the DagBag from /home/airflow/.local/lib/python3.8/site-packages/airflow/example_dags/tutorial.py
[2024-04-25T06:06:21.111+0000] {processor.py:840} INFO - DAG(s) 'tutorial' retrieved from /home/airflow/.local/lib/python3.8/site-packages/airflow/example_dags/tutorial.py
[2024-04-25T06:06:21.137+0000] {logging_mixin.py:188} INFO - [2024-04-25T06:06:21.136+0000] {dag.py:3036} INFO - Sync 1 DAGs
[2024-04-25T06:06:21.164+0000] {logging_mixin.py:188} INFO - [2024-04-25T06:06:21.163+0000] {dag.py:3823} INFO - Setting next_dagrun for tutorial to 2024-04-24 00:00:00+00:00, run_after=2024-04-25 00:00:00+00:00
[2024-04-25T06:06:21.188+0000] {processor.py:183} INFO - Processing /home/airflow/.local/lib/python3.8/site-packages/airflow/example_dags/tutorial.py took 0.100 seconds
[2024-04-25T06:06:51.841+0000] {processor.py:161} INFO - Started process (PID=890) to work on /home/airflow/.local/lib/python3.8/site-packages/airflow/example_dags/tutorial.py
[2024-04-25T06:06:51.843+0000] {processor.py:830} INFO - Processing file /home/airflow/.local/lib/python3.8/site-packages/airflow/example_dags/tutorial.py for tasks to queue
[2024-04-25T06:06:51.847+0000] {logging_mixin.py:188} INFO - [2024-04-25T06:06:51.847+0000] {dagbag.py:538} INFO - Filling up the DagBag from /home/airflow/.local/lib/python3.8/site-packages/airflow/example_dags/tutorial.py
[2024-04-25T06:06:51.863+0000] {processor.py:840} INFO - DAG(s) 'tutorial' retrieved from /home/airflow/.local/lib/python3.8/site-packages/airflow/example_dags/tutorial.py
[2024-04-25T06:06:51.896+0000] {logging_mixin.py:188} INFO - [2024-04-25T06:06:51.896+0000] {dag.py:3036} INFO - Sync 1 DAGs
[2024-04-25T06:06:51.921+0000] {logging_mixin.py:188} INFO - [2024-04-25T06:06:51.921+0000] {dag.py:3823} INFO - Setting next_dagrun for tutorial to 2024-04-24 00:00:00+00:00, run_after=2024-04-25 00:00:00+00:00
[2024-04-25T06:06:51.951+0000] {processor.py:183} INFO - Processing /home/airflow/.local/lib/python3.8/site-packages/airflow/example_dags/tutorial.py took 0.117 seconds
[2024-04-25T06:07:22.208+0000] {processor.py:161} INFO - Started process (PID=949) to work on /home/airflow/.local/lib/python3.8/site-packages/airflow/example_dags/tutorial.py
[2024-04-25T06:07:22.210+0000] {processor.py:830} INFO - Processing file /home/airflow/.local/lib/python3.8/site-packages/airflow/example_dags/tutorial.py for tasks to queue
[2024-04-25T06:07:22.215+0000] {logging_mixin.py:188} INFO - [2024-04-25T06:07:22.214+0000] {dagbag.py:538} INFO - Filling up the DagBag from /home/airflow/.local/lib/python3.8/site-packages/airflow/example_dags/tutorial.py
[2024-04-25T06:07:22.226+0000] {processor.py:840} INFO - DAG(s) 'tutorial' retrieved from /home/airflow/.local/lib/python3.8/site-packages/airflow/example_dags/tutorial.py
[2024-04-25T06:07:22.274+0000] {logging_mixin.py:188} INFO - [2024-04-25T06:07:22.273+0000] {dag.py:3036} INFO - Sync 1 DAGs
[2024-04-25T06:07:22.329+0000] {logging_mixin.py:188} INFO - [2024-04-25T06:07:22.329+0000] {dag.py:3823} INFO - Setting next_dagrun for tutorial to 2024-04-24 00:00:00+00:00, run_after=2024-04-25 00:00:00+00:00
[2024-04-25T06:07:22.407+0000] {processor.py:183} INFO - Processing /home/airflow/.local/lib/python3.8/site-packages/airflow/example_dags/tutorial.py took 0.205 seconds
[2024-04-25T06:07:53.315+0000] {processor.py:161} INFO - Started process (PID=1008) to work on /home/airflow/.local/lib/python3.8/site-packages/airflow/example_dags/tutorial.py
[2024-04-25T06:07:53.318+0000] {processor.py:830} INFO - Processing file /home/airflow/.local/lib/python3.8/site-packages/airflow/example_dags/tutorial.py for tasks to queue
[2024-04-25T06:07:53.323+0000] {logging_mixin.py:188} INFO - [2024-04-25T06:07:53.322+0000] {dagbag.py:538} INFO - Filling up the DagBag from /home/airflow/.local/lib/python3.8/site-packages/airflow/example_dags/tutorial.py
[2024-04-25T06:07:53.342+0000] {processor.py:840} INFO - DAG(s) 'tutorial' retrieved from /home/airflow/.local/lib/python3.8/site-packages/airflow/example_dags/tutorial.py
[2024-04-25T06:07:53.460+0000] {logging_mixin.py:188} INFO - [2024-04-25T06:07:53.458+0000] {dag.py:3036} INFO - Sync 1 DAGs
[2024-04-25T06:07:53.611+0000] {logging_mixin.py:188} INFO - [2024-04-25T06:07:53.609+0000] {dag.py:3823} INFO - Setting next_dagrun for tutorial to 2024-04-24 00:00:00+00:00, run_after=2024-04-25 00:00:00+00:00
[2024-04-25T06:07:53.700+0000] {processor.py:183} INFO - Processing /home/airflow/.local/lib/python3.8/site-packages/airflow/example_dags/tutorial.py took 0.393 seconds
[2024-04-25T06:08:24.422+0000] {processor.py:161} INFO - Started process (PID=1067) to work on /home/airflow/.local/lib/python3.8/site-packages/airflow/example_dags/tutorial.py
[2024-04-25T06:08:24.424+0000] {processor.py:830} INFO - Processing file /home/airflow/.local/lib/python3.8/site-packages/airflow/example_dags/tutorial.py for tasks to queue
[2024-04-25T06:08:24.428+0000] {logging_mixin.py:188} INFO - [2024-04-25T06:08:24.428+0000] {dagbag.py:538} INFO - Filling up the DagBag from /home/airflow/.local/lib/python3.8/site-packages/airflow/example_dags/tutorial.py
[2024-04-25T06:08:24.443+0000] {processor.py:840} INFO - DAG(s) 'tutorial' retrieved from /home/airflow/.local/lib/python3.8/site-packages/airflow/example_dags/tutorial.py
[2024-04-25T06:08:24.481+0000] {logging_mixin.py:188} INFO - [2024-04-25T06:08:24.480+0000] {dag.py:3036} INFO - Sync 1 DAGs
[2024-04-25T06:08:24.507+0000] {logging_mixin.py:188} INFO - [2024-04-25T06:08:24.506+0000] {dag.py:3823} INFO - Setting next_dagrun for tutorial to 2024-04-24 00:00:00+00:00, run_after=2024-04-25 00:00:00+00:00
[2024-04-25T06:08:24.532+0000] {processor.py:183} INFO - Processing /home/airflow/.local/lib/python3.8/site-packages/airflow/example_dags/tutorial.py took 0.116 seconds
[2024-04-25T06:08:54.937+0000] {processor.py:161} INFO - Started process (PID=1126) to work on /home/airflow/.local/lib/python3.8/site-packages/airflow/example_dags/tutorial.py
[2024-04-25T06:08:54.941+0000] {processor.py:830} INFO - Processing file /home/airflow/.local/lib/python3.8/site-packages/airflow/example_dags/tutorial.py for tasks to queue
[2024-04-25T06:08:54.947+0000] {logging_mixin.py:188} INFO - [2024-04-25T06:08:54.946+0000] {dagbag.py:538} INFO - Filling up the DagBag from /home/airflow/.local/lib/python3.8/site-packages/airflow/example_dags/tutorial.py
[2024-04-25T06:08:54.969+0000] {processor.py:840} INFO - DAG(s) 'tutorial' retrieved from /home/airflow/.local/lib/python3.8/site-packages/airflow/example_dags/tutorial.py
[2024-04-25T06:08:55.040+0000] {logging_mixin.py:188} INFO - [2024-04-25T06:08:55.039+0000] {dag.py:3036} INFO - Sync 1 DAGs
[2024-04-25T06:08:55.094+0000] {logging_mixin.py:188} INFO - [2024-04-25T06:08:55.094+0000] {dag.py:3823} INFO - Setting next_dagrun for tutorial to 2024-04-24 00:00:00+00:00, run_after=2024-04-25 00:00:00+00:00
[2024-04-25T06:08:55.155+0000] {processor.py:183} INFO - Processing /home/airflow/.local/lib/python3.8/site-packages/airflow/example_dags/tutorial.py took 0.230 seconds
[2024-04-25T06:09:25.619+0000] {processor.py:161} INFO - Started process (PID=1185) to work on /home/airflow/.local/lib/python3.8/site-packages/airflow/example_dags/tutorial.py
[2024-04-25T06:09:25.620+0000] {processor.py:830} INFO - Processing file /home/airflow/.local/lib/python3.8/site-packages/airflow/example_dags/tutorial.py for tasks to queue
[2024-04-25T06:09:25.623+0000] {logging_mixin.py:188} INFO - [2024-04-25T06:09:25.622+0000] {dagbag.py:538} INFO - Filling up the DagBag from /home/airflow/.local/lib/python3.8/site-packages/airflow/example_dags/tutorial.py
[2024-04-25T06:09:25.631+0000] {processor.py:840} INFO - DAG(s) 'tutorial' retrieved from /home/airflow/.local/lib/python3.8/site-packages/airflow/example_dags/tutorial.py
[2024-04-25T06:09:25.655+0000] {logging_mixin.py:188} INFO - [2024-04-25T06:09:25.655+0000] {dag.py:3036} INFO - Sync 1 DAGs
[2024-04-25T06:09:25.692+0000] {logging_mixin.py:188} INFO - [2024-04-25T06:09:25.692+0000] {dag.py:3823} INFO - Setting next_dagrun for tutorial to 2024-04-24 00:00:00+00:00, run_after=2024-04-25 00:00:00+00:00
[2024-04-25T06:09:25.735+0000] {processor.py:183} INFO - Processing /home/airflow/.local/lib/python3.8/site-packages/airflow/example_dags/tutorial.py took 0.120 seconds
[2024-04-25T06:09:55.824+0000] {processor.py:161} INFO - Started process (PID=1244) to work on /home/airflow/.local/lib/python3.8/site-packages/airflow/example_dags/tutorial.py
[2024-04-25T06:09:55.829+0000] {processor.py:830} INFO - Processing file /home/airflow/.local/lib/python3.8/site-packages/airflow/example_dags/tutorial.py for tasks to queue
[2024-04-25T06:09:55.837+0000] {logging_mixin.py:188} INFO - [2024-04-25T06:09:55.835+0000] {dagbag.py:538} INFO - Filling up the DagBag from /home/airflow/.local/lib/python3.8/site-packages/airflow/example_dags/tutorial.py
[2024-04-25T06:09:55.868+0000] {processor.py:840} INFO - DAG(s) 'tutorial' retrieved from /home/airflow/.local/lib/python3.8/site-packages/airflow/example_dags/tutorial.py
[2024-04-25T06:09:56.001+0000] {logging_mixin.py:188} INFO - [2024-04-25T06:09:56.000+0000] {dag.py:3036} INFO - Sync 1 DAGs
[2024-04-25T06:09:56.123+0000] {logging_mixin.py:188} INFO - [2024-04-25T06:09:56.122+0000] {dag.py:3823} INFO - Setting next_dagrun for tutorial to 2024-04-24 00:00:00+00:00, run_after=2024-04-25 00:00:00+00:00
[2024-04-25T06:09:56.200+0000] {processor.py:183} INFO - Processing /home/airflow/.local/lib/python3.8/site-packages/airflow/example_dags/tutorial.py took 0.386 seconds
[2024-04-25T06:10:26.964+0000] {processor.py:161} INFO - Started process (PID=1303) to work on /home/airflow/.local/lib/python3.8/site-packages/airflow/example_dags/tutorial.py
[2024-04-25T06:10:26.967+0000] {processor.py:830} INFO - Processing file /home/airflow/.local/lib/python3.8/site-packages/airflow/example_dags/tutorial.py for tasks to queue
[2024-04-25T06:10:26.974+0000] {logging_mixin.py:188} INFO - [2024-04-25T06:10:26.973+0000] {dagbag.py:538} INFO - Filling up the DagBag from /home/airflow/.local/lib/python3.8/site-packages/airflow/example_dags/tutorial.py
[2024-04-25T06:10:26.997+0000] {processor.py:840} INFO - DAG(s) 'tutorial' retrieved from /home/airflow/.local/lib/python3.8/site-packages/airflow/example_dags/tutorial.py
[2024-04-25T06:10:27.057+0000] {logging_mixin.py:188} INFO - [2024-04-25T06:10:27.056+0000] {dag.py:3036} INFO - Sync 1 DAGs
[2024-04-25T06:10:27.124+0000] {logging_mixin.py:188} INFO - [2024-04-25T06:10:27.123+0000] {dag.py:3823} INFO - Setting next_dagrun for tutorial to 2024-04-24 00:00:00+00:00, run_after=2024-04-25 00:00:00+00:00
[2024-04-25T06:10:27.174+0000] {processor.py:183} INFO - Processing /home/airflow/.local/lib/python3.8/site-packages/airflow/example_dags/tutorial.py took 0.223 seconds
[2024-04-25T06:53:08.350+0000] {processor.py:161} INFO - Started process (PID=133) to work on /home/airflow/.local/lib/python3.8/site-packages/airflow/example_dags/tutorial.py
[2024-04-25T06:53:08.388+0000] {processor.py:830} INFO - Processing file /home/airflow/.local/lib/python3.8/site-packages/airflow/example_dags/tutorial.py for tasks to queue
[2024-04-25T06:53:08.399+0000] {logging_mixin.py:188} INFO - [2024-04-25T06:53:08.398+0000] {dagbag.py:538} INFO - Filling up the DagBag from /home/airflow/.local/lib/python3.8/site-packages/airflow/example_dags/tutorial.py
[2024-04-25T06:53:08.435+0000] {processor.py:840} INFO - DAG(s) 'tutorial' retrieved from /home/airflow/.local/lib/python3.8/site-packages/airflow/example_dags/tutorial.py
[2024-04-25T06:53:09.643+0000] {logging_mixin.py:188} INFO - [2024-04-25T06:53:09.642+0000] {dag.py:3036} INFO - Sync 1 DAGs
[2024-04-25T06:53:09.828+0000] {logging_mixin.py:188} INFO - [2024-04-25T06:53:09.827+0000] {dag.py:3823} INFO - Setting next_dagrun for tutorial to 2024-04-24 00:00:00+00:00, run_after=2024-04-25 00:00:00+00:00
[2024-04-25T06:53:09.942+0000] {processor.py:183} INFO - Processing /home/airflow/.local/lib/python3.8/site-packages/airflow/example_dags/tutorial.py took 1.616 seconds
[2024-04-25T06:53:49.214+0000] {processor.py:161} INFO - Started process (PID=203) to work on /home/airflow/.local/lib/python3.8/site-packages/airflow/example_dags/tutorial.py
[2024-04-25T06:53:49.233+0000] {processor.py:830} INFO - Processing file /home/airflow/.local/lib/python3.8/site-packages/airflow/example_dags/tutorial.py for tasks to queue
[2024-04-25T06:53:49.248+0000] {logging_mixin.py:188} INFO - [2024-04-25T06:53:49.247+0000] {dagbag.py:538} INFO - Filling up the DagBag from /home/airflow/.local/lib/python3.8/site-packages/airflow/example_dags/tutorial.py
[2024-04-25T06:53:49.285+0000] {processor.py:840} INFO - DAG(s) 'tutorial' retrieved from /home/airflow/.local/lib/python3.8/site-packages/airflow/example_dags/tutorial.py
[2024-04-25T06:53:49.438+0000] {logging_mixin.py:188} INFO - [2024-04-25T06:53:49.437+0000] {dag.py:3036} INFO - Sync 1 DAGs
[2024-04-25T06:53:49.680+0000] {logging_mixin.py:188} INFO - [2024-04-25T06:53:49.677+0000] {dag.py:3823} INFO - Setting next_dagrun for tutorial to 2024-04-24 00:00:00+00:00, run_after=2024-04-25 00:00:00+00:00
[2024-04-25T06:53:49.804+0000] {processor.py:183} INFO - Processing /home/airflow/.local/lib/python3.8/site-packages/airflow/example_dags/tutorial.py took 0.610 seconds
[2024-04-25T06:54:20.869+0000] {processor.py:161} INFO - Started process (PID=273) to work on /home/airflow/.local/lib/python3.8/site-packages/airflow/example_dags/tutorial.py
[2024-04-25T06:54:20.880+0000] {processor.py:830} INFO - Processing file /home/airflow/.local/lib/python3.8/site-packages/airflow/example_dags/tutorial.py for tasks to queue
[2024-04-25T06:54:20.891+0000] {logging_mixin.py:188} INFO - [2024-04-25T06:54:20.889+0000] {dagbag.py:538} INFO - Filling up the DagBag from /home/airflow/.local/lib/python3.8/site-packages/airflow/example_dags/tutorial.py
[2024-04-25T06:54:20.933+0000] {processor.py:840} INFO - DAG(s) 'tutorial' retrieved from /home/airflow/.local/lib/python3.8/site-packages/airflow/example_dags/tutorial.py
[2024-04-25T06:54:21.314+0000] {logging_mixin.py:188} INFO - [2024-04-25T06:54:21.313+0000] {dag.py:3036} INFO - Sync 1 DAGs
[2024-04-25T06:54:21.689+0000] {logging_mixin.py:188} INFO - [2024-04-25T06:54:21.689+0000] {dag.py:3823} INFO - Setting next_dagrun for tutorial to 2024-04-24 00:00:00+00:00, run_after=2024-04-25 00:00:00+00:00
[2024-04-25T06:54:21.846+0000] {processor.py:183} INFO - Processing /home/airflow/.local/lib/python3.8/site-packages/airflow/example_dags/tutorial.py took 1.004 seconds
[2024-04-25T06:54:56.229+0000] {processor.py:161} INFO - Started process (PID=343) to work on /home/airflow/.local/lib/python3.8/site-packages/airflow/example_dags/tutorial.py
[2024-04-25T06:54:56.249+0000] {processor.py:830} INFO - Processing file /home/airflow/.local/lib/python3.8/site-packages/airflow/example_dags/tutorial.py for tasks to queue
[2024-04-25T06:54:56.281+0000] {logging_mixin.py:188} INFO - [2024-04-25T06:54:56.277+0000] {dagbag.py:538} INFO - Filling up the DagBag from /home/airflow/.local/lib/python3.8/site-packages/airflow/example_dags/tutorial.py
[2024-04-25T06:54:56.336+0000] {processor.py:840} INFO - DAG(s) 'tutorial' retrieved from /home/airflow/.local/lib/python3.8/site-packages/airflow/example_dags/tutorial.py
[2024-04-25T06:54:56.492+0000] {logging_mixin.py:188} INFO - [2024-04-25T06:54:56.491+0000] {dag.py:3036} INFO - Sync 1 DAGs
[2024-04-25T06:54:56.672+0000] {logging_mixin.py:188} INFO - [2024-04-25T06:54:56.671+0000] {dag.py:3823} INFO - Setting next_dagrun for tutorial to 2024-04-24 00:00:00+00:00, run_after=2024-04-25 00:00:00+00:00
[2024-04-25T06:54:56.782+0000] {processor.py:183} INFO - Processing /home/airflow/.local/lib/python3.8/site-packages/airflow/example_dags/tutorial.py took 0.571 seconds
[2024-04-25T06:55:28.712+0000] {processor.py:161} INFO - Started process (PID=412) to work on /home/airflow/.local/lib/python3.8/site-packages/airflow/example_dags/tutorial.py
[2024-04-25T06:55:28.718+0000] {processor.py:830} INFO - Processing file /home/airflow/.local/lib/python3.8/site-packages/airflow/example_dags/tutorial.py for tasks to queue
[2024-04-25T06:55:28.727+0000] {logging_mixin.py:188} INFO - [2024-04-25T06:55:28.726+0000] {dagbag.py:538} INFO - Filling up the DagBag from /home/airflow/.local/lib/python3.8/site-packages/airflow/example_dags/tutorial.py
[2024-04-25T06:55:28.757+0000] {processor.py:840} INFO - DAG(s) 'tutorial' retrieved from /home/airflow/.local/lib/python3.8/site-packages/airflow/example_dags/tutorial.py
[2024-04-25T06:55:28.847+0000] {logging_mixin.py:188} INFO - [2024-04-25T06:55:28.847+0000] {dag.py:3036} INFO - Sync 1 DAGs
[2024-04-25T06:55:28.955+0000] {logging_mixin.py:188} INFO - [2024-04-25T06:55:28.954+0000] {dag.py:3823} INFO - Setting next_dagrun for tutorial to 2024-04-24 00:00:00+00:00, run_after=2024-04-25 00:00:00+00:00
[2024-04-25T06:55:29.046+0000] {processor.py:183} INFO - Processing /home/airflow/.local/lib/python3.8/site-packages/airflow/example_dags/tutorial.py took 0.350 seconds
[2024-04-25T06:56:06.227+0000] {processor.py:161} INFO - Started process (PID=482) to work on /home/airflow/.local/lib/python3.8/site-packages/airflow/example_dags/tutorial.py
[2024-04-25T06:56:06.234+0000] {processor.py:830} INFO - Processing file /home/airflow/.local/lib/python3.8/site-packages/airflow/example_dags/tutorial.py for tasks to queue
[2024-04-25T06:56:06.242+0000] {logging_mixin.py:188} INFO - [2024-04-25T06:56:06.240+0000] {dagbag.py:538} INFO - Filling up the DagBag from /home/airflow/.local/lib/python3.8/site-packages/airflow/example_dags/tutorial.py
[2024-04-25T06:56:06.267+0000] {processor.py:840} INFO - DAG(s) 'tutorial' retrieved from /home/airflow/.local/lib/python3.8/site-packages/airflow/example_dags/tutorial.py
[2024-04-25T06:56:06.375+0000] {logging_mixin.py:188} INFO - [2024-04-25T06:56:06.374+0000] {dag.py:3036} INFO - Sync 1 DAGs
[2024-04-25T06:56:06.486+0000] {logging_mixin.py:188} INFO - [2024-04-25T06:56:06.485+0000] {dag.py:3823} INFO - Setting next_dagrun for tutorial to 2024-04-24 00:00:00+00:00, run_after=2024-04-25 00:00:00+00:00
[2024-04-25T06:56:06.567+0000] {processor.py:183} INFO - Processing /home/airflow/.local/lib/python3.8/site-packages/airflow/example_dags/tutorial.py took 0.354 seconds
[2024-04-25T06:56:45.851+0000] {processor.py:161} INFO - Started process (PID=560) to work on /home/airflow/.local/lib/python3.8/site-packages/airflow/example_dags/tutorial.py
[2024-04-25T06:56:45.856+0000] {processor.py:830} INFO - Processing file /home/airflow/.local/lib/python3.8/site-packages/airflow/example_dags/tutorial.py for tasks to queue
[2024-04-25T06:56:45.863+0000] {logging_mixin.py:188} INFO - [2024-04-25T06:56:45.862+0000] {dagbag.py:538} INFO - Filling up the DagBag from /home/airflow/.local/lib/python3.8/site-packages/airflow/example_dags/tutorial.py
[2024-04-25T06:56:45.885+0000] {processor.py:840} INFO - DAG(s) 'tutorial' retrieved from /home/airflow/.local/lib/python3.8/site-packages/airflow/example_dags/tutorial.py
[2024-04-25T06:56:45.967+0000] {logging_mixin.py:188} INFO - [2024-04-25T06:56:45.966+0000] {dag.py:3036} INFO - Sync 1 DAGs
[2024-04-25T06:56:46.071+0000] {logging_mixin.py:188} INFO - [2024-04-25T06:56:46.070+0000] {dag.py:3823} INFO - Setting next_dagrun for tutorial to 2024-04-24 00:00:00+00:00, run_after=2024-04-25 00:00:00+00:00
[2024-04-25T06:56:46.855+0000] {processor.py:183} INFO - Processing /home/airflow/.local/lib/python3.8/site-packages/airflow/example_dags/tutorial.py took 1.017 seconds
[2024-04-25T06:59:10.953+0000] {processor.py:161} INFO - Started process (PID=666) to work on /home/airflow/.local/lib/python3.8/site-packages/airflow/example_dags/tutorial.py
[2024-04-25T06:59:10.973+0000] {processor.py:830} INFO - Processing file /home/airflow/.local/lib/python3.8/site-packages/airflow/example_dags/tutorial.py for tasks to queue
[2024-04-25T06:59:10.998+0000] {logging_mixin.py:188} INFO - [2024-04-25T06:59:10.986+0000] {dagbag.py:538} INFO - Filling up the DagBag from /home/airflow/.local/lib/python3.8/site-packages/airflow/example_dags/tutorial.py
[2024-04-25T06:59:12.642+0000] {processor.py:840} INFO - DAG(s) 'tutorial' retrieved from /home/airflow/.local/lib/python3.8/site-packages/airflow/example_dags/tutorial.py
[2024-04-25T06:59:16.089+0000] {logging_mixin.py:188} INFO - [2024-04-25T06:59:16.088+0000] {dag.py:3036} INFO - Sync 1 DAGs
[2024-04-25T06:59:18.668+0000] {logging_mixin.py:188} INFO - [2024-04-25T06:59:18.651+0000] {dag.py:3823} INFO - Setting next_dagrun for tutorial to 2024-04-24 00:00:00+00:00, run_after=2024-04-25 00:00:00+00:00
[2024-04-25T06:59:20.524+0000] {processor.py:183} INFO - Processing /home/airflow/.local/lib/python3.8/site-packages/airflow/example_dags/tutorial.py took 10.246 seconds
[2024-04-25T07:16:17.452+0000] {processor.py:161} INFO - Started process (PID=788) to work on /home/airflow/.local/lib/python3.8/site-packages/airflow/example_dags/tutorial.py
[2024-04-25T07:16:17.533+0000] {processor.py:830} INFO - Processing file /home/airflow/.local/lib/python3.8/site-packages/airflow/example_dags/tutorial.py for tasks to queue
[2024-04-25T07:16:17.599+0000] {logging_mixin.py:188} INFO - [2024-04-25T07:16:17.554+0000] {dagbag.py:538} INFO - Filling up the DagBag from /home/airflow/.local/lib/python3.8/site-packages/airflow/example_dags/tutorial.py
[2024-04-25T07:16:18.853+0000] {processor.py:840} INFO - DAG(s) 'tutorial' retrieved from /home/airflow/.local/lib/python3.8/site-packages/airflow/example_dags/tutorial.py
[2024-04-25T07:51:14.272+0000] {processor.py:161} INFO - Started process (PID=86) to work on /home/airflow/.local/lib/python3.8/site-packages/airflow/example_dags/tutorial.py
[2024-04-25T07:51:14.279+0000] {processor.py:830} INFO - Processing file /home/airflow/.local/lib/python3.8/site-packages/airflow/example_dags/tutorial.py for tasks to queue
[2024-04-25T07:51:14.285+0000] {logging_mixin.py:188} INFO - [2024-04-25T07:51:14.285+0000] {dagbag.py:538} INFO - Filling up the DagBag from /home/airflow/.local/lib/python3.8/site-packages/airflow/example_dags/tutorial.py
[2024-04-25T07:51:14.304+0000] {processor.py:840} INFO - DAG(s) 'tutorial' retrieved from /home/airflow/.local/lib/python3.8/site-packages/airflow/example_dags/tutorial.py
[2024-04-25T07:51:14.605+0000] {logging_mixin.py:188} INFO - [2024-04-25T07:51:14.605+0000] {dag.py:3036} INFO - Sync 1 DAGs
[2024-04-25T07:51:14.669+0000] {logging_mixin.py:188} INFO - [2024-04-25T07:51:14.669+0000] {dag.py:3823} INFO - Setting next_dagrun for tutorial to 2024-04-24 00:00:00+00:00, run_after=2024-04-25 00:00:00+00:00
[2024-04-25T07:51:14.727+0000] {processor.py:183} INFO - Processing /home/airflow/.local/lib/python3.8/site-packages/airflow/example_dags/tutorial.py took 0.465 seconds
[2024-04-25T07:51:49.866+0000] {processor.py:161} INFO - Started process (PID=156) to work on /home/airflow/.local/lib/python3.8/site-packages/airflow/example_dags/tutorial.py
[2024-04-25T07:51:49.877+0000] {processor.py:830} INFO - Processing file /home/airflow/.local/lib/python3.8/site-packages/airflow/example_dags/tutorial.py for tasks to queue
[2024-04-25T07:51:49.888+0000] {logging_mixin.py:188} INFO - [2024-04-25T07:51:49.886+0000] {dagbag.py:538} INFO - Filling up the DagBag from /home/airflow/.local/lib/python3.8/site-packages/airflow/example_dags/tutorial.py
[2024-04-25T07:51:50.062+0000] {processor.py:840} INFO - DAG(s) 'tutorial' retrieved from /home/airflow/.local/lib/python3.8/site-packages/airflow/example_dags/tutorial.py
[2024-04-25T07:51:50.214+0000] {logging_mixin.py:188} INFO - [2024-04-25T07:51:50.213+0000] {dag.py:3036} INFO - Sync 1 DAGs
[2024-04-25T07:51:50.381+0000] {logging_mixin.py:188} INFO - [2024-04-25T07:51:50.380+0000] {dag.py:3823} INFO - Setting next_dagrun for tutorial to 2024-04-24 00:00:00+00:00, run_after=2024-04-25 00:00:00+00:00
[2024-04-25T07:51:50.581+0000] {processor.py:183} INFO - Processing /home/airflow/.local/lib/python3.8/site-packages/airflow/example_dags/tutorial.py took 0.739 seconds
[2024-04-25T07:52:29.109+0000] {processor.py:161} INFO - Started process (PID=232) to work on /home/airflow/.local/lib/python3.8/site-packages/airflow/example_dags/tutorial.py
[2024-04-25T07:52:29.117+0000] {processor.py:830} INFO - Processing file /home/airflow/.local/lib/python3.8/site-packages/airflow/example_dags/tutorial.py for tasks to queue
[2024-04-25T07:52:29.126+0000] {logging_mixin.py:188} INFO - [2024-04-25T07:52:29.125+0000] {dagbag.py:538} INFO - Filling up the DagBag from /home/airflow/.local/lib/python3.8/site-packages/airflow/example_dags/tutorial.py
[2024-04-25T07:52:29.157+0000] {processor.py:840} INFO - DAG(s) 'tutorial' retrieved from /home/airflow/.local/lib/python3.8/site-packages/airflow/example_dags/tutorial.py
[2024-04-25T07:52:29.265+0000] {logging_mixin.py:188} INFO - [2024-04-25T07:52:29.264+0000] {dag.py:3036} INFO - Sync 1 DAGs
[2024-04-25T07:52:29.404+0000] {logging_mixin.py:188} INFO - [2024-04-25T07:52:29.403+0000] {dag.py:3823} INFO - Setting next_dagrun for tutorial to 2024-04-24 00:00:00+00:00, run_after=2024-04-25 00:00:00+00:00
[2024-04-25T07:52:29.521+0000] {processor.py:183} INFO - Processing /home/airflow/.local/lib/python3.8/site-packages/airflow/example_dags/tutorial.py took 0.425 seconds
[2024-04-25T07:52:59.789+0000] {processor.py:161} INFO - Started process (PID=302) to work on /home/airflow/.local/lib/python3.8/site-packages/airflow/example_dags/tutorial.py
[2024-04-25T07:52:59.794+0000] {processor.py:830} INFO - Processing file /home/airflow/.local/lib/python3.8/site-packages/airflow/example_dags/tutorial.py for tasks to queue
[2024-04-25T07:52:59.800+0000] {logging_mixin.py:188} INFO - [2024-04-25T07:52:59.799+0000] {dagbag.py:538} INFO - Filling up the DagBag from /home/airflow/.local/lib/python3.8/site-packages/airflow/example_dags/tutorial.py
[2024-04-25T07:52:59.820+0000] {processor.py:840} INFO - DAG(s) 'tutorial' retrieved from /home/airflow/.local/lib/python3.8/site-packages/airflow/example_dags/tutorial.py
[2024-04-25T07:52:59.885+0000] {logging_mixin.py:188} INFO - [2024-04-25T07:52:59.885+0000] {dag.py:3036} INFO - Sync 1 DAGs
[2024-04-25T07:52:59.942+0000] {logging_mixin.py:188} INFO - [2024-04-25T07:52:59.942+0000] {dag.py:3823} INFO - Setting next_dagrun for tutorial to 2024-04-24 00:00:00+00:00, run_after=2024-04-25 00:00:00+00:00
[2024-04-25T07:53:00.000+0000] {processor.py:183} INFO - Processing /home/airflow/.local/lib/python3.8/site-packages/airflow/example_dags/tutorial.py took 0.221 seconds
[2024-04-25T07:53:38.802+0000] {processor.py:161} INFO - Started process (PID=372) to work on /home/airflow/.local/lib/python3.8/site-packages/airflow/example_dags/tutorial.py
[2024-04-25T07:53:38.816+0000] {processor.py:830} INFO - Processing file /home/airflow/.local/lib/python3.8/site-packages/airflow/example_dags/tutorial.py for tasks to queue
[2024-04-25T07:53:38.831+0000] {logging_mixin.py:188} INFO - [2024-04-25T07:53:38.828+0000] {dagbag.py:538} INFO - Filling up the DagBag from /home/airflow/.local/lib/python3.8/site-packages/airflow/example_dags/tutorial.py
[2024-04-25T07:53:38.879+0000] {processor.py:840} INFO - DAG(s) 'tutorial' retrieved from /home/airflow/.local/lib/python3.8/site-packages/airflow/example_dags/tutorial.py
[2024-04-25T07:53:39.056+0000] {logging_mixin.py:188} INFO - [2024-04-25T07:53:39.053+0000] {dag.py:3036} INFO - Sync 1 DAGs
[2024-04-25T07:53:39.242+0000] {logging_mixin.py:188} INFO - [2024-04-25T07:53:39.241+0000] {dag.py:3823} INFO - Setting next_dagrun for tutorial to 2024-04-24 00:00:00+00:00, run_after=2024-04-25 00:00:00+00:00
[2024-04-25T07:53:39.416+0000] {processor.py:183} INFO - Processing /home/airflow/.local/lib/python3.8/site-packages/airflow/example_dags/tutorial.py took 0.640 seconds
