[2024-04-25T05:58:53.951+0000] {processor.py:161} INFO - Started process (PID=88) to work on /home/airflow/.local/lib/python3.8/site-packages/airflow/example_dags/tutorial_taskflow_api.py
[2024-04-25T05:58:53.958+0000] {processor.py:830} INFO - Processing file /home/airflow/.local/lib/python3.8/site-packages/airflow/example_dags/tutorial_taskflow_api.py for tasks to queue
[2024-04-25T05:58:53.979+0000] {logging_mixin.py:188} INFO - [2024-04-25T05:58:53.975+0000] {dagbag.py:538} INFO - Filling up the DagBag from /home/airflow/.local/lib/python3.8/site-packages/airflow/example_dags/tutorial_taskflow_api.py
[2024-04-25T05:58:54.033+0000] {processor.py:840} INFO - DAG(s) 'tutorial_taskflow_api' retrieved from /home/airflow/.local/lib/python3.8/site-packages/airflow/example_dags/tutorial_taskflow_api.py
[2024-04-25T05:58:56.516+0000] {logging_mixin.py:188} INFO - [2024-04-25T05:58:56.511+0000] {dag.py:3036} INFO - Sync 1 DAGs
[2024-04-25T05:58:57.253+0000] {logging_mixin.py:188} INFO - [2024-04-25T05:58:57.250+0000] {dag.py:3823} INFO - Setting next_dagrun for tutorial_taskflow_api to None, run_after=None
[2024-04-25T05:58:57.575+0000] {processor.py:183} INFO - Processing /home/airflow/.local/lib/python3.8/site-packages/airflow/example_dags/tutorial_taskflow_api.py took 3.642 seconds
[2024-04-25T05:59:32.993+0000] {processor.py:161} INFO - Started process (PID=153) to work on /home/airflow/.local/lib/python3.8/site-packages/airflow/example_dags/tutorial_taskflow_api.py
[2024-04-25T05:59:33.001+0000] {processor.py:830} INFO - Processing file /home/airflow/.local/lib/python3.8/site-packages/airflow/example_dags/tutorial_taskflow_api.py for tasks to queue
[2024-04-25T05:59:33.034+0000] {logging_mixin.py:188} INFO - [2024-04-25T05:59:33.032+0000] {dagbag.py:538} INFO - Filling up the DagBag from /home/airflow/.local/lib/python3.8/site-packages/airflow/example_dags/tutorial_taskflow_api.py
[2024-04-25T05:59:33.087+0000] {processor.py:840} INFO - DAG(s) 'tutorial_taskflow_api' retrieved from /home/airflow/.local/lib/python3.8/site-packages/airflow/example_dags/tutorial_taskflow_api.py
[2024-04-25T05:59:33.207+0000] {logging_mixin.py:188} INFO - [2024-04-25T05:59:33.206+0000] {dag.py:3036} INFO - Sync 1 DAGs
[2024-04-25T05:59:33.293+0000] {logging_mixin.py:188} INFO - [2024-04-25T05:59:33.292+0000] {dag.py:3823} INFO - Setting next_dagrun for tutorial_taskflow_api to None, run_after=None
[2024-04-25T05:59:33.448+0000] {processor.py:183} INFO - Processing /home/airflow/.local/lib/python3.8/site-packages/airflow/example_dags/tutorial_taskflow_api.py took 0.472 seconds
[2024-04-25T06:00:28.432+0000] {processor.py:161} INFO - Started process (PID=199) to work on /home/airflow/.local/lib/python3.8/site-packages/airflow/example_dags/tutorial_taskflow_api.py
[2024-04-25T06:00:28.439+0000] {processor.py:830} INFO - Processing file /home/airflow/.local/lib/python3.8/site-packages/airflow/example_dags/tutorial_taskflow_api.py for tasks to queue
[2024-04-25T06:00:28.466+0000] {logging_mixin.py:188} INFO - [2024-04-25T06:00:28.463+0000] {dagbag.py:538} INFO - Filling up the DagBag from /home/airflow/.local/lib/python3.8/site-packages/airflow/example_dags/tutorial_taskflow_api.py
[2024-04-25T06:00:28.502+0000] {processor.py:840} INFO - DAG(s) 'tutorial_taskflow_api' retrieved from /home/airflow/.local/lib/python3.8/site-packages/airflow/example_dags/tutorial_taskflow_api.py
[2024-04-25T06:00:28.714+0000] {logging_mixin.py:188} INFO - [2024-04-25T06:00:28.713+0000] {dag.py:3036} INFO - Sync 1 DAGs
[2024-04-25T06:00:28.820+0000] {logging_mixin.py:188} INFO - [2024-04-25T06:00:28.819+0000] {dag.py:3823} INFO - Setting next_dagrun for tutorial_taskflow_api to None, run_after=None
[2024-04-25T06:00:29.051+0000] {processor.py:183} INFO - Processing /home/airflow/.local/lib/python3.8/site-packages/airflow/example_dags/tutorial_taskflow_api.py took 0.661 seconds
[2024-04-25T06:01:07.618+0000] {processor.py:161} INFO - Started process (PID=264) to work on /home/airflow/.local/lib/python3.8/site-packages/airflow/example_dags/tutorial_taskflow_api.py
[2024-04-25T06:01:07.634+0000] {processor.py:830} INFO - Processing file /home/airflow/.local/lib/python3.8/site-packages/airflow/example_dags/tutorial_taskflow_api.py for tasks to queue
[2024-04-25T06:01:07.654+0000] {logging_mixin.py:188} INFO - [2024-04-25T06:01:07.652+0000] {dagbag.py:538} INFO - Filling up the DagBag from /home/airflow/.local/lib/python3.8/site-packages/airflow/example_dags/tutorial_taskflow_api.py
[2024-04-25T06:01:07.704+0000] {processor.py:840} INFO - DAG(s) 'tutorial_taskflow_api' retrieved from /home/airflow/.local/lib/python3.8/site-packages/airflow/example_dags/tutorial_taskflow_api.py
[2024-04-25T06:01:07.812+0000] {logging_mixin.py:188} INFO - [2024-04-25T06:01:07.811+0000] {dag.py:3036} INFO - Sync 1 DAGs
[2024-04-25T06:01:07.893+0000] {logging_mixin.py:188} INFO - [2024-04-25T06:01:07.891+0000] {dag.py:3823} INFO - Setting next_dagrun for tutorial_taskflow_api to None, run_after=None
[2024-04-25T06:01:08.012+0000] {processor.py:183} INFO - Processing /home/airflow/.local/lib/python3.8/site-packages/airflow/example_dags/tutorial_taskflow_api.py took 0.415 seconds
[2024-04-25T06:01:50.172+0000] {processor.py:161} INFO - Started process (PID=324) to work on /home/airflow/.local/lib/python3.8/site-packages/airflow/example_dags/tutorial_taskflow_api.py
[2024-04-25T06:01:50.177+0000] {processor.py:830} INFO - Processing file /home/airflow/.local/lib/python3.8/site-packages/airflow/example_dags/tutorial_taskflow_api.py for tasks to queue
[2024-04-25T06:01:50.214+0000] {logging_mixin.py:188} INFO - [2024-04-25T06:01:50.211+0000] {dagbag.py:538} INFO - Filling up the DagBag from /home/airflow/.local/lib/python3.8/site-packages/airflow/example_dags/tutorial_taskflow_api.py
[2024-04-25T06:01:50.305+0000] {processor.py:840} INFO - DAG(s) 'tutorial_taskflow_api' retrieved from /home/airflow/.local/lib/python3.8/site-packages/airflow/example_dags/tutorial_taskflow_api.py
[2024-04-25T06:01:50.534+0000] {logging_mixin.py:188} INFO - [2024-04-25T06:01:50.532+0000] {dag.py:3036} INFO - Sync 1 DAGs
[2024-04-25T06:01:50.677+0000] {logging_mixin.py:188} INFO - [2024-04-25T06:01:50.675+0000] {dag.py:3823} INFO - Setting next_dagrun for tutorial_taskflow_api to None, run_after=None
[2024-04-25T06:01:50.803+0000] {processor.py:183} INFO - Processing /home/airflow/.local/lib/python3.8/site-packages/airflow/example_dags/tutorial_taskflow_api.py took 0.648 seconds
[2024-04-25T06:02:21.889+0000] {processor.py:161} INFO - Started process (PID=383) to work on /home/airflow/.local/lib/python3.8/site-packages/airflow/example_dags/tutorial_taskflow_api.py
[2024-04-25T06:02:21.893+0000] {processor.py:830} INFO - Processing file /home/airflow/.local/lib/python3.8/site-packages/airflow/example_dags/tutorial_taskflow_api.py for tasks to queue
[2024-04-25T06:02:21.901+0000] {logging_mixin.py:188} INFO - [2024-04-25T06:02:21.900+0000] {dagbag.py:538} INFO - Filling up the DagBag from /home/airflow/.local/lib/python3.8/site-packages/airflow/example_dags/tutorial_taskflow_api.py
[2024-04-25T06:02:21.930+0000] {processor.py:840} INFO - DAG(s) 'tutorial_taskflow_api' retrieved from /home/airflow/.local/lib/python3.8/site-packages/airflow/example_dags/tutorial_taskflow_api.py
[2024-04-25T06:02:22.037+0000] {logging_mixin.py:188} INFO - [2024-04-25T06:02:22.036+0000] {dag.py:3036} INFO - Sync 1 DAGs
[2024-04-25T06:02:22.112+0000] {logging_mixin.py:188} INFO - [2024-04-25T06:02:22.111+0000] {dag.py:3823} INFO - Setting next_dagrun for tutorial_taskflow_api to None, run_after=None
[2024-04-25T06:02:22.179+0000] {processor.py:183} INFO - Processing /home/airflow/.local/lib/python3.8/site-packages/airflow/example_dags/tutorial_taskflow_api.py took 0.305 seconds
[2024-04-25T06:02:59.320+0000] {processor.py:161} INFO - Started process (PID=442) to work on /home/airflow/.local/lib/python3.8/site-packages/airflow/example_dags/tutorial_taskflow_api.py
[2024-04-25T06:02:59.325+0000] {processor.py:830} INFO - Processing file /home/airflow/.local/lib/python3.8/site-packages/airflow/example_dags/tutorial_taskflow_api.py for tasks to queue
[2024-04-25T06:02:59.336+0000] {logging_mixin.py:188} INFO - [2024-04-25T06:02:59.335+0000] {dagbag.py:538} INFO - Filling up the DagBag from /home/airflow/.local/lib/python3.8/site-packages/airflow/example_dags/tutorial_taskflow_api.py
[2024-04-25T06:02:59.380+0000] {processor.py:840} INFO - DAG(s) 'tutorial_taskflow_api' retrieved from /home/airflow/.local/lib/python3.8/site-packages/airflow/example_dags/tutorial_taskflow_api.py
[2024-04-25T06:02:59.502+0000] {logging_mixin.py:188} INFO - [2024-04-25T06:02:59.501+0000] {dag.py:3036} INFO - Sync 1 DAGs
[2024-04-25T06:02:59.625+0000] {logging_mixin.py:188} INFO - [2024-04-25T06:02:59.624+0000] {dag.py:3823} INFO - Setting next_dagrun for tutorial_taskflow_api to None, run_after=None
[2024-04-25T06:02:59.760+0000] {processor.py:183} INFO - Processing /home/airflow/.local/lib/python3.8/site-packages/airflow/example_dags/tutorial_taskflow_api.py took 0.455 seconds
[2024-04-25T06:03:30.275+0000] {processor.py:161} INFO - Started process (PID=501) to work on /home/airflow/.local/lib/python3.8/site-packages/airflow/example_dags/tutorial_taskflow_api.py
[2024-04-25T06:03:30.298+0000] {processor.py:830} INFO - Processing file /home/airflow/.local/lib/python3.8/site-packages/airflow/example_dags/tutorial_taskflow_api.py for tasks to queue
[2024-04-25T06:03:30.317+0000] {logging_mixin.py:188} INFO - [2024-04-25T06:03:30.315+0000] {dagbag.py:538} INFO - Filling up the DagBag from /home/airflow/.local/lib/python3.8/site-packages/airflow/example_dags/tutorial_taskflow_api.py
[2024-04-25T06:03:30.459+0000] {processor.py:840} INFO - DAG(s) 'tutorial_taskflow_api' retrieved from /home/airflow/.local/lib/python3.8/site-packages/airflow/example_dags/tutorial_taskflow_api.py
[2024-04-25T06:03:30.577+0000] {logging_mixin.py:188} INFO - [2024-04-25T06:03:30.575+0000] {dag.py:3036} INFO - Sync 1 DAGs
[2024-04-25T06:03:30.658+0000] {logging_mixin.py:188} INFO - [2024-04-25T06:03:30.657+0000] {dag.py:3823} INFO - Setting next_dagrun for tutorial_taskflow_api to None, run_after=None
[2024-04-25T06:03:30.997+0000] {processor.py:183} INFO - Processing /home/airflow/.local/lib/python3.8/site-packages/airflow/example_dags/tutorial_taskflow_api.py took 0.758 seconds
[2024-04-25T06:04:01.148+0000] {processor.py:161} INFO - Started process (PID=560) to work on /home/airflow/.local/lib/python3.8/site-packages/airflow/example_dags/tutorial_taskflow_api.py
[2024-04-25T06:04:01.151+0000] {processor.py:830} INFO - Processing file /home/airflow/.local/lib/python3.8/site-packages/airflow/example_dags/tutorial_taskflow_api.py for tasks to queue
[2024-04-25T06:04:01.154+0000] {logging_mixin.py:188} INFO - [2024-04-25T06:04:01.154+0000] {dagbag.py:538} INFO - Filling up the DagBag from /home/airflow/.local/lib/python3.8/site-packages/airflow/example_dags/tutorial_taskflow_api.py
[2024-04-25T06:04:01.168+0000] {processor.py:840} INFO - DAG(s) 'tutorial_taskflow_api' retrieved from /home/airflow/.local/lib/python3.8/site-packages/airflow/example_dags/tutorial_taskflow_api.py
[2024-04-25T06:04:01.206+0000] {logging_mixin.py:188} INFO - [2024-04-25T06:04:01.206+0000] {dag.py:3036} INFO - Sync 1 DAGs
[2024-04-25T06:04:01.235+0000] {logging_mixin.py:188} INFO - [2024-04-25T06:04:01.234+0000] {dag.py:3823} INFO - Setting next_dagrun for tutorial_taskflow_api to None, run_after=None
[2024-04-25T06:04:01.288+0000] {processor.py:183} INFO - Processing /home/airflow/.local/lib/python3.8/site-packages/airflow/example_dags/tutorial_taskflow_api.py took 0.145 seconds
[2024-04-25T06:04:31.363+0000] {processor.py:161} INFO - Started process (PID=619) to work on /home/airflow/.local/lib/python3.8/site-packages/airflow/example_dags/tutorial_taskflow_api.py
[2024-04-25T06:04:31.366+0000] {processor.py:830} INFO - Processing file /home/airflow/.local/lib/python3.8/site-packages/airflow/example_dags/tutorial_taskflow_api.py for tasks to queue
[2024-04-25T06:04:31.369+0000] {logging_mixin.py:188} INFO - [2024-04-25T06:04:31.369+0000] {dagbag.py:538} INFO - Filling up the DagBag from /home/airflow/.local/lib/python3.8/site-packages/airflow/example_dags/tutorial_taskflow_api.py
[2024-04-25T06:04:31.380+0000] {processor.py:840} INFO - DAG(s) 'tutorial_taskflow_api' retrieved from /home/airflow/.local/lib/python3.8/site-packages/airflow/example_dags/tutorial_taskflow_api.py
[2024-04-25T06:04:31.415+0000] {logging_mixin.py:188} INFO - [2024-04-25T06:04:31.415+0000] {dag.py:3036} INFO - Sync 1 DAGs
[2024-04-25T06:04:31.436+0000] {logging_mixin.py:188} INFO - [2024-04-25T06:04:31.436+0000] {dag.py:3823} INFO - Setting next_dagrun for tutorial_taskflow_api to None, run_after=None
[2024-04-25T06:04:31.470+0000] {processor.py:183} INFO - Processing /home/airflow/.local/lib/python3.8/site-packages/airflow/example_dags/tutorial_taskflow_api.py took 0.112 seconds
[2024-04-25T06:05:02.249+0000] {processor.py:161} INFO - Started process (PID=678) to work on /home/airflow/.local/lib/python3.8/site-packages/airflow/example_dags/tutorial_taskflow_api.py
[2024-04-25T06:05:02.250+0000] {processor.py:830} INFO - Processing file /home/airflow/.local/lib/python3.8/site-packages/airflow/example_dags/tutorial_taskflow_api.py for tasks to queue
[2024-04-25T06:05:02.253+0000] {logging_mixin.py:188} INFO - [2024-04-25T06:05:02.253+0000] {dagbag.py:538} INFO - Filling up the DagBag from /home/airflow/.local/lib/python3.8/site-packages/airflow/example_dags/tutorial_taskflow_api.py
[2024-04-25T06:05:02.262+0000] {processor.py:840} INFO - DAG(s) 'tutorial_taskflow_api' retrieved from /home/airflow/.local/lib/python3.8/site-packages/airflow/example_dags/tutorial_taskflow_api.py
[2024-04-25T06:05:02.289+0000] {logging_mixin.py:188} INFO - [2024-04-25T06:05:02.289+0000] {dag.py:3036} INFO - Sync 1 DAGs
[2024-04-25T06:05:02.307+0000] {logging_mixin.py:188} INFO - [2024-04-25T06:05:02.307+0000] {dag.py:3823} INFO - Setting next_dagrun for tutorial_taskflow_api to None, run_after=None
[2024-04-25T06:05:02.339+0000] {processor.py:183} INFO - Processing /home/airflow/.local/lib/python3.8/site-packages/airflow/example_dags/tutorial_taskflow_api.py took 0.094 seconds
[2024-04-25T06:05:33.848+0000] {processor.py:161} INFO - Started process (PID=737) to work on /home/airflow/.local/lib/python3.8/site-packages/airflow/example_dags/tutorial_taskflow_api.py
[2024-04-25T06:05:33.852+0000] {processor.py:830} INFO - Processing file /home/airflow/.local/lib/python3.8/site-packages/airflow/example_dags/tutorial_taskflow_api.py for tasks to queue
[2024-04-25T06:05:33.856+0000] {logging_mixin.py:188} INFO - [2024-04-25T06:05:33.856+0000] {dagbag.py:538} INFO - Filling up the DagBag from /home/airflow/.local/lib/python3.8/site-packages/airflow/example_dags/tutorial_taskflow_api.py
[2024-04-25T06:05:33.875+0000] {processor.py:840} INFO - DAG(s) 'tutorial_taskflow_api' retrieved from /home/airflow/.local/lib/python3.8/site-packages/airflow/example_dags/tutorial_taskflow_api.py
[2024-04-25T06:05:33.944+0000] {logging_mixin.py:188} INFO - [2024-04-25T06:05:33.944+0000] {dag.py:3036} INFO - Sync 1 DAGs
[2024-04-25T06:05:33.968+0000] {logging_mixin.py:188} INFO - [2024-04-25T06:05:33.968+0000] {dag.py:3823} INFO - Setting next_dagrun for tutorial_taskflow_api to None, run_after=None
[2024-04-25T06:05:34.001+0000] {processor.py:183} INFO - Processing /home/airflow/.local/lib/python3.8/site-packages/airflow/example_dags/tutorial_taskflow_api.py took 0.161 seconds
[2024-04-25T06:06:04.293+0000] {processor.py:161} INFO - Started process (PID=796) to work on /home/airflow/.local/lib/python3.8/site-packages/airflow/example_dags/tutorial_taskflow_api.py
[2024-04-25T06:06:04.295+0000] {processor.py:830} INFO - Processing file /home/airflow/.local/lib/python3.8/site-packages/airflow/example_dags/tutorial_taskflow_api.py for tasks to queue
[2024-04-25T06:06:04.300+0000] {logging_mixin.py:188} INFO - [2024-04-25T06:06:04.299+0000] {dagbag.py:538} INFO - Filling up the DagBag from /home/airflow/.local/lib/python3.8/site-packages/airflow/example_dags/tutorial_taskflow_api.py
[2024-04-25T06:06:04.320+0000] {processor.py:840} INFO - DAG(s) 'tutorial_taskflow_api' retrieved from /home/airflow/.local/lib/python3.8/site-packages/airflow/example_dags/tutorial_taskflow_api.py
[2024-04-25T06:06:04.388+0000] {logging_mixin.py:188} INFO - [2024-04-25T06:06:04.388+0000] {dag.py:3036} INFO - Sync 1 DAGs
[2024-04-25T06:06:04.453+0000] {logging_mixin.py:188} INFO - [2024-04-25T06:06:04.451+0000] {dag.py:3823} INFO - Setting next_dagrun for tutorial_taskflow_api to None, run_after=None
[2024-04-25T06:06:04.524+0000] {processor.py:183} INFO - Processing /home/airflow/.local/lib/python3.8/site-packages/airflow/example_dags/tutorial_taskflow_api.py took 0.238 seconds
[2024-04-25T06:06:35.494+0000] {processor.py:161} INFO - Started process (PID=855) to work on /home/airflow/.local/lib/python3.8/site-packages/airflow/example_dags/tutorial_taskflow_api.py
[2024-04-25T06:06:35.513+0000] {processor.py:830} INFO - Processing file /home/airflow/.local/lib/python3.8/site-packages/airflow/example_dags/tutorial_taskflow_api.py for tasks to queue
[2024-04-25T06:06:35.518+0000] {logging_mixin.py:188} INFO - [2024-04-25T06:06:35.518+0000] {dagbag.py:538} INFO - Filling up the DagBag from /home/airflow/.local/lib/python3.8/site-packages/airflow/example_dags/tutorial_taskflow_api.py
[2024-04-25T06:06:35.532+0000] {processor.py:840} INFO - DAG(s) 'tutorial_taskflow_api' retrieved from /home/airflow/.local/lib/python3.8/site-packages/airflow/example_dags/tutorial_taskflow_api.py
[2024-04-25T06:06:35.574+0000] {logging_mixin.py:188} INFO - [2024-04-25T06:06:35.573+0000] {dag.py:3036} INFO - Sync 1 DAGs
[2024-04-25T06:06:35.590+0000] {logging_mixin.py:188} INFO - [2024-04-25T06:06:35.590+0000] {dag.py:3823} INFO - Setting next_dagrun for tutorial_taskflow_api to None, run_after=None
[2024-04-25T06:06:35.618+0000] {processor.py:183} INFO - Processing /home/airflow/.local/lib/python3.8/site-packages/airflow/example_dags/tutorial_taskflow_api.py took 0.130 seconds
[2024-04-25T06:07:07.307+0000] {processor.py:161} INFO - Started process (PID=914) to work on /home/airflow/.local/lib/python3.8/site-packages/airflow/example_dags/tutorial_taskflow_api.py
[2024-04-25T06:07:07.356+0000] {processor.py:830} INFO - Processing file /home/airflow/.local/lib/python3.8/site-packages/airflow/example_dags/tutorial_taskflow_api.py for tasks to queue
[2024-04-25T06:07:07.372+0000] {logging_mixin.py:188} INFO - [2024-04-25T06:07:07.371+0000] {dagbag.py:538} INFO - Filling up the DagBag from /home/airflow/.local/lib/python3.8/site-packages/airflow/example_dags/tutorial_taskflow_api.py
[2024-04-25T06:07:07.400+0000] {processor.py:840} INFO - DAG(s) 'tutorial_taskflow_api' retrieved from /home/airflow/.local/lib/python3.8/site-packages/airflow/example_dags/tutorial_taskflow_api.py
[2024-04-25T06:07:07.512+0000] {logging_mixin.py:188} INFO - [2024-04-25T06:07:07.511+0000] {dag.py:3036} INFO - Sync 1 DAGs
[2024-04-25T06:07:07.574+0000] {logging_mixin.py:188} INFO - [2024-04-25T06:07:07.574+0000] {dag.py:3823} INFO - Setting next_dagrun for tutorial_taskflow_api to None, run_after=None
[2024-04-25T06:07:07.656+0000] {processor.py:183} INFO - Processing /home/airflow/.local/lib/python3.8/site-packages/airflow/example_dags/tutorial_taskflow_api.py took 0.362 seconds
[2024-04-25T06:07:38.029+0000] {processor.py:161} INFO - Started process (PID=973) to work on /home/airflow/.local/lib/python3.8/site-packages/airflow/example_dags/tutorial_taskflow_api.py
[2024-04-25T06:07:38.032+0000] {processor.py:830} INFO - Processing file /home/airflow/.local/lib/python3.8/site-packages/airflow/example_dags/tutorial_taskflow_api.py for tasks to queue
[2024-04-25T06:07:38.039+0000] {logging_mixin.py:188} INFO - [2024-04-25T06:07:38.038+0000] {dagbag.py:538} INFO - Filling up the DagBag from /home/airflow/.local/lib/python3.8/site-packages/airflow/example_dags/tutorial_taskflow_api.py
[2024-04-25T06:07:38.063+0000] {processor.py:840} INFO - DAG(s) 'tutorial_taskflow_api' retrieved from /home/airflow/.local/lib/python3.8/site-packages/airflow/example_dags/tutorial_taskflow_api.py
[2024-04-25T06:07:38.140+0000] {logging_mixin.py:188} INFO - [2024-04-25T06:07:38.139+0000] {dag.py:3036} INFO - Sync 1 DAGs
[2024-04-25T06:07:38.199+0000] {logging_mixin.py:188} INFO - [2024-04-25T06:07:38.198+0000] {dag.py:3823} INFO - Setting next_dagrun for tutorial_taskflow_api to None, run_after=None
[2024-04-25T06:07:38.265+0000] {processor.py:183} INFO - Processing /home/airflow/.local/lib/python3.8/site-packages/airflow/example_dags/tutorial_taskflow_api.py took 0.246 seconds
[2024-04-25T06:08:08.487+0000] {processor.py:161} INFO - Started process (PID=1032) to work on /home/airflow/.local/lib/python3.8/site-packages/airflow/example_dags/tutorial_taskflow_api.py
[2024-04-25T06:08:08.490+0000] {processor.py:830} INFO - Processing file /home/airflow/.local/lib/python3.8/site-packages/airflow/example_dags/tutorial_taskflow_api.py for tasks to queue
[2024-04-25T06:08:08.497+0000] {logging_mixin.py:188} INFO - [2024-04-25T06:08:08.496+0000] {dagbag.py:538} INFO - Filling up the DagBag from /home/airflow/.local/lib/python3.8/site-packages/airflow/example_dags/tutorial_taskflow_api.py
[2024-04-25T06:08:08.521+0000] {processor.py:840} INFO - DAG(s) 'tutorial_taskflow_api' retrieved from /home/airflow/.local/lib/python3.8/site-packages/airflow/example_dags/tutorial_taskflow_api.py
[2024-04-25T06:08:08.607+0000] {logging_mixin.py:188} INFO - [2024-04-25T06:08:08.606+0000] {dag.py:3036} INFO - Sync 1 DAGs
[2024-04-25T06:08:08.668+0000] {logging_mixin.py:188} INFO - [2024-04-25T06:08:08.667+0000] {dag.py:3823} INFO - Setting next_dagrun for tutorial_taskflow_api to None, run_after=None
[2024-04-25T06:08:08.743+0000] {processor.py:183} INFO - Processing /home/airflow/.local/lib/python3.8/site-packages/airflow/example_dags/tutorial_taskflow_api.py took 0.264 seconds
[2024-04-25T06:08:39.300+0000] {processor.py:161} INFO - Started process (PID=1090) to work on /home/airflow/.local/lib/python3.8/site-packages/airflow/example_dags/tutorial_taskflow_api.py
[2024-04-25T06:08:39.304+0000] {processor.py:830} INFO - Processing file /home/airflow/.local/lib/python3.8/site-packages/airflow/example_dags/tutorial_taskflow_api.py for tasks to queue
[2024-04-25T06:08:39.314+0000] {logging_mixin.py:188} INFO - [2024-04-25T06:08:39.312+0000] {dagbag.py:538} INFO - Filling up the DagBag from /home/airflow/.local/lib/python3.8/site-packages/airflow/example_dags/tutorial_taskflow_api.py
[2024-04-25T06:08:39.336+0000] {processor.py:840} INFO - DAG(s) 'tutorial_taskflow_api' retrieved from /home/airflow/.local/lib/python3.8/site-packages/airflow/example_dags/tutorial_taskflow_api.py
[2024-04-25T06:08:39.402+0000] {logging_mixin.py:188} INFO - [2024-04-25T06:08:39.401+0000] {dag.py:3036} INFO - Sync 1 DAGs
[2024-04-25T06:08:39.450+0000] {logging_mixin.py:188} INFO - [2024-04-25T06:08:39.450+0000] {dag.py:3823} INFO - Setting next_dagrun for tutorial_taskflow_api to None, run_after=None
[2024-04-25T06:08:39.519+0000] {processor.py:183} INFO - Processing /home/airflow/.local/lib/python3.8/site-packages/airflow/example_dags/tutorial_taskflow_api.py took 0.234 seconds
[2024-04-25T06:09:10.883+0000] {processor.py:161} INFO - Started process (PID=1150) to work on /home/airflow/.local/lib/python3.8/site-packages/airflow/example_dags/tutorial_taskflow_api.py
[2024-04-25T06:09:10.887+0000] {processor.py:830} INFO - Processing file /home/airflow/.local/lib/python3.8/site-packages/airflow/example_dags/tutorial_taskflow_api.py for tasks to queue
[2024-04-25T06:09:10.895+0000] {logging_mixin.py:188} INFO - [2024-04-25T06:09:10.894+0000] {dagbag.py:538} INFO - Filling up the DagBag from /home/airflow/.local/lib/python3.8/site-packages/airflow/example_dags/tutorial_taskflow_api.py
[2024-04-25T06:09:10.975+0000] {processor.py:840} INFO - DAG(s) 'tutorial_taskflow_api' retrieved from /home/airflow/.local/lib/python3.8/site-packages/airflow/example_dags/tutorial_taskflow_api.py
[2024-04-25T06:09:11.084+0000] {logging_mixin.py:188} INFO - [2024-04-25T06:09:11.082+0000] {dag.py:3036} INFO - Sync 1 DAGs
[2024-04-25T06:09:11.123+0000] {logging_mixin.py:188} INFO - [2024-04-25T06:09:11.122+0000] {dag.py:3823} INFO - Setting next_dagrun for tutorial_taskflow_api to None, run_after=None
[2024-04-25T06:09:11.177+0000] {processor.py:183} INFO - Processing /home/airflow/.local/lib/python3.8/site-packages/airflow/example_dags/tutorial_taskflow_api.py took 0.306 seconds
[2024-04-25T06:09:42.433+0000] {processor.py:161} INFO - Started process (PID=1215) to work on /home/airflow/.local/lib/python3.8/site-packages/airflow/example_dags/tutorial_taskflow_api.py
[2024-04-25T06:09:42.436+0000] {processor.py:830} INFO - Processing file /home/airflow/.local/lib/python3.8/site-packages/airflow/example_dags/tutorial_taskflow_api.py for tasks to queue
[2024-04-25T06:09:42.444+0000] {logging_mixin.py:188} INFO - [2024-04-25T06:09:42.443+0000] {dagbag.py:538} INFO - Filling up the DagBag from /home/airflow/.local/lib/python3.8/site-packages/airflow/example_dags/tutorial_taskflow_api.py
[2024-04-25T06:09:42.466+0000] {processor.py:840} INFO - DAG(s) 'tutorial_taskflow_api' retrieved from /home/airflow/.local/lib/python3.8/site-packages/airflow/example_dags/tutorial_taskflow_api.py
[2024-04-25T06:09:42.529+0000] {logging_mixin.py:188} INFO - [2024-04-25T06:09:42.528+0000] {dag.py:3036} INFO - Sync 1 DAGs
[2024-04-25T06:09:42.572+0000] {logging_mixin.py:188} INFO - [2024-04-25T06:09:42.571+0000] {dag.py:3823} INFO - Setting next_dagrun for tutorial_taskflow_api to None, run_after=None
[2024-04-25T06:09:42.635+0000] {processor.py:183} INFO - Processing /home/airflow/.local/lib/python3.8/site-packages/airflow/example_dags/tutorial_taskflow_api.py took 0.211 seconds
[2024-04-25T06:10:13.881+0000] {processor.py:161} INFO - Started process (PID=1273) to work on /home/airflow/.local/lib/python3.8/site-packages/airflow/example_dags/tutorial_taskflow_api.py
[2024-04-25T06:10:13.884+0000] {processor.py:830} INFO - Processing file /home/airflow/.local/lib/python3.8/site-packages/airflow/example_dags/tutorial_taskflow_api.py for tasks to queue
[2024-04-25T06:10:13.890+0000] {logging_mixin.py:188} INFO - [2024-04-25T06:10:13.889+0000] {dagbag.py:538} INFO - Filling up the DagBag from /home/airflow/.local/lib/python3.8/site-packages/airflow/example_dags/tutorial_taskflow_api.py
[2024-04-25T06:10:13.912+0000] {processor.py:840} INFO - DAG(s) 'tutorial_taskflow_api' retrieved from /home/airflow/.local/lib/python3.8/site-packages/airflow/example_dags/tutorial_taskflow_api.py
[2024-04-25T06:10:13.967+0000] {logging_mixin.py:188} INFO - [2024-04-25T06:10:13.967+0000] {dag.py:3036} INFO - Sync 1 DAGs
[2024-04-25T06:10:13.998+0000] {logging_mixin.py:188} INFO - [2024-04-25T06:10:13.997+0000] {dag.py:3823} INFO - Setting next_dagrun for tutorial_taskflow_api to None, run_after=None
[2024-04-25T06:10:14.058+0000] {processor.py:183} INFO - Processing /home/airflow/.local/lib/python3.8/site-packages/airflow/example_dags/tutorial_taskflow_api.py took 0.185 seconds
[2024-04-25T06:52:26.040+0000] {processor.py:161} INFO - Started process (PID=101) to work on /home/airflow/.local/lib/python3.8/site-packages/airflow/example_dags/tutorial_taskflow_api.py
[2024-04-25T06:52:26.086+0000] {processor.py:830} INFO - Processing file /home/airflow/.local/lib/python3.8/site-packages/airflow/example_dags/tutorial_taskflow_api.py for tasks to queue
[2024-04-25T06:52:26.135+0000] {logging_mixin.py:188} INFO - [2024-04-25T06:52:26.133+0000] {dagbag.py:538} INFO - Filling up the DagBag from /home/airflow/.local/lib/python3.8/site-packages/airflow/example_dags/tutorial_taskflow_api.py
[2024-04-25T06:52:26.460+0000] {processor.py:840} INFO - DAG(s) 'tutorial_taskflow_api' retrieved from /home/airflow/.local/lib/python3.8/site-packages/airflow/example_dags/tutorial_taskflow_api.py
[2024-04-25T06:52:28.496+0000] {logging_mixin.py:188} INFO - [2024-04-25T06:52:28.495+0000] {dag.py:3036} INFO - Sync 1 DAGs
[2024-04-25T06:52:28.928+0000] {logging_mixin.py:188} INFO - [2024-04-25T06:52:28.924+0000] {dag.py:3823} INFO - Setting next_dagrun for tutorial_taskflow_api to None, run_after=None
[2024-04-25T06:52:29.574+0000] {processor.py:183} INFO - Processing /home/airflow/.local/lib/python3.8/site-packages/airflow/example_dags/tutorial_taskflow_api.py took 3.577 seconds
[2024-04-25T06:53:31.918+0000] {processor.py:161} INFO - Started process (PID=177) to work on /home/airflow/.local/lib/python3.8/site-packages/airflow/example_dags/tutorial_taskflow_api.py
[2024-04-25T06:53:31.928+0000] {processor.py:830} INFO - Processing file /home/airflow/.local/lib/python3.8/site-packages/airflow/example_dags/tutorial_taskflow_api.py for tasks to queue
[2024-04-25T06:53:31.942+0000] {logging_mixin.py:188} INFO - [2024-04-25T06:53:31.940+0000] {dagbag.py:538} INFO - Filling up the DagBag from /home/airflow/.local/lib/python3.8/site-packages/airflow/example_dags/tutorial_taskflow_api.py
[2024-04-25T06:53:32.063+0000] {processor.py:840} INFO - DAG(s) 'tutorial_taskflow_api' retrieved from /home/airflow/.local/lib/python3.8/site-packages/airflow/example_dags/tutorial_taskflow_api.py
[2024-04-25T06:53:32.260+0000] {logging_mixin.py:188} INFO - [2024-04-25T06:53:32.259+0000] {dag.py:3036} INFO - Sync 1 DAGs
[2024-04-25T06:53:32.376+0000] {logging_mixin.py:188} INFO - [2024-04-25T06:53:32.374+0000] {dag.py:3823} INFO - Setting next_dagrun for tutorial_taskflow_api to None, run_after=None
[2024-04-25T06:53:32.505+0000] {processor.py:183} INFO - Processing /home/airflow/.local/lib/python3.8/site-packages/airflow/example_dags/tutorial_taskflow_api.py took 0.608 seconds
[2024-04-25T06:54:10.214+0000] {processor.py:161} INFO - Started process (PID=253) to work on /home/airflow/.local/lib/python3.8/site-packages/airflow/example_dags/tutorial_taskflow_api.py
[2024-04-25T06:54:10.220+0000] {processor.py:830} INFO - Processing file /home/airflow/.local/lib/python3.8/site-packages/airflow/example_dags/tutorial_taskflow_api.py for tasks to queue
[2024-04-25T06:54:10.229+0000] {logging_mixin.py:188} INFO - [2024-04-25T06:54:10.228+0000] {dagbag.py:538} INFO - Filling up the DagBag from /home/airflow/.local/lib/python3.8/site-packages/airflow/example_dags/tutorial_taskflow_api.py
[2024-04-25T06:54:10.253+0000] {processor.py:840} INFO - DAG(s) 'tutorial_taskflow_api' retrieved from /home/airflow/.local/lib/python3.8/site-packages/airflow/example_dags/tutorial_taskflow_api.py
[2024-04-25T06:54:10.339+0000] {logging_mixin.py:188} INFO - [2024-04-25T06:54:10.338+0000] {dag.py:3036} INFO - Sync 1 DAGs
[2024-04-25T06:54:10.392+0000] {logging_mixin.py:188} INFO - [2024-04-25T06:54:10.391+0000] {dag.py:3823} INFO - Setting next_dagrun for tutorial_taskflow_api to None, run_after=None
[2024-04-25T06:54:10.509+0000] {processor.py:183} INFO - Processing /home/airflow/.local/lib/python3.8/site-packages/airflow/example_dags/tutorial_taskflow_api.py took 0.310 seconds
[2024-04-25T06:54:44.426+0000] {processor.py:161} INFO - Started process (PID=323) to work on /home/airflow/.local/lib/python3.8/site-packages/airflow/example_dags/tutorial_taskflow_api.py
[2024-04-25T06:54:44.437+0000] {processor.py:830} INFO - Processing file /home/airflow/.local/lib/python3.8/site-packages/airflow/example_dags/tutorial_taskflow_api.py for tasks to queue
[2024-04-25T06:54:44.451+0000] {logging_mixin.py:188} INFO - [2024-04-25T06:54:44.450+0000] {dagbag.py:538} INFO - Filling up the DagBag from /home/airflow/.local/lib/python3.8/site-packages/airflow/example_dags/tutorial_taskflow_api.py
[2024-04-25T06:54:44.538+0000] {processor.py:840} INFO - DAG(s) 'tutorial_taskflow_api' retrieved from /home/airflow/.local/lib/python3.8/site-packages/airflow/example_dags/tutorial_taskflow_api.py
[2024-04-25T06:54:44.722+0000] {logging_mixin.py:188} INFO - [2024-04-25T06:54:44.721+0000] {dag.py:3036} INFO - Sync 1 DAGs
[2024-04-25T06:54:44.834+0000] {logging_mixin.py:188} INFO - [2024-04-25T06:54:44.833+0000] {dag.py:3823} INFO - Setting next_dagrun for tutorial_taskflow_api to None, run_after=None
[2024-04-25T06:54:45.332+0000] {processor.py:183} INFO - Processing /home/airflow/.local/lib/python3.8/site-packages/airflow/example_dags/tutorial_taskflow_api.py took 0.939 seconds
[2024-04-25T06:55:22.719+0000] {processor.py:161} INFO - Started process (PID=392) to work on /home/airflow/.local/lib/python3.8/site-packages/airflow/example_dags/tutorial_taskflow_api.py
[2024-04-25T06:55:22.732+0000] {processor.py:830} INFO - Processing file /home/airflow/.local/lib/python3.8/site-packages/airflow/example_dags/tutorial_taskflow_api.py for tasks to queue
[2024-04-25T06:55:22.742+0000] {logging_mixin.py:188} INFO - [2024-04-25T06:55:22.741+0000] {dagbag.py:538} INFO - Filling up the DagBag from /home/airflow/.local/lib/python3.8/site-packages/airflow/example_dags/tutorial_taskflow_api.py
[2024-04-25T06:55:22.778+0000] {processor.py:840} INFO - DAG(s) 'tutorial_taskflow_api' retrieved from /home/airflow/.local/lib/python3.8/site-packages/airflow/example_dags/tutorial_taskflow_api.py
[2024-04-25T06:55:22.863+0000] {logging_mixin.py:188} INFO - [2024-04-25T06:55:22.862+0000] {dag.py:3036} INFO - Sync 1 DAGs
[2024-04-25T06:55:22.924+0000] {logging_mixin.py:188} INFO - [2024-04-25T06:55:22.923+0000] {dag.py:3823} INFO - Setting next_dagrun for tutorial_taskflow_api to None, run_after=None
[2024-04-25T06:55:23.317+0000] {processor.py:183} INFO - Processing /home/airflow/.local/lib/python3.8/site-packages/airflow/example_dags/tutorial_taskflow_api.py took 0.615 seconds
[2024-04-25T06:55:58.205+0000] {processor.py:161} INFO - Started process (PID=462) to work on /home/airflow/.local/lib/python3.8/site-packages/airflow/example_dags/tutorial_taskflow_api.py
[2024-04-25T06:55:58.213+0000] {processor.py:830} INFO - Processing file /home/airflow/.local/lib/python3.8/site-packages/airflow/example_dags/tutorial_taskflow_api.py for tasks to queue
[2024-04-25T06:55:58.227+0000] {logging_mixin.py:188} INFO - [2024-04-25T06:55:58.223+0000] {dagbag.py:538} INFO - Filling up the DagBag from /home/airflow/.local/lib/python3.8/site-packages/airflow/example_dags/tutorial_taskflow_api.py
[2024-04-25T06:55:58.264+0000] {processor.py:840} INFO - DAG(s) 'tutorial_taskflow_api' retrieved from /home/airflow/.local/lib/python3.8/site-packages/airflow/example_dags/tutorial_taskflow_api.py
[2024-04-25T06:55:58.464+0000] {logging_mixin.py:188} INFO - [2024-04-25T06:55:58.463+0000] {dag.py:3036} INFO - Sync 1 DAGs
[2024-04-25T06:55:58.524+0000] {logging_mixin.py:188} INFO - [2024-04-25T06:55:58.523+0000] {dag.py:3823} INFO - Setting next_dagrun for tutorial_taskflow_api to None, run_after=None
[2024-04-25T06:55:58.614+0000] {processor.py:183} INFO - Processing /home/airflow/.local/lib/python3.8/site-packages/airflow/example_dags/tutorial_taskflow_api.py took 0.430 seconds
[2024-04-25T06:56:35.689+0000] {processor.py:161} INFO - Started process (PID=532) to work on /home/airflow/.local/lib/python3.8/site-packages/airflow/example_dags/tutorial_taskflow_api.py
[2024-04-25T06:56:35.695+0000] {processor.py:830} INFO - Processing file /home/airflow/.local/lib/python3.8/site-packages/airflow/example_dags/tutorial_taskflow_api.py for tasks to queue
[2024-04-25T06:56:35.704+0000] {logging_mixin.py:188} INFO - [2024-04-25T06:56:35.703+0000] {dagbag.py:538} INFO - Filling up the DagBag from /home/airflow/.local/lib/python3.8/site-packages/airflow/example_dags/tutorial_taskflow_api.py
[2024-04-25T06:56:35.737+0000] {processor.py:840} INFO - DAG(s) 'tutorial_taskflow_api' retrieved from /home/airflow/.local/lib/python3.8/site-packages/airflow/example_dags/tutorial_taskflow_api.py
[2024-04-25T06:56:35.827+0000] {logging_mixin.py:188} INFO - [2024-04-25T06:56:35.826+0000] {dag.py:3036} INFO - Sync 1 DAGs
[2024-04-25T06:56:35.938+0000] {logging_mixin.py:188} INFO - [2024-04-25T06:56:35.937+0000] {dag.py:3823} INFO - Setting next_dagrun for tutorial_taskflow_api to None, run_after=None
[2024-04-25T06:56:36.272+0000] {processor.py:183} INFO - Processing /home/airflow/.local/lib/python3.8/site-packages/airflow/example_dags/tutorial_taskflow_api.py took 0.598 seconds
[2024-04-25T06:57:35.360+0000] {processor.py:161} INFO - Started process (PID=610) to work on /home/airflow/.local/lib/python3.8/site-packages/airflow/example_dags/tutorial_taskflow_api.py
[2024-04-25T06:57:35.382+0000] {processor.py:830} INFO - Processing file /home/airflow/.local/lib/python3.8/site-packages/airflow/example_dags/tutorial_taskflow_api.py for tasks to queue
[2024-04-25T06:57:35.399+0000] {logging_mixin.py:188} INFO - [2024-04-25T06:57:35.397+0000] {dagbag.py:538} INFO - Filling up the DagBag from /home/airflow/.local/lib/python3.8/site-packages/airflow/example_dags/tutorial_taskflow_api.py
[2024-04-25T06:57:35.479+0000] {processor.py:840} INFO - DAG(s) 'tutorial_taskflow_api' retrieved from /home/airflow/.local/lib/python3.8/site-packages/airflow/example_dags/tutorial_taskflow_api.py
[2024-04-25T06:57:35.818+0000] {logging_mixin.py:188} INFO - [2024-04-25T06:57:35.817+0000] {dag.py:3036} INFO - Sync 1 DAGs
[2024-04-25T06:57:36.058+0000] {logging_mixin.py:188} INFO - [2024-04-25T06:57:36.057+0000] {dag.py:3823} INFO - Setting next_dagrun for tutorial_taskflow_api to None, run_after=None
[2024-04-25T06:57:36.398+0000] {processor.py:183} INFO - Processing /home/airflow/.local/lib/python3.8/site-packages/airflow/example_dags/tutorial_taskflow_api.py took 1.076 seconds
[2024-04-25T07:04:06.476+0000] {processor.py:161} INFO - Started process (PID=745) to work on /home/airflow/.local/lib/python3.8/site-packages/airflow/example_dags/tutorial_taskflow_api.py
[2024-04-25T07:04:06.753+0000] {processor.py:830} INFO - Processing file /home/airflow/.local/lib/python3.8/site-packages/airflow/example_dags/tutorial_taskflow_api.py for tasks to queue
[2024-04-25T07:04:07.644+0000] {logging_mixin.py:188} INFO - [2024-04-25T07:04:07.036+0000] {dagbag.py:538} INFO - Filling up the DagBag from /home/airflow/.local/lib/python3.8/site-packages/airflow/example_dags/tutorial_taskflow_api.py
[2024-04-25T07:04:11.940+0000] {processor.py:840} INFO - DAG(s) 'tutorial_taskflow_api' retrieved from /home/airflow/.local/lib/python3.8/site-packages/airflow/example_dags/tutorial_taskflow_api.py
[2024-04-25T07:04:27.020+0000] {logging_mixin.py:188} INFO - [2024-04-25T07:04:26.652+0000] {dag.py:3036} INFO - Sync 1 DAGs
[2024-04-25T07:04:29.740+0000] {logging_mixin.py:188} INFO - [2024-04-25T07:04:29.733+0000] {dag.py:3823} INFO - Setting next_dagrun for tutorial_taskflow_api to None, run_after=None
[2024-04-25T07:04:33.927+0000] {processor.py:183} INFO - Processing /home/airflow/.local/lib/python3.8/site-packages/airflow/example_dags/tutorial_taskflow_api.py took 28.453 seconds
[2024-04-25T07:51:05.335+0000] {processor.py:161} INFO - Started process (PID=66) to work on /home/airflow/.local/lib/python3.8/site-packages/airflow/example_dags/tutorial_taskflow_api.py
[2024-04-25T07:51:05.343+0000] {processor.py:830} INFO - Processing file /home/airflow/.local/lib/python3.8/site-packages/airflow/example_dags/tutorial_taskflow_api.py for tasks to queue
[2024-04-25T07:51:05.355+0000] {logging_mixin.py:188} INFO - [2024-04-25T07:51:05.353+0000] {dagbag.py:538} INFO - Filling up the DagBag from /home/airflow/.local/lib/python3.8/site-packages/airflow/example_dags/tutorial_taskflow_api.py
[2024-04-25T07:51:05.401+0000] {processor.py:840} INFO - DAG(s) 'tutorial_taskflow_api' retrieved from /home/airflow/.local/lib/python3.8/site-packages/airflow/example_dags/tutorial_taskflow_api.py
[2024-04-25T07:51:06.185+0000] {logging_mixin.py:188} INFO - [2024-04-25T07:51:06.184+0000] {dag.py:3036} INFO - Sync 1 DAGs
[2024-04-25T07:51:06.254+0000] {logging_mixin.py:188} INFO - [2024-04-25T07:51:06.253+0000] {dag.py:3823} INFO - Setting next_dagrun for tutorial_taskflow_api to None, run_after=None
[2024-04-25T07:51:06.389+0000] {processor.py:183} INFO - Processing /home/airflow/.local/lib/python3.8/site-packages/airflow/example_dags/tutorial_taskflow_api.py took 1.112 seconds
[2024-04-25T07:51:39.863+0000] {processor.py:161} INFO - Started process (PID=136) to work on /home/airflow/.local/lib/python3.8/site-packages/airflow/example_dags/tutorial_taskflow_api.py
[2024-04-25T07:51:39.874+0000] {processor.py:830} INFO - Processing file /home/airflow/.local/lib/python3.8/site-packages/airflow/example_dags/tutorial_taskflow_api.py for tasks to queue
[2024-04-25T07:51:39.892+0000] {logging_mixin.py:188} INFO - [2024-04-25T07:51:39.890+0000] {dagbag.py:538} INFO - Filling up the DagBag from /home/airflow/.local/lib/python3.8/site-packages/airflow/example_dags/tutorial_taskflow_api.py
[2024-04-25T07:51:39.925+0000] {processor.py:840} INFO - DAG(s) 'tutorial_taskflow_api' retrieved from /home/airflow/.local/lib/python3.8/site-packages/airflow/example_dags/tutorial_taskflow_api.py
[2024-04-25T07:51:40.036+0000] {logging_mixin.py:188} INFO - [2024-04-25T07:51:40.035+0000] {dag.py:3036} INFO - Sync 1 DAGs
[2024-04-25T07:51:40.099+0000] {logging_mixin.py:188} INFO - [2024-04-25T07:51:40.098+0000] {dag.py:3823} INFO - Setting next_dagrun for tutorial_taskflow_api to None, run_after=None
[2024-04-25T07:51:40.201+0000] {processor.py:183} INFO - Processing /home/airflow/.local/lib/python3.8/site-packages/airflow/example_dags/tutorial_taskflow_api.py took 0.357 seconds
[2024-04-25T07:52:20.232+0000] {processor.py:161} INFO - Started process (PID=206) to work on /home/airflow/.local/lib/python3.8/site-packages/airflow/example_dags/tutorial_taskflow_api.py
[2024-04-25T07:52:20.243+0000] {processor.py:830} INFO - Processing file /home/airflow/.local/lib/python3.8/site-packages/airflow/example_dags/tutorial_taskflow_api.py for tasks to queue
[2024-04-25T07:52:20.254+0000] {logging_mixin.py:188} INFO - [2024-04-25T07:52:20.252+0000] {dagbag.py:538} INFO - Filling up the DagBag from /home/airflow/.local/lib/python3.8/site-packages/airflow/example_dags/tutorial_taskflow_api.py
[2024-04-25T07:52:20.285+0000] {processor.py:840} INFO - DAG(s) 'tutorial_taskflow_api' retrieved from /home/airflow/.local/lib/python3.8/site-packages/airflow/example_dags/tutorial_taskflow_api.py
[2024-04-25T07:52:20.380+0000] {logging_mixin.py:188} INFO - [2024-04-25T07:52:20.379+0000] {dag.py:3036} INFO - Sync 1 DAGs
[2024-04-25T07:52:20.441+0000] {logging_mixin.py:188} INFO - [2024-04-25T07:52:20.440+0000] {dag.py:3823} INFO - Setting next_dagrun for tutorial_taskflow_api to None, run_after=None
[2024-04-25T07:52:20.542+0000] {processor.py:183} INFO - Processing /home/airflow/.local/lib/python3.8/site-packages/airflow/example_dags/tutorial_taskflow_api.py took 0.331 seconds
[2024-04-25T07:52:52.674+0000] {processor.py:161} INFO - Started process (PID=276) to work on /home/airflow/.local/lib/python3.8/site-packages/airflow/example_dags/tutorial_taskflow_api.py
[2024-04-25T07:52:52.679+0000] {processor.py:830} INFO - Processing file /home/airflow/.local/lib/python3.8/site-packages/airflow/example_dags/tutorial_taskflow_api.py for tasks to queue
[2024-04-25T07:52:52.685+0000] {logging_mixin.py:188} INFO - [2024-04-25T07:52:52.684+0000] {dagbag.py:538} INFO - Filling up the DagBag from /home/airflow/.local/lib/python3.8/site-packages/airflow/example_dags/tutorial_taskflow_api.py
[2024-04-25T07:52:52.709+0000] {processor.py:840} INFO - DAG(s) 'tutorial_taskflow_api' retrieved from /home/airflow/.local/lib/python3.8/site-packages/airflow/example_dags/tutorial_taskflow_api.py
[2024-04-25T07:52:52.780+0000] {logging_mixin.py:188} INFO - [2024-04-25T07:52:52.779+0000] {dag.py:3036} INFO - Sync 1 DAGs
[2024-04-25T07:52:52.832+0000] {logging_mixin.py:188} INFO - [2024-04-25T07:52:52.832+0000] {dag.py:3823} INFO - Setting next_dagrun for tutorial_taskflow_api to None, run_after=None
[2024-04-25T07:52:52.919+0000] {processor.py:183} INFO - Processing /home/airflow/.local/lib/python3.8/site-packages/airflow/example_dags/tutorial_taskflow_api.py took 0.258 seconds
[2024-04-25T07:53:30.445+0000] {processor.py:161} INFO - Started process (PID=352) to work on /home/airflow/.local/lib/python3.8/site-packages/airflow/example_dags/tutorial_taskflow_api.py
[2024-04-25T07:53:30.452+0000] {processor.py:830} INFO - Processing file /home/airflow/.local/lib/python3.8/site-packages/airflow/example_dags/tutorial_taskflow_api.py for tasks to queue
[2024-04-25T07:53:30.463+0000] {logging_mixin.py:188} INFO - [2024-04-25T07:53:30.461+0000] {dagbag.py:538} INFO - Filling up the DagBag from /home/airflow/.local/lib/python3.8/site-packages/airflow/example_dags/tutorial_taskflow_api.py
[2024-04-25T07:53:30.517+0000] {processor.py:840} INFO - DAG(s) 'tutorial_taskflow_api' retrieved from /home/airflow/.local/lib/python3.8/site-packages/airflow/example_dags/tutorial_taskflow_api.py
[2024-04-25T07:53:30.668+0000] {logging_mixin.py:188} INFO - [2024-04-25T07:53:30.666+0000] {dag.py:3036} INFO - Sync 1 DAGs
[2024-04-25T07:53:30.779+0000] {logging_mixin.py:188} INFO - [2024-04-25T07:53:30.778+0000] {dag.py:3823} INFO - Setting next_dagrun for tutorial_taskflow_api to None, run_after=None
[2024-04-25T07:53:30.961+0000] {processor.py:183} INFO - Processing /home/airflow/.local/lib/python3.8/site-packages/airflow/example_dags/tutorial_taskflow_api.py took 0.536 seconds
