[2024-04-25T05:58:32.999+0000] {processor.py:161} INFO - Started process (PID=79) to work on /home/airflow/.local/lib/python3.8/site-packages/airflow/example_dags/tutorial_objectstorage.py
[2024-04-25T05:58:33.018+0000] {processor.py:830} INFO - Processing file /home/airflow/.local/lib/python3.8/site-packages/airflow/example_dags/tutorial_objectstorage.py for tasks to queue
[2024-04-25T05:58:33.059+0000] {logging_mixin.py:188} INFO - [2024-04-25T05:58:33.054+0000] {dagbag.py:538} INFO - Filling up the DagBag from /home/airflow/.local/lib/python3.8/site-packages/airflow/example_dags/tutorial_objectstorage.py
[2024-04-25T05:58:33.798+0000] {processor.py:840} INFO - DAG(s) 'tutorial_objectstorage' retrieved from /home/airflow/.local/lib/python3.8/site-packages/airflow/example_dags/tutorial_objectstorage.py
[2024-04-25T05:58:40.111+0000] {logging_mixin.py:188} INFO - [2024-04-25T05:58:40.103+0000] {dag.py:3036} INFO - Sync 1 DAGs
[2024-04-25T05:58:40.293+0000] {logging_mixin.py:188} INFO - [2024-04-25T05:58:40.291+0000] {dag.py:3823} INFO - Setting next_dagrun for tutorial_objectstorage to None, run_after=None
[2024-04-25T05:58:40.522+0000] {processor.py:183} INFO - Processing /home/airflow/.local/lib/python3.8/site-packages/airflow/example_dags/tutorial_objectstorage.py took 7.592 seconds
[2024-04-25T05:59:28.067+0000] {processor.py:161} INFO - Started process (PID=138) to work on /home/airflow/.local/lib/python3.8/site-packages/airflow/example_dags/tutorial_objectstorage.py
[2024-04-25T05:59:28.073+0000] {processor.py:830} INFO - Processing file /home/airflow/.local/lib/python3.8/site-packages/airflow/example_dags/tutorial_objectstorage.py for tasks to queue
[2024-04-25T05:59:28.080+0000] {logging_mixin.py:188} INFO - [2024-04-25T05:59:28.079+0000] {dagbag.py:538} INFO - Filling up the DagBag from /home/airflow/.local/lib/python3.8/site-packages/airflow/example_dags/tutorial_objectstorage.py
[2024-04-25T05:59:28.106+0000] {processor.py:840} INFO - DAG(s) 'tutorial_objectstorage' retrieved from /home/airflow/.local/lib/python3.8/site-packages/airflow/example_dags/tutorial_objectstorage.py
[2024-04-25T05:59:28.181+0000] {logging_mixin.py:188} INFO - [2024-04-25T05:59:28.180+0000] {dag.py:3036} INFO - Sync 1 DAGs
[2024-04-25T05:59:28.231+0000] {logging_mixin.py:188} INFO - [2024-04-25T05:59:28.230+0000] {dag.py:3823} INFO - Setting next_dagrun for tutorial_objectstorage to None, run_after=None
[2024-04-25T05:59:28.335+0000] {processor.py:183} INFO - Processing /home/airflow/.local/lib/python3.8/site-packages/airflow/example_dags/tutorial_objectstorage.py took 0.278 seconds
[2024-04-25T06:00:21.803+0000] {processor.py:161} INFO - Started process (PID=190) to work on /home/airflow/.local/lib/python3.8/site-packages/airflow/example_dags/tutorial_objectstorage.py
[2024-04-25T06:00:21.985+0000] {processor.py:830} INFO - Processing file /home/airflow/.local/lib/python3.8/site-packages/airflow/example_dags/tutorial_objectstorage.py for tasks to queue
[2024-04-25T06:00:22.022+0000] {logging_mixin.py:188} INFO - [2024-04-25T06:00:22.018+0000] {dagbag.py:538} INFO - Filling up the DagBag from /home/airflow/.local/lib/python3.8/site-packages/airflow/example_dags/tutorial_objectstorage.py
[2024-04-25T06:00:22.119+0000] {processor.py:840} INFO - DAG(s) 'tutorial_objectstorage' retrieved from /home/airflow/.local/lib/python3.8/site-packages/airflow/example_dags/tutorial_objectstorage.py
[2024-04-25T06:00:22.328+0000] {logging_mixin.py:188} INFO - [2024-04-25T06:00:22.326+0000] {dag.py:3036} INFO - Sync 1 DAGs
[2024-04-25T06:00:22.503+0000] {logging_mixin.py:188} INFO - [2024-04-25T06:00:22.499+0000] {dag.py:3823} INFO - Setting next_dagrun for tutorial_objectstorage to None, run_after=None
[2024-04-25T06:00:22.637+0000] {processor.py:183} INFO - Processing /home/airflow/.local/lib/python3.8/site-packages/airflow/example_dags/tutorial_objectstorage.py took 0.906 seconds
[2024-04-25T06:01:02.606+0000] {processor.py:161} INFO - Started process (PID=249) to work on /home/airflow/.local/lib/python3.8/site-packages/airflow/example_dags/tutorial_objectstorage.py
[2024-04-25T06:01:02.618+0000] {processor.py:830} INFO - Processing file /home/airflow/.local/lib/python3.8/site-packages/airflow/example_dags/tutorial_objectstorage.py for tasks to queue
[2024-04-25T06:01:02.652+0000] {logging_mixin.py:188} INFO - [2024-04-25T06:01:02.642+0000] {dagbag.py:538} INFO - Filling up the DagBag from /home/airflow/.local/lib/python3.8/site-packages/airflow/example_dags/tutorial_objectstorage.py
[2024-04-25T06:01:02.866+0000] {processor.py:840} INFO - DAG(s) 'tutorial_objectstorage' retrieved from /home/airflow/.local/lib/python3.8/site-packages/airflow/example_dags/tutorial_objectstorage.py
[2024-04-25T06:01:03.161+0000] {logging_mixin.py:188} INFO - [2024-04-25T06:01:03.159+0000] {dag.py:3036} INFO - Sync 1 DAGs
[2024-04-25T06:01:03.384+0000] {logging_mixin.py:188} INFO - [2024-04-25T06:01:03.383+0000] {dag.py:3823} INFO - Setting next_dagrun for tutorial_objectstorage to None, run_after=None
[2024-04-25T06:01:03.507+0000] {processor.py:183} INFO - Processing /home/airflow/.local/lib/python3.8/site-packages/airflow/example_dags/tutorial_objectstorage.py took 0.939 seconds
[2024-04-25T06:01:46.602+0000] {processor.py:161} INFO - Started process (PID=315) to work on /home/airflow/.local/lib/python3.8/site-packages/airflow/example_dags/tutorial_objectstorage.py
[2024-04-25T06:01:46.607+0000] {processor.py:830} INFO - Processing file /home/airflow/.local/lib/python3.8/site-packages/airflow/example_dags/tutorial_objectstorage.py for tasks to queue
[2024-04-25T06:01:46.614+0000] {logging_mixin.py:188} INFO - [2024-04-25T06:01:46.613+0000] {dagbag.py:538} INFO - Filling up the DagBag from /home/airflow/.local/lib/python3.8/site-packages/airflow/example_dags/tutorial_objectstorage.py
[2024-04-25T06:01:46.657+0000] {processor.py:840} INFO - DAG(s) 'tutorial_objectstorage' retrieved from /home/airflow/.local/lib/python3.8/site-packages/airflow/example_dags/tutorial_objectstorage.py
[2024-04-25T06:01:46.769+0000] {logging_mixin.py:188} INFO - [2024-04-25T06:01:46.768+0000] {dag.py:3036} INFO - Sync 1 DAGs
[2024-04-25T06:01:46.827+0000] {logging_mixin.py:188} INFO - [2024-04-25T06:01:46.827+0000] {dag.py:3823} INFO - Setting next_dagrun for tutorial_objectstorage to None, run_after=None
[2024-04-25T06:01:46.907+0000] {processor.py:183} INFO - Processing /home/airflow/.local/lib/python3.8/site-packages/airflow/example_dags/tutorial_objectstorage.py took 0.321 seconds
[2024-04-25T06:02:19.606+0000] {processor.py:161} INFO - Started process (PID=374) to work on /home/airflow/.local/lib/python3.8/site-packages/airflow/example_dags/tutorial_objectstorage.py
[2024-04-25T06:02:19.612+0000] {processor.py:830} INFO - Processing file /home/airflow/.local/lib/python3.8/site-packages/airflow/example_dags/tutorial_objectstorage.py for tasks to queue
[2024-04-25T06:02:19.620+0000] {logging_mixin.py:188} INFO - [2024-04-25T06:02:19.619+0000] {dagbag.py:538} INFO - Filling up the DagBag from /home/airflow/.local/lib/python3.8/site-packages/airflow/example_dags/tutorial_objectstorage.py
[2024-04-25T06:02:19.650+0000] {processor.py:840} INFO - DAG(s) 'tutorial_objectstorage' retrieved from /home/airflow/.local/lib/python3.8/site-packages/airflow/example_dags/tutorial_objectstorage.py
[2024-04-25T06:02:19.774+0000] {logging_mixin.py:188} INFO - [2024-04-25T06:02:19.773+0000] {dag.py:3036} INFO - Sync 1 DAGs
[2024-04-25T06:02:19.853+0000] {logging_mixin.py:188} INFO - [2024-04-25T06:02:19.853+0000] {dag.py:3823} INFO - Setting next_dagrun for tutorial_objectstorage to None, run_after=None
[2024-04-25T06:02:19.954+0000] {processor.py:183} INFO - Processing /home/airflow/.local/lib/python3.8/site-packages/airflow/example_dags/tutorial_objectstorage.py took 0.361 seconds
[2024-04-25T06:02:55.069+0000] {processor.py:161} INFO - Started process (PID=433) to work on /home/airflow/.local/lib/python3.8/site-packages/airflow/example_dags/tutorial_objectstorage.py
[2024-04-25T06:02:55.083+0000] {processor.py:830} INFO - Processing file /home/airflow/.local/lib/python3.8/site-packages/airflow/example_dags/tutorial_objectstorage.py for tasks to queue
[2024-04-25T06:02:55.105+0000] {logging_mixin.py:188} INFO - [2024-04-25T06:02:55.103+0000] {dagbag.py:538} INFO - Filling up the DagBag from /home/airflow/.local/lib/python3.8/site-packages/airflow/example_dags/tutorial_objectstorage.py
[2024-04-25T06:02:55.482+0000] {processor.py:840} INFO - DAG(s) 'tutorial_objectstorage' retrieved from /home/airflow/.local/lib/python3.8/site-packages/airflow/example_dags/tutorial_objectstorage.py
[2024-04-25T06:02:55.561+0000] {logging_mixin.py:188} INFO - [2024-04-25T06:02:55.560+0000] {dag.py:3036} INFO - Sync 1 DAGs
[2024-04-25T06:02:55.607+0000] {logging_mixin.py:188} INFO - [2024-04-25T06:02:55.606+0000] {dag.py:3823} INFO - Setting next_dagrun for tutorial_objectstorage to None, run_after=None
[2024-04-25T06:02:55.759+0000] {processor.py:183} INFO - Processing /home/airflow/.local/lib/python3.8/site-packages/airflow/example_dags/tutorial_objectstorage.py took 0.708 seconds
[2024-04-25T06:03:26.113+0000] {processor.py:161} INFO - Started process (PID=492) to work on /home/airflow/.local/lib/python3.8/site-packages/airflow/example_dags/tutorial_objectstorage.py
[2024-04-25T06:03:26.116+0000] {processor.py:830} INFO - Processing file /home/airflow/.local/lib/python3.8/site-packages/airflow/example_dags/tutorial_objectstorage.py for tasks to queue
[2024-04-25T06:03:26.123+0000] {logging_mixin.py:188} INFO - [2024-04-25T06:03:26.122+0000] {dagbag.py:538} INFO - Filling up the DagBag from /home/airflow/.local/lib/python3.8/site-packages/airflow/example_dags/tutorial_objectstorage.py
[2024-04-25T06:03:26.141+0000] {processor.py:840} INFO - DAG(s) 'tutorial_objectstorage' retrieved from /home/airflow/.local/lib/python3.8/site-packages/airflow/example_dags/tutorial_objectstorage.py
[2024-04-25T06:03:26.188+0000] {logging_mixin.py:188} INFO - [2024-04-25T06:03:26.188+0000] {dag.py:3036} INFO - Sync 1 DAGs
[2024-04-25T06:03:26.210+0000] {logging_mixin.py:188} INFO - [2024-04-25T06:03:26.210+0000] {dag.py:3823} INFO - Setting next_dagrun for tutorial_objectstorage to None, run_after=None
[2024-04-25T06:03:26.250+0000] {processor.py:183} INFO - Processing /home/airflow/.local/lib/python3.8/site-packages/airflow/example_dags/tutorial_objectstorage.py took 0.148 seconds
[2024-04-25T06:03:57.140+0000] {processor.py:161} INFO - Started process (PID=551) to work on /home/airflow/.local/lib/python3.8/site-packages/airflow/example_dags/tutorial_objectstorage.py
[2024-04-25T06:03:57.143+0000] {processor.py:830} INFO - Processing file /home/airflow/.local/lib/python3.8/site-packages/airflow/example_dags/tutorial_objectstorage.py for tasks to queue
[2024-04-25T06:03:57.147+0000] {logging_mixin.py:188} INFO - [2024-04-25T06:03:57.147+0000] {dagbag.py:538} INFO - Filling up the DagBag from /home/airflow/.local/lib/python3.8/site-packages/airflow/example_dags/tutorial_objectstorage.py
[2024-04-25T06:03:57.161+0000] {processor.py:840} INFO - DAG(s) 'tutorial_objectstorage' retrieved from /home/airflow/.local/lib/python3.8/site-packages/airflow/example_dags/tutorial_objectstorage.py
[2024-04-25T06:03:57.203+0000] {logging_mixin.py:188} INFO - [2024-04-25T06:03:57.202+0000] {dag.py:3036} INFO - Sync 1 DAGs
[2024-04-25T06:03:57.228+0000] {logging_mixin.py:188} INFO - [2024-04-25T06:03:57.228+0000] {dag.py:3823} INFO - Setting next_dagrun for tutorial_objectstorage to None, run_after=None
[2024-04-25T06:03:57.261+0000] {processor.py:183} INFO - Processing /home/airflow/.local/lib/python3.8/site-packages/airflow/example_dags/tutorial_objectstorage.py took 0.128 seconds
[2024-04-25T06:04:27.911+0000] {processor.py:161} INFO - Started process (PID=610) to work on /home/airflow/.local/lib/python3.8/site-packages/airflow/example_dags/tutorial_objectstorage.py
[2024-04-25T06:04:27.914+0000] {processor.py:830} INFO - Processing file /home/airflow/.local/lib/python3.8/site-packages/airflow/example_dags/tutorial_objectstorage.py for tasks to queue
[2024-04-25T06:04:27.917+0000] {logging_mixin.py:188} INFO - [2024-04-25T06:04:27.916+0000] {dagbag.py:538} INFO - Filling up the DagBag from /home/airflow/.local/lib/python3.8/site-packages/airflow/example_dags/tutorial_objectstorage.py
[2024-04-25T06:04:27.928+0000] {processor.py:840} INFO - DAG(s) 'tutorial_objectstorage' retrieved from /home/airflow/.local/lib/python3.8/site-packages/airflow/example_dags/tutorial_objectstorage.py
[2024-04-25T06:04:27.953+0000] {logging_mixin.py:188} INFO - [2024-04-25T06:04:27.953+0000] {dag.py:3036} INFO - Sync 1 DAGs
[2024-04-25T06:04:27.969+0000] {logging_mixin.py:188} INFO - [2024-04-25T06:04:27.969+0000] {dag.py:3823} INFO - Setting next_dagrun for tutorial_objectstorage to None, run_after=None
[2024-04-25T06:04:27.994+0000] {processor.py:183} INFO - Processing /home/airflow/.local/lib/python3.8/site-packages/airflow/example_dags/tutorial_objectstorage.py took 0.087 seconds
[2024-04-25T06:04:58.719+0000] {processor.py:161} INFO - Started process (PID=669) to work on /home/airflow/.local/lib/python3.8/site-packages/airflow/example_dags/tutorial_objectstorage.py
[2024-04-25T06:04:58.720+0000] {processor.py:830} INFO - Processing file /home/airflow/.local/lib/python3.8/site-packages/airflow/example_dags/tutorial_objectstorage.py for tasks to queue
[2024-04-25T06:04:58.723+0000] {logging_mixin.py:188} INFO - [2024-04-25T06:04:58.723+0000] {dagbag.py:538} INFO - Filling up the DagBag from /home/airflow/.local/lib/python3.8/site-packages/airflow/example_dags/tutorial_objectstorage.py
[2024-04-25T06:04:58.732+0000] {processor.py:840} INFO - DAG(s) 'tutorial_objectstorage' retrieved from /home/airflow/.local/lib/python3.8/site-packages/airflow/example_dags/tutorial_objectstorage.py
[2024-04-25T06:04:58.758+0000] {logging_mixin.py:188} INFO - [2024-04-25T06:04:58.757+0000] {dag.py:3036} INFO - Sync 1 DAGs
[2024-04-25T06:04:58.776+0000] {logging_mixin.py:188} INFO - [2024-04-25T06:04:58.776+0000] {dag.py:3823} INFO - Setting next_dagrun for tutorial_objectstorage to None, run_after=None
[2024-04-25T06:04:58.806+0000] {processor.py:183} INFO - Processing /home/airflow/.local/lib/python3.8/site-packages/airflow/example_dags/tutorial_objectstorage.py took 0.092 seconds
[2024-04-25T06:05:31.954+0000] {processor.py:161} INFO - Started process (PID=728) to work on /home/airflow/.local/lib/python3.8/site-packages/airflow/example_dags/tutorial_objectstorage.py
[2024-04-25T06:05:31.963+0000] {processor.py:830} INFO - Processing file /home/airflow/.local/lib/python3.8/site-packages/airflow/example_dags/tutorial_objectstorage.py for tasks to queue
[2024-04-25T06:05:31.980+0000] {logging_mixin.py:188} INFO - [2024-04-25T06:05:31.978+0000] {dagbag.py:538} INFO - Filling up the DagBag from /home/airflow/.local/lib/python3.8/site-packages/airflow/example_dags/tutorial_objectstorage.py
[2024-04-25T06:05:32.030+0000] {processor.py:840} INFO - DAG(s) 'tutorial_objectstorage' retrieved from /home/airflow/.local/lib/python3.8/site-packages/airflow/example_dags/tutorial_objectstorage.py
[2024-04-25T06:05:32.161+0000] {logging_mixin.py:188} INFO - [2024-04-25T06:05:32.159+0000] {dag.py:3036} INFO - Sync 1 DAGs
[2024-04-25T06:05:32.276+0000] {logging_mixin.py:188} INFO - [2024-04-25T06:05:32.275+0000] {dag.py:3823} INFO - Setting next_dagrun for tutorial_objectstorage to None, run_after=None
[2024-04-25T06:05:32.406+0000] {processor.py:183} INFO - Processing /home/airflow/.local/lib/python3.8/site-packages/airflow/example_dags/tutorial_objectstorage.py took 0.487 seconds
[2024-04-25T06:06:02.730+0000] {processor.py:161} INFO - Started process (PID=787) to work on /home/airflow/.local/lib/python3.8/site-packages/airflow/example_dags/tutorial_objectstorage.py
[2024-04-25T06:06:02.732+0000] {processor.py:830} INFO - Processing file /home/airflow/.local/lib/python3.8/site-packages/airflow/example_dags/tutorial_objectstorage.py for tasks to queue
[2024-04-25T06:06:02.735+0000] {logging_mixin.py:188} INFO - [2024-04-25T06:06:02.735+0000] {dagbag.py:538} INFO - Filling up the DagBag from /home/airflow/.local/lib/python3.8/site-packages/airflow/example_dags/tutorial_objectstorage.py
[2024-04-25T06:06:02.746+0000] {processor.py:840} INFO - DAG(s) 'tutorial_objectstorage' retrieved from /home/airflow/.local/lib/python3.8/site-packages/airflow/example_dags/tutorial_objectstorage.py
[2024-04-25T06:06:02.776+0000] {logging_mixin.py:188} INFO - [2024-04-25T06:06:02.776+0000] {dag.py:3036} INFO - Sync 1 DAGs
[2024-04-25T06:06:02.794+0000] {logging_mixin.py:188} INFO - [2024-04-25T06:06:02.793+0000] {dag.py:3823} INFO - Setting next_dagrun for tutorial_objectstorage to None, run_after=None
[2024-04-25T06:06:02.825+0000] {processor.py:183} INFO - Processing /home/airflow/.local/lib/python3.8/site-packages/airflow/example_dags/tutorial_objectstorage.py took 0.099 seconds
[2024-04-25T06:06:33.448+0000] {processor.py:161} INFO - Started process (PID=846) to work on /home/airflow/.local/lib/python3.8/site-packages/airflow/example_dags/tutorial_objectstorage.py
[2024-04-25T06:06:33.451+0000] {processor.py:830} INFO - Processing file /home/airflow/.local/lib/python3.8/site-packages/airflow/example_dags/tutorial_objectstorage.py for tasks to queue
[2024-04-25T06:06:33.456+0000] {logging_mixin.py:188} INFO - [2024-04-25T06:06:33.455+0000] {dagbag.py:538} INFO - Filling up the DagBag from /home/airflow/.local/lib/python3.8/site-packages/airflow/example_dags/tutorial_objectstorage.py
[2024-04-25T06:06:33.469+0000] {processor.py:840} INFO - DAG(s) 'tutorial_objectstorage' retrieved from /home/airflow/.local/lib/python3.8/site-packages/airflow/example_dags/tutorial_objectstorage.py
[2024-04-25T06:06:33.507+0000] {logging_mixin.py:188} INFO - [2024-04-25T06:06:33.506+0000] {dag.py:3036} INFO - Sync 1 DAGs
[2024-04-25T06:06:33.530+0000] {logging_mixin.py:188} INFO - [2024-04-25T06:06:33.529+0000] {dag.py:3823} INFO - Setting next_dagrun for tutorial_objectstorage to None, run_after=None
[2024-04-25T06:06:33.568+0000] {processor.py:183} INFO - Processing /home/airflow/.local/lib/python3.8/site-packages/airflow/example_dags/tutorial_objectstorage.py took 0.126 seconds
[2024-04-25T06:07:04.466+0000] {processor.py:161} INFO - Started process (PID=905) to work on /home/airflow/.local/lib/python3.8/site-packages/airflow/example_dags/tutorial_objectstorage.py
[2024-04-25T06:07:04.474+0000] {processor.py:830} INFO - Processing file /home/airflow/.local/lib/python3.8/site-packages/airflow/example_dags/tutorial_objectstorage.py for tasks to queue
[2024-04-25T06:07:04.483+0000] {logging_mixin.py:188} INFO - [2024-04-25T06:07:04.482+0000] {dagbag.py:538} INFO - Filling up the DagBag from /home/airflow/.local/lib/python3.8/site-packages/airflow/example_dags/tutorial_objectstorage.py
[2024-04-25T06:07:04.525+0000] {processor.py:840} INFO - DAG(s) 'tutorial_objectstorage' retrieved from /home/airflow/.local/lib/python3.8/site-packages/airflow/example_dags/tutorial_objectstorage.py
[2024-04-25T06:07:04.606+0000] {logging_mixin.py:188} INFO - [2024-04-25T06:07:04.605+0000] {dag.py:3036} INFO - Sync 1 DAGs
[2024-04-25T06:07:04.644+0000] {logging_mixin.py:188} INFO - [2024-04-25T06:07:04.644+0000] {dag.py:3823} INFO - Setting next_dagrun for tutorial_objectstorage to None, run_after=None
[2024-04-25T06:07:04.704+0000] {processor.py:183} INFO - Processing /home/airflow/.local/lib/python3.8/site-packages/airflow/example_dags/tutorial_objectstorage.py took 0.252 seconds
[2024-04-25T06:07:35.520+0000] {processor.py:161} INFO - Started process (PID=964) to work on /home/airflow/.local/lib/python3.8/site-packages/airflow/example_dags/tutorial_objectstorage.py
[2024-04-25T06:07:35.523+0000] {processor.py:830} INFO - Processing file /home/airflow/.local/lib/python3.8/site-packages/airflow/example_dags/tutorial_objectstorage.py for tasks to queue
[2024-04-25T06:07:35.526+0000] {logging_mixin.py:188} INFO - [2024-04-25T06:07:35.526+0000] {dagbag.py:538} INFO - Filling up the DagBag from /home/airflow/.local/lib/python3.8/site-packages/airflow/example_dags/tutorial_objectstorage.py
[2024-04-25T06:07:35.540+0000] {processor.py:840} INFO - DAG(s) 'tutorial_objectstorage' retrieved from /home/airflow/.local/lib/python3.8/site-packages/airflow/example_dags/tutorial_objectstorage.py
[2024-04-25T06:07:35.580+0000] {logging_mixin.py:188} INFO - [2024-04-25T06:07:35.579+0000] {dag.py:3036} INFO - Sync 1 DAGs
[2024-04-25T06:07:35.604+0000] {logging_mixin.py:188} INFO - [2024-04-25T06:07:35.604+0000] {dag.py:3823} INFO - Setting next_dagrun for tutorial_objectstorage to None, run_after=None
[2024-04-25T06:07:35.661+0000] {processor.py:183} INFO - Processing /home/airflow/.local/lib/python3.8/site-packages/airflow/example_dags/tutorial_objectstorage.py took 0.147 seconds
[2024-04-25T06:08:06.929+0000] {processor.py:161} INFO - Started process (PID=1023) to work on /home/airflow/.local/lib/python3.8/site-packages/airflow/example_dags/tutorial_objectstorage.py
[2024-04-25T06:08:06.936+0000] {processor.py:830} INFO - Processing file /home/airflow/.local/lib/python3.8/site-packages/airflow/example_dags/tutorial_objectstorage.py for tasks to queue
[2024-04-25T06:08:06.951+0000] {logging_mixin.py:188} INFO - [2024-04-25T06:08:06.949+0000] {dagbag.py:538} INFO - Filling up the DagBag from /home/airflow/.local/lib/python3.8/site-packages/airflow/example_dags/tutorial_objectstorage.py
[2024-04-25T06:08:06.998+0000] {processor.py:840} INFO - DAG(s) 'tutorial_objectstorage' retrieved from /home/airflow/.local/lib/python3.8/site-packages/airflow/example_dags/tutorial_objectstorage.py
[2024-04-25T06:08:07.088+0000] {logging_mixin.py:188} INFO - [2024-04-25T06:08:07.087+0000] {dag.py:3036} INFO - Sync 1 DAGs
[2024-04-25T06:08:07.130+0000] {logging_mixin.py:188} INFO - [2024-04-25T06:08:07.130+0000] {dag.py:3823} INFO - Setting next_dagrun for tutorial_objectstorage to None, run_after=None
[2024-04-25T06:08:07.184+0000] {processor.py:183} INFO - Processing /home/airflow/.local/lib/python3.8/site-packages/airflow/example_dags/tutorial_objectstorage.py took 0.273 seconds
[2024-04-25T06:08:37.641+0000] {processor.py:161} INFO - Started process (PID=1082) to work on /home/airflow/.local/lib/python3.8/site-packages/airflow/example_dags/tutorial_objectstorage.py
[2024-04-25T06:08:37.643+0000] {processor.py:830} INFO - Processing file /home/airflow/.local/lib/python3.8/site-packages/airflow/example_dags/tutorial_objectstorage.py for tasks to queue
[2024-04-25T06:08:37.646+0000] {logging_mixin.py:188} INFO - [2024-04-25T06:08:37.645+0000] {dagbag.py:538} INFO - Filling up the DagBag from /home/airflow/.local/lib/python3.8/site-packages/airflow/example_dags/tutorial_objectstorage.py
[2024-04-25T06:08:37.666+0000] {processor.py:840} INFO - DAG(s) 'tutorial_objectstorage' retrieved from /home/airflow/.local/lib/python3.8/site-packages/airflow/example_dags/tutorial_objectstorage.py
[2024-04-25T06:08:37.728+0000] {logging_mixin.py:188} INFO - [2024-04-25T06:08:37.727+0000] {dag.py:3036} INFO - Sync 1 DAGs
[2024-04-25T06:08:37.760+0000] {logging_mixin.py:188} INFO - [2024-04-25T06:08:37.759+0000] {dag.py:3823} INFO - Setting next_dagrun for tutorial_objectstorage to None, run_after=None
[2024-04-25T06:08:37.808+0000] {processor.py:183} INFO - Processing /home/airflow/.local/lib/python3.8/site-packages/airflow/example_dags/tutorial_objectstorage.py took 0.173 seconds
[2024-04-25T06:09:08.277+0000] {processor.py:161} INFO - Started process (PID=1139) to work on /home/airflow/.local/lib/python3.8/site-packages/airflow/example_dags/tutorial_objectstorage.py
[2024-04-25T06:09:08.283+0000] {processor.py:830} INFO - Processing file /home/airflow/.local/lib/python3.8/site-packages/airflow/example_dags/tutorial_objectstorage.py for tasks to queue
[2024-04-25T06:09:08.292+0000] {logging_mixin.py:188} INFO - [2024-04-25T06:09:08.290+0000] {dagbag.py:538} INFO - Filling up the DagBag from /home/airflow/.local/lib/python3.8/site-packages/airflow/example_dags/tutorial_objectstorage.py
[2024-04-25T06:09:08.336+0000] {processor.py:840} INFO - DAG(s) 'tutorial_objectstorage' retrieved from /home/airflow/.local/lib/python3.8/site-packages/airflow/example_dags/tutorial_objectstorage.py
[2024-04-25T06:09:08.444+0000] {logging_mixin.py:188} INFO - [2024-04-25T06:09:08.443+0000] {dag.py:3036} INFO - Sync 1 DAGs
[2024-04-25T06:09:08.504+0000] {logging_mixin.py:188} INFO - [2024-04-25T06:09:08.504+0000] {dag.py:3823} INFO - Setting next_dagrun for tutorial_objectstorage to None, run_after=None
[2024-04-25T06:09:08.573+0000] {processor.py:183} INFO - Processing /home/airflow/.local/lib/python3.8/site-packages/airflow/example_dags/tutorial_objectstorage.py took 0.315 seconds
[2024-04-25T06:09:38.674+0000] {processor.py:161} INFO - Started process (PID=1196) to work on /home/airflow/.local/lib/python3.8/site-packages/airflow/example_dags/tutorial_objectstorage.py
[2024-04-25T06:09:38.677+0000] {processor.py:830} INFO - Processing file /home/airflow/.local/lib/python3.8/site-packages/airflow/example_dags/tutorial_objectstorage.py for tasks to queue
[2024-04-25T06:09:38.682+0000] {logging_mixin.py:188} INFO - [2024-04-25T06:09:38.681+0000] {dagbag.py:538} INFO - Filling up the DagBag from /home/airflow/.local/lib/python3.8/site-packages/airflow/example_dags/tutorial_objectstorage.py
[2024-04-25T06:09:38.696+0000] {processor.py:840} INFO - DAG(s) 'tutorial_objectstorage' retrieved from /home/airflow/.local/lib/python3.8/site-packages/airflow/example_dags/tutorial_objectstorage.py
[2024-04-25T06:09:38.745+0000] {logging_mixin.py:188} INFO - [2024-04-25T06:09:38.744+0000] {dag.py:3036} INFO - Sync 1 DAGs
[2024-04-25T06:09:38.774+0000] {logging_mixin.py:188} INFO - [2024-04-25T06:09:38.774+0000] {dag.py:3823} INFO - Setting next_dagrun for tutorial_objectstorage to None, run_after=None
[2024-04-25T06:09:38.826+0000] {processor.py:183} INFO - Processing /home/airflow/.local/lib/python3.8/site-packages/airflow/example_dags/tutorial_objectstorage.py took 0.160 seconds
[2024-04-25T06:10:09.244+0000] {processor.py:161} INFO - Started process (PID=1255) to work on /home/airflow/.local/lib/python3.8/site-packages/airflow/example_dags/tutorial_objectstorage.py
[2024-04-25T06:10:09.250+0000] {processor.py:830} INFO - Processing file /home/airflow/.local/lib/python3.8/site-packages/airflow/example_dags/tutorial_objectstorage.py for tasks to queue
[2024-04-25T06:10:09.258+0000] {logging_mixin.py:188} INFO - [2024-04-25T06:10:09.257+0000] {dagbag.py:538} INFO - Filling up the DagBag from /home/airflow/.local/lib/python3.8/site-packages/airflow/example_dags/tutorial_objectstorage.py
[2024-04-25T06:10:09.291+0000] {processor.py:840} INFO - DAG(s) 'tutorial_objectstorage' retrieved from /home/airflow/.local/lib/python3.8/site-packages/airflow/example_dags/tutorial_objectstorage.py
[2024-04-25T06:10:09.392+0000] {logging_mixin.py:188} INFO - [2024-04-25T06:10:09.390+0000] {dag.py:3036} INFO - Sync 1 DAGs
[2024-04-25T06:10:09.448+0000] {logging_mixin.py:188} INFO - [2024-04-25T06:10:09.447+0000] {dag.py:3823} INFO - Setting next_dagrun for tutorial_objectstorage to None, run_after=None
[2024-04-25T06:10:09.532+0000] {processor.py:183} INFO - Processing /home/airflow/.local/lib/python3.8/site-packages/airflow/example_dags/tutorial_objectstorage.py took 0.300 seconds
[2024-04-25T06:10:40.387+0000] {processor.py:161} INFO - Started process (PID=1314) to work on /home/airflow/.local/lib/python3.8/site-packages/airflow/example_dags/tutorial_objectstorage.py
[2024-04-25T06:10:40.392+0000] {processor.py:830} INFO - Processing file /home/airflow/.local/lib/python3.8/site-packages/airflow/example_dags/tutorial_objectstorage.py for tasks to queue
[2024-04-25T06:10:40.400+0000] {logging_mixin.py:188} INFO - [2024-04-25T06:10:40.398+0000] {dagbag.py:538} INFO - Filling up the DagBag from /home/airflow/.local/lib/python3.8/site-packages/airflow/example_dags/tutorial_objectstorage.py
[2024-04-25T06:10:40.427+0000] {processor.py:840} INFO - DAG(s) 'tutorial_objectstorage' retrieved from /home/airflow/.local/lib/python3.8/site-packages/airflow/example_dags/tutorial_objectstorage.py
[2024-04-25T06:10:40.482+0000] {logging_mixin.py:188} INFO - [2024-04-25T06:10:40.481+0000] {dag.py:3036} INFO - Sync 1 DAGs
[2024-04-25T06:10:40.511+0000] {logging_mixin.py:188} INFO - [2024-04-25T06:10:40.510+0000] {dag.py:3823} INFO - Setting next_dagrun for tutorial_objectstorage to None, run_after=None
[2024-04-25T06:10:40.561+0000] {processor.py:183} INFO - Processing /home/airflow/.local/lib/python3.8/site-packages/airflow/example_dags/tutorial_objectstorage.py took 0.183 seconds
[2024-04-25T06:52:02.792+0000] {processor.py:161} INFO - Started process (PID=92) to work on /home/airflow/.local/lib/python3.8/site-packages/airflow/example_dags/tutorial_objectstorage.py
[2024-04-25T06:52:02.838+0000] {processor.py:830} INFO - Processing file /home/airflow/.local/lib/python3.8/site-packages/airflow/example_dags/tutorial_objectstorage.py for tasks to queue
[2024-04-25T06:52:02.964+0000] {logging_mixin.py:188} INFO - [2024-04-25T06:52:02.951+0000] {dagbag.py:538} INFO - Filling up the DagBag from /home/airflow/.local/lib/python3.8/site-packages/airflow/example_dags/tutorial_objectstorage.py
[2024-04-25T06:52:03.350+0000] {processor.py:840} INFO - DAG(s) 'tutorial_objectstorage' retrieved from /home/airflow/.local/lib/python3.8/site-packages/airflow/example_dags/tutorial_objectstorage.py
[2024-04-25T06:52:05.700+0000] {logging_mixin.py:188} INFO - [2024-04-25T06:52:05.699+0000] {dag.py:3036} INFO - Sync 1 DAGs
[2024-04-25T06:52:05.845+0000] {logging_mixin.py:188} INFO - [2024-04-25T06:52:05.844+0000] {dag.py:3823} INFO - Setting next_dagrun for tutorial_objectstorage to None, run_after=None
[2024-04-25T06:52:06.167+0000] {processor.py:183} INFO - Processing /home/airflow/.local/lib/python3.8/site-packages/airflow/example_dags/tutorial_objectstorage.py took 3.451 seconds
[2024-04-25T06:53:27.419+0000] {processor.py:161} INFO - Started process (PID=168) to work on /home/airflow/.local/lib/python3.8/site-packages/airflow/example_dags/tutorial_objectstorage.py
[2024-04-25T06:53:27.427+0000] {processor.py:830} INFO - Processing file /home/airflow/.local/lib/python3.8/site-packages/airflow/example_dags/tutorial_objectstorage.py for tasks to queue
[2024-04-25T06:53:27.441+0000] {logging_mixin.py:188} INFO - [2024-04-25T06:53:27.440+0000] {dagbag.py:538} INFO - Filling up the DagBag from /home/airflow/.local/lib/python3.8/site-packages/airflow/example_dags/tutorial_objectstorage.py
[2024-04-25T06:53:27.477+0000] {processor.py:840} INFO - DAG(s) 'tutorial_objectstorage' retrieved from /home/airflow/.local/lib/python3.8/site-packages/airflow/example_dags/tutorial_objectstorage.py
[2024-04-25T06:53:27.592+0000] {logging_mixin.py:188} INFO - [2024-04-25T06:53:27.592+0000] {dag.py:3036} INFO - Sync 1 DAGs
[2024-04-25T06:53:27.682+0000] {logging_mixin.py:188} INFO - [2024-04-25T06:53:27.679+0000] {dag.py:3823} INFO - Setting next_dagrun for tutorial_objectstorage to None, run_after=None
[2024-04-25T06:53:27.795+0000] {processor.py:183} INFO - Processing /home/airflow/.local/lib/python3.8/site-packages/airflow/example_dags/tutorial_objectstorage.py took 0.397 seconds
[2024-04-25T06:53:59.502+0000] {processor.py:161} INFO - Started process (PID=223) to work on /home/airflow/.local/lib/python3.8/site-packages/airflow/example_dags/tutorial_objectstorage.py
[2024-04-25T06:53:59.519+0000] {processor.py:830} INFO - Processing file /home/airflow/.local/lib/python3.8/site-packages/airflow/example_dags/tutorial_objectstorage.py for tasks to queue
[2024-04-25T06:53:59.532+0000] {logging_mixin.py:188} INFO - [2024-04-25T06:53:59.530+0000] {dagbag.py:538} INFO - Filling up the DagBag from /home/airflow/.local/lib/python3.8/site-packages/airflow/example_dags/tutorial_objectstorage.py
[2024-04-25T06:53:59.593+0000] {processor.py:840} INFO - DAG(s) 'tutorial_objectstorage' retrieved from /home/airflow/.local/lib/python3.8/site-packages/airflow/example_dags/tutorial_objectstorage.py
[2024-04-25T06:53:59.727+0000] {logging_mixin.py:188} INFO - [2024-04-25T06:53:59.726+0000] {dag.py:3036} INFO - Sync 1 DAGs
[2024-04-25T06:53:59.811+0000] {logging_mixin.py:188} INFO - [2024-04-25T06:53:59.811+0000] {dag.py:3823} INFO - Setting next_dagrun for tutorial_objectstorage to None, run_after=None
[2024-04-25T06:53:59.940+0000] {processor.py:183} INFO - Processing /home/airflow/.local/lib/python3.8/site-packages/airflow/example_dags/tutorial_objectstorage.py took 0.475 seconds
[2024-04-25T06:54:30.236+0000] {processor.py:161} INFO - Started process (PID=291) to work on /home/airflow/.local/lib/python3.8/site-packages/airflow/example_dags/tutorial_objectstorage.py
[2024-04-25T06:54:30.255+0000] {processor.py:830} INFO - Processing file /home/airflow/.local/lib/python3.8/site-packages/airflow/example_dags/tutorial_objectstorage.py for tasks to queue
[2024-04-25T06:54:30.288+0000] {logging_mixin.py:188} INFO - [2024-04-25T06:54:30.286+0000] {dagbag.py:538} INFO - Filling up the DagBag from /home/airflow/.local/lib/python3.8/site-packages/airflow/example_dags/tutorial_objectstorage.py
[2024-04-25T06:54:30.374+0000] {processor.py:840} INFO - DAG(s) 'tutorial_objectstorage' retrieved from /home/airflow/.local/lib/python3.8/site-packages/airflow/example_dags/tutorial_objectstorage.py
[2024-04-25T06:54:30.729+0000] {logging_mixin.py:188} INFO - [2024-04-25T06:54:30.728+0000] {dag.py:3036} INFO - Sync 1 DAGs
[2024-04-25T06:54:30.868+0000] {logging_mixin.py:188} INFO - [2024-04-25T06:54:30.867+0000] {dag.py:3823} INFO - Setting next_dagrun for tutorial_objectstorage to None, run_after=None
[2024-04-25T06:54:31.123+0000] {processor.py:183} INFO - Processing /home/airflow/.local/lib/python3.8/site-packages/airflow/example_dags/tutorial_objectstorage.py took 0.961 seconds
[2024-04-25T06:55:03.331+0000] {processor.py:161} INFO - Started process (PID=361) to work on /home/airflow/.local/lib/python3.8/site-packages/airflow/example_dags/tutorial_objectstorage.py
[2024-04-25T06:55:03.339+0000] {processor.py:830} INFO - Processing file /home/airflow/.local/lib/python3.8/site-packages/airflow/example_dags/tutorial_objectstorage.py for tasks to queue
[2024-04-25T06:55:03.352+0000] {logging_mixin.py:188} INFO - [2024-04-25T06:55:03.352+0000] {dagbag.py:538} INFO - Filling up the DagBag from /home/airflow/.local/lib/python3.8/site-packages/airflow/example_dags/tutorial_objectstorage.py
[2024-04-25T06:55:03.396+0000] {processor.py:840} INFO - DAG(s) 'tutorial_objectstorage' retrieved from /home/airflow/.local/lib/python3.8/site-packages/airflow/example_dags/tutorial_objectstorage.py
[2024-04-25T06:55:03.495+0000] {logging_mixin.py:188} INFO - [2024-04-25T06:55:03.494+0000] {dag.py:3036} INFO - Sync 1 DAGs
[2024-04-25T06:55:03.640+0000] {logging_mixin.py:188} INFO - [2024-04-25T06:55:03.640+0000] {dag.py:3823} INFO - Setting next_dagrun for tutorial_objectstorage to None, run_after=None
[2024-04-25T06:55:03.906+0000] {processor.py:183} INFO - Processing /home/airflow/.local/lib/python3.8/site-packages/airflow/example_dags/tutorial_objectstorage.py took 0.593 seconds
[2024-04-25T06:55:34.922+0000] {processor.py:161} INFO - Started process (PID=426) to work on /home/airflow/.local/lib/python3.8/site-packages/airflow/example_dags/tutorial_objectstorage.py
[2024-04-25T06:55:34.946+0000] {processor.py:830} INFO - Processing file /home/airflow/.local/lib/python3.8/site-packages/airflow/example_dags/tutorial_objectstorage.py for tasks to queue
[2024-04-25T06:55:34.958+0000] {logging_mixin.py:188} INFO - [2024-04-25T06:55:34.956+0000] {dagbag.py:538} INFO - Filling up the DagBag from /home/airflow/.local/lib/python3.8/site-packages/airflow/example_dags/tutorial_objectstorage.py
[2024-04-25T06:55:35.008+0000] {processor.py:840} INFO - DAG(s) 'tutorial_objectstorage' retrieved from /home/airflow/.local/lib/python3.8/site-packages/airflow/example_dags/tutorial_objectstorage.py
[2024-04-25T06:55:35.122+0000] {logging_mixin.py:188} INFO - [2024-04-25T06:55:35.120+0000] {dag.py:3036} INFO - Sync 1 DAGs
[2024-04-25T06:55:35.192+0000] {logging_mixin.py:188} INFO - [2024-04-25T06:55:35.191+0000] {dag.py:3823} INFO - Setting next_dagrun for tutorial_objectstorage to None, run_after=None
[2024-04-25T06:55:35.390+0000] {processor.py:183} INFO - Processing /home/airflow/.local/lib/python3.8/site-packages/airflow/example_dags/tutorial_objectstorage.py took 0.496 seconds
[2024-04-25T06:56:08.792+0000] {processor.py:161} INFO - Started process (PID=493) to work on /home/airflow/.local/lib/python3.8/site-packages/airflow/example_dags/tutorial_objectstorage.py
[2024-04-25T06:56:08.799+0000] {processor.py:830} INFO - Processing file /home/airflow/.local/lib/python3.8/site-packages/airflow/example_dags/tutorial_objectstorage.py for tasks to queue
[2024-04-25T06:56:08.809+0000] {logging_mixin.py:188} INFO - [2024-04-25T06:56:08.808+0000] {dagbag.py:538} INFO - Filling up the DagBag from /home/airflow/.local/lib/python3.8/site-packages/airflow/example_dags/tutorial_objectstorage.py
[2024-04-25T06:56:08.837+0000] {processor.py:840} INFO - DAG(s) 'tutorial_objectstorage' retrieved from /home/airflow/.local/lib/python3.8/site-packages/airflow/example_dags/tutorial_objectstorage.py
[2024-04-25T06:56:08.935+0000] {logging_mixin.py:188} INFO - [2024-04-25T06:56:08.934+0000] {dag.py:3036} INFO - Sync 1 DAGs
[2024-04-25T06:56:08.996+0000] {logging_mixin.py:188} INFO - [2024-04-25T06:56:08.994+0000] {dag.py:3823} INFO - Setting next_dagrun for tutorial_objectstorage to None, run_after=None
[2024-04-25T06:56:09.297+0000] {processor.py:183} INFO - Processing /home/airflow/.local/lib/python3.8/site-packages/airflow/example_dags/tutorial_objectstorage.py took 0.517 seconds
[2024-04-25T06:56:42.113+0000] {processor.py:161} INFO - Started process (PID=550) to work on /home/airflow/.local/lib/python3.8/site-packages/airflow/example_dags/tutorial_objectstorage.py
[2024-04-25T06:56:42.118+0000] {processor.py:830} INFO - Processing file /home/airflow/.local/lib/python3.8/site-packages/airflow/example_dags/tutorial_objectstorage.py for tasks to queue
[2024-04-25T06:56:42.125+0000] {logging_mixin.py:188} INFO - [2024-04-25T06:56:42.124+0000] {dagbag.py:538} INFO - Filling up the DagBag from /home/airflow/.local/lib/python3.8/site-packages/airflow/example_dags/tutorial_objectstorage.py
[2024-04-25T06:56:42.151+0000] {processor.py:840} INFO - DAG(s) 'tutorial_objectstorage' retrieved from /home/airflow/.local/lib/python3.8/site-packages/airflow/example_dags/tutorial_objectstorage.py
[2024-04-25T06:56:42.219+0000] {logging_mixin.py:188} INFO - [2024-04-25T06:56:42.218+0000] {dag.py:3036} INFO - Sync 1 DAGs
[2024-04-25T06:56:42.260+0000] {logging_mixin.py:188} INFO - [2024-04-25T06:56:42.259+0000] {dag.py:3823} INFO - Setting next_dagrun for tutorial_objectstorage to None, run_after=None
[2024-04-25T06:56:42.328+0000] {processor.py:183} INFO - Processing /home/airflow/.local/lib/python3.8/site-packages/airflow/example_dags/tutorial_objectstorage.py took 0.230 seconds
[2024-04-25T06:57:14.253+0000] {processor.py:161} INFO - Started process (PID=602) to work on /home/airflow/.local/lib/python3.8/site-packages/airflow/example_dags/tutorial_objectstorage.py
[2024-04-25T06:57:14.262+0000] {processor.py:830} INFO - Processing file /home/airflow/.local/lib/python3.8/site-packages/airflow/example_dags/tutorial_objectstorage.py for tasks to queue
[2024-04-25T06:57:14.302+0000] {logging_mixin.py:188} INFO - [2024-04-25T06:57:14.300+0000] {dagbag.py:538} INFO - Filling up the DagBag from /home/airflow/.local/lib/python3.8/site-packages/airflow/example_dags/tutorial_objectstorage.py
[2024-04-25T06:57:14.398+0000] {processor.py:840} INFO - DAG(s) 'tutorial_objectstorage' retrieved from /home/airflow/.local/lib/python3.8/site-packages/airflow/example_dags/tutorial_objectstorage.py
[2024-04-25T06:57:14.576+0000] {logging_mixin.py:188} INFO - [2024-04-25T06:57:14.573+0000] {dag.py:3036} INFO - Sync 1 DAGs
[2024-04-25T06:57:14.934+0000] {logging_mixin.py:188} INFO - [2024-04-25T06:57:14.932+0000] {dag.py:3823} INFO - Setting next_dagrun for tutorial_objectstorage to None, run_after=None
[2024-04-25T06:57:15.088+0000] {processor.py:183} INFO - Processing /home/airflow/.local/lib/python3.8/site-packages/airflow/example_dags/tutorial_objectstorage.py took 0.865 seconds
[2024-04-25T06:58:22.423+0000] {processor.py:161} INFO - Started process (PID=652) to work on /home/airflow/.local/lib/python3.8/site-packages/airflow/example_dags/tutorial_objectstorage.py
[2024-04-25T06:58:22.531+0000] {processor.py:830} INFO - Processing file /home/airflow/.local/lib/python3.8/site-packages/airflow/example_dags/tutorial_objectstorage.py for tasks to queue
[2024-04-25T06:58:22.711+0000] {logging_mixin.py:188} INFO - [2024-04-25T06:58:22.708+0000] {dagbag.py:538} INFO - Filling up the DagBag from /home/airflow/.local/lib/python3.8/site-packages/airflow/example_dags/tutorial_objectstorage.py
[2024-04-25T06:58:22.983+0000] {processor.py:840} INFO - DAG(s) 'tutorial_objectstorage' retrieved from /home/airflow/.local/lib/python3.8/site-packages/airflow/example_dags/tutorial_objectstorage.py
[2024-04-25T06:58:24.140+0000] {logging_mixin.py:188} INFO - [2024-04-25T06:58:24.132+0000] {dag.py:3036} INFO - Sync 1 DAGs
[2024-04-25T06:58:24.559+0000] {logging_mixin.py:188} INFO - [2024-04-25T06:58:24.558+0000] {dag.py:3823} INFO - Setting next_dagrun for tutorial_objectstorage to None, run_after=None
[2024-04-25T06:58:25.489+0000] {processor.py:183} INFO - Processing /home/airflow/.local/lib/python3.8/site-packages/airflow/example_dags/tutorial_objectstorage.py took 3.277 seconds
[2024-04-25T07:02:38.353+0000] {processor.py:161} INFO - Started process (PID=718) to work on /home/airflow/.local/lib/python3.8/site-packages/airflow/example_dags/tutorial_objectstorage.py
[2024-04-25T07:02:40.102+0000] {processor.py:830} INFO - Processing file /home/airflow/.local/lib/python3.8/site-packages/airflow/example_dags/tutorial_objectstorage.py for tasks to queue
[2024-04-25T07:02:42.870+0000] {logging_mixin.py:188} INFO - [2024-04-25T07:02:41.963+0000] {dagbag.py:538} INFO - Filling up the DagBag from /home/airflow/.local/lib/python3.8/site-packages/airflow/example_dags/tutorial_objectstorage.py
[2024-04-25T07:02:47.289+0000] {processor.py:840} INFO - DAG(s) 'tutorial_objectstorage' retrieved from /home/airflow/.local/lib/python3.8/site-packages/airflow/example_dags/tutorial_objectstorage.py
[2024-04-25T07:02:50.257+0000] {logging_mixin.py:188} INFO - [2024-04-25T07:02:50.255+0000] {dag.py:3036} INFO - Sync 1 DAGs
[2024-04-25T07:02:53.920+0000] {logging_mixin.py:188} INFO - [2024-04-25T07:02:53.724+0000] {dag.py:3823} INFO - Setting next_dagrun for tutorial_objectstorage to None, run_after=None
[2024-04-25T07:02:57.687+0000] {processor.py:183} INFO - Processing /home/airflow/.local/lib/python3.8/site-packages/airflow/example_dags/tutorial_objectstorage.py took 21.479 seconds
[2024-04-25T07:51:00.802+0000] {processor.py:161} INFO - Started process (PID=57) to work on /home/airflow/.local/lib/python3.8/site-packages/airflow/example_dags/tutorial_objectstorage.py
[2024-04-25T07:51:00.809+0000] {processor.py:830} INFO - Processing file /home/airflow/.local/lib/python3.8/site-packages/airflow/example_dags/tutorial_objectstorage.py for tasks to queue
[2024-04-25T07:51:00.816+0000] {logging_mixin.py:188} INFO - [2024-04-25T07:51:00.815+0000] {dagbag.py:538} INFO - Filling up the DagBag from /home/airflow/.local/lib/python3.8/site-packages/airflow/example_dags/tutorial_objectstorage.py
[2024-04-25T07:51:00.844+0000] {processor.py:840} INFO - DAG(s) 'tutorial_objectstorage' retrieved from /home/airflow/.local/lib/python3.8/site-packages/airflow/example_dags/tutorial_objectstorage.py
[2024-04-25T07:51:01.170+0000] {logging_mixin.py:188} INFO - [2024-04-25T07:51:01.169+0000] {dag.py:3036} INFO - Sync 1 DAGs
[2024-04-25T07:51:01.207+0000] {logging_mixin.py:188} INFO - [2024-04-25T07:51:01.207+0000] {dag.py:3823} INFO - Setting next_dagrun for tutorial_objectstorage to None, run_after=None
[2024-04-25T07:51:01.276+0000] {processor.py:183} INFO - Processing /home/airflow/.local/lib/python3.8/site-packages/airflow/example_dags/tutorial_objectstorage.py took 0.482 seconds
[2024-04-25T07:51:35.677+0000] {processor.py:161} INFO - Started process (PID=127) to work on /home/airflow/.local/lib/python3.8/site-packages/airflow/example_dags/tutorial_objectstorage.py
[2024-04-25T07:51:35.686+0000] {processor.py:830} INFO - Processing file /home/airflow/.local/lib/python3.8/site-packages/airflow/example_dags/tutorial_objectstorage.py for tasks to queue
[2024-04-25T07:51:35.694+0000] {logging_mixin.py:188} INFO - [2024-04-25T07:51:35.693+0000] {dagbag.py:538} INFO - Filling up the DagBag from /home/airflow/.local/lib/python3.8/site-packages/airflow/example_dags/tutorial_objectstorage.py
[2024-04-25T07:51:35.739+0000] {processor.py:840} INFO - DAG(s) 'tutorial_objectstorage' retrieved from /home/airflow/.local/lib/python3.8/site-packages/airflow/example_dags/tutorial_objectstorage.py
[2024-04-25T07:51:35.921+0000] {logging_mixin.py:188} INFO - [2024-04-25T07:51:35.920+0000] {dag.py:3036} INFO - Sync 1 DAGs
[2024-04-25T07:51:36.083+0000] {logging_mixin.py:188} INFO - [2024-04-25T07:51:36.075+0000] {dag.py:3823} INFO - Setting next_dagrun for tutorial_objectstorage to None, run_after=None
[2024-04-25T07:51:36.288+0000] {processor.py:183} INFO - Processing /home/airflow/.local/lib/python3.8/site-packages/airflow/example_dags/tutorial_objectstorage.py took 0.623 seconds
[2024-04-25T07:52:16.555+0000] {processor.py:161} INFO - Started process (PID=197) to work on /home/airflow/.local/lib/python3.8/site-packages/airflow/example_dags/tutorial_objectstorage.py
[2024-04-25T07:52:16.568+0000] {processor.py:830} INFO - Processing file /home/airflow/.local/lib/python3.8/site-packages/airflow/example_dags/tutorial_objectstorage.py for tasks to queue
[2024-04-25T07:52:16.582+0000] {logging_mixin.py:188} INFO - [2024-04-25T07:52:16.579+0000] {dagbag.py:538} INFO - Filling up the DagBag from /home/airflow/.local/lib/python3.8/site-packages/airflow/example_dags/tutorial_objectstorage.py
[2024-04-25T07:52:16.637+0000] {processor.py:840} INFO - DAG(s) 'tutorial_objectstorage' retrieved from /home/airflow/.local/lib/python3.8/site-packages/airflow/example_dags/tutorial_objectstorage.py
[2024-04-25T07:52:16.869+0000] {logging_mixin.py:188} INFO - [2024-04-25T07:52:16.868+0000] {dag.py:3036} INFO - Sync 1 DAGs
[2024-04-25T07:52:16.939+0000] {logging_mixin.py:188} INFO - [2024-04-25T07:52:16.938+0000] {dag.py:3823} INFO - Setting next_dagrun for tutorial_objectstorage to None, run_after=None
[2024-04-25T07:52:17.038+0000] {processor.py:183} INFO - Processing /home/airflow/.local/lib/python3.8/site-packages/airflow/example_dags/tutorial_objectstorage.py took 0.513 seconds
[2024-04-25T07:52:50.793+0000] {processor.py:161} INFO - Started process (PID=267) to work on /home/airflow/.local/lib/python3.8/site-packages/airflow/example_dags/tutorial_objectstorage.py
[2024-04-25T07:52:50.803+0000] {processor.py:830} INFO - Processing file /home/airflow/.local/lib/python3.8/site-packages/airflow/example_dags/tutorial_objectstorage.py for tasks to queue
[2024-04-25T07:52:50.811+0000] {logging_mixin.py:188} INFO - [2024-04-25T07:52:50.809+0000] {dagbag.py:538} INFO - Filling up the DagBag from /home/airflow/.local/lib/python3.8/site-packages/airflow/example_dags/tutorial_objectstorage.py
[2024-04-25T07:52:50.838+0000] {processor.py:840} INFO - DAG(s) 'tutorial_objectstorage' retrieved from /home/airflow/.local/lib/python3.8/site-packages/airflow/example_dags/tutorial_objectstorage.py
[2024-04-25T07:52:50.950+0000] {logging_mixin.py:188} INFO - [2024-04-25T07:52:50.949+0000] {dag.py:3036} INFO - Sync 1 DAGs
[2024-04-25T07:52:50.983+0000] {logging_mixin.py:188} INFO - [2024-04-25T07:52:50.983+0000] {dag.py:3823} INFO - Setting next_dagrun for tutorial_objectstorage to None, run_after=None
[2024-04-25T07:52:51.054+0000] {processor.py:183} INFO - Processing /home/airflow/.local/lib/python3.8/site-packages/airflow/example_dags/tutorial_objectstorage.py took 0.284 seconds
[2024-04-25T07:53:28.590+0000] {processor.py:161} INFO - Started process (PID=343) to work on /home/airflow/.local/lib/python3.8/site-packages/airflow/example_dags/tutorial_objectstorage.py
[2024-04-25T07:53:28.603+0000] {processor.py:830} INFO - Processing file /home/airflow/.local/lib/python3.8/site-packages/airflow/example_dags/tutorial_objectstorage.py for tasks to queue
[2024-04-25T07:53:28.612+0000] {logging_mixin.py:188} INFO - [2024-04-25T07:53:28.611+0000] {dagbag.py:538} INFO - Filling up the DagBag from /home/airflow/.local/lib/python3.8/site-packages/airflow/example_dags/tutorial_objectstorage.py
[2024-04-25T07:53:28.633+0000] {processor.py:840} INFO - DAG(s) 'tutorial_objectstorage' retrieved from /home/airflow/.local/lib/python3.8/site-packages/airflow/example_dags/tutorial_objectstorage.py
[2024-04-25T07:53:28.691+0000] {logging_mixin.py:188} INFO - [2024-04-25T07:53:28.690+0000] {dag.py:3036} INFO - Sync 1 DAGs
[2024-04-25T07:53:28.722+0000] {logging_mixin.py:188} INFO - [2024-04-25T07:53:28.721+0000] {dag.py:3823} INFO - Setting next_dagrun for tutorial_objectstorage to None, run_after=None
[2024-04-25T07:53:28.770+0000] {processor.py:183} INFO - Processing /home/airflow/.local/lib/python3.8/site-packages/airflow/example_dags/tutorial_objectstorage.py took 0.191 seconds
