[2024-04-25T05:58:45.365+0000] {processor.py:161} INFO - Started process (PID=83) to work on /home/airflow/.local/lib/python3.8/site-packages/airflow/example_dags/tutorial_dag.py
[2024-04-25T05:58:45.390+0000] {processor.py:830} INFO - Processing file /home/airflow/.local/lib/python3.8/site-packages/airflow/example_dags/tutorial_dag.py for tasks to queue
[2024-04-25T05:58:45.422+0000] {logging_mixin.py:188} INFO - [2024-04-25T05:58:45.421+0000] {dagbag.py:538} INFO - Filling up the DagBag from /home/airflow/.local/lib/python3.8/site-packages/airflow/example_dags/tutorial_dag.py
[2024-04-25T05:58:45.635+0000] {processor.py:840} INFO - DAG(s) 'tutorial_dag' retrieved from /home/airflow/.local/lib/python3.8/site-packages/airflow/example_dags/tutorial_dag.py
[2024-04-25T05:58:48.295+0000] {logging_mixin.py:188} INFO - [2024-04-25T05:58:48.294+0000] {dag.py:3036} INFO - Sync 1 DAGs
[2024-04-25T05:58:48.436+0000] {logging_mixin.py:188} INFO - [2024-04-25T05:58:48.434+0000] {dag.py:3823} INFO - Setting next_dagrun for tutorial_dag to None, run_after=None
[2024-04-25T05:58:48.636+0000] {processor.py:183} INFO - Processing /home/airflow/.local/lib/python3.8/site-packages/airflow/example_dags/tutorial_dag.py took 3.315 seconds
[2024-04-25T05:59:29.656+0000] {processor.py:161} INFO - Started process (PID=142) to work on /home/airflow/.local/lib/python3.8/site-packages/airflow/example_dags/tutorial_dag.py
[2024-04-25T05:59:29.664+0000] {processor.py:830} INFO - Processing file /home/airflow/.local/lib/python3.8/site-packages/airflow/example_dags/tutorial_dag.py for tasks to queue
[2024-04-25T05:59:29.675+0000] {logging_mixin.py:188} INFO - [2024-04-25T05:59:29.673+0000] {dagbag.py:538} INFO - Filling up the DagBag from /home/airflow/.local/lib/python3.8/site-packages/airflow/example_dags/tutorial_dag.py
[2024-04-25T05:59:29.704+0000] {processor.py:840} INFO - DAG(s) 'tutorial_dag' retrieved from /home/airflow/.local/lib/python3.8/site-packages/airflow/example_dags/tutorial_dag.py
[2024-04-25T05:59:29.848+0000] {logging_mixin.py:188} INFO - [2024-04-25T05:59:29.847+0000] {dag.py:3036} INFO - Sync 1 DAGs
[2024-04-25T05:59:29.911+0000] {logging_mixin.py:188} INFO - [2024-04-25T05:59:29.910+0000] {dag.py:3823} INFO - Setting next_dagrun for tutorial_dag to None, run_after=None
[2024-04-25T05:59:30.052+0000] {processor.py:183} INFO - Processing /home/airflow/.local/lib/python3.8/site-packages/airflow/example_dags/tutorial_dag.py took 0.423 seconds
[2024-04-25T06:00:23.176+0000] {processor.py:161} INFO - Started process (PID=194) to work on /home/airflow/.local/lib/python3.8/site-packages/airflow/example_dags/tutorial_dag.py
[2024-04-25T06:00:23.184+0000] {processor.py:830} INFO - Processing file /home/airflow/.local/lib/python3.8/site-packages/airflow/example_dags/tutorial_dag.py for tasks to queue
[2024-04-25T06:00:23.193+0000] {logging_mixin.py:188} INFO - [2024-04-25T06:00:23.191+0000] {dagbag.py:538} INFO - Filling up the DagBag from /home/airflow/.local/lib/python3.8/site-packages/airflow/example_dags/tutorial_dag.py
[2024-04-25T06:00:23.215+0000] {processor.py:840} INFO - DAG(s) 'tutorial_dag' retrieved from /home/airflow/.local/lib/python3.8/site-packages/airflow/example_dags/tutorial_dag.py
[2024-04-25T06:00:23.310+0000] {logging_mixin.py:188} INFO - [2024-04-25T06:00:23.309+0000] {dag.py:3036} INFO - Sync 1 DAGs
[2024-04-25T06:00:23.383+0000] {logging_mixin.py:188} INFO - [2024-04-25T06:00:23.381+0000] {dag.py:3823} INFO - Setting next_dagrun for tutorial_dag to None, run_after=None
[2024-04-25T06:00:23.481+0000] {processor.py:183} INFO - Processing /home/airflow/.local/lib/python3.8/site-packages/airflow/example_dags/tutorial_dag.py took 0.319 seconds
[2024-04-25T06:01:04.700+0000] {processor.py:161} INFO - Started process (PID=253) to work on /home/airflow/.local/lib/python3.8/site-packages/airflow/example_dags/tutorial_dag.py
[2024-04-25T06:01:04.706+0000] {processor.py:830} INFO - Processing file /home/airflow/.local/lib/python3.8/site-packages/airflow/example_dags/tutorial_dag.py for tasks to queue
[2024-04-25T06:01:04.715+0000] {logging_mixin.py:188} INFO - [2024-04-25T06:01:04.713+0000] {dagbag.py:538} INFO - Filling up the DagBag from /home/airflow/.local/lib/python3.8/site-packages/airflow/example_dags/tutorial_dag.py
[2024-04-25T06:01:04.740+0000] {processor.py:840} INFO - DAG(s) 'tutorial_dag' retrieved from /home/airflow/.local/lib/python3.8/site-packages/airflow/example_dags/tutorial_dag.py
[2024-04-25T06:01:04.858+0000] {logging_mixin.py:188} INFO - [2024-04-25T06:01:04.857+0000] {dag.py:3036} INFO - Sync 1 DAGs
[2024-04-25T06:01:05.072+0000] {logging_mixin.py:188} INFO - [2024-04-25T06:01:05.069+0000] {dag.py:3823} INFO - Setting next_dagrun for tutorial_dag to None, run_after=None
[2024-04-25T06:01:05.223+0000] {processor.py:183} INFO - Processing /home/airflow/.local/lib/python3.8/site-packages/airflow/example_dags/tutorial_dag.py took 0.535 seconds
[2024-04-25T06:01:47.711+0000] {processor.py:161} INFO - Started process (PID=319) to work on /home/airflow/.local/lib/python3.8/site-packages/airflow/example_dags/tutorial_dag.py
[2024-04-25T06:01:47.714+0000] {processor.py:830} INFO - Processing file /home/airflow/.local/lib/python3.8/site-packages/airflow/example_dags/tutorial_dag.py for tasks to queue
[2024-04-25T06:01:47.719+0000] {logging_mixin.py:188} INFO - [2024-04-25T06:01:47.719+0000] {dagbag.py:538} INFO - Filling up the DagBag from /home/airflow/.local/lib/python3.8/site-packages/airflow/example_dags/tutorial_dag.py
[2024-04-25T06:01:47.737+0000] {processor.py:840} INFO - DAG(s) 'tutorial_dag' retrieved from /home/airflow/.local/lib/python3.8/site-packages/airflow/example_dags/tutorial_dag.py
[2024-04-25T06:01:47.808+0000] {logging_mixin.py:188} INFO - [2024-04-25T06:01:47.807+0000] {dag.py:3036} INFO - Sync 1 DAGs
[2024-04-25T06:01:47.877+0000] {logging_mixin.py:188} INFO - [2024-04-25T06:01:47.876+0000] {dag.py:3823} INFO - Setting next_dagrun for tutorial_dag to None, run_after=None
[2024-04-25T06:01:48.133+0000] {processor.py:183} INFO - Processing /home/airflow/.local/lib/python3.8/site-packages/airflow/example_dags/tutorial_dag.py took 0.431 seconds
[2024-04-25T06:02:20.565+0000] {processor.py:161} INFO - Started process (PID=378) to work on /home/airflow/.local/lib/python3.8/site-packages/airflow/example_dags/tutorial_dag.py
[2024-04-25T06:02:20.572+0000] {processor.py:830} INFO - Processing file /home/airflow/.local/lib/python3.8/site-packages/airflow/example_dags/tutorial_dag.py for tasks to queue
[2024-04-25T06:02:20.583+0000] {logging_mixin.py:188} INFO - [2024-04-25T06:02:20.581+0000] {dagbag.py:538} INFO - Filling up the DagBag from /home/airflow/.local/lib/python3.8/site-packages/airflow/example_dags/tutorial_dag.py
[2024-04-25T06:02:20.608+0000] {processor.py:840} INFO - DAG(s) 'tutorial_dag' retrieved from /home/airflow/.local/lib/python3.8/site-packages/airflow/example_dags/tutorial_dag.py
[2024-04-25T06:02:20.715+0000] {logging_mixin.py:188} INFO - [2024-04-25T06:02:20.714+0000] {dag.py:3036} INFO - Sync 1 DAGs
[2024-04-25T06:02:20.766+0000] {logging_mixin.py:188} INFO - [2024-04-25T06:02:20.765+0000] {dag.py:3823} INFO - Setting next_dagrun for tutorial_dag to None, run_after=None
[2024-04-25T06:02:20.864+0000] {processor.py:183} INFO - Processing /home/airflow/.local/lib/python3.8/site-packages/airflow/example_dags/tutorial_dag.py took 0.313 seconds
[2024-04-25T06:02:56.739+0000] {processor.py:161} INFO - Started process (PID=437) to work on /home/airflow/.local/lib/python3.8/site-packages/airflow/example_dags/tutorial_dag.py
[2024-04-25T06:02:56.743+0000] {processor.py:830} INFO - Processing file /home/airflow/.local/lib/python3.8/site-packages/airflow/example_dags/tutorial_dag.py for tasks to queue
[2024-04-25T06:02:56.751+0000] {logging_mixin.py:188} INFO - [2024-04-25T06:02:56.750+0000] {dagbag.py:538} INFO - Filling up the DagBag from /home/airflow/.local/lib/python3.8/site-packages/airflow/example_dags/tutorial_dag.py
[2024-04-25T06:02:57.236+0000] {processor.py:840} INFO - DAG(s) 'tutorial_dag' retrieved from /home/airflow/.local/lib/python3.8/site-packages/airflow/example_dags/tutorial_dag.py
[2024-04-25T06:02:57.396+0000] {logging_mixin.py:188} INFO - [2024-04-25T06:02:57.395+0000] {dag.py:3036} INFO - Sync 1 DAGs
[2024-04-25T06:02:57.456+0000] {logging_mixin.py:188} INFO - [2024-04-25T06:02:57.455+0000] {dag.py:3823} INFO - Setting next_dagrun for tutorial_dag to None, run_after=None
[2024-04-25T06:02:57.551+0000] {processor.py:183} INFO - Processing /home/airflow/.local/lib/python3.8/site-packages/airflow/example_dags/tutorial_dag.py took 0.825 seconds
[2024-04-25T06:03:28.541+0000] {processor.py:161} INFO - Started process (PID=496) to work on /home/airflow/.local/lib/python3.8/site-packages/airflow/example_dags/tutorial_dag.py
[2024-04-25T06:03:28.547+0000] {processor.py:830} INFO - Processing file /home/airflow/.local/lib/python3.8/site-packages/airflow/example_dags/tutorial_dag.py for tasks to queue
[2024-04-25T06:03:28.560+0000] {logging_mixin.py:188} INFO - [2024-04-25T06:03:28.559+0000] {dagbag.py:538} INFO - Filling up the DagBag from /home/airflow/.local/lib/python3.8/site-packages/airflow/example_dags/tutorial_dag.py
[2024-04-25T06:03:28.583+0000] {processor.py:840} INFO - DAG(s) 'tutorial_dag' retrieved from /home/airflow/.local/lib/python3.8/site-packages/airflow/example_dags/tutorial_dag.py
[2024-04-25T06:03:28.694+0000] {logging_mixin.py:188} INFO - [2024-04-25T06:03:28.693+0000] {dag.py:3036} INFO - Sync 1 DAGs
[2024-04-25T06:03:28.816+0000] {logging_mixin.py:188} INFO - [2024-04-25T06:03:28.814+0000] {dag.py:3823} INFO - Setting next_dagrun for tutorial_dag to None, run_after=None
[2024-04-25T06:03:28.925+0000] {processor.py:183} INFO - Processing /home/airflow/.local/lib/python3.8/site-packages/airflow/example_dags/tutorial_dag.py took 0.405 seconds
[2024-04-25T06:03:59.383+0000] {processor.py:161} INFO - Started process (PID=555) to work on /home/airflow/.local/lib/python3.8/site-packages/airflow/example_dags/tutorial_dag.py
[2024-04-25T06:03:59.384+0000] {processor.py:830} INFO - Processing file /home/airflow/.local/lib/python3.8/site-packages/airflow/example_dags/tutorial_dag.py for tasks to queue
[2024-04-25T06:03:59.388+0000] {logging_mixin.py:188} INFO - [2024-04-25T06:03:59.387+0000] {dagbag.py:538} INFO - Filling up the DagBag from /home/airflow/.local/lib/python3.8/site-packages/airflow/example_dags/tutorial_dag.py
[2024-04-25T06:03:59.398+0000] {processor.py:840} INFO - DAG(s) 'tutorial_dag' retrieved from /home/airflow/.local/lib/python3.8/site-packages/airflow/example_dags/tutorial_dag.py
[2024-04-25T06:03:59.461+0000] {logging_mixin.py:188} INFO - [2024-04-25T06:03:59.460+0000] {dag.py:3036} INFO - Sync 1 DAGs
[2024-04-25T06:03:59.528+0000] {logging_mixin.py:188} INFO - [2024-04-25T06:03:59.527+0000] {dag.py:3823} INFO - Setting next_dagrun for tutorial_dag to None, run_after=None
[2024-04-25T06:03:59.586+0000] {processor.py:183} INFO - Processing /home/airflow/.local/lib/python3.8/site-packages/airflow/example_dags/tutorial_dag.py took 0.208 seconds
[2024-04-25T06:04:30.042+0000] {processor.py:161} INFO - Started process (PID=614) to work on /home/airflow/.local/lib/python3.8/site-packages/airflow/example_dags/tutorial_dag.py
[2024-04-25T06:04:30.043+0000] {processor.py:830} INFO - Processing file /home/airflow/.local/lib/python3.8/site-packages/airflow/example_dags/tutorial_dag.py for tasks to queue
[2024-04-25T06:04:30.046+0000] {logging_mixin.py:188} INFO - [2024-04-25T06:04:30.045+0000] {dagbag.py:538} INFO - Filling up the DagBag from /home/airflow/.local/lib/python3.8/site-packages/airflow/example_dags/tutorial_dag.py
[2024-04-25T06:04:30.053+0000] {processor.py:840} INFO - DAG(s) 'tutorial_dag' retrieved from /home/airflow/.local/lib/python3.8/site-packages/airflow/example_dags/tutorial_dag.py
[2024-04-25T06:04:30.076+0000] {logging_mixin.py:188} INFO - [2024-04-25T06:04:30.076+0000] {dag.py:3036} INFO - Sync 1 DAGs
[2024-04-25T06:04:30.091+0000] {logging_mixin.py:188} INFO - [2024-04-25T06:04:30.091+0000] {dag.py:3823} INFO - Setting next_dagrun for tutorial_dag to None, run_after=None
[2024-04-25T06:04:30.119+0000] {processor.py:183} INFO - Processing /home/airflow/.local/lib/python3.8/site-packages/airflow/example_dags/tutorial_dag.py took 0.081 seconds
[2024-04-25T06:05:00.902+0000] {processor.py:161} INFO - Started process (PID=673) to work on /home/airflow/.local/lib/python3.8/site-packages/airflow/example_dags/tutorial_dag.py
[2024-04-25T06:05:00.904+0000] {processor.py:830} INFO - Processing file /home/airflow/.local/lib/python3.8/site-packages/airflow/example_dags/tutorial_dag.py for tasks to queue
[2024-04-25T06:05:00.908+0000] {logging_mixin.py:188} INFO - [2024-04-25T06:05:00.907+0000] {dagbag.py:538} INFO - Filling up the DagBag from /home/airflow/.local/lib/python3.8/site-packages/airflow/example_dags/tutorial_dag.py
[2024-04-25T06:05:00.918+0000] {processor.py:840} INFO - DAG(s) 'tutorial_dag' retrieved from /home/airflow/.local/lib/python3.8/site-packages/airflow/example_dags/tutorial_dag.py
[2024-04-25T06:05:00.948+0000] {logging_mixin.py:188} INFO - [2024-04-25T06:05:00.948+0000] {dag.py:3036} INFO - Sync 1 DAGs
[2024-04-25T06:05:00.963+0000] {logging_mixin.py:188} INFO - [2024-04-25T06:05:00.962+0000] {dag.py:3823} INFO - Setting next_dagrun for tutorial_dag to None, run_after=None
[2024-04-25T06:05:00.988+0000] {processor.py:183} INFO - Processing /home/airflow/.local/lib/python3.8/site-packages/airflow/example_dags/tutorial_dag.py took 0.093 seconds
[2024-04-25T06:05:33.052+0000] {processor.py:161} INFO - Started process (PID=732) to work on /home/airflow/.local/lib/python3.8/site-packages/airflow/example_dags/tutorial_dag.py
[2024-04-25T06:05:33.056+0000] {processor.py:830} INFO - Processing file /home/airflow/.local/lib/python3.8/site-packages/airflow/example_dags/tutorial_dag.py for tasks to queue
[2024-04-25T06:05:33.071+0000] {logging_mixin.py:188} INFO - [2024-04-25T06:05:33.064+0000] {dagbag.py:538} INFO - Filling up the DagBag from /home/airflow/.local/lib/python3.8/site-packages/airflow/example_dags/tutorial_dag.py
[2024-04-25T06:05:33.085+0000] {processor.py:840} INFO - DAG(s) 'tutorial_dag' retrieved from /home/airflow/.local/lib/python3.8/site-packages/airflow/example_dags/tutorial_dag.py
[2024-04-25T06:05:33.139+0000] {logging_mixin.py:188} INFO - [2024-04-25T06:05:33.139+0000] {dag.py:3036} INFO - Sync 1 DAGs
[2024-04-25T06:05:33.180+0000] {logging_mixin.py:188} INFO - [2024-04-25T06:05:33.180+0000] {dag.py:3823} INFO - Setting next_dagrun for tutorial_dag to None, run_after=None
[2024-04-25T06:05:33.230+0000] {processor.py:183} INFO - Processing /home/airflow/.local/lib/python3.8/site-packages/airflow/example_dags/tutorial_dag.py took 0.189 seconds
[2024-04-25T06:06:03.412+0000] {processor.py:161} INFO - Started process (PID=791) to work on /home/airflow/.local/lib/python3.8/site-packages/airflow/example_dags/tutorial_dag.py
[2024-04-25T06:06:03.415+0000] {processor.py:830} INFO - Processing file /home/airflow/.local/lib/python3.8/site-packages/airflow/example_dags/tutorial_dag.py for tasks to queue
[2024-04-25T06:06:03.421+0000] {logging_mixin.py:188} INFO - [2024-04-25T06:06:03.420+0000] {dagbag.py:538} INFO - Filling up the DagBag from /home/airflow/.local/lib/python3.8/site-packages/airflow/example_dags/tutorial_dag.py
[2024-04-25T06:06:03.438+0000] {processor.py:840} INFO - DAG(s) 'tutorial_dag' retrieved from /home/airflow/.local/lib/python3.8/site-packages/airflow/example_dags/tutorial_dag.py
[2024-04-25T06:06:03.502+0000] {logging_mixin.py:188} INFO - [2024-04-25T06:06:03.502+0000] {dag.py:3036} INFO - Sync 1 DAGs
[2024-04-25T06:06:03.549+0000] {logging_mixin.py:188} INFO - [2024-04-25T06:06:03.549+0000] {dag.py:3823} INFO - Setting next_dagrun for tutorial_dag to None, run_after=None
[2024-04-25T06:06:03.615+0000] {processor.py:183} INFO - Processing /home/airflow/.local/lib/python3.8/site-packages/airflow/example_dags/tutorial_dag.py took 0.215 seconds
[2024-04-25T06:06:33.810+0000] {processor.py:161} INFO - Started process (PID=850) to work on /home/airflow/.local/lib/python3.8/site-packages/airflow/example_dags/tutorial_dag.py
[2024-04-25T06:06:33.813+0000] {processor.py:830} INFO - Processing file /home/airflow/.local/lib/python3.8/site-packages/airflow/example_dags/tutorial_dag.py for tasks to queue
[2024-04-25T06:06:33.817+0000] {logging_mixin.py:188} INFO - [2024-04-25T06:06:33.817+0000] {dagbag.py:538} INFO - Filling up the DagBag from /home/airflow/.local/lib/python3.8/site-packages/airflow/example_dags/tutorial_dag.py
[2024-04-25T06:06:33.829+0000] {processor.py:840} INFO - DAG(s) 'tutorial_dag' retrieved from /home/airflow/.local/lib/python3.8/site-packages/airflow/example_dags/tutorial_dag.py
[2024-04-25T06:06:33.877+0000] {logging_mixin.py:188} INFO - [2024-04-25T06:06:33.877+0000] {dag.py:3036} INFO - Sync 1 DAGs
[2024-04-25T06:06:33.902+0000] {logging_mixin.py:188} INFO - [2024-04-25T06:06:33.901+0000] {dag.py:3823} INFO - Setting next_dagrun for tutorial_dag to None, run_after=None
[2024-04-25T06:06:33.951+0000] {processor.py:183} INFO - Processing /home/airflow/.local/lib/python3.8/site-packages/airflow/example_dags/tutorial_dag.py took 0.150 seconds
[2024-04-25T06:07:05.385+0000] {processor.py:161} INFO - Started process (PID=909) to work on /home/airflow/.local/lib/python3.8/site-packages/airflow/example_dags/tutorial_dag.py
[2024-04-25T06:07:05.391+0000] {processor.py:830} INFO - Processing file /home/airflow/.local/lib/python3.8/site-packages/airflow/example_dags/tutorial_dag.py for tasks to queue
[2024-04-25T06:07:05.403+0000] {logging_mixin.py:188} INFO - [2024-04-25T06:07:05.401+0000] {dagbag.py:538} INFO - Filling up the DagBag from /home/airflow/.local/lib/python3.8/site-packages/airflow/example_dags/tutorial_dag.py
[2024-04-25T06:07:05.433+0000] {processor.py:840} INFO - DAG(s) 'tutorial_dag' retrieved from /home/airflow/.local/lib/python3.8/site-packages/airflow/example_dags/tutorial_dag.py
[2024-04-25T06:07:05.801+0000] {logging_mixin.py:188} INFO - [2024-04-25T06:07:05.799+0000] {dag.py:3036} INFO - Sync 1 DAGs
[2024-04-25T06:07:06.014+0000] {logging_mixin.py:188} INFO - [2024-04-25T06:07:06.013+0000] {dag.py:3823} INFO - Setting next_dagrun for tutorial_dag to None, run_after=None
[2024-04-25T06:07:06.139+0000] {processor.py:183} INFO - Processing /home/airflow/.local/lib/python3.8/site-packages/airflow/example_dags/tutorial_dag.py took 0.778 seconds
[2024-04-25T06:07:36.357+0000] {processor.py:161} INFO - Started process (PID=968) to work on /home/airflow/.local/lib/python3.8/site-packages/airflow/example_dags/tutorial_dag.py
[2024-04-25T06:07:36.363+0000] {processor.py:830} INFO - Processing file /home/airflow/.local/lib/python3.8/site-packages/airflow/example_dags/tutorial_dag.py for tasks to queue
[2024-04-25T06:07:36.371+0000] {logging_mixin.py:188} INFO - [2024-04-25T06:07:36.370+0000] {dagbag.py:538} INFO - Filling up the DagBag from /home/airflow/.local/lib/python3.8/site-packages/airflow/example_dags/tutorial_dag.py
[2024-04-25T06:07:36.385+0000] {processor.py:840} INFO - DAG(s) 'tutorial_dag' retrieved from /home/airflow/.local/lib/python3.8/site-packages/airflow/example_dags/tutorial_dag.py
[2024-04-25T06:07:36.449+0000] {logging_mixin.py:188} INFO - [2024-04-25T06:07:36.448+0000] {dag.py:3036} INFO - Sync 1 DAGs
[2024-04-25T06:07:36.488+0000] {logging_mixin.py:188} INFO - [2024-04-25T06:07:36.488+0000] {dag.py:3823} INFO - Setting next_dagrun for tutorial_dag to None, run_after=None
[2024-04-25T06:07:36.539+0000] {processor.py:183} INFO - Processing /home/airflow/.local/lib/python3.8/site-packages/airflow/example_dags/tutorial_dag.py took 0.196 seconds
[2024-04-25T06:08:07.689+0000] {processor.py:161} INFO - Started process (PID=1027) to work on /home/airflow/.local/lib/python3.8/site-packages/airflow/example_dags/tutorial_dag.py
[2024-04-25T06:08:07.693+0000] {processor.py:830} INFO - Processing file /home/airflow/.local/lib/python3.8/site-packages/airflow/example_dags/tutorial_dag.py for tasks to queue
[2024-04-25T06:08:07.700+0000] {logging_mixin.py:188} INFO - [2024-04-25T06:08:07.699+0000] {dagbag.py:538} INFO - Filling up the DagBag from /home/airflow/.local/lib/python3.8/site-packages/airflow/example_dags/tutorial_dag.py
[2024-04-25T06:08:07.721+0000] {processor.py:840} INFO - DAG(s) 'tutorial_dag' retrieved from /home/airflow/.local/lib/python3.8/site-packages/airflow/example_dags/tutorial_dag.py
[2024-04-25T06:08:07.789+0000] {logging_mixin.py:188} INFO - [2024-04-25T06:08:07.788+0000] {dag.py:3036} INFO - Sync 1 DAGs
[2024-04-25T06:08:07.829+0000] {logging_mixin.py:188} INFO - [2024-04-25T06:08:07.828+0000] {dag.py:3823} INFO - Setting next_dagrun for tutorial_dag to None, run_after=None
[2024-04-25T06:08:07.883+0000] {processor.py:183} INFO - Processing /home/airflow/.local/lib/python3.8/site-packages/airflow/example_dags/tutorial_dag.py took 0.213 seconds
[2024-04-25T06:08:38.596+0000] {processor.py:161} INFO - Started process (PID=1086) to work on /home/airflow/.local/lib/python3.8/site-packages/airflow/example_dags/tutorial_dag.py
[2024-04-25T06:08:38.598+0000] {processor.py:830} INFO - Processing file /home/airflow/.local/lib/python3.8/site-packages/airflow/example_dags/tutorial_dag.py for tasks to queue
[2024-04-25T06:08:38.602+0000] {logging_mixin.py:188} INFO - [2024-04-25T06:08:38.602+0000] {dagbag.py:538} INFO - Filling up the DagBag from /home/airflow/.local/lib/python3.8/site-packages/airflow/example_dags/tutorial_dag.py
[2024-04-25T06:08:38.614+0000] {processor.py:840} INFO - DAG(s) 'tutorial_dag' retrieved from /home/airflow/.local/lib/python3.8/site-packages/airflow/example_dags/tutorial_dag.py
[2024-04-25T06:08:38.674+0000] {logging_mixin.py:188} INFO - [2024-04-25T06:08:38.673+0000] {dag.py:3036} INFO - Sync 1 DAGs
[2024-04-25T06:08:38.710+0000] {logging_mixin.py:188} INFO - [2024-04-25T06:08:38.709+0000] {dag.py:3823} INFO - Setting next_dagrun for tutorial_dag to None, run_after=None
[2024-04-25T06:08:38.772+0000] {processor.py:183} INFO - Processing /home/airflow/.local/lib/python3.8/site-packages/airflow/example_dags/tutorial_dag.py took 0.182 seconds
[2024-04-25T06:09:09.678+0000] {processor.py:161} INFO - Started process (PID=1145) to work on /home/airflow/.local/lib/python3.8/site-packages/airflow/example_dags/tutorial_dag.py
[2024-04-25T06:09:09.681+0000] {processor.py:830} INFO - Processing file /home/airflow/.local/lib/python3.8/site-packages/airflow/example_dags/tutorial_dag.py for tasks to queue
[2024-04-25T06:09:09.686+0000] {logging_mixin.py:188} INFO - [2024-04-25T06:09:09.685+0000] {dagbag.py:538} INFO - Filling up the DagBag from /home/airflow/.local/lib/python3.8/site-packages/airflow/example_dags/tutorial_dag.py
[2024-04-25T06:09:09.700+0000] {processor.py:840} INFO - DAG(s) 'tutorial_dag' retrieved from /home/airflow/.local/lib/python3.8/site-packages/airflow/example_dags/tutorial_dag.py
[2024-04-25T06:09:09.751+0000] {logging_mixin.py:188} INFO - [2024-04-25T06:09:09.750+0000] {dag.py:3036} INFO - Sync 1 DAGs
[2024-04-25T06:09:09.785+0000] {logging_mixin.py:188} INFO - [2024-04-25T06:09:09.784+0000] {dag.py:3823} INFO - Setting next_dagrun for tutorial_dag to None, run_after=None
[2024-04-25T06:09:09.838+0000] {processor.py:183} INFO - Processing /home/airflow/.local/lib/python3.8/site-packages/airflow/example_dags/tutorial_dag.py took 0.167 seconds
[2024-04-25T06:09:41.270+0000] {processor.py:161} INFO - Started process (PID=1204) to work on /home/airflow/.local/lib/python3.8/site-packages/airflow/example_dags/tutorial_dag.py
[2024-04-25T06:09:41.274+0000] {processor.py:830} INFO - Processing file /home/airflow/.local/lib/python3.8/site-packages/airflow/example_dags/tutorial_dag.py for tasks to queue
[2024-04-25T06:09:41.294+0000] {logging_mixin.py:188} INFO - [2024-04-25T06:09:41.293+0000] {dagbag.py:538} INFO - Filling up the DagBag from /home/airflow/.local/lib/python3.8/site-packages/airflow/example_dags/tutorial_dag.py
[2024-04-25T06:09:41.314+0000] {processor.py:840} INFO - DAG(s) 'tutorial_dag' retrieved from /home/airflow/.local/lib/python3.8/site-packages/airflow/example_dags/tutorial_dag.py
[2024-04-25T06:09:41.383+0000] {logging_mixin.py:188} INFO - [2024-04-25T06:09:41.382+0000] {dag.py:3036} INFO - Sync 1 DAGs
[2024-04-25T06:09:41.440+0000] {logging_mixin.py:188} INFO - [2024-04-25T06:09:41.439+0000] {dag.py:3823} INFO - Setting next_dagrun for tutorial_dag to None, run_after=None
[2024-04-25T06:09:41.533+0000] {processor.py:183} INFO - Processing /home/airflow/.local/lib/python3.8/site-packages/airflow/example_dags/tutorial_dag.py took 0.273 seconds
[2024-04-25T06:10:12.025+0000] {processor.py:161} INFO - Started process (PID=1266) to work on /home/airflow/.local/lib/python3.8/site-packages/airflow/example_dags/tutorial_dag.py
[2024-04-25T06:10:12.031+0000] {processor.py:830} INFO - Processing file /home/airflow/.local/lib/python3.8/site-packages/airflow/example_dags/tutorial_dag.py for tasks to queue
[2024-04-25T06:10:12.043+0000] {logging_mixin.py:188} INFO - [2024-04-25T06:10:12.042+0000] {dagbag.py:538} INFO - Filling up the DagBag from /home/airflow/.local/lib/python3.8/site-packages/airflow/example_dags/tutorial_dag.py
[2024-04-25T06:10:12.071+0000] {processor.py:840} INFO - DAG(s) 'tutorial_dag' retrieved from /home/airflow/.local/lib/python3.8/site-packages/airflow/example_dags/tutorial_dag.py
[2024-04-25T06:10:12.171+0000] {logging_mixin.py:188} INFO - [2024-04-25T06:10:12.170+0000] {dag.py:3036} INFO - Sync 1 DAGs
[2024-04-25T06:10:12.220+0000] {logging_mixin.py:188} INFO - [2024-04-25T06:10:12.220+0000] {dag.py:3823} INFO - Setting next_dagrun for tutorial_dag to None, run_after=None
[2024-04-25T06:10:12.298+0000] {processor.py:183} INFO - Processing /home/airflow/.local/lib/python3.8/site-packages/airflow/example_dags/tutorial_dag.py took 0.294 seconds
[2024-04-25T06:10:42.440+0000] {processor.py:161} INFO - Started process (PID=1324) to work on /home/airflow/.local/lib/python3.8/site-packages/airflow/example_dags/tutorial_dag.py
[2024-04-25T06:10:42.451+0000] {processor.py:830} INFO - Processing file /home/airflow/.local/lib/python3.8/site-packages/airflow/example_dags/tutorial_dag.py for tasks to queue
[2024-04-25T06:10:42.461+0000] {logging_mixin.py:188} INFO - [2024-04-25T06:10:42.460+0000] {dagbag.py:538} INFO - Filling up the DagBag from /home/airflow/.local/lib/python3.8/site-packages/airflow/example_dags/tutorial_dag.py
[2024-04-25T06:10:42.506+0000] {processor.py:840} INFO - DAG(s) 'tutorial_dag' retrieved from /home/airflow/.local/lib/python3.8/site-packages/airflow/example_dags/tutorial_dag.py
[2024-04-25T06:10:42.878+0000] {logging_mixin.py:188} INFO - [2024-04-25T06:10:42.877+0000] {dag.py:3036} INFO - Sync 1 DAGs
[2024-04-25T06:10:43.019+0000] {logging_mixin.py:188} INFO - [2024-04-25T06:10:43.018+0000] {dag.py:3823} INFO - Setting next_dagrun for tutorial_dag to None, run_after=None
[2024-04-25T06:10:43.172+0000] {processor.py:183} INFO - Processing /home/airflow/.local/lib/python3.8/site-packages/airflow/example_dags/tutorial_dag.py took 0.746 seconds
[2024-04-25T06:52:11.051+0000] {processor.py:161} INFO - Started process (PID=96) to work on /home/airflow/.local/lib/python3.8/site-packages/airflow/example_dags/tutorial_dag.py
[2024-04-25T06:52:11.144+0000] {processor.py:830} INFO - Processing file /home/airflow/.local/lib/python3.8/site-packages/airflow/example_dags/tutorial_dag.py for tasks to queue
[2024-04-25T06:52:11.165+0000] {logging_mixin.py:188} INFO - [2024-04-25T06:52:11.163+0000] {dagbag.py:538} INFO - Filling up the DagBag from /home/airflow/.local/lib/python3.8/site-packages/airflow/example_dags/tutorial_dag.py
[2024-04-25T06:52:11.341+0000] {processor.py:840} INFO - DAG(s) 'tutorial_dag' retrieved from /home/airflow/.local/lib/python3.8/site-packages/airflow/example_dags/tutorial_dag.py
[2024-04-25T06:52:13.226+0000] {logging_mixin.py:188} INFO - [2024-04-25T06:52:13.224+0000] {dag.py:3036} INFO - Sync 1 DAGs
[2024-04-25T06:52:13.309+0000] {logging_mixin.py:188} INFO - [2024-04-25T06:52:13.308+0000] {dag.py:3823} INFO - Setting next_dagrun for tutorial_dag to None, run_after=None
[2024-04-25T06:52:13.565+0000] {processor.py:183} INFO - Processing /home/airflow/.local/lib/python3.8/site-packages/airflow/example_dags/tutorial_dag.py took 2.547 seconds
[2024-04-25T06:53:29.691+0000] {processor.py:161} INFO - Started process (PID=172) to work on /home/airflow/.local/lib/python3.8/site-packages/airflow/example_dags/tutorial_dag.py
[2024-04-25T06:53:29.722+0000] {processor.py:830} INFO - Processing file /home/airflow/.local/lib/python3.8/site-packages/airflow/example_dags/tutorial_dag.py for tasks to queue
[2024-04-25T06:53:29.732+0000] {logging_mixin.py:188} INFO - [2024-04-25T06:53:29.731+0000] {dagbag.py:538} INFO - Filling up the DagBag from /home/airflow/.local/lib/python3.8/site-packages/airflow/example_dags/tutorial_dag.py
[2024-04-25T06:53:29.773+0000] {processor.py:840} INFO - DAG(s) 'tutorial_dag' retrieved from /home/airflow/.local/lib/python3.8/site-packages/airflow/example_dags/tutorial_dag.py
[2024-04-25T06:53:29.884+0000] {logging_mixin.py:188} INFO - [2024-04-25T06:53:29.883+0000] {dag.py:3036} INFO - Sync 1 DAGs
[2024-04-25T06:53:30.024+0000] {logging_mixin.py:188} INFO - [2024-04-25T06:53:30.023+0000] {dag.py:3823} INFO - Setting next_dagrun for tutorial_dag to None, run_after=None
[2024-04-25T06:53:30.160+0000] {processor.py:183} INFO - Processing /home/airflow/.local/lib/python3.8/site-packages/airflow/example_dags/tutorial_dag.py took 0.489 seconds
[2024-04-25T06:54:06.052+0000] {processor.py:161} INFO - Started process (PID=242) to work on /home/airflow/.local/lib/python3.8/site-packages/airflow/example_dags/tutorial_dag.py
[2024-04-25T06:54:06.060+0000] {processor.py:830} INFO - Processing file /home/airflow/.local/lib/python3.8/site-packages/airflow/example_dags/tutorial_dag.py for tasks to queue
[2024-04-25T06:54:06.070+0000] {logging_mixin.py:188} INFO - [2024-04-25T06:54:06.069+0000] {dagbag.py:538} INFO - Filling up the DagBag from /home/airflow/.local/lib/python3.8/site-packages/airflow/example_dags/tutorial_dag.py
[2024-04-25T06:54:06.096+0000] {processor.py:840} INFO - DAG(s) 'tutorial_dag' retrieved from /home/airflow/.local/lib/python3.8/site-packages/airflow/example_dags/tutorial_dag.py
[2024-04-25T06:54:06.200+0000] {logging_mixin.py:188} INFO - [2024-04-25T06:54:06.199+0000] {dag.py:3036} INFO - Sync 1 DAGs
[2024-04-25T06:54:07.316+0000] {logging_mixin.py:188} INFO - [2024-04-25T06:54:07.304+0000] {dag.py:3823} INFO - Setting next_dagrun for tutorial_dag to None, run_after=None
[2024-04-25T06:54:08.085+0000] {processor.py:183} INFO - Processing /home/airflow/.local/lib/python3.8/site-packages/airflow/example_dags/tutorial_dag.py took 2.046 seconds
[2024-04-25T06:54:42.583+0000] {processor.py:161} INFO - Started process (PID=318) to work on /home/airflow/.local/lib/python3.8/site-packages/airflow/example_dags/tutorial_dag.py
[2024-04-25T06:54:42.594+0000] {processor.py:830} INFO - Processing file /home/airflow/.local/lib/python3.8/site-packages/airflow/example_dags/tutorial_dag.py for tasks to queue
[2024-04-25T06:54:42.605+0000] {logging_mixin.py:188} INFO - [2024-04-25T06:54:42.604+0000] {dagbag.py:538} INFO - Filling up the DagBag from /home/airflow/.local/lib/python3.8/site-packages/airflow/example_dags/tutorial_dag.py
[2024-04-25T06:54:42.638+0000] {processor.py:840} INFO - DAG(s) 'tutorial_dag' retrieved from /home/airflow/.local/lib/python3.8/site-packages/airflow/example_dags/tutorial_dag.py
[2024-04-25T06:54:42.763+0000] {logging_mixin.py:188} INFO - [2024-04-25T06:54:42.762+0000] {dag.py:3036} INFO - Sync 1 DAGs
[2024-04-25T06:54:42.822+0000] {logging_mixin.py:188} INFO - [2024-04-25T06:54:42.821+0000] {dag.py:3823} INFO - Setting next_dagrun for tutorial_dag to None, run_after=None
[2024-04-25T06:54:42.902+0000] {processor.py:183} INFO - Processing /home/airflow/.local/lib/python3.8/site-packages/airflow/example_dags/tutorial_dag.py took 0.337 seconds
[2024-04-25T06:55:21.206+0000] {processor.py:161} INFO - Started process (PID=387) to work on /home/airflow/.local/lib/python3.8/site-packages/airflow/example_dags/tutorial_dag.py
[2024-04-25T06:55:21.212+0000] {processor.py:830} INFO - Processing file /home/airflow/.local/lib/python3.8/site-packages/airflow/example_dags/tutorial_dag.py for tasks to queue
[2024-04-25T06:55:21.220+0000] {logging_mixin.py:188} INFO - [2024-04-25T06:55:21.218+0000] {dagbag.py:538} INFO - Filling up the DagBag from /home/airflow/.local/lib/python3.8/site-packages/airflow/example_dags/tutorial_dag.py
[2024-04-25T06:55:21.245+0000] {processor.py:840} INFO - DAG(s) 'tutorial_dag' retrieved from /home/airflow/.local/lib/python3.8/site-packages/airflow/example_dags/tutorial_dag.py
[2024-04-25T06:55:21.353+0000] {logging_mixin.py:188} INFO - [2024-04-25T06:55:21.351+0000] {dag.py:3036} INFO - Sync 1 DAGs
[2024-04-25T06:55:21.450+0000] {logging_mixin.py:188} INFO - [2024-04-25T06:55:21.448+0000] {dag.py:3823} INFO - Setting next_dagrun for tutorial_dag to None, run_after=None
[2024-04-25T06:55:21.602+0000] {processor.py:183} INFO - Processing /home/airflow/.local/lib/python3.8/site-packages/airflow/example_dags/tutorial_dag.py took 0.409 seconds
[2024-04-25T06:55:56.246+0000] {processor.py:161} INFO - Started process (PID=457) to work on /home/airflow/.local/lib/python3.8/site-packages/airflow/example_dags/tutorial_dag.py
[2024-04-25T06:55:56.252+0000] {processor.py:830} INFO - Processing file /home/airflow/.local/lib/python3.8/site-packages/airflow/example_dags/tutorial_dag.py for tasks to queue
[2024-04-25T06:55:56.260+0000] {logging_mixin.py:188} INFO - [2024-04-25T06:55:56.259+0000] {dagbag.py:538} INFO - Filling up the DagBag from /home/airflow/.local/lib/python3.8/site-packages/airflow/example_dags/tutorial_dag.py
[2024-04-25T06:55:56.301+0000] {processor.py:840} INFO - DAG(s) 'tutorial_dag' retrieved from /home/airflow/.local/lib/python3.8/site-packages/airflow/example_dags/tutorial_dag.py
[2024-04-25T06:55:56.428+0000] {logging_mixin.py:188} INFO - [2024-04-25T06:55:56.427+0000] {dag.py:3036} INFO - Sync 1 DAGs
[2024-04-25T06:55:56.481+0000] {logging_mixin.py:188} INFO - [2024-04-25T06:55:56.481+0000] {dag.py:3823} INFO - Setting next_dagrun for tutorial_dag to None, run_after=None
[2024-04-25T06:55:56.567+0000] {processor.py:183} INFO - Processing /home/airflow/.local/lib/python3.8/site-packages/airflow/example_dags/tutorial_dag.py took 0.336 seconds
[2024-04-25T06:56:34.056+0000] {processor.py:161} INFO - Started process (PID=527) to work on /home/airflow/.local/lib/python3.8/site-packages/airflow/example_dags/tutorial_dag.py
[2024-04-25T06:56:34.063+0000] {processor.py:830} INFO - Processing file /home/airflow/.local/lib/python3.8/site-packages/airflow/example_dags/tutorial_dag.py for tasks to queue
[2024-04-25T06:56:34.073+0000] {logging_mixin.py:188} INFO - [2024-04-25T06:56:34.072+0000] {dagbag.py:538} INFO - Filling up the DagBag from /home/airflow/.local/lib/python3.8/site-packages/airflow/example_dags/tutorial_dag.py
[2024-04-25T06:56:34.094+0000] {processor.py:840} INFO - DAG(s) 'tutorial_dag' retrieved from /home/airflow/.local/lib/python3.8/site-packages/airflow/example_dags/tutorial_dag.py
[2024-04-25T06:56:34.193+0000] {logging_mixin.py:188} INFO - [2024-04-25T06:56:34.192+0000] {dag.py:3036} INFO - Sync 1 DAGs
[2024-04-25T06:56:34.262+0000] {logging_mixin.py:188} INFO - [2024-04-25T06:56:34.261+0000] {dag.py:3823} INFO - Setting next_dagrun for tutorial_dag to None, run_after=None
[2024-04-25T06:56:34.350+0000] {processor.py:183} INFO - Processing /home/airflow/.local/lib/python3.8/site-packages/airflow/example_dags/tutorial_dag.py took 0.309 seconds
[2024-04-25T06:57:18.206+0000] {processor.py:161} INFO - Started process (PID=605) to work on /home/airflow/.local/lib/python3.8/site-packages/airflow/example_dags/tutorial_dag.py
[2024-04-25T06:57:18.275+0000] {processor.py:830} INFO - Processing file /home/airflow/.local/lib/python3.8/site-packages/airflow/example_dags/tutorial_dag.py for tasks to queue
[2024-04-25T06:57:18.294+0000] {logging_mixin.py:188} INFO - [2024-04-25T06:57:18.293+0000] {dagbag.py:538} INFO - Filling up the DagBag from /home/airflow/.local/lib/python3.8/site-packages/airflow/example_dags/tutorial_dag.py
[2024-04-25T06:57:18.347+0000] {processor.py:840} INFO - DAG(s) 'tutorial_dag' retrieved from /home/airflow/.local/lib/python3.8/site-packages/airflow/example_dags/tutorial_dag.py
[2024-04-25T06:57:22.841+0000] {logging_mixin.py:188} INFO - [2024-04-25T06:57:22.752+0000] {dag.py:3036} INFO - Sync 1 DAGs
[2024-04-25T06:57:30.868+0000] {logging_mixin.py:188} INFO - [2024-04-25T06:57:30.857+0000] {dag.py:3823} INFO - Setting next_dagrun for tutorial_dag to None, run_after=None
[2024-04-25T06:57:32.581+0000] {processor.py:183} INFO - Processing /home/airflow/.local/lib/python3.8/site-packages/airflow/example_dags/tutorial_dag.py took 14.374 seconds
[2024-04-25T07:03:19.951+0000] {processor.py:161} INFO - Started process (PID=734) to work on /home/airflow/.local/lib/python3.8/site-packages/airflow/example_dags/tutorial_dag.py
[2024-04-25T07:03:20.232+0000] {processor.py:830} INFO - Processing file /home/airflow/.local/lib/python3.8/site-packages/airflow/example_dags/tutorial_dag.py for tasks to queue
[2024-04-25T07:03:20.306+0000] {logging_mixin.py:188} INFO - [2024-04-25T07:03:20.304+0000] {dagbag.py:538} INFO - Filling up the DagBag from /home/airflow/.local/lib/python3.8/site-packages/airflow/example_dags/tutorial_dag.py
[2024-04-25T07:03:21.352+0000] {processor.py:840} INFO - DAG(s) 'tutorial_dag' retrieved from /home/airflow/.local/lib/python3.8/site-packages/airflow/example_dags/tutorial_dag.py
[2024-04-25T07:03:22.675+0000] {logging_mixin.py:188} INFO - [2024-04-25T07:03:22.667+0000] {dag.py:3036} INFO - Sync 1 DAGs
[2024-04-25T07:03:24.711+0000] {logging_mixin.py:188} INFO - [2024-04-25T07:03:24.705+0000] {dag.py:3823} INFO - Setting next_dagrun for tutorial_dag to None, run_after=None
[2024-04-25T07:03:27.125+0000] {processor.py:183} INFO - Processing /home/airflow/.local/lib/python3.8/site-packages/airflow/example_dags/tutorial_dag.py took 7.603 seconds
[2024-04-25T07:51:02.841+0000] {processor.py:161} INFO - Started process (PID=61) to work on /home/airflow/.local/lib/python3.8/site-packages/airflow/example_dags/tutorial_dag.py
[2024-04-25T07:51:02.847+0000] {processor.py:830} INFO - Processing file /home/airflow/.local/lib/python3.8/site-packages/airflow/example_dags/tutorial_dag.py for tasks to queue
[2024-04-25T07:51:02.856+0000] {logging_mixin.py:188} INFO - [2024-04-25T07:51:02.855+0000] {dagbag.py:538} INFO - Filling up the DagBag from /home/airflow/.local/lib/python3.8/site-packages/airflow/example_dags/tutorial_dag.py
[2024-04-25T07:51:02.894+0000] {processor.py:840} INFO - DAG(s) 'tutorial_dag' retrieved from /home/airflow/.local/lib/python3.8/site-packages/airflow/example_dags/tutorial_dag.py
[2024-04-25T07:51:03.349+0000] {logging_mixin.py:188} INFO - [2024-04-25T07:51:03.348+0000] {dag.py:3036} INFO - Sync 1 DAGs
[2024-04-25T07:51:03.394+0000] {logging_mixin.py:188} INFO - [2024-04-25T07:51:03.393+0000] {dag.py:3823} INFO - Setting next_dagrun for tutorial_dag to None, run_after=None
[2024-04-25T07:51:03.477+0000] {processor.py:183} INFO - Processing /home/airflow/.local/lib/python3.8/site-packages/airflow/example_dags/tutorial_dag.py took 0.653 seconds
[2024-04-25T07:51:37.671+0000] {processor.py:161} INFO - Started process (PID=131) to work on /home/airflow/.local/lib/python3.8/site-packages/airflow/example_dags/tutorial_dag.py
[2024-04-25T07:51:37.684+0000] {processor.py:830} INFO - Processing file /home/airflow/.local/lib/python3.8/site-packages/airflow/example_dags/tutorial_dag.py for tasks to queue
[2024-04-25T07:51:37.695+0000] {logging_mixin.py:188} INFO - [2024-04-25T07:51:37.693+0000] {dagbag.py:538} INFO - Filling up the DagBag from /home/airflow/.local/lib/python3.8/site-packages/airflow/example_dags/tutorial_dag.py
[2024-04-25T07:51:37.725+0000] {processor.py:840} INFO - DAG(s) 'tutorial_dag' retrieved from /home/airflow/.local/lib/python3.8/site-packages/airflow/example_dags/tutorial_dag.py
[2024-04-25T07:51:37.855+0000] {logging_mixin.py:188} INFO - [2024-04-25T07:51:37.854+0000] {dag.py:3036} INFO - Sync 1 DAGs
[2024-04-25T07:51:37.951+0000] {logging_mixin.py:188} INFO - [2024-04-25T07:51:37.949+0000] {dag.py:3823} INFO - Setting next_dagrun for tutorial_dag to None, run_after=None
[2024-04-25T07:51:38.082+0000] {processor.py:183} INFO - Processing /home/airflow/.local/lib/python3.8/site-packages/airflow/example_dags/tutorial_dag.py took 0.453 seconds
[2024-04-25T07:52:17.877+0000] {processor.py:161} INFO - Started process (PID=201) to work on /home/airflow/.local/lib/python3.8/site-packages/airflow/example_dags/tutorial_dag.py
[2024-04-25T07:52:17.890+0000] {processor.py:830} INFO - Processing file /home/airflow/.local/lib/python3.8/site-packages/airflow/example_dags/tutorial_dag.py for tasks to queue
[2024-04-25T07:52:17.927+0000] {logging_mixin.py:188} INFO - [2024-04-25T07:52:17.901+0000] {dagbag.py:538} INFO - Filling up the DagBag from /home/airflow/.local/lib/python3.8/site-packages/airflow/example_dags/tutorial_dag.py
[2024-04-25T07:52:17.989+0000] {processor.py:840} INFO - DAG(s) 'tutorial_dag' retrieved from /home/airflow/.local/lib/python3.8/site-packages/airflow/example_dags/tutorial_dag.py
[2024-04-25T07:52:18.114+0000] {logging_mixin.py:188} INFO - [2024-04-25T07:52:18.113+0000] {dag.py:3036} INFO - Sync 1 DAGs
[2024-04-25T07:52:18.187+0000] {logging_mixin.py:188} INFO - [2024-04-25T07:52:18.186+0000] {dag.py:3823} INFO - Setting next_dagrun for tutorial_dag to None, run_after=None
[2024-04-25T07:52:18.329+0000] {processor.py:183} INFO - Processing /home/airflow/.local/lib/python3.8/site-packages/airflow/example_dags/tutorial_dag.py took 0.486 seconds
[2024-04-25T07:52:51.456+0000] {processor.py:161} INFO - Started process (PID=271) to work on /home/airflow/.local/lib/python3.8/site-packages/airflow/example_dags/tutorial_dag.py
[2024-04-25T07:52:51.462+0000] {processor.py:830} INFO - Processing file /home/airflow/.local/lib/python3.8/site-packages/airflow/example_dags/tutorial_dag.py for tasks to queue
[2024-04-25T07:52:51.470+0000] {logging_mixin.py:188} INFO - [2024-04-25T07:52:51.469+0000] {dagbag.py:538} INFO - Filling up the DagBag from /home/airflow/.local/lib/python3.8/site-packages/airflow/example_dags/tutorial_dag.py
[2024-04-25T07:52:51.490+0000] {processor.py:840} INFO - DAG(s) 'tutorial_dag' retrieved from /home/airflow/.local/lib/python3.8/site-packages/airflow/example_dags/tutorial_dag.py
[2024-04-25T07:52:51.580+0000] {logging_mixin.py:188} INFO - [2024-04-25T07:52:51.580+0000] {dag.py:3036} INFO - Sync 1 DAGs
[2024-04-25T07:52:51.621+0000] {logging_mixin.py:188} INFO - [2024-04-25T07:52:51.621+0000] {dag.py:3823} INFO - Setting next_dagrun for tutorial_dag to None, run_after=None
[2024-04-25T07:52:51.686+0000] {processor.py:183} INFO - Processing /home/airflow/.local/lib/python3.8/site-packages/airflow/example_dags/tutorial_dag.py took 0.242 seconds
[2024-04-25T07:53:29.161+0000] {processor.py:161} INFO - Started process (PID=347) to work on /home/airflow/.local/lib/python3.8/site-packages/airflow/example_dags/tutorial_dag.py
[2024-04-25T07:53:29.167+0000] {processor.py:830} INFO - Processing file /home/airflow/.local/lib/python3.8/site-packages/airflow/example_dags/tutorial_dag.py for tasks to queue
[2024-04-25T07:53:29.174+0000] {logging_mixin.py:188} INFO - [2024-04-25T07:53:29.173+0000] {dagbag.py:538} INFO - Filling up the DagBag from /home/airflow/.local/lib/python3.8/site-packages/airflow/example_dags/tutorial_dag.py
[2024-04-25T07:53:29.190+0000] {processor.py:840} INFO - DAG(s) 'tutorial_dag' retrieved from /home/airflow/.local/lib/python3.8/site-packages/airflow/example_dags/tutorial_dag.py
[2024-04-25T07:53:29.253+0000] {logging_mixin.py:188} INFO - [2024-04-25T07:53:29.252+0000] {dag.py:3036} INFO - Sync 1 DAGs
[2024-04-25T07:53:29.293+0000] {logging_mixin.py:188} INFO - [2024-04-25T07:53:29.292+0000] {dag.py:3823} INFO - Setting next_dagrun for tutorial_dag to None, run_after=None
[2024-04-25T07:53:29.379+0000] {processor.py:183} INFO - Processing /home/airflow/.local/lib/python3.8/site-packages/airflow/example_dags/tutorial_dag.py took 0.229 seconds
